Log file open, 03/22/17 09:02:41
LogInit:Display: Running engine for game: SuhDude
LogPlatformFile: Not using cached read wrapper
LogInit:Display: RandInit(-1184165892) SRandInit(-1184165892).
LogTaskGraph: Started task graph with 5 named threads and 6 total threads with 1 sets of task threads.
LogStats: Stats thread started at 0.080304
LogPluginManager: Loaded Plugin Paper2D, From C:/Program Files/Epic Games/UE_4.14/Engine/Plugins/2D/Paper2D/Paper2D.uplugin
LogPluginManager: Loaded Plugin LightPropagationVolume, From C:/Program Files/Epic Games/UE_4.14/Engine/Plugins/Blendables/LightPropagationVolume/LightPropagationVolume.uplugin
LogPluginManager: Loaded Plugin BlankPlugin, From C:/Program Files/Epic Games/UE_4.14/Engine/Plugins/Developer/BlankPlugin/BlankPlugin.uplugin
LogPluginManager: Loaded Plugin CodeLiteSourceCodeAccess, From C:/Program Files/Epic Games/UE_4.14/Engine/Plugins/Developer/CodeLiteSourceCodeAccess/CodeLiteSourceCodeAccess.uplugin
LogPluginManager: Loaded Plugin GitSourceControl, From C:/Program Files/Epic Games/UE_4.14/Engine/Plugins/Developer/GitSourceControl/GitSourceControl.uplugin
LogPluginManager: Loaded Plugin KDevelopSourceCodeAccess, From C:/Program Files/Epic Games/UE_4.14/Engine/Plugins/Developer/KDevelopSourceCodeAccess/KDevelopSourceCodeAccess.uplugin
LogPluginManager: Loaded Plugin NullSourceCodeAccess, From C:/Program Files/Epic Games/UE_4.14/Engine/Plugins/Developer/NullSourceCodeAccess/NullSourceCodeAccess.uplugin
LogPluginManager: Loaded Plugin OneSkyLocalizationService, From C:/Program Files/Epic Games/UE_4.14/Engine/Plugins/Developer/OneSkyLocalizationService/OneSkyLocalizationService.uplugin
LogPluginManager: Loaded Plugin PerforceSourceControl, From C:/Program Files/Epic Games/UE_4.14/Engine/Plugins/Developer/PerforceSourceControl/PerforceSourceControl.uplugin
LogPluginManager: Loaded Plugin SubversionSourceControl, From C:/Program Files/Epic Games/UE_4.14/Engine/Plugins/Developer/SubversionSourceControl/SubversionSourceControl.uplugin
LogPluginManager: Loaded Plugin UObjectPlugin, From C:/Program Files/Epic Games/UE_4.14/Engine/Plugins/Developer/UObjectPlugin/UObjectPlugin.uplugin
LogPluginManager: Loaded Plugin VisualStudioSourceCodeAccess, From C:/Program Files/Epic Games/UE_4.14/Engine/Plugins/Developer/VisualStudioSourceCodeAccess/VisualStudioSourceCodeAccess.uplugin
LogPluginManager: Loaded Plugin XCodeSourceCodeAccess, From C:/Program Files/Epic Games/UE_4.14/Engine/Plugins/Developer/XCodeSourceCodeAccess/XCodeSourceCodeAccess.uplugin
LogPluginManager: Loaded Plugin AudioCapture, From C:/Program Files/Epic Games/UE_4.14/Engine/Plugins/Editor/AudioCapture/AudioCapture.uplugin
LogPluginManager: Loaded Plugin EpicSurvey, From C:/Program Files/Epic Games/UE_4.14/Engine/Plugins/Editor/EpicSurvey/EpicSurvey.uplugin
LogPluginManager: Loaded Plugin MacGraphicsSwitching, From C:/Program Files/Epic Games/UE_4.14/Engine/Plugins/Editor/MacGraphicsSwitching/MacGraphicsSwitching.uplugin
LogPluginManager: Loaded Plugin MobileLauncherProfileWizard, From C:/Program Files/Epic Games/UE_4.14/Engine/Plugins/Editor/MobileLauncherProfileWizard/MobileLauncherProfileWizard.uplugin
LogPluginManager: Loaded Plugin PluginBrowser, From C:/Program Files/Epic Games/UE_4.14/Engine/Plugins/Editor/PluginBrowser/PluginBrowser.uplugin
LogPluginManager: Loaded Plugin SpeedTreeImporter, From C:/Program Files/Epic Games/UE_4.14/Engine/Plugins/Editor/SpeedTreeImporter/SpeedTreeImporter.uplugin
LogPluginManager: Loaded Plugin SuperSearchEditor, From C:/Program Files/Epic Games/UE_4.14/Engine/Plugins/Editor/SuperSearchEditor/SuperSearchEditor.uplugin
LogPluginManager: Loaded Plugin AlembicImporter, From C:/Program Files/Epic Games/UE_4.14/Engine/Plugins/Experimental/AlembicImporter/AlembicImporter.uplugin
LogPluginManager: Loaded Plugin BlueprintStats, From C:/Program Files/Epic Games/UE_4.14/Engine/Plugins/Experimental/BlueprintStats/BlueprintStats.uplugin
LogPluginManager: Loaded Plugin CharacterAI, From C:/Program Files/Epic Games/UE_4.14/Engine/Plugins/Experimental/CharacterAI/CharacterAI.uplugin
LogPluginManager: Loaded Plugin CodeEditor, From C:/Program Files/Epic Games/UE_4.14/Engine/Plugins/Experimental/CodeEditor/CodeEditor.uplugin
LogPluginManager: Loaded Plugin CodeView, From C:/Program Files/Epic Games/UE_4.14/Engine/Plugins/Experimental/CodeView/CodeView.uplugin
LogPluginManager: Loaded Plugin HTML5Networking, From C:/Program Files/Epic Games/UE_4.14/Engine/Plugins/Experimental/HTML5Networking/HTML5Networking.uplugin
LogPluginManager: Loaded Plugin OSVR, From C:/Program Files/Epic Games/UE_4.14/Engine/Plugins/Experimental/OSVR/OSVR.uplugin
LogPluginManager: Loaded Plugin Phya, From C:/Program Files/Epic Games/UE_4.14/Engine/Plugins/Experimental/Phya/Phya.uplugin
LogPluginManager: Loaded Plugin SignificanceManager, From C:/Program Files/Epic Games/UE_4.14/Engine/Plugins/Experimental/SignificanceManager/SignificanceManager.uplugin
LogPluginManager: Loaded Plugin SimpleHMD, From C:/Program Files/Epic Games/UE_4.14/Engine/Plugins/Experimental/SimpleHMD/SimpleHMD.uplugin
LogPluginManager: Loaded Plugin StereoPanorama, From C:/Program Files/Epic Games/UE_4.14/Engine/Plugins/Experimental/StereoPanorama/StereoPanorama.uplugin
LogPluginManager: Loaded Plugin StructBox, From C:/Program Files/Epic Games/UE_4.14/Engine/Plugins/Experimental/StructBox/StructBox.uplugin
LogPluginManager: Loaded Plugin AndroidMedia, From C:/Program Files/Epic Games/UE_4.14/Engine/Plugins/Media/AndroidMedia/AndroidMedia.uplugin
LogPluginManager: Loaded Plugin AvfMedia, From C:/Program Files/Epic Games/UE_4.14/Engine/Plugins/Media/AvfMedia/AvfMedia.uplugin
LogPluginManager: Loaded Plugin MediaPlayerEditor, From C:/Program Files/Epic Games/UE_4.14/Engine/Plugins/Media/MediaPlayerEditor/MediaPlayerEditor.uplugin
LogPluginManager: Loaded Plugin WmfMedia, From C:/Program Files/Epic Games/UE_4.14/Engine/Plugins/Media/WmfMedia/WmfMedia.uplugin
LogPluginManager: Loaded Plugin MessagingDebugger, From C:/Program Files/Epic Games/UE_4.14/Engine/Plugins/Messaging/MessagingDebugger/MessagingDebugger.uplugin
LogPluginManager: Loaded Plugin TcpMessaging, From C:/Program Files/Epic Games/UE_4.14/Engine/Plugins/Messaging/TcpMessaging/TcpMessaging.uplugin
LogPluginManager: Loaded Plugin UdpMessaging, From C:/Program Files/Epic Games/UE_4.14/Engine/Plugins/Messaging/UdpMessaging/UdpMessaging.uplugin
LogPluginManager: Loaded Plugin LevelSequenceEditor, From C:/Program Files/Epic Games/UE_4.14/Engine/Plugins/MovieScene/LevelSequenceEditor/LevelSequenceEditor.uplugin
LogPluginManager: Loaded Plugin MatineeToLevelSequence, From C:/Program Files/Epic Games/UE_4.14/Engine/Plugins/MovieScene/MatineeToLevelSequence/MatineeToLevelSequence.uplugin
LogPluginManager: Loaded Plugin NetcodeUnitTest, From C:/Program Files/Epic Games/UE_4.14/Engine/Plugins/NetcodeUnitTest/NetcodeUnitTest/NetcodeUnitTest.uplugin
LogPluginManager: Loaded Plugin NUTUnrealEngine4, From C:/Program Files/Epic Games/UE_4.14/Engine/Plugins/NetcodeUnitTest/NUTUnrealEngine4/NUTUnrealEngine4.uplugin
LogPluginManager: Loaded Plugin OnlineSubsystemGameCircle, From C:/Program Files/Epic Games/UE_4.14/Engine/Plugins/Online/Android/OnlineSubsystemGameCircle/OnlineSubsystemGameCircle.uplugin
LogPluginManager: Loaded Plugin OnlineSubsystemGooglePlay, From C:/Program Files/Epic Games/UE_4.14/Engine/Plugins/Online/Android/OnlineSubsystemGooglePlay/OnlineSubsystemGooglePlay.uplugin
LogPluginManager: Loaded Plugin OnlineSubsystemIOS, From C:/Program Files/Epic Games/UE_4.14/Engine/Plugins/Online/IOS/OnlineSubsystemIOS/OnlineSubsystemIOS.uplugin
LogPluginManager: Loaded Plugin OnlineFramework, From C:/Program Files/Epic Games/UE_4.14/Engine/Plugins/Online/OnlineFramework/OnlineFramework.uplugin
LogPluginManager: Loaded Plugin OnlineSubsystem, From C:/Program Files/Epic Games/UE_4.14/Engine/Plugins/Online/OnlineSubsystem/OnlineSubsystem.uplugin
LogPluginManager: Loaded Plugin OnlineSubsystemAmazon, From C:/Program Files/Epic Games/UE_4.14/Engine/Plugins/Online/OnlineSubsystemAmazon/OnlineSubsystemAmazon.uplugin
LogPluginManager: Loaded Plugin OnlineSubsystemFacebook, From C:/Program Files/Epic Games/UE_4.14/Engine/Plugins/Online/OnlineSubsystemFacebook/OnlineSubsystemFacebook.uplugin
LogPluginManager: Loaded Plugin OnlineSubsystemNull, From C:/Program Files/Epic Games/UE_4.14/Engine/Plugins/Online/OnlineSubsystemNull/OnlineSubsystemNull.uplugin
LogPluginManager: Loaded Plugin OnlineSubsystemOculus, From C:/Program Files/Epic Games/UE_4.14/Engine/Plugins/Online/OnlineSubsystemOculus/OnlineSubsystemOculus.uplugin
LogPluginManager: Loaded Plugin OnlineSubsystemSteam, From C:/Program Files/Epic Games/UE_4.14/Engine/Plugins/Online/OnlineSubsystemSteam/OnlineSubsystemSteam.uplugin
LogPluginManager: Loaded Plugin OnlineSubsystemUtils, From C:/Program Files/Epic Games/UE_4.14/Engine/Plugins/Online/OnlineSubsystemUtils/OnlineSubsystemUtils.uplugin
LogPluginManager: Loaded Plugin IOSTapJoy, From C:/Program Files/Epic Games/UE_4.14/Engine/Plugins/Runtime/Advertising/IOSTapJoy/IOSTapJoy.uplugin
LogPluginManager: Loaded Plugin AnalyticsBlueprintLibrary, From C:/Program Files/Epic Games/UE_4.14/Engine/Plugins/Runtime/Analytics/AnalyticsBlueprintLibrary/AnalyticsBlueprintLibrary.uplugin
LogPluginManager: Loaded Plugin AnalyticsMulticast, From C:/Program Files/Epic Games/UE_4.14/Engine/Plugins/Runtime/Analytics/AnalyticsMulticast/AnalyticsMulticast.uplugin
LogPluginManager: Loaded Plugin Apsalar, From C:/Program Files/Epic Games/UE_4.14/Engine/Plugins/Runtime/Analytics/Apsalar/Apsalar.uplugin
LogPluginManager: Loaded Plugin FileLogging, From C:/Program Files/Epic Games/UE_4.14/Engine/Plugins/Runtime/Analytics/FileLogging/FileLogging.uplugin
LogPluginManager: Loaded Plugin Flurry, From C:/Program Files/Epic Games/UE_4.14/Engine/Plugins/Runtime/Analytics/Flurry/Flurry.uplugin
LogPluginManager: Loaded Plugin AndroidDeviceProfileSelector, From C:/Program Files/Epic Games/UE_4.14/Engine/Plugins/Runtime/AndroidDeviceProfileSelector/AndroidDeviceProfileSelector.uplugin
LogPluginManager: Loaded Plugin AndroidMoviePlayer, From C:/Program Files/Epic Games/UE_4.14/Engine/Plugins/Runtime/AndroidMoviePlayer/AndroidMoviePlayer.uplugin
LogPluginManager: Loaded Plugin AppleMoviePlayer, From C:/Program Files/Epic Games/UE_4.14/Engine/Plugins/Runtime/AppleMoviePlayer/AppleMoviePlayer.uplugin
LogPluginManager: Loaded Plugin ArchVisCharacter, From C:/Program Files/Epic Games/UE_4.14/Engine/Plugins/Runtime/ArchVisCharacter/ArchVisCharacter.uplugin
LogPluginManager: Loaded Plugin CableComponent, From C:/Program Files/Epic Games/UE_4.14/Engine/Plugins/Runtime/CableComponent/CableComponent.uplugin
LogPluginManager: Loaded Plugin CustomMeshComponent, From C:/Program Files/Epic Games/UE_4.14/Engine/Plugins/Runtime/CustomMeshComponent/CustomMeshComponent.uplugin
LogPluginManager: Loaded Plugin ExampleDeviceProfileSelector, From C:/Program Files/Epic Games/UE_4.14/Engine/Plugins/Runtime/ExampleDeviceProfileSelector/ExampleDeviceProfileSelector.uplugin
LogPluginManager: Loaded Plugin GearVR, From C:/Program Files/Epic Games/UE_4.14/Engine/Plugins/Runtime/GearVR/GearVR.uplugin
LogPluginManager: Loaded Plugin GoogleVRController, From C:/Program Files/Epic Games/UE_4.14/Engine/Plugins/Runtime/GoogleVR/GoogleVRController/GoogleVRController.uplugin
LogPluginManager: Loaded Plugin GoogleVRHMD, From C:/Program Files/Epic Games/UE_4.14/Engine/Plugins/Runtime/GoogleVR/GoogleVRHMD/GoogleVRHMD.uplugin
LogPluginManager: Loaded Plugin IOSDeviceProfileSelector, From C:/Program Files/Epic Games/UE_4.14/Engine/Plugins/Runtime/IOSDeviceProfileSelector/IOSDeviceProfileSelector.uplugin
LogPluginManager: Loaded Plugin LeapMotion, From C:/Program Files/Epic Games/UE_4.14/Engine/Plugins/Runtime/LeapMotion/LeapMotion.uplugin
LogPluginManager: Loaded Plugin LinuxDeviceProfileSelector, From C:/Program Files/Epic Games/UE_4.14/Engine/Plugins/Runtime/LinuxDeviceProfileSelector/LinuxDeviceProfileSelector.uplugin
LogPluginManager: Loaded Plugin MIDIDevice, From C:/Program Files/Epic Games/UE_4.14/Engine/Plugins/Runtime/MIDIDevice/MIDIDevice.uplugin
LogPluginManager: Loaded Plugin MobilePatchingUtils, From C:/Program Files/Epic Games/UE_4.14/Engine/Plugins/Runtime/MobilePatchingUtils/MobilePatchingUtils.uplugin
LogPluginManager: Loaded Plugin Ansel, From C:/Program Files/Epic Games/UE_4.14/Engine/Plugins/Runtime/Nvidia/Ansel/Ansel.uplugin
LogPluginManager: Loaded Plugin OculusAudio, From C:/Program Files/Epic Games/UE_4.14/Engine/Plugins/Runtime/OculusAudio/OculusAudio.uplugin
LogPluginManager: Loaded Plugin OculusInput, From C:/Program Files/Epic Games/UE_4.14/Engine/Plugins/Runtime/OculusInput/OculusInput.uplugin
LogPluginManager: Loaded Plugin OculusLibrary, From C:/Program Files/Epic Games/UE_4.14/Engine/Plugins/Runtime/OculusLibrary/OculusLibrary.uplugin
LogPluginManager: Loaded Plugin OculusRift, From C:/Program Files/Epic Games/UE_4.14/Engine/Plugins/Runtime/OculusRift/OculusRift.uplugin
LogPluginManager: Loaded Plugin Oodle, From C:/Program Files/Epic Games/UE_4.14/Engine/Plugins/Runtime/PacketHandlers/CompressionComponents/Oodle/Oodle.uplugin
LogPluginManager: Loaded Plugin ProceduralMeshComponent, From C:/Program Files/Epic Games/UE_4.14/Engine/Plugins/Runtime/ProceduralMeshComponent/ProceduralMeshComponent.uplugin
LogPluginManager: Loaded Plugin SoundMod, From C:/Program Files/Epic Games/UE_4.14/Engine/Plugins/Runtime/SoundMod/SoundMod.uplugin
LogPluginManager: Loaded Plugin SoundVisualizations, From C:/Program Files/Epic Games/UE_4.14/Engine/Plugins/Runtime/SoundVisualizations/SoundVisualizations.uplugin
LogPluginManager: Loaded Plugin SteamController, From C:/Program Files/Epic Games/UE_4.14/Engine/Plugins/Runtime/Steam/SteamController/SteamController.uplugin
LogPluginManager: Loaded Plugin SteamVR, From C:/Program Files/Epic Games/UE_4.14/Engine/Plugins/Runtime/Steam/SteamVR/SteamVR.uplugin
LogPluginManager: Loaded Plugin WebBrowserWidget, From C:/Program Files/Epic Games/UE_4.14/Engine/Plugins/Runtime/WebBrowserWidget/WebBrowserWidget.uplugin
LogPluginManager: Loaded Plugin WindowsDeviceProfileSelector, From C:/Program Files/Epic Games/UE_4.14/Engine/Plugins/Runtime/WindowsDeviceProfileSelector/WindowsDeviceProfileSelector.uplugin
LogPluginManager: Loaded Plugin WindowsMoviePlayer, From C:/Program Files/Epic Games/UE_4.14/Engine/Plugins/Runtime/WindowsMoviePlayer/WindowsMoviePlayer.uplugin
LogPluginManager: Loaded Plugin ScriptPlugin, From C:/Program Files/Epic Games/UE_4.14/Engine/Plugins/ScriptPlugin/ScriptPlugin.uplugin
LogPluginManager: Loaded Plugin SlateRemote, From C:/Program Files/Epic Games/UE_4.14/Engine/Plugins/Slate/SlateRemote/SlateRemote.uplugin
LogPluginManager: Loaded Plugin EditorTests, From C:/Program Files/Epic Games/UE_4.14/Engine/Plugins/Tests/EditorTests/EditorTests.uplugin
LogPluginManager: Loaded Plugin FbxAutomationTestBuilder, From C:/Program Files/Epic Games/UE_4.14/Engine/Plugins/Tests/FbxAutomationTestBuilder/FbxAutomationTestBuilder.uplugin
LogPluginManager: Loaded Plugin FunctionalTestingEditor, From C:/Program Files/Epic Games/UE_4.14/Engine/Plugins/Tests/FunctionalTestingEditor/FunctionalTestingEditor.uplugin
LogPluginManager: Loaded Plugin RuntimeTests, From C:/Program Files/Epic Games/UE_4.14/Engine/Plugins/Tests/RuntimeTests/RuntimeTests.uplugin
LogPluginManager: Loaded Plugin ScreenshotTools, From C:/Program Files/Epic Games/UE_4.14/Engine/Plugins/Tests/ScreenshotTools/ScreenshotTools.uplugin
LogInit: Using libcurl 7.47.1
LogInit:  - built for x86_64-pc-win32
LogInit:  - supports SSL with OpenSSL/1.0.2g
LogInit:  - supports HTTP deflate (compression) using libz 1.2.8
LogInit:  - other features:
LogInit:      CURL_VERSION_SSL
LogInit:      CURL_VERSION_LIBZ
LogInit:      CURL_VERSION_IPV6
LogInit:      CURL_VERSION_ASYNCHDNS
LogInit:      CURL_VERSION_LARGEFILE
LogInit:      CURL_VERSION_IDN
LogInit:  CurlRequestOptions (configurable via config and command line):
LogInit:  - bVerifyPeer = false  - Libcurl will NOT verify peer certificate
LogInit:  - bUseHttpProxy = false  - Libcurl will NOT use HTTP proxy
LogInit:  - bDontReuseConnections = false  - Libcurl will reuse connections
LogInit:  - CertBundlePath = nullptr  - Libcurl will use whatever was configured at build time.
LogInit: Build: ++UE4+Release-4.14-CL-3249277
LogInit: Engine Version: 4.14.3-3249277+++UE4+Release-4.14
LogInit: Compatible Engine Version: 4.14.0-3195953+++UE4+Release-4.14
LogInit: Net CL: 3195953
LogDevObjectVersion: Number of dev versions registered: 13
LogDevObjectVersion:   Dev-Blueprints (B0D832E4-1F89-4F0D-ACCF-7EB736FD4AA2): 7
LogDevObjectVersion:   Dev-Build (E1C64328-A22C-4D53-A36C-8E866417BD8C): 0
LogDevObjectVersion:   Dev-Core (375EC13C-06E4-48FB-B500-84F0262A717E): 1
LogDevObjectVersion:   Dev-Editor (E4B068ED-F494-42E9-A231-DA0B2E46BB41): 8
LogDevObjectVersion:   Dev-Framework (CFFC743F-43B0-4480-9391-14DF171D2073): 17
LogDevObjectVersion:   Dev-Mobile (B02B49B5-BB20-44E9-A304-32B752E40360): 0
LogDevObjectVersion:   Dev-Networking (A4E4105C-59A1-49B5-A7C5-40C4547EDFEE): 0
LogDevObjectVersion:   Dev-Online (39C831C9-5AE6-47DC-9A44-9C173E1C8E7C): 0
LogDevObjectVersion:   Dev-Physics (78F01B33-EBEA-4F98-B9B4-84EACCB95AA2): 0
LogDevObjectVersion:   Dev-Platform (6631380F-2D4D-43E0-8009-CF276956A95A): 0
LogDevObjectVersion:   Dev-Rendering (12F88B9F-8875-4AFC-A67C-D90C383ABD29): 12
LogDevObjectVersion:   Dev-Sequencer (7B5AE74C-D270-4C10-A958-57980B212A5A): 1
LogDevObjectVersion:   Dev-VR (D7296918-1DD6-4BDD-9DE2-64A83CC13884): 0
LogInit: Compiled (64-bit): Jan  6 2017 10:49:43
LogInit: Compiled with Visual C++: 19.00.23026.00
LogInit: Build Configuration: Development
LogInit: Branch Name: ++UE4+Release-4.14
LogInit: Command line:  
LogInit: Base directory: C:/Program Files/Epic Games/UE_4.14/Engine/Binaries/Win64/
LogInit: Installed Engine Build: 1
LogInit: Presizing for max 8388607 objects, including 0 objects not considered by GC, pre-allocating 0 bytes for permanent pool.
LogInit: Object subsystem initialized
[2017.03.22-09.02.41:469][  0]LogInit: Selected Device Profile: [Windows]
[2017.03.22-09.02.41:469][  0]LogInit: Applying CVar settings loaded from the selected device profile: [Windows]
[2017.03.22-09.02.41:483][  0]LogInit: Computer: LAPTOP-HOJJGP5S
[2017.03.22-09.02.41:483][  0]LogInit: User: Tristan
[2017.03.22-09.02.41:483][  0]LogInit: CPU Page size=65536, Cores=2
[2017.03.22-09.02.41:483][  0]LogInit: High frequency timer resolution =2.343749 MHz
[2017.03.22-09.02.41:484][  0]LogMemory: Memory total: Physical=7.8GB (8GB approx)
[2017.03.22-09.02.41:484][  0]LogMemory: Platform Memory Stats for Windows
[2017.03.22-09.02.41:484][  0]LogMemory: Process Physical Memory: 264.08 MB used, 264.08 MB peak
[2017.03.22-09.02.41:484][  0]LogMemory: Process Virtual Memory: 262.41 MB used, 262.41 MB peak
[2017.03.22-09.02.41:484][  0]LogMemory: Physical Memory: 4049.08 MB used,  3981.76 MB free, 8030.84 MB total
[2017.03.22-09.02.41:484][  0]LogMemory: Virtual Memory: 674.75 MB used,  3981.76 MB free, 134217728.00 MB total
[2017.03.22-09.02.41:727][  0]LogTextLocalizationManager: No specific translations for ('en-GB') exist, so ('en') translations will be used.
[2017.03.22-09.02.42:626][  0]LogD3D11RHI: D3D11 adapters:
[2017.03.22-09.02.42:663][  0]LogD3D11RHI:    0. 'NVIDIA GeForce 940M' (Feature Level 11_0)
[2017.03.22-09.02.42:663][  0]LogD3D11RHI:       2020/0/4015 MB DedicatedVideo/DedicatedSystem/SharedSystem, Outputs:1, VendorId:0x10de
[2017.03.22-09.02.42:671][  0]LogD3D11RHI:    1. 'Intel(R) HD Graphics 520' (Feature Level 11_0)
[2017.03.22-09.02.42:671][  0]LogD3D11RHI:       128/0/4015 MB DedicatedVideo/DedicatedSystem/SharedSystem, Outputs:0, VendorId:0x8086
[2017.03.22-09.02.42:672][  0]LogD3D11RHI:    2. 'Microsoft Basic Render Driver' (Feature Level 11_0)
[2017.03.22-09.02.42:672][  0]LogD3D11RHI:       0/0/4015 MB DedicatedVideo/DedicatedSystem/SharedSystem, Outputs:0, VendorId:0x1414
[2017.03.22-09.02.42:672][  0]LogD3D11RHI: Chosen D3D11 Adapter: 0
[2017.03.22-09.02.42:680][  0]LogD3D11RHI: Creating new Direct3DDevice
[2017.03.22-09.02.42:680][  0]LogD3D11RHI:     GPU DeviceId: 0x1347 (for the marketing name, search the web for "GPU Device Id")
[2017.03.22-09.02.42:680][  0]LogWindows: EnumDisplayDevices:
[2017.03.22-09.02.42:680][  0]LogWindows:    0. 'Intel(R) HD Graphics 520' (P:1 D:1)
[2017.03.22-09.02.42:680][  0]LogWindows:    1. 'Intel(R) HD Graphics 520' (P:0 D:0)
[2017.03.22-09.02.42:681][  0]LogWindows:    2. 'Intel(R) HD Graphics 520' (P:0 D:0)
[2017.03.22-09.02.42:681][  0]LogWindows: DebugString: PrimaryIsNotTheChoosenAdapter PrimaryIsNotTheChoosenAdapter PrimaryIsNotTheChoosenAdapter FoundDriverCount:0 
[2017.03.22-09.02.42:681][  0]LogD3D11RHI:     Adapter Name: NVIDIA GeForce 940M
[2017.03.22-09.02.42:681][  0]LogD3D11RHI:   Driver Version: Unknown (internal:Unknown, unified:Unknown)
[2017.03.22-09.02.42:681][  0]LogD3D11RHI:      Driver Date: Unknown
[2017.03.22-09.02.42:681][  0]LogRHI: Texture pool is 1361 MB (70% of 1945 MB)
[2017.03.22-09.02.42:699][  0]LogD3D11RHI: Async texture creation enabled
[2017.03.22-09.02.42:720][  0]LogD3D11RHI: GPU Timing Frequency: 1000.000000 (Debug: 2 2)
[2017.03.22-09.02.42:720][  0]LogShaderCompilers: Guid format shader working directory is -35 characters bigger than the processId version (../../../../../../Users/Tristan/Documents/UniWork/comp140-gam160-game/SuhDude-Game/Intermediate/Shaders/WorkingDirectory/11596/).
[2017.03.22-09.02.42:720][  0]LogShaderCompilers: Cleaned the shader compiler working directory 'C:/Users/Tristan/AppData/Local/Temp/UnrealShaderWorkingDir/5E1D5598429A4635271818859496988C/'.
[2017.03.22-09.02.42:721][  0]LogShaderCompilers:Display: Using Local Shader Compiler.
[2017.03.22-09.02.43:979][  0]LogTemp:Display: Loaded TP AllDesktopTargetPlatform
[2017.03.22-09.02.44:070][  0]LogTemp:Display: Loaded TP MacClientTargetPlatform
[2017.03.22-09.02.44:164][  0]LogTemp:Display: Loaded TP MacNoEditorTargetPlatform
[2017.03.22-09.02.44:257][  0]LogTemp:Display: Loaded TP MacServerTargetPlatform
[2017.03.22-09.02.44:334][  0]LogTemp:Display: Loaded TP MacTargetPlatform
[2017.03.22-09.02.44:398][  0]LogTemp:Display: Loaded TP WindowsClientTargetPlatform
[2017.03.22-09.02.44:461][  0]LogTemp:Display: Loaded TP WindowsNoEditorTargetPlatform
[2017.03.22-09.02.44:529][  0]LogTemp:Display: Loaded TP WindowsServerTargetPlatform
[2017.03.22-09.02.44:580][  0]LogTemp:Display: Loaded TP WindowsTargetPlatform
[2017.03.22-09.02.44:644][  0]LogTemp:Display: Loaded TP AndroidTargetPlatform
[2017.03.22-09.02.44:708][  0]LogTemp:Display: Loaded TP Android_ASTCTargetPlatform
[2017.03.22-09.02.44:773][  0]LogTemp:Display: Loaded TP Android_ATCTargetPlatform
[2017.03.22-09.02.44:839][  0]LogTemp:Display: Loaded TP Android_DXTTargetPlatform
[2017.03.22-09.02.44:900][  0]LogTemp:Display: Loaded TP Android_ETC1TargetPlatform
[2017.03.22-09.02.44:965][  0]LogTemp:Display: Loaded TP Android_ETC2TargetPlatform
[2017.03.22-09.02.45:091][  0]LogTemp:Display: Loaded TP Android_MultiTargetPlatform
[2017.03.22-09.02.45:091][  0]LogTemp:Display: Loaded TP Android_PVRTCTargetPlatform
[2017.03.22-09.02.45:135][  0]LogTemp:Display: Loaded TP HTML5TargetPlatform
[2017.03.22-09.02.45:230][  0]LogTemp:Display: Loaded TP IOSTargetPlatform
[2017.03.22-09.02.45:269][  0]LogTemp:Display: Loaded TP TVOSTargetPlatform
[2017.03.22-09.02.45:332][  0]LogTemp:Display: Loaded TP LinuxClientTargetPlatform
[2017.03.22-09.02.45:416][  0]LogTemp:Display: Loaded TP LinuxNoEditorTargetPlatform
[2017.03.22-09.02.45:487][  0]LogTemp:Display: Loaded TP LinuxServerTargetPlatform
[2017.03.22-09.02.45:547][  0]LogTemp:Display: Loaded TP LinuxTargetPlatform
[2017.03.22-09.02.45:547][  0]LogTargetPlatformManager:Display: Building Assets For Windows
[2017.03.22-09.02.46:021][  0]LogDerivedDataCache:Display: Max Cache Size: 512 MB
[2017.03.22-09.02.46:106][  0]LogDerivedDataCache: Loaded boot cache 0.08s 60MB C:/Users/Tristan/AppData/Local/UnrealEngine/4.14/DerivedDataCache/Boot.ddc.
[2017.03.22-09.02.46:106][  0]LogDerivedDataCache:Display: Loaded Boot cache: C:/Users/Tristan/AppData/Local/UnrealEngine/4.14/DerivedDataCache/Boot.ddc
[2017.03.22-09.02.46:106][  0]LogDerivedDataCache: FDerivedDataBackendGraph:  Pak pak cache file ../../../../../../Users/Tristan/Documents/UniWork/comp140-gam160-game/SuhDude-Game/DerivedDataCache/DDC.ddp not found, will not use a pak cache.
[2017.03.22-09.02.46:106][  0]LogDerivedDataCache: Unable to find inner node Pak for hierarchical cache Hierarchy.
[2017.03.22-09.02.46:106][  0]LogDerivedDataCache: FDerivedDataBackendGraph:  CompressedPak pak cache file ../../../../../../Users/Tristan/Documents/UniWork/comp140-gam160-game/SuhDude-Game/DerivedDataCache/Compressed.ddp not found, will not use a pak cache.
[2017.03.22-09.02.46:106][  0]LogDerivedDataCache: Unable to find inner node CompressedPak for hierarchical cache Hierarchy.
[2017.03.22-09.02.46:126][  0]LogDerivedDataCache:Display: Pak cache opened for reading ../../../Engine/DerivedDataCache/Compressed.ddp.
[2017.03.22-09.02.46:138][  0]LogDerivedDataCache: Using Local data cache path C:/Users/Tristan/AppData/Local/UnrealEngine/Common/DerivedDataCache: Writable
[2017.03.22-09.02.46:456][  0]LogInit: Selected Device Profile: [Windows]
[2017.03.22-09.02.46:459][  0]LogContentStreaming: Texture pool size is 0.00 MB
[2017.03.22-09.02.46:746][  0]LogMeshUtilities: Using QuadricMeshReduction for automatic static mesh reduction
[2017.03.22-09.02.46:814][  0]LogSimplygon: Simplygon DLL not present - disabling.
[2017.03.22-09.02.46:883][  0]LogMeshUtilities: Using SimplygonSwarm for distributed automatic mesh merging
[2017.03.22-09.02.46:883][  0]LogMeshUtilities: No automatic skeletal mesh reduction module available
[2017.03.22-09.02.46:883][  0]LogMeshUtilities: No automatic mesh merging module available
[2017.03.22-09.02.47:609][  0]LogNetVersion: GetLocalNetworkVersion: CL: 3195953, ProjectName: suhdude, ProjectVersion: , EngineNetworkVersion: 2, GameNetworkVersion: 0, NetworkChecksum: 1980303672
[2017.03.22-09.02.47:685][  0]LogAssetRegistry: FAssetRegistry took 0.0219 seconds to start up
[2017.03.22-09.02.47:758][  0]LogPackageLocalizationCache: Processed 3 localized package path(s) for 2 prioritized culture(s) in 0.038243 seconds
[2017.03.22-09.02.47:766][  0]LogUObjectArray: 31946 objects as part of root set at end of initial load.
[2017.03.22-09.02.47:766][  0]LogUObjectAllocator: 6935848 out of 0 bytes used by permanent object pool.
[2017.03.22-09.02.47:766][  0]LogUObjectArray: CloseDisregardForGC: 0/0 objects in disregard for GC pool
[2017.03.22-09.02.47:854][  0]LogInit: WinSock: version 1.1 (2.2), MaxSocks=32767, MaxUdp=65467
[2017.03.22-09.02.48:794][  0]LogSlate: Using Freetype 2.6.0
[2017.03.22-09.02.48:794][  0]LogSlate: SlateFontCache - WITH_FREETYPE: 1, WITH_HARFBUZZ: 1
[2017.03.22-09.02.48:794][  0]LogSlate: SlateFontCache - WITH_FREETYPE: 1, WITH_HARFBUZZ: 1
[2017.03.22-09.02.49:761][  0]LogTcpMessaging: Initializing TcpMessaging bridge
[2017.03.22-09.02.49:808][  0]LogUdpMessaging: Initializing bridge on interface 0.0.0.0:0 to multicast group 230.0.0.1:6666.
[2017.03.22-09.02.50:239][  0]LogMaterial: Uniform references updated for custom material expression Custom.
[2017.03.22-09.02.50:706][  0]SourceControl: Info Source control is disabled
[2017.03.22-09.02.50:747][  0]SourceControl: Info Source control is disabled
[2017.03.22-09.02.50:807][  0]SourceControl: Info Source control is disabled
[2017.03.22-09.02.50:864][  0]SourceControl: Info Source control is disabled
[2017.03.22-09.02.52:383][  0]LogEngine: Initializing Engine...
[2017.03.22-09.02.52:383][  0]LogHMD: Failed to initialize OpenVR with code 110
[2017.03.22-09.02.52:665][  0]LogAIModule: Creating AISystem for world Untitled
[2017.03.22-09.02.52:674][  0]LogInit: XAudio2 using 'Speaker/HP (Realtek High Definition Audio)' : 2 channels at 48 kHz using 32 bits per sample (channel mask 0x3)
[2017.03.22-09.02.52:905][  0]LogInit: FAudioDevice initialized.
[2017.03.22-09.02.52:949][  0]LogDerivedDataCache: Saved boot cache 0.04s 60MB C:/Users/Tristan/AppData/Local/UnrealEngine/4.14/DerivedDataCache/Boot.ddc.
[2017.03.22-09.02.52:965][  0]LogInit: Texture streaming: Enabled
[2017.03.22-09.02.53:187][  0]LogInit: Transaction tracking system initialized
[2017.03.22-09.02.53:592][  0]BlueprintLog: New page: Editor Load
[2017.03.22-09.02.54:684][  0]LocalizationService: Info Localization service is disabled
[2017.03.22-09.02.55:582][  0]LogConsoleResponse:Display: 
[2017.03.22-09.02.55:794][  0]LogCook:Display: Max memory allowance for cook 16384mb min free memory 0mb
[2017.03.22-09.02.55:794][  0]LogCook:Display: Mobile HDR setting 1
[2017.03.22-09.02.56:536][  0]LogFileCache: Scanning file cache for directory 'C:/Users/Tristan/Documents/UniWork/comp140-gam160-game/SuhDude-Game/Content/' took 0.01s
[2017.03.22-09.02.57:059][  0]SourceControl: Info Source control is disabled
[2017.03.22-09.02.57:059][  0]Cmd: MAP LOAD FILE="../../../../../../Users/Tristan/Documents/UniWork/comp140-gam160-game/SuhDude-Game/Content/Maps/MenuLevel.umap" TEMPLATE=0 SHOWPROGRESS=1 FEATURELEVEL=3
[2017.03.22-09.02.57:059][  0]LightingResults: New page: Lighting Build
[2017.03.22-09.02.57:108][  0]MapCheck: New page: Map Check
[2017.03.22-09.02.57:108][  0]LightingResults: New page: Lighting Build
[2017.03.22-09.02.57:913][  0]LogAIModule: Creating AISystem for world MenuLevel
[2017.03.22-09.02.57:925][  0]LogEditorServer: Finished looking for orphan Actors (0.000 secs)
[2017.03.22-09.02.57:926][  0]Cmd: MAP CHECKDEP NOCLEARLOG
[2017.03.22-09.02.58:002][  0]MapCheck: Info Map check complete: 0 Error(s), 0 Warning(s), took 75.485ms to complete.
[2017.03.22-09.02.58:002][  0]LogFileHelpers: Loading map 'MenuLevel' took 0.943
[2017.03.22-09.02.58:063][  0]LogWindowsTextInputMethodSystem:Display: IME system now deactivated.
[2017.03.22-09.02.58:168][  0]LogCollectionManager: Loaded 0 collections in 0.002615 seconds
[2017.03.22-09.02.58:255][  0]LogFileCache: Scanning file cache for directory 'C:/Users/Tristan/Documents/UniWork/comp140-gam160-game/SuhDude-Game/Saved/Collections/' took 0.01s
[2017.03.22-09.02.58:255][  0]LogFileCache: Scanning file cache for directory 'C:/Users/Tristan/Documents/UniWork/comp140-gam160-game/SuhDude-Game/Content/Developers/Tristan/Collections/' took 0.01s
[2017.03.22-09.02.58:255][  0]LogFileCache: Scanning file cache for directory 'C:/Users/Tristan/Documents/UniWork/comp140-gam160-game/SuhDude-Game/Content/Collections/' took 0.01s
[2017.03.22-09.02.58:255][  0]LogCollectionManager: Rebuilt the GUID cache for 0 collections in 0.000002 seconds
[2017.03.22-09.02.58:267][  0]LogContentBrowser: Native class hierarchy populated in 0.0119 seconds. Added 2192 classes and 430 folders.
[2017.03.22-09.02.58:319][  0]LogStats: UGameplayTagsManager::ConstructGameplayTagTree: Construct from data asset -  0.000 s
[2017.03.22-09.02.58:319][  0]LogStats: UGameplayTagsManager::ConstructGameplayTagTree: GameplayTagTreeChangedEvent.Broadcast -  0.000 s
[2017.03.22-09.02.58:321][  0]LogContentBrowser: Native class hierarchy updated for 'GameplayTags' in 0.0018 seconds. Added 13 classes and 0 folders.
[2017.03.22-09.02.58:406][  0]LogContentBrowser: Native class hierarchy updated for 'WidgetCarousel' in 0.0017 seconds. Added 0 classes and 0 folders.
[2017.03.22-09.02.58:456][  0]LogContentBrowser: Native class hierarchy updated for 'AddContentDialog' in 0.0018 seconds. Added 0 classes and 0 folders.
[2017.03.22-09.02.58:512][  0]LogContentBrowser: Native class hierarchy updated for 'SceneOutliner' in 0.0019 seconds. Added 1 classes and 2 folders.
[2017.03.22-09.02.58:554][  0]LogCrashTracker: Crashtracker disabled due to settings.
[2017.03.22-09.02.58:568][  0]LogUObjectGlobals:Warning: Failed to find object 'Class None.'
[2017.03.22-09.02.58:647][  0]LogContentBrowser: Native class hierarchy updated for 'HierarchicalLODOutliner' in 0.0025 seconds. Added 1 classes and 2 folders.
[2017.03.22-09.02.58:647][  0]LogLoad: (Engine Initialization) Total time: 19.53 seconds
[2017.03.22-09.02.58:647][  0]LogLoad: (Engine Initialization) Total Blueprint compile time: 0.21 seconds
[2017.03.22-09.02.58:647][  0]LogExternalProfiler: Found external profiler: VSPerf
[2017.03.22-09.02.58:647][  0]LogExternalProfiler: Using external profiler: VSPerf
[2017.03.22-09.02.58:665][  0]LogOcInput: OculusInput pre-init called
[2017.03.22-09.02.58:683][  0]LogContentStreaming: Texture pool size now 1000 MB
[2017.03.22-09.02.58:845][  0]LogRenderer: Reallocating scene render targets to support 828x436 NumSamples 1 (Frame:2).
[2017.03.22-09.02.58:943][  1]LogAssetRegistry: Asset discovery search completed in 11.2797 seconds
[2017.03.22-09.02.58:943][  1]LogCollectionManager: Rebuilt the object cache for 0 collections in 0.000001 seconds (found 0 objects)
[2017.03.22-09.02.58:943][  1]LogCollectionManager: Fixed up redirectors for 0 collections in 0.000021 seconds (updated 0 objects)
[2017.03.22-09.12.52:190][347]LogTemp: Repeting last play command: New Editor Window (PIE)
[2017.03.22-09.12.52:212][347]LogBlueprintUserMessages: Early PlayInEditor Detection: Level '/Game/Maps/MenuLevel.MenuLevel:PersistentLevel' has LevelScriptBlueprint '/Game/Maps/MenuLevel.MenuLevel:PersistentLevel.MenuLevel' with GeneratedClass '/Game/Maps/MenuLevel.MenuLevel_C' with ClassGeneratedBy '/Game/Maps/MenuLevel.MenuLevel:PersistentLevel.MenuLevel'
[2017.03.22-09.12.52:212][347]LogPlayLevel: PlayLevel: No blueprints needed recompiling
[2017.03.22-09.12.52:213][347]PIE: New page: PIE session: MenuLevel (22 Mar 2017 09:12:52)
[2017.03.22-09.12.52:214][347]LogPlayLevel: Creating play world package: /Game/Maps/UEDPIE_0_MenuLevel
[2017.03.22-09.12.52:218][347]LogPlayLevel: PIE: StaticDuplicateObject took: (0.003732s)
[2017.03.22-09.12.52:219][347]LogAIModule: Creating AISystem for world MenuLevel
[2017.03.22-09.12.52:219][347]LogPlayLevel: PIE: World Init took: (0.001441s)
[2017.03.22-09.12.52:220][347]LogPlayLevel: PIE: Created PIE world by copying editor world from /Game/Maps/MenuLevel.MenuLevel to /Game/Maps/UEDPIE_0_MenuLevel.MenuLevel (0.005714s)
[2017.03.22-09.12.52:249][347]LogInit: XAudio2 using 'Speaker/HP (Realtek High Definition Audio)' : 2 channels at 48 kHz using 32 bits per sample (channel mask 0x3)
[2017.03.22-09.12.52:261][347]LogInit: FAudioDevice initialized.
[2017.03.22-09.12.52:332][347]LogLoad: Game class is 'MenuGameMode_C'
[2017.03.22-09.12.52:335][347]LogWorld: Bringing World /Game/Maps/UEDPIE_0_MenuLevel.MenuLevel up for play (max tick rate 60) at 2017.03.22-09.12.52
[2017.03.22-09.12.52:336][347]LogWorld: Bringing up level for play took: 0.002665
[2017.03.22-09.12.52:406][347]LogContentBrowser: Native class hierarchy updated for 'MovieSceneCapture' in 0.0030 seconds. Added 11 classes and 0 folders.
[2017.03.22-09.12.52:407][347]LogGameMode:Display: Match State Changed from EnteringMap to WaitingToStart
[2017.03.22-09.12.52:407][347]LogGameState: Match State Changed from EnteringMap to WaitingToStart
[2017.03.22-09.12.52:407][347]LogGameMode:Display: Match State Changed from WaitingToStart to InProgress
[2017.03.22-09.12.52:410][347]LogGameState: Match State Changed from WaitingToStart to InProgress
[2017.03.22-09.12.52:414][347]PIE: Info Play in editor start time for /Game/Maps/UEDPIE_0_MenuLevel 0.347
[2017.03.22-09.12.52:415][347]LogBlueprintUserMessages: Late PlayInEditor Detection: Level '/Game/Maps/MenuLevel.MenuLevel:PersistentLevel' has LevelScriptBlueprint '/Game/Maps/MenuLevel.MenuLevel:PersistentLevel.MenuLevel' with GeneratedClass '/Game/Maps/MenuLevel.MenuLevel_C' with ClassGeneratedBy '/Game/Maps/MenuLevel.MenuLevel:PersistentLevel.MenuLevel'
[2017.03.22-09.12.52:459][347]LogRenderer: Reallocating scene render targets to support 1292x756 NumSamples 1 (Frame:8822).
[2017.03.22-09.12.54:394][418]LogRenderer: Reallocating scene render targets to support 1536x800 NumSamples 1 (Frame:8894).
[2017.03.22-09.13.26:437][585]LogGameMode:Display: Match State Changed from InProgress to LeavingMap
[2017.03.22-09.13.26:437][585]LogGameState: Match State Changed from InProgress to LeavingMap
[2017.03.22-09.13.26:438][585]LogNet: Browse: /Game/Maps/Map1
[2017.03.22-09.13.26:438][585]LogLoad: LoadMap: /Game/Maps/Map1
[2017.03.22-09.13.26:492][585]Cmd: MEM
[2017.03.22-09.13.26:512][585]LogMemory: Platform Memory Stats for Windows
[2017.03.22-09.13.26:512][585]LogMemory: Process Physical Memory: 1055.43 MB used, 1121.82 MB peak
[2017.03.22-09.13.26:513][585]LogMemory: Process Virtual Memory: 1379.50 MB used, 1523.11 MB peak
[2017.03.22-09.13.26:513][585]LogMemory: Physical Memory: 4596.35 MB used,  3434.49 MB free, 8030.84 MB total
[2017.03.22-09.13.26:513][585]LogMemory: Virtual Memory: 2322.08 MB used,  3434.49 MB free, 134217728.00 MB total
[2017.03.22-09.13.26:513][585]LogMemory: 
[2017.03.22-09.13.26:513][585]Allocator Stats for TBB: (not implemented)
[2017.03.22-09.13.27:273][585]LogAIModule: Creating AISystem for world Map1
[2017.03.22-09.13.27:273][585]LogLoad: Game class is 'MainGameMode_C'
[2017.03.22-09.13.27:281][585]LogWorld: Bringing World /Game/Maps/UEDPIE_0_Map1.Map1 up for play (max tick rate 60) at 2017.03.22-09.13.27
[2017.03.22-09.13.27:281][585]LogWorld: Bringing up level for play took: 0.007400
[2017.03.22-09.13.27:283][585]LogLoad: Took 0.844732 seconds to LoadMap(/Game/Maps/Map1)
[2017.03.22-09.15.38:437][990]LogNet: Browse: /Game/Maps/MenuLevel
[2017.03.22-09.15.38:437][990]LogLoad: LoadMap: /Game/Maps/MenuLevel
[2017.03.22-09.15.38:487][990]Cmd: MEM
[2017.03.22-09.15.38:506][990]LogMemory: Platform Memory Stats for Windows
[2017.03.22-09.15.38:506][990]LogMemory: Process Physical Memory: 1170.71 MB used, 1323.86 MB peak
[2017.03.22-09.15.38:506][990]LogMemory: Process Virtual Memory: 1600.17 MB used, 2018.27 MB peak
[2017.03.22-09.15.38:506][990]LogMemory: Physical Memory: 4614.13 MB used,  3416.71 MB free, 8030.84 MB total
[2017.03.22-09.15.38:506][990]LogMemory: Virtual Memory: 2601.70 MB used,  3416.71 MB free, 134217728.00 MB total
[2017.03.22-09.15.38:506][990]LogMemory: 
[2017.03.22-09.15.38:506][990]Allocator Stats for TBB: (not implemented)
[2017.03.22-09.15.38:506][990]LogPlayLevel: Creating play world package: /Game/Maps/UEDPIE_0_MenuLevel
[2017.03.22-09.15.38:509][990]LogPlayLevel: PIE: StaticDuplicateObject took: (0.002878s)
[2017.03.22-09.15.38:509][990]LogAIModule: Creating AISystem for world MenuLevel
[2017.03.22-09.15.38:510][990]LogPlayLevel: PIE: World Init took: (0.000979s)
[2017.03.22-09.15.38:510][990]LogPlayLevel: PIE: Created PIE world by copying editor world from /Game/Maps/MenuLevel.MenuLevel to /Game/Maps/UEDPIE_0_MenuLevel.MenuLevel (0.004185s)
[2017.03.22-09.15.38:510][990]LogLoad: Game class is 'MenuGameMode_C'
[2017.03.22-09.15.38:513][990]LogWorld: Bringing World /Game/Maps/UEDPIE_0_MenuLevel.MenuLevel up for play (max tick rate 60) at 2017.03.22-09.15.38
[2017.03.22-09.15.38:514][990]LogWorld: Bringing up level for play took: 0.003106
[2017.03.22-09.15.38:514][990]LogGameMode: Warning - PATHS NOT DEFINED or NO PLAYERSTART with positive rating
[2017.03.22-09.15.38:514][990]LogGameMode:Display: Match State Changed from EnteringMap to WaitingToStart
[2017.03.22-09.15.38:515][990]LogGameState: Match State Changed from EnteringMap to WaitingToStart
[2017.03.22-09.15.38:515][990]LogGameMode:Display: Match State Changed from WaitingToStart to InProgress
[2017.03.22-09.15.38:516][990]LogGameState: Match State Changed from WaitingToStart to InProgress
[2017.03.22-09.15.38:516][990]LogLoad: Took 0.079030 seconds to LoadMap(/Game/Maps/UEDPIE_0_MenuLevel)
[2017.03.22-09.16.09:318][115]LogGameMode:Display: Match State Changed from InProgress to LeavingMap
[2017.03.22-09.16.09:318][115]LogGameState: Match State Changed from InProgress to LeavingMap
[2017.03.22-09.16.09:319][115]LogNet: Browse: /Game/Maps/Map1
[2017.03.22-09.16.09:319][115]LogLoad: LoadMap: /Game/Maps/Map1
[2017.03.22-09.16.09:370][115]Cmd: MEM
[2017.03.22-09.16.09:391][115]LogMemory: Platform Memory Stats for Windows
[2017.03.22-09.16.09:391][115]LogMemory: Process Physical Memory: 1170.62 MB used, 1323.86 MB peak
[2017.03.22-09.16.09:391][115]LogMemory: Process Virtual Memory: 1610.65 MB used, 2018.27 MB peak
[2017.03.22-09.16.09:391][115]LogMemory: Physical Memory: 4611.02 MB used,  3419.83 MB free, 8030.84 MB total
[2017.03.22-09.16.09:391][115]LogMemory: Virtual Memory: 2556.64 MB used,  3419.83 MB free, 134217728.00 MB total
[2017.03.22-09.16.09:392][115]LogMemory: 
[2017.03.22-09.16.09:392][115]Allocator Stats for TBB: (not implemented)
[2017.03.22-09.16.09:648][115]LogAIModule: Creating AISystem for world Map1
[2017.03.22-09.16.09:649][115]LogLoad: Game class is 'MainGameMode_C'
[2017.03.22-09.16.09:654][115]LogWorld: Bringing World /Game/Maps/UEDPIE_0_Map1.Map1 up for play (max tick rate 60) at 2017.03.22-09.16.09
[2017.03.22-09.16.09:655][115]LogWorld: Bringing up level for play took: 0.005448
[2017.03.22-09.16.09:656][115]LogLoad: Took 0.337000 seconds to LoadMap(/Game/Maps/Map1)
[2017.03.22-09.18.31:257][ 85]LogNet: Browse: /Game/Maps/MenuLevel
[2017.03.22-09.18.31:258][ 85]LogLoad: LoadMap: /Game/Maps/MenuLevel
[2017.03.22-09.18.31:314][ 85]Cmd: MEM
[2017.03.22-09.18.31:336][ 85]LogMemory: Platform Memory Stats for Windows
[2017.03.22-09.18.31:336][ 85]LogMemory: Process Physical Memory: 1164.04 MB used, 1323.86 MB peak
[2017.03.22-09.18.31:336][ 85]LogMemory: Process Virtual Memory: 1520.02 MB used, 2018.27 MB peak
[2017.03.22-09.18.31:336][ 85]LogMemory: Physical Memory: 4669.51 MB used,  3361.34 MB free, 8030.84 MB total
[2017.03.22-09.18.31:336][ 85]LogMemory: Virtual Memory: 2663.95 MB used,  3361.34 MB free, 134217728.00 MB total
[2017.03.22-09.18.31:336][ 85]LogMemory: 
[2017.03.22-09.18.31:336][ 85]Allocator Stats for TBB: (not implemented)
[2017.03.22-09.18.31:336][ 85]LogPlayLevel: Creating play world package: /Game/Maps/UEDPIE_0_MenuLevel
[2017.03.22-09.18.31:340][ 85]LogPlayLevel: PIE: StaticDuplicateObject took: (0.003477s)
[2017.03.22-09.18.31:341][ 85]LogAIModule: Creating AISystem for world MenuLevel
[2017.03.22-09.18.31:341][ 85]LogPlayLevel: PIE: World Init took: (0.001182s)
[2017.03.22-09.18.31:341][ 85]LogPlayLevel: PIE: Created PIE world by copying editor world from /Game/Maps/MenuLevel.MenuLevel to /Game/Maps/UEDPIE_0_MenuLevel.MenuLevel (0.005056s)
[2017.03.22-09.18.31:342][ 85]LogLoad: Game class is 'MenuGameMode_C'
[2017.03.22-09.18.31:344][ 85]LogWorld: Bringing World /Game/Maps/UEDPIE_0_MenuLevel.MenuLevel up for play (max tick rate 60) at 2017.03.22-09.18.31
[2017.03.22-09.18.31:345][ 85]LogWorld: Bringing up level for play took: 0.002516
[2017.03.22-09.18.31:345][ 85]LogGameMode: Warning - PATHS NOT DEFINED or NO PLAYERSTART with positive rating
[2017.03.22-09.18.31:346][ 85]LogGameMode:Display: Match State Changed from EnteringMap to WaitingToStart
[2017.03.22-09.18.31:346][ 85]LogGameState: Match State Changed from EnteringMap to WaitingToStart
[2017.03.22-09.18.31:346][ 85]LogGameMode:Display: Match State Changed from WaitingToStart to InProgress
[2017.03.22-09.18.31:347][ 85]LogGameState: Match State Changed from WaitingToStart to InProgress
[2017.03.22-09.18.31:347][ 85]LogLoad: Took 0.089948 seconds to LoadMap(/Game/Maps/UEDPIE_0_MenuLevel)
[2017.03.22-09.20.58:447][449]LogBlueprintUserMessages: Early EndPlayMap Detection: Level '/Game/Maps/MenuLevel.MenuLevel:PersistentLevel' has LevelScriptBlueprint '/Game/Maps/MenuLevel.MenuLevel:PersistentLevel.MenuLevel' with GeneratedClass '/Game/Maps/MenuLevel.MenuLevel_C' with ClassGeneratedBy '/Game/Maps/MenuLevel.MenuLevel:PersistentLevel.MenuLevel'
[2017.03.22-09.20.58:509][449]LogBlueprintUserMessages: Late EndPlayMap Detection: Level '/Game/Maps/MenuLevel.MenuLevel:PersistentLevel' has LevelScriptBlueprint '/Game/Maps/MenuLevel.MenuLevel:PersistentLevel.MenuLevel' with GeneratedClass '/Game/Maps/MenuLevel.MenuLevel_C' with ClassGeneratedBy '/Game/Maps/MenuLevel.MenuLevel:PersistentLevel.MenuLevel'
[2017.03.22-09.21.38:408][ 52]LogWindowsTextInputMethodSystem:Display: IME system now deactivated.
[2017.03.22-09.21.38:658][ 53]Cmd: QUIT_EDITOR
[2017.03.22-09.21.38:800][ 53]LogExit: Preparing to exit.
[2017.03.22-09.26.39:769][ 53]LogDirectoryWatcher: A directory notification for 'C:/Users/Tristan/Documents/UniWork/comp140-gam160-game/SuhDude-Game/Content/' was aborted.
[2017.03.22-09.26.40:036][ 53]LogExit: Editor shut down
[2017.03.22-09.26.40:036][ 53]LogExit: Transaction tracking system shut down
[2017.03.22-09.26.42:095][ 53]LogObj: Freed 0b from 0 cluster array pools.
[2017.03.22-09.26.42:095][ 53]LogExit: Object subsystem successfully closed.
[2017.03.22-09.26.42:289][ 53]LogD3D11RHI: Shutdown
[2017.03.22-09.26.42:306][ 53]LogD3D11RHI: CleanupD3DDevice
[2017.03.22-09.26.42:575][ 53]LogD3D11RHI: ~FD3D11DynamicRHI
[2017.03.22-09.26.43:808][ 53]LogHttp:Display: Http module shutting down, but needs to wait on 1 outstanding Http requests:
[2017.03.22-09.26.43:808][ 53]LogHttp:Display: 	verb=[POST] url=[https://datarouter.ol.epicgames.com/datarouter/api/v1/public/data?SessionID=%7BA327A182-45E6-B035-302D-BB9B900328C4%7D&AppID=UEEditor.Rocket.Release&AppVersion=4.14.3-3249277%2B%2B%2BUE4%2BRelease-4.14&UserID=41ed778249ed24844dd23d85c474ffb0%7C91600aac168940c7ad6ecd8e89500ac8%7Ccca0cc25-fddf-495d-858a-6ebf4d9a36a6&AppEnvironment=datacollector-binary&UploadType=eteventstream] status=Processing
[2017.03.22-09.26.43:871][ 53]LogModuleManager: Shutting down and abandoning module MovieSceneCapture (243)
[2017.03.22-09.26.43:889][ 53]LogModuleManager: Shutting down and abandoning module HierarchicalLODOutliner (242)
[2017.03.22-09.26.43:898][ 53]LogModuleManager: Shutting down and abandoning module CrashTracker (241)
[2017.03.22-09.26.43:898][ 53]LogModuleManager: Shutting down and abandoning module SceneOutliner (240)
[2017.03.22-09.26.43:911][ 53]LogModuleManager: Shutting down and abandoning module WidgetCarousel (239)
[2017.03.22-09.26.43:911][ 53]LogModuleManager: Shutting down and abandoning module AddContentDialog (238)
[2017.03.22-09.26.43:949][ 53]LogDirectoryWatcher: A directory notification for 'C:/Program Files/Epic Games/UE_4.14/FeaturePacks/' was aborted.
[2017.03.22-09.26.43:950][ 53]LogModuleManager: Shutting down and abandoning module GameplayTags (237)
[2017.03.22-09.26.43:950][ 53]LogModuleManager: Shutting down and abandoning module EditorWidgets (236)
[2017.03.22-09.26.43:950][ 53]LogModuleManager: Shutting down and abandoning module CollectionManager (235)
[2017.03.22-09.26.43:963][ 53]LogDirectoryWatcher: A directory notification for 'C:/Users/Tristan/Documents/UniWork/comp140-gam160-game/SuhDude-Game/Content/Collections/' was aborted.
[2017.03.22-09.26.43:963][ 53]LogDirectoryWatcher: A directory notification for 'C:/Users/Tristan/Documents/UniWork/comp140-gam160-game/SuhDude-Game/Content/Developers/Tristan/Collections/' was aborted.
[2017.03.22-09.26.43:963][ 53]LogDirectoryWatcher: A directory notification for 'C:/Users/Tristan/Documents/UniWork/comp140-gam160-game/SuhDude-Game/Saved/Collections/' was aborted.
[2017.03.22-09.26.43:963][ 53]LogModuleManager: Shutting down and abandoning module StatsViewer (234)
[2017.03.22-09.26.43:978][ 53]LogModuleManager: Shutting down and abandoning module FoliageEdit (233)
[2017.03.22-09.26.43:990][ 53]LogModuleManager: Shutting down and abandoning module LandscapeEditor (232)
[2017.03.22-09.26.44:029][ 53]LogModuleManager: Shutting down and abandoning module SceneDepthPickerMode (231)
[2017.03.22-09.26.44:029][ 53]LogModuleManager: Shutting down and abandoning module ActorPickerMode (230)
[2017.03.22-09.26.44:029][ 53]LogModuleManager: Shutting down and abandoning module GeometryMode (229)
[2017.03.22-09.26.44:029][ 53]LogModuleManager: Shutting down and abandoning module TextureAlignMode (228)
[2017.03.22-09.26.44:029][ 53]LogModuleManager: Shutting down and abandoning module BspMode (227)
[2017.03.22-09.26.44:042][ 53]LogModuleManager: Shutting down and abandoning module HardwareSurvey (226)
[2017.03.22-09.26.44:042][ 53]LogModuleManager: Shutting down and abandoning module SequenceRecorderSections (225)
[2017.03.22-09.26.44:042][ 53]LogModuleManager: Shutting down and abandoning module AutomationWorker (224)
[2017.03.22-09.26.44:051][ 53]LogModuleManager: Shutting down and abandoning module MatineeToLevelSequence (223)
[2017.03.22-09.26.44:076][ 53]LogModuleManager: Shutting down and abandoning module PlacementMode (222)
[2017.03.22-09.26.44:091][ 53]LogModuleManager: Shutting down and abandoning module LevelSequenceEditor (221)
[2017.03.22-09.26.44:132][ 53]LogModuleManager: Shutting down and abandoning module WmfMediaFactory (220)
[2017.03.22-09.26.44:132][ 53]LogModuleManager: Shutting down and abandoning module WmfMediaEditor (219)
[2017.03.22-09.26.44:132][ 53]LogModuleManager: Shutting down and abandoning module AvfMediaFactory (218)
[2017.03.22-09.26.44:132][ 53]LogModuleManager: Shutting down and abandoning module AvfMediaEditor (217)
[2017.03.22-09.26.44:132][ 53]LogModuleManager: Shutting down and abandoning module Media (216)
[2017.03.22-09.26.44:132][ 53]LogModuleManager: Shutting down and abandoning module AndroidMediaFactory (215)
[2017.03.22-09.26.44:132][ 53]LogModuleManager: Shutting down and abandoning module AndroidMediaEditor (214)
[2017.03.22-09.26.44:132][ 53]LogModuleManager: Shutting down and abandoning module CharacterAI (213)
[2017.03.22-09.26.44:132][ 53]LogModuleManager: Shutting down and abandoning module SequenceRecorder (212)
[2017.03.22-09.26.44:171][ 53]LogModuleManager: Shutting down and abandoning module AudioCapture (211)
[2017.03.22-09.26.44:171][ 53]LogModuleManager: Shutting down and abandoning module SmartSnapping (210)
[2017.03.22-09.26.44:171][ 53]LogModuleManager: Shutting down and abandoning module SessionServices (209)
[2017.03.22-09.26.44:171][ 53]LogModuleManager: Shutting down and abandoning module ViewportSnapping (208)
[2017.03.22-09.26.44:171][ 53]LogModuleManager: Shutting down and abandoning module ViewportInteraction (207)
[2017.03.22-09.26.44:171][ 53]LogModuleManager: Shutting down and abandoning module LogVisualizer (206)
[2017.03.22-09.26.44:187][ 53]LogModuleManager: Shutting down and abandoning module GameProjectGeneration (205)
[2017.03.22-09.26.44:202][ 53]LogModuleManager: Shutting down and abandoning module IntroTutorials (204)
[2017.03.22-09.26.44:212][ 53]LogModuleManager: Shutting down and abandoning module EditorLiveStreaming (203)
[2017.03.22-09.26.44:212][ 53]LogModuleManager: Shutting down and abandoning module IOSPlatformEditor (202)
[2017.03.22-09.26.44:227][ 53]LogModuleManager: Shutting down and abandoning module HTML5PlatformEditor (201)
[2017.03.22-09.26.44:227][ 53]LogModuleManager: Shutting down and abandoning module AndroidDeviceDetection (200)
[2017.03.22-09.26.44:711][ 53]LogModuleManager: Shutting down and abandoning module AndroidPlatformEditor (199)
[2017.03.22-09.26.44:724][ 53]LogModuleManager: Shutting down and abandoning module IOSRuntimeSettings (198)
[2017.03.22-09.26.44:724][ 53]LogModuleManager: Shutting down and abandoning module AndroidRuntimeSettings (197)
[2017.03.22-09.26.44:724][ 53]LogModuleManager: Shutting down and abandoning module InputBindingEditor (196)
[2017.03.22-09.26.44:732][ 53]LogModuleManager: Shutting down and abandoning module NiagaraEditor (195)
[2017.03.22-09.26.44:760][ 53]LogModuleManager: Shutting down and abandoning module MergeActors (194)
[2017.03.22-09.26.44:771][ 53]LogModuleManager: Shutting down and abandoning module SizeMap (193)
[2017.03.22-09.26.44:779][ 53]LogModuleManager: Shutting down and abandoning module TreeMap (192)
[2017.03.22-09.26.44:793][ 53]LogModuleManager: Shutting down and abandoning module ReferenceViewer (191)
[2017.03.22-09.26.44:793][ 53]LogModuleManager: Shutting down and abandoning module LocalizationService (190)
[2017.03.22-09.26.44:797][ 53]LogModuleManager: Shutting down and abandoning module LocalizationDashboard (189)
[2017.03.22-09.26.44:813][ 53]LogModuleManager: Shutting down and abandoning module HardwareTargeting (188)
[2017.03.22-09.26.44:818][ 53]LogModuleManager: Shutting down and abandoning module DeviceProfileEditor (187)
[2017.03.22-09.26.44:825][ 53]LogModuleManager: Shutting down and abandoning module UndoHistory (186)
[2017.03.22-09.26.44:831][ 53]LogModuleManager: Shutting down and abandoning module UserFeedback (185)
[2017.03.22-09.26.44:831][ 53]LogModuleManager: Shutting down and abandoning module XmlParser (184)
[2017.03.22-09.26.44:831][ 53]LogModuleManager: Shutting down and abandoning module Blutility (183)
[2017.03.22-09.26.44:840][ 53]LogModuleManager: Shutting down and abandoning module ProjectTargetPlatformEditor (182)
[2017.03.22-09.26.44:840][ 53]LogModuleManager: Shutting down and abandoning module ProjectSettingsViewer (181)
[2017.03.22-09.26.44:840][ 53]LogModuleManager: Shutting down and abandoning module EditorSettingsViewer (180)
[2017.03.22-09.26.44:840][ 53]LogModuleManager: Shutting down and abandoning module SettingsEditor (179)
[2017.03.22-09.26.44:882][ 53]LogModuleManager: Shutting down and abandoning module ProjectLauncher (178)
[2017.03.22-09.26.44:905][ 53]LogModuleManager: Shutting down and abandoning module SessionFrontend (177)
[2017.03.22-09.26.44:915][ 53]LogModuleManager: Shutting down and abandoning module ProfilerClient (176)
[2017.03.22-09.26.44:923][ 53]LogModuleManager: Shutting down and abandoning module TargetDeviceServices (175)
[2017.03.22-09.26.44:936][ 53]LogModuleManager: Shutting down and abandoning module DeviceManager (174)
[2017.03.22-09.26.44:983][ 53]LogModuleManager: Shutting down and abandoning module AutomationController (173)
[2017.03.22-09.26.45:002][ 53]LogModuleManager: Shutting down and abandoning module AutomationWindow (172)
[2017.03.22-09.26.45:023][ 53]LogModuleManager: Shutting down and abandoning module Layers (171)
[2017.03.22-09.26.45:043][ 53]LogModuleManager: Shutting down and abandoning module ComponentVisualizers (170)
[2017.03.22-09.26.45:043][ 53]LogModuleManager: Shutting down and abandoning module DetailCustomizations (169)
[2017.03.22-09.26.45:062][ 53]LogModuleManager: Shutting down and abandoning module PackagesDialog (168)
[2017.03.22-09.26.45:082][ 53]LogModuleManager: Shutting down and abandoning module AnimGraph (167)
[2017.03.22-09.26.45:082][ 53]LogModuleManager: Shutting down and abandoning module Persona (166)
[2017.03.22-09.26.45:101][ 53]LogModuleManager: Shutting down and abandoning module Kismet (165)
[2017.03.22-09.26.45:107][ 53]LogModuleManager: Shutting down and abandoning module GraphEditor (164)
[2017.03.22-09.26.45:164][ 53]LogModuleManager: Shutting down and abandoning module ClassViewer (163)
[2017.03.22-09.26.45:176][ 53]LogModuleManager: Shutting down and abandoning module Toolbox (162)
[2017.03.22-09.26.45:189][ 53]LogModuleManager: Shutting down and abandoning module ModuleUI (161)
[2017.03.22-09.26.45:197][ 53]LogModuleManager: Shutting down and abandoning module MovieSceneTools (160)
[2017.03.22-09.26.45:231][ 53]LogModuleManager: Shutting down and abandoning module OutputLog (159)
[2017.03.22-09.26.45:231][ 53]LogModuleManager: Shutting down and abandoning module GammaUI (158)
[2017.03.22-09.26.45:243][ 53]LogModuleManager: Shutting down and abandoning module Documentation (157)
[2017.03.22-09.26.45:243][ 53]LogModuleManager: Shutting down and abandoning module Niagara (156)
[2017.03.22-09.26.45:243][ 53]LogModuleManager: Shutting down and abandoning module StreamingPauseRendering (155)
[2017.03.22-09.26.45:243][ 53]LogModuleManager: Shutting down and abandoning module AnalyticsET (154)
[2017.03.22-09.26.45:243][ 53]LogModuleManager: Shutting down and abandoning module PortalServices (153)
[2017.03.22-09.26.45:243][ 53]LogModuleManager: Shutting down and abandoning module PortalRpc (152)
[2017.03.22-09.26.45:243][ 53]LogModuleManager: Shutting down and abandoning module MessagingRpc (151)
[2017.03.22-09.26.45:243][ 53]LogModuleManager: Shutting down and abandoning module GameplayDebugger (150)
[2017.03.22-09.26.45:251][ 53]LogModuleManager: Shutting down and abandoning module AITestSuite (149)
[2017.03.22-09.26.45:261][ 53]LogModuleManager: Shutting down and abandoning module AIModule (148)
[2017.03.22-09.26.45:261][ 53]LogModuleManager: Shutting down and abandoning module ProfilerService (147)
[2017.03.22-09.26.45:491][ 53]LogModuleManager: Shutting down and abandoning module TaskGraph (146)
[2017.03.22-09.26.45:510][ 53]LogModuleManager: Shutting down and abandoning module SlateRemote (145)
[2017.03.22-09.26.45:510][ 53]LogModuleManager: Shutting down and abandoning module SteamVRController (144)
[2017.03.22-09.26.45:510][ 53]LogModuleManager: Shutting down and abandoning module SteamVR (143)
[2017.03.22-09.26.45:510][ 53]LogModuleManager: Shutting down and abandoning module ProceduralMeshComponentEditor (142)
[2017.03.22-09.26.45:521][ 53]LogModuleManager: Shutting down and abandoning module ProceduralMeshComponent (141)
[2017.03.22-09.26.45:529][ 53]LogModuleManager: Shutting down and abandoning module OculusLibrary (140)
[2017.03.22-09.26.45:529][ 53]LogModuleManager: Shutting down and abandoning module OculusInput (139)
[2017.03.22-09.26.45:529][ 53]LogModuleManager: Shutting down and abandoning module MobilePatchingUtils (138)
[2017.03.22-09.26.45:529][ 53]LogModuleManager: Shutting down and abandoning module CustomMeshComponent (137)
[2017.03.22-09.26.45:529][ 53]LogModuleManager: Shutting down and abandoning module CableComponent (136)
[2017.03.22-09.26.45:529][ 53]LogModuleManager: Shutting down and abandoning module ArchVisCharacter (135)
[2017.03.22-09.26.45:529][ 53]LogModuleManager: Shutting down and abandoning module MediaPlayerEditor (133)
[2017.03.22-09.26.45:560][ 53]LogModuleManager: Shutting down and abandoning module HTML5Networking (132)
[2017.03.22-09.26.45:560][ 53]LogModuleManager: Shutting down and abandoning module GeometryCacheEd (131)
[2017.03.22-09.26.45:560][ 53]LogModuleManager: Shutting down and abandoning module GeometryCache (130)
[2017.03.22-09.26.45:560][ 53]LogModuleManager: Shutting down and abandoning module AlembicLibrary (129)
[2017.03.22-09.26.45:572][ 53]LogModuleManager: Shutting down and abandoning module AlembicImporter (128)
[2017.03.22-09.26.45:579][ 53]LogModuleManager: Shutting down and abandoning module SuperSearch (127)
[2017.03.22-09.26.45:579][ 53]LogModuleManager: Shutting down and abandoning module SuperSearchEditor (126)
[2017.03.22-09.26.45:579][ 53]LogModuleManager: Shutting down and abandoning module SpeedTreeImporter (125)
[2017.03.22-09.26.45:579][ 53]LogModuleManager: Shutting down and abandoning module PluginBrowser (124)
[2017.03.22-09.26.45:588][ 53]LogModuleManager: Shutting down and abandoning module MobileLauncherProfileWizard (123)
[2017.03.22-09.26.45:608][ 53]LogModuleManager: Shutting down and abandoning module EpicSurvey (122)
[2017.03.22-09.26.45:639][ 53]LogModuleManager: Shutting down and abandoning module DesktopPlatform (121)
[2017.03.22-09.26.45:654][ 53]LogModuleManager: Shutting down and abandoning module VisualStudioSourceCodeAccess (120)
[2017.03.22-09.26.45:655][ 53]LogModuleManager: Shutting down and abandoning module UObjectPlugin (119)
[2017.03.22-09.26.45:655][ 53]LogModuleManager: Shutting down and abandoning module SubversionSourceControl (118)
[2017.03.22-09.26.45:673][ 53]LogModuleManager: Shutting down and abandoning module PerforceSourceControl (117)
[2017.03.22-09.26.45:686][ 53]LogModuleManager: Shutting down and abandoning module SourceControl (116)
[2017.03.22-09.26.45:698][ 53]LogModuleManager: Shutting down and abandoning module GitSourceControl (115)
[2017.03.22-09.26.45:709][ 53]LogModuleManager: Shutting down and abandoning module LightPropagationVolumeEditor (114)
[2017.03.22-09.26.45:709][ 53]LogModuleManager: Shutting down and abandoning module PaperTiledImporter (113)
[2017.03.22-09.26.45:714][ 53]LogModuleManager: Shutting down and abandoning module PaperSpriteSheetImporter (112)
[2017.03.22-09.26.45:714][ 53]LogModuleManager: Shutting down and abandoning module MeshPaint (111)
[2017.03.22-09.26.45:721][ 53]LogModuleManager: Shutting down and abandoning module PixelInspectorModule (110)
[2017.03.22-09.26.45:728][ 53]LogModuleManager: Shutting down and abandoning module HotReload (109)
[2017.03.22-09.26.45:728][ 53]LogDirectoryWatcher: A directory notification for 'C:/Users/Tristan/Documents/UniWork/comp140-gam160-game/SuhDude-Game/Binaries/Win64' was aborted.
[2017.03.22-09.26.45:740][ 53]LogModuleManager: Shutting down and abandoning module MainFrame (108)
[2017.03.22-09.26.45:740][ 53]LogModuleManager: Shutting down and abandoning module LevelEditor (107)
[2017.03.22-09.26.45:760][ 53]LogModuleManager: Shutting down and abandoning module ContentBrowser (106)
[2017.03.22-09.26.45:761][ 53]LogModuleManager: Shutting down and abandoning module Paper2DEditor (105)
[2017.03.22-09.26.45:779][ 53]LogModuleManager: Shutting down and abandoning module SuhDude (104)
[2017.03.22-09.26.45:779][ 53]LogModuleManager: Shutting down and abandoning module UdpMessaging (103)
[2017.03.22-09.26.45:880][ 53]LogModuleManager: Shutting down and abandoning module TcpMessaging (102)
[2017.03.22-09.26.46:000][ 53]LogModuleManager: Shutting down and abandoning module LightPropagationVolumeRuntime (101)
[2017.03.22-09.26.46:000][ 53]LogModuleManager: Shutting down and abandoning module Paper2D (100)
[2017.03.22-09.26.46:032][ 53]LogModuleManager: Shutting down and abandoning module WindowsMoviePlayer (99)
[2017.03.22-09.26.46:032][ 53]LogModuleManager: Shutting down and abandoning module WmfMedia (98)
[2017.03.22-09.26.46:035][ 53]LogModuleManager: Shutting down and abandoning module MediaAssets (97)
[2017.03.22-09.26.46:035][ 53]LogModuleManager: Shutting down and abandoning module GameLiveStreaming (96)
[2017.03.22-09.26.46:035][ 53]LogModuleManager: Shutting down and abandoning module GameplayTagsEditor (95)
[2017.03.22-09.26.46:035][ 53]LogModuleManager: Shutting down and abandoning module VREditor (94)
[2017.03.22-09.26.46:035][ 53]LogModuleManager: Shutting down and abandoning module GameplayTasksEditor (93)
[2017.03.22-09.26.46:035][ 53]LogModuleManager: Shutting down and abandoning module BehaviorTreeEditor (92)
[2017.03.22-09.26.46:065][ 53]LogModuleManager: Shutting down and abandoning module FunctionalTesting (91)
[2017.03.22-09.26.46:070][ 53]LogModuleManager: Shutting down and abandoning module CollisionAnalyzer (90)
[2017.03.22-09.26.46:080][ 53]LogModuleManager: Shutting down and abandoning module Sequencer (89)
[2017.03.22-09.26.46:131][ 53]LogModuleManager: Shutting down and abandoning module WorkspaceMenuStructure (88)
[2017.03.22-09.26.46:131][ 53]LogModuleManager: Shutting down and abandoning module MessageLog (87)
[2017.03.22-09.26.46:138][ 53]LogModuleManager: Shutting down and abandoning module AssetTools (86)
[2017.03.22-09.26.46:166][ 53]LogModuleManager: Shutting down and abandoning module UMGEditor (85)
[2017.03.22-09.26.46:202][ 53]LogModuleManager: Shutting down and abandoning module UMG (84)
[2017.03.22-09.26.46:202][ 53]LogModuleManager: Shutting down and abandoning module SlateReflector (83)
[2017.03.22-09.26.46:234][ 53]LogModuleManager: Shutting down and abandoning module Slate (82)
[2017.03.22-09.26.46:234][ 53]LogModuleManager: Shutting down and abandoning module EditorStyle (81)
[2017.03.22-09.26.46:237][ 53]LogModuleManager: Shutting down and abandoning module SourceCodeAccess (80)
[2017.03.22-09.26.46:237][ 53]LogModuleManager: Shutting down and abandoning module HeadMountedDisplay (79)
[2017.03.22-09.26.46:237][ 53]LogModuleManager: Shutting down and abandoning module XAudio2 (78)
[2017.03.22-09.26.46:237][ 53]LogModuleManager: Shutting down and abandoning module Networking (76)
[2017.03.22-09.26.46:237][ 53]LogModuleManager: Shutting down and abandoning module Core (75)
[2017.03.22-09.26.46:237][ 53]LogModuleManager: Shutting down and abandoning module DirectoryWatcher (74)
[2017.03.22-09.26.46:237][ 53]LogDirectoryWatcher: A directory notification for '../../../Engine/Content/' was aborted.
[2017.03.22-09.26.46:237][ 53]LogDirectoryWatcher: A directory notification for '../../../../../../Users/Tristan/Documents/UniWork/comp140-gam160-game/SuhDude-Game/Content/' was aborted.
[2017.03.22-09.26.46:237][ 53]LogDirectoryWatcher: A directory notification for '../../../Engine/Plugins/2D/Paper2D/Content/' was aborted.
[2017.03.22-09.26.46:238][ 53]LogModuleManager: Shutting down and abandoning module AssetRegistry (73)
[2017.03.22-09.26.46:462][ 53]LogModuleManager: Shutting down and abandoning module KismetCompiler (72)
[2017.03.22-09.26.46:462][ 53]LogModuleManager: Shutting down and abandoning module PhysXFormats (71)
[2017.03.22-09.26.46:462][ 53]LogModuleManager: Shutting down and abandoning module SimplygonSwarm (70)
[2017.03.22-09.26.46:472][ 53]LogModuleManager: Shutting down and abandoning module SimplygonMeshReduction (69)
[2017.03.22-09.26.46:478][ 53]LogModuleManager: Shutting down and abandoning module QuadricMeshReduction (68)
[2017.03.22-09.26.46:478][ 53]LogModuleManager: Shutting down and abandoning module PropertyEditor (67)
[2017.03.22-09.26.46:483][ 53]LogModuleManager: Shutting down and abandoning module MeshUtilities (66)
[2017.03.22-09.26.46:499][ 53]LogModuleManager: Shutting down and abandoning module DerivedDataCache (65)
[2017.03.22-09.26.46:551][ 53]LogDerivedDataCache: Shutdown
[2017.03.22-09.26.46:552][ 53]LogModuleManager: Shutting down and abandoning module VulkanShaderFormat (64)
[2017.03.22-09.26.46:566][ 53]LogModuleManager: Shutting down and abandoning module ShaderFormatOpenGL (63)
[2017.03.22-09.26.46:572][ 53]LogModuleManager: Shutting down and abandoning module ShaderFormatD3D (62)
[2017.03.22-09.26.46:572][ 53]LogModuleManager: Shutting down and abandoning module MetalShaderFormat (61)
[2017.03.22-09.26.46:584][ 53]LogModuleManager: Shutting down and abandoning module TextureFormatUncompressed (60)
[2017.03.22-09.26.46:584][ 53]LogModuleManager: Shutting down and abandoning module TextureFormatPVR (59)
[2017.03.22-09.26.46:584][ 53]LogModuleManager: Shutting down and abandoning module TextureFormatDXT (58)
[2017.03.22-09.26.46:584][ 53]LogModuleManager: Shutting down and abandoning module TextureFormatIntelISPCTexComp (57)
[2017.03.22-09.26.46:605][ 53]LogModuleManager: Shutting down and abandoning module ImageWrapper (56)
[2017.03.22-09.26.46:605][ 53]LogModuleManager: Shutting down and abandoning module TextureFormatASTC (55)
[2017.03.22-09.26.46:605][ 53]LogModuleManager: Shutting down and abandoning module TextureFormatAndroid (54)
[2017.03.22-09.26.46:605][ 53]LogModuleManager: Shutting down and abandoning module AudioFormatOpus (53)
[2017.03.22-09.26.46:619][ 53]LogModuleManager: Shutting down and abandoning module AudioFormatOgg (52)
[2017.03.22-09.26.46:619][ 53]LogModuleManager: Shutting down and abandoning module AudioFormatADPCM (51)
[2017.03.22-09.26.46:619][ 53]LogModuleManager: Shutting down and abandoning module LinuxTargetPlatform (50)
[2017.03.22-09.26.46:619][ 53]LogModuleManager: Shutting down and abandoning module LinuxServerTargetPlatform (49)
[2017.03.22-09.26.46:619][ 53]LogModuleManager: Shutting down and abandoning module LinuxNoEditorTargetPlatform (48)
[2017.03.22-09.26.46:619][ 53]LogModuleManager: Shutting down and abandoning module LinuxClientTargetPlatform (47)
[2017.03.22-09.26.46:619][ 53]LogModuleManager: Shutting down and abandoning module TVOSTargetPlatform (46)
[2017.03.22-09.26.46:619][ 53]LogModuleManager: Shutting down and abandoning module Messaging (45)
[2017.03.22-09.26.46:619][ 53]LogModuleManager: Shutting down and abandoning module IOSTargetPlatform (44)
[2017.03.22-09.26.46:619][ 53]LogModuleManager: Shutting down and abandoning module HTML5TargetPlatform (43)
[2017.03.22-09.26.46:619][ 53]LogModuleManager: Shutting down and abandoning module Android_PVRTCTargetPlatform (42)
[2017.03.22-09.26.46:619][ 53]LogModuleManager: Shutting down and abandoning module Android_MultiTargetPlatform (41)
[2017.03.22-09.26.46:619][ 53]LogModuleManager: Shutting down and abandoning module Android_ETC2TargetPlatform (40)
[2017.03.22-09.26.46:619][ 53]LogModuleManager: Shutting down and abandoning module Android_ETC1TargetPlatform (39)
[2017.03.22-09.26.46:619][ 53]LogModuleManager: Shutting down and abandoning module Android_DXTTargetPlatform (38)
[2017.03.22-09.26.46:619][ 53]LogModuleManager: Shutting down and abandoning module Android_ATCTargetPlatform (37)
[2017.03.22-09.26.46:619][ 53]LogModuleManager: Shutting down and abandoning module Android_ASTCTargetPlatform (36)
[2017.03.22-09.26.46:619][ 53]LogModuleManager: Shutting down and abandoning module AndroidTargetPlatform (35)
[2017.03.22-09.26.46:619][ 53]LogModuleManager: Shutting down and abandoning module WindowsTargetPlatform (34)
[2017.03.22-09.26.46:619][ 53]LogModuleManager: Shutting down and abandoning module WindowsServerTargetPlatform (33)
[2017.03.22-09.26.46:619][ 53]LogModuleManager: Shutting down and abandoning module WindowsNoEditorTargetPlatform (32)
[2017.03.22-09.26.46:619][ 53]LogModuleManager: Shutting down and abandoning module WindowsClientTargetPlatform (31)
[2017.03.22-09.26.46:619][ 53]LogModuleManager: Shutting down and abandoning module MacTargetPlatform (30)
[2017.03.22-09.26.46:619][ 53]LogModuleManager: Shutting down and abandoning module MacServerTargetPlatform (29)
[2017.03.22-09.26.46:619][ 53]LogModuleManager: Shutting down and abandoning module MacNoEditorTargetPlatform (28)
[2017.03.22-09.26.46:619][ 53]LogModuleManager: Shutting down and abandoning module MacClientTargetPlatform (27)
[2017.03.22-09.26.46:619][ 53]LogModuleManager: Shutting down and abandoning module AllDesktopTargetPlatform (26)
[2017.03.22-09.26.46:619][ 53]LogModuleManager: Shutting down and abandoning module TargetPlatform (25)
[2017.03.22-09.26.46:619][ 53]LogModuleManager: Shutting down and abandoning module InputCore (24)
[2017.03.22-09.26.46:619][ 53]LogModuleManager: Shutting down and abandoning module Settings (23)
[2017.03.22-09.26.46:620][ 53]LogModuleManager: Shutting down and abandoning module OculusRift (22)
[2017.03.22-09.26.46:635][ 53]LogModuleManager: Shutting down and abandoning module ExampleDeviceProfileSelector (21)
[2017.03.22-09.26.46:635][ 53]LogModuleManager: Shutting down and abandoning module OnlineBlueprintSupport (20)
[2017.03.22-09.26.46:635][ 53]LogModuleManager: Shutting down and abandoning module OnlineSubsystem (18)
[2017.03.22-09.26.46:635][ 53]LogOnline:Display: Unloading online subsystem: NULL
[2017.03.22-09.26.46:675][ 53]LogModuleManager: Shutting down and abandoning module SSL (17)
[2017.03.22-09.26.46:689][ 53]LogModuleManager: Shutting down and abandoning module HTTP (16)
[2017.03.22-09.26.46:689][ 53]LogModuleManager: Shutting down and abandoning module XMPP (15)
[2017.03.22-09.26.46:713][ 53]LogModuleManager: Shutting down and abandoning module TextureCompressor (14)
[2017.03.22-09.26.46:728][ 53]LogModuleManager: Shutting down and abandoning module ShaderCore (13)
[2017.03.22-09.26.46:728][ 53]LogModuleManager: Shutting down and abandoning module Landscape (12)
[2017.03.22-09.26.46:728][ 53]LogModuleManager: Shutting down and abandoning module SlateRHIRenderer (11)
[2017.03.22-09.26.46:754][ 53]LogModuleManager: Shutting down and abandoning module OpenGLDrv (10)
[2017.03.22-09.26.46:759][ 53]LogModuleManager: Shutting down and abandoning module D3D11RHI (9)
[2017.03.22-09.26.46:759][ 53]LogModuleManager: Shutting down and abandoning module AnimGraphRuntime (8)
[2017.03.22-09.26.46:770][ 53]LogModuleManager: Shutting down and abandoning module Renderer (7)
[2017.03.22-09.26.46:779][ 53]LogModuleManager: Shutting down and abandoning module Engine (6)
[2017.03.22-09.26.46:779][ 53]LogModuleManager: Shutting down and abandoning module CoreUObject (5)
[2017.03.22-09.26.46:779][ 53]LogModuleManager: Shutting down and abandoning module NetworkFile (4)
[2017.03.22-09.26.46:784][ 53]LogModuleManager: Shutting down and abandoning module StreamingFile (3)
[2017.03.22-09.26.46:784][ 53]LogModuleManager: Shutting down and abandoning module SandboxFile (2)
[2017.03.22-09.26.46:784][ 53]LogModuleManager: Shutting down and abandoning module PakFile (1)
[2017.03.22-09.26.46:793][ 53]LogExit: Exiting.
[2017.03.22-09.26.46:808][ 53]Log file closed, 03/22/17 09:26:46
