Log file open, 03/28/17 22:50:39
LogInit:Display: Running engine for game: SuhDude
LogPlatformFile: Not using cached read wrapper
LogInit:Display: RandInit(1167193491) SRandInit(1167193491).
LogTaskGraph: Started task graph with 5 named threads and 6 total threads with 1 sets of task threads.
LogStats: Stats thread started at 0.079444
LogPluginManager: Loaded Plugin Paper2D, From C:/Program Files/Epic Games/UE_4.14/Engine/Plugins/2D/Paper2D/Paper2D.uplugin
LogPluginManager: Loaded Plugin LightPropagationVolume, From C:/Program Files/Epic Games/UE_4.14/Engine/Plugins/Blendables/LightPropagationVolume/LightPropagationVolume.uplugin
LogPluginManager: Loaded Plugin BlankPlugin, From C:/Program Files/Epic Games/UE_4.14/Engine/Plugins/Developer/BlankPlugin/BlankPlugin.uplugin
LogPluginManager: Loaded Plugin CodeLiteSourceCodeAccess, From C:/Program Files/Epic Games/UE_4.14/Engine/Plugins/Developer/CodeLiteSourceCodeAccess/CodeLiteSourceCodeAccess.uplugin
LogPluginManager: Loaded Plugin GitSourceControl, From C:/Program Files/Epic Games/UE_4.14/Engine/Plugins/Developer/GitSourceControl/GitSourceControl.uplugin
LogPluginManager: Loaded Plugin KDevelopSourceCodeAccess, From C:/Program Files/Epic Games/UE_4.14/Engine/Plugins/Developer/KDevelopSourceCodeAccess/KDevelopSourceCodeAccess.uplugin
LogPluginManager: Loaded Plugin NullSourceCodeAccess, From C:/Program Files/Epic Games/UE_4.14/Engine/Plugins/Developer/NullSourceCodeAccess/NullSourceCodeAccess.uplugin
LogPluginManager: Loaded Plugin OneSkyLocalizationService, From C:/Program Files/Epic Games/UE_4.14/Engine/Plugins/Developer/OneSkyLocalizationService/OneSkyLocalizationService.uplugin
LogPluginManager: Loaded Plugin PerforceSourceControl, From C:/Program Files/Epic Games/UE_4.14/Engine/Plugins/Developer/PerforceSourceControl/PerforceSourceControl.uplugin
LogPluginManager: Loaded Plugin SubversionSourceControl, From C:/Program Files/Epic Games/UE_4.14/Engine/Plugins/Developer/SubversionSourceControl/SubversionSourceControl.uplugin
LogPluginManager: Loaded Plugin UObjectPlugin, From C:/Program Files/Epic Games/UE_4.14/Engine/Plugins/Developer/UObjectPlugin/UObjectPlugin.uplugin
LogPluginManager: Loaded Plugin VisualStudioSourceCodeAccess, From C:/Program Files/Epic Games/UE_4.14/Engine/Plugins/Developer/VisualStudioSourceCodeAccess/VisualStudioSourceCodeAccess.uplugin
LogPluginManager: Loaded Plugin XCodeSourceCodeAccess, From C:/Program Files/Epic Games/UE_4.14/Engine/Plugins/Developer/XCodeSourceCodeAccess/XCodeSourceCodeAccess.uplugin
LogPluginManager: Loaded Plugin AudioCapture, From C:/Program Files/Epic Games/UE_4.14/Engine/Plugins/Editor/AudioCapture/AudioCapture.uplugin
LogPluginManager: Loaded Plugin EpicSurvey, From C:/Program Files/Epic Games/UE_4.14/Engine/Plugins/Editor/EpicSurvey/EpicSurvey.uplugin
LogPluginManager: Loaded Plugin MacGraphicsSwitching, From C:/Program Files/Epic Games/UE_4.14/Engine/Plugins/Editor/MacGraphicsSwitching/MacGraphicsSwitching.uplugin
LogPluginManager: Loaded Plugin MobileLauncherProfileWizard, From C:/Program Files/Epic Games/UE_4.14/Engine/Plugins/Editor/MobileLauncherProfileWizard/MobileLauncherProfileWizard.uplugin
LogPluginManager: Loaded Plugin PluginBrowser, From C:/Program Files/Epic Games/UE_4.14/Engine/Plugins/Editor/PluginBrowser/PluginBrowser.uplugin
LogPluginManager: Loaded Plugin SpeedTreeImporter, From C:/Program Files/Epic Games/UE_4.14/Engine/Plugins/Editor/SpeedTreeImporter/SpeedTreeImporter.uplugin
LogPluginManager: Loaded Plugin SuperSearchEditor, From C:/Program Files/Epic Games/UE_4.14/Engine/Plugins/Editor/SuperSearchEditor/SuperSearchEditor.uplugin
LogPluginManager: Loaded Plugin AlembicImporter, From C:/Program Files/Epic Games/UE_4.14/Engine/Plugins/Experimental/AlembicImporter/AlembicImporter.uplugin
LogPluginManager: Loaded Plugin BlueprintStats, From C:/Program Files/Epic Games/UE_4.14/Engine/Plugins/Experimental/BlueprintStats/BlueprintStats.uplugin
LogPluginManager: Loaded Plugin CharacterAI, From C:/Program Files/Epic Games/UE_4.14/Engine/Plugins/Experimental/CharacterAI/CharacterAI.uplugin
LogPluginManager: Loaded Plugin CodeEditor, From C:/Program Files/Epic Games/UE_4.14/Engine/Plugins/Experimental/CodeEditor/CodeEditor.uplugin
LogPluginManager: Loaded Plugin CodeView, From C:/Program Files/Epic Games/UE_4.14/Engine/Plugins/Experimental/CodeView/CodeView.uplugin
LogPluginManager: Loaded Plugin HTML5Networking, From C:/Program Files/Epic Games/UE_4.14/Engine/Plugins/Experimental/HTML5Networking/HTML5Networking.uplugin
LogPluginManager: Loaded Plugin OSVR, From C:/Program Files/Epic Games/UE_4.14/Engine/Plugins/Experimental/OSVR/OSVR.uplugin
LogPluginManager: Loaded Plugin Phya, From C:/Program Files/Epic Games/UE_4.14/Engine/Plugins/Experimental/Phya/Phya.uplugin
LogPluginManager: Loaded Plugin SignificanceManager, From C:/Program Files/Epic Games/UE_4.14/Engine/Plugins/Experimental/SignificanceManager/SignificanceManager.uplugin
LogPluginManager: Loaded Plugin SimpleHMD, From C:/Program Files/Epic Games/UE_4.14/Engine/Plugins/Experimental/SimpleHMD/SimpleHMD.uplugin
LogPluginManager: Loaded Plugin StereoPanorama, From C:/Program Files/Epic Games/UE_4.14/Engine/Plugins/Experimental/StereoPanorama/StereoPanorama.uplugin
LogPluginManager: Loaded Plugin StructBox, From C:/Program Files/Epic Games/UE_4.14/Engine/Plugins/Experimental/StructBox/StructBox.uplugin
LogPluginManager: Loaded Plugin AndroidMedia, From C:/Program Files/Epic Games/UE_4.14/Engine/Plugins/Media/AndroidMedia/AndroidMedia.uplugin
LogPluginManager: Loaded Plugin AvfMedia, From C:/Program Files/Epic Games/UE_4.14/Engine/Plugins/Media/AvfMedia/AvfMedia.uplugin
LogPluginManager: Loaded Plugin MediaPlayerEditor, From C:/Program Files/Epic Games/UE_4.14/Engine/Plugins/Media/MediaPlayerEditor/MediaPlayerEditor.uplugin
LogPluginManager: Loaded Plugin WmfMedia, From C:/Program Files/Epic Games/UE_4.14/Engine/Plugins/Media/WmfMedia/WmfMedia.uplugin
LogPluginManager: Loaded Plugin MessagingDebugger, From C:/Program Files/Epic Games/UE_4.14/Engine/Plugins/Messaging/MessagingDebugger/MessagingDebugger.uplugin
LogPluginManager: Loaded Plugin TcpMessaging, From C:/Program Files/Epic Games/UE_4.14/Engine/Plugins/Messaging/TcpMessaging/TcpMessaging.uplugin
LogPluginManager: Loaded Plugin UdpMessaging, From C:/Program Files/Epic Games/UE_4.14/Engine/Plugins/Messaging/UdpMessaging/UdpMessaging.uplugin
LogPluginManager: Loaded Plugin LevelSequenceEditor, From C:/Program Files/Epic Games/UE_4.14/Engine/Plugins/MovieScene/LevelSequenceEditor/LevelSequenceEditor.uplugin
LogPluginManager: Loaded Plugin MatineeToLevelSequence, From C:/Program Files/Epic Games/UE_4.14/Engine/Plugins/MovieScene/MatineeToLevelSequence/MatineeToLevelSequence.uplugin
LogPluginManager: Loaded Plugin NetcodeUnitTest, From C:/Program Files/Epic Games/UE_4.14/Engine/Plugins/NetcodeUnitTest/NetcodeUnitTest/NetcodeUnitTest.uplugin
LogPluginManager: Loaded Plugin NUTUnrealEngine4, From C:/Program Files/Epic Games/UE_4.14/Engine/Plugins/NetcodeUnitTest/NUTUnrealEngine4/NUTUnrealEngine4.uplugin
LogPluginManager: Loaded Plugin OnlineSubsystemGameCircle, From C:/Program Files/Epic Games/UE_4.14/Engine/Plugins/Online/Android/OnlineSubsystemGameCircle/OnlineSubsystemGameCircle.uplugin
LogPluginManager: Loaded Plugin OnlineSubsystemGooglePlay, From C:/Program Files/Epic Games/UE_4.14/Engine/Plugins/Online/Android/OnlineSubsystemGooglePlay/OnlineSubsystemGooglePlay.uplugin
LogPluginManager: Loaded Plugin OnlineSubsystemIOS, From C:/Program Files/Epic Games/UE_4.14/Engine/Plugins/Online/IOS/OnlineSubsystemIOS/OnlineSubsystemIOS.uplugin
LogPluginManager: Loaded Plugin OnlineFramework, From C:/Program Files/Epic Games/UE_4.14/Engine/Plugins/Online/OnlineFramework/OnlineFramework.uplugin
LogPluginManager: Loaded Plugin OnlineSubsystem, From C:/Program Files/Epic Games/UE_4.14/Engine/Plugins/Online/OnlineSubsystem/OnlineSubsystem.uplugin
LogPluginManager: Loaded Plugin OnlineSubsystemAmazon, From C:/Program Files/Epic Games/UE_4.14/Engine/Plugins/Online/OnlineSubsystemAmazon/OnlineSubsystemAmazon.uplugin
LogPluginManager: Loaded Plugin OnlineSubsystemFacebook, From C:/Program Files/Epic Games/UE_4.14/Engine/Plugins/Online/OnlineSubsystemFacebook/OnlineSubsystemFacebook.uplugin
LogPluginManager: Loaded Plugin OnlineSubsystemNull, From C:/Program Files/Epic Games/UE_4.14/Engine/Plugins/Online/OnlineSubsystemNull/OnlineSubsystemNull.uplugin
LogPluginManager: Loaded Plugin OnlineSubsystemOculus, From C:/Program Files/Epic Games/UE_4.14/Engine/Plugins/Online/OnlineSubsystemOculus/OnlineSubsystemOculus.uplugin
LogPluginManager: Loaded Plugin OnlineSubsystemSteam, From C:/Program Files/Epic Games/UE_4.14/Engine/Plugins/Online/OnlineSubsystemSteam/OnlineSubsystemSteam.uplugin
LogPluginManager: Loaded Plugin OnlineSubsystemUtils, From C:/Program Files/Epic Games/UE_4.14/Engine/Plugins/Online/OnlineSubsystemUtils/OnlineSubsystemUtils.uplugin
LogPluginManager: Loaded Plugin IOSTapJoy, From C:/Program Files/Epic Games/UE_4.14/Engine/Plugins/Runtime/Advertising/IOSTapJoy/IOSTapJoy.uplugin
LogPluginManager: Loaded Plugin AnalyticsBlueprintLibrary, From C:/Program Files/Epic Games/UE_4.14/Engine/Plugins/Runtime/Analytics/AnalyticsBlueprintLibrary/AnalyticsBlueprintLibrary.uplugin
LogPluginManager: Loaded Plugin AnalyticsMulticast, From C:/Program Files/Epic Games/UE_4.14/Engine/Plugins/Runtime/Analytics/AnalyticsMulticast/AnalyticsMulticast.uplugin
LogPluginManager: Loaded Plugin Apsalar, From C:/Program Files/Epic Games/UE_4.14/Engine/Plugins/Runtime/Analytics/Apsalar/Apsalar.uplugin
LogPluginManager: Loaded Plugin FileLogging, From C:/Program Files/Epic Games/UE_4.14/Engine/Plugins/Runtime/Analytics/FileLogging/FileLogging.uplugin
LogPluginManager: Loaded Plugin Flurry, From C:/Program Files/Epic Games/UE_4.14/Engine/Plugins/Runtime/Analytics/Flurry/Flurry.uplugin
LogPluginManager: Loaded Plugin AndroidDeviceProfileSelector, From C:/Program Files/Epic Games/UE_4.14/Engine/Plugins/Runtime/AndroidDeviceProfileSelector/AndroidDeviceProfileSelector.uplugin
LogPluginManager: Loaded Plugin AndroidMoviePlayer, From C:/Program Files/Epic Games/UE_4.14/Engine/Plugins/Runtime/AndroidMoviePlayer/AndroidMoviePlayer.uplugin
LogPluginManager: Loaded Plugin AppleMoviePlayer, From C:/Program Files/Epic Games/UE_4.14/Engine/Plugins/Runtime/AppleMoviePlayer/AppleMoviePlayer.uplugin
LogPluginManager: Loaded Plugin ArchVisCharacter, From C:/Program Files/Epic Games/UE_4.14/Engine/Plugins/Runtime/ArchVisCharacter/ArchVisCharacter.uplugin
LogPluginManager: Loaded Plugin CableComponent, From C:/Program Files/Epic Games/UE_4.14/Engine/Plugins/Runtime/CableComponent/CableComponent.uplugin
LogPluginManager: Loaded Plugin CustomMeshComponent, From C:/Program Files/Epic Games/UE_4.14/Engine/Plugins/Runtime/CustomMeshComponent/CustomMeshComponent.uplugin
LogPluginManager: Loaded Plugin ExampleDeviceProfileSelector, From C:/Program Files/Epic Games/UE_4.14/Engine/Plugins/Runtime/ExampleDeviceProfileSelector/ExampleDeviceProfileSelector.uplugin
LogPluginManager: Loaded Plugin GearVR, From C:/Program Files/Epic Games/UE_4.14/Engine/Plugins/Runtime/GearVR/GearVR.uplugin
LogPluginManager: Loaded Plugin GoogleVRController, From C:/Program Files/Epic Games/UE_4.14/Engine/Plugins/Runtime/GoogleVR/GoogleVRController/GoogleVRController.uplugin
LogPluginManager: Loaded Plugin GoogleVRHMD, From C:/Program Files/Epic Games/UE_4.14/Engine/Plugins/Runtime/GoogleVR/GoogleVRHMD/GoogleVRHMD.uplugin
LogPluginManager: Loaded Plugin IOSDeviceProfileSelector, From C:/Program Files/Epic Games/UE_4.14/Engine/Plugins/Runtime/IOSDeviceProfileSelector/IOSDeviceProfileSelector.uplugin
LogPluginManager: Loaded Plugin LeapMotion, From C:/Program Files/Epic Games/UE_4.14/Engine/Plugins/Runtime/LeapMotion/LeapMotion.uplugin
LogPluginManager: Loaded Plugin LinuxDeviceProfileSelector, From C:/Program Files/Epic Games/UE_4.14/Engine/Plugins/Runtime/LinuxDeviceProfileSelector/LinuxDeviceProfileSelector.uplugin
LogPluginManager: Loaded Plugin MIDIDevice, From C:/Program Files/Epic Games/UE_4.14/Engine/Plugins/Runtime/MIDIDevice/MIDIDevice.uplugin
LogPluginManager: Loaded Plugin MobilePatchingUtils, From C:/Program Files/Epic Games/UE_4.14/Engine/Plugins/Runtime/MobilePatchingUtils/MobilePatchingUtils.uplugin
LogPluginManager: Loaded Plugin Ansel, From C:/Program Files/Epic Games/UE_4.14/Engine/Plugins/Runtime/Nvidia/Ansel/Ansel.uplugin
LogPluginManager: Loaded Plugin OculusAudio, From C:/Program Files/Epic Games/UE_4.14/Engine/Plugins/Runtime/OculusAudio/OculusAudio.uplugin
LogPluginManager: Loaded Plugin OculusInput, From C:/Program Files/Epic Games/UE_4.14/Engine/Plugins/Runtime/OculusInput/OculusInput.uplugin
LogPluginManager: Loaded Plugin OculusLibrary, From C:/Program Files/Epic Games/UE_4.14/Engine/Plugins/Runtime/OculusLibrary/OculusLibrary.uplugin
LogPluginManager: Loaded Plugin OculusRift, From C:/Program Files/Epic Games/UE_4.14/Engine/Plugins/Runtime/OculusRift/OculusRift.uplugin
LogPluginManager: Loaded Plugin Oodle, From C:/Program Files/Epic Games/UE_4.14/Engine/Plugins/Runtime/PacketHandlers/CompressionComponents/Oodle/Oodle.uplugin
LogPluginManager: Loaded Plugin ProceduralMeshComponent, From C:/Program Files/Epic Games/UE_4.14/Engine/Plugins/Runtime/ProceduralMeshComponent/ProceduralMeshComponent.uplugin
LogPluginManager: Loaded Plugin SoundMod, From C:/Program Files/Epic Games/UE_4.14/Engine/Plugins/Runtime/SoundMod/SoundMod.uplugin
LogPluginManager: Loaded Plugin SoundVisualizations, From C:/Program Files/Epic Games/UE_4.14/Engine/Plugins/Runtime/SoundVisualizations/SoundVisualizations.uplugin
LogPluginManager: Loaded Plugin SteamController, From C:/Program Files/Epic Games/UE_4.14/Engine/Plugins/Runtime/Steam/SteamController/SteamController.uplugin
LogPluginManager: Loaded Plugin SteamVR, From C:/Program Files/Epic Games/UE_4.14/Engine/Plugins/Runtime/Steam/SteamVR/SteamVR.uplugin
LogPluginManager: Loaded Plugin WebBrowserWidget, From C:/Program Files/Epic Games/UE_4.14/Engine/Plugins/Runtime/WebBrowserWidget/WebBrowserWidget.uplugin
LogPluginManager: Loaded Plugin WindowsDeviceProfileSelector, From C:/Program Files/Epic Games/UE_4.14/Engine/Plugins/Runtime/WindowsDeviceProfileSelector/WindowsDeviceProfileSelector.uplugin
LogPluginManager: Loaded Plugin WindowsMoviePlayer, From C:/Program Files/Epic Games/UE_4.14/Engine/Plugins/Runtime/WindowsMoviePlayer/WindowsMoviePlayer.uplugin
LogPluginManager: Loaded Plugin ScriptPlugin, From C:/Program Files/Epic Games/UE_4.14/Engine/Plugins/ScriptPlugin/ScriptPlugin.uplugin
LogPluginManager: Loaded Plugin SlateRemote, From C:/Program Files/Epic Games/UE_4.14/Engine/Plugins/Slate/SlateRemote/SlateRemote.uplugin
LogPluginManager: Loaded Plugin EditorTests, From C:/Program Files/Epic Games/UE_4.14/Engine/Plugins/Tests/EditorTests/EditorTests.uplugin
LogPluginManager: Loaded Plugin FbxAutomationTestBuilder, From C:/Program Files/Epic Games/UE_4.14/Engine/Plugins/Tests/FbxAutomationTestBuilder/FbxAutomationTestBuilder.uplugin
LogPluginManager: Loaded Plugin FunctionalTestingEditor, From C:/Program Files/Epic Games/UE_4.14/Engine/Plugins/Tests/FunctionalTestingEditor/FunctionalTestingEditor.uplugin
LogPluginManager: Loaded Plugin RuntimeTests, From C:/Program Files/Epic Games/UE_4.14/Engine/Plugins/Tests/RuntimeTests/RuntimeTests.uplugin
LogPluginManager: Loaded Plugin ScreenshotTools, From C:/Program Files/Epic Games/UE_4.14/Engine/Plugins/Tests/ScreenshotTools/ScreenshotTools.uplugin
LogInit: Using libcurl 7.47.1
LogInit:  - built for x86_64-pc-win32
LogInit:  - supports SSL with OpenSSL/1.0.2g
LogInit:  - supports HTTP deflate (compression) using libz 1.2.8
LogInit:  - other features:
LogInit:      CURL_VERSION_SSL
LogInit:      CURL_VERSION_LIBZ
LogInit:      CURL_VERSION_IPV6
LogInit:      CURL_VERSION_ASYNCHDNS
LogInit:      CURL_VERSION_LARGEFILE
LogInit:      CURL_VERSION_IDN
LogInit:  CurlRequestOptions (configurable via config and command line):
LogInit:  - bVerifyPeer = false  - Libcurl will NOT verify peer certificate
LogInit:  - bUseHttpProxy = false  - Libcurl will NOT use HTTP proxy
LogInit:  - bDontReuseConnections = false  - Libcurl will reuse connections
LogInit:  - CertBundlePath = nullptr  - Libcurl will use whatever was configured at build time.
LogInit: Build: ++UE4+Release-4.14-CL-3249277
LogInit: Engine Version: 4.14.3-3249277+++UE4+Release-4.14
LogInit: Compatible Engine Version: 4.14.0-3195953+++UE4+Release-4.14
LogInit: Net CL: 3195953
LogDevObjectVersion: Number of dev versions registered: 13
LogDevObjectVersion:   Dev-Blueprints (B0D832E4-1F89-4F0D-ACCF-7EB736FD4AA2): 7
LogDevObjectVersion:   Dev-Build (E1C64328-A22C-4D53-A36C-8E866417BD8C): 0
LogDevObjectVersion:   Dev-Core (375EC13C-06E4-48FB-B500-84F0262A717E): 1
LogDevObjectVersion:   Dev-Editor (E4B068ED-F494-42E9-A231-DA0B2E46BB41): 8
LogDevObjectVersion:   Dev-Framework (CFFC743F-43B0-4480-9391-14DF171D2073): 17
LogDevObjectVersion:   Dev-Mobile (B02B49B5-BB20-44E9-A304-32B752E40360): 0
LogDevObjectVersion:   Dev-Networking (A4E4105C-59A1-49B5-A7C5-40C4547EDFEE): 0
LogDevObjectVersion:   Dev-Online (39C831C9-5AE6-47DC-9A44-9C173E1C8E7C): 0
LogDevObjectVersion:   Dev-Physics (78F01B33-EBEA-4F98-B9B4-84EACCB95AA2): 0
LogDevObjectVersion:   Dev-Platform (6631380F-2D4D-43E0-8009-CF276956A95A): 0
LogDevObjectVersion:   Dev-Rendering (12F88B9F-8875-4AFC-A67C-D90C383ABD29): 12
LogDevObjectVersion:   Dev-Sequencer (7B5AE74C-D270-4C10-A958-57980B212A5A): 1
LogDevObjectVersion:   Dev-VR (D7296918-1DD6-4BDD-9DE2-64A83CC13884): 0
LogInit: Compiled (64-bit): Jan  6 2017 10:49:43
LogInit: Compiled with Visual C++: 19.00.23026.00
LogInit: Build Configuration: Development
LogInit: Branch Name: ++UE4+Release-4.14
LogInit: Command line: 
LogInit: Base directory: C:/Program Files/Epic Games/UE_4.14/Engine/Binaries/Win64/
LogInit: Installed Engine Build: 1
LogInit: Presizing for max 8388607 objects, including 0 objects not considered by GC, pre-allocating 0 bytes for permanent pool.
LogInit: Object subsystem initialized
[2017.03.28-21.50.39:903][  0]LogInit: Selected Device Profile: [Windows]
[2017.03.28-21.50.39:903][  0]LogInit: Applying CVar settings loaded from the selected device profile: [Windows]
[2017.03.28-21.50.39:923][  0]LogInit: Computer: LAPTOP-HOJJGP5S
[2017.03.28-21.50.39:923][  0]LogInit: User: Tristan
[2017.03.28-21.50.39:923][  0]LogInit: CPU Page size=65536, Cores=2
[2017.03.28-21.50.39:923][  0]LogInit: High frequency timer resolution =2.343752 MHz
[2017.03.28-21.50.39:924][  0]LogMemory: Memory total: Physical=7.8GB (8GB approx)
[2017.03.28-21.50.39:924][  0]LogMemory: Platform Memory Stats for Windows
[2017.03.28-21.50.39:924][  0]LogMemory: Process Physical Memory: 264.29 MB used, 264.29 MB peak
[2017.03.28-21.50.39:924][  0]LogMemory: Process Virtual Memory: 262.59 MB used, 262.59 MB peak
[2017.03.28-21.50.39:924][  0]LogMemory: Physical Memory: 4974.72 MB used,  3056.13 MB free, 8030.84 MB total
[2017.03.28-21.50.39:924][  0]LogMemory: Virtual Memory: 674.75 MB used,  3056.13 MB free, 134217728.00 MB total
[2017.03.28-21.50.39:965][  0]LogTextLocalizationManager: No specific translations for ('en-GB') exist, so ('en') translations will be used.
[2017.03.28-21.50.40:819][  0]LogD3D11RHI: D3D11 adapters:
[2017.03.28-21.50.40:856][  0]LogD3D11RHI:    0. 'NVIDIA GeForce 940M' (Feature Level 11_0)
[2017.03.28-21.50.40:856][  0]LogD3D11RHI:       2020/0/4015 MB DedicatedVideo/DedicatedSystem/SharedSystem, Outputs:1, VendorId:0x10de
[2017.03.28-21.50.40:864][  0]LogD3D11RHI:    1. 'Intel(R) HD Graphics 520' (Feature Level 11_0)
[2017.03.28-21.50.40:864][  0]LogD3D11RHI:       128/0/4015 MB DedicatedVideo/DedicatedSystem/SharedSystem, Outputs:0, VendorId:0x8086
[2017.03.28-21.50.40:866][  0]LogD3D11RHI:    2. 'Microsoft Basic Render Driver' (Feature Level 11_0)
[2017.03.28-21.50.40:866][  0]LogD3D11RHI:       0/0/4015 MB DedicatedVideo/DedicatedSystem/SharedSystem, Outputs:0, VendorId:0x1414
[2017.03.28-21.50.40:866][  0]LogD3D11RHI: Chosen D3D11 Adapter: 0
[2017.03.28-21.50.40:873][  0]LogD3D11RHI: Creating new Direct3DDevice
[2017.03.28-21.50.40:873][  0]LogD3D11RHI:     GPU DeviceId: 0x1347 (for the marketing name, search the web for "GPU Device Id")
[2017.03.28-21.50.40:873][  0]LogWindows: EnumDisplayDevices:
[2017.03.28-21.50.40:873][  0]LogWindows:    0. 'Intel(R) HD Graphics 520' (P:1 D:1)
[2017.03.28-21.50.40:873][  0]LogWindows:    1. 'Intel(R) HD Graphics 520' (P:0 D:0)
[2017.03.28-21.50.40:874][  0]LogWindows:    2. 'Intel(R) HD Graphics 520' (P:0 D:0)
[2017.03.28-21.50.40:874][  0]LogWindows: DebugString: PrimaryIsNotTheChoosenAdapter PrimaryIsNotTheChoosenAdapter PrimaryIsNotTheChoosenAdapter FoundDriverCount:0 
[2017.03.28-21.50.40:874][  0]LogD3D11RHI:     Adapter Name: NVIDIA GeForce 940M
[2017.03.28-21.50.40:874][  0]LogD3D11RHI:   Driver Version: Unknown (internal:Unknown, unified:Unknown)
[2017.03.28-21.50.40:874][  0]LogD3D11RHI:      Driver Date: Unknown
[2017.03.28-21.50.40:874][  0]LogRHI: Texture pool is 1361 MB (70% of 1945 MB)
[2017.03.28-21.50.40:890][  0]LogD3D11RHI: Async texture creation enabled
[2017.03.28-21.50.40:911][  0]LogD3D11RHI: GPU Timing Frequency: 1000.000000 (Debug: 2 2)
[2017.03.28-21.50.40:912][  0]LogShaderCompilers: Guid format shader working directory is -35 characters bigger than the processId version (../../../../../../Users/Tristan/Documents/UniWork/comp140-gam160-game/SuhDude-Game/Intermediate/Shaders/WorkingDirectory/12148/).
[2017.03.28-21.50.40:912][  0]LogShaderCompilers: Cleaned the shader compiler working directory 'C:/Users/Tristan/AppData/Local/Temp/UnrealShaderWorkingDir/B111703440DC11BF1DCFB7B3015A0C22/'.
[2017.03.28-21.50.40:912][  0]LogShaderCompilers:Display: Using Local Shader Compiler.
[2017.03.28-21.50.42:432][  0]LogTemp:Display: Loaded TP AllDesktopTargetPlatform
[2017.03.28-21.50.42:504][  0]LogTemp:Display: Loaded TP MacClientTargetPlatform
[2017.03.28-21.50.42:571][  0]LogTemp:Display: Loaded TP MacNoEditorTargetPlatform
[2017.03.28-21.50.42:637][  0]LogTemp:Display: Loaded TP MacServerTargetPlatform
[2017.03.28-21.50.42:707][  0]LogTemp:Display: Loaded TP MacTargetPlatform
[2017.03.28-21.50.42:775][  0]LogTemp:Display: Loaded TP WindowsClientTargetPlatform
[2017.03.28-21.50.42:841][  0]LogTemp:Display: Loaded TP WindowsNoEditorTargetPlatform
[2017.03.28-21.50.42:913][  0]LogTemp:Display: Loaded TP WindowsServerTargetPlatform
[2017.03.28-21.50.42:974][  0]LogTemp:Display: Loaded TP WindowsTargetPlatform
[2017.03.28-21.50.43:038][  0]LogTemp:Display: Loaded TP AndroidTargetPlatform
[2017.03.28-21.50.43:104][  0]LogTemp:Display: Loaded TP Android_ASTCTargetPlatform
[2017.03.28-21.50.43:171][  0]LogTemp:Display: Loaded TP Android_ATCTargetPlatform
[2017.03.28-21.50.43:233][  0]LogTemp:Display: Loaded TP Android_DXTTargetPlatform
[2017.03.28-21.50.43:302][  0]LogTemp:Display: Loaded TP Android_ETC1TargetPlatform
[2017.03.28-21.50.43:365][  0]LogTemp:Display: Loaded TP Android_ETC2TargetPlatform
[2017.03.28-21.50.43:493][  0]LogTemp:Display: Loaded TP Android_MultiTargetPlatform
[2017.03.28-21.50.43:493][  0]LogTemp:Display: Loaded TP Android_PVRTCTargetPlatform
[2017.03.28-21.50.43:539][  0]LogTemp:Display: Loaded TP HTML5TargetPlatform
[2017.03.28-21.50.43:639][  0]LogTemp:Display: Loaded TP IOSTargetPlatform
[2017.03.28-21.50.43:682][  0]LogTemp:Display: Loaded TP TVOSTargetPlatform
[2017.03.28-21.50.43:746][  0]LogTemp:Display: Loaded TP LinuxClientTargetPlatform
[2017.03.28-21.50.43:810][  0]LogTemp:Display: Loaded TP LinuxNoEditorTargetPlatform
[2017.03.28-21.50.43:875][  0]LogTemp:Display: Loaded TP LinuxServerTargetPlatform
[2017.03.28-21.50.43:947][  0]LogTemp:Display: Loaded TP LinuxTargetPlatform
[2017.03.28-21.50.43:947][  0]LogTargetPlatformManager:Display: Building Assets For Windows
[2017.03.28-21.50.44:450][  0]LogDerivedDataCache:Display: Max Cache Size: 512 MB
[2017.03.28-21.50.44:520][  0]LogDerivedDataCache: Loaded boot cache 0.07s 52MB C:/Users/Tristan/AppData/Local/UnrealEngine/4.14/DerivedDataCache/Boot.ddc.
[2017.03.28-21.50.44:520][  0]LogDerivedDataCache:Display: Loaded Boot cache: C:/Users/Tristan/AppData/Local/UnrealEngine/4.14/DerivedDataCache/Boot.ddc
[2017.03.28-21.50.44:520][  0]LogDerivedDataCache: FDerivedDataBackendGraph:  Pak pak cache file ../../../../../../Users/Tristan/Documents/UniWork/comp140-gam160-game/SuhDude-Game/DerivedDataCache/DDC.ddp not found, will not use a pak cache.
[2017.03.28-21.50.44:521][  0]LogDerivedDataCache: Unable to find inner node Pak for hierarchical cache Hierarchy.
[2017.03.28-21.50.44:521][  0]LogDerivedDataCache: FDerivedDataBackendGraph:  CompressedPak pak cache file ../../../../../../Users/Tristan/Documents/UniWork/comp140-gam160-game/SuhDude-Game/DerivedDataCache/Compressed.ddp not found, will not use a pak cache.
[2017.03.28-21.50.44:521][  0]LogDerivedDataCache: Unable to find inner node CompressedPak for hierarchical cache Hierarchy.
[2017.03.28-21.50.44:541][  0]LogDerivedDataCache:Display: Pak cache opened for reading ../../../Engine/DerivedDataCache/Compressed.ddp.
[2017.03.28-21.50.44:553][  0]LogDerivedDataCache: Using Local data cache path C:/Users/Tristan/AppData/Local/UnrealEngine/Common/DerivedDataCache: Writable
[2017.03.28-21.50.44:792][  0]LogInit: Selected Device Profile: [Windows]
[2017.03.28-21.50.44:796][  0]LogContentStreaming: Texture pool size is 0.00 MB
[2017.03.28-21.50.45:066][  0]LogMeshUtilities: Using QuadricMeshReduction for automatic static mesh reduction
[2017.03.28-21.50.45:116][  0]LogSimplygon: Simplygon DLL not present - disabling.
[2017.03.28-21.50.45:172][  0]LogMeshUtilities: Using SimplygonSwarm for distributed automatic mesh merging
[2017.03.28-21.50.45:172][  0]LogMeshUtilities: No automatic skeletal mesh reduction module available
[2017.03.28-21.50.45:172][  0]LogMeshUtilities: No automatic mesh merging module available
[2017.03.28-21.50.45:813][  0]LogNetVersion: GetLocalNetworkVersion: CL: 3195953, ProjectName: suhdude, ProjectVersion: , EngineNetworkVersion: 2, GameNetworkVersion: 0, NetworkChecksum: 1980303672
[2017.03.28-21.50.45:880][  0]LogAssetRegistry: FAssetRegistry took 0.0223 seconds to start up
[2017.03.28-21.50.45:959][  0]LogPackageLocalizationCache: Processed 3 localized package path(s) for 2 prioritized culture(s) in 0.051136 seconds
[2017.03.28-21.50.45:969][  0]LogUObjectArray: 31946 objects as part of root set at end of initial load.
[2017.03.28-21.50.45:969][  0]LogUObjectAllocator: 6935848 out of 0 bytes used by permanent object pool.
[2017.03.28-21.50.45:969][  0]LogUObjectArray: CloseDisregardForGC: 0/0 objects in disregard for GC pool
[2017.03.28-21.50.46:047][  0]LogInit: WinSock: version 1.1 (2.2), MaxSocks=32767, MaxUdp=65467
[2017.03.28-21.50.46:904][  0]LogSlate: Using Freetype 2.6.0
[2017.03.28-21.50.46:904][  0]LogSlate: SlateFontCache - WITH_FREETYPE: 1, WITH_HARFBUZZ: 1
[2017.03.28-21.50.46:904][  0]LogSlate: SlateFontCache - WITH_FREETYPE: 1, WITH_HARFBUZZ: 1
[2017.03.28-21.50.47:774][  0]LogTcpMessaging: Initializing TcpMessaging bridge
[2017.03.28-21.50.47:821][  0]LogUdpMessaging: Initializing bridge on interface 0.0.0.0:0 to multicast group 230.0.0.1:6666.
[2017.03.28-21.50.48:230][  0]LogMaterial: Uniform references updated for custom material expression Custom.
[2017.03.28-21.50.48:675][  0]SourceControl: Info Source control is disabled
[2017.03.28-21.50.48:789][  0]SourceControl: Info Source control is disabled
[2017.03.28-21.50.48:844][  0]SourceControl: Info Source control is disabled
[2017.03.28-21.50.48:898][  0]SourceControl: Info Source control is disabled
[2017.03.28-21.50.50:368][  0]LogEngine: Initializing Engine...
[2017.03.28-21.50.50:368][  0]LogHMD: Failed to initialize OpenVR with code 110
[2017.03.28-21.50.50:649][  0]LogAIModule: Creating AISystem for world Untitled
[2017.03.28-21.50.50:658][  0]LogInit: XAudio2 using 'Speaker/HP (Realtek High Definition Audio)' : 2 channels at 48 kHz using 32 bits per sample (channel mask 0x3)
[2017.03.28-21.50.50:881][  0]LogInit: FAudioDevice initialized.
[2017.03.28-21.50.50:921][  0]LogDerivedDataCache: Saved boot cache 0.04s 52MB C:/Users/Tristan/AppData/Local/UnrealEngine/4.14/DerivedDataCache/Boot.ddc.
[2017.03.28-21.50.50:936][  0]LogInit: Texture streaming: Enabled
[2017.03.28-21.50.51:210][  0]LogInit: Transaction tracking system initialized
[2017.03.28-21.50.51:631][  0]BlueprintLog: New page: Editor Load
[2017.03.28-21.50.52:698][  0]LocalizationService: Info Localization service is disabled
[2017.03.28-21.50.53:476][  0]LogConsoleResponse:Display: 
[2017.03.28-21.50.53:659][  0]LogCook:Display: Max memory allowance for cook 16384mb min free memory 0mb
[2017.03.28-21.50.53:659][  0]LogCook:Display: Mobile HDR setting 1
[2017.03.28-21.50.54:767][  0]LogFileCache: Scanning file cache for directory 'C:/Users/Tristan/Documents/UniWork/comp140-gam160-game/SuhDude-Game/Content/' took 0.01s
[2017.03.28-21.50.54:819][  0]SourceControl: Info Source control is disabled
[2017.03.28-21.50.54:819][  0]Cmd: MAP LOAD FILE="../../../../../../Users/Tristan/Documents/UniWork/comp140-gam160-game/SuhDude-Game/Content/Maps/MenuLevel.umap" TEMPLATE=0 SHOWPROGRESS=1 FEATURELEVEL=3
[2017.03.28-21.50.54:819][  0]LightingResults: New page: Lighting Build
[2017.03.28-21.50.54:866][  0]MapCheck: New page: Map Check
[2017.03.28-21.50.54:866][  0]LightingResults: New page: Lighting Build
[2017.03.28-21.50.55:027][  0]LogLinker:Warning: CreateExport: Failed to load Parent for BlueprintGeneratedClass /Game/HttpActor.HttpActor_C
[2017.03.28-21.50.55:027][  0]LogLinker:Warning: CreateExport: Failed to load Parent for BlueprintGeneratedClass /Game/HttpActor.HttpActor_C
[2017.03.28-21.50.55:027][  0]LogLinker:Warning: CreateExport: Failed to load Parent for BlueprintGeneratedClass /Game/HttpActor.HttpActor_C
[2017.03.28-21.50.55:027][  0]LogLinker:Warning: CreateExport: Failed to load Parent for BlueprintGeneratedClass /Game/HttpActor.HttpActor_C
[2017.03.28-21.50.55:028][  0]LogLinker:Warning: CreateExport: Failed to load Parent for BlueprintGeneratedClass /Game/HttpActor.HttpActor_C
[2017.03.28-21.50.55:028][  0]LogLinker:Warning: CreateExport: Failed to load Parent for BlueprintGeneratedClass /Game/HttpActor.HttpActor_C
[2017.03.28-21.50.55:028][  0]LogLinker:Warning: CreateExport: Failed to load Parent for BlueprintGeneratedClass /Game/HttpActor.HttpActor_C
[2017.03.28-21.50.55:028][  0]LogLinker:Warning: CreateExport: Failed to load Parent for BlueprintGeneratedClass /Game/HttpActor.HttpActor_C
[2017.03.28-21.50.55:028][  0]LogLinker:Warning: CreateExport: Failed to load Parent for BlueprintGeneratedClass /Game/HttpActor.HttpActor_C
[2017.03.28-21.50.55:029][  0]LogLinker:Warning: CreateExport: Failed to load Parent for BlueprintGeneratedClass /Game/HttpActor.HttpActor_C
[2017.03.28-21.50.55:146][  0]LogLinker:Warning: CreateExport: Failed to load Parent for BlueprintGeneratedClass /Game/HttpActor.HttpActor_C
[2017.03.28-21.50.55:158][  0]LogLinker:Warning: CreateExport: Failed to load Parent for BlueprintGeneratedClass /Game/HttpActor.HttpActor_C
[2017.03.28-21.50.55:159][  0]LogLinker:Warning: CreateExport: Failed to load Parent for BlueprintGeneratedClass /Game/HttpActor.HttpActor_C
[2017.03.28-21.50.55:161][  0]LogLinker:Warning: CreateExport: Failed to load Parent for BlueprintGeneratedClass /Game/HttpActor.HttpActor_C
[2017.03.28-21.50.55:166][  0]LogLinker:Warning: CreateExport: Failed to load Parent for BlueprintGeneratedClass /Game/HttpActor.HttpActor_C
[2017.03.28-21.50.55:166][  0]LogLinker:Warning: CreateExport: Failed to load Parent for BlueprintGeneratedClass /Game/HttpActor.HttpActor_C
[2017.03.28-21.50.55:393][  0]LogAIModule: Creating AISystem for world MenuLevel
[2017.03.28-21.50.55:414][  0]LogEditorServer: Finished looking for orphan Actors (0.000 secs)
[2017.03.28-21.50.55:415][  0]Cmd: MAP CHECKDEP NOCLEARLOG
[2017.03.28-21.50.55:492][  0]MapCheck: Info Map check complete: 0 Error(s), 0 Warning(s), took 77.452ms to complete.
[2017.03.28-21.50.55:492][  0]LogFileHelpers: Loading map 'MenuLevel' took 0.674
[2017.03.28-21.50.55:552][  0]LogWindowsTextInputMethodSystem:Display: IME system now deactivated.
[2017.03.28-21.50.55:646][  0]LogCollectionManager: Loaded 0 collections in 0.002183 seconds
[2017.03.28-21.50.55:733][  0]LogFileCache: Scanning file cache for directory 'C:/Users/Tristan/Documents/UniWork/comp140-gam160-game/SuhDude-Game/Saved/Collections/' took 0.01s
[2017.03.28-21.50.55:733][  0]LogFileCache: Scanning file cache for directory 'C:/Users/Tristan/Documents/UniWork/comp140-gam160-game/SuhDude-Game/Content/Developers/Tristan/Collections/' took 0.01s
[2017.03.28-21.50.55:733][  0]LogFileCache: Scanning file cache for directory 'C:/Users/Tristan/Documents/UniWork/comp140-gam160-game/SuhDude-Game/Content/Collections/' took 0.01s
[2017.03.28-21.50.55:733][  0]LogCollectionManager: Rebuilt the GUID cache for 0 collections in 0.000002 seconds
[2017.03.28-21.50.55:744][  0]LogContentBrowser: Native class hierarchy populated in 0.0116 seconds. Added 2192 classes and 430 folders.
[2017.03.28-21.50.55:792][  0]LogStats: UGameplayTagsManager::ConstructGameplayTagTree: Construct from data asset -  0.000 s
[2017.03.28-21.50.55:792][  0]LogStats: UGameplayTagsManager::ConstructGameplayTagTree: GameplayTagTreeChangedEvent.Broadcast -  0.000 s
[2017.03.28-21.50.55:794][  0]LogContentBrowser: Native class hierarchy updated for 'GameplayTags' in 0.0020 seconds. Added 13 classes and 0 folders.
[2017.03.28-21.50.55:872][  0]LogContentBrowser: Native class hierarchy updated for 'WidgetCarousel' in 0.0017 seconds. Added 0 classes and 0 folders.
[2017.03.28-21.50.55:948][  0]LogContentBrowser: Native class hierarchy updated for 'AddContentDialog' in 0.0018 seconds. Added 0 classes and 0 folders.
[2017.03.28-21.50.56:006][  0]LogContentBrowser: Native class hierarchy updated for 'SceneOutliner' in 0.0018 seconds. Added 1 classes and 2 folders.
[2017.03.28-21.50.56:049][  0]LogCrashTracker: Crashtracker disabled due to settings.
[2017.03.28-21.50.57:386][  0]LogSlate: Only BGRA pngs, bmps or icos are supported in by External Image Picker
[2017.03.28-21.50.57:423][  0]LogUObjectGlobals:Warning: Failed to find object 'Class None.'
[2017.03.28-21.50.57:787][  0]LogTemp:Display: Executing iPhonePackager certificates Engine -bundlename com.YourCompany.SuhDude

[2017.03.28-21.50.57:787][  0]LogTemp:Display: CWD: C:\Program Files\Epic Games\UE_4.14\Engine\Binaries\DotNet\IOS

[2017.03.28-21.50.57:787][  0]LogTemp:Display: Initial Dir: C:\Program Files\Epic Games\UE_4.14

[2017.03.28-21.50.57:787][  0]LogTemp:Display: Env CWD: C:\Program Files\Epic Games\UE_4.14\Engine\Binaries\DotNet\IOS

[2017.03.28-21.50.57:787][  0]LogTemp:Display: BranchPath = LAPTOP-HOJJGP5S/C/Program Files/Epic Games/UE_4.14/Engine/Binaries --- GameBranchPath = LAPTOP-HOJJGP5S/C/Program Files/Epic Games/UE_4.14/Engine/Binaries

[2017.03.28-21.50.57:787][  0]LogTemp:Display: IPP ERROR: Application exception: System.IO.DirectoryNotFoundException: Could not find a part of the path 'C:\Users\Tristan\AppData\Local\Apple Computer\MobileDevice\Provisioning Profiles'.

[2017.03.28-21.50.57:787][  0]LogTemp:Display:    at System.IO.__Error.WinIOError(Int32 errorCode, String maybeFullPath)

[2017.03.28-21.50.57:787][  0]LogTemp:Display:    at System.IO.FileSystemEnumerableIterator`1.CommonInit()

[2017.03.28-21.50.57:787][  0]LogTemp:Display:    at System.IO.Directory.EnumerateFiles(String path, String searchPattern)

[2017.03.28-21.50.57:787][  0]LogTemp:Display:    at iPhonePackager.CodeSignatureBuilder.FindProvisions(String CFBundleIdentifier)

[2017.03.28-21.50.57:787][  0]LogTemp:Display:    at iPhonePackager.Program.Main(String[] args)

[2017.03.28-21.50.57:851][  0]LogContentBrowser: Native class hierarchy updated for 'HierarchicalLODOutliner' in 0.0019 seconds. Added 1 classes and 2 folders.
[2017.03.28-21.50.57:851][  0]LogLoad: (Engine Initialization) Total time: 20.02 seconds
[2017.03.28-21.50.57:851][  0]LogLoad: (Engine Initialization) Total Blueprint compile time: 0.16 seconds
[2017.03.28-21.50.57:851][  0]LogExternalProfiler: Found external profiler: VSPerf
[2017.03.28-21.50.57:851][  0]LogExternalProfiler: Using external profiler: VSPerf
[2017.03.28-21.50.57:869][  0]LogOcInput: OculusInput pre-init called
[2017.03.28-21.50.57:870][  0]LoadErrors:Warning: Warning CreateExport: Failed to load Outer for resource 'Score': BlueprintGeneratedClass /Game/HttpActor.HttpActor_C
[2017.03.28-21.50.57:870][  0]LoadErrors:Warning: Warning CreateExport: Failed to load Outer for resource 'DefaultSceneRoot': BlueprintGeneratedClass /Game/HttpActor.HttpActor_C
[2017.03.28-21.50.57:870][  0]LoadErrors:Warning: Warning CreateExport: Failed to load Outer for resource 'ExecuteUbergraph_HttpActor': BlueprintGeneratedClass /Game/HttpActor.HttpActor_C
[2017.03.28-21.50.57:870][  0]LoadErrors:Warning: Warning CreateExport: Failed to load Outer for resource 'CallFunc_Conv_IntToString_ReturnValue': Function /Game/HttpActor.HttpActor_C:ExecuteUbergraph_HttpActor
[2017.03.28-21.50.57:870][  0]LoadErrors:Warning: Warning CreateExport: Failed to load Outer for resource 'CallFunc_Greater_IntInt_ReturnValue': Function /Game/HttpActor.HttpActor_C:ExecuteUbergraph_HttpActor
[2017.03.28-21.50.57:870][  0]LoadErrors:Warning: Warning CreateExport: Failed to load Outer for resource 'K2Node_DynamicCast_bSuccess': Function /Game/HttpActor.HttpActor_C:ExecuteUbergraph_HttpActor
[2017.03.28-21.50.57:870][  0]LoadErrors:Warning: Warning CreateExport: Failed to load Outer for resource 'K2Node_DynamicCast_AsMy_Game_Instance': Function /Game/HttpActor.HttpActor_C:ExecuteUbergraph_HttpActor
[2017.03.28-21.50.57:870][  0]LoadErrors:Warning: Warning CreateExport: Failed to load Outer for resource 'CallFunc_GetGameInstance_ReturnValue': Function /Game/HttpActor.HttpActor_C:ExecuteUbergraph_HttpActor
[2017.03.28-21.50.57:870][  0]LoadErrors:Warning: Warning CreateExport: Failed to load Outer for resource 'EntryPoint': Function /Game/HttpActor.HttpActor_C:ExecuteUbergraph_HttpActor
[2017.03.28-21.50.57:870][  0]LoadErrors:Warning: Warning CreateExport: Failed to load Outer for resource 'ReceiveBeginPlay': BlueprintGeneratedClass /Game/HttpActor.HttpActor_C
[2017.03.28-21.50.57:870][  0]LoadErrors:Warning: Warning CreateExport: Failed to load Outer for resource 'UserConstructionScript': BlueprintGeneratedClass /Game/HttpActor.HttpActor_C
[2017.03.28-21.50.57:870][  0]LoadErrors:Warning: Warning CreateExport: Failed to load Outer for resource 'UberGraphFrame': BlueprintGeneratedClass /Game/HttpActor.HttpActor_C
[2017.03.28-21.50.57:870][  0]LoadErrors:Warning: Warning CreateExport: Failed to load Outer for resource 'DefaultSceneRoot_GEN_VARIABLE': BlueprintGeneratedClass /Game/HttpActor.HttpActor_C
[2017.03.28-21.50.57:870][  0]LoadErrors:Warning: Warning CreateExport: Failed to load Outer for resource 'SimpleConstructionScript_0': BlueprintGeneratedClass /Game/HttpActor.HttpActor_C
[2017.03.28-21.50.57:871][  0]LoadErrors:Warning: Warning CreateExport: Failed to load Outer for resource 'SCS_Node_0': SimpleConstructionScript /Game/HttpActor.HttpActor_C:SimpleConstructionScript_0
[2017.03.28-21.50.57:871][  0]LoadErrors:Warning: Warning CreateExport: Failed to load Outer for resource 'DefaultSceneRoot': HttpActor_C /Game/Maps/MenuLevel.MenuLevel:PersistentLevel.NewBlueprint_136
[2017.03.28-21.50.57:888][  0]LogContentStreaming: Texture pool size now 1000 MB
[2017.03.28-21.50.58:088][  0]LogRenderer: Reallocating scene render targets to support 828x436 NumSamples 1 (Frame:2).
[2017.03.28-21.50.58:300][  1]LogAssetRegistry: Asset discovery search completed in 12.4430 seconds
[2017.03.28-21.50.58:300][  1]LogCollectionManager: Rebuilt the object cache for 0 collections in 0.000001 seconds (found 0 objects)
[2017.03.28-21.50.58:300][  1]LogCollectionManager: Fixed up redirectors for 0 collections in 0.000017 seconds (updated 0 objects)
[2017.03.28-21.51.23:897][456]LogSlate:Warning: Prevented a slow task dialog from being summoned while a context menu was open
[2017.03.28-21.54.52:761][723]Running C:/Program Files/Epic Games/UE_4.14/Engine/Binaries/DotNET/UnrealBuildTool.exe  -projectfiles -project="C:/Users/Tristan/Documents/UniWork/comp140-gam160-game/SuhDude-Game/SuhDude.uproject" -game -rocket -progress
[2017.03.28-21.54.53:794][723]Discovering modules, targets and source code for project...
[2017.03.28-21.55.08:530][723]LogVSAccessor:Warning: Couldn't access Visual Studio
[2017.03.28-21.55.08:637][723]Recompiling SuhDude...
[2017.03.28-21.55.08:637][723]Launching UnrealBuildTool... [C:/Program Files/Epic Games/UE_4.14/Engine/Binaries/DotNET/UnrealBuildTool.exe SuhDude -ModuleWithSuffix SuhDude 2715 Win64 Development -editorrecompile -canskiplink "C:/Users/Tristan/Documents/UniWork/comp140-gam160-game/SuhDude-Game/SuhDude.uproject" ]
[2017.03.28-21.56.44:881][723]CompilerResultsLog: New page: Compilation - 28 Mar 2017 23:56:44
[2017.03.28-21.56.44:888][723]CompilerResultsLog: Info Creating makefile for hot reloading SuhDude (game project files are newer)
[2017.03.28-21.56.44:888][723]CompilerResultsLog: Info Compiling game modules for hot reload
[2017.03.28-21.56.44:888][723]CompilerResultsLog: Info Performing full C++ include scan (no include cache file)
[2017.03.28-21.56.44:888][723]CompilerResultsLog: Info Parsing headers for SuhDudeEditor
[2017.03.28-21.56.44:888][723]CompilerResultsLog: Info   Running UnrealHeaderTool "C:\Users\Tristan\Documents\UniWork\comp140-gam160-game\SuhDude-Game\SuhDude.uproject" "C:\Users\Tristan\Documents\UniWork\comp140-gam160-game\SuhDude-Game\Intermediate\Build\Win64\SuhDudeEditor\Development\SuhDudeEditor.uhtmanifest" -LogCmds="loginit warning, logexit warning, logdatabase error" -Unattended -WarningsAsErrors -installed
[2017.03.28-21.56.44:888][723]CompilerResultsLog: Info Reflection code generated for SuhDudeEditor in 4.8952939 seconds
[2017.03.28-21.56.44:888][723]CompilerResultsLog: Info Performing 10 actions (2 in parallel)
[2017.03.28-21.56.44:888][723]CompilerResultsLog: Info [2/10] Resource PCLaunch.rc
[2017.03.28-21.56.44:888][723]CompilerResultsLog: Info PCH.SuhDude.h.cpp
[2017.03.28-21.56.44:888][723]CompilerResultsLog: Info [3/10] Resource ModuleVersionResource.rc.inl
[2017.03.28-21.56.44:888][723]CompilerResultsLog: Info MovingObjects.cpp
[2017.03.28-21.56.44:888][723]CompilerResultsLog: Info CppSpawner.cpp
[2017.03.28-21.56.44:888][723]CompilerResultsLog: Info MyCharacter.cpp
[2017.03.28-21.56.44:888][723]CompilerResultsLog: Info Server.cpp
[2017.03.28-21.56.44:888][723]CompilerResultsLog: Info SuhDude.cpp
[2017.03.28-21.56.44:888][723]CompilerResultsLog: Info SuhDude.generated.cpp
[2017.03.28-21.56.44:888][723]CompilerResultsLog: Info [10/10] Link UE4Editor-SuhDude-2715.dll
[2017.03.28-21.56.44:888][723]CompilerResultsLog: Info    Creating library C:\Users\Tristan\Documents\UniWork\comp140-gam160-game\SuhDude-Game\Intermediate\Build\Win64\UE4Editor\Development\UE4Editor-SuhDude-2715.lib and object C:\Users\Tristan\Documents\UniWork\comp140-gam160-game\SuhDude-Game\Intermediate\Build\Win64\UE4Editor\Development\UE4Editor-SuhDude-2715.exp
[2017.03.28-21.56.44:888][723]CompilerResultsLog: Info Total build time: 96.04 seconds
[2017.03.28-21.56.44:888][723]LogMainFrame: MainFrame: Module compiling took 96.358 seconds
[2017.03.28-21.56.50:961][723]LogClass: Could not find existing class MyCharacter in package /Script/SuhDude for HotReload, assuming new class
[2017.03.28-21.56.50:961][723]LogClass: Could not find existing class Server in package /Script/SuhDude for HotReload, assuming new class
[2017.03.28-21.56.50:961][723]LogClass: Function MyHttpCall is new.
[2017.03.28-21.56.50:961][723]LogClass: Function UploadToServer is new.
[2017.03.28-21.56.50:965][723]LogContentBrowser: Native class hierarchy updated for 'SuhDude' in 0.0017 seconds. Added 4 classes and 2 folders.
[2017.03.28-21.56.50:968][723]Display: HotReload successful (1 functions remapped  0 scriptstructs remapped)
[2017.03.28-21.56.51:346][723]LogContentBrowser: Native class hierarchy populated in 0.0113 seconds. Added 2196 classes and 434 folders.
[2017.03.28-21.56.51:407][723]Display: HotReload took 102.9s.
[2017.03.28-21.56.51:409][723]Warning: HotReload operation took 102.9s.
[2017.03.28-21.56.51:694][723]LogHotReload: New module detected: UE4Editor-SuhDude-2715.dll
[2017.03.28-21.56.52:282][724]LogHotReload: Starting Hot-Reload from IDE
[2017.03.28-21.56.52:399][724]LogContentBrowser: Native class hierarchy updated for 'SuhDude' in 0.0017 seconds. Added 4 classes and 2 folders.
[2017.03.28-21.56.52:402][724]Display: HotReload successful (0 functions remapped  0 scriptstructs remapped)
[2017.03.28-21.56.52:416][724]LogContentBrowser: Native class hierarchy populated in 0.0121 seconds. Added 2196 classes and 434 folders.
[2017.03.28-21.56.52:438][724]Display: HotReload took  0.2s.
[2017.03.28-21.57.06:120][ 51]LogVSAccessor:Warning: Visual Studio is open but could not be queried - it may be blocked by a modal operation
[2017.03.28-21.57.08:294][ 52]LogVSAccessor:Warning: Couldn't goto line number '0' in 'C:/Users/Tristan/Documents/UniWork/comp140-gam160-game/SuhDude-Game/Source/SuhDude/MyCharacter.h'
[2017.03.28-21.57.08:560][ 52]LogVSAccessor:Warning: Couldn't goto line number '0' in 'C:/Users/Tristan/Documents/UniWork/comp140-gam160-game/SuhDude-Game/Source/SuhDude/MyCharacter.cpp'
[2017.03.28-21.58.40:818][441]LogTemp: Repeting last play command: Selected Viewport
[2017.03.28-21.58.40:951][441]LogBlueprintUserMessages: Early PlayInEditor Detection: Level '/Game/Maps/MenuLevel.MenuLevel:PersistentLevel' has LevelScriptBlueprint '/Game/Maps/MenuLevel.MenuLevel:PersistentLevel.MenuLevel' with GeneratedClass '/Game/Maps/MenuLevel.MenuLevel_C' with ClassGeneratedBy '/Game/Maps/MenuLevel.MenuLevel:PersistentLevel.MenuLevel'
[2017.03.28-21.58.41:042][441]LogPlayLevel: PlayLevel: No blueprints needed recompiling
[2017.03.28-21.58.41:458][441]PIE: New page: PIE session: MenuLevel (28 Mar 2017 23:58:41)
[2017.03.28-21.58.41:491][441]LogPlayLevel: Creating play world package: /Game/Maps/UEDPIE_0_MenuLevel
[2017.03.28-21.58.41:810][441]LogPlayLevel: PIE: StaticDuplicateObject took: (0.318250s)
[2017.03.28-21.58.41:811][441]LogAIModule: Creating AISystem for world MenuLevel
[2017.03.28-21.58.41:835][441]LogPlayLevel: PIE: World Init took: (0.025233s)
[2017.03.28-21.58.41:845][441]LogPlayLevel: PIE: Created PIE world by copying editor world from /Game/Maps/MenuLevel.MenuLevel to /Game/Maps/UEDPIE_0_MenuLevel.MenuLevel (0.354651s)
[2017.03.28-21.58.41:948][441]LogInit: XAudio2 using 'Speaker/HP (Realtek High Definition Audio)' : 2 channels at 48 kHz using 32 bits per sample (channel mask 0x3)
[2017.03.28-21.58.41:964][441]LogInit: FAudioDevice initialized.
[2017.03.28-21.58.43:569][441]LogLoad: Game class is 'MenuGameMode_C'
[2017.03.28-21.58.43:925][441]LogWorld: Bringing World /Game/Maps/UEDPIE_0_MenuLevel.MenuLevel up for play (max tick rate 60) at 2017.03.28-22.58.43
[2017.03.28-21.58.44:688][441]LogWorld: Bringing up level for play took: 0.774735
[2017.03.28-21.58.45:532][441]LogContentBrowser: Native class hierarchy updated for 'MovieSceneCapture' in 0.0027 seconds. Added 11 classes and 0 folders.
[2017.03.28-21.58.45:562][441]LogGameMode:Display: Match State Changed from EnteringMap to WaitingToStart
[2017.03.28-21.58.45:653][441]LogGameState: Match State Changed from EnteringMap to WaitingToStart
[2017.03.28-21.58.45:653][441]LogGameMode:Display: Match State Changed from WaitingToStart to InProgress
[2017.03.28-21.58.46:991][441]LogGameState: Match State Changed from WaitingToStart to InProgress
[2017.03.28-21.58.47:017][441]PIE: Info Play in editor start time for /Game/Maps/UEDPIE_0_MenuLevel 5.538
[2017.03.28-21.58.47:018][441]LogBlueprintUserMessages: Late PlayInEditor Detection: Level '/Game/Maps/MenuLevel.MenuLevel:PersistentLevel' has LevelScriptBlueprint '/Game/Maps/MenuLevel.MenuLevel:PersistentLevel.MenuLevel' with GeneratedClass '/Game/Maps/MenuLevel.MenuLevel_C' with ClassGeneratedBy '/Game/Maps/MenuLevel.MenuLevel:PersistentLevel.MenuLevel'
[2017.03.28-21.58.52:462][704]LogGameMode:Display: Match State Changed from InProgress to LeavingMap
[2017.03.28-21.58.52:462][704]LogGameState: Match State Changed from InProgress to LeavingMap
[2017.03.28-21.58.52:475][704]LogNet: Browse: /Game/Maps/Map1
[2017.03.28-21.58.52:494][704]LogLoad: LoadMap: /Game/Maps/Map1
[2017.03.28-21.58.52:940][704]Cmd: MEM
[2017.03.28-21.58.53:273][704]LogMemory: Platform Memory Stats for Windows
[2017.03.28-21.58.53:273][704]LogMemory: Process Physical Memory: 1185.27 MB used, 1486.87 MB peak
[2017.03.28-21.58.53:273][704]LogMemory: Process Virtual Memory: 1649.40 MB used, 1787.81 MB peak
[2017.03.28-21.58.53:273][704]LogMemory: Physical Memory: 5683.52 MB used,  2347.33 MB free, 8030.84 MB total
[2017.03.28-21.58.53:273][704]LogMemory: Virtual Memory: 2529.60 MB used,  2347.33 MB free, 134217728.00 MB total
[2017.03.28-21.58.53:273][704]LogMemory: 
[2017.03.28-21.58.53:273][704]Allocator Stats for TBB: (not implemented)
[2017.03.28-21.58.58:423][704]LogAIModule: Creating AISystem for world Map1
[2017.03.28-21.58.58:424][704]LogLoad: Game class is 'MainGameMode_C'
[2017.03.28-21.58.58:625][704]LogWorld: Bringing World /Game/Maps/UEDPIE_0_Map1.Map1 up for play (max tick rate 60) at 2017.03.28-22.58.58
[2017.03.28-21.58.58:700][704]LogWorld: Bringing up level for play took: 0.274646
[2017.03.28-21.58.58:742][704]LogLoad: Took 6.247705 seconds to LoadMap(/Game/Maps/Map1)
[2017.03.28-21.59.10:449][374]LogNet: Browse: /Game/Maps/MenuLevel
[2017.03.28-21.59.10:449][374]LogLoad: LoadMap: /Game/Maps/MenuLevel
[2017.03.28-21.59.10:539][374]Cmd: MEM
[2017.03.28-21.59.10:562][374]LogMemory: Platform Memory Stats for Windows
[2017.03.28-21.59.10:562][374]LogMemory: Process Physical Memory: 641.88 MB used, 1486.87 MB peak
[2017.03.28-21.59.10:562][374]LogMemory: Process Virtual Memory: 1794.70 MB used, 2142.13 MB peak
[2017.03.28-21.59.10:562][374]LogMemory: Physical Memory: 5183.96 MB used,  2846.88 MB free, 8030.84 MB total
[2017.03.28-21.59.10:562][374]LogMemory: Virtual Memory: 2829.48 MB used,  2846.88 MB free, 134217728.00 MB total
[2017.03.28-21.59.10:562][374]LogMemory: 
[2017.03.28-21.59.10:562][374]Allocator Stats for TBB: (not implemented)
[2017.03.28-21.59.10:562][374]LogPlayLevel: Creating play world package: /Game/Maps/UEDPIE_0_MenuLevel
[2017.03.28-21.59.10:565][374]LogPlayLevel: PIE: StaticDuplicateObject took: (0.003211s)
[2017.03.28-21.59.10:566][374]LogAIModule: Creating AISystem for world MenuLevel
[2017.03.28-21.59.10:566][374]LogPlayLevel: PIE: World Init took: (0.001111s)
[2017.03.28-21.59.10:567][374]LogPlayLevel: PIE: Created PIE world by copying editor world from /Game/Maps/MenuLevel.MenuLevel to /Game/Maps/UEDPIE_0_MenuLevel.MenuLevel (0.004792s)
[2017.03.28-21.59.10:567][374]LogLoad: Game class is 'MenuGameMode_C'
[2017.03.28-21.59.10:569][374]LogWorld: Bringing World /Game/Maps/UEDPIE_0_MenuLevel.MenuLevel up for play (max tick rate 60) at 2017.03.28-22.59.10
[2017.03.28-21.59.10:570][374]LogWorld: Bringing up level for play took: 0.001618
[2017.03.28-21.59.10:570][374]LogGameMode: Warning - PATHS NOT DEFINED or NO PLAYERSTART with positive rating
[2017.03.28-21.59.10:570][374]LogGameMode:Display: Match State Changed from EnteringMap to WaitingToStart
[2017.03.28-21.59.10:570][374]LogGameState: Match State Changed from EnteringMap to WaitingToStart
[2017.03.28-21.59.10:570][374]LogGameMode:Display: Match State Changed from WaitingToStart to InProgress
[2017.03.28-21.59.10:572][374]LogGameState: Match State Changed from WaitingToStart to InProgress
[2017.03.28-21.59.10:572][374]LogLoad: Took 0.123126 seconds to LoadMap(/Game/Maps/UEDPIE_0_MenuLevel)
[2017.03.28-21.59.46:144][487]LogEditor: Attempting to add actor of class 'Server' to level at 1218.00,-1429.00,-562.00
[2017.03.28-21.59.49:761][665]LogEditor: Attempting to add actor of class 'Server' to level at 1218.00,-527.00,1414.00
[2017.03.28-21.59.51:570][754]LogEditor: Attempting to add actor of class 'Server' to level at 1218.00,1248.00,508.00
[2017.03.28-21.59.52:487][793]LogEditor: Attempting to add actor of class 'Server' to level at 1218.00,-18.00,685.00
[2017.03.28-21.59.53:169][794]LogBlueprintUserMessages: Early EndPlayMap Detection: Level '/Game/Maps/MenuLevel.MenuLevel:PersistentLevel' has LevelScriptBlueprint '/Game/Maps/MenuLevel.MenuLevel:PersistentLevel.MenuLevel' with GeneratedClass '/Game/Maps/MenuLevel.MenuLevel_C' with ClassGeneratedBy '/Game/Maps/MenuLevel.MenuLevel:PersistentLevel.MenuLevel'
[2017.03.28-21.59.54:010][794]LogBlueprintUserMessages: Late EndPlayMap Detection: Level '/Game/Maps/MenuLevel.MenuLevel:PersistentLevel' has LevelScriptBlueprint '/Game/Maps/MenuLevel.MenuLevel:PersistentLevel.MenuLevel' with GeneratedClass '/Game/Maps/MenuLevel.MenuLevel_C' with ClassGeneratedBy '/Game/Maps/MenuLevel.MenuLevel:PersistentLevel.MenuLevel'
[2017.03.28-22.00.13:021][563]LogContentBrowser: Native class hierarchy updated for 'BlueprintGraph' in 0.0028 seconds. Added 111 classes and 0 folders.
[2017.03.28-22.00.20:433][687]LogRenderer: Reallocating scene render targets to support 828x524 NumSamples 1 (Frame:6225).
[2017.03.28-22.00.23:733][845]LogSlate:Warning: Prevented a slow task dialog from being summoned while a context menu was open
[2017.03.28-22.00.26:884][  2]LogBlueprint:Warning: Reparenting blueprint Blueprint /Game/bohef.bohef from Actor to Server...
[2017.03.28-22.00.26:912][  2]BlueprintLog: New page: Compile bohef
[2017.03.28-22.00.29:087][ 95]BlueprintLog: New page: Compile bohef
[2017.03.28-22.00.33:996][341]LogTemp: Repeting last play command: Selected Viewport
[2017.03.28-22.00.34:143][341]LogBlueprintUserMessages: Early PlayInEditor Detection: Level '/Game/Maps/MenuLevel.MenuLevel:PersistentLevel' has LevelScriptBlueprint '/Game/Maps/MenuLevel.MenuLevel:PersistentLevel.MenuLevel' with GeneratedClass '/Game/Maps/MenuLevel.MenuLevel_C' with ClassGeneratedBy '/Game/Maps/MenuLevel.MenuLevel:PersistentLevel.MenuLevel'
[2017.03.28-22.00.34:166][341]LogPlayLevel: PlayLevel: No blueprints needed recompiling
[2017.03.28-22.00.34:167][341]PIE: New page: PIE session: MenuLevel (29 Mar 2017 00:00:34)
[2017.03.28-22.00.34:169][341]LogPlayLevel: Creating play world package: /Game/Maps/UEDPIE_0_MenuLevel
[2017.03.28-22.00.34:173][341]LogPlayLevel: PIE: StaticDuplicateObject took: (0.004465s)
[2017.03.28-22.00.34:175][341]LogAIModule: Creating AISystem for world MenuLevel
[2017.03.28-22.00.34:175][341]LogPlayLevel: PIE: World Init took: (0.001895s)
[2017.03.28-22.00.34:175][341]LogPlayLevel: PIE: Created PIE world by copying editor world from /Game/Maps/MenuLevel.MenuLevel to /Game/Maps/UEDPIE_0_MenuLevel.MenuLevel (0.006697s)
[2017.03.28-22.00.34:233][341]LogInit: XAudio2 using 'Speaker/HP (Realtek High Definition Audio)' : 2 channels at 48 kHz using 32 bits per sample (channel mask 0x3)
[2017.03.28-22.00.34:244][341]LogInit: FAudioDevice initialized.
[2017.03.28-22.00.34:278][341]LogLoad: Game class is 'MenuGameMode_C'
[2017.03.28-22.00.34:280][341]LogWorld: Bringing World /Game/Maps/UEDPIE_0_MenuLevel.MenuLevel up for play (max tick rate 60) at 2017.03.28-23.00.34
[2017.03.28-22.00.34:281][341]LogWorld: Bringing up level for play took: 0.001719
[2017.03.28-22.00.34:281][341]LogGameMode:Display: Match State Changed from EnteringMap to WaitingToStart
[2017.03.28-22.00.34:281][341]LogGameState: Match State Changed from EnteringMap to WaitingToStart
[2017.03.28-22.00.34:281][341]LogGameMode:Display: Match State Changed from WaitingToStart to InProgress
[2017.03.28-22.00.34:283][341]LogGameState: Match State Changed from WaitingToStart to InProgress
[2017.03.28-22.00.34:283][341]PIE: Info Play in editor start time for /Game/Maps/UEDPIE_0_MenuLevel 0.803
[2017.03.28-22.00.34:283][341]LogBlueprintUserMessages: Late PlayInEditor Detection: Level '/Game/Maps/MenuLevel.MenuLevel:PersistentLevel' has LevelScriptBlueprint '/Game/Maps/MenuLevel.MenuLevel:PersistentLevel.MenuLevel' with GeneratedClass '/Game/Maps/MenuLevel.MenuLevel_C' with ClassGeneratedBy '/Game/Maps/MenuLevel.MenuLevel:PersistentLevel.MenuLevel'
[2017.03.28-22.00.36:174][445]LogGameMode:Display: Match State Changed from InProgress to LeavingMap
[2017.03.28-22.00.36:174][445]LogGameState: Match State Changed from InProgress to LeavingMap
[2017.03.28-22.00.36:174][445]LogNet: Browse: /Game/Maps/Map1
[2017.03.28-22.00.36:174][445]LogLoad: LoadMap: /Game/Maps/Map1
[2017.03.28-22.00.36:214][445]Cmd: MEM
[2017.03.28-22.00.36:249][445]LogMemory: Platform Memory Stats for Windows
[2017.03.28-22.00.36:249][445]LogMemory: Process Physical Memory: 1894.69 MB used, 1894.69 MB peak
[2017.03.28-22.00.36:249][445]LogMemory: Process Virtual Memory: 3143.48 MB used, 3144.61 MB peak
[2017.03.28-22.00.36:249][445]LogMemory: Physical Memory: 6822.45 MB used,  1208.39 MB free, 8030.84 MB total
[2017.03.28-22.00.36:249][445]LogMemory: Virtual Memory: 4060.91 MB used,  1208.39 MB free, 134217728.00 MB total
[2017.03.28-22.00.36:249][445]LogMemory: 
[2017.03.28-22.00.36:249][445]Allocator Stats for TBB: (not implemented)
[2017.03.28-22.00.37:470][445]LogStats: FPlatformStackWalk::StackWalkAndDump -  0.550 s
[2017.03.28-22.00.37:470][445]LogOutputDevice:Error: === Handled ensure: ===
[2017.03.28-22.00.37:470][445]LogOutputDevice:Error: 
[2017.03.28-22.00.37:470][445]LogOutputDevice:Error: Ensure condition failed: IsObjectValidForDatabase(AssetObject) [File:D:\Build\++UE4+Release-4.14+Compile\Sync\Engine\Source\Editor\BlueprintGraph\Private\BlueprintActionDatabase.cpp] [Line: 1263]
[2017.03.28-22.00.37:470][445]LogOutputDevice:Error: 
[2017.03.28-22.00.37:470][445]LogOutputDevice:Error: Stack: 
[2017.03.28-22.00.37:470][445]LogOutputDevice:Error: UE4Editor-Core.dll
[2017.03.28-22.00.37:470][445]LogOutputDevice:Error: UE4Editor-Core.dll
[2017.03.28-22.00.37:470][445]LogOutputDevice:Error: UE4Editor-Core.dll
[2017.03.28-22.00.37:470][445]LogOutputDevice:Error: UE4Editor-BlueprintGraph.dll
[2017.03.28-22.00.37:470][445]LogOutputDevice:Error: UE4Editor-BlueprintGraph.dll
[2017.03.28-22.00.37:470][445]LogOutputDevice:Error: UE4Editor-CoreUObject.dll
[2017.03.28-22.00.37:470][445]LogOutputDevice:Error: UE4Editor-CoreUObject.dll
[2017.03.28-22.00.37:470][445]LogOutputDevice:Error: UE4Editor-CoreUObject.dll
[2017.03.28-22.00.37:470][445]LogOutputDevice:Error: UE4Editor-CoreUObject.dll
[2017.03.28-22.00.37:470][445]LogOutputDevice:Error: UE4Editor-Engine.dll
[2017.03.28-22.00.37:470][445]LogOutputDevice:Error: UE4Editor-Engine.dll
[2017.03.28-22.00.37:470][445]LogOutputDevice:Error: UE4Editor-Engine.dll
[2017.03.28-22.00.37:470][445]LogOutputDevice:Error: UE4Editor-UnrealEd.dll
[2017.03.28-22.00.37:470][445]LogOutputDevice:Error: UE4Editor-UnrealEd.dll
[2017.03.28-22.00.37:470][445]LogOutputDevice:Error: UE4Editor.exe
[2017.03.28-22.00.37:470][445]LogOutputDevice:Error: UE4Editor.exe
[2017.03.28-22.00.37:470][445]LogOutputDevice:Error: UE4Editor.exe
[2017.03.28-22.00.37:470][445]LogOutputDevice:Error: UE4Editor.exe
[2017.03.28-22.00.37:470][445]LogOutputDevice:Error: UE4Editor.exe
[2017.03.28-22.00.37:470][445]LogOutputDevice:Error: KERNEL32.DLL
[2017.03.28-22.00.37:470][445]LogOutputDevice:Error: ntdll.dll
[2017.03.28-22.00.37:470][445]LogOutputDevice:Error: 
[2017.03.28-22.00.37:517][445]LogStats:                SubmitErrorReport -  0.023 s
