Log file open, 03/17/17 16:29:30
LogInit:Display: Running engine for game: SuhDude
LogPlatformFile: Not using cached read wrapper
LogInit:Display: RandInit(-2022118174) SRandInit(-2022118174).
LogTaskGraph: Started task graph with 5 named threads and 6 total threads with 1 sets of task threads.
LogStats: Stats thread started at 0.065181
LogPluginManager: Loaded Plugin Paper2D, From C:/Program Files/Epic Games/UE_4.14/Engine/Plugins/2D/Paper2D/Paper2D.uplugin
LogPluginManager: Loaded Plugin LightPropagationVolume, From C:/Program Files/Epic Games/UE_4.14/Engine/Plugins/Blendables/LightPropagationVolume/LightPropagationVolume.uplugin
LogPluginManager: Loaded Plugin BlankPlugin, From C:/Program Files/Epic Games/UE_4.14/Engine/Plugins/Developer/BlankPlugin/BlankPlugin.uplugin
LogPluginManager: Loaded Plugin CodeLiteSourceCodeAccess, From C:/Program Files/Epic Games/UE_4.14/Engine/Plugins/Developer/CodeLiteSourceCodeAccess/CodeLiteSourceCodeAccess.uplugin
LogPluginManager: Loaded Plugin GitSourceControl, From C:/Program Files/Epic Games/UE_4.14/Engine/Plugins/Developer/GitSourceControl/GitSourceControl.uplugin
LogPluginManager: Loaded Plugin KDevelopSourceCodeAccess, From C:/Program Files/Epic Games/UE_4.14/Engine/Plugins/Developer/KDevelopSourceCodeAccess/KDevelopSourceCodeAccess.uplugin
LogPluginManager: Loaded Plugin NullSourceCodeAccess, From C:/Program Files/Epic Games/UE_4.14/Engine/Plugins/Developer/NullSourceCodeAccess/NullSourceCodeAccess.uplugin
LogPluginManager: Loaded Plugin OneSkyLocalizationService, From C:/Program Files/Epic Games/UE_4.14/Engine/Plugins/Developer/OneSkyLocalizationService/OneSkyLocalizationService.uplugin
LogPluginManager: Loaded Plugin PerforceSourceControl, From C:/Program Files/Epic Games/UE_4.14/Engine/Plugins/Developer/PerforceSourceControl/PerforceSourceControl.uplugin
LogPluginManager: Loaded Plugin SubversionSourceControl, From C:/Program Files/Epic Games/UE_4.14/Engine/Plugins/Developer/SubversionSourceControl/SubversionSourceControl.uplugin
LogPluginManager: Loaded Plugin UObjectPlugin, From C:/Program Files/Epic Games/UE_4.14/Engine/Plugins/Developer/UObjectPlugin/UObjectPlugin.uplugin
LogPluginManager: Loaded Plugin VisualStudioSourceCodeAccess, From C:/Program Files/Epic Games/UE_4.14/Engine/Plugins/Developer/VisualStudioSourceCodeAccess/VisualStudioSourceCodeAccess.uplugin
LogPluginManager: Loaded Plugin XCodeSourceCodeAccess, From C:/Program Files/Epic Games/UE_4.14/Engine/Plugins/Developer/XCodeSourceCodeAccess/XCodeSourceCodeAccess.uplugin
LogPluginManager: Loaded Plugin AudioCapture, From C:/Program Files/Epic Games/UE_4.14/Engine/Plugins/Editor/AudioCapture/AudioCapture.uplugin
LogPluginManager: Loaded Plugin EpicSurvey, From C:/Program Files/Epic Games/UE_4.14/Engine/Plugins/Editor/EpicSurvey/EpicSurvey.uplugin
LogPluginManager: Loaded Plugin MacGraphicsSwitching, From C:/Program Files/Epic Games/UE_4.14/Engine/Plugins/Editor/MacGraphicsSwitching/MacGraphicsSwitching.uplugin
LogPluginManager: Loaded Plugin MobileLauncherProfileWizard, From C:/Program Files/Epic Games/UE_4.14/Engine/Plugins/Editor/MobileLauncherProfileWizard/MobileLauncherProfileWizard.uplugin
LogPluginManager: Loaded Plugin PluginBrowser, From C:/Program Files/Epic Games/UE_4.14/Engine/Plugins/Editor/PluginBrowser/PluginBrowser.uplugin
LogPluginManager: Loaded Plugin SpeedTreeImporter, From C:/Program Files/Epic Games/UE_4.14/Engine/Plugins/Editor/SpeedTreeImporter/SpeedTreeImporter.uplugin
LogPluginManager: Loaded Plugin SuperSearchEditor, From C:/Program Files/Epic Games/UE_4.14/Engine/Plugins/Editor/SuperSearchEditor/SuperSearchEditor.uplugin
LogPluginManager: Loaded Plugin AlembicImporter, From C:/Program Files/Epic Games/UE_4.14/Engine/Plugins/Experimental/AlembicImporter/AlembicImporter.uplugin
LogPluginManager: Loaded Plugin BlueprintStats, From C:/Program Files/Epic Games/UE_4.14/Engine/Plugins/Experimental/BlueprintStats/BlueprintStats.uplugin
LogPluginManager: Loaded Plugin CharacterAI, From C:/Program Files/Epic Games/UE_4.14/Engine/Plugins/Experimental/CharacterAI/CharacterAI.uplugin
LogPluginManager: Loaded Plugin CodeEditor, From C:/Program Files/Epic Games/UE_4.14/Engine/Plugins/Experimental/CodeEditor/CodeEditor.uplugin
LogPluginManager: Loaded Plugin CodeView, From C:/Program Files/Epic Games/UE_4.14/Engine/Plugins/Experimental/CodeView/CodeView.uplugin
LogPluginManager: Loaded Plugin HTML5Networking, From C:/Program Files/Epic Games/UE_4.14/Engine/Plugins/Experimental/HTML5Networking/HTML5Networking.uplugin
LogPluginManager: Loaded Plugin OSVR, From C:/Program Files/Epic Games/UE_4.14/Engine/Plugins/Experimental/OSVR/OSVR.uplugin
LogPluginManager: Loaded Plugin Phya, From C:/Program Files/Epic Games/UE_4.14/Engine/Plugins/Experimental/Phya/Phya.uplugin
LogPluginManager: Loaded Plugin SignificanceManager, From C:/Program Files/Epic Games/UE_4.14/Engine/Plugins/Experimental/SignificanceManager/SignificanceManager.uplugin
LogPluginManager: Loaded Plugin SimpleHMD, From C:/Program Files/Epic Games/UE_4.14/Engine/Plugins/Experimental/SimpleHMD/SimpleHMD.uplugin
LogPluginManager: Loaded Plugin StereoPanorama, From C:/Program Files/Epic Games/UE_4.14/Engine/Plugins/Experimental/StereoPanorama/StereoPanorama.uplugin
LogPluginManager: Loaded Plugin StructBox, From C:/Program Files/Epic Games/UE_4.14/Engine/Plugins/Experimental/StructBox/StructBox.uplugin
LogPluginManager: Loaded Plugin AndroidMedia, From C:/Program Files/Epic Games/UE_4.14/Engine/Plugins/Media/AndroidMedia/AndroidMedia.uplugin
LogPluginManager: Loaded Plugin AvfMedia, From C:/Program Files/Epic Games/UE_4.14/Engine/Plugins/Media/AvfMedia/AvfMedia.uplugin
LogPluginManager: Loaded Plugin MediaPlayerEditor, From C:/Program Files/Epic Games/UE_4.14/Engine/Plugins/Media/MediaPlayerEditor/MediaPlayerEditor.uplugin
LogPluginManager: Loaded Plugin WmfMedia, From C:/Program Files/Epic Games/UE_4.14/Engine/Plugins/Media/WmfMedia/WmfMedia.uplugin
LogPluginManager: Loaded Plugin MessagingDebugger, From C:/Program Files/Epic Games/UE_4.14/Engine/Plugins/Messaging/MessagingDebugger/MessagingDebugger.uplugin
LogPluginManager: Loaded Plugin TcpMessaging, From C:/Program Files/Epic Games/UE_4.14/Engine/Plugins/Messaging/TcpMessaging/TcpMessaging.uplugin
LogPluginManager: Loaded Plugin UdpMessaging, From C:/Program Files/Epic Games/UE_4.14/Engine/Plugins/Messaging/UdpMessaging/UdpMessaging.uplugin
LogPluginManager: Loaded Plugin LevelSequenceEditor, From C:/Program Files/Epic Games/UE_4.14/Engine/Plugins/MovieScene/LevelSequenceEditor/LevelSequenceEditor.uplugin
LogPluginManager: Loaded Plugin MatineeToLevelSequence, From C:/Program Files/Epic Games/UE_4.14/Engine/Plugins/MovieScene/MatineeToLevelSequence/MatineeToLevelSequence.uplugin
LogPluginManager: Loaded Plugin NetcodeUnitTest, From C:/Program Files/Epic Games/UE_4.14/Engine/Plugins/NetcodeUnitTest/NetcodeUnitTest/NetcodeUnitTest.uplugin
LogPluginManager: Loaded Plugin NUTUnrealEngine4, From C:/Program Files/Epic Games/UE_4.14/Engine/Plugins/NetcodeUnitTest/NUTUnrealEngine4/NUTUnrealEngine4.uplugin
LogPluginManager: Loaded Plugin OnlineSubsystemGameCircle, From C:/Program Files/Epic Games/UE_4.14/Engine/Plugins/Online/Android/OnlineSubsystemGameCircle/OnlineSubsystemGameCircle.uplugin
LogPluginManager: Loaded Plugin OnlineSubsystemGooglePlay, From C:/Program Files/Epic Games/UE_4.14/Engine/Plugins/Online/Android/OnlineSubsystemGooglePlay/OnlineSubsystemGooglePlay.uplugin
LogPluginManager: Loaded Plugin OnlineSubsystemIOS, From C:/Program Files/Epic Games/UE_4.14/Engine/Plugins/Online/IOS/OnlineSubsystemIOS/OnlineSubsystemIOS.uplugin
LogPluginManager: Loaded Plugin OnlineFramework, From C:/Program Files/Epic Games/UE_4.14/Engine/Plugins/Online/OnlineFramework/OnlineFramework.uplugin
LogPluginManager: Loaded Plugin OnlineSubsystem, From C:/Program Files/Epic Games/UE_4.14/Engine/Plugins/Online/OnlineSubsystem/OnlineSubsystem.uplugin
LogPluginManager: Loaded Plugin OnlineSubsystemAmazon, From C:/Program Files/Epic Games/UE_4.14/Engine/Plugins/Online/OnlineSubsystemAmazon/OnlineSubsystemAmazon.uplugin
LogPluginManager: Loaded Plugin OnlineSubsystemFacebook, From C:/Program Files/Epic Games/UE_4.14/Engine/Plugins/Online/OnlineSubsystemFacebook/OnlineSubsystemFacebook.uplugin
LogPluginManager: Loaded Plugin OnlineSubsystemNull, From C:/Program Files/Epic Games/UE_4.14/Engine/Plugins/Online/OnlineSubsystemNull/OnlineSubsystemNull.uplugin
LogPluginManager: Loaded Plugin OnlineSubsystemOculus, From C:/Program Files/Epic Games/UE_4.14/Engine/Plugins/Online/OnlineSubsystemOculus/OnlineSubsystemOculus.uplugin
LogPluginManager: Loaded Plugin OnlineSubsystemSteam, From C:/Program Files/Epic Games/UE_4.14/Engine/Plugins/Online/OnlineSubsystemSteam/OnlineSubsystemSteam.uplugin
LogPluginManager: Loaded Plugin OnlineSubsystemUtils, From C:/Program Files/Epic Games/UE_4.14/Engine/Plugins/Online/OnlineSubsystemUtils/OnlineSubsystemUtils.uplugin
LogPluginManager: Loaded Plugin IOSTapJoy, From C:/Program Files/Epic Games/UE_4.14/Engine/Plugins/Runtime/Advertising/IOSTapJoy/IOSTapJoy.uplugin
LogPluginManager: Loaded Plugin AnalyticsBlueprintLibrary, From C:/Program Files/Epic Games/UE_4.14/Engine/Plugins/Runtime/Analytics/AnalyticsBlueprintLibrary/AnalyticsBlueprintLibrary.uplugin
LogPluginManager: Loaded Plugin AnalyticsMulticast, From C:/Program Files/Epic Games/UE_4.14/Engine/Plugins/Runtime/Analytics/AnalyticsMulticast/AnalyticsMulticast.uplugin
LogPluginManager: Loaded Plugin Apsalar, From C:/Program Files/Epic Games/UE_4.14/Engine/Plugins/Runtime/Analytics/Apsalar/Apsalar.uplugin
LogPluginManager: Loaded Plugin FileLogging, From C:/Program Files/Epic Games/UE_4.14/Engine/Plugins/Runtime/Analytics/FileLogging/FileLogging.uplugin
LogPluginManager: Loaded Plugin Flurry, From C:/Program Files/Epic Games/UE_4.14/Engine/Plugins/Runtime/Analytics/Flurry/Flurry.uplugin
LogPluginManager: Loaded Plugin AndroidDeviceProfileSelector, From C:/Program Files/Epic Games/UE_4.14/Engine/Plugins/Runtime/AndroidDeviceProfileSelector/AndroidDeviceProfileSelector.uplugin
LogPluginManager: Loaded Plugin AndroidMoviePlayer, From C:/Program Files/Epic Games/UE_4.14/Engine/Plugins/Runtime/AndroidMoviePlayer/AndroidMoviePlayer.uplugin
LogPluginManager: Loaded Plugin AppleMoviePlayer, From C:/Program Files/Epic Games/UE_4.14/Engine/Plugins/Runtime/AppleMoviePlayer/AppleMoviePlayer.uplugin
LogPluginManager: Loaded Plugin ArchVisCharacter, From C:/Program Files/Epic Games/UE_4.14/Engine/Plugins/Runtime/ArchVisCharacter/ArchVisCharacter.uplugin
LogPluginManager: Loaded Plugin CableComponent, From C:/Program Files/Epic Games/UE_4.14/Engine/Plugins/Runtime/CableComponent/CableComponent.uplugin
LogPluginManager: Loaded Plugin CustomMeshComponent, From C:/Program Files/Epic Games/UE_4.14/Engine/Plugins/Runtime/CustomMeshComponent/CustomMeshComponent.uplugin
LogPluginManager: Loaded Plugin ExampleDeviceProfileSelector, From C:/Program Files/Epic Games/UE_4.14/Engine/Plugins/Runtime/ExampleDeviceProfileSelector/ExampleDeviceProfileSelector.uplugin
LogPluginManager: Loaded Plugin GearVR, From C:/Program Files/Epic Games/UE_4.14/Engine/Plugins/Runtime/GearVR/GearVR.uplugin
LogPluginManager: Loaded Plugin GoogleVRController, From C:/Program Files/Epic Games/UE_4.14/Engine/Plugins/Runtime/GoogleVR/GoogleVRController/GoogleVRController.uplugin
LogPluginManager: Loaded Plugin GoogleVRHMD, From C:/Program Files/Epic Games/UE_4.14/Engine/Plugins/Runtime/GoogleVR/GoogleVRHMD/GoogleVRHMD.uplugin
LogPluginManager: Loaded Plugin IOSDeviceProfileSelector, From C:/Program Files/Epic Games/UE_4.14/Engine/Plugins/Runtime/IOSDeviceProfileSelector/IOSDeviceProfileSelector.uplugin
LogPluginManager: Loaded Plugin LeapMotion, From C:/Program Files/Epic Games/UE_4.14/Engine/Plugins/Runtime/LeapMotion/LeapMotion.uplugin
LogPluginManager: Loaded Plugin LinuxDeviceProfileSelector, From C:/Program Files/Epic Games/UE_4.14/Engine/Plugins/Runtime/LinuxDeviceProfileSelector/LinuxDeviceProfileSelector.uplugin
LogPluginManager: Loaded Plugin MIDIDevice, From C:/Program Files/Epic Games/UE_4.14/Engine/Plugins/Runtime/MIDIDevice/MIDIDevice.uplugin
LogPluginManager: Loaded Plugin MobilePatchingUtils, From C:/Program Files/Epic Games/UE_4.14/Engine/Plugins/Runtime/MobilePatchingUtils/MobilePatchingUtils.uplugin
LogPluginManager: Loaded Plugin Ansel, From C:/Program Files/Epic Games/UE_4.14/Engine/Plugins/Runtime/Nvidia/Ansel/Ansel.uplugin
LogPluginManager: Loaded Plugin OculusAudio, From C:/Program Files/Epic Games/UE_4.14/Engine/Plugins/Runtime/OculusAudio/OculusAudio.uplugin
LogPluginManager: Loaded Plugin OculusInput, From C:/Program Files/Epic Games/UE_4.14/Engine/Plugins/Runtime/OculusInput/OculusInput.uplugin
LogPluginManager: Loaded Plugin OculusLibrary, From C:/Program Files/Epic Games/UE_4.14/Engine/Plugins/Runtime/OculusLibrary/OculusLibrary.uplugin
LogPluginManager: Loaded Plugin OculusRift, From C:/Program Files/Epic Games/UE_4.14/Engine/Plugins/Runtime/OculusRift/OculusRift.uplugin
LogPluginManager: Loaded Plugin Oodle, From C:/Program Files/Epic Games/UE_4.14/Engine/Plugins/Runtime/PacketHandlers/CompressionComponents/Oodle/Oodle.uplugin
LogPluginManager: Loaded Plugin ProceduralMeshComponent, From C:/Program Files/Epic Games/UE_4.14/Engine/Plugins/Runtime/ProceduralMeshComponent/ProceduralMeshComponent.uplugin
LogPluginManager: Loaded Plugin SoundMod, From C:/Program Files/Epic Games/UE_4.14/Engine/Plugins/Runtime/SoundMod/SoundMod.uplugin
LogPluginManager: Loaded Plugin SoundVisualizations, From C:/Program Files/Epic Games/UE_4.14/Engine/Plugins/Runtime/SoundVisualizations/SoundVisualizations.uplugin
LogPluginManager: Loaded Plugin SteamController, From C:/Program Files/Epic Games/UE_4.14/Engine/Plugins/Runtime/Steam/SteamController/SteamController.uplugin
LogPluginManager: Loaded Plugin SteamVR, From C:/Program Files/Epic Games/UE_4.14/Engine/Plugins/Runtime/Steam/SteamVR/SteamVR.uplugin
LogPluginManager: Loaded Plugin WebBrowserWidget, From C:/Program Files/Epic Games/UE_4.14/Engine/Plugins/Runtime/WebBrowserWidget/WebBrowserWidget.uplugin
LogPluginManager: Loaded Plugin WindowsDeviceProfileSelector, From C:/Program Files/Epic Games/UE_4.14/Engine/Plugins/Runtime/WindowsDeviceProfileSelector/WindowsDeviceProfileSelector.uplugin
LogPluginManager: Loaded Plugin WindowsMoviePlayer, From C:/Program Files/Epic Games/UE_4.14/Engine/Plugins/Runtime/WindowsMoviePlayer/WindowsMoviePlayer.uplugin
LogPluginManager: Loaded Plugin ScriptPlugin, From C:/Program Files/Epic Games/UE_4.14/Engine/Plugins/ScriptPlugin/ScriptPlugin.uplugin
LogPluginManager: Loaded Plugin SlateRemote, From C:/Program Files/Epic Games/UE_4.14/Engine/Plugins/Slate/SlateRemote/SlateRemote.uplugin
LogPluginManager: Loaded Plugin EditorTests, From C:/Program Files/Epic Games/UE_4.14/Engine/Plugins/Tests/EditorTests/EditorTests.uplugin
LogPluginManager: Loaded Plugin FbxAutomationTestBuilder, From C:/Program Files/Epic Games/UE_4.14/Engine/Plugins/Tests/FbxAutomationTestBuilder/FbxAutomationTestBuilder.uplugin
LogPluginManager: Loaded Plugin FunctionalTestingEditor, From C:/Program Files/Epic Games/UE_4.14/Engine/Plugins/Tests/FunctionalTestingEditor/FunctionalTestingEditor.uplugin
LogPluginManager: Loaded Plugin RuntimeTests, From C:/Program Files/Epic Games/UE_4.14/Engine/Plugins/Tests/RuntimeTests/RuntimeTests.uplugin
LogPluginManager: Loaded Plugin ScreenshotTools, From C:/Program Files/Epic Games/UE_4.14/Engine/Plugins/Tests/ScreenshotTools/ScreenshotTools.uplugin
LogInit: Using libcurl 7.47.1
LogInit:  - built for x86_64-pc-win32
LogInit:  - supports SSL with OpenSSL/1.0.2g
LogInit:  - supports HTTP deflate (compression) using libz 1.2.8
LogInit:  - other features:
LogInit:      CURL_VERSION_SSL
LogInit:      CURL_VERSION_LIBZ
LogInit:      CURL_VERSION_IPV6
LogInit:      CURL_VERSION_ASYNCHDNS
LogInit:      CURL_VERSION_LARGEFILE
LogInit:      CURL_VERSION_IDN
LogInit:  CurlRequestOptions (configurable via config and command line):
LogInit:  - bVerifyPeer = false  - Libcurl will NOT verify peer certificate
LogInit:  - bUseHttpProxy = false  - Libcurl will NOT use HTTP proxy
LogInit:  - bDontReuseConnections = false  - Libcurl will reuse connections
LogInit:  - CertBundlePath = nullptr  - Libcurl will use whatever was configured at build time.
LogInit: Build: ++UE4+Release-4.14-CL-3249277
LogInit: Engine Version: 4.14.3-3249277+++UE4+Release-4.14
LogInit: Compatible Engine Version: 4.14.0-3195953+++UE4+Release-4.14
LogInit: Net CL: 3195953
LogDevObjectVersion: Number of dev versions registered: 13
LogDevObjectVersion:   Dev-Blueprints (B0D832E4-1F89-4F0D-ACCF-7EB736FD4AA2): 7
LogDevObjectVersion:   Dev-Build (E1C64328-A22C-4D53-A36C-8E866417BD8C): 0
LogDevObjectVersion:   Dev-Core (375EC13C-06E4-48FB-B500-84F0262A717E): 1
LogDevObjectVersion:   Dev-Editor (E4B068ED-F494-42E9-A231-DA0B2E46BB41): 8
LogDevObjectVersion:   Dev-Framework (CFFC743F-43B0-4480-9391-14DF171D2073): 17
LogDevObjectVersion:   Dev-Mobile (B02B49B5-BB20-44E9-A304-32B752E40360): 0
LogDevObjectVersion:   Dev-Networking (A4E4105C-59A1-49B5-A7C5-40C4547EDFEE): 0
LogDevObjectVersion:   Dev-Online (39C831C9-5AE6-47DC-9A44-9C173E1C8E7C): 0
LogDevObjectVersion:   Dev-Physics (78F01B33-EBEA-4F98-B9B4-84EACCB95AA2): 0
LogDevObjectVersion:   Dev-Platform (6631380F-2D4D-43E0-8009-CF276956A95A): 0
LogDevObjectVersion:   Dev-Rendering (12F88B9F-8875-4AFC-A67C-D90C383ABD29): 12
LogDevObjectVersion:   Dev-Sequencer (7B5AE74C-D270-4C10-A958-57980B212A5A): 1
LogDevObjectVersion:   Dev-VR (D7296918-1DD6-4BDD-9DE2-64A83CC13884): 0
LogInit: Compiled (64-bit): Jan  6 2017 10:49:43
LogInit: Compiled with Visual C++: 19.00.23026.00
LogInit: Build Configuration: Development
LogInit: Branch Name: ++UE4+Release-4.14
LogInit: Command line:  
LogInit: Base directory: C:/Program Files/Epic Games/UE_4.14/Engine/Binaries/Win64/
LogInit: Installed Engine Build: 1
LogInit: Presizing for max 8388607 objects, including 0 objects not considered by GC, pre-allocating 0 bytes for permanent pool.
LogInit: Object subsystem initialized
[2017.03.17-16.29.30:427][  0]LogInit: Selected Device Profile: [Windows]
[2017.03.17-16.29.30:427][  0]LogInit: Applying CVar settings loaded from the selected device profile: [Windows]
[2017.03.17-16.29.30:442][  0]LogInit: Computer: LAPTOP-HOJJGP5S
[2017.03.17-16.29.30:442][  0]LogInit: User: Tristan
[2017.03.17-16.29.30:442][  0]LogInit: CPU Page size=65536, Cores=2
[2017.03.17-16.29.30:442][  0]LogInit: High frequency timer resolution =2.343752 MHz
[2017.03.17-16.29.30:442][  0]LogMemory: Memory total: Physical=7.8GB (8GB approx)
[2017.03.17-16.29.30:442][  0]LogMemory: Platform Memory Stats for Windows
[2017.03.17-16.29.30:442][  0]LogMemory: Process Physical Memory: 264.23 MB used, 264.23 MB peak
[2017.03.17-16.29.30:442][  0]LogMemory: Process Virtual Memory: 262.62 MB used, 262.62 MB peak
[2017.03.17-16.29.30:442][  0]LogMemory: Physical Memory: 3028.35 MB used,  5002.49 MB free, 8030.84 MB total
[2017.03.17-16.29.30:442][  0]LogMemory: Virtual Memory: 674.53 MB used,  5002.49 MB free, 134217728.00 MB total
[2017.03.17-16.29.30:474][  0]LogTextLocalizationManager: No specific translations for ('en-GB') exist, so ('en') translations will be used.
[2017.03.17-16.29.31:193][  0]LogD3D11RHI: D3D11 adapters:
[2017.03.17-16.29.31:229][  0]LogD3D11RHI:    0. 'NVIDIA GeForce 940M' (Feature Level 11_0)
[2017.03.17-16.29.31:229][  0]LogD3D11RHI:       2020/0/4015 MB DedicatedVideo/DedicatedSystem/SharedSystem, Outputs:1, VendorId:0x10de
[2017.03.17-16.29.31:238][  0]LogD3D11RHI:    1. 'Intel(R) HD Graphics 520' (Feature Level 11_0)
[2017.03.17-16.29.31:238][  0]LogD3D11RHI:       128/0/4015 MB DedicatedVideo/DedicatedSystem/SharedSystem, Outputs:0, VendorId:0x8086
[2017.03.17-16.29.31:240][  0]LogD3D11RHI:    2. 'Microsoft Basic Render Driver' (Feature Level 11_0)
[2017.03.17-16.29.31:240][  0]LogD3D11RHI:       0/0/4015 MB DedicatedVideo/DedicatedSystem/SharedSystem, Outputs:0, VendorId:0x1414
[2017.03.17-16.29.31:240][  0]LogD3D11RHI: Chosen D3D11 Adapter: 0
[2017.03.17-16.29.31:247][  0]LogD3D11RHI: Creating new Direct3DDevice
[2017.03.17-16.29.31:247][  0]LogD3D11RHI:     GPU DeviceId: 0x1347 (for the marketing name, search the web for "GPU Device Id")
[2017.03.17-16.29.31:247][  0]LogWindows: EnumDisplayDevices:
[2017.03.17-16.29.31:247][  0]LogWindows:    0. 'Intel(R) HD Graphics 520' (P:1 D:1)
[2017.03.17-16.29.31:247][  0]LogWindows:    1. 'Intel(R) HD Graphics 520' (P:0 D:0)
[2017.03.17-16.29.31:247][  0]LogWindows:    2. 'Intel(R) HD Graphics 520' (P:0 D:0)
[2017.03.17-16.29.31:248][  0]LogWindows: DebugString: PrimaryIsNotTheChoosenAdapter PrimaryIsNotTheChoosenAdapter PrimaryIsNotTheChoosenAdapter FoundDriverCount:0 
[2017.03.17-16.29.31:248][  0]LogD3D11RHI:     Adapter Name: NVIDIA GeForce 940M
[2017.03.17-16.29.31:248][  0]LogD3D11RHI:   Driver Version: Unknown (internal:Unknown, unified:Unknown)
[2017.03.17-16.29.31:248][  0]LogD3D11RHI:      Driver Date: Unknown
[2017.03.17-16.29.31:248][  0]LogRHI: Texture pool is 1361 MB (70% of 1945 MB)
[2017.03.17-16.29.31:266][  0]LogD3D11RHI: Async texture creation enabled
[2017.03.17-16.29.31:285][  0]LogD3D11RHI: GPU Timing Frequency: 1000.000000 (Debug: 2 2)
[2017.03.17-16.29.31:285][  0]LogShaderCompilers: Guid format shader working directory is -21 characters bigger than the processId version (../../../../../../Users/Tristan/Documents/UniWork/SuhDudeAll/SuhDude/Intermediate/Shaders/WorkingDirectory/12160/).
[2017.03.17-16.29.31:286][  0]LogShaderCompilers: Cleaned the shader compiler working directory 'C:/Users/Tristan/AppData/Local/Temp/UnrealShaderWorkingDir/A22F1E8D4D24FB571904E697923D2025/'.
[2017.03.17-16.29.31:286][  0]LogShaderCompilers:Display: Using Local Shader Compiler.
[2017.03.17-16.29.33:041][  0]LogTemp:Display: Loaded TP AllDesktopTargetPlatform
[2017.03.17-16.29.33:109][  0]LogTemp:Display: Loaded TP MacClientTargetPlatform
[2017.03.17-16.29.33:176][  0]LogTemp:Display: Loaded TP MacNoEditorTargetPlatform
[2017.03.17-16.29.33:243][  0]LogTemp:Display: Loaded TP MacServerTargetPlatform
[2017.03.17-16.29.33:311][  0]LogTemp:Display: Loaded TP MacTargetPlatform
[2017.03.17-16.29.33:382][  0]LogTemp:Display: Loaded TP WindowsClientTargetPlatform
[2017.03.17-16.29.33:449][  0]LogTemp:Display: Loaded TP WindowsNoEditorTargetPlatform
[2017.03.17-16.29.33:516][  0]LogTemp:Display: Loaded TP WindowsServerTargetPlatform
[2017.03.17-16.29.33:572][  0]LogTemp:Display: Loaded TP WindowsTargetPlatform
[2017.03.17-16.29.33:640][  0]LogTemp:Display: Loaded TP AndroidTargetPlatform
[2017.03.17-16.29.33:707][  0]LogTemp:Display: Loaded TP Android_ASTCTargetPlatform
[2017.03.17-16.29.33:773][  0]LogTemp:Display: Loaded TP Android_ATCTargetPlatform
[2017.03.17-16.29.33:843][  0]LogTemp:Display: Loaded TP Android_DXTTargetPlatform
[2017.03.17-16.29.33:922][  0]LogTemp:Display: Loaded TP Android_ETC1TargetPlatform
[2017.03.17-16.29.33:997][  0]LogTemp:Display: Loaded TP Android_ETC2TargetPlatform
[2017.03.17-16.29.34:137][  0]LogTemp:Display: Loaded TP Android_MultiTargetPlatform
[2017.03.17-16.29.34:137][  0]LogTemp:Display: Loaded TP Android_PVRTCTargetPlatform
[2017.03.17-16.29.34:185][  0]LogTemp:Display: Loaded TP HTML5TargetPlatform
[2017.03.17-16.29.34:284][  0]LogTemp:Display: Loaded TP IOSTargetPlatform
[2017.03.17-16.29.34:326][  0]LogTemp:Display: Loaded TP TVOSTargetPlatform
[2017.03.17-16.29.34:390][  0]LogTemp:Display: Loaded TP LinuxClientTargetPlatform
[2017.03.17-16.29.34:455][  0]LogTemp:Display: Loaded TP LinuxNoEditorTargetPlatform
[2017.03.17-16.29.34:519][  0]LogTemp:Display: Loaded TP LinuxServerTargetPlatform
[2017.03.17-16.29.34:586][  0]LogTemp:Display: Loaded TP LinuxTargetPlatform
[2017.03.17-16.29.34:586][  0]LogTargetPlatformManager:Display: Building Assets For Windows
[2017.03.17-16.29.35:067][  0]LogDerivedDataCache:Display: Max Cache Size: 512 MB
[2017.03.17-16.29.35:145][  0]LogDerivedDataCache: Loaded boot cache 0.08s 50MB C:/Users/Tristan/AppData/Local/UnrealEngine/4.14/DerivedDataCache/Boot.ddc.
[2017.03.17-16.29.35:145][  0]LogDerivedDataCache:Display: Loaded Boot cache: C:/Users/Tristan/AppData/Local/UnrealEngine/4.14/DerivedDataCache/Boot.ddc
[2017.03.17-16.29.35:145][  0]LogDerivedDataCache: FDerivedDataBackendGraph:  Pak pak cache file ../../../../../../Users/Tristan/Documents/UniWork/SuhDudeAll/SuhDude/DerivedDataCache/DDC.ddp not found, will not use a pak cache.
[2017.03.17-16.29.35:145][  0]LogDerivedDataCache: Unable to find inner node Pak for hierarchical cache Hierarchy.
[2017.03.17-16.29.35:145][  0]LogDerivedDataCache: FDerivedDataBackendGraph:  CompressedPak pak cache file ../../../../../../Users/Tristan/Documents/UniWork/SuhDudeAll/SuhDude/DerivedDataCache/Compressed.ddp not found, will not use a pak cache.
[2017.03.17-16.29.35:145][  0]LogDerivedDataCache: Unable to find inner node CompressedPak for hierarchical cache Hierarchy.
[2017.03.17-16.29.35:168][  0]LogDerivedDataCache:Display: Pak cache opened for reading ../../../Engine/DerivedDataCache/Compressed.ddp.
[2017.03.17-16.29.35:180][  0]LogDerivedDataCache: Using Local data cache path C:/Users/Tristan/AppData/Local/UnrealEngine/Common/DerivedDataCache: Writable
[2017.03.17-16.29.35:442][  0]LogInit: Selected Device Profile: [Windows]
[2017.03.17-16.29.35:447][  0]LogContentStreaming: Texture pool size is 0.00 MB
[2017.03.17-16.29.35:701][  0]LogMeshUtilities: Using QuadricMeshReduction for automatic static mesh reduction
[2017.03.17-16.29.35:752][  0]LogSimplygon: Simplygon DLL not present - disabling.
[2017.03.17-16.29.35:810][  0]LogMeshUtilities: Using SimplygonSwarm for distributed automatic mesh merging
[2017.03.17-16.29.35:810][  0]LogMeshUtilities: No automatic skeletal mesh reduction module available
[2017.03.17-16.29.35:810][  0]LogMeshUtilities: No automatic mesh merging module available
[2017.03.17-16.29.36:465][  0]LogNetVersion: GetLocalNetworkVersion: CL: 3195953, ProjectName: suhdude, ProjectVersion: , EngineNetworkVersion: 2, GameNetworkVersion: 0, NetworkChecksum: 1980303672
[2017.03.17-16.29.36:529][  0]LogAssetRegistry: FAssetRegistry took 0.0226 seconds to start up
[2017.03.17-16.29.36:600][  0]LogPackageLocalizationCache: Processed 3 localized package path(s) for 2 prioritized culture(s) in 0.040487 seconds
[2017.03.17-16.29.36:607][  0]LogUObjectArray: 31946 objects as part of root set at end of initial load.
[2017.03.17-16.29.36:607][  0]LogUObjectAllocator: 6935840 out of 0 bytes used by permanent object pool.
[2017.03.17-16.29.36:607][  0]LogUObjectArray: CloseDisregardForGC: 0/0 objects in disregard for GC pool
[2017.03.17-16.29.36:680][  0]LogInit: WinSock: version 1.1 (2.2), MaxSocks=32767, MaxUdp=65467
[2017.03.17-16.29.37:705][  0]LogSlate: Using Freetype 2.6.0
[2017.03.17-16.29.37:706][  0]LogSlate: SlateFontCache - WITH_FREETYPE: 1, WITH_HARFBUZZ: 1
[2017.03.17-16.29.37:706][  0]LogSlate: SlateFontCache - WITH_FREETYPE: 1, WITH_HARFBUZZ: 1
[2017.03.17-16.29.38:711][  0]LogTcpMessaging: Initializing TcpMessaging bridge
[2017.03.17-16.29.38:756][  0]LogUdpMessaging: Initializing bridge on interface 0.0.0.0:0 to multicast group 230.0.0.1:6666.
[2017.03.17-16.29.39:164][  0]LogMaterial: Uniform references updated for custom material expression Custom.
[2017.03.17-16.29.39:620][  0]SourceControl: Info Source control is disabled
[2017.03.17-16.29.39:740][  0]SourceControl: Info Source control is disabled
[2017.03.17-16.29.39:799][  0]SourceControl: Info Source control is disabled
[2017.03.17-16.29.39:864][  0]SourceControl: Info Source control is disabled
[2017.03.17-16.29.41:406][  0]LogEngine: Initializing Engine...
[2017.03.17-16.29.41:406][  0]LogHMD: Failed to initialize OpenVR with code 110
[2017.03.17-16.29.41:697][  0]LogAIModule: Creating AISystem for world Untitled
[2017.03.17-16.29.41:706][  0]LogInit: XAudio2 using 'Speaker/HP (Realtek High Definition Audio)' : 2 channels at 48 kHz using 32 bits per sample (channel mask 0x3)
[2017.03.17-16.29.41:937][  0]LogInit: FAudioDevice initialized.
[2017.03.17-16.29.42:227][  0]LogDerivedDataCache: Saved boot cache 0.29s 50MB C:/Users/Tristan/AppData/Local/UnrealEngine/4.14/DerivedDataCache/Boot.ddc.
[2017.03.17-16.29.42:241][  0]LogInit: Texture streaming: Enabled
[2017.03.17-16.29.42:465][  0]LogInit: Transaction tracking system initialized
[2017.03.17-16.29.42:888][  0]BlueprintLog: New page: Editor Load
[2017.03.17-16.29.43:937][  0]LocalizationService: Info Localization service is disabled
[2017.03.17-16.29.44:719][  0]LogConsoleResponse:Display: 
[2017.03.17-16.29.44:904][  0]LogCook:Display: Max memory allowance for cook 16384mb min free memory 0mb
[2017.03.17-16.29.44:904][  0]LogCook:Display: Mobile HDR setting 1
[2017.03.17-16.29.46:044][  0]LogFileCache: Scanning file cache for directory 'C:/Users/Tristan/Documents/UniWork/SuhDudeAll/SuhDude/Content/' took 0.02s
[2017.03.17-16.29.46:097][  0]SourceControl: Info Source control is disabled
[2017.03.17-16.29.46:177][  0]LogWindowsTextInputMethodSystem:Display: IME system now deactivated.
[2017.03.17-16.29.48:737][  0]LogWindowsTextInputMethodSystem:Display: IME system now deactivated.
[2017.03.17-16.29.48:740][  0]LogWindowsTextInputMethodSystem:Display: IME system now deactivated.
[2017.03.17-16.29.48:749][  0]Cmd: MAP LOAD FILE="../../../../../../Users/Tristan/Documents/UniWork/SuhDudeAll/SuhDude/Content/Maps/MenuLevel.umap" TEMPLATE=0 SHOWPROGRESS=1 FEATURELEVEL=3
[2017.03.17-16.29.48:750][  0]LightingResults: New page: Lighting Build
[2017.03.17-16.29.48:858][  0]MapCheck: New page: Map Check
[2017.03.17-16.29.48:858][  0]LightingResults: New page: Lighting Build
[2017.03.17-16.29.49:535][  0]LogAIModule: Creating AISystem for world MenuLevel
[2017.03.17-16.29.49:558][  0]LogEditorServer: Finished looking for orphan Actors (0.000 secs)
[2017.03.17-16.29.49:563][  0]Cmd: MAP CHECKDEP NOCLEARLOG
[2017.03.17-16.29.49:654][  0]MapCheck: Info Map check complete: 0 Error(s), 0 Warning(s), took 91.184ms to complete.
[2017.03.17-16.29.49:654][  0]LogFileHelpers: Loading map 'MenuLevel' took 0.905
[2017.03.17-16.29.51:047][  0]LogStats:Warning: MetaData mismatch. Did you assign a stat to two groups? New //STATGROUP_Threads//SplashScreenThread///Thread_3670_0///####STATCAT_Advanced#### old //STATGROUP_Threads//SplashScreenThread///Thread_1240_0///####STATCAT_Advanced####
[2017.03.17-16.29.51:047][  0]LogSlate: Only BGRA pngs, bmps or icos are supported in by External Image Picker
[2017.03.17-16.29.51:480][  0]LogTemp:Display: Executing iPhonePackager certificates Engine -bundlename com.YourCompany.SuhDude

[2017.03.17-16.29.51:480][  0]LogTemp:Display: CWD: C:\Program Files\Epic Games\UE_4.14\Engine\Binaries\DotNet\IOS

[2017.03.17-16.29.51:480][  0]LogTemp:Display: Initial Dir: C:\Program Files\Epic Games\UE_4.14

[2017.03.17-16.29.51:480][  0]LogTemp:Display: Env CWD: C:\Program Files\Epic Games\UE_4.14\Engine\Binaries\DotNet\IOS

[2017.03.17-16.29.51:480][  0]LogTemp:Display: BranchPath = LAPTOP-HOJJGP5S/C/Program Files/Epic Games/UE_4.14/Engine/Binaries --- GameBranchPath = LAPTOP-HOJJGP5S/C/Program Files/Epic Games/UE_4.14/Engine/Binaries

[2017.03.17-16.29.51:480][  0]LogTemp:Display: IPP ERROR: Application exception: System.IO.DirectoryNotFoundException: Could not find a part of the path 'C:\Users\Tristan\AppData\Local\Apple Computer\MobileDevice\Provisioning Profiles'.

[2017.03.17-16.29.51:480][  0]LogTemp:Display:    at System.IO.__Error.WinIOError(Int32 errorCode, String maybeFullPath)

[2017.03.17-16.29.51:480][  0]LogTemp:Display:    at System.IO.FileSystemEnumerableIterator`1.CommonInit()

[2017.03.17-16.29.51:480][  0]LogTemp:Display:    at System.IO.Directory.EnumerateFiles(String path, String searchPattern)

[2017.03.17-16.29.51:480][  0]LogTemp:Display:    at iPhonePackager.CodeSignatureBuilder.FindProvisions(String CFBundleIdentifier)

[2017.03.17-16.29.51:480][  0]LogTemp:Display:    at iPhonePackager.Program.Main(String[] args)

[2017.03.17-16.29.51:480][  0]LogCollectionManager: Loaded 0 collections in 0.002258 seconds
[2017.03.17-16.29.51:820][  0]LogFileCache: Scanning file cache for directory 'C:/Users/Tristan/Documents/UniWork/SuhDudeAll/SuhDude/Saved/Collections/' took 0.01s
[2017.03.17-16.29.51:820][  0]LogFileCache: Scanning file cache for directory 'C:/Users/Tristan/Documents/UniWork/SuhDudeAll/SuhDude/Content/Developers/Tristan/Collections/' took 0.01s
[2017.03.17-16.29.51:820][  0]LogFileCache: Scanning file cache for directory 'C:/Users/Tristan/Documents/UniWork/SuhDudeAll/SuhDude/Content/Collections/' took 0.01s
[2017.03.17-16.29.51:820][  0]LogCollectionManager: Rebuilt the GUID cache for 0 collections in 0.000002 seconds
[2017.03.17-16.29.51:833][  0]LogContentBrowser: Native class hierarchy populated in 0.0126 seconds. Added 2192 classes and 430 folders.
[2017.03.17-16.29.51:882][  0]LogStats: UGameplayTagsManager::ConstructGameplayTagTree: Construct from data asset -  0.000 s
[2017.03.17-16.29.51:882][  0]LogStats: UGameplayTagsManager::ConstructGameplayTagTree: GameplayTagTreeChangedEvent.Broadcast -  0.000 s
[2017.03.17-16.29.51:884][  0]LogContentBrowser: Native class hierarchy updated for 'GameplayTags' in 0.0019 seconds. Added 13 classes and 0 folders.
[2017.03.17-16.29.51:976][  0]LogContentBrowser: Native class hierarchy updated for 'WidgetCarousel' in 0.0029 seconds. Added 0 classes and 0 folders.
[2017.03.17-16.29.52:034][  0]LogContentBrowser: Native class hierarchy updated for 'AddContentDialog' in 0.0020 seconds. Added 0 classes and 0 folders.
[2017.03.17-16.29.52:088][  0]LogContentBrowser: Native class hierarchy updated for 'SceneOutliner' in 0.0020 seconds. Added 1 classes and 2 folders.
[2017.03.17-16.29.52:130][  0]LogCrashTracker: Crashtracker disabled due to settings.
[2017.03.17-16.29.52:138][  0]LogUObjectGlobals:Warning: Failed to find object 'Class None.'
[2017.03.17-16.29.52:503][  0]LogContentBrowser: Native class hierarchy updated for 'HierarchicalLODOutliner' in 0.0019 seconds. Added 1 classes and 2 folders.
[2017.03.17-16.29.52:503][  0]LogLoad: (Engine Initialization) Total time: 24.02 seconds
[2017.03.17-16.29.52:503][  0]LogLoad: (Engine Initialization) Total Blueprint compile time: 0.17 seconds
[2017.03.17-16.29.52:503][  0]LogExternalProfiler: Found external profiler: VSPerf
[2017.03.17-16.29.52:503][  0]LogExternalProfiler: Using external profiler: VSPerf
[2017.03.17-16.29.52:513][  0]LogOcInput: OculusInput pre-init called
[2017.03.17-16.29.52:530][  0]LogContentStreaming: Texture pool size now 1000 MB
[2017.03.17-16.29.52:701][  0]LogRenderer: Reallocating scene render targets to support 828x436 NumSamples 1 (Frame:2).
[2017.03.17-16.29.52:828][  1]LogAssetRegistry: Asset discovery search completed in 16.3219 seconds
[2017.03.17-16.29.52:828][  1]LogCollectionManager: Rebuilt the object cache for 0 collections in 0.000001 seconds (found 0 objects)
[2017.03.17-16.29.52:828][  1]LogCollectionManager: Fixed up redirectors for 0 collections in 0.000022 seconds (updated 0 objects)
[2017.03.17-16.30.05:793][719]LogContentBrowser: Native class hierarchy updated for 'BlueprintGraph' in 0.0025 seconds. Added 111 classes and 0 folders.
[2017.03.17-16.31.10:987][532]LogClass:Warning: Type mismatch in NewVar_0 of SKEL_CharcterSelect_C - Previous (ObjectProperty) Current(ArrayProperty) for package:  FObjectReader
[2017.03.17-16.31.28:094][465]BlueprintLog: New page: Compile CharcterSelect
[2017.03.17-16.31.28:113][465]LogBlueprint:Warning: [Compiler CharcterSelect] Warning Can't parse default value '/Game/Assets/Textures/ShortBoard/Brushes/SBVMenu.SBVMenu' for  <None> . Property: BoardArray.
[2017.03.17-16.31.28:277][465]BlueprintEditorCompileResults:Warning: Warning Can't parse default value '/Game/Assets/Textures/ShortBoard/Brushes/SBVMenu.SBVMenu' for  <None> . Property: BoardArray.
[2017.03.17-16.31.28:277][465]LogBlueprint:Warning: [Compiler CharcterSelect] Warning [0119.80] Compile of CharcterSelect successful, but with 1 Warning(s) [in 182 ms] (/Game/Menus/MainMenu/CharcterSelect.CharcterSelect)
[2017.03.17-16.32.22:648][997]BlueprintLog: New page: Compile CharcterSelect
[2017.03.17-16.34.31:693][717]BlueprintLog: New page: Compile CharcterSelect
[2017.03.17-16.34.37:476][374]LogTemp: Repeting last play command: Simulate
[2017.03.17-16.34.37:513][374]LogBlueprintUserMessages: Early PlayInEditor Detection: Level '/Game/Maps/MenuLevel.MenuLevel:PersistentLevel' has LevelScriptBlueprint '/Game/Maps/MenuLevel.MenuLevel:PersistentLevel.MenuLevel' with GeneratedClass '/Game/Maps/MenuLevel.MenuLevel_C' with ClassGeneratedBy '/Game/Maps/MenuLevel.MenuLevel:PersistentLevel.MenuLevel'
[2017.03.17-16.34.37:513][374]LogPlayLevel: PlayLevel: No blueprints needed recompiling
[2017.03.17-16.34.37:514][374]PIE: New page: SIE session: MenuLevel (17 Mar 2017 16:34:37)
[2017.03.17-16.34.37:515][374]LogPlayLevel: Creating play world package: /Game/Maps/UEDPIE_0_MenuLevel
[2017.03.17-16.34.37:520][374]LogPlayLevel: PIE: StaticDuplicateObject took: (0.005118s)
[2017.03.17-16.34.37:521][374]LogAIModule: Creating AISystem for world MenuLevel
[2017.03.17-16.34.37:521][374]LogPlayLevel: PIE: World Init took: (0.001374s)
[2017.03.17-16.34.37:521][374]LogPlayLevel: PIE: Created PIE world by copying editor world from /Game/Maps/MenuLevel.MenuLevel to /Game/Maps/UEDPIE_0_MenuLevel.MenuLevel (0.006837s)
[2017.03.17-16.34.37:566][374]LogInit: XAudio2 using 'Speaker/HP (Realtek High Definition Audio)' : 2 channels at 48 kHz using 32 bits per sample (channel mask 0x3)
[2017.03.17-16.34.37:576][374]LogInit: FAudioDevice initialized.
[2017.03.17-16.34.37:633][374]LogLoad: Game class is 'MenuGameMode_C'
[2017.03.17-16.34.37:634][374]LogWorld: Bringing World /Game/Maps/UEDPIE_0_MenuLevel.MenuLevel up for play (max tick rate 0) at 2017.03.17-16.34.37
[2017.03.17-16.34.37:635][374]LogWorld: Bringing up level for play took: 0.001618
[2017.03.17-16.34.37:635][374]LogGameMode: Warning - PATHS NOT DEFINED or NO PLAYERSTART with positive rating
[2017.03.17-16.34.37:689][374]LogContentBrowser: Native class hierarchy updated for 'MovieSceneCapture' in 0.0021 seconds. Added 11 classes and 0 folders.
[2017.03.17-16.34.37:690][374]LogGameMode:Display: Match State Changed from EnteringMap to WaitingToStart
[2017.03.17-16.34.37:692][374]LogGameState: Match State Changed from EnteringMap to WaitingToStart
[2017.03.17-16.34.37:692][374]PIE: Info Play in editor start time for /Game/Maps/UEDPIE_0_MenuLevel 0.385
[2017.03.17-16.34.38:285][374]LogBlueprintUserMessages: Late PlayInEditor Detection: Level '/Game/Maps/MenuLevel.MenuLevel:PersistentLevel' has LevelScriptBlueprint '/Game/Maps/MenuLevel.MenuLevel:PersistentLevel.MenuLevel' with GeneratedClass '/Game/Maps/MenuLevel.MenuLevel_C' with ClassGeneratedBy '/Game/Maps/MenuLevel.MenuLevel:PersistentLevel.MenuLevel'
[2017.03.17-16.34.43:027][792]LogBlueprintUserMessages: Early EndPlayMap Detection: Level '/Game/Maps/MenuLevel.MenuLevel:PersistentLevel' has LevelScriptBlueprint '/Game/Maps/MenuLevel.MenuLevel:PersistentLevel.MenuLevel' with GeneratedClass '/Game/Maps/MenuLevel.MenuLevel_C' with ClassGeneratedBy '/Game/Maps/MenuLevel.MenuLevel:PersistentLevel.MenuLevel'
[2017.03.17-16.34.43:653][792]LogBlueprintUserMessages: Late EndPlayMap Detection: Level '/Game/Maps/MenuLevel.MenuLevel:PersistentLevel' has LevelScriptBlueprint '/Game/Maps/MenuLevel.MenuLevel:PersistentLevel.MenuLevel' with GeneratedClass '/Game/Maps/MenuLevel.MenuLevel_C' with ClassGeneratedBy '/Game/Maps/MenuLevel.MenuLevel:PersistentLevel.MenuLevel'
[2017.03.17-16.34.52:103][489]Cmd: OBJ SAVEPACKAGE PACKAGE="/Game/Menus/MainMenu/CharcterSelect" FILE="../../../../../../Users/Tristan/Documents/UniWork/SuhDudeAll/SuhDude/Content/Menus/MainMenu/CharcterSelect.uasset" SILENT=true
[2017.03.17-16.34.52:225][489]LogSavePackage: Save=83.54ms
[2017.03.17-16.34.52:225][489]LogSavePackage: Moving '../../../../../../Users/Tristan/Documents/UniWork/SuhDudeAll/SuhDude/Saved/CharcterSelectA1212E074F1533F9CFF40FAF4F161E04.tmp' to '../../../../../../Users/Tristan/Documents/UniWork/SuhDudeAll/SuhDude/Content/Menus/MainMenu/CharcterSelect.uasset'
[2017.03.17-16.34.52:230][489]LogSavePackage:Display: Finished SavePackage ../../../../../../Users/Tristan/Documents/UniWork/SuhDudeAll/SuhDude/Content/Menus/MainMenu/CharcterSelect.uasset
[2017.03.17-16.34.52:460][489]LogSavePackage: Save=128.94ms
[2017.03.17-16.34.52:460][489]LogSavePackage: Moving '../../../../../../Users/Tristan/Documents/UniWork/SuhDudeAll/SuhDude/Saved/UEDPCMenuLevelC20D309147EF915AD3AD6BB52C358EC9.tmp' to '../../../../../../Users/Tristan/Documents/UniWork/SuhDudeAll/SuhDude/Saved/Autosaves/Game/Maps/UEDPCMenuLevel.umap'
[2017.03.17-16.34.52:462][489]LogSavePackage:Display: Finished SavePackage ../../../../../../Users/Tristan/Documents/UniWork/SuhDudeAll/SuhDude/Saved/Autosaves/Game/Maps/UEDPCMenuLevel.umap
[2017.03.17-16.34.52:473][489]LogEditorTransaction: Undo Spawn Play From Here Start
[2017.03.17-16.34.56:092][758]LogBlueprintUserMessages: Early PlayInEditor Detection: Level '/Game/Maps/MenuLevel.MenuLevel:PersistentLevel' has LevelScriptBlueprint '/Game/Maps/MenuLevel.MenuLevel:PersistentLevel.MenuLevel' with GeneratedClass '/Game/Maps/MenuLevel.MenuLevel_C' with ClassGeneratedBy '/Game/Maps/MenuLevel.MenuLevel:PersistentLevel.MenuLevel'
[2017.03.17-16.34.56:092][758]LogPlayLevel: PlayLevel: No blueprints needed recompiling
[2017.03.17-16.34.56:093][758]PIE: New page: PIE session: MenuLevel (17 Mar 2017 16:34:56)
[2017.03.17-16.34.56:093][758]LogPlayLevel: Creating play world package: /Game/Maps/UEDPIE_0_MenuLevel
[2017.03.17-16.34.56:097][758]LogPlayLevel: PIE: StaticDuplicateObject took: (0.003704s)
[2017.03.17-16.34.56:098][758]LogAIModule: Creating AISystem for world MenuLevel
[2017.03.17-16.34.56:098][758]LogPlayLevel: PIE: World Init took: (0.000913s)
[2017.03.17-16.34.56:098][758]LogPlayLevel: PIE: Created PIE world by copying editor world from /Game/Maps/MenuLevel.MenuLevel to /Game/Maps/UEDPIE_0_MenuLevel.MenuLevel (0.005000s)
[2017.03.17-16.34.56:154][758]LogInit: XAudio2 using 'Speaker/HP (Realtek High Definition Audio)' : 2 channels at 48 kHz using 32 bits per sample (channel mask 0x3)
[2017.03.17-16.34.56:164][758]LogInit: FAudioDevice initialized.
[2017.03.17-16.34.56:210][758]LogLoad: Game class is 'MenuGameMode_C'
[2017.03.17-16.34.56:212][758]LogWorld: Bringing World /Game/Maps/UEDPIE_0_MenuLevel.MenuLevel up for play (max tick rate 0) at 2017.03.17-16.34.56
[2017.03.17-16.34.56:213][758]LogWorld: Bringing up level for play took: 0.002325
[2017.03.17-16.34.56:214][758]LogGameMode:Display: Match State Changed from EnteringMap to WaitingToStart
[2017.03.17-16.34.56:214][758]LogGameState: Match State Changed from EnteringMap to WaitingToStart
[2017.03.17-16.34.56:214][758]LogGameMode:Display: Match State Changed from WaitingToStart to InProgress
[2017.03.17-16.34.56:216][758]LogGameState: Match State Changed from WaitingToStart to InProgress
[2017.03.17-16.34.56:222][758]PIE: Info Play in editor start time for /Game/Maps/UEDPIE_0_MenuLevel 0.915
[2017.03.17-16.34.56:223][758]LogBlueprintUserMessages: Late PlayInEditor Detection: Level '/Game/Maps/MenuLevel.MenuLevel:PersistentLevel' has LevelScriptBlueprint '/Game/Maps/MenuLevel.MenuLevel:PersistentLevel.MenuLevel' with GeneratedClass '/Game/Maps/MenuLevel.MenuLevel_C' with ClassGeneratedBy '/Game/Maps/MenuLevel.MenuLevel:PersistentLevel.MenuLevel'
[2017.03.17-16.34.56:260][758]LogRenderer: Reallocating scene render targets to support 1292x756 NumSamples 1 (Frame:991).
[2017.03.17-16.35.01:729][964]LogScriptCore:Warning: Script Msg: Attempted to access index 12 from array BoardArray of length 12!
[2017.03.17-16.35.02:762][  2]LogBlueprintUserMessages: Early EndPlayMap Detection: Level '/Game/Maps/MenuLevel.MenuLevel:PersistentLevel' has LevelScriptBlueprint '/Game/Maps/MenuLevel.MenuLevel:PersistentLevel.MenuLevel' with GeneratedClass '/Game/Maps/MenuLevel.MenuLevel_C' with ClassGeneratedBy '/Game/Maps/MenuLevel.MenuLevel:PersistentLevel.MenuLevel'
[2017.03.17-16.35.02:799][  2]LogBlueprintUserMessages: Late EndPlayMap Detection: Level '/Game/Maps/MenuLevel.MenuLevel:PersistentLevel' has LevelScriptBlueprint '/Game/Maps/MenuLevel.MenuLevel:PersistentLevel.MenuLevel' with GeneratedClass '/Game/Maps/MenuLevel.MenuLevel_C' with ClassGeneratedBy '/Game/Maps/MenuLevel.MenuLevel:PersistentLevel.MenuLevel'
[2017.03.17-16.35.24:360][967]BlueprintLog: New page: Compile CharcterSelect
[2017.03.17-16.35.26:213][114]LogTemp: Repeting last play command: New Editor Window (PIE)
[2017.03.17-16.35.26:251][114]LogBlueprintUserMessages: Early PlayInEditor Detection: Level '/Game/Maps/MenuLevel.MenuLevel:PersistentLevel' has LevelScriptBlueprint '/Game/Maps/MenuLevel.MenuLevel:PersistentLevel.MenuLevel' with GeneratedClass '/Game/Maps/MenuLevel.MenuLevel_C' with ClassGeneratedBy '/Game/Maps/MenuLevel.MenuLevel:PersistentLevel.MenuLevel'
[2017.03.17-16.35.26:251][114]LogPlayLevel: PlayLevel: No blueprints needed recompiling
[2017.03.17-16.35.26:252][114]PIE: New page: PIE session: MenuLevel (17 Mar 2017 16:35:26)
[2017.03.17-16.35.26:252][114]LogPlayLevel: Creating play world package: /Game/Maps/UEDPIE_0_MenuLevel
[2017.03.17-16.35.26:255][114]LogPlayLevel: PIE: StaticDuplicateObject took: (0.002368s)
[2017.03.17-16.35.26:256][114]LogAIModule: Creating AISystem for world MenuLevel
[2017.03.17-16.35.26:256][114]LogPlayLevel: PIE: World Init took: (0.001273s)
[2017.03.17-16.35.26:256][114]LogPlayLevel: PIE: Created PIE world by copying editor world from /Game/Maps/MenuLevel.MenuLevel to /Game/Maps/UEDPIE_0_MenuLevel.MenuLevel (0.004065s)
[2017.03.17-16.35.26:297][114]LogInit: XAudio2 using 'Speaker/HP (Realtek High Definition Audio)' : 2 channels at 48 kHz using 32 bits per sample (channel mask 0x3)
[2017.03.17-16.35.26:306][114]LogInit: FAudioDevice initialized.
[2017.03.17-16.35.26:357][114]LogLoad: Game class is 'MenuGameMode_C'
[2017.03.17-16.35.26:359][114]LogWorld: Bringing World /Game/Maps/UEDPIE_0_MenuLevel.MenuLevel up for play (max tick rate 0) at 2017.03.17-16.35.26
[2017.03.17-16.35.26:360][114]LogWorld: Bringing up level for play took: 0.002225
[2017.03.17-16.35.26:362][114]LogGameMode:Display: Match State Changed from EnteringMap to WaitingToStart
[2017.03.17-16.35.26:362][114]LogGameState: Match State Changed from EnteringMap to WaitingToStart
[2017.03.17-16.35.26:362][114]LogGameMode:Display: Match State Changed from WaitingToStart to InProgress
[2017.03.17-16.35.26:365][114]LogGameState: Match State Changed from WaitingToStart to InProgress
[2017.03.17-16.35.26:370][114]PIE: Info Play in editor start time for /Game/Maps/UEDPIE_0_MenuLevel 1.063
[2017.03.17-16.35.26:370][114]LogBlueprintUserMessages: Late PlayInEditor Detection: Level '/Game/Maps/MenuLevel.MenuLevel:PersistentLevel' has LevelScriptBlueprint '/Game/Maps/MenuLevel.MenuLevel:PersistentLevel.MenuLevel' with GeneratedClass '/Game/Maps/MenuLevel.MenuLevel_C' with ClassGeneratedBy '/Game/Maps/MenuLevel.MenuLevel:PersistentLevel.MenuLevel'
[2017.03.17-16.35.32:690][352]LogScriptCore:Warning: Script Msg: Attempted to access index 12 from array BoardArray of length 12!
[2017.03.17-16.35.32:878][359]LogScriptCore:Warning: Script Msg: Attempted to access index 13 from array BoardArray of length 12!
[2017.03.17-16.35.33:056][366]LogScriptCore:Warning: Script Msg: Attempted to access index 14 from array BoardArray of length 12!
[2017.03.17-16.35.33:245][373]LogScriptCore:Warning: Script Msg: Attempted to access index 15 from array BoardArray of length 12!
[2017.03.17-16.35.34:475][420]LogScriptCore:Warning: Script Msg: Attempted to access index 14 from array BoardArray of length 12!
[2017.03.17-16.35.34:819][433]LogScriptCore:Warning: Script Msg: Attempted to access index 13 from array BoardArray of length 12!
[2017.03.17-16.35.35:106][444]LogScriptCore:Warning: Script Msg: Attempted to access index 12 from array BoardArray of length 12!
[2017.03.17-16.35.37:201][524]LogScriptCore:Warning: Script Msg: Attempted to access index 12 from array BoardArray of length 12!
[2017.03.17-16.35.38:627][578]LogScriptCore:Warning: Script Msg: Attempted to access index 13 from array BoardArray of length 12!
[2017.03.17-16.35.39:075][595]LogScriptCore:Warning: Script Msg: Attempted to access index 14 from array BoardArray of length 12!
[2017.03.17-16.35.40:040][629]LogRenderer: Reallocating scene render targets to support 1536x800 NumSamples 1 (Frame:1840).
[2017.03.17-16.35.40:746][651]LogBlueprintUserMessages: Early EndPlayMap Detection: Level '/Game/Maps/MenuLevel.MenuLevel:PersistentLevel' has LevelScriptBlueprint '/Game/Maps/MenuLevel.MenuLevel:PersistentLevel.MenuLevel' with GeneratedClass '/Game/Maps/MenuLevel.MenuLevel_C' with ClassGeneratedBy '/Game/Maps/MenuLevel.MenuLevel:PersistentLevel.MenuLevel'
[2017.03.17-16.35.40:783][651]LogBlueprintUserMessages: Late EndPlayMap Detection: Level '/Game/Maps/MenuLevel.MenuLevel:PersistentLevel' has LevelScriptBlueprint '/Game/Maps/MenuLevel.MenuLevel:PersistentLevel.MenuLevel' with GeneratedClass '/Game/Maps/MenuLevel.MenuLevel_C' with ClassGeneratedBy '/Game/Maps/MenuLevel.MenuLevel:PersistentLevel.MenuLevel'
[2017.03.17-16.36.55:814][848]LogEditorTransaction: Undo Create Pin Link
[2017.03.17-16.36.56:179][874]LogEditorTransaction: Undo Create Pin Link
[2017.03.17-16.36.56:415][892]LogEditorTransaction: Undo Move Node
[2017.03.17-16.36.56:687][915]LogEditorTransaction: Undo Add Node
[2017.03.17-16.40.44:218][303]LogEditorTransaction: Undo Delete current selection
[2017.03.17-16.42.14:538][189]BlueprintLog: New page: Compile CharcterSelect
[2017.03.17-16.42.49:562][708]BlueprintLog: New page: Compile CharcterSelect
[2017.03.17-16.42.51:159][821]LogTemp: Repeting last play command: New Editor Window (PIE)
[2017.03.17-16.42.51:189][821]LogBlueprintUserMessages: Early PlayInEditor Detection: Level '/Game/Maps/MenuLevel.MenuLevel:PersistentLevel' has LevelScriptBlueprint '/Game/Maps/MenuLevel.MenuLevel:PersistentLevel.MenuLevel' with GeneratedClass '/Game/Maps/MenuLevel.MenuLevel_C' with ClassGeneratedBy '/Game/Maps/MenuLevel.MenuLevel:PersistentLevel.MenuLevel'
[2017.03.17-16.42.51:189][821]LogPlayLevel: PlayLevel: No blueprints needed recompiling
[2017.03.17-16.42.51:189][821]PIE: New page: PIE session: MenuLevel (17 Mar 2017 16:42:51)
[2017.03.17-16.42.51:190][821]LogPlayLevel: Creating play world package: /Game/Maps/UEDPIE_0_MenuLevel
[2017.03.17-16.42.51:194][821]LogPlayLevel: PIE: StaticDuplicateObject took: (0.004184s)
[2017.03.17-16.42.51:195][821]LogAIModule: Creating AISystem for world MenuLevel
[2017.03.17-16.42.51:196][821]LogPlayLevel: PIE: World Init took: (0.001731s)
[2017.03.17-16.42.51:196][821]LogPlayLevel: PIE: Created PIE world by copying editor world from /Game/Maps/MenuLevel.MenuLevel to /Game/Maps/UEDPIE_0_MenuLevel.MenuLevel (0.006322s)
[2017.03.17-16.42.51:234][821]LogInit: XAudio2 using 'Speaker/HP (Realtek High Definition Audio)' : 2 channels at 48 kHz using 32 bits per sample (channel mask 0x3)
[2017.03.17-16.42.51:246][821]LogInit: FAudioDevice initialized.
[2017.03.17-16.42.51:290][821]LogLoad: Game class is 'MenuGameMode_C'
[2017.03.17-16.42.51:292][821]LogWorld: Bringing World /Game/Maps/UEDPIE_0_MenuLevel.MenuLevel up for play (max tick rate 0) at 2017.03.17-16.42.51
[2017.03.17-16.42.51:293][821]LogWorld: Bringing up level for play took: 0.002147
[2017.03.17-16.42.51:294][821]LogGameMode:Display: Match State Changed from EnteringMap to WaitingToStart
[2017.03.17-16.42.51:294][821]LogGameState: Match State Changed from EnteringMap to WaitingToStart
[2017.03.17-16.42.51:294][821]LogGameMode:Display: Match State Changed from WaitingToStart to InProgress
[2017.03.17-16.42.51:296][821]LogGameState: Match State Changed from WaitingToStart to InProgress
[2017.03.17-16.42.51:300][821]PIE: Info Play in editor start time for /Game/Maps/UEDPIE_0_MenuLevel -0.007
[2017.03.17-16.42.51:300][821]LogBlueprintUserMessages: Late PlayInEditor Detection: Level '/Game/Maps/MenuLevel.MenuLevel:PersistentLevel' has LevelScriptBlueprint '/Game/Maps/MenuLevel.MenuLevel:PersistentLevel.MenuLevel' with GeneratedClass '/Game/Maps/MenuLevel.MenuLevel_C' with ClassGeneratedBy '/Game/Maps/MenuLevel.MenuLevel:PersistentLevel.MenuLevel'
[2017.03.17-16.42.54:558][943]LogScriptCore:Warning: Script Msg: Attempted to access index 12 from array BoardArray of length 12!
[2017.03.17-16.42.57:904][ 70]LogScriptCore:Warning: Script Msg: Attempted to access index 12 from array BoardArray of length 12!
[2017.03.17-16.43.01:469][205]LogScriptCore:Warning: Script Msg: Attempted to access index 12 from array BoardArray of length 12!
[2017.03.17-16.43.02:785][255]LogScriptCore:Warning: Script Msg: Attempted to access index 12 from array BoardArray of length 12!
[2017.03.17-16.43.05:139][343]LogBlueprintUserMessages: Early EndPlayMap Detection: Level '/Game/Maps/MenuLevel.MenuLevel:PersistentLevel' has LevelScriptBlueprint '/Game/Maps/MenuLevel.MenuLevel:PersistentLevel.MenuLevel' with GeneratedClass '/Game/Maps/MenuLevel.MenuLevel_C' with ClassGeneratedBy '/Game/Maps/MenuLevel.MenuLevel:PersistentLevel.MenuLevel'
[2017.03.17-16.43.05:180][343]LogBlueprintUserMessages: Late EndPlayMap Detection: Level '/Game/Maps/MenuLevel.MenuLevel:PersistentLevel' has LevelScriptBlueprint '/Game/Maps/MenuLevel.MenuLevel:PersistentLevel.MenuLevel' with GeneratedClass '/Game/Maps/MenuLevel.MenuLevel_C' with ClassGeneratedBy '/Game/Maps/MenuLevel.MenuLevel:PersistentLevel.MenuLevel'
[2017.03.17-16.43.22:200][ 55]BlueprintLog: New page: Compile CharcterSelect
[2017.03.17-16.43.23:421][147]LogTemp: Repeting last play command: New Editor Window (PIE)
[2017.03.17-16.43.23:447][147]LogBlueprintUserMessages: Early PlayInEditor Detection: Level '/Game/Maps/MenuLevel.MenuLevel:PersistentLevel' has LevelScriptBlueprint '/Game/Maps/MenuLevel.MenuLevel:PersistentLevel.MenuLevel' with GeneratedClass '/Game/Maps/MenuLevel.MenuLevel_C' with ClassGeneratedBy '/Game/Maps/MenuLevel.MenuLevel:PersistentLevel.MenuLevel'
[2017.03.17-16.43.23:447][147]LogPlayLevel: PlayLevel: No blueprints needed recompiling
[2017.03.17-16.43.23:447][147]PIE: New page: PIE session: MenuLevel (17 Mar 2017 16:43:23)
[2017.03.17-16.43.23:448][147]LogPlayLevel: Creating play world package: /Game/Maps/UEDPIE_0_MenuLevel
[2017.03.17-16.43.23:451][147]LogPlayLevel: PIE: StaticDuplicateObject took: (0.002708s)
[2017.03.17-16.43.23:451][147]LogAIModule: Creating AISystem for world MenuLevel
[2017.03.17-16.43.23:452][147]LogPlayLevel: PIE: World Init took: (0.001036s)
[2017.03.17-16.43.23:452][147]LogPlayLevel: PIE: Created PIE world by copying editor world from /Game/Maps/MenuLevel.MenuLevel to /Game/Maps/UEDPIE_0_MenuLevel.MenuLevel (0.004015s)
[2017.03.17-16.43.23:491][147]LogInit: XAudio2 using 'Speaker/HP (Realtek High Definition Audio)' : 2 channels at 48 kHz using 32 bits per sample (channel mask 0x3)
[2017.03.17-16.43.23:501][147]LogInit: FAudioDevice initialized.
[2017.03.17-16.43.23:549][147]LogLoad: Game class is 'MenuGameMode_C'
[2017.03.17-16.43.23:551][147]LogWorld: Bringing World /Game/Maps/UEDPIE_0_MenuLevel.MenuLevel up for play (max tick rate 0) at 2017.03.17-16.43.23
[2017.03.17-16.43.23:551][147]LogWorld: Bringing up level for play took: 0.002004
[2017.03.17-16.43.23:552][147]LogGameMode:Display: Match State Changed from EnteringMap to WaitingToStart
[2017.03.17-16.43.23:552][147]LogGameState: Match State Changed from EnteringMap to WaitingToStart
[2017.03.17-16.43.23:552][147]LogGameMode:Display: Match State Changed from WaitingToStart to InProgress
[2017.03.17-16.43.23:554][147]LogGameState: Match State Changed from WaitingToStart to InProgress
[2017.03.17-16.43.23:557][147]PIE: Info Play in editor start time for /Game/Maps/UEDPIE_0_MenuLevel 0.251
[2017.03.17-16.43.23:558][147]LogBlueprintUserMessages: Late PlayInEditor Detection: Level '/Game/Maps/MenuLevel.MenuLevel:PersistentLevel' has LevelScriptBlueprint '/Game/Maps/MenuLevel.MenuLevel:PersistentLevel.MenuLevel' with GeneratedClass '/Game/Maps/MenuLevel.MenuLevel_C' with ClassGeneratedBy '/Game/Maps/MenuLevel.MenuLevel:PersistentLevel.MenuLevel'
[2017.03.17-16.43.29:255][361]LogBlueprintUserMessages: Early EndPlayMap Detection: Level '/Game/Maps/MenuLevel.MenuLevel:PersistentLevel' has LevelScriptBlueprint '/Game/Maps/MenuLevel.MenuLevel:PersistentLevel.MenuLevel' with GeneratedClass '/Game/Maps/MenuLevel.MenuLevel_C' with ClassGeneratedBy '/Game/Maps/MenuLevel.MenuLevel:PersistentLevel.MenuLevel'
[2017.03.17-16.43.29:293][361]LogBlueprintUserMessages: Late EndPlayMap Detection: Level '/Game/Maps/MenuLevel.MenuLevel:PersistentLevel' has LevelScriptBlueprint '/Game/Maps/MenuLevel.MenuLevel:PersistentLevel.MenuLevel' with GeneratedClass '/Game/Maps/MenuLevel.MenuLevel_C' with ClassGeneratedBy '/Game/Maps/MenuLevel.MenuLevel:PersistentLevel.MenuLevel'
[2017.03.17-16.43.50:264][497]BlueprintLog: New page: Compile CharcterSelect
[2017.03.17-16.44.23:721][ 60]BlueprintLog: New page: Compile CharcterSelect
[2017.03.17-16.45.10:958][738]BlueprintLog: New page: Compile CharcterSelect
[2017.03.17-16.45.50:656][543]LogClass:Warning: Type mismatch in NewVar_0 of SKEL_PlayerCharacter_C - Previous (ObjectProperty) Current(ArrayProperty) for package:  FObjectReader
[2017.03.17-16.46.02:491][899]BlueprintLog: New page: Compile PlayerCharacter
[2017.03.17-16.46.02:529][899]LogBlueprint:Warning: [Compiler PlayerCharacter] Warning Can't parse default value '/Game/Assets/Textures/ShortBoard/ShortBoardVanilla.ShortBoardVanilla' for  <None> . Property: SurfBoardArray.
[2017.03.17-16.46.02:826][899]BlueprintEditorCompileResults:Warning: Warning Can't parse default value '/Game/Assets/Textures/ShortBoard/ShortBoardVanilla.ShortBoardVanilla' for  <None> . Property: SurfBoardArray.
[2017.03.17-16.46.02:826][899]LogBlueprint:Warning: [Compiler PlayerCharacter] Warning [0994.35] Compile of PlayerCharacter successful, but with 1 Warning(s) [in 334 ms] (/Game/Blueprints/PlayerCharacter.PlayerCharacter)
[2017.03.17-16.47.29:189][651]BlueprintLog: New page: Compile PlayerCharacter
[2017.03.17-16.48.17:376][ 30]BlueprintLog: New page: Compile PlayerCharacter
[2017.03.17-16.48.19:918][239]LogTemp: Repeting last play command: New Editor Window (PIE)
[2017.03.17-16.48.19:964][239]LogBlueprintUserMessages: Early PlayInEditor Detection: Level '/Game/Maps/MenuLevel.MenuLevel:PersistentLevel' has LevelScriptBlueprint '/Game/Maps/MenuLevel.MenuLevel:PersistentLevel.MenuLevel' with GeneratedClass '/Game/Maps/MenuLevel.MenuLevel_C' with ClassGeneratedBy '/Game/Maps/MenuLevel.MenuLevel:PersistentLevel.MenuLevel'
[2017.03.17-16.48.19:964][239]LogPlayLevel: PlayLevel: No blueprints needed recompiling
[2017.03.17-16.48.19:965][239]PIE: New page: PIE session: MenuLevel (17 Mar 2017 16:48:19)
[2017.03.17-16.48.19:965][239]LogPlayLevel: Creating play world package: /Game/Maps/UEDPIE_0_MenuLevel
[2017.03.17-16.48.19:968][239]LogPlayLevel: PIE: StaticDuplicateObject took: (0.002849s)
[2017.03.17-16.48.19:969][239]LogAIModule: Creating AISystem for world MenuLevel
[2017.03.17-16.48.19:970][239]LogPlayLevel: PIE: World Init took: (0.001176s)
[2017.03.17-16.48.19:970][239]LogPlayLevel: PIE: Created PIE world by copying editor world from /Game/Maps/MenuLevel.MenuLevel to /Game/Maps/UEDPIE_0_MenuLevel.MenuLevel (0.004354s)
[2017.03.17-16.48.20:014][239]LogInit: XAudio2 using 'Speaker/HP (Realtek High Definition Audio)' : 2 channels at 48 kHz using 32 bits per sample (channel mask 0x3)
[2017.03.17-16.48.20:025][239]LogInit: FAudioDevice initialized.
[2017.03.17-16.48.20:073][239]LogLoad: Game class is 'MenuGameMode_C'
[2017.03.17-16.48.20:076][239]LogWorld: Bringing World /Game/Maps/UEDPIE_0_MenuLevel.MenuLevel up for play (max tick rate 0) at 2017.03.17-16.48.20
[2017.03.17-16.48.20:077][239]LogWorld: Bringing up level for play took: 0.002120
[2017.03.17-16.48.20:077][239]LogGameMode:Display: Match State Changed from EnteringMap to WaitingToStart
[2017.03.17-16.48.20:077][239]LogGameState: Match State Changed from EnteringMap to WaitingToStart
[2017.03.17-16.48.20:077][239]LogGameMode:Display: Match State Changed from WaitingToStart to InProgress
[2017.03.17-16.48.20:079][239]LogGameState: Match State Changed from WaitingToStart to InProgress
[2017.03.17-16.48.20:082][239]PIE: Info Play in editor start time for /Game/Maps/UEDPIE_0_MenuLevel 0.776
[2017.03.17-16.48.20:083][239]LogBlueprintUserMessages: Late PlayInEditor Detection: Level '/Game/Maps/MenuLevel.MenuLevel:PersistentLevel' has LevelScriptBlueprint '/Game/Maps/MenuLevel.MenuLevel:PersistentLevel.MenuLevel' with GeneratedClass '/Game/Maps/MenuLevel.MenuLevel_C' with ClassGeneratedBy '/Game/Maps/MenuLevel.MenuLevel:PersistentLevel.MenuLevel'
[2017.03.17-16.48.23:004][348]LogGameMode:Display: Match State Changed from InProgress to LeavingMap
[2017.03.17-16.48.23:005][348]LogGameState: Match State Changed from InProgress to LeavingMap
[2017.03.17-16.48.23:007][348]LogNet: Browse: /Game/Maps/Map1
[2017.03.17-16.48.23:007][348]LogLoad: LoadMap: /Game/Maps/Map1
[2017.03.17-16.48.23:075][348]Cmd: MEM
[2017.03.17-16.48.23:111][348]LogMemory: Platform Memory Stats for Windows
[2017.03.17-16.48.23:111][348]LogMemory: Process Physical Memory: 3255.53 MB used, 3258.10 MB peak
[2017.03.17-16.48.23:111][348]LogMemory: Process Virtual Memory: 4220.08 MB used, 4225.52 MB peak
[2017.03.17-16.48.23:111][348]LogMemory: Physical Memory: 5973.43 MB used,  2057.42 MB free, 8030.84 MB total
[2017.03.17-16.48.23:111][348]LogMemory: Virtual Memory: 5087.36 MB used,  2057.42 MB free, 134217728.00 MB total
[2017.03.17-16.48.23:111][348]LogMemory: 
[2017.03.17-16.48.23:111][348]Allocator Stats for TBB: (not implemented)
[2017.03.17-16.48.23:203][348]LogStats: FPlatformStackWalk::StackWalkAndDump -  0.011 s
[2017.03.17-16.48.23:203][348]LogOutputDevice:Error: === Handled ensure: ===
[2017.03.17-16.48.23:203][348]LogOutputDevice:Error: 
[2017.03.17-16.48.23:203][348]LogOutputDevice:Error: Ensure condition failed: IsObjectValidForDatabase(AssetObject) [File:D:\Build\++UE4+Release-4.14+Compile\Sync\Engine\Source\Editor\BlueprintGraph\Private\BlueprintActionDatabase.cpp] [Line: 1263]
[2017.03.17-16.48.23:203][348]LogOutputDevice:Error: 
[2017.03.17-16.48.23:203][348]LogOutputDevice:Error: Stack: 
[2017.03.17-16.48.23:203][348]LogOutputDevice:Error: UE4Editor-Core.dll
[2017.03.17-16.48.23:203][348]LogOutputDevice:Error: UE4Editor-Core.dll
[2017.03.17-16.48.23:203][348]LogOutputDevice:Error: UE4Editor-Core.dll
[2017.03.17-16.48.23:203][348]LogOutputDevice:Error: UE4Editor-BlueprintGraph.dll
[2017.03.17-16.48.23:203][348]LogOutputDevice:Error: UE4Editor-BlueprintGraph.dll
[2017.03.17-16.48.23:203][348]LogOutputDevice:Error: UE4Editor-CoreUObject.dll
[2017.03.17-16.48.23:203][348]LogOutputDevice:Error: UE4Editor-CoreUObject.dll
[2017.03.17-16.48.23:203][348]LogOutputDevice:Error: UE4Editor-CoreUObject.dll
[2017.03.17-16.48.23:203][348]LogOutputDevice:Error: UE4Editor-CoreUObject.dll
[2017.03.17-16.48.23:203][348]LogOutputDevice:Error: UE4Editor-Engine.dll
[2017.03.17-16.48.23:203][348]LogOutputDevice:Error: UE4Editor-Engine.dll
[2017.03.17-16.48.23:203][348]LogOutputDevice:Error: UE4Editor-Engine.dll
[2017.03.17-16.48.23:203][348]LogOutputDevice:Error: UE4Editor-UnrealEd.dll
[2017.03.17-16.48.23:203][348]LogOutputDevice:Error: UE4Editor-UnrealEd.dll
[2017.03.17-16.48.23:203][348]LogOutputDevice:Error: UE4Editor.exe
[2017.03.17-16.48.23:203][348]LogOutputDevice:Error: UE4Editor.exe
[2017.03.17-16.48.23:203][348]LogOutputDevice:Error: UE4Editor.exe
[2017.03.17-16.48.23:203][348]LogOutputDevice:Error: UE4Editor.exe
[2017.03.17-16.48.23:203][348]LogOutputDevice:Error: UE4Editor.exe
[2017.03.17-16.48.23:203][348]LogOutputDevice:Error: KERNEL32.DLL
[2017.03.17-16.48.23:203][348]LogOutputDevice:Error: ntdll.dll
[2017.03.17-16.48.23:203][348]LogOutputDevice:Error: 
[2017.03.17-16.48.23:209][348]LogStats:                SubmitErrorReport -  0.000 s
