Log file open, 03/14/17 18:42:32
LogInit:Display: Running engine for game: SuhDude
LogPlatformFile: Not using cached read wrapper
LogInit:Display: RandInit(1889715926) SRandInit(1889715926).
LogTaskGraph: Started task graph with 5 named threads and 6 total threads with 1 sets of task threads.
LogStats: Stats thread started at 0.069496
LogPluginManager: Loaded Plugin Paper2D, From C:/Program Files/Epic Games/UE_4.14/Engine/Plugins/2D/Paper2D/Paper2D.uplugin
LogPluginManager: Loaded Plugin LightPropagationVolume, From C:/Program Files/Epic Games/UE_4.14/Engine/Plugins/Blendables/LightPropagationVolume/LightPropagationVolume.uplugin
LogPluginManager: Loaded Plugin BlankPlugin, From C:/Program Files/Epic Games/UE_4.14/Engine/Plugins/Developer/BlankPlugin/BlankPlugin.uplugin
LogPluginManager: Loaded Plugin CodeLiteSourceCodeAccess, From C:/Program Files/Epic Games/UE_4.14/Engine/Plugins/Developer/CodeLiteSourceCodeAccess/CodeLiteSourceCodeAccess.uplugin
LogPluginManager: Loaded Plugin GitSourceControl, From C:/Program Files/Epic Games/UE_4.14/Engine/Plugins/Developer/GitSourceControl/GitSourceControl.uplugin
LogPluginManager: Loaded Plugin KDevelopSourceCodeAccess, From C:/Program Files/Epic Games/UE_4.14/Engine/Plugins/Developer/KDevelopSourceCodeAccess/KDevelopSourceCodeAccess.uplugin
LogPluginManager: Loaded Plugin NullSourceCodeAccess, From C:/Program Files/Epic Games/UE_4.14/Engine/Plugins/Developer/NullSourceCodeAccess/NullSourceCodeAccess.uplugin
LogPluginManager: Loaded Plugin OneSkyLocalizationService, From C:/Program Files/Epic Games/UE_4.14/Engine/Plugins/Developer/OneSkyLocalizationService/OneSkyLocalizationService.uplugin
LogPluginManager: Loaded Plugin PerforceSourceControl, From C:/Program Files/Epic Games/UE_4.14/Engine/Plugins/Developer/PerforceSourceControl/PerforceSourceControl.uplugin
LogPluginManager: Loaded Plugin SubversionSourceControl, From C:/Program Files/Epic Games/UE_4.14/Engine/Plugins/Developer/SubversionSourceControl/SubversionSourceControl.uplugin
LogPluginManager: Loaded Plugin UObjectPlugin, From C:/Program Files/Epic Games/UE_4.14/Engine/Plugins/Developer/UObjectPlugin/UObjectPlugin.uplugin
LogPluginManager: Loaded Plugin VisualStudioSourceCodeAccess, From C:/Program Files/Epic Games/UE_4.14/Engine/Plugins/Developer/VisualStudioSourceCodeAccess/VisualStudioSourceCodeAccess.uplugin
LogPluginManager: Loaded Plugin XCodeSourceCodeAccess, From C:/Program Files/Epic Games/UE_4.14/Engine/Plugins/Developer/XCodeSourceCodeAccess/XCodeSourceCodeAccess.uplugin
LogPluginManager: Loaded Plugin AudioCapture, From C:/Program Files/Epic Games/UE_4.14/Engine/Plugins/Editor/AudioCapture/AudioCapture.uplugin
LogPluginManager: Loaded Plugin EpicSurvey, From C:/Program Files/Epic Games/UE_4.14/Engine/Plugins/Editor/EpicSurvey/EpicSurvey.uplugin
LogPluginManager: Loaded Plugin MacGraphicsSwitching, From C:/Program Files/Epic Games/UE_4.14/Engine/Plugins/Editor/MacGraphicsSwitching/MacGraphicsSwitching.uplugin
LogPluginManager: Loaded Plugin MobileLauncherProfileWizard, From C:/Program Files/Epic Games/UE_4.14/Engine/Plugins/Editor/MobileLauncherProfileWizard/MobileLauncherProfileWizard.uplugin
LogPluginManager: Loaded Plugin PluginBrowser, From C:/Program Files/Epic Games/UE_4.14/Engine/Plugins/Editor/PluginBrowser/PluginBrowser.uplugin
LogPluginManager: Loaded Plugin SpeedTreeImporter, From C:/Program Files/Epic Games/UE_4.14/Engine/Plugins/Editor/SpeedTreeImporter/SpeedTreeImporter.uplugin
LogPluginManager: Loaded Plugin SuperSearchEditor, From C:/Program Files/Epic Games/UE_4.14/Engine/Plugins/Editor/SuperSearchEditor/SuperSearchEditor.uplugin
LogPluginManager: Loaded Plugin AlembicImporter, From C:/Program Files/Epic Games/UE_4.14/Engine/Plugins/Experimental/AlembicImporter/AlembicImporter.uplugin
LogPluginManager: Loaded Plugin BlueprintStats, From C:/Program Files/Epic Games/UE_4.14/Engine/Plugins/Experimental/BlueprintStats/BlueprintStats.uplugin
LogPluginManager: Loaded Plugin CharacterAI, From C:/Program Files/Epic Games/UE_4.14/Engine/Plugins/Experimental/CharacterAI/CharacterAI.uplugin
LogPluginManager: Loaded Plugin CodeEditor, From C:/Program Files/Epic Games/UE_4.14/Engine/Plugins/Experimental/CodeEditor/CodeEditor.uplugin
LogPluginManager: Loaded Plugin CodeView, From C:/Program Files/Epic Games/UE_4.14/Engine/Plugins/Experimental/CodeView/CodeView.uplugin
LogPluginManager: Loaded Plugin HTML5Networking, From C:/Program Files/Epic Games/UE_4.14/Engine/Plugins/Experimental/HTML5Networking/HTML5Networking.uplugin
LogPluginManager: Loaded Plugin OSVR, From C:/Program Files/Epic Games/UE_4.14/Engine/Plugins/Experimental/OSVR/OSVR.uplugin
LogPluginManager: Loaded Plugin Phya, From C:/Program Files/Epic Games/UE_4.14/Engine/Plugins/Experimental/Phya/Phya.uplugin
LogPluginManager: Loaded Plugin SignificanceManager, From C:/Program Files/Epic Games/UE_4.14/Engine/Plugins/Experimental/SignificanceManager/SignificanceManager.uplugin
LogPluginManager: Loaded Plugin SimpleHMD, From C:/Program Files/Epic Games/UE_4.14/Engine/Plugins/Experimental/SimpleHMD/SimpleHMD.uplugin
LogPluginManager: Loaded Plugin StereoPanorama, From C:/Program Files/Epic Games/UE_4.14/Engine/Plugins/Experimental/StereoPanorama/StereoPanorama.uplugin
LogPluginManager: Loaded Plugin StructBox, From C:/Program Files/Epic Games/UE_4.14/Engine/Plugins/Experimental/StructBox/StructBox.uplugin
LogPluginManager: Loaded Plugin AndroidMedia, From C:/Program Files/Epic Games/UE_4.14/Engine/Plugins/Media/AndroidMedia/AndroidMedia.uplugin
LogPluginManager: Loaded Plugin AvfMedia, From C:/Program Files/Epic Games/UE_4.14/Engine/Plugins/Media/AvfMedia/AvfMedia.uplugin
LogPluginManager: Loaded Plugin MediaPlayerEditor, From C:/Program Files/Epic Games/UE_4.14/Engine/Plugins/Media/MediaPlayerEditor/MediaPlayerEditor.uplugin
LogPluginManager: Loaded Plugin WmfMedia, From C:/Program Files/Epic Games/UE_4.14/Engine/Plugins/Media/WmfMedia/WmfMedia.uplugin
LogPluginManager: Loaded Plugin MessagingDebugger, From C:/Program Files/Epic Games/UE_4.14/Engine/Plugins/Messaging/MessagingDebugger/MessagingDebugger.uplugin
LogPluginManager: Loaded Plugin TcpMessaging, From C:/Program Files/Epic Games/UE_4.14/Engine/Plugins/Messaging/TcpMessaging/TcpMessaging.uplugin
LogPluginManager: Loaded Plugin UdpMessaging, From C:/Program Files/Epic Games/UE_4.14/Engine/Plugins/Messaging/UdpMessaging/UdpMessaging.uplugin
LogPluginManager: Loaded Plugin LevelSequenceEditor, From C:/Program Files/Epic Games/UE_4.14/Engine/Plugins/MovieScene/LevelSequenceEditor/LevelSequenceEditor.uplugin
LogPluginManager: Loaded Plugin MatineeToLevelSequence, From C:/Program Files/Epic Games/UE_4.14/Engine/Plugins/MovieScene/MatineeToLevelSequence/MatineeToLevelSequence.uplugin
LogPluginManager: Loaded Plugin NetcodeUnitTest, From C:/Program Files/Epic Games/UE_4.14/Engine/Plugins/NetcodeUnitTest/NetcodeUnitTest/NetcodeUnitTest.uplugin
LogPluginManager: Loaded Plugin NUTUnrealEngine4, From C:/Program Files/Epic Games/UE_4.14/Engine/Plugins/NetcodeUnitTest/NUTUnrealEngine4/NUTUnrealEngine4.uplugin
LogPluginManager: Loaded Plugin OnlineSubsystemGameCircle, From C:/Program Files/Epic Games/UE_4.14/Engine/Plugins/Online/Android/OnlineSubsystemGameCircle/OnlineSubsystemGameCircle.uplugin
LogPluginManager: Loaded Plugin OnlineSubsystemGooglePlay, From C:/Program Files/Epic Games/UE_4.14/Engine/Plugins/Online/Android/OnlineSubsystemGooglePlay/OnlineSubsystemGooglePlay.uplugin
LogPluginManager: Loaded Plugin OnlineSubsystemIOS, From C:/Program Files/Epic Games/UE_4.14/Engine/Plugins/Online/IOS/OnlineSubsystemIOS/OnlineSubsystemIOS.uplugin
LogPluginManager: Loaded Plugin OnlineFramework, From C:/Program Files/Epic Games/UE_4.14/Engine/Plugins/Online/OnlineFramework/OnlineFramework.uplugin
LogPluginManager: Loaded Plugin OnlineSubsystem, From C:/Program Files/Epic Games/UE_4.14/Engine/Plugins/Online/OnlineSubsystem/OnlineSubsystem.uplugin
LogPluginManager: Loaded Plugin OnlineSubsystemAmazon, From C:/Program Files/Epic Games/UE_4.14/Engine/Plugins/Online/OnlineSubsystemAmazon/OnlineSubsystemAmazon.uplugin
LogPluginManager: Loaded Plugin OnlineSubsystemFacebook, From C:/Program Files/Epic Games/UE_4.14/Engine/Plugins/Online/OnlineSubsystemFacebook/OnlineSubsystemFacebook.uplugin
LogPluginManager: Loaded Plugin OnlineSubsystemNull, From C:/Program Files/Epic Games/UE_4.14/Engine/Plugins/Online/OnlineSubsystemNull/OnlineSubsystemNull.uplugin
LogPluginManager: Loaded Plugin OnlineSubsystemOculus, From C:/Program Files/Epic Games/UE_4.14/Engine/Plugins/Online/OnlineSubsystemOculus/OnlineSubsystemOculus.uplugin
LogPluginManager: Loaded Plugin OnlineSubsystemSteam, From C:/Program Files/Epic Games/UE_4.14/Engine/Plugins/Online/OnlineSubsystemSteam/OnlineSubsystemSteam.uplugin
LogPluginManager: Loaded Plugin OnlineSubsystemUtils, From C:/Program Files/Epic Games/UE_4.14/Engine/Plugins/Online/OnlineSubsystemUtils/OnlineSubsystemUtils.uplugin
LogPluginManager: Loaded Plugin IOSTapJoy, From C:/Program Files/Epic Games/UE_4.14/Engine/Plugins/Runtime/Advertising/IOSTapJoy/IOSTapJoy.uplugin
LogPluginManager: Loaded Plugin AnalyticsBlueprintLibrary, From C:/Program Files/Epic Games/UE_4.14/Engine/Plugins/Runtime/Analytics/AnalyticsBlueprintLibrary/AnalyticsBlueprintLibrary.uplugin
LogPluginManager: Loaded Plugin AnalyticsMulticast, From C:/Program Files/Epic Games/UE_4.14/Engine/Plugins/Runtime/Analytics/AnalyticsMulticast/AnalyticsMulticast.uplugin
LogPluginManager: Loaded Plugin Apsalar, From C:/Program Files/Epic Games/UE_4.14/Engine/Plugins/Runtime/Analytics/Apsalar/Apsalar.uplugin
LogPluginManager: Loaded Plugin FileLogging, From C:/Program Files/Epic Games/UE_4.14/Engine/Plugins/Runtime/Analytics/FileLogging/FileLogging.uplugin
LogPluginManager: Loaded Plugin Flurry, From C:/Program Files/Epic Games/UE_4.14/Engine/Plugins/Runtime/Analytics/Flurry/Flurry.uplugin
LogPluginManager: Loaded Plugin AndroidDeviceProfileSelector, From C:/Program Files/Epic Games/UE_4.14/Engine/Plugins/Runtime/AndroidDeviceProfileSelector/AndroidDeviceProfileSelector.uplugin
LogPluginManager: Loaded Plugin AndroidMoviePlayer, From C:/Program Files/Epic Games/UE_4.14/Engine/Plugins/Runtime/AndroidMoviePlayer/AndroidMoviePlayer.uplugin
LogPluginManager: Loaded Plugin AppleMoviePlayer, From C:/Program Files/Epic Games/UE_4.14/Engine/Plugins/Runtime/AppleMoviePlayer/AppleMoviePlayer.uplugin
LogPluginManager: Loaded Plugin ArchVisCharacter, From C:/Program Files/Epic Games/UE_4.14/Engine/Plugins/Runtime/ArchVisCharacter/ArchVisCharacter.uplugin
LogPluginManager: Loaded Plugin CableComponent, From C:/Program Files/Epic Games/UE_4.14/Engine/Plugins/Runtime/CableComponent/CableComponent.uplugin
LogPluginManager: Loaded Plugin CustomMeshComponent, From C:/Program Files/Epic Games/UE_4.14/Engine/Plugins/Runtime/CustomMeshComponent/CustomMeshComponent.uplugin
LogPluginManager: Loaded Plugin ExampleDeviceProfileSelector, From C:/Program Files/Epic Games/UE_4.14/Engine/Plugins/Runtime/ExampleDeviceProfileSelector/ExampleDeviceProfileSelector.uplugin
LogPluginManager: Loaded Plugin GearVR, From C:/Program Files/Epic Games/UE_4.14/Engine/Plugins/Runtime/GearVR/GearVR.uplugin
LogPluginManager: Loaded Plugin GoogleVRController, From C:/Program Files/Epic Games/UE_4.14/Engine/Plugins/Runtime/GoogleVR/GoogleVRController/GoogleVRController.uplugin
LogPluginManager: Loaded Plugin GoogleVRHMD, From C:/Program Files/Epic Games/UE_4.14/Engine/Plugins/Runtime/GoogleVR/GoogleVRHMD/GoogleVRHMD.uplugin
LogPluginManager: Loaded Plugin IOSDeviceProfileSelector, From C:/Program Files/Epic Games/UE_4.14/Engine/Plugins/Runtime/IOSDeviceProfileSelector/IOSDeviceProfileSelector.uplugin
LogPluginManager: Loaded Plugin LeapMotion, From C:/Program Files/Epic Games/UE_4.14/Engine/Plugins/Runtime/LeapMotion/LeapMotion.uplugin
LogPluginManager: Loaded Plugin LinuxDeviceProfileSelector, From C:/Program Files/Epic Games/UE_4.14/Engine/Plugins/Runtime/LinuxDeviceProfileSelector/LinuxDeviceProfileSelector.uplugin
LogPluginManager: Loaded Plugin MIDIDevice, From C:/Program Files/Epic Games/UE_4.14/Engine/Plugins/Runtime/MIDIDevice/MIDIDevice.uplugin
LogPluginManager: Loaded Plugin MobilePatchingUtils, From C:/Program Files/Epic Games/UE_4.14/Engine/Plugins/Runtime/MobilePatchingUtils/MobilePatchingUtils.uplugin
LogPluginManager: Loaded Plugin Ansel, From C:/Program Files/Epic Games/UE_4.14/Engine/Plugins/Runtime/Nvidia/Ansel/Ansel.uplugin
LogPluginManager: Loaded Plugin OculusAudio, From C:/Program Files/Epic Games/UE_4.14/Engine/Plugins/Runtime/OculusAudio/OculusAudio.uplugin
LogPluginManager: Loaded Plugin OculusInput, From C:/Program Files/Epic Games/UE_4.14/Engine/Plugins/Runtime/OculusInput/OculusInput.uplugin
LogPluginManager: Loaded Plugin OculusLibrary, From C:/Program Files/Epic Games/UE_4.14/Engine/Plugins/Runtime/OculusLibrary/OculusLibrary.uplugin
LogPluginManager: Loaded Plugin OculusRift, From C:/Program Files/Epic Games/UE_4.14/Engine/Plugins/Runtime/OculusRift/OculusRift.uplugin
LogPluginManager: Loaded Plugin Oodle, From C:/Program Files/Epic Games/UE_4.14/Engine/Plugins/Runtime/PacketHandlers/CompressionComponents/Oodle/Oodle.uplugin
LogPluginManager: Loaded Plugin ProceduralMeshComponent, From C:/Program Files/Epic Games/UE_4.14/Engine/Plugins/Runtime/ProceduralMeshComponent/ProceduralMeshComponent.uplugin
LogPluginManager: Loaded Plugin SoundMod, From C:/Program Files/Epic Games/UE_4.14/Engine/Plugins/Runtime/SoundMod/SoundMod.uplugin
LogPluginManager: Loaded Plugin SoundVisualizations, From C:/Program Files/Epic Games/UE_4.14/Engine/Plugins/Runtime/SoundVisualizations/SoundVisualizations.uplugin
LogPluginManager: Loaded Plugin SteamController, From C:/Program Files/Epic Games/UE_4.14/Engine/Plugins/Runtime/Steam/SteamController/SteamController.uplugin
LogPluginManager: Loaded Plugin SteamVR, From C:/Program Files/Epic Games/UE_4.14/Engine/Plugins/Runtime/Steam/SteamVR/SteamVR.uplugin
LogPluginManager: Loaded Plugin WebBrowserWidget, From C:/Program Files/Epic Games/UE_4.14/Engine/Plugins/Runtime/WebBrowserWidget/WebBrowserWidget.uplugin
LogPluginManager: Loaded Plugin WindowsDeviceProfileSelector, From C:/Program Files/Epic Games/UE_4.14/Engine/Plugins/Runtime/WindowsDeviceProfileSelector/WindowsDeviceProfileSelector.uplugin
LogPluginManager: Loaded Plugin WindowsMoviePlayer, From C:/Program Files/Epic Games/UE_4.14/Engine/Plugins/Runtime/WindowsMoviePlayer/WindowsMoviePlayer.uplugin
LogPluginManager: Loaded Plugin ScriptPlugin, From C:/Program Files/Epic Games/UE_4.14/Engine/Plugins/ScriptPlugin/ScriptPlugin.uplugin
LogPluginManager: Loaded Plugin SlateRemote, From C:/Program Files/Epic Games/UE_4.14/Engine/Plugins/Slate/SlateRemote/SlateRemote.uplugin
LogPluginManager: Loaded Plugin EditorTests, From C:/Program Files/Epic Games/UE_4.14/Engine/Plugins/Tests/EditorTests/EditorTests.uplugin
LogPluginManager: Loaded Plugin FbxAutomationTestBuilder, From C:/Program Files/Epic Games/UE_4.14/Engine/Plugins/Tests/FbxAutomationTestBuilder/FbxAutomationTestBuilder.uplugin
LogPluginManager: Loaded Plugin FunctionalTestingEditor, From C:/Program Files/Epic Games/UE_4.14/Engine/Plugins/Tests/FunctionalTestingEditor/FunctionalTestingEditor.uplugin
LogPluginManager: Loaded Plugin RuntimeTests, From C:/Program Files/Epic Games/UE_4.14/Engine/Plugins/Tests/RuntimeTests/RuntimeTests.uplugin
LogPluginManager: Loaded Plugin ScreenshotTools, From C:/Program Files/Epic Games/UE_4.14/Engine/Plugins/Tests/ScreenshotTools/ScreenshotTools.uplugin
LogInit: Using libcurl 7.47.1
LogInit:  - built for x86_64-pc-win32
LogInit:  - supports SSL with OpenSSL/1.0.2g
LogInit:  - supports HTTP deflate (compression) using libz 1.2.8
LogInit:  - other features:
LogInit:      CURL_VERSION_SSL
LogInit:      CURL_VERSION_LIBZ
LogInit:      CURL_VERSION_IPV6
LogInit:      CURL_VERSION_ASYNCHDNS
LogInit:      CURL_VERSION_LARGEFILE
LogInit:      CURL_VERSION_IDN
LogInit:  CurlRequestOptions (configurable via config and command line):
LogInit:  - bVerifyPeer = false  - Libcurl will NOT verify peer certificate
LogInit:  - bUseHttpProxy = false  - Libcurl will NOT use HTTP proxy
LogInit:  - bDontReuseConnections = false  - Libcurl will reuse connections
LogInit:  - CertBundlePath = nullptr  - Libcurl will use whatever was configured at build time.
LogInit: Build: ++UE4+Release-4.14-CL-3249277
LogInit: Engine Version: 4.14.3-3249277+++UE4+Release-4.14
LogInit: Compatible Engine Version: 4.14.0-3195953+++UE4+Release-4.14
LogInit: Net CL: 3195953
LogDevObjectVersion: Number of dev versions registered: 13
LogDevObjectVersion:   Dev-Blueprints (B0D832E4-1F89-4F0D-ACCF-7EB736FD4AA2): 7
LogDevObjectVersion:   Dev-Build (E1C64328-A22C-4D53-A36C-8E866417BD8C): 0
LogDevObjectVersion:   Dev-Core (375EC13C-06E4-48FB-B500-84F0262A717E): 1
LogDevObjectVersion:   Dev-Editor (E4B068ED-F494-42E9-A231-DA0B2E46BB41): 8
LogDevObjectVersion:   Dev-Framework (CFFC743F-43B0-4480-9391-14DF171D2073): 17
LogDevObjectVersion:   Dev-Mobile (B02B49B5-BB20-44E9-A304-32B752E40360): 0
LogDevObjectVersion:   Dev-Networking (A4E4105C-59A1-49B5-A7C5-40C4547EDFEE): 0
LogDevObjectVersion:   Dev-Online (39C831C9-5AE6-47DC-9A44-9C173E1C8E7C): 0
LogDevObjectVersion:   Dev-Physics (78F01B33-EBEA-4F98-B9B4-84EACCB95AA2): 0
LogDevObjectVersion:   Dev-Platform (6631380F-2D4D-43E0-8009-CF276956A95A): 0
LogDevObjectVersion:   Dev-Rendering (12F88B9F-8875-4AFC-A67C-D90C383ABD29): 12
LogDevObjectVersion:   Dev-Sequencer (7B5AE74C-D270-4C10-A958-57980B212A5A): 1
LogDevObjectVersion:   Dev-VR (D7296918-1DD6-4BDD-9DE2-64A83CC13884): 0
LogInit: Compiled (64-bit): Jan  6 2017 10:49:43
LogInit: Compiled with Visual C++: 19.00.23026.00
LogInit: Build Configuration: Development
LogInit: Branch Name: ++UE4+Release-4.14
LogInit: Command line:  
LogInit: Base directory: C:/Program Files/Epic Games/UE_4.14/Engine/Binaries/Win64/
LogInit: Installed Engine Build: 1
LogInit: Presizing for max 8388607 objects, including 0 objects not considered by GC, pre-allocating 0 bytes for permanent pool.
LogInit: Object subsystem initialized
[2017.03.14-18.42.32:461][  0]LogInit: Selected Device Profile: [Windows]
[2017.03.14-18.42.32:462][  0]LogInit: Applying CVar settings loaded from the selected device profile: [Windows]
[2017.03.14-18.42.32:474][  0]LogInit: Computer: LAPTOP-HOJJGP5S
[2017.03.14-18.42.32:474][  0]LogInit: User: Tristan
[2017.03.14-18.42.32:474][  0]LogInit: CPU Page size=65536, Cores=2
[2017.03.14-18.42.32:474][  0]LogInit: High frequency timer resolution =2.343752 MHz
[2017.03.14-18.42.32:474][  0]LogMemory: Memory total: Physical=7.8GB (8GB approx)
[2017.03.14-18.42.32:474][  0]LogMemory: Platform Memory Stats for Windows
[2017.03.14-18.42.32:474][  0]LogMemory: Process Physical Memory: 263.90 MB used, 263.90 MB peak
[2017.03.14-18.42.32:474][  0]LogMemory: Process Virtual Memory: 262.54 MB used, 262.54 MB peak
[2017.03.14-18.42.32:474][  0]LogMemory: Physical Memory: 4801.24 MB used,  3229.61 MB free, 8030.84 MB total
[2017.03.14-18.42.32:474][  0]LogMemory: Virtual Memory: 674.53 MB used,  3229.61 MB free, 134217728.00 MB total
[2017.03.14-18.42.32:709][  0]LogTextLocalizationManager: No specific translations for ('en-GB') exist, so ('en') translations will be used.
[2017.03.14-18.42.33:439][  0]LogD3D11RHI: D3D11 adapters:
[2017.03.14-18.42.33:474][  0]LogD3D11RHI:    0. 'NVIDIA GeForce 940M' (Feature Level 11_0)
[2017.03.14-18.42.33:474][  0]LogD3D11RHI:       2020/0/4015 MB DedicatedVideo/DedicatedSystem/SharedSystem, Outputs:1, VendorId:0x10de
[2017.03.14-18.42.33:482][  0]LogD3D11RHI:    1. 'Intel(R) HD Graphics 520' (Feature Level 11_0)
[2017.03.14-18.42.33:482][  0]LogD3D11RHI:       128/0/4015 MB DedicatedVideo/DedicatedSystem/SharedSystem, Outputs:0, VendorId:0x8086
[2017.03.14-18.42.33:484][  0]LogD3D11RHI:    2. 'Microsoft Basic Render Driver' (Feature Level 11_0)
[2017.03.14-18.42.33:484][  0]LogD3D11RHI:       0/0/4015 MB DedicatedVideo/DedicatedSystem/SharedSystem, Outputs:0, VendorId:0x1414
[2017.03.14-18.42.33:484][  0]LogD3D11RHI: Chosen D3D11 Adapter: 0
[2017.03.14-18.42.33:492][  0]LogD3D11RHI: Creating new Direct3DDevice
[2017.03.14-18.42.33:492][  0]LogD3D11RHI:     GPU DeviceId: 0x1347 (for the marketing name, search the web for "GPU Device Id")
[2017.03.14-18.42.33:492][  0]LogWindows: EnumDisplayDevices:
[2017.03.14-18.42.33:492][  0]LogWindows:    0. 'Intel(R) HD Graphics 520' (P:1 D:1)
[2017.03.14-18.42.33:492][  0]LogWindows:    1. 'Intel(R) HD Graphics 520' (P:0 D:0)
[2017.03.14-18.42.33:493][  0]LogWindows:    2. 'Intel(R) HD Graphics 520' (P:0 D:0)
[2017.03.14-18.42.33:493][  0]LogWindows: DebugString: PrimaryIsNotTheChoosenAdapter PrimaryIsNotTheChoosenAdapter PrimaryIsNotTheChoosenAdapter FoundDriverCount:0 
[2017.03.14-18.42.33:493][  0]LogD3D11RHI:     Adapter Name: NVIDIA GeForce 940M
[2017.03.14-18.42.33:493][  0]LogD3D11RHI:   Driver Version: Unknown (internal:Unknown, unified:Unknown)
[2017.03.14-18.42.33:493][  0]LogD3D11RHI:      Driver Date: Unknown
[2017.03.14-18.42.33:493][  0]LogRHI: Texture pool is 1361 MB (70% of 1945 MB)
[2017.03.14-18.42.33:508][  0]LogD3D11RHI: Async texture creation enabled
[2017.03.14-18.42.33:528][  0]LogD3D11RHI: GPU Timing Frequency: 1000.000000 (Debug: 2 2)
[2017.03.14-18.42.33:528][  0]LogShaderCompilers: Guid format shader working directory is -13 characters bigger than the processId version (../../../../../../Users/Tristan/Documents/SuhDudeAll/SuhDude/Intermediate/Shaders/WorkingDirectory/11956/).
[2017.03.14-18.42.33:528][  0]LogShaderCompilers: Cleaned the shader compiler working directory 'C:/Users/Tristan/AppData/Local/Temp/UnrealShaderWorkingDir/97B93456407F9BE9AA5B4EAE3F2E48A4/'.
[2017.03.14-18.42.33:528][  0]LogShaderCompilers:Display: Using Local Shader Compiler.
[2017.03.14-18.42.34:642][  0]LogTemp:Display: Loaded TP AllDesktopTargetPlatform
[2017.03.14-18.42.34:703][  0]LogTemp:Display: Loaded TP MacClientTargetPlatform
[2017.03.14-18.42.34:764][  0]LogTemp:Display: Loaded TP MacNoEditorTargetPlatform
[2017.03.14-18.42.34:824][  0]LogTemp:Display: Loaded TP MacServerTargetPlatform
[2017.03.14-18.42.34:886][  0]LogTemp:Display: Loaded TP MacTargetPlatform
[2017.03.14-18.42.34:947][  0]LogTemp:Display: Loaded TP WindowsClientTargetPlatform
[2017.03.14-18.42.35:008][  0]LogTemp:Display: Loaded TP WindowsNoEditorTargetPlatform
[2017.03.14-18.42.35:068][  0]LogTemp:Display: Loaded TP WindowsServerTargetPlatform
[2017.03.14-18.42.35:118][  0]LogTemp:Display: Loaded TP WindowsTargetPlatform
[2017.03.14-18.42.35:176][  0]LogTemp:Display: Loaded TP AndroidTargetPlatform
[2017.03.14-18.42.35:233][  0]LogTemp:Display: Loaded TP Android_ASTCTargetPlatform
[2017.03.14-18.42.35:292][  0]LogTemp:Display: Loaded TP Android_ATCTargetPlatform
[2017.03.14-18.42.35:352][  0]LogTemp:Display: Loaded TP Android_DXTTargetPlatform
[2017.03.14-18.42.35:410][  0]LogTemp:Display: Loaded TP Android_ETC1TargetPlatform
[2017.03.14-18.42.35:471][  0]LogTemp:Display: Loaded TP Android_ETC2TargetPlatform
[2017.03.14-18.42.35:593][  0]LogTemp:Display: Loaded TP Android_MultiTargetPlatform
[2017.03.14-18.42.35:594][  0]LogTemp:Display: Loaded TP Android_PVRTCTargetPlatform
[2017.03.14-18.42.35:635][  0]LogTemp:Display: Loaded TP HTML5TargetPlatform
[2017.03.14-18.42.35:730][  0]LogTemp:Display: Loaded TP IOSTargetPlatform
[2017.03.14-18.42.35:769][  0]LogTemp:Display: Loaded TP TVOSTargetPlatform
[2017.03.14-18.42.35:828][  0]LogTemp:Display: Loaded TP LinuxClientTargetPlatform
[2017.03.14-18.42.35:888][  0]LogTemp:Display: Loaded TP LinuxNoEditorTargetPlatform
[2017.03.14-18.42.35:946][  0]LogTemp:Display: Loaded TP LinuxServerTargetPlatform
[2017.03.14-18.42.36:006][  0]LogTemp:Display: Loaded TP LinuxTargetPlatform
[2017.03.14-18.42.36:006][  0]LogTargetPlatformManager:Display: Building Assets For Windows
[2017.03.14-18.42.36:446][  0]LogDerivedDataCache:Display: Max Cache Size: 512 MB
[2017.03.14-18.42.36:515][  0]LogDerivedDataCache: Loaded boot cache 0.07s 50MB C:/Users/Tristan/AppData/Local/UnrealEngine/4.14/DerivedDataCache/Boot.ddc.
[2017.03.14-18.42.36:515][  0]LogDerivedDataCache:Display: Loaded Boot cache: C:/Users/Tristan/AppData/Local/UnrealEngine/4.14/DerivedDataCache/Boot.ddc
[2017.03.14-18.42.36:515][  0]LogDerivedDataCache: FDerivedDataBackendGraph:  Pak pak cache file ../../../../../../Users/Tristan/Documents/SuhDudeAll/SuhDude/DerivedDataCache/DDC.ddp not found, will not use a pak cache.
[2017.03.14-18.42.36:516][  0]LogDerivedDataCache: Unable to find inner node Pak for hierarchical cache Hierarchy.
[2017.03.14-18.42.36:516][  0]LogDerivedDataCache: FDerivedDataBackendGraph:  CompressedPak pak cache file ../../../../../../Users/Tristan/Documents/SuhDudeAll/SuhDude/DerivedDataCache/Compressed.ddp not found, will not use a pak cache.
[2017.03.14-18.42.36:516][  0]LogDerivedDataCache: Unable to find inner node CompressedPak for hierarchical cache Hierarchy.
[2017.03.14-18.42.36:534][  0]LogDerivedDataCache:Display: Pak cache opened for reading ../../../Engine/DerivedDataCache/Compressed.ddp.
[2017.03.14-18.42.36:547][  0]LogDerivedDataCache: Using Local data cache path C:/Users/Tristan/AppData/Local/UnrealEngine/Common/DerivedDataCache: Writable
[2017.03.14-18.42.36:773][  0]LogInit: Selected Device Profile: [Windows]
[2017.03.14-18.42.36:776][  0]LogContentStreaming: Texture pool size is 0.00 MB
[2017.03.14-18.42.37:002][  0]LogMeshUtilities: Using QuadricMeshReduction for automatic static mesh reduction
[2017.03.14-18.42.37:048][  0]LogSimplygon: Simplygon DLL not present - disabling.
[2017.03.14-18.42.37:102][  0]LogMeshUtilities: Using SimplygonSwarm for distributed automatic mesh merging
[2017.03.14-18.42.37:102][  0]LogMeshUtilities: No automatic skeletal mesh reduction module available
[2017.03.14-18.42.37:102][  0]LogMeshUtilities: No automatic mesh merging module available
[2017.03.14-18.42.37:749][  0]LogNetVersion: GetLocalNetworkVersion: CL: 3195953, ProjectName: suhdude, ProjectVersion: , EngineNetworkVersion: 2, GameNetworkVersion: 0, NetworkChecksum: 1980303672
[2017.03.14-18.42.37:813][  0]LogAssetRegistry: FAssetRegistry took 0.0221 seconds to start up
[2017.03.14-18.42.37:888][  0]LogPackageLocalizationCache: Processed 3 localized package path(s) for 2 prioritized culture(s) in 0.045842 seconds
[2017.03.14-18.42.37:895][  0]LogUObjectArray: 31946 objects as part of root set at end of initial load.
[2017.03.14-18.42.37:895][  0]LogUObjectAllocator: 6935840 out of 0 bytes used by permanent object pool.
[2017.03.14-18.42.37:895][  0]LogUObjectArray: CloseDisregardForGC: 0/0 objects in disregard for GC pool
[2017.03.14-18.42.37:973][  0]LogInit: WinSock: version 1.1 (2.2), MaxSocks=32767, MaxUdp=65467
[2017.03.14-18.42.38:786][  0]LogSlate: Using Freetype 2.6.0
[2017.03.14-18.42.38:787][  0]LogSlate: SlateFontCache - WITH_FREETYPE: 1, WITH_HARFBUZZ: 1
[2017.03.14-18.42.38:787][  0]LogSlate: SlateFontCache - WITH_FREETYPE: 1, WITH_HARFBUZZ: 1
[2017.03.14-18.42.39:639][  0]LogTcpMessaging: Initializing TcpMessaging bridge
[2017.03.14-18.42.39:683][  0]LogUdpMessaging: Initializing bridge on interface 0.0.0.0:0 to multicast group 230.0.0.1:6666.
[2017.03.14-18.42.40:070][  0]LogMaterial: Uniform references updated for custom material expression Custom.
[2017.03.14-18.42.40:492][  0]SourceControl: Info Source control is disabled
[2017.03.14-18.42.40:570][  0]SourceControl: Info Source control is disabled
[2017.03.14-18.42.40:628][  0]SourceControl: Info Source control is disabled
[2017.03.14-18.42.40:679][  0]SourceControl: Info Source control is disabled
[2017.03.14-18.42.42:117][  0]LogEngine: Initializing Engine...
[2017.03.14-18.42.42:118][  0]LogHMD: Failed to initialize OpenVR with code 110
[2017.03.14-18.42.42:441][  0]LogAIModule: Creating AISystem for world Untitled
[2017.03.14-18.42.42:450][  0]LogInit: XAudio2 using 'Speaker/HP (Realtek High Definition Audio)' : 2 channels at 48 kHz using 32 bits per sample (channel mask 0x3)
[2017.03.14-18.42.42:677][  0]LogInit: FAudioDevice initialized.
[2017.03.14-18.42.42:734][  0]LogDerivedDataCache: Saved boot cache 0.06s 50MB C:/Users/Tristan/AppData/Local/UnrealEngine/4.14/DerivedDataCache/Boot.ddc.
[2017.03.14-18.42.42:756][  0]LogInit: Texture streaming: Enabled
[2017.03.14-18.42.42:999][  0]LogInit: Transaction tracking system initialized
[2017.03.14-18.42.43:499][  0]BlueprintLog: New page: Editor Load
[2017.03.14-18.42.44:736][  0]LocalizationService: Info Localization service is disabled
[2017.03.14-18.42.45:907][  0]LogConsoleResponse:Display: 
[2017.03.14-18.42.46:143][  0]LogCook:Display: Max memory allowance for cook 16384mb min free memory 0mb
[2017.03.14-18.42.46:144][  0]LogCook:Display: Mobile HDR setting 1
[2017.03.14-18.42.46:848][  0]LogFileCache: Scanning file cache for directory 'C:/Users/Tristan/Documents/SuhDudeAll/SuhDude/Content/' took 0.03s
[2017.03.14-18.42.47:399][  0]SourceControl: Info Source control is disabled
[2017.03.14-18.42.47:399][  0]Cmd: MAP LOAD FILE="../../../../../../Users/Tristan/Documents/SuhDudeAll/SuhDude/Content/Maps/MenuLevel.umap" TEMPLATE=0 SHOWPROGRESS=1 FEATURELEVEL=3
[2017.03.14-18.42.47:400][  0]LightingResults: New page: Lighting Build
[2017.03.14-18.42.47:445][  0]MapCheck: New page: Map Check
[2017.03.14-18.42.47:445][  0]LightingResults: New page: Lighting Build
[2017.03.14-18.42.47:764][  0]LogAIModule: Creating AISystem for world MenuLevel
[2017.03.14-18.42.47:772][  0]LogEditorServer: Finished looking for orphan Actors (0.000 secs)
[2017.03.14-18.42.47:773][  0]Cmd: MAP CHECKDEP NOCLEARLOG
[2017.03.14-18.42.47:829][  0]MapCheck: Info Map check complete: 0 Error(s), 0 Warning(s), took 56.16ms to complete.
[2017.03.14-18.42.47:829][  0]LogFileHelpers: Loading map 'MenuLevel' took 0.430
[2017.03.14-18.42.47:886][  0]LogWindowsTextInputMethodSystem:Display: IME system now deactivated.
[2017.03.14-18.42.47:991][  0]LogCollectionManager: Loaded 0 collections in 0.002329 seconds
[2017.03.14-18.42.48:076][  0]LogFileCache: Scanning file cache for directory 'C:/Users/Tristan/Documents/SuhDudeAll/SuhDude/Saved/Collections/' took 0.01s
[2017.03.14-18.42.48:077][  0]LogFileCache: Scanning file cache for directory 'C:/Users/Tristan/Documents/SuhDudeAll/SuhDude/Content/Developers/Tristan/Collections/' took 0.01s
[2017.03.14-18.42.48:077][  0]LogFileCache: Scanning file cache for directory 'C:/Users/Tristan/Documents/SuhDudeAll/SuhDude/Content/Collections/' took 0.01s
[2017.03.14-18.42.48:077][  0]LogCollectionManager: Rebuilt the GUID cache for 0 collections in 0.000002 seconds
[2017.03.14-18.42.48:088][  0]LogContentBrowser: Native class hierarchy populated in 0.0114 seconds. Added 2192 classes and 430 folders.
[2017.03.14-18.42.48:136][  0]LogStats: UGameplayTagsManager::ConstructGameplayTagTree: Construct from data asset -  0.000 s
[2017.03.14-18.42.48:136][  0]LogStats: UGameplayTagsManager::ConstructGameplayTagTree: GameplayTagTreeChangedEvent.Broadcast -  0.000 s
[2017.03.14-18.42.48:138][  0]LogContentBrowser: Native class hierarchy updated for 'GameplayTags' in 0.0019 seconds. Added 13 classes and 0 folders.
[2017.03.14-18.42.48:212][  0]LogContentBrowser: Native class hierarchy updated for 'WidgetCarousel' in 0.0018 seconds. Added 0 classes and 0 folders.
[2017.03.14-18.42.48:261][  0]LogContentBrowser: Native class hierarchy updated for 'AddContentDialog' in 0.0017 seconds. Added 0 classes and 0 folders.
[2017.03.14-18.42.48:311][  0]LogContentBrowser: Native class hierarchy updated for 'SceneOutliner' in 0.0018 seconds. Added 1 classes and 2 folders.
[2017.03.14-18.42.48:354][  0]LogCrashTracker: Crashtracker disabled due to settings.
[2017.03.14-18.42.48:362][  0]LogUObjectGlobals:Warning: Failed to find object 'Class None.'
[2017.03.14-18.42.48:438][  0]LogContentBrowser: Native class hierarchy updated for 'HierarchicalLODOutliner' in 0.0017 seconds. Added 1 classes and 2 folders.
[2017.03.14-18.42.48:438][  0]LogLoad: (Engine Initialization) Total time: 17.72 seconds
[2017.03.14-18.42.48:438][  0]LogLoad: (Engine Initialization) Total Blueprint compile time: 0.13 seconds
[2017.03.14-18.42.48:438][  0]LogExternalProfiler: Found external profiler: VSPerf
[2017.03.14-18.42.48:438][  0]LogExternalProfiler: Using external profiler: VSPerf
[2017.03.14-18.42.48:448][  0]LogOcInput: OculusInput pre-init called
[2017.03.14-18.42.48:466][  0]LogContentStreaming: Texture pool size now 1000 MB
[2017.03.14-18.42.48:624][  0]LogRenderer: Reallocating scene render targets to support 828x436 NumSamples 1 (Frame:2).
[2017.03.14-18.42.48:748][  1]LogAssetRegistry: Asset discovery search completed in 10.9570 seconds
[2017.03.14-18.42.48:748][  1]LogCollectionManager: Rebuilt the object cache for 0 collections in 0.000001 seconds (found 0 objects)
[2017.03.14-18.42.48:748][  1]LogCollectionManager: Fixed up redirectors for 0 collections in 0.000028 seconds (updated 0 objects)
[2017.03.14-18.43.15:128][260]Cmd: OBJ SAVEPACKAGE PACKAGE="/Game/Assets/PlayerAssests/Player_1" FILE="../../../../../../Users/Tristan/Documents/SuhDudeAll/SuhDude/Content/Assets/PlayerAssests/Player_1.uasset" SILENT=true
[2017.03.14-18.43.15:140][260]LogSavePackage: Save=10.13ms
[2017.03.14-18.43.15:140][260]LogSavePackage: Moving '../../../../../../Users/Tristan/Documents/SuhDudeAll/SuhDude/Saved/Player_120D8F3B343076B1D3BD36586E523F596.tmp' to '../../../../../../Users/Tristan/Documents/SuhDudeAll/SuhDude/Content/Assets/PlayerAssests/Player_1.uasset'
[2017.03.14-18.43.15:146][260]LogSavePackage:Display: Finished SavePackage ../../../../../../Users/Tristan/Documents/SuhDudeAll/SuhDude/Content/Assets/PlayerAssests/Player_1.uasset
[2017.03.14-18.43.15:184][260]LogSavePackage: Save=10.07ms
[2017.03.14-18.43.15:184][260]LogSavePackage: Moving '../../../../../../Users/Tristan/Documents/SuhDudeAll/SuhDude/Saved/Player_1_Sprite_0ACD5BF364236C46F825B41BA56FBE8C1.tmp' to '../../../../../../Users/Tristan/Documents/SuhDudeAll/SuhDude/Content/Assets/PlayerAssests/Player_1_Sprite_0.uasset'
[2017.03.14-18.43.15:187][260]LogSavePackage:Display: Finished SavePackage ../../../../../../Users/Tristan/Documents/SuhDudeAll/SuhDude/Content/Assets/PlayerAssests/Player_1_Sprite_0.uasset
[2017.03.14-18.43.15:220][260]LogSavePackage: Save=10.66ms
[2017.03.14-18.43.15:220][260]LogSavePackage: Moving '../../../../../../Users/Tristan/Documents/SuhDudeAll/SuhDude/Saved/Player_1_Sprite_1AB23447F49C2D82C00D91BA067BF3972.tmp' to '../../../../../../Users/Tristan/Documents/SuhDudeAll/SuhDude/Content/Assets/PlayerAssests/Player_1_Sprite_1.uasset'
[2017.03.14-18.43.15:224][260]LogSavePackage:Display: Finished SavePackage ../../../../../../Users/Tristan/Documents/SuhDudeAll/SuhDude/Content/Assets/PlayerAssests/Player_1_Sprite_1.uasset
[2017.03.14-18.43.15:455][260]Cmd: OBJ SAVEPACKAGE PACKAGE="/Game/Menus/MainMenu/CharcterSelect" FILE="../../../../../../Users/Tristan/Documents/SuhDudeAll/SuhDude/Content/Menus/MainMenu/CharcterSelect.uasset" SILENT=true
[2017.03.14-18.43.15:501][260]LogSavePackage: Save=21.14ms
[2017.03.14-18.43.15:501][260]LogSavePackage: Moving '../../../../../../Users/Tristan/Documents/SuhDudeAll/SuhDude/Saved/CharcterSelect6A8F9B26420F97FA08D0A291D9170524.tmp' to '../../../../../../Users/Tristan/Documents/SuhDudeAll/SuhDude/Content/Menus/MainMenu/CharcterSelect.uasset'
[2017.03.14-18.43.15:503][260]LogSavePackage:Display: Finished SavePackage ../../../../../../Users/Tristan/Documents/SuhDudeAll/SuhDude/Content/Menus/MainMenu/CharcterSelect.uasset
[2017.03.14-18.43.15:512][260]Cmd: OBJ SAVEPACKAGE PACKAGE="/Game/Blueprints/PlayerCharacter" FILE="../../../../../../Users/Tristan/Documents/SuhDudeAll/SuhDude/Content/Blueprints/PlayerCharacter.uasset" SILENT=true
[2017.03.14-18.43.15:571][260]LogSavePackage: Save=41.40ms
[2017.03.14-18.43.15:571][260]LogSavePackage: Moving '../../../../../../Users/Tristan/Documents/SuhDudeAll/SuhDude/Saved/PlayerCharacterF475C0C84DDC46ED3E73508068FA4BE4.tmp' to '../../../../../../Users/Tristan/Documents/SuhDudeAll/SuhDude/Content/Blueprints/PlayerCharacter.uasset'
[2017.03.14-18.43.15:573][260]LogSavePackage:Display: Finished SavePackage ../../../../../../Users/Tristan/Documents/SuhDudeAll/SuhDude/Content/Blueprints/PlayerCharacter.uasset
[2017.03.14-18.43.27:497][595]LogFactory: FactoryCreateFile: Texture with ReimportTextureFactory (0 0 ../../../../../../Users/Tristan/Documents/SuhDudeAll/SuhDudeAssets/SuhDudeReady/ShortBoard1.png)
[2017.03.14-18.43.27:511][595]LogTexture:Display: Building textures: ShortBoard1 (BGRA8)
[2017.03.14-18.43.27:566][595]LogFactory: FactoryCreateFile: Texture with ReimportTextureFactory (0 0 ../../../../../../Users/Tristan/Documents/SuhDudeAll/SuhDudeAssets/SuhDudeReady/ShortBoard2.png)
[2017.03.14-18.43.27:615][595]LogTexture:Display: Building textures: ShortBoard2 (BGRA8)
[2017.03.14-18.43.27:662][595]LogFactory: FactoryCreateFile: Texture with ReimportTextureFactory (0 0 ../../../../../../Users/Tristan/Documents/SuhDudeAll/SuhDudeAssets/SuhDudeReady/ShortBoard3.png)
[2017.03.14-18.43.27:673][595]LogTexture:Display: Building textures: ShortBoard3 (BGRA8)
[2017.03.14-18.43.27:721][595]LogFactory: FactoryCreateFile: Texture with ReimportTextureFactory (0 0 ../../../../../../Users/Tristan/Documents/SuhDudeAll/SuhDudeAssets/SuhDudeReady/ShortBoard4.png)
[2017.03.14-18.43.27:734][595]LogTexture:Display: Building textures: ShortBoard4 (BGRA8)
[2017.03.14-18.43.27:775][595]LogFactory: FactoryCreateFile: Texture with ReimportTextureFactory (0 0 ../../../../../../Users/Tristan/Documents/SuhDudeAll/SuhDudeAssets/SuhDudeReady/Spray3a.png)
[2017.03.14-18.43.27:787][595]LogTexture:Display: Building textures: Spray3a (BGRA8)
[2017.03.14-18.43.27:838][595]LogFactory: FactoryCreateFile: Texture with ReimportTextureFactory (0 0 ../../../../../../Users/Tristan/Documents/SuhDudeAll/SuhDudeAssets/SuhDudeReady/Spray3b.png)
[2017.03.14-18.43.27:850][595]LogTexture:Display: Building textures: Spray3b (BGRA8)
[2017.03.14-18.43.27:900][595]LogFactory: FactoryCreateFile: Texture with ReimportTextureFactory (0 0 ../../../../../../Users/Tristan/Documents/SuhDudeAll/SuhDudeAssets/SuhDudeReady/Spray3c.png)
[2017.03.14-18.43.27:911][595]LogTexture:Display: Building textures: Spray3c (BGRA8)
[2017.03.14-18.43.27:969][595]LogFactory: FactoryCreateFile: Texture with ReimportTextureFactory (0 0 ../../../../../../Users/Tristan/Documents/SuhDudeAll/SuhDudeAssets/SuhDudeReady/Spray4a.png)
[2017.03.14-18.43.27:979][595]LogTexture:Display: Building textures: Spray4a (BGRA8)
[2017.03.14-18.43.28:028][595]LogFactory: FactoryCreateFile: Texture with ReimportTextureFactory (0 0 ../../../../../../Users/Tristan/Documents/SuhDudeAll/SuhDudeAssets/SuhDudeReady/Spray4b.png)
[2017.03.14-18.43.28:040][595]LogTexture:Display: Building textures: Spray4b (BGRA8)
[2017.03.14-18.43.28:089][595]LogFactory: FactoryCreateFile: Texture with ReimportTextureFactory (0 0 ../../../../../../Users/Tristan/Documents/SuhDudeAll/SuhDudeAssets/SuhDudeReady/Spray4c.png)
[2017.03.14-18.43.28:103][595]LogTexture:Display: Building textures: Spray4c (BGRA8)
[2017.03.14-18.44.47:267][948]Cmd: OBJ SAVEPACKAGE PACKAGE="/Game/Assets/Textures/Spray4c" FILE="../../../../../../Users/Tristan/Documents/SuhDudeAll/SuhDude/Content/Assets/Textures/Spray4c.uasset" SILENT=true
[2017.03.14-18.44.47:303][948]LogSavePackage: Save=34.01ms
[2017.03.14-18.44.47:303][948]LogSavePackage: Moving '../../../../../../Users/Tristan/Documents/SuhDudeAll/SuhDude/Saved/Spray4c1D32FE6941D2A5D018F83DA877CB82FC.tmp' to '../../../../../../Users/Tristan/Documents/SuhDudeAll/SuhDude/Content/Assets/Textures/Spray4c.uasset'
[2017.03.14-18.44.47:307][948]LogSavePackage:Display: Finished SavePackage ../../../../../../Users/Tristan/Documents/SuhDudeAll/SuhDude/Content/Assets/Textures/Spray4c.uasset
[2017.03.14-18.44.47:317][948]Cmd: OBJ SAVEPACKAGE PACKAGE="/Game/Assets/Textures/Spray4b" FILE="../../../../../../Users/Tristan/Documents/SuhDudeAll/SuhDude/Content/Assets/Textures/Spray4b.uasset" SILENT=true
[2017.03.14-18.44.47:350][948]LogSavePackage: Save=31.56ms
[2017.03.14-18.44.47:350][948]LogSavePackage: Moving '../../../../../../Users/Tristan/Documents/SuhDudeAll/SuhDude/Saved/Spray4bAF3E770142529E0E34A982B873DE3516.tmp' to '../../../../../../Users/Tristan/Documents/SuhDudeAll/SuhDude/Content/Assets/Textures/Spray4b.uasset'
[2017.03.14-18.44.47:354][948]LogSavePackage:Display: Finished SavePackage ../../../../../../Users/Tristan/Documents/SuhDudeAll/SuhDude/Content/Assets/Textures/Spray4b.uasset
[2017.03.14-18.44.47:364][948]Cmd: OBJ SAVEPACKAGE PACKAGE="/Game/Assets/Textures/Spray4a" FILE="../../../../../../Users/Tristan/Documents/SuhDudeAll/SuhDude/Content/Assets/Textures/Spray4a.uasset" SILENT=true
[2017.03.14-18.44.47:399][948]LogSavePackage: Save=32.61ms
[2017.03.14-18.44.47:399][948]LogSavePackage: Moving '../../../../../../Users/Tristan/Documents/SuhDudeAll/SuhDude/Saved/Spray4a2B2E3D4145F16342CAC03AA9C03159C4.tmp' to '../../../../../../Users/Tristan/Documents/SuhDudeAll/SuhDude/Content/Assets/Textures/Spray4a.uasset'
[2017.03.14-18.44.47:403][948]LogSavePackage:Display: Finished SavePackage ../../../../../../Users/Tristan/Documents/SuhDudeAll/SuhDude/Content/Assets/Textures/Spray4a.uasset
[2017.03.14-18.44.47:413][948]Cmd: OBJ SAVEPACKAGE PACKAGE="/Game/Assets/Textures/Spray3c" FILE="../../../../../../Users/Tristan/Documents/SuhDudeAll/SuhDude/Content/Assets/Textures/Spray3c.uasset" SILENT=true
[2017.03.14-18.44.47:446][948]LogSavePackage: Save=31.11ms
[2017.03.14-18.44.47:446][948]LogSavePackage: Moving '../../../../../../Users/Tristan/Documents/SuhDudeAll/SuhDude/Saved/Spray3c229DD77B4C2F4051E4A4BAB426F69701.tmp' to '../../../../../../Users/Tristan/Documents/SuhDudeAll/SuhDude/Content/Assets/Textures/Spray3c.uasset'
[2017.03.14-18.44.47:449][948]LogSavePackage:Display: Finished SavePackage ../../../../../../Users/Tristan/Documents/SuhDudeAll/SuhDude/Content/Assets/Textures/Spray3c.uasset
[2017.03.14-18.44.47:459][948]Cmd: OBJ SAVEPACKAGE PACKAGE="/Game/Assets/Textures/Spray3b" FILE="../../../../../../Users/Tristan/Documents/SuhDudeAll/SuhDude/Content/Assets/Textures/Spray3b.uasset" SILENT=true
[2017.03.14-18.44.47:491][948]LogSavePackage: Save=29.10ms
[2017.03.14-18.44.47:491][948]LogSavePackage: Moving '../../../../../../Users/Tristan/Documents/SuhDudeAll/SuhDude/Saved/Spray3bAC2595B84C45FCDC70BEB78C0483DA3B.tmp' to '../../../../../../Users/Tristan/Documents/SuhDudeAll/SuhDude/Content/Assets/Textures/Spray3b.uasset'
[2017.03.14-18.44.47:494][948]LogSavePackage:Display: Finished SavePackage ../../../../../../Users/Tristan/Documents/SuhDudeAll/SuhDude/Content/Assets/Textures/Spray3b.uasset
[2017.03.14-18.44.47:504][948]Cmd: OBJ SAVEPACKAGE PACKAGE="/Game/Assets/Textures/Spray3a" FILE="../../../../../../Users/Tristan/Documents/SuhDudeAll/SuhDude/Content/Assets/Textures/Spray3a.uasset" SILENT=true
[2017.03.14-18.44.47:533][948]LogSavePackage: Save=27.46ms
[2017.03.14-18.44.47:533][948]LogSavePackage: Moving '../../../../../../Users/Tristan/Documents/SuhDudeAll/SuhDude/Saved/Spray3a9F3735FA460B51188AD949881ACCF71B.tmp' to '../../../../../../Users/Tristan/Documents/SuhDudeAll/SuhDude/Content/Assets/Textures/Spray3a.uasset'
[2017.03.14-18.44.47:537][948]LogSavePackage:Display: Finished SavePackage ../../../../../../Users/Tristan/Documents/SuhDudeAll/SuhDude/Content/Assets/Textures/Spray3a.uasset
[2017.03.14-18.44.51:843][334]Cmd: OBJ SAVEPACKAGE PACKAGE="/Game/Assets/Textures/ShortBoard4" FILE="../../../../../../Users/Tristan/Documents/SuhDudeAll/SuhDude/Content/Assets/Textures/ShortBoard4.uasset" SILENT=true
[2017.03.14-18.44.51:868][334]LogSavePackage: Save=22.28ms
[2017.03.14-18.44.51:868][334]LogSavePackage: Moving '../../../../../../Users/Tristan/Documents/SuhDudeAll/SuhDude/Saved/ShortBoard462CBFC86480C798D20FD8290F0487332.tmp' to '../../../../../../Users/Tristan/Documents/SuhDudeAll/SuhDude/Content/Assets/Textures/ShortBoard4.uasset'
[2017.03.14-18.44.51:871][334]LogSavePackage:Display: Finished SavePackage ../../../../../../Users/Tristan/Documents/SuhDudeAll/SuhDude/Content/Assets/Textures/ShortBoard4.uasset
[2017.03.14-18.44.51:882][334]Cmd: OBJ SAVEPACKAGE PACKAGE="/Game/Assets/Textures/ShortBoard3" FILE="../../../../../../Users/Tristan/Documents/SuhDudeAll/SuhDude/Content/Assets/Textures/ShortBoard3.uasset" SILENT=true
[2017.03.14-18.44.51:906][334]LogSavePackage: Save=22.67ms
[2017.03.14-18.44.51:906][334]LogSavePackage: Moving '../../../../../../Users/Tristan/Documents/SuhDudeAll/SuhDude/Saved/ShortBoard3392CD9B2489734D02D9F0794CE871C1C.tmp' to '../../../../../../Users/Tristan/Documents/SuhDudeAll/SuhDude/Content/Assets/Textures/ShortBoard3.uasset'
[2017.03.14-18.44.51:910][334]LogSavePackage:Display: Finished SavePackage ../../../../../../Users/Tristan/Documents/SuhDudeAll/SuhDude/Content/Assets/Textures/ShortBoard3.uasset
[2017.03.14-18.44.51:919][334]Cmd: OBJ SAVEPACKAGE PACKAGE="/Game/Assets/Textures/ShortBoard2" FILE="../../../../../../Users/Tristan/Documents/SuhDudeAll/SuhDude/Content/Assets/Textures/ShortBoard2.uasset" SILENT=true
[2017.03.14-18.44.51:942][334]LogSavePackage: Save=21.62ms
[2017.03.14-18.44.51:942][334]LogSavePackage: Moving '../../../../../../Users/Tristan/Documents/SuhDudeAll/SuhDude/Saved/ShortBoard25B5E39D54E0A04C0FE283AAA5E053B22.tmp' to '../../../../../../Users/Tristan/Documents/SuhDudeAll/SuhDude/Content/Assets/Textures/ShortBoard2.uasset'
[2017.03.14-18.44.51:945][334]LogSavePackage:Display: Finished SavePackage ../../../../../../Users/Tristan/Documents/SuhDudeAll/SuhDude/Content/Assets/Textures/ShortBoard2.uasset
[2017.03.14-18.44.51:955][334]Cmd: OBJ SAVEPACKAGE PACKAGE="/Game/Assets/Textures/ShortBoard1" FILE="../../../../../../Users/Tristan/Documents/SuhDudeAll/SuhDude/Content/Assets/Textures/ShortBoard1.uasset" SILENT=true
[2017.03.14-18.44.51:979][334]LogSavePackage: Save=22.18ms
[2017.03.14-18.44.51:979][334]LogSavePackage: Moving '../../../../../../Users/Tristan/Documents/SuhDudeAll/SuhDude/Saved/ShortBoard1FA95755F4C465DC7490A62BE01F12E68.tmp' to '../../../../../../Users/Tristan/Documents/SuhDudeAll/SuhDude/Content/Assets/Textures/ShortBoard1.uasset'
[2017.03.14-18.44.51:982][334]LogSavePackage:Display: Finished SavePackage ../../../../../../Users/Tristan/Documents/SuhDudeAll/SuhDude/Content/Assets/Textures/ShortBoard1.uasset
[2017.03.14-18.45.05:072][432]Cmd: OBJ SAVEPACKAGE PACKAGE="/Game/Assets/Textures/Spray/Spray4c" FILE="../../../../../../Users/Tristan/Documents/SuhDudeAll/SuhDude/Content/Assets/Textures/Spray/Spray4c.uasset" SILENT=true
[2017.03.14-18.45.05:088][432]LogSavePackage: Save=13.80ms
[2017.03.14-18.45.05:088][432]LogSavePackage: Moving '../../../../../../Users/Tristan/Documents/SuhDudeAll/SuhDude/Saved/Spray4c4CDF063F49EDF205A1891B86FC7D0C9B.tmp' to '../../../../../../Users/Tristan/Documents/SuhDudeAll/SuhDude/Content/Assets/Textures/Spray/Spray4c.uasset'
[2017.03.14-18.45.05:092][432]LogSavePackage:Display: Finished SavePackage ../../../../../../Users/Tristan/Documents/SuhDudeAll/SuhDude/Content/Assets/Textures/Spray/Spray4c.uasset
[2017.03.14-18.45.05:103][432]Cmd: OBJ SAVEPACKAGE PACKAGE="/Game/Assets/Textures/Spray/Spray4b" FILE="../../../../../../Users/Tristan/Documents/SuhDudeAll/SuhDude/Content/Assets/Textures/Spray/Spray4b.uasset" SILENT=true
[2017.03.14-18.45.05:119][432]LogSavePackage: Save=13.68ms
[2017.03.14-18.45.05:119][432]LogSavePackage: Moving '../../../../../../Users/Tristan/Documents/SuhDudeAll/SuhDude/Saved/Spray4b7EB535FF4BA978B9FBC198B3B13869BA.tmp' to '../../../../../../Users/Tristan/Documents/SuhDudeAll/SuhDude/Content/Assets/Textures/Spray/Spray4b.uasset'
[2017.03.14-18.45.05:123][432]LogSavePackage:Display: Finished SavePackage ../../../../../../Users/Tristan/Documents/SuhDudeAll/SuhDude/Content/Assets/Textures/Spray/Spray4b.uasset
[2017.03.14-18.45.05:133][432]Cmd: OBJ SAVEPACKAGE PACKAGE="/Game/Assets/Textures/Spray/Spray4a" FILE="../../../../../../Users/Tristan/Documents/SuhDudeAll/SuhDude/Content/Assets/Textures/Spray/Spray4a.uasset" SILENT=true
[2017.03.14-18.45.05:148][432]LogSavePackage: Save=13.34ms
[2017.03.14-18.45.05:148][432]LogSavePackage: Moving '../../../../../../Users/Tristan/Documents/SuhDudeAll/SuhDude/Saved/Spray4a3B458F6F4FC44D4BE958008CE0D05486.tmp' to '../../../../../../Users/Tristan/Documents/SuhDudeAll/SuhDude/Content/Assets/Textures/Spray/Spray4a.uasset'
[2017.03.14-18.45.05:151][432]LogSavePackage:Display: Finished SavePackage ../../../../../../Users/Tristan/Documents/SuhDudeAll/SuhDude/Content/Assets/Textures/Spray/Spray4a.uasset
[2017.03.14-18.45.05:162][432]Cmd: OBJ SAVEPACKAGE PACKAGE="/Game/Assets/Textures/Spray/Spray3c" FILE="../../../../../../Users/Tristan/Documents/SuhDudeAll/SuhDude/Content/Assets/Textures/Spray/Spray3c.uasset" SILENT=true
[2017.03.14-18.45.05:177][432]LogSavePackage: Save=12.29ms
[2017.03.14-18.45.05:177][432]LogSavePackage: Moving '../../../../../../Users/Tristan/Documents/SuhDudeAll/SuhDude/Saved/Spray3c5931DEB341902A477C48B8966B29D25C.tmp' to '../../../../../../Users/Tristan/Documents/SuhDudeAll/SuhDude/Content/Assets/Textures/Spray/Spray3c.uasset'
[2017.03.14-18.45.05:181][432]LogSavePackage:Display: Finished SavePackage ../../../../../../Users/Tristan/Documents/SuhDudeAll/SuhDude/Content/Assets/Textures/Spray/Spray3c.uasset
[2017.03.14-18.45.05:191][432]Cmd: OBJ SAVEPACKAGE PACKAGE="/Game/Assets/Textures/Spray/Spray3b" FILE="../../../../../../Users/Tristan/Documents/SuhDudeAll/SuhDude/Content/Assets/Textures/Spray/Spray3b.uasset" SILENT=true
[2017.03.14-18.45.05:204][432]LogSavePackage: Save=11.12ms
[2017.03.14-18.45.05:204][432]LogSavePackage: Moving '../../../../../../Users/Tristan/Documents/SuhDudeAll/SuhDude/Saved/Spray3b047D4CDD4C673607C96C5997E5D1E22D.tmp' to '../../../../../../Users/Tristan/Documents/SuhDudeAll/SuhDude/Content/Assets/Textures/Spray/Spray3b.uasset'
[2017.03.14-18.45.05:208][432]LogSavePackage:Display: Finished SavePackage ../../../../../../Users/Tristan/Documents/SuhDudeAll/SuhDude/Content/Assets/Textures/Spray/Spray3b.uasset
[2017.03.14-18.45.05:218][432]Cmd: OBJ SAVEPACKAGE PACKAGE="/Game/Assets/Textures/Spray/Spray3a" FILE="../../../../../../Users/Tristan/Documents/SuhDudeAll/SuhDude/Content/Assets/Textures/Spray/Spray3a.uasset" SILENT=true
[2017.03.14-18.45.05:232][432]LogSavePackage: Save=12.42ms
[2017.03.14-18.45.05:232][432]LogSavePackage: Moving '../../../../../../Users/Tristan/Documents/SuhDudeAll/SuhDude/Saved/Spray3a1B6BC82442061BE8640691B92DF04ABA.tmp' to '../../../../../../Users/Tristan/Documents/SuhDudeAll/SuhDude/Content/Assets/Textures/Spray/Spray3a.uasset'
[2017.03.14-18.45.05:236][432]LogSavePackage:Display: Finished SavePackage ../../../../../../Users/Tristan/Documents/SuhDudeAll/SuhDude/Content/Assets/Textures/Spray/Spray3a.uasset
[2017.03.14-18.45.16:061][309]LogContentBrowser: Native class hierarchy updated for 'TextureEditor' in 0.0020 seconds. Added 1 classes and 2 folders.
[2017.03.14-18.45.20:412][623]LogSavePackage: Save=8.11ms
[2017.03.14-18.45.20:412][623]LogSavePackage: Moving '../../../../../../Users/Tristan/Documents/SuhDudeAll/SuhDude/Saved/ShortBoard480A929424F0406251D5E89AF3E322445.tmp' to '../../../../../../Users/Tristan/Documents/SuhDudeAll/SuhDude/Content/Assets/Textures/ShortBoard/ShortBoard4.uasset'
[2017.03.14-18.45.20:415][623]LogSavePackage:Display: Finished SavePackage ../../../../../../Users/Tristan/Documents/SuhDudeAll/SuhDude/Content/Assets/Textures/ShortBoard/ShortBoard4.uasset
[2017.03.14-18.45.20:437][623]LogSavePackage: Save=8.36ms
[2017.03.14-18.45.20:437][623]LogSavePackage: Moving '../../../../../../Users/Tristan/Documents/SuhDudeAll/SuhDude/Saved/ShortBoard304006FCD4C0EC4FD01DF0EB56B77C05C.tmp' to '../../../../../../Users/Tristan/Documents/SuhDudeAll/SuhDude/Content/Assets/Textures/ShortBoard/ShortBoard3.uasset'
[2017.03.14-18.45.20:441][623]LogSavePackage:Display: Finished SavePackage ../../../../../../Users/Tristan/Documents/SuhDudeAll/SuhDude/Content/Assets/Textures/ShortBoard/ShortBoard3.uasset
[2017.03.14-18.45.20:463][623]LogSavePackage: Save=7.52ms
[2017.03.14-18.45.20:463][623]LogSavePackage: Moving '../../../../../../Users/Tristan/Documents/SuhDudeAll/SuhDude/Saved/ShortBoard27268E71A4A95FDF18CEF3FB2334DE9FA.tmp' to '../../../../../../Users/Tristan/Documents/SuhDudeAll/SuhDude/Content/Assets/Textures/ShortBoard/ShortBoard2.uasset'
[2017.03.14-18.45.20:466][623]LogSavePackage:Display: Finished SavePackage ../../../../../../Users/Tristan/Documents/SuhDudeAll/SuhDude/Content/Assets/Textures/ShortBoard/ShortBoard2.uasset
[2017.03.14-18.45.20:487][623]LogSavePackage: Save=8.66ms
[2017.03.14-18.45.20:487][623]LogSavePackage: Moving '../../../../../../Users/Tristan/Documents/SuhDudeAll/SuhDude/Saved/ShortBoard15A8DBBA5457FC4D9CB392B96EEA5F187.tmp' to '../../../../../../Users/Tristan/Documents/SuhDudeAll/SuhDude/Content/Assets/Textures/ShortBoard/ShortBoard1.uasset'
[2017.03.14-18.45.20:491][623]LogSavePackage:Display: Finished SavePackage ../../../../../../Users/Tristan/Documents/SuhDudeAll/SuhDude/Content/Assets/Textures/ShortBoard/ShortBoard1.uasset
[2017.03.14-18.45.47:871][790]LogSavePackage: Save=10.87ms
[2017.03.14-18.45.47:871][790]LogSavePackage: Moving '../../../../../../Users/Tristan/Documents/SuhDudeAll/SuhDude/Saved/ShortBoardGreen503840EC4E042F2410373AA75AA55A4C.tmp' to '../../../../../../Users/Tristan/Documents/SuhDudeAll/SuhDude/Content/Assets/Textures/ShortBoard/ShortBoardGreen.uasset'
[2017.03.14-18.45.47:875][790]LogSavePackage:Display: Finished SavePackage ../../../../../../Users/Tristan/Documents/SuhDudeAll/SuhDude/Content/Assets/Textures/ShortBoard/ShortBoardGreen.uasset
[2017.03.14-18.46.22:156][278]LogSavePackage: Save=10.37ms
[2017.03.14-18.46.22:156][278]LogSavePackage: Moving '../../../../../../Users/Tristan/Documents/SuhDudeAll/SuhDude/Saved/ShortBoardSpriteAB337F4C4C2FAC9AA93D7A9D514A4784.tmp' to '../../../../../../Users/Tristan/Documents/SuhDudeAll/SuhDude/Content/Assets/Textures/ShortBoard/ShortBoardSprite.uasset'
[2017.03.14-18.46.22:160][278]LogSavePackage:Display: Finished SavePackage ../../../../../../Users/Tristan/Documents/SuhDudeAll/SuhDude/Content/Assets/Textures/ShortBoard/ShortBoardSprite.uasset
[2017.03.14-18.46.48:335][442]LogSavePackage: Save=10.67ms
[2017.03.14-18.46.48:335][442]LogSavePackage: Moving '../../../../../../Users/Tristan/Documents/SuhDudeAll/SuhDude/Saved/ShortBoardRed75B86CC9A4A741CCB9C827B967851F47F.tmp' to '../../../../../../Users/Tristan/Documents/SuhDudeAll/SuhDude/Content/Assets/Textures/ShortBoard/ShortBoardRed7.uasset'
[2017.03.14-18.46.48:338][442]LogSavePackage:Display: Finished SavePackage ../../../../../../Users/Tristan/Documents/SuhDudeAll/SuhDude/Content/Assets/Textures/ShortBoard/ShortBoardRed7.uasset
[2017.03.14-18.46.56:880][170]LogSavePackage: Save=10.14ms
[2017.03.14-18.46.56:880][170]LogSavePackage: Moving '../../../../../../Users/Tristan/Documents/SuhDudeAll/SuhDude/Saved/ShortBoardRed8BC3E979465E5DE4CF5059BB5368E137.tmp' to '../../../../../../Users/Tristan/Documents/SuhDudeAll/SuhDude/Content/Assets/Textures/ShortBoard/ShortBoardRed.uasset'
[2017.03.14-18.46.56:884][170]LogSavePackage:Display: Finished SavePackage ../../../../../../Users/Tristan/Documents/SuhDudeAll/SuhDude/Content/Assets/Textures/ShortBoard/ShortBoardRed.uasset
[2017.03.14-18.47.10:125][ 52]LogSavePackage: Save=9.52ms
[2017.03.14-18.47.10:125][ 52]LogSavePackage: Moving '../../../../../../Users/Tristan/Documents/SuhDudeAll/SuhDude/Saved/ShortBoardPink6CD8C9F54184627D717B4A8454157B48.tmp' to '../../../../../../Users/Tristan/Documents/SuhDudeAll/SuhDude/Content/Assets/Textures/ShortBoard/ShortBoardPink.uasset'
[2017.03.14-18.47.10:129][ 52]LogSavePackage:Display: Finished SavePackage ../../../../../../Users/Tristan/Documents/SuhDudeAll/SuhDude/Content/Assets/Textures/ShortBoard/ShortBoardPink.uasset
[2017.03.14-18.47.32:546][585]LogSavePackage: Save=10.21ms
[2017.03.14-18.47.32:546][585]LogSavePackage: Moving '../../../../../../Users/Tristan/Documents/SuhDudeAll/SuhDude/Saved/ShortBoardVanillaF5B73B67483A038D947FFFB871272290.tmp' to '../../../../../../Users/Tristan/Documents/SuhDudeAll/SuhDude/Content/Assets/Textures/ShortBoard/ShortBoardVanilla.uasset'
[2017.03.14-18.47.32:550][585]LogSavePackage:Display: Finished SavePackage ../../../../../../Users/Tristan/Documents/SuhDudeAll/SuhDude/Content/Assets/Textures/ShortBoard/ShortBoardVanilla.uasset
[2017.03.14-18.47.39:274][778]Cmd: OBJ SAVEPACKAGE PACKAGE="/Game/Maps/MenuLevel" FILE="../../../../../../Users/Tristan/Documents/SuhDudeAll/SuhDude/Content/Maps/MenuLevel.umap" SILENT=true AUTOSAVING=false KEEPDIRTY=false
[2017.03.14-18.47.39:411][778]LogSavePackage: Save=96.10ms
[2017.03.14-18.47.39:411][778]LogSavePackage: Moving '../../../../../../Users/Tristan/Documents/SuhDudeAll/SuhDude/Saved/MenuLevel9851CFD24CB28A195401F9A823467377.tmp' to '../../../../../../Users/Tristan/Documents/SuhDudeAll/SuhDude/Content/Maps/MenuLevel.umap'
[2017.03.14-18.47.39:413][778]LogSavePackage:Display: Finished SavePackage ../../../../../../Users/Tristan/Documents/SuhDudeAll/SuhDude/Content/Maps/MenuLevel.umap
[2017.03.14-18.48.34:025][672]LogRenderer: Reallocating scene render targets to support 912x704 NumSamples 1 (Frame:18255).
[2017.03.14-18.49.21:347][283]Cmd: OBJ SAVEPACKAGE PACKAGE="/Game/Assets/Textures/Spray/Spray3" FILE="../../../../../../Users/Tristan/Documents/SuhDudeAll/SuhDude/Content/Assets/Textures/Spray/Spray3.uasset" SILENT=true
[2017.03.14-18.49.21:366][283]LogSavePackage: Save=16.76ms
[2017.03.14-18.49.21:366][283]LogSavePackage: Moving '../../../../../../Users/Tristan/Documents/SuhDudeAll/SuhDude/Saved/Spray345DF80C5479FF24897E39CB0578FB6FF.tmp' to '../../../../../../Users/Tristan/Documents/SuhDudeAll/SuhDude/Content/Assets/Textures/Spray/Spray3.uasset'
[2017.03.14-18.49.21:370][283]LogSavePackage:Display: Finished SavePackage ../../../../../../Users/Tristan/Documents/SuhDudeAll/SuhDude/Content/Assets/Textures/Spray/Spray3.uasset
[2017.03.14-18.49.33:040][377]Cmd: OBJ SAVEPACKAGE PACKAGE="/Game/Assets/Textures/Spray/Spray1" FILE="../../../../../../Users/Tristan/Documents/SuhDudeAll/SuhDude/Content/Assets/Textures/Spray/Spray1.uasset" SILENT=true
[2017.03.14-18.49.33:098][377]LogSavePackage: Save=56.55ms
[2017.03.14-18.49.33:099][377]LogSavePackage: Moving '../../../../../../Users/Tristan/Documents/SuhDudeAll/SuhDude/Saved/Spray18DD5AA034F063C27805D379F5D214F85.tmp' to '../../../../../../Users/Tristan/Documents/SuhDudeAll/SuhDude/Content/Assets/Textures/Spray/Spray1.uasset'
[2017.03.14-18.49.33:102][377]LogSavePackage:Display: Finished SavePackage ../../../../../../Users/Tristan/Documents/SuhDudeAll/SuhDude/Content/Assets/Textures/Spray/Spray1.uasset
[2017.03.14-18.49.43:311][277]Cmd: OBJ SAVEPACKAGE PACKAGE="/Game/Assets/Textures/Spray/Spray2" FILE="../../../../../../Users/Tristan/Documents/SuhDudeAll/SuhDude/Content/Assets/Textures/Spray/Spray2.uasset" SILENT=true
[2017.03.14-18.49.43:329][277]LogSavePackage: Save=14.83ms
[2017.03.14-18.49.43:329][277]LogSavePackage: Moving '../../../../../../Users/Tristan/Documents/SuhDudeAll/SuhDude/Saved/Spray2FDDCEA97429E57E614FDCF9B5A0E881C.tmp' to '../../../../../../Users/Tristan/Documents/SuhDudeAll/SuhDude/Content/Assets/Textures/Spray/Spray2.uasset'
[2017.03.14-18.49.43:332][277]LogSavePackage:Display: Finished SavePackage ../../../../../../Users/Tristan/Documents/SuhDudeAll/SuhDude/Content/Assets/Textures/Spray/Spray2.uasset
[2017.03.14-18.49.54:371][305]Cmd: OBJ SAVEPACKAGE PACKAGE="/Game/Assets/Textures/Spray/Spray4" FILE="../../../../../../Users/Tristan/Documents/SuhDudeAll/SuhDude/Content/Assets/Textures/Spray/Spray4.uasset" SILENT=true
[2017.03.14-18.49.54:388][305]LogSavePackage: Save=14.71ms
[2017.03.14-18.49.54:388][305]LogSavePackage: Moving '../../../../../../Users/Tristan/Documents/SuhDudeAll/SuhDude/Saved/Spray45E904484459426D883419C91DB2FF6A2.tmp' to '../../../../../../Users/Tristan/Documents/SuhDudeAll/SuhDude/Content/Assets/Textures/Spray/Spray4.uasset'
[2017.03.14-18.49.54:392][305]LogSavePackage:Display: Finished SavePackage ../../../../../../Users/Tristan/Documents/SuhDudeAll/SuhDude/Content/Assets/Textures/Spray/Spray4.uasset
[2017.03.14-18.50.07:495][322]Cmd: OBJ SAVEPACKAGE PACKAGE="/Game/Assets/Textures/Spray/Spray5" FILE="../../../../../../Users/Tristan/Documents/SuhDudeAll/SuhDude/Content/Assets/Textures/Spray/Spray5.uasset" SILENT=true
[2017.03.14-18.50.07:512][322]LogSavePackage: Save=13.88ms
[2017.03.14-18.50.07:512][322]LogSavePackage: Moving '../../../../../../Users/Tristan/Documents/SuhDudeAll/SuhDude/Saved/Spray5A8A7C48F40E9895D623F389F759866E4.tmp' to '../../../../../../Users/Tristan/Documents/SuhDudeAll/SuhDude/Content/Assets/Textures/Spray/Spray5.uasset'
[2017.03.14-18.50.07:516][322]LogSavePackage:Display: Finished SavePackage ../../../../../../Users/Tristan/Documents/SuhDudeAll/SuhDude/Content/Assets/Textures/Spray/Spray5.uasset
[2017.03.14-18.50.21:866][612]Cmd: OBJ SAVEPACKAGE PACKAGE="/Game/Assets/Textures/Spray/Spray6" FILE="../../../../../../Users/Tristan/Documents/SuhDudeAll/SuhDude/Content/Assets/Textures/Spray/Spray6.uasset" SILENT=true
[2017.03.14-18.50.21:882][612]LogSavePackage: Save=13.35ms
[2017.03.14-18.50.21:882][612]LogSavePackage: Moving '../../../../../../Users/Tristan/Documents/SuhDudeAll/SuhDude/Saved/Spray6B274641949295BDD5C8940887E178A9F.tmp' to '../../../../../../Users/Tristan/Documents/SuhDudeAll/SuhDude/Content/Assets/Textures/Spray/Spray6.uasset'
[2017.03.14-18.50.21:886][612]LogSavePackage:Display: Finished SavePackage ../../../../../../Users/Tristan/Documents/SuhDudeAll/SuhDude/Content/Assets/Textures/Spray/Spray6.uasset
[2017.03.14-18.51.08:801][544]LogSavePackage: Save=25.43ms
[2017.03.14-18.51.08:801][544]LogSavePackage: Moving '../../../../../../Users/Tristan/Documents/SuhDudeAll/SuhDude/Saved/Spray627AE0F1A42DECDF7EB2CA6A6D1068F40.tmp' to '../../../../../../Users/Tristan/Documents/SuhDudeAll/SuhDude/Content/Assets/Textures/Spray/ForwardSpray/Spray6.uasset'
[2017.03.14-18.51.08:805][544]LogSavePackage:Display: Finished SavePackage ../../../../../../Users/Tristan/Documents/SuhDudeAll/SuhDude/Content/Assets/Textures/Spray/ForwardSpray/Spray6.uasset
[2017.03.14-18.51.08:841][544]LogSavePackage: Save=12.71ms
[2017.03.14-18.51.08:841][544]LogSavePackage: Moving '../../../../../../Users/Tristan/Documents/SuhDudeAll/SuhDude/Saved/Spray5EB3FD5334CA509142C9697AC7FB309B6.tmp' to '../../../../../../Users/Tristan/Documents/SuhDudeAll/SuhDude/Content/Assets/Textures/Spray/ForwardSpray/Spray5.uasset'
[2017.03.14-18.51.08:845][544]LogSavePackage:Display: Finished SavePackage ../../../../../../Users/Tristan/Documents/SuhDudeAll/SuhDude/Content/Assets/Textures/Spray/ForwardSpray/Spray5.uasset
[2017.03.14-18.51.08:878][544]LogSavePackage: Save=14.76ms
[2017.03.14-18.51.08:878][544]LogSavePackage: Moving '../../../../../../Users/Tristan/Documents/SuhDudeAll/SuhDude/Saved/Spray4b21749CED43A4878B3356AD8F69C6E098.tmp' to '../../../../../../Users/Tristan/Documents/SuhDudeAll/SuhDude/Content/Assets/Textures/Spray/ForwardSpray/Spray4b.uasset'
[2017.03.14-18.51.08:882][544]LogSavePackage:Display: Finished SavePackage ../../../../../../Users/Tristan/Documents/SuhDudeAll/SuhDude/Content/Assets/Textures/Spray/ForwardSpray/Spray4b.uasset
[2017.03.14-18.51.08:914][544]LogSavePackage: Save=13.81ms
[2017.03.14-18.51.08:914][544]LogSavePackage: Moving '../../../../../../Users/Tristan/Documents/SuhDudeAll/SuhDude/Saved/Spray4c2635CBF7455C881FA71F2E91EADBF6A7.tmp' to '../../../../../../Users/Tristan/Documents/SuhDudeAll/SuhDude/Content/Assets/Textures/Spray/ForwardSpray/Spray4c.uasset'
[2017.03.14-18.51.08:918][544]LogSavePackage:Display: Finished SavePackage ../../../../../../Users/Tristan/Documents/SuhDudeAll/SuhDude/Content/Assets/Textures/Spray/ForwardSpray/Spray4c.uasset
[2017.03.14-18.51.08:945][544]LogSavePackage: Save=14.65ms
[2017.03.14-18.51.08:945][544]LogSavePackage: Moving '../../../../../../Users/Tristan/Documents/SuhDudeAll/SuhDude/Saved/Spray4aE5EEF2DB4BC215BD02C66B9C06A14EE7.tmp' to '../../../../../../Users/Tristan/Documents/SuhDudeAll/SuhDude/Content/Assets/Textures/Spray/ForwardSpray/Spray4a.uasset'
[2017.03.14-18.51.08:949][544]LogSavePackage:Display: Finished SavePackage ../../../../../../Users/Tristan/Documents/SuhDudeAll/SuhDude/Content/Assets/Textures/Spray/ForwardSpray/Spray4a.uasset
[2017.03.14-18.51.08:979][544]LogSavePackage: Save=13.49ms
[2017.03.14-18.51.08:979][544]LogSavePackage: Moving '../../../../../../Users/Tristan/Documents/SuhDudeAll/SuhDude/Saved/Spray4A2284E87442B4E8E0B2026A944B37861.tmp' to '../../../../../../Users/Tristan/Documents/SuhDudeAll/SuhDude/Content/Assets/Textures/Spray/ForwardSpray/Spray4.uasset'
[2017.03.14-18.51.08:993][544]LogSavePackage:Display: Finished SavePackage ../../../../../../Users/Tristan/Documents/SuhDudeAll/SuhDude/Content/Assets/Textures/Spray/ForwardSpray/Spray4.uasset
[2017.03.14-18.51.09:024][544]LogSavePackage: Save=12.82ms
[2017.03.14-18.51.09:024][544]LogSavePackage: Moving '../../../../../../Users/Tristan/Documents/SuhDudeAll/SuhDude/Saved/Spray3c3A253F4F45ACD1295101378A5CA751CA.tmp' to '../../../../../../Users/Tristan/Documents/SuhDudeAll/SuhDude/Content/Assets/Textures/Spray/ForwardSpray/Spray3c.uasset'
[2017.03.14-18.51.09:028][544]LogSavePackage:Display: Finished SavePackage ../../../../../../Users/Tristan/Documents/SuhDudeAll/SuhDude/Content/Assets/Textures/Spray/ForwardSpray/Spray3c.uasset
[2017.03.14-18.51.09:052][544]LogSavePackage: Save=11.37ms
[2017.03.14-18.51.09:052][544]LogSavePackage: Moving '../../../../../../Users/Tristan/Documents/SuhDudeAll/SuhDude/Saved/Spray3a8FFFE50E454297DD70D90B92F93AA3D0.tmp' to '../../../../../../Users/Tristan/Documents/SuhDudeAll/SuhDude/Content/Assets/Textures/Spray/ForwardSpray/Spray3a.uasset'
[2017.03.14-18.51.09:056][544]LogSavePackage:Display: Finished SavePackage ../../../../../../Users/Tristan/Documents/SuhDudeAll/SuhDude/Content/Assets/Textures/Spray/ForwardSpray/Spray3a.uasset
[2017.03.14-18.51.09:080][544]LogSavePackage: Save=11.44ms
[2017.03.14-18.51.09:080][544]LogSavePackage: Moving '../../../../../../Users/Tristan/Documents/SuhDudeAll/SuhDude/Saved/Spray3b876FD9A74C275EDF94D487837D11E227.tmp' to '../../../../../../Users/Tristan/Documents/SuhDudeAll/SuhDude/Content/Assets/Textures/Spray/ForwardSpray/Spray3b.uasset'
[2017.03.14-18.51.09:083][544]LogSavePackage:Display: Finished SavePackage ../../../../../../Users/Tristan/Documents/SuhDudeAll/SuhDude/Content/Assets/Textures/Spray/ForwardSpray/Spray3b.uasset
[2017.03.14-18.51.09:113][544]LogSavePackage: Save=13.32ms
[2017.03.14-18.51.09:113][544]LogSavePackage: Moving '../../../../../../Users/Tristan/Documents/SuhDudeAll/SuhDude/Saved/Spray3E97FAEE84887F8F4C2E434944299EA97.tmp' to '../../../../../../Users/Tristan/Documents/SuhDudeAll/SuhDude/Content/Assets/Textures/Spray/ForwardSpray/Spray3.uasset'
[2017.03.14-18.51.09:118][544]LogSavePackage:Display: Finished SavePackage ../../../../../../Users/Tristan/Documents/SuhDudeAll/SuhDude/Content/Assets/Textures/Spray/ForwardSpray/Spray3.uasset
[2017.03.14-18.51.09:169][544]LogSavePackage: Save=27.00ms
[2017.03.14-18.51.09:169][544]LogSavePackage: Moving '../../../../../../Users/Tristan/Documents/SuhDudeAll/SuhDude/Saved/Spray220F8C83B4A7AD7903E01DFBB2BCF6154.tmp' to '../../../../../../Users/Tristan/Documents/SuhDudeAll/SuhDude/Content/Assets/Textures/Spray/ForwardSpray/Spray2.uasset'
[2017.03.14-18.51.09:173][544]LogSavePackage:Display: Finished SavePackage ../../../../../../Users/Tristan/Documents/SuhDudeAll/SuhDude/Content/Assets/Textures/Spray/ForwardSpray/Spray2.uasset
[2017.03.14-18.51.09:208][544]LogSavePackage: Save=13.69ms
[2017.03.14-18.51.09:208][544]LogSavePackage: Moving '../../../../../../Users/Tristan/Documents/SuhDudeAll/SuhDude/Saved/Spray15AC6BCC14D3E12857D0A608DD9350554.tmp' to '../../../../../../Users/Tristan/Documents/SuhDudeAll/SuhDude/Content/Assets/Textures/Spray/ForwardSpray/Spray1.uasset'
[2017.03.14-18.51.09:212][544]LogSavePackage:Display: Finished SavePackage ../../../../../../Users/Tristan/Documents/SuhDudeAll/SuhDude/Content/Assets/Textures/Spray/ForwardSpray/Spray1.uasset
[2017.03.14-18.52.43:371][812]LogRenderer: Reallocating scene render targets to support 1220x704 NumSamples 1 (Frame:32733).
[2017.03.14-18.54.41:727][864]LogFactory: FactoryCreateFile: Texture with ReimportTextureFactory (0 0 ../../../../../../Users/Tristan/Documents/SuhDudeAll/SuhDudeAssets/SuhDudeRaw/Spray5a.png)
[2017.03.14-18.54.41:742][864]LogTexture:Display: Building textures: Spray5a (BGRA8)
[2017.03.14-18.54.41:800][864]LogFactory: FactoryCreateFile: Texture with ReimportTextureFactory (0 0 ../../../../../../Users/Tristan/Documents/SuhDudeAll/SuhDudeAssets/SuhDudeRaw/Spray5b.png)
[2017.03.14-18.54.41:814][864]LogTexture:Display: Building textures: Spray5b (BGRA8)
[2017.03.14-18.55.01:549][339]LogSavePackage: Save=13.44ms
[2017.03.14-18.55.01:549][339]LogSavePackage: Moving '../../../../../../Users/Tristan/Documents/SuhDudeAll/SuhDude/Saved/Spray7CCE5051746A267B04C9E0CBA5475ED95.tmp' to '../../../../../../Users/Tristan/Documents/SuhDudeAll/SuhDude/Content/Assets/Textures/Spray/ForwardSpray/Spray7.uasset'
[2017.03.14-18.55.01:596][339]LogSavePackage:Display: Finished SavePackage ../../../../../../Users/Tristan/Documents/SuhDudeAll/SuhDude/Content/Assets/Textures/Spray/ForwardSpray/Spray7.uasset
[2017.03.14-18.55.08:771][883]LogSavePackage: Save=14.01ms
[2017.03.14-18.55.08:771][883]LogSavePackage: Moving '../../../../../../Users/Tristan/Documents/SuhDudeAll/SuhDude/Saved/Spray8D442254C47080EA24D9F3EAF28DE26C8.tmp' to '../../../../../../Users/Tristan/Documents/SuhDudeAll/SuhDude/Content/Assets/Textures/Spray/ForwardSpray/Spray8.uasset'
[2017.03.14-18.55.08:775][883]LogSavePackage:Display: Finished SavePackage ../../../../../../Users/Tristan/Documents/SuhDudeAll/SuhDude/Content/Assets/Textures/Spray/ForwardSpray/Spray8.uasset
[2017.03.14-18.56.04:525][811]LogSavePackage: Save=26.15ms
[2017.03.14-18.56.04:525][811]LogSavePackage: Moving '../../../../../../Users/Tristan/Documents/SuhDudeAll/SuhDude/Saved/ForwardSprayFD4E084E45DF76CBD44E5784AB8E331E.tmp' to '../../../../../../Users/Tristan/Documents/SuhDudeAll/SuhDude/Content/Assets/Textures/Spray/ForwardSpray/ForwardSpray.uasset'
[2017.03.14-18.56.04:530][811]LogSavePackage:Display: Finished SavePackage ../../../../../../Users/Tristan/Documents/SuhDudeAll/SuhDude/Content/Assets/Textures/Spray/ForwardSpray/ForwardSpray.uasset
[2017.03.14-18.56.15:801][671]LogContentBrowser: Native class hierarchy updated for 'BlueprintGraph' in 0.0025 seconds. Added 111 classes and 0 folders.
[2017.03.14-18.58.09:601][802]LogEditorTransaction: Undo Modify Component(s)
[2017.03.14-18.58.10:056][837]LogEditorTransaction: Undo Edit Source Sprite
[2017.03.14-18.58.10:061][837]LogActorComponent: ~FComponentReregisterContext: (/Engine/Transient.World_3:PersistentLevel.PlayerCharacter_C_0.CollisionCylinder) Component already registered.
[2017.03.14-18.58.10:537][878]LogEditorTransaction: Undo Add Component
[2017.03.14-18.58.11:038][919]LogEditorTransaction: Undo Modify Component(s)
[2017.03.14-18.58.11:637][971]LogEditorTransaction: Undo Modify Component(s)
[2017.03.14-18.59.10:631][447]LogEditorTransaction: Undo Modify Component(s)
[2017.03.14-18.59.32:450][436]BlueprintLog: New page: Compile PlayerCharacter
[2017.03.14-18.59.51:182][190]LogTemp: Repeting last play command: New Editor Window (PIE)
[2017.03.14-18.59.51:217][190]LogBlueprintUserMessages: Early PlayInEditor Detection: Level '/Game/Maps/MenuLevel.MenuLevel:PersistentLevel' has LevelScriptBlueprint '/Game/Maps/MenuLevel.MenuLevel:PersistentLevel.MenuLevel' with GeneratedClass '/Game/Maps/MenuLevel.MenuLevel_C' with ClassGeneratedBy '/Game/Maps/MenuLevel.MenuLevel:PersistentLevel.MenuLevel'
[2017.03.14-18.59.51:217][190]LogPlayLevel: PlayLevel: No blueprints needed recompiling
[2017.03.14-18.59.51:218][190]PIE: New page: PIE session: MenuLevel (14 Mar 2017 18:59:51)
[2017.03.14-18.59.51:218][190]LogPlayLevel: Creating play world package: /Game/Maps/UEDPIE_0_MenuLevel
[2017.03.14-18.59.51:221][190]LogPlayLevel: PIE: StaticDuplicateObject took: (0.002624s)
[2017.03.14-18.59.51:222][190]LogAIModule: Creating AISystem for world MenuLevel
[2017.03.14-18.59.51:222][190]LogPlayLevel: PIE: World Init took: (0.001359s)
[2017.03.14-18.59.51:222][190]LogPlayLevel: PIE: Created PIE world by copying editor world from /Game/Maps/MenuLevel.MenuLevel to /Game/Maps/UEDPIE_0_MenuLevel.MenuLevel (0.004277s)
[2017.03.14-18.59.51:261][190]LogInit: XAudio2 using 'Speaker/HP (Realtek High Definition Audio)' : 2 channels at 48 kHz using 32 bits per sample (channel mask 0x3)
[2017.03.14-18.59.51:272][190]LogInit: FAudioDevice initialized.
[2017.03.14-18.59.51:345][190]LogLoad: Game class is 'MenuGameMode_C'
[2017.03.14-18.59.51:347][190]LogWorld: Bringing World /Game/Maps/UEDPIE_0_MenuLevel.MenuLevel up for play (max tick rate 0) at 2017.03.14-18.59.51
[2017.03.14-18.59.51:347][190]LogWorld: Bringing up level for play took: 0.001268
[2017.03.14-18.59.51:403][190]LogContentBrowser: Native class hierarchy updated for 'MovieSceneCapture' in 0.0019 seconds. Added 11 classes and 0 folders.
[2017.03.14-18.59.51:403][190]LogGameMode:Display: Match State Changed from EnteringMap to WaitingToStart
[2017.03.14-18.59.51:403][190]LogGameState: Match State Changed from EnteringMap to WaitingToStart
[2017.03.14-18.59.51:403][190]LogGameMode:Display: Match State Changed from WaitingToStart to InProgress
[2017.03.14-18.59.51:406][190]LogGameState: Match State Changed from WaitingToStart to InProgress
[2017.03.14-18.59.51:411][190]PIE: Info Play in editor start time for /Game/Maps/UEDPIE_0_MenuLevel -0.549
[2017.03.14-18.59.51:411][190]LogBlueprintUserMessages: Late PlayInEditor Detection: Level '/Game/Maps/MenuLevel.MenuLevel:PersistentLevel' has LevelScriptBlueprint '/Game/Maps/MenuLevel.MenuLevel:PersistentLevel.MenuLevel' with GeneratedClass '/Game/Maps/MenuLevel.MenuLevel_C' with ClassGeneratedBy '/Game/Maps/MenuLevel.MenuLevel:PersistentLevel.MenuLevel'
[2017.03.14-18.59.51:452][190]LogRenderer: Reallocating scene render targets to support 1292x756 NumSamples 1 (Frame:58237).
[2017.03.14-18.59.53:337][272]LogGameMode:Display: Match State Changed from InProgress to LeavingMap
[2017.03.14-18.59.53:337][272]LogGameState: Match State Changed from InProgress to LeavingMap
[2017.03.14-18.59.53:337][272]LogNet: Browse: /Game/Maps/Map1
[2017.03.14-18.59.53:338][272]LogLoad: LoadMap: /Game/Maps/Map1
[2017.03.14-18.59.53:396][272]Cmd: MEM
[2017.03.14-18.59.53:427][272]LogMemory: Platform Memory Stats for Windows
[2017.03.14-18.59.53:427][272]LogMemory: Process Physical Memory: 1424.48 MB used, 1425.71 MB peak
[2017.03.14-18.59.53:427][272]LogMemory: Process Virtual Memory: 2030.14 MB used, 2030.14 MB peak
[2017.03.14-18.59.53:427][272]LogMemory: Physical Memory: 5559.97 MB used,  2470.88 MB free, 8030.84 MB total
[2017.03.14-18.59.53:427][272]LogMemory: Virtual Memory: 2998.39 MB used,  2470.88 MB free, 134217728.00 MB total
[2017.03.14-18.59.53:427][272]LogMemory: 
[2017.03.14-18.59.53:427][272]Allocator Stats for TBB: (not implemented)
[2017.03.14-18.59.53:799][272]LogStats: FPlatformStackWalk::StackWalkAndDump -  0.012 s
[2017.03.14-18.59.53:799][272]LogOutputDevice:Error: === Handled ensure: ===
[2017.03.14-18.59.53:799][272]LogOutputDevice:Error: 
[2017.03.14-18.59.53:799][272]LogOutputDevice:Error: Ensure condition failed: IsObjectValidForDatabase(AssetObject) [File:D:\Build\++UE4+Release-4.14+Compile\Sync\Engine\Source\Editor\BlueprintGraph\Private\BlueprintActionDatabase.cpp] [Line: 1263]
[2017.03.14-18.59.53:799][272]LogOutputDevice:Error: 
[2017.03.14-18.59.53:799][272]LogOutputDevice:Error: Stack: 
[2017.03.14-18.59.53:799][272]LogOutputDevice:Error: UE4Editor-Core.dll
[2017.03.14-18.59.53:799][272]LogOutputDevice:Error: UE4Editor-Core.dll
[2017.03.14-18.59.53:799][272]LogOutputDevice:Error: UE4Editor-Core.dll
[2017.03.14-18.59.53:799][272]LogOutputDevice:Error: UE4Editor-BlueprintGraph.dll
[2017.03.14-18.59.53:799][272]LogOutputDevice:Error: UE4Editor-BlueprintGraph.dll
[2017.03.14-18.59.53:799][272]LogOutputDevice:Error: UE4Editor-CoreUObject.dll
[2017.03.14-18.59.53:799][272]LogOutputDevice:Error: UE4Editor-CoreUObject.dll
[2017.03.14-18.59.53:799][272]LogOutputDevice:Error: UE4Editor-CoreUObject.dll
[2017.03.14-18.59.53:799][272]LogOutputDevice:Error: UE4Editor-CoreUObject.dll
[2017.03.14-18.59.53:799][272]LogOutputDevice:Error: UE4Editor-Engine.dll
[2017.03.14-18.59.53:799][272]LogOutputDevice:Error: UE4Editor-Engine.dll
[2017.03.14-18.59.53:799][272]LogOutputDevice:Error: UE4Editor-Engine.dll
[2017.03.14-18.59.53:799][272]LogOutputDevice:Error: UE4Editor-UnrealEd.dll
[2017.03.14-18.59.53:799][272]LogOutputDevice:Error: UE4Editor-UnrealEd.dll
[2017.03.14-18.59.53:799][272]LogOutputDevice:Error: UE4Editor.exe
[2017.03.14-18.59.53:799][272]LogOutputDevice:Error: UE4Editor.exe
[2017.03.14-18.59.53:799][272]LogOutputDevice:Error: UE4Editor.exe
[2017.03.14-18.59.53:799][272]LogOutputDevice:Error: UE4Editor.exe
[2017.03.14-18.59.53:799][272]LogOutputDevice:Error: UE4Editor.exe
[2017.03.14-18.59.53:799][272]LogOutputDevice:Error: KERNEL32.DLL
[2017.03.14-18.59.53:799][272]LogOutputDevice:Error: ntdll.dll
[2017.03.14-18.59.53:799][272]LogOutputDevice:Error: 
[2017.03.14-18.59.53:808][272]LogStats:                SubmitErrorReport -  0.000 s
