Log file open, 03/29/17 07:32:48
LogInit:Display: Running engine for game: SuhDude
LogPlatformFile: Not using cached read wrapper
LogInit:Display: RandInit(1579496081) SRandInit(1579496081).
LogTaskGraph: Started task graph with 5 named threads and 6 total threads with 1 sets of task threads.
LogStats: Stats thread started at 0.062201
LogPluginManager: Loaded Plugin Paper2D, From C:/Program Files/Epic Games/UE_4.14/Engine/Plugins/2D/Paper2D/Paper2D.uplugin
LogPluginManager: Loaded Plugin LightPropagationVolume, From C:/Program Files/Epic Games/UE_4.14/Engine/Plugins/Blendables/LightPropagationVolume/LightPropagationVolume.uplugin
LogPluginManager: Loaded Plugin BlankPlugin, From C:/Program Files/Epic Games/UE_4.14/Engine/Plugins/Developer/BlankPlugin/BlankPlugin.uplugin
LogPluginManager: Loaded Plugin CodeLiteSourceCodeAccess, From C:/Program Files/Epic Games/UE_4.14/Engine/Plugins/Developer/CodeLiteSourceCodeAccess/CodeLiteSourceCodeAccess.uplugin
LogPluginManager: Loaded Plugin GitSourceControl, From C:/Program Files/Epic Games/UE_4.14/Engine/Plugins/Developer/GitSourceControl/GitSourceControl.uplugin
LogPluginManager: Loaded Plugin KDevelopSourceCodeAccess, From C:/Program Files/Epic Games/UE_4.14/Engine/Plugins/Developer/KDevelopSourceCodeAccess/KDevelopSourceCodeAccess.uplugin
LogPluginManager: Loaded Plugin NullSourceCodeAccess, From C:/Program Files/Epic Games/UE_4.14/Engine/Plugins/Developer/NullSourceCodeAccess/NullSourceCodeAccess.uplugin
LogPluginManager: Loaded Plugin OneSkyLocalizationService, From C:/Program Files/Epic Games/UE_4.14/Engine/Plugins/Developer/OneSkyLocalizationService/OneSkyLocalizationService.uplugin
LogPluginManager: Loaded Plugin PerforceSourceControl, From C:/Program Files/Epic Games/UE_4.14/Engine/Plugins/Developer/PerforceSourceControl/PerforceSourceControl.uplugin
LogPluginManager: Loaded Plugin SubversionSourceControl, From C:/Program Files/Epic Games/UE_4.14/Engine/Plugins/Developer/SubversionSourceControl/SubversionSourceControl.uplugin
LogPluginManager: Loaded Plugin UObjectPlugin, From C:/Program Files/Epic Games/UE_4.14/Engine/Plugins/Developer/UObjectPlugin/UObjectPlugin.uplugin
LogPluginManager: Loaded Plugin VisualStudioSourceCodeAccess, From C:/Program Files/Epic Games/UE_4.14/Engine/Plugins/Developer/VisualStudioSourceCodeAccess/VisualStudioSourceCodeAccess.uplugin
LogPluginManager: Loaded Plugin XCodeSourceCodeAccess, From C:/Program Files/Epic Games/UE_4.14/Engine/Plugins/Developer/XCodeSourceCodeAccess/XCodeSourceCodeAccess.uplugin
LogPluginManager: Loaded Plugin AudioCapture, From C:/Program Files/Epic Games/UE_4.14/Engine/Plugins/Editor/AudioCapture/AudioCapture.uplugin
LogPluginManager: Loaded Plugin EpicSurvey, From C:/Program Files/Epic Games/UE_4.14/Engine/Plugins/Editor/EpicSurvey/EpicSurvey.uplugin
LogPluginManager: Loaded Plugin MacGraphicsSwitching, From C:/Program Files/Epic Games/UE_4.14/Engine/Plugins/Editor/MacGraphicsSwitching/MacGraphicsSwitching.uplugin
LogPluginManager: Loaded Plugin MobileLauncherProfileWizard, From C:/Program Files/Epic Games/UE_4.14/Engine/Plugins/Editor/MobileLauncherProfileWizard/MobileLauncherProfileWizard.uplugin
LogPluginManager: Loaded Plugin PluginBrowser, From C:/Program Files/Epic Games/UE_4.14/Engine/Plugins/Editor/PluginBrowser/PluginBrowser.uplugin
LogPluginManager: Loaded Plugin SpeedTreeImporter, From C:/Program Files/Epic Games/UE_4.14/Engine/Plugins/Editor/SpeedTreeImporter/SpeedTreeImporter.uplugin
LogPluginManager: Loaded Plugin SuperSearchEditor, From C:/Program Files/Epic Games/UE_4.14/Engine/Plugins/Editor/SuperSearchEditor/SuperSearchEditor.uplugin
LogPluginManager: Loaded Plugin AlembicImporter, From C:/Program Files/Epic Games/UE_4.14/Engine/Plugins/Experimental/AlembicImporter/AlembicImporter.uplugin
LogPluginManager: Loaded Plugin BlueprintStats, From C:/Program Files/Epic Games/UE_4.14/Engine/Plugins/Experimental/BlueprintStats/BlueprintStats.uplugin
LogPluginManager: Loaded Plugin CharacterAI, From C:/Program Files/Epic Games/UE_4.14/Engine/Plugins/Experimental/CharacterAI/CharacterAI.uplugin
LogPluginManager: Loaded Plugin CodeEditor, From C:/Program Files/Epic Games/UE_4.14/Engine/Plugins/Experimental/CodeEditor/CodeEditor.uplugin
LogPluginManager: Loaded Plugin CodeView, From C:/Program Files/Epic Games/UE_4.14/Engine/Plugins/Experimental/CodeView/CodeView.uplugin
LogPluginManager: Loaded Plugin HTML5Networking, From C:/Program Files/Epic Games/UE_4.14/Engine/Plugins/Experimental/HTML5Networking/HTML5Networking.uplugin
LogPluginManager: Loaded Plugin OSVR, From C:/Program Files/Epic Games/UE_4.14/Engine/Plugins/Experimental/OSVR/OSVR.uplugin
LogPluginManager: Loaded Plugin Phya, From C:/Program Files/Epic Games/UE_4.14/Engine/Plugins/Experimental/Phya/Phya.uplugin
LogPluginManager: Loaded Plugin SignificanceManager, From C:/Program Files/Epic Games/UE_4.14/Engine/Plugins/Experimental/SignificanceManager/SignificanceManager.uplugin
LogPluginManager: Loaded Plugin SimpleHMD, From C:/Program Files/Epic Games/UE_4.14/Engine/Plugins/Experimental/SimpleHMD/SimpleHMD.uplugin
LogPluginManager: Loaded Plugin StereoPanorama, From C:/Program Files/Epic Games/UE_4.14/Engine/Plugins/Experimental/StereoPanorama/StereoPanorama.uplugin
LogPluginManager: Loaded Plugin StructBox, From C:/Program Files/Epic Games/UE_4.14/Engine/Plugins/Experimental/StructBox/StructBox.uplugin
LogPluginManager: Loaded Plugin AndroidMedia, From C:/Program Files/Epic Games/UE_4.14/Engine/Plugins/Media/AndroidMedia/AndroidMedia.uplugin
LogPluginManager: Loaded Plugin AvfMedia, From C:/Program Files/Epic Games/UE_4.14/Engine/Plugins/Media/AvfMedia/AvfMedia.uplugin
LogPluginManager: Loaded Plugin MediaPlayerEditor, From C:/Program Files/Epic Games/UE_4.14/Engine/Plugins/Media/MediaPlayerEditor/MediaPlayerEditor.uplugin
LogPluginManager: Loaded Plugin WmfMedia, From C:/Program Files/Epic Games/UE_4.14/Engine/Plugins/Media/WmfMedia/WmfMedia.uplugin
LogPluginManager: Loaded Plugin MessagingDebugger, From C:/Program Files/Epic Games/UE_4.14/Engine/Plugins/Messaging/MessagingDebugger/MessagingDebugger.uplugin
LogPluginManager: Loaded Plugin TcpMessaging, From C:/Program Files/Epic Games/UE_4.14/Engine/Plugins/Messaging/TcpMessaging/TcpMessaging.uplugin
LogPluginManager: Loaded Plugin UdpMessaging, From C:/Program Files/Epic Games/UE_4.14/Engine/Plugins/Messaging/UdpMessaging/UdpMessaging.uplugin
LogPluginManager: Loaded Plugin LevelSequenceEditor, From C:/Program Files/Epic Games/UE_4.14/Engine/Plugins/MovieScene/LevelSequenceEditor/LevelSequenceEditor.uplugin
LogPluginManager: Loaded Plugin MatineeToLevelSequence, From C:/Program Files/Epic Games/UE_4.14/Engine/Plugins/MovieScene/MatineeToLevelSequence/MatineeToLevelSequence.uplugin
LogPluginManager: Loaded Plugin NetcodeUnitTest, From C:/Program Files/Epic Games/UE_4.14/Engine/Plugins/NetcodeUnitTest/NetcodeUnitTest/NetcodeUnitTest.uplugin
LogPluginManager: Loaded Plugin NUTUnrealEngine4, From C:/Program Files/Epic Games/UE_4.14/Engine/Plugins/NetcodeUnitTest/NUTUnrealEngine4/NUTUnrealEngine4.uplugin
LogPluginManager: Loaded Plugin OnlineSubsystemGameCircle, From C:/Program Files/Epic Games/UE_4.14/Engine/Plugins/Online/Android/OnlineSubsystemGameCircle/OnlineSubsystemGameCircle.uplugin
LogPluginManager: Loaded Plugin OnlineSubsystemGooglePlay, From C:/Program Files/Epic Games/UE_4.14/Engine/Plugins/Online/Android/OnlineSubsystemGooglePlay/OnlineSubsystemGooglePlay.uplugin
LogPluginManager: Loaded Plugin OnlineSubsystemIOS, From C:/Program Files/Epic Games/UE_4.14/Engine/Plugins/Online/IOS/OnlineSubsystemIOS/OnlineSubsystemIOS.uplugin
LogPluginManager: Loaded Plugin OnlineFramework, From C:/Program Files/Epic Games/UE_4.14/Engine/Plugins/Online/OnlineFramework/OnlineFramework.uplugin
LogPluginManager: Loaded Plugin OnlineSubsystem, From C:/Program Files/Epic Games/UE_4.14/Engine/Plugins/Online/OnlineSubsystem/OnlineSubsystem.uplugin
LogPluginManager: Loaded Plugin OnlineSubsystemAmazon, From C:/Program Files/Epic Games/UE_4.14/Engine/Plugins/Online/OnlineSubsystemAmazon/OnlineSubsystemAmazon.uplugin
LogPluginManager: Loaded Plugin OnlineSubsystemFacebook, From C:/Program Files/Epic Games/UE_4.14/Engine/Plugins/Online/OnlineSubsystemFacebook/OnlineSubsystemFacebook.uplugin
LogPluginManager: Loaded Plugin OnlineSubsystemNull, From C:/Program Files/Epic Games/UE_4.14/Engine/Plugins/Online/OnlineSubsystemNull/OnlineSubsystemNull.uplugin
LogPluginManager: Loaded Plugin OnlineSubsystemOculus, From C:/Program Files/Epic Games/UE_4.14/Engine/Plugins/Online/OnlineSubsystemOculus/OnlineSubsystemOculus.uplugin
LogPluginManager: Loaded Plugin OnlineSubsystemSteam, From C:/Program Files/Epic Games/UE_4.14/Engine/Plugins/Online/OnlineSubsystemSteam/OnlineSubsystemSteam.uplugin
LogPluginManager: Loaded Plugin OnlineSubsystemUtils, From C:/Program Files/Epic Games/UE_4.14/Engine/Plugins/Online/OnlineSubsystemUtils/OnlineSubsystemUtils.uplugin
LogPluginManager: Loaded Plugin IOSTapJoy, From C:/Program Files/Epic Games/UE_4.14/Engine/Plugins/Runtime/Advertising/IOSTapJoy/IOSTapJoy.uplugin
LogPluginManager: Loaded Plugin AnalyticsBlueprintLibrary, From C:/Program Files/Epic Games/UE_4.14/Engine/Plugins/Runtime/Analytics/AnalyticsBlueprintLibrary/AnalyticsBlueprintLibrary.uplugin
LogPluginManager: Loaded Plugin AnalyticsMulticast, From C:/Program Files/Epic Games/UE_4.14/Engine/Plugins/Runtime/Analytics/AnalyticsMulticast/AnalyticsMulticast.uplugin
LogPluginManager: Loaded Plugin Apsalar, From C:/Program Files/Epic Games/UE_4.14/Engine/Plugins/Runtime/Analytics/Apsalar/Apsalar.uplugin
LogPluginManager: Loaded Plugin FileLogging, From C:/Program Files/Epic Games/UE_4.14/Engine/Plugins/Runtime/Analytics/FileLogging/FileLogging.uplugin
LogPluginManager: Loaded Plugin Flurry, From C:/Program Files/Epic Games/UE_4.14/Engine/Plugins/Runtime/Analytics/Flurry/Flurry.uplugin
LogPluginManager: Loaded Plugin AndroidDeviceProfileSelector, From C:/Program Files/Epic Games/UE_4.14/Engine/Plugins/Runtime/AndroidDeviceProfileSelector/AndroidDeviceProfileSelector.uplugin
LogPluginManager: Loaded Plugin AndroidMoviePlayer, From C:/Program Files/Epic Games/UE_4.14/Engine/Plugins/Runtime/AndroidMoviePlayer/AndroidMoviePlayer.uplugin
LogPluginManager: Loaded Plugin AppleMoviePlayer, From C:/Program Files/Epic Games/UE_4.14/Engine/Plugins/Runtime/AppleMoviePlayer/AppleMoviePlayer.uplugin
LogPluginManager: Loaded Plugin ArchVisCharacter, From C:/Program Files/Epic Games/UE_4.14/Engine/Plugins/Runtime/ArchVisCharacter/ArchVisCharacter.uplugin
LogPluginManager: Loaded Plugin CableComponent, From C:/Program Files/Epic Games/UE_4.14/Engine/Plugins/Runtime/CableComponent/CableComponent.uplugin
LogPluginManager: Loaded Plugin CustomMeshComponent, From C:/Program Files/Epic Games/UE_4.14/Engine/Plugins/Runtime/CustomMeshComponent/CustomMeshComponent.uplugin
LogPluginManager: Loaded Plugin ExampleDeviceProfileSelector, From C:/Program Files/Epic Games/UE_4.14/Engine/Plugins/Runtime/ExampleDeviceProfileSelector/ExampleDeviceProfileSelector.uplugin
LogPluginManager: Loaded Plugin GearVR, From C:/Program Files/Epic Games/UE_4.14/Engine/Plugins/Runtime/GearVR/GearVR.uplugin
LogPluginManager: Loaded Plugin GoogleVRController, From C:/Program Files/Epic Games/UE_4.14/Engine/Plugins/Runtime/GoogleVR/GoogleVRController/GoogleVRController.uplugin
LogPluginManager: Loaded Plugin GoogleVRHMD, From C:/Program Files/Epic Games/UE_4.14/Engine/Plugins/Runtime/GoogleVR/GoogleVRHMD/GoogleVRHMD.uplugin
LogPluginManager: Loaded Plugin IOSDeviceProfileSelector, From C:/Program Files/Epic Games/UE_4.14/Engine/Plugins/Runtime/IOSDeviceProfileSelector/IOSDeviceProfileSelector.uplugin
LogPluginManager: Loaded Plugin LeapMotion, From C:/Program Files/Epic Games/UE_4.14/Engine/Plugins/Runtime/LeapMotion/LeapMotion.uplugin
LogPluginManager: Loaded Plugin LinuxDeviceProfileSelector, From C:/Program Files/Epic Games/UE_4.14/Engine/Plugins/Runtime/LinuxDeviceProfileSelector/LinuxDeviceProfileSelector.uplugin
LogPluginManager: Loaded Plugin MIDIDevice, From C:/Program Files/Epic Games/UE_4.14/Engine/Plugins/Runtime/MIDIDevice/MIDIDevice.uplugin
LogPluginManager: Loaded Plugin MobilePatchingUtils, From C:/Program Files/Epic Games/UE_4.14/Engine/Plugins/Runtime/MobilePatchingUtils/MobilePatchingUtils.uplugin
LogPluginManager: Loaded Plugin Ansel, From C:/Program Files/Epic Games/UE_4.14/Engine/Plugins/Runtime/Nvidia/Ansel/Ansel.uplugin
LogPluginManager: Loaded Plugin OculusAudio, From C:/Program Files/Epic Games/UE_4.14/Engine/Plugins/Runtime/OculusAudio/OculusAudio.uplugin
LogPluginManager: Loaded Plugin OculusInput, From C:/Program Files/Epic Games/UE_4.14/Engine/Plugins/Runtime/OculusInput/OculusInput.uplugin
LogPluginManager: Loaded Plugin OculusLibrary, From C:/Program Files/Epic Games/UE_4.14/Engine/Plugins/Runtime/OculusLibrary/OculusLibrary.uplugin
LogPluginManager: Loaded Plugin OculusRift, From C:/Program Files/Epic Games/UE_4.14/Engine/Plugins/Runtime/OculusRift/OculusRift.uplugin
LogPluginManager: Loaded Plugin Oodle, From C:/Program Files/Epic Games/UE_4.14/Engine/Plugins/Runtime/PacketHandlers/CompressionComponents/Oodle/Oodle.uplugin
LogPluginManager: Loaded Plugin ProceduralMeshComponent, From C:/Program Files/Epic Games/UE_4.14/Engine/Plugins/Runtime/ProceduralMeshComponent/ProceduralMeshComponent.uplugin
LogPluginManager: Loaded Plugin SoundMod, From C:/Program Files/Epic Games/UE_4.14/Engine/Plugins/Runtime/SoundMod/SoundMod.uplugin
LogPluginManager: Loaded Plugin SoundVisualizations, From C:/Program Files/Epic Games/UE_4.14/Engine/Plugins/Runtime/SoundVisualizations/SoundVisualizations.uplugin
LogPluginManager: Loaded Plugin SteamController, From C:/Program Files/Epic Games/UE_4.14/Engine/Plugins/Runtime/Steam/SteamController/SteamController.uplugin
LogPluginManager: Loaded Plugin SteamVR, From C:/Program Files/Epic Games/UE_4.14/Engine/Plugins/Runtime/Steam/SteamVR/SteamVR.uplugin
LogPluginManager: Loaded Plugin WebBrowserWidget, From C:/Program Files/Epic Games/UE_4.14/Engine/Plugins/Runtime/WebBrowserWidget/WebBrowserWidget.uplugin
LogPluginManager: Loaded Plugin WindowsDeviceProfileSelector, From C:/Program Files/Epic Games/UE_4.14/Engine/Plugins/Runtime/WindowsDeviceProfileSelector/WindowsDeviceProfileSelector.uplugin
LogPluginManager: Loaded Plugin WindowsMoviePlayer, From C:/Program Files/Epic Games/UE_4.14/Engine/Plugins/Runtime/WindowsMoviePlayer/WindowsMoviePlayer.uplugin
LogPluginManager: Loaded Plugin ScriptPlugin, From C:/Program Files/Epic Games/UE_4.14/Engine/Plugins/ScriptPlugin/ScriptPlugin.uplugin
LogPluginManager: Loaded Plugin SlateRemote, From C:/Program Files/Epic Games/UE_4.14/Engine/Plugins/Slate/SlateRemote/SlateRemote.uplugin
LogPluginManager: Loaded Plugin EditorTests, From C:/Program Files/Epic Games/UE_4.14/Engine/Plugins/Tests/EditorTests/EditorTests.uplugin
LogPluginManager: Loaded Plugin FbxAutomationTestBuilder, From C:/Program Files/Epic Games/UE_4.14/Engine/Plugins/Tests/FbxAutomationTestBuilder/FbxAutomationTestBuilder.uplugin
LogPluginManager: Loaded Plugin FunctionalTestingEditor, From C:/Program Files/Epic Games/UE_4.14/Engine/Plugins/Tests/FunctionalTestingEditor/FunctionalTestingEditor.uplugin
LogPluginManager: Loaded Plugin RuntimeTests, From C:/Program Files/Epic Games/UE_4.14/Engine/Plugins/Tests/RuntimeTests/RuntimeTests.uplugin
LogPluginManager: Loaded Plugin ScreenshotTools, From C:/Program Files/Epic Games/UE_4.14/Engine/Plugins/Tests/ScreenshotTools/ScreenshotTools.uplugin
LogInit: Using libcurl 7.47.1
LogInit:  - built for x86_64-pc-win32
LogInit:  - supports SSL with OpenSSL/1.0.2g
LogInit:  - supports HTTP deflate (compression) using libz 1.2.8
LogInit:  - other features:
LogInit:      CURL_VERSION_SSL
LogInit:      CURL_VERSION_LIBZ
LogInit:      CURL_VERSION_IPV6
LogInit:      CURL_VERSION_ASYNCHDNS
LogInit:      CURL_VERSION_LARGEFILE
LogInit:      CURL_VERSION_IDN
LogInit:  CurlRequestOptions (configurable via config and command line):
LogInit:  - bVerifyPeer = false  - Libcurl will NOT verify peer certificate
LogInit:  - bUseHttpProxy = false  - Libcurl will NOT use HTTP proxy
LogInit:  - bDontReuseConnections = false  - Libcurl will reuse connections
LogInit:  - CertBundlePath = nullptr  - Libcurl will use whatever was configured at build time.
LogInit: Build: ++UE4+Release-4.14-CL-3249277
LogInit: Engine Version: 4.14.3-3249277+++UE4+Release-4.14
LogInit: Compatible Engine Version: 4.14.0-3195953+++UE4+Release-4.14
LogInit: Net CL: 3195953
LogDevObjectVersion: Number of dev versions registered: 13
LogDevObjectVersion:   Dev-Blueprints (B0D832E4-1F89-4F0D-ACCF-7EB736FD4AA2): 7
LogDevObjectVersion:   Dev-Build (E1C64328-A22C-4D53-A36C-8E866417BD8C): 0
LogDevObjectVersion:   Dev-Core (375EC13C-06E4-48FB-B500-84F0262A717E): 1
LogDevObjectVersion:   Dev-Editor (E4B068ED-F494-42E9-A231-DA0B2E46BB41): 8
LogDevObjectVersion:   Dev-Framework (CFFC743F-43B0-4480-9391-14DF171D2073): 17
LogDevObjectVersion:   Dev-Mobile (B02B49B5-BB20-44E9-A304-32B752E40360): 0
LogDevObjectVersion:   Dev-Networking (A4E4105C-59A1-49B5-A7C5-40C4547EDFEE): 0
LogDevObjectVersion:   Dev-Online (39C831C9-5AE6-47DC-9A44-9C173E1C8E7C): 0
LogDevObjectVersion:   Dev-Physics (78F01B33-EBEA-4F98-B9B4-84EACCB95AA2): 0
LogDevObjectVersion:   Dev-Platform (6631380F-2D4D-43E0-8009-CF276956A95A): 0
LogDevObjectVersion:   Dev-Rendering (12F88B9F-8875-4AFC-A67C-D90C383ABD29): 12
LogDevObjectVersion:   Dev-Sequencer (7B5AE74C-D270-4C10-A958-57980B212A5A): 1
LogDevObjectVersion:   Dev-VR (D7296918-1DD6-4BDD-9DE2-64A83CC13884): 0
LogInit: Compiled (64-bit): Jan  6 2017 10:49:43
LogInit: Compiled with Visual C++: 19.00.23026.00
LogInit: Build Configuration: Development
LogInit: Branch Name: ++UE4+Release-4.14
LogInit: Command line:  
LogInit: Base directory: C:/Program Files/Epic Games/UE_4.14/Engine/Binaries/Win64/
LogInit: Installed Engine Build: 1
LogInit: Presizing for max 8388607 objects, including 0 objects not considered by GC, pre-allocating 0 bytes for permanent pool.
LogInit: Object subsystem initialized
[2017.03.29-06.32.48:826][  0]LogInit: Selected Device Profile: [Windows]
[2017.03.29-06.32.48:826][  0]LogInit: Applying CVar settings loaded from the selected device profile: [Windows]
[2017.03.29-06.32.48:881][  0]LogInit: Computer: LAPTOP-HOJJGP5S
[2017.03.29-06.32.48:881][  0]LogInit: User: Tristan
[2017.03.29-06.32.48:881][  0]LogInit: CPU Page size=65536, Cores=2
[2017.03.29-06.32.48:881][  0]LogInit: High frequency timer resolution =2.343752 MHz
[2017.03.29-06.32.48:881][  0]LogMemory: Memory total: Physical=7.8GB (8GB approx)
[2017.03.29-06.32.48:881][  0]LogMemory: Platform Memory Stats for Windows
[2017.03.29-06.32.48:881][  0]LogMemory: Process Physical Memory: 264.13 MB used, 264.13 MB peak
[2017.03.29-06.32.48:881][  0]LogMemory: Process Virtual Memory: 262.36 MB used, 262.36 MB peak
[2017.03.29-06.32.48:881][  0]LogMemory: Physical Memory: 3942.07 MB used,  4088.78 MB free, 8030.84 MB total
[2017.03.29-06.32.48:881][  0]LogMemory: Virtual Memory: 674.75 MB used,  4088.78 MB free, 134217728.00 MB total
[2017.03.29-06.32.49:240][  0]LogTextLocalizationManager: No specific translations for ('en-GB') exist, so ('en') translations will be used.
[2017.03.29-06.32.56:916][  0]LogD3D11RHI: D3D11 adapters:
[2017.03.29-06.32.57:180][  0]LogD3D11RHI:    0. 'NVIDIA GeForce 940M' (Feature Level 11_0)
[2017.03.29-06.32.57:180][  0]LogD3D11RHI:       2020/0/4015 MB DedicatedVideo/DedicatedSystem/SharedSystem, Outputs:1, VendorId:0x10de
[2017.03.29-06.32.57:188][  0]LogD3D11RHI:    1. 'Intel(R) HD Graphics 520' (Feature Level 11_0)
[2017.03.29-06.32.57:188][  0]LogD3D11RHI:       128/0/4015 MB DedicatedVideo/DedicatedSystem/SharedSystem, Outputs:0, VendorId:0x8086
[2017.03.29-06.32.57:189][  0]LogD3D11RHI:    2. 'Microsoft Basic Render Driver' (Feature Level 11_0)
[2017.03.29-06.32.57:189][  0]LogD3D11RHI:       0/0/4015 MB DedicatedVideo/DedicatedSystem/SharedSystem, Outputs:0, VendorId:0x1414
[2017.03.29-06.32.57:190][  0]LogD3D11RHI: Chosen D3D11 Adapter: 0
[2017.03.29-06.32.57:196][  0]LogD3D11RHI: Creating new Direct3DDevice
[2017.03.29-06.32.57:196][  0]LogD3D11RHI:     GPU DeviceId: 0x1347 (for the marketing name, search the web for "GPU Device Id")
[2017.03.29-06.32.57:196][  0]LogWindows: EnumDisplayDevices:
[2017.03.29-06.32.57:196][  0]LogWindows:    0. 'Intel(R) HD Graphics 520' (P:1 D:1)
[2017.03.29-06.32.57:196][  0]LogWindows:    1. 'Intel(R) HD Graphics 520' (P:0 D:0)
[2017.03.29-06.32.57:196][  0]LogWindows:    2. 'Intel(R) HD Graphics 520' (P:0 D:0)
[2017.03.29-06.32.57:196][  0]LogWindows: DebugString: PrimaryIsNotTheChoosenAdapter PrimaryIsNotTheChoosenAdapter PrimaryIsNotTheChoosenAdapter FoundDriverCount:0 
[2017.03.29-06.32.57:196][  0]LogD3D11RHI:     Adapter Name: NVIDIA GeForce 940M
[2017.03.29-06.32.57:196][  0]LogD3D11RHI:   Driver Version: Unknown (internal:Unknown, unified:Unknown)
[2017.03.29-06.32.57:196][  0]LogD3D11RHI:      Driver Date: Unknown
[2017.03.29-06.32.57:196][  0]LogRHI: Texture pool is 1361 MB (70% of 1945 MB)
[2017.03.29-06.32.57:216][  0]LogD3D11RHI: Async texture creation enabled
[2017.03.29-06.32.57:234][  0]LogD3D11RHI: GPU Timing Frequency: 1000.000000 (Debug: 2 2)
[2017.03.29-06.32.57:234][  0]LogShaderCompilers: Guid format shader working directory is -34 characters bigger than the processId version (../../../../../../Users/Tristan/Documents/UniWork/comp140-gam160-game/SuhDude-Game/Intermediate/Shaders/WorkingDirectory/3416/).
[2017.03.29-06.32.57:235][  0]LogShaderCompilers: Cleaned the shader compiler working directory 'C:/Users/Tristan/AppData/Local/Temp/UnrealShaderWorkingDir/831591C248C546FDA64A278C6E081397/'.
[2017.03.29-06.32.57:235][  0]LogShaderCompilers:Display: Using Local Shader Compiler.
[2017.03.29-06.33.02:814][  0]LogTemp:Display: Loaded TP AllDesktopTargetPlatform
[2017.03.29-06.33.02:875][  0]LogTemp:Display: Loaded TP MacClientTargetPlatform
[2017.03.29-06.33.02:936][  0]LogTemp:Display: Loaded TP MacNoEditorTargetPlatform
[2017.03.29-06.33.02:998][  0]LogTemp:Display: Loaded TP MacServerTargetPlatform
[2017.03.29-06.33.03:062][  0]LogTemp:Display: Loaded TP MacTargetPlatform
[2017.03.29-06.33.03:124][  0]LogTemp:Display: Loaded TP WindowsClientTargetPlatform
[2017.03.29-06.33.03:184][  0]LogTemp:Display: Loaded TP WindowsNoEditorTargetPlatform
[2017.03.29-06.33.03:245][  0]LogTemp:Display: Loaded TP WindowsServerTargetPlatform
[2017.03.29-06.33.03:294][  0]LogTemp:Display: Loaded TP WindowsTargetPlatform
[2017.03.29-06.33.03:356][  0]LogTemp:Display: Loaded TP AndroidTargetPlatform
[2017.03.29-06.33.03:417][  0]LogTemp:Display: Loaded TP Android_ASTCTargetPlatform
[2017.03.29-06.33.03:475][  0]LogTemp:Display: Loaded TP Android_ATCTargetPlatform
[2017.03.29-06.33.03:536][  0]LogTemp:Display: Loaded TP Android_DXTTargetPlatform
[2017.03.29-06.33.03:595][  0]LogTemp:Display: Loaded TP Android_ETC1TargetPlatform
[2017.03.29-06.33.03:653][  0]LogTemp:Display: Loaded TP Android_ETC2TargetPlatform
[2017.03.29-06.33.03:773][  0]LogTemp:Display: Loaded TP Android_MultiTargetPlatform
[2017.03.29-06.33.03:773][  0]LogTemp:Display: Loaded TP Android_PVRTCTargetPlatform
[2017.03.29-06.33.03:815][  0]LogTemp:Display: Loaded TP HTML5TargetPlatform
[2017.03.29-06.33.03:911][  0]LogTemp:Display: Loaded TP IOSTargetPlatform
[2017.03.29-06.33.03:948][  0]LogTemp:Display: Loaded TP TVOSTargetPlatform
[2017.03.29-06.33.04:007][  0]LogTemp:Display: Loaded TP LinuxClientTargetPlatform
[2017.03.29-06.33.04:065][  0]LogTemp:Display: Loaded TP LinuxNoEditorTargetPlatform
[2017.03.29-06.33.04:125][  0]LogTemp:Display: Loaded TP LinuxServerTargetPlatform
[2017.03.29-06.33.04:187][  0]LogTemp:Display: Loaded TP LinuxTargetPlatform
[2017.03.29-06.33.04:187][  0]LogTargetPlatformManager:Display: Building Assets For Windows
[2017.03.29-06.33.04:624][  0]LogDerivedDataCache:Display: Max Cache Size: 512 MB
[2017.03.29-06.33.05:327][  0]LogDerivedDataCache: Loaded boot cache 0.70s 52MB C:/Users/Tristan/AppData/Local/UnrealEngine/4.14/DerivedDataCache/Boot.ddc.
[2017.03.29-06.33.05:327][  0]LogDerivedDataCache:Display: Loaded Boot cache: C:/Users/Tristan/AppData/Local/UnrealEngine/4.14/DerivedDataCache/Boot.ddc
[2017.03.29-06.33.05:327][  0]LogDerivedDataCache: FDerivedDataBackendGraph:  Pak pak cache file ../../../../../../Users/Tristan/Documents/UniWork/comp140-gam160-game/SuhDude-Game/DerivedDataCache/DDC.ddp not found, will not use a pak cache.
[2017.03.29-06.33.05:327][  0]LogDerivedDataCache: Unable to find inner node Pak for hierarchical cache Hierarchy.
[2017.03.29-06.33.05:327][  0]LogDerivedDataCache: FDerivedDataBackendGraph:  CompressedPak pak cache file ../../../../../../Users/Tristan/Documents/UniWork/comp140-gam160-game/SuhDude-Game/DerivedDataCache/Compressed.ddp not found, will not use a pak cache.
[2017.03.29-06.33.05:327][  0]LogDerivedDataCache: Unable to find inner node CompressedPak for hierarchical cache Hierarchy.
[2017.03.29-06.33.05:406][  0]LogDerivedDataCache:Display: Pak cache opened for reading ../../../Engine/DerivedDataCache/Compressed.ddp.
[2017.03.29-06.33.05:419][  0]LogDerivedDataCache: Using Local data cache path C:/Users/Tristan/AppData/Local/UnrealEngine/Common/DerivedDataCache: Writable
[2017.03.29-06.33.08:827][  0]LogInit: Selected Device Profile: [Windows]
[2017.03.29-06.33.08:830][  0]LogContentStreaming: Texture pool size is 0.00 MB
[2017.03.29-06.33.09:286][  0]LogMeshUtilities: Using QuadricMeshReduction for automatic static mesh reduction
[2017.03.29-06.33.09:334][  0]LogSimplygon: Simplygon DLL not present - disabling.
[2017.03.29-06.33.09:387][  0]LogMeshUtilities: Using SimplygonSwarm for distributed automatic mesh merging
[2017.03.29-06.33.09:387][  0]LogMeshUtilities: No automatic skeletal mesh reduction module available
[2017.03.29-06.33.09:387][  0]LogMeshUtilities: No automatic mesh merging module available
[2017.03.29-06.33.10:153][  0]LogNetVersion: GetLocalNetworkVersion: CL: 3195953, ProjectName: suhdude, ProjectVersion: , EngineNetworkVersion: 2, GameNetworkVersion: 0, NetworkChecksum: 1980303672
[2017.03.29-06.33.10:218][  0]LogAssetRegistry: FAssetRegistry took 0.0221 seconds to start up
[2017.03.29-06.33.10:292][  0]LogPackageLocalizationCache: Processed 3 localized package path(s) for 2 prioritized culture(s) in 0.041953 seconds
[2017.03.29-06.33.10:301][  0]LogUObjectArray: 31946 objects as part of root set at end of initial load.
[2017.03.29-06.33.10:301][  0]LogUObjectAllocator: 6935840 out of 0 bytes used by permanent object pool.
[2017.03.29-06.33.10:301][  0]LogUObjectArray: CloseDisregardForGC: 0/0 objects in disregard for GC pool
[2017.03.29-06.33.10:391][  0]LogInit: WinSock: version 1.1 (2.2), MaxSocks=32767, MaxUdp=65467
[2017.03.29-06.33.11:400][  0]LogSlate: Using Freetype 2.6.0
[2017.03.29-06.33.11:467][  0]LogSlate: SlateFontCache - WITH_FREETYPE: 1, WITH_HARFBUZZ: 1
[2017.03.29-06.33.11:467][  0]LogSlate: SlateFontCache - WITH_FREETYPE: 1, WITH_HARFBUZZ: 1
[2017.03.29-06.33.15:496][  0]LogTcpMessaging: Initializing TcpMessaging bridge
[2017.03.29-06.33.15:553][  0]LogUdpMessaging: Initializing bridge on interface 0.0.0.0:0 to multicast group 230.0.0.1:6666.
[2017.03.29-06.33.16:401][  0]LogMaterial: Uniform references updated for custom material expression Custom.
[2017.03.29-06.33.16:847][  0]SourceControl: Info Source control is disabled
[2017.03.29-06.33.17:102][  0]SourceControl: Info Source control is disabled
[2017.03.29-06.33.17:158][  0]SourceControl: Info Source control is disabled
[2017.03.29-06.33.17:209][  0]SourceControl: Info Source control is disabled
[2017.03.29-06.33.19:020][  0]LogEngine: Initializing Engine...
[2017.03.29-06.33.19:021][  0]LogHMD: Failed to initialize OpenVR with code 110
[2017.03.29-06.33.19:304][  0]LogAIModule: Creating AISystem for world Untitled
[2017.03.29-06.33.19:313][  0]LogInit: XAudio2 using 'Speaker/HP (Realtek High Definition Audio)' : 2 channels at 48 kHz using 32 bits per sample (channel mask 0x3)
[2017.03.29-06.33.19:558][  0]LogInit: FAudioDevice initialized.
[2017.03.29-06.33.19:593][  0]LogDerivedDataCache: Saved boot cache 0.03s 50MB C:/Users/Tristan/AppData/Local/UnrealEngine/4.14/DerivedDataCache/Boot.ddc.
[2017.03.29-06.33.19:607][  0]LogInit: Texture streaming: Enabled
[2017.03.29-06.33.19:831][  0]LogWindowsTextInputMethodSystem:Display: IME system now deactivated.
[2017.03.29-06.33.19:908][  0]LogInit: Transaction tracking system initialized
[2017.03.29-06.33.20:374][  0]BlueprintLog: New page: Editor Load
[2017.03.29-06.33.21:542][  0]LocalizationService: Info Localization service is disabled
[2017.03.29-06.33.22:570][  0]LogConsoleResponse:Display: 
[2017.03.29-06.33.24:088][  0]LogCook:Display: Max memory allowance for cook 16384mb min free memory 0mb
[2017.03.29-06.33.24:088][  0]LogCook:Display: Mobile HDR setting 1
[2017.03.29-06.33.24:369][  0]LogFileCache: Scanning file cache for directory 'C:/Users/Tristan/Documents/UniWork/comp140-gam160-game/SuhDude-Game/Content/' took 0.02s
[2017.03.29-06.33.26:284][  0]SourceControl: Info Source control is disabled
[2017.03.29-06.33.26:284][  0]Cmd: MAP LOAD FILE="../../../../../../Users/Tristan/Documents/UniWork/comp140-gam160-game/SuhDude-Game/Content/Maps/MenuLevel.umap" TEMPLATE=0 SHOWPROGRESS=1 FEATURELEVEL=3
[2017.03.29-06.33.26:284][  0]LightingResults: New page: Lighting Build
[2017.03.29-06.33.26:332][  0]MapCheck: New page: Map Check
[2017.03.29-06.33.26:332][  0]LightingResults: New page: Lighting Build
[2017.03.29-06.33.32:100][  0]LogAIModule: Creating AISystem for world MenuLevel
[2017.03.29-06.33.32:303][  0]LogEditorServer: Finished looking for orphan Actors (0.000 secs)
[2017.03.29-06.33.32:304][  0]Cmd: MAP CHECKDEP NOCLEARLOG
[2017.03.29-06.33.32:361][  0]MapCheck: Info Map check complete: 0 Error(s), 0 Warning(s), took 57.576ms to complete.
[2017.03.29-06.33.32:361][  0]LogFileHelpers: Loading map 'MenuLevel' took 6.077
[2017.03.29-06.33.32:553][  0]LogCollectionManager: Loaded 0 collections in 0.002749 seconds
[2017.03.29-06.33.32:643][  0]LogFileCache: Scanning file cache for directory 'C:/Users/Tristan/Documents/UniWork/comp140-gam160-game/SuhDude-Game/Saved/Collections/' took 0.01s
[2017.03.29-06.33.32:643][  0]LogFileCache: Scanning file cache for directory 'C:/Users/Tristan/Documents/UniWork/comp140-gam160-game/SuhDude-Game/Content/Developers/Tristan/Collections/' took 0.01s
[2017.03.29-06.33.32:643][  0]LogFileCache: Scanning file cache for directory 'C:/Users/Tristan/Documents/UniWork/comp140-gam160-game/SuhDude-Game/Content/Collections/' took 0.01s
[2017.03.29-06.33.32:643][  0]LogCollectionManager: Rebuilt the GUID cache for 0 collections in 0.000002 seconds
[2017.03.29-06.33.32:659][  0]LogContentBrowser: Native class hierarchy populated in 0.0157 seconds. Added 2194 classes and 430 folders.
[2017.03.29-06.33.32:713][  0]LogStats: UGameplayTagsManager::ConstructGameplayTagTree: Construct from data asset -  0.000 s
[2017.03.29-06.33.32:713][  0]LogStats: UGameplayTagsManager::ConstructGameplayTagTree: GameplayTagTreeChangedEvent.Broadcast -  0.000 s
[2017.03.29-06.33.32:715][  0]LogContentBrowser: Native class hierarchy updated for 'GameplayTags' in 0.0018 seconds. Added 13 classes and 0 folders.
[2017.03.29-06.33.32:795][  0]LogContentBrowser: Native class hierarchy updated for 'WidgetCarousel' in 0.0018 seconds. Added 0 classes and 0 folders.
[2017.03.29-06.33.33:951][  0]LogContentBrowser: Native class hierarchy updated for 'AddContentDialog' in 0.0019 seconds. Added 0 classes and 0 folders.
[2017.03.29-06.33.34:007][  0]LogContentBrowser: Native class hierarchy updated for 'SceneOutliner' in 0.0023 seconds. Added 1 classes and 2 folders.
[2017.03.29-06.33.34:050][  0]LogCrashTracker: Crashtracker disabled due to settings.
[2017.03.29-06.33.36:293][  0]LogSlate: Only BGRA pngs, bmps or icos are supported in by External Image Picker
[2017.03.29-06.33.36:351][  0]LogUObjectGlobals:Warning: Failed to find object 'Class None.'
[2017.03.29-06.33.36:761][  0]LogTemp:Display: Executing iPhonePackager certificates Engine -bundlename com.YourCompany.SuhDude

[2017.03.29-06.33.36:761][  0]LogTemp:Display: CWD: C:\Program Files\Epic Games\UE_4.14\Engine\Binaries\DotNet\IOS

[2017.03.29-06.33.36:761][  0]LogTemp:Display: Initial Dir: C:\Program Files\Epic Games\UE_4.14

[2017.03.29-06.33.36:761][  0]LogTemp:Display: Env CWD: C:\Program Files\Epic Games\UE_4.14\Engine\Binaries\DotNet\IOS

[2017.03.29-06.33.36:761][  0]LogTemp:Display: BranchPath = LAPTOP-HOJJGP5S/C/Program Files/Epic Games/UE_4.14/Engine/Binaries --- GameBranchPath = LAPTOP-HOJJGP5S/C/Program Files/Epic Games/UE_4.14/Engine/Binaries

[2017.03.29-06.33.36:761][  0]LogTemp:Display: IPP ERROR: Application exception: System.IO.DirectoryNotFoundException: Could not find a part of the path 'C:\Users\Tristan\AppData\Local\Apple Computer\MobileDevice\Provisioning Profiles'.

[2017.03.29-06.33.36:761][  0]LogTemp:Display:    at System.IO.__Error.WinIOError(Int32 errorCode, String maybeFullPath)

[2017.03.29-06.33.36:761][  0]LogTemp:Display:    at System.IO.FileSystemEnumerableIterator`1.CommonInit()

[2017.03.29-06.33.36:761][  0]LogTemp:Display:    at System.IO.Directory.EnumerateFiles(String path, String searchPattern)

[2017.03.29-06.33.36:761][  0]LogTemp:Display:    at iPhonePackager.CodeSignatureBuilder.FindProvisions(String CFBundleIdentifier)

[2017.03.29-06.33.36:761][  0]LogTemp:Display:    at iPhonePackager.Program.Main(String[] args)

[2017.03.29-06.33.36:826][  0]LogContentBrowser: Native class hierarchy updated for 'HierarchicalLODOutliner' in 0.0020 seconds. Added 1 classes and 2 folders.
[2017.03.29-06.33.36:827][  0]LogLoad: (Engine Initialization) Total time: 50.38 seconds
[2017.03.29-06.33.36:827][  0]LogLoad: (Engine Initialization) Total Blueprint compile time: 0.21 seconds
[2017.03.29-06.33.36:827][  0]LogExternalProfiler: Found external profiler: VSPerf
[2017.03.29-06.33.36:827][  0]LogExternalProfiler: Using external profiler: VSPerf
[2017.03.29-06.33.36:838][  0]LogOcInput: OculusInput pre-init called
[2017.03.29-06.33.36:856][  0]LogContentStreaming: Texture pool size now 1000 MB
[2017.03.29-06.33.37:073][  0]LogRenderer: Reallocating scene render targets to support 828x436 NumSamples 1 (Frame:2).
[2017.03.29-06.33.37:222][  1]LogAssetRegistry: Asset discovery search completed in 27.0258 seconds
[2017.03.29-06.33.37:222][  1]LogCollectionManager: Rebuilt the object cache for 0 collections in 0.000000 seconds (found 0 objects)
[2017.03.29-06.33.37:222][  1]LogCollectionManager: Fixed up redirectors for 0 collections in 0.000048 seconds (updated 0 objects)
[2017.03.29-06.33.50:432][813]LogContentBrowser: Native class hierarchy updated for 'BlueprintGraph' in 0.0027 seconds. Added 111 classes and 0 folders.
[2017.03.29-06.34.17:447][329]LogEditorActor: Deleted Actor: bohef_C
[2017.03.29-06.34.17:484][329]LogEditorActor: Deleted 1 Actors (0.073 secs)
[2017.03.29-06.34.22:988][717]LogTemp: Repeting last play command: Selected Viewport
[2017.03.29-06.34.23:031][717]LogBlueprintUserMessages: Early PlayInEditor Detection: Level '/Game/Maps/MenuLevel.MenuLevel:PersistentLevel' has LevelScriptBlueprint '/Game/Maps/MenuLevel.MenuLevel:PersistentLevel.MenuLevel' with GeneratedClass '/Game/Maps/MenuLevel.MenuLevel_C' with ClassGeneratedBy '/Game/Maps/MenuLevel.MenuLevel:PersistentLevel.MenuLevel'
[2017.03.29-06.34.23:031][717]LogPlayLevel: PlayLevel: No blueprints needed recompiling
[2017.03.29-06.34.23:031][717]PIE: New page: PIE session: MenuLevel (29 Mar 2017 08:34:23)
[2017.03.29-06.34.23:032][717]LogPlayLevel: Creating play world package: /Game/Maps/UEDPIE_0_MenuLevel
[2017.03.29-06.34.23:036][717]LogPlayLevel: PIE: StaticDuplicateObject took: (0.003736s)
[2017.03.29-06.34.23:037][717]LogAIModule: Creating AISystem for world MenuLevel
[2017.03.29-06.34.23:037][717]LogPlayLevel: PIE: World Init took: (0.001338s)
[2017.03.29-06.34.23:038][717]LogPlayLevel: PIE: Created PIE world by copying editor world from /Game/Maps/MenuLevel.MenuLevel to /Game/Maps/UEDPIE_0_MenuLevel.MenuLevel (0.005471s)
[2017.03.29-06.34.23:084][717]LogInit: XAudio2 using 'Speaker/HP (Realtek High Definition Audio)' : 2 channels at 48 kHz using 32 bits per sample (channel mask 0x3)
[2017.03.29-06.34.23:094][717]LogInit: FAudioDevice initialized.
[2017.03.29-06.34.23:174][717]LogLoad: Game class is 'MenuGameMode_C'
[2017.03.29-06.34.23:176][717]LogWorld: Bringing World /Game/Maps/UEDPIE_0_MenuLevel.MenuLevel up for play (max tick rate 0) at 2017.03.29-07.34.23
[2017.03.29-06.34.23:176][717]LogWorld: Bringing up level for play took: 0.001543
[2017.03.29-06.34.23:233][717]LogContentBrowser: Native class hierarchy updated for 'MovieSceneCapture' in 0.0023 seconds. Added 11 classes and 0 folders.
[2017.03.29-06.34.23:233][717]LogGameMode:Display: Match State Changed from EnteringMap to WaitingToStart
[2017.03.29-06.34.23:233][717]LogGameState: Match State Changed from EnteringMap to WaitingToStart
[2017.03.29-06.34.23:233][717]LogGameMode:Display: Match State Changed from WaitingToStart to InProgress
[2017.03.29-06.34.23:237][717]LogGameState: Match State Changed from WaitingToStart to InProgress
[2017.03.29-06.34.23:237][717]PIE: Info Play in editor start time for /Game/Maps/UEDPIE_0_MenuLevel -0.124
[2017.03.29-06.34.23:237][717]LogBlueprintUserMessages: Late PlayInEditor Detection: Level '/Game/Maps/MenuLevel.MenuLevel:PersistentLevel' has LevelScriptBlueprint '/Game/Maps/MenuLevel.MenuLevel:PersistentLevel.MenuLevel' with GeneratedClass '/Game/Maps/MenuLevel.MenuLevel_C' with ClassGeneratedBy '/Game/Maps/MenuLevel.MenuLevel:PersistentLevel.MenuLevel'
[2017.03.29-06.34.42:083][138]LogGameMode:Display: Match State Changed from InProgress to LeavingMap
[2017.03.29-06.34.42:083][138]LogGameState: Match State Changed from InProgress to LeavingMap
[2017.03.29-06.34.42:084][138]LogNet: Browse: /Game/Maps/Map1
[2017.03.29-06.34.42:084][138]LogLoad: LoadMap: /Game/Maps/Map1
[2017.03.29-06.34.42:135][138]Cmd: MEM
[2017.03.29-06.34.42:166][138]LogMemory: Platform Memory Stats for Windows
[2017.03.29-06.34.42:166][138]LogMemory: Process Physical Memory: 2335.82 MB used, 2347.23 MB peak
[2017.03.29-06.34.42:166][138]LogMemory: Process Virtual Memory: 2688.43 MB used, 2701.75 MB peak
[2017.03.29-06.34.42:166][138]LogMemory: Physical Memory: 6252.75 MB used,  1778.09 MB free, 8030.84 MB total
[2017.03.29-06.34.42:166][138]LogMemory: Virtual Memory: 3585.65 MB used,  1778.09 MB free, 134217728.00 MB total
[2017.03.29-06.34.42:166][138]LogMemory: 
[2017.03.29-06.34.42:166][138]Allocator Stats for TBB: (not implemented)
[2017.03.29-06.34.43:221][138]LogStats: FPlatformStackWalk::StackWalkAndDump -  0.010 s
[2017.03.29-06.34.43:221][138]LogOutputDevice:Error: === Handled ensure: ===
[2017.03.29-06.34.43:221][138]LogOutputDevice:Error: 
[2017.03.29-06.34.43:221][138]LogOutputDevice:Error: Ensure condition failed: IsObjectValidForDatabase(AssetObject) [File:D:\Build\++UE4+Release-4.14+Compile\Sync\Engine\Source\Editor\BlueprintGraph\Private\BlueprintActionDatabase.cpp] [Line: 1263]
[2017.03.29-06.34.43:221][138]LogOutputDevice:Error: 
[2017.03.29-06.34.43:221][138]LogOutputDevice:Error: Stack: 
[2017.03.29-06.34.43:221][138]LogOutputDevice:Error: UE4Editor-Core.dll
[2017.03.29-06.34.43:221][138]LogOutputDevice:Error: UE4Editor-Core.dll
[2017.03.29-06.34.43:221][138]LogOutputDevice:Error: UE4Editor-Core.dll
[2017.03.29-06.34.43:221][138]LogOutputDevice:Error: UE4Editor-BlueprintGraph.dll
[2017.03.29-06.34.43:221][138]LogOutputDevice:Error: UE4Editor-BlueprintGraph.dll
[2017.03.29-06.34.43:221][138]LogOutputDevice:Error: UE4Editor-CoreUObject.dll
[2017.03.29-06.34.43:221][138]LogOutputDevice:Error: UE4Editor-CoreUObject.dll
[2017.03.29-06.34.43:221][138]LogOutputDevice:Error: UE4Editor-CoreUObject.dll
[2017.03.29-06.34.43:221][138]LogOutputDevice:Error: UE4Editor-CoreUObject.dll
[2017.03.29-06.34.43:221][138]LogOutputDevice:Error: UE4Editor-Engine.dll
[2017.03.29-06.34.43:221][138]LogOutputDevice:Error: UE4Editor-Engine.dll
[2017.03.29-06.34.43:221][138]LogOutputDevice:Error: UE4Editor-Engine.dll
[2017.03.29-06.34.43:221][138]LogOutputDevice:Error: UE4Editor-UnrealEd.dll
[2017.03.29-06.34.43:221][138]LogOutputDevice:Error: UE4Editor-UnrealEd.dll
[2017.03.29-06.34.43:221][138]LogOutputDevice:Error: UE4Editor.exe
[2017.03.29-06.34.43:221][138]LogOutputDevice:Error: UE4Editor.exe
[2017.03.29-06.34.43:221][138]LogOutputDevice:Error: UE4Editor.exe
[2017.03.29-06.34.43:221][138]LogOutputDevice:Error: UE4Editor.exe
[2017.03.29-06.34.43:221][138]LogOutputDevice:Error: UE4Editor.exe
[2017.03.29-06.34.43:221][138]LogOutputDevice:Error: KERNEL32.DLL
[2017.03.29-06.34.43:221][138]LogOutputDevice:Error: ntdll.dll
[2017.03.29-06.34.43:221][138]LogOutputDevice:Error: 
[2017.03.29-06.34.43:225][138]LogStats:                SubmitErrorReport -  0.000 s
