Log file open, 03/17/17 09:09:02
LogInit:Display: Running engine for game: SuhDude
LogPlatformFile: Not using cached read wrapper
LogInit:Display: RandInit(458623614) SRandInit(458623615).
LogTaskGraph: Started task graph with 5 named threads and 6 total threads with 1 sets of task threads.
LogStats: Stats thread started at 0.164001
LogPluginManager: Loaded Plugin Paper2D, From C:/Program Files/Epic Games/UE_4.14/Engine/Plugins/2D/Paper2D/Paper2D.uplugin
LogPluginManager: Loaded Plugin LightPropagationVolume, From C:/Program Files/Epic Games/UE_4.14/Engine/Plugins/Blendables/LightPropagationVolume/LightPropagationVolume.uplugin
LogPluginManager: Loaded Plugin BlankPlugin, From C:/Program Files/Epic Games/UE_4.14/Engine/Plugins/Developer/BlankPlugin/BlankPlugin.uplugin
LogPluginManager: Loaded Plugin CodeLiteSourceCodeAccess, From C:/Program Files/Epic Games/UE_4.14/Engine/Plugins/Developer/CodeLiteSourceCodeAccess/CodeLiteSourceCodeAccess.uplugin
LogPluginManager: Loaded Plugin GitSourceControl, From C:/Program Files/Epic Games/UE_4.14/Engine/Plugins/Developer/GitSourceControl/GitSourceControl.uplugin
LogPluginManager: Loaded Plugin KDevelopSourceCodeAccess, From C:/Program Files/Epic Games/UE_4.14/Engine/Plugins/Developer/KDevelopSourceCodeAccess/KDevelopSourceCodeAccess.uplugin
LogPluginManager: Loaded Plugin NullSourceCodeAccess, From C:/Program Files/Epic Games/UE_4.14/Engine/Plugins/Developer/NullSourceCodeAccess/NullSourceCodeAccess.uplugin
LogPluginManager: Loaded Plugin OneSkyLocalizationService, From C:/Program Files/Epic Games/UE_4.14/Engine/Plugins/Developer/OneSkyLocalizationService/OneSkyLocalizationService.uplugin
LogPluginManager: Loaded Plugin PerforceSourceControl, From C:/Program Files/Epic Games/UE_4.14/Engine/Plugins/Developer/PerforceSourceControl/PerforceSourceControl.uplugin
LogPluginManager: Loaded Plugin SubversionSourceControl, From C:/Program Files/Epic Games/UE_4.14/Engine/Plugins/Developer/SubversionSourceControl/SubversionSourceControl.uplugin
LogPluginManager: Loaded Plugin UObjectPlugin, From C:/Program Files/Epic Games/UE_4.14/Engine/Plugins/Developer/UObjectPlugin/UObjectPlugin.uplugin
LogPluginManager: Loaded Plugin VisualStudioSourceCodeAccess, From C:/Program Files/Epic Games/UE_4.14/Engine/Plugins/Developer/VisualStudioSourceCodeAccess/VisualStudioSourceCodeAccess.uplugin
LogPluginManager: Loaded Plugin XCodeSourceCodeAccess, From C:/Program Files/Epic Games/UE_4.14/Engine/Plugins/Developer/XCodeSourceCodeAccess/XCodeSourceCodeAccess.uplugin
LogPluginManager: Loaded Plugin AudioCapture, From C:/Program Files/Epic Games/UE_4.14/Engine/Plugins/Editor/AudioCapture/AudioCapture.uplugin
LogPluginManager: Loaded Plugin EpicSurvey, From C:/Program Files/Epic Games/UE_4.14/Engine/Plugins/Editor/EpicSurvey/EpicSurvey.uplugin
LogPluginManager: Loaded Plugin MacGraphicsSwitching, From C:/Program Files/Epic Games/UE_4.14/Engine/Plugins/Editor/MacGraphicsSwitching/MacGraphicsSwitching.uplugin
LogPluginManager: Loaded Plugin MobileLauncherProfileWizard, From C:/Program Files/Epic Games/UE_4.14/Engine/Plugins/Editor/MobileLauncherProfileWizard/MobileLauncherProfileWizard.uplugin
LogPluginManager: Loaded Plugin PluginBrowser, From C:/Program Files/Epic Games/UE_4.14/Engine/Plugins/Editor/PluginBrowser/PluginBrowser.uplugin
LogPluginManager: Loaded Plugin SpeedTreeImporter, From C:/Program Files/Epic Games/UE_4.14/Engine/Plugins/Editor/SpeedTreeImporter/SpeedTreeImporter.uplugin
LogPluginManager: Loaded Plugin SuperSearchEditor, From C:/Program Files/Epic Games/UE_4.14/Engine/Plugins/Editor/SuperSearchEditor/SuperSearchEditor.uplugin
LogPluginManager: Loaded Plugin AlembicImporter, From C:/Program Files/Epic Games/UE_4.14/Engine/Plugins/Experimental/AlembicImporter/AlembicImporter.uplugin
LogPluginManager: Loaded Plugin BlueprintStats, From C:/Program Files/Epic Games/UE_4.14/Engine/Plugins/Experimental/BlueprintStats/BlueprintStats.uplugin
LogPluginManager: Loaded Plugin CharacterAI, From C:/Program Files/Epic Games/UE_4.14/Engine/Plugins/Experimental/CharacterAI/CharacterAI.uplugin
LogPluginManager: Loaded Plugin CodeEditor, From C:/Program Files/Epic Games/UE_4.14/Engine/Plugins/Experimental/CodeEditor/CodeEditor.uplugin
LogPluginManager: Loaded Plugin CodeView, From C:/Program Files/Epic Games/UE_4.14/Engine/Plugins/Experimental/CodeView/CodeView.uplugin
LogPluginManager: Loaded Plugin HTML5Networking, From C:/Program Files/Epic Games/UE_4.14/Engine/Plugins/Experimental/HTML5Networking/HTML5Networking.uplugin
LogPluginManager: Loaded Plugin OSVR, From C:/Program Files/Epic Games/UE_4.14/Engine/Plugins/Experimental/OSVR/OSVR.uplugin
LogPluginManager: Loaded Plugin Phya, From C:/Program Files/Epic Games/UE_4.14/Engine/Plugins/Experimental/Phya/Phya.uplugin
LogPluginManager: Loaded Plugin SignificanceManager, From C:/Program Files/Epic Games/UE_4.14/Engine/Plugins/Experimental/SignificanceManager/SignificanceManager.uplugin
LogPluginManager: Loaded Plugin SimpleHMD, From C:/Program Files/Epic Games/UE_4.14/Engine/Plugins/Experimental/SimpleHMD/SimpleHMD.uplugin
LogPluginManager: Loaded Plugin StereoPanorama, From C:/Program Files/Epic Games/UE_4.14/Engine/Plugins/Experimental/StereoPanorama/StereoPanorama.uplugin
LogPluginManager: Loaded Plugin StructBox, From C:/Program Files/Epic Games/UE_4.14/Engine/Plugins/Experimental/StructBox/StructBox.uplugin
LogPluginManager: Loaded Plugin AndroidMedia, From C:/Program Files/Epic Games/UE_4.14/Engine/Plugins/Media/AndroidMedia/AndroidMedia.uplugin
LogPluginManager: Loaded Plugin AvfMedia, From C:/Program Files/Epic Games/UE_4.14/Engine/Plugins/Media/AvfMedia/AvfMedia.uplugin
LogPluginManager: Loaded Plugin MediaPlayerEditor, From C:/Program Files/Epic Games/UE_4.14/Engine/Plugins/Media/MediaPlayerEditor/MediaPlayerEditor.uplugin
LogPluginManager: Loaded Plugin WmfMedia, From C:/Program Files/Epic Games/UE_4.14/Engine/Plugins/Media/WmfMedia/WmfMedia.uplugin
LogPluginManager: Loaded Plugin MessagingDebugger, From C:/Program Files/Epic Games/UE_4.14/Engine/Plugins/Messaging/MessagingDebugger/MessagingDebugger.uplugin
LogPluginManager: Loaded Plugin TcpMessaging, From C:/Program Files/Epic Games/UE_4.14/Engine/Plugins/Messaging/TcpMessaging/TcpMessaging.uplugin
LogPluginManager: Loaded Plugin UdpMessaging, From C:/Program Files/Epic Games/UE_4.14/Engine/Plugins/Messaging/UdpMessaging/UdpMessaging.uplugin
LogPluginManager: Loaded Plugin LevelSequenceEditor, From C:/Program Files/Epic Games/UE_4.14/Engine/Plugins/MovieScene/LevelSequenceEditor/LevelSequenceEditor.uplugin
LogPluginManager: Loaded Plugin MatineeToLevelSequence, From C:/Program Files/Epic Games/UE_4.14/Engine/Plugins/MovieScene/MatineeToLevelSequence/MatineeToLevelSequence.uplugin
LogPluginManager: Loaded Plugin NetcodeUnitTest, From C:/Program Files/Epic Games/UE_4.14/Engine/Plugins/NetcodeUnitTest/NetcodeUnitTest/NetcodeUnitTest.uplugin
LogPluginManager: Loaded Plugin NUTUnrealEngine4, From C:/Program Files/Epic Games/UE_4.14/Engine/Plugins/NetcodeUnitTest/NUTUnrealEngine4/NUTUnrealEngine4.uplugin
LogPluginManager: Loaded Plugin OnlineSubsystemGameCircle, From C:/Program Files/Epic Games/UE_4.14/Engine/Plugins/Online/Android/OnlineSubsystemGameCircle/OnlineSubsystemGameCircle.uplugin
LogPluginManager: Loaded Plugin OnlineSubsystemGooglePlay, From C:/Program Files/Epic Games/UE_4.14/Engine/Plugins/Online/Android/OnlineSubsystemGooglePlay/OnlineSubsystemGooglePlay.uplugin
LogPluginManager: Loaded Plugin OnlineSubsystemIOS, From C:/Program Files/Epic Games/UE_4.14/Engine/Plugins/Online/IOS/OnlineSubsystemIOS/OnlineSubsystemIOS.uplugin
LogPluginManager: Loaded Plugin OnlineFramework, From C:/Program Files/Epic Games/UE_4.14/Engine/Plugins/Online/OnlineFramework/OnlineFramework.uplugin
LogPluginManager: Loaded Plugin OnlineSubsystem, From C:/Program Files/Epic Games/UE_4.14/Engine/Plugins/Online/OnlineSubsystem/OnlineSubsystem.uplugin
LogPluginManager: Loaded Plugin OnlineSubsystemAmazon, From C:/Program Files/Epic Games/UE_4.14/Engine/Plugins/Online/OnlineSubsystemAmazon/OnlineSubsystemAmazon.uplugin
LogPluginManager: Loaded Plugin OnlineSubsystemFacebook, From C:/Program Files/Epic Games/UE_4.14/Engine/Plugins/Online/OnlineSubsystemFacebook/OnlineSubsystemFacebook.uplugin
LogPluginManager: Loaded Plugin OnlineSubsystemNull, From C:/Program Files/Epic Games/UE_4.14/Engine/Plugins/Online/OnlineSubsystemNull/OnlineSubsystemNull.uplugin
LogPluginManager: Loaded Plugin OnlineSubsystemOculus, From C:/Program Files/Epic Games/UE_4.14/Engine/Plugins/Online/OnlineSubsystemOculus/OnlineSubsystemOculus.uplugin
LogPluginManager: Loaded Plugin OnlineSubsystemSteam, From C:/Program Files/Epic Games/UE_4.14/Engine/Plugins/Online/OnlineSubsystemSteam/OnlineSubsystemSteam.uplugin
LogPluginManager: Loaded Plugin OnlineSubsystemUtils, From C:/Program Files/Epic Games/UE_4.14/Engine/Plugins/Online/OnlineSubsystemUtils/OnlineSubsystemUtils.uplugin
LogPluginManager: Loaded Plugin IOSTapJoy, From C:/Program Files/Epic Games/UE_4.14/Engine/Plugins/Runtime/Advertising/IOSTapJoy/IOSTapJoy.uplugin
LogPluginManager: Loaded Plugin AnalyticsBlueprintLibrary, From C:/Program Files/Epic Games/UE_4.14/Engine/Plugins/Runtime/Analytics/AnalyticsBlueprintLibrary/AnalyticsBlueprintLibrary.uplugin
LogPluginManager: Loaded Plugin AnalyticsMulticast, From C:/Program Files/Epic Games/UE_4.14/Engine/Plugins/Runtime/Analytics/AnalyticsMulticast/AnalyticsMulticast.uplugin
LogPluginManager: Loaded Plugin Apsalar, From C:/Program Files/Epic Games/UE_4.14/Engine/Plugins/Runtime/Analytics/Apsalar/Apsalar.uplugin
LogPluginManager: Loaded Plugin FileLogging, From C:/Program Files/Epic Games/UE_4.14/Engine/Plugins/Runtime/Analytics/FileLogging/FileLogging.uplugin
LogPluginManager: Loaded Plugin Flurry, From C:/Program Files/Epic Games/UE_4.14/Engine/Plugins/Runtime/Analytics/Flurry/Flurry.uplugin
LogPluginManager: Loaded Plugin AndroidDeviceProfileSelector, From C:/Program Files/Epic Games/UE_4.14/Engine/Plugins/Runtime/AndroidDeviceProfileSelector/AndroidDeviceProfileSelector.uplugin
LogPluginManager: Loaded Plugin AndroidMoviePlayer, From C:/Program Files/Epic Games/UE_4.14/Engine/Plugins/Runtime/AndroidMoviePlayer/AndroidMoviePlayer.uplugin
LogPluginManager: Loaded Plugin AppleMoviePlayer, From C:/Program Files/Epic Games/UE_4.14/Engine/Plugins/Runtime/AppleMoviePlayer/AppleMoviePlayer.uplugin
LogPluginManager: Loaded Plugin ArchVisCharacter, From C:/Program Files/Epic Games/UE_4.14/Engine/Plugins/Runtime/ArchVisCharacter/ArchVisCharacter.uplugin
LogPluginManager: Loaded Plugin CableComponent, From C:/Program Files/Epic Games/UE_4.14/Engine/Plugins/Runtime/CableComponent/CableComponent.uplugin
LogPluginManager: Loaded Plugin CustomMeshComponent, From C:/Program Files/Epic Games/UE_4.14/Engine/Plugins/Runtime/CustomMeshComponent/CustomMeshComponent.uplugin
LogPluginManager: Loaded Plugin ExampleDeviceProfileSelector, From C:/Program Files/Epic Games/UE_4.14/Engine/Plugins/Runtime/ExampleDeviceProfileSelector/ExampleDeviceProfileSelector.uplugin
LogPluginManager: Loaded Plugin GearVR, From C:/Program Files/Epic Games/UE_4.14/Engine/Plugins/Runtime/GearVR/GearVR.uplugin
LogPluginManager: Loaded Plugin GoogleVRController, From C:/Program Files/Epic Games/UE_4.14/Engine/Plugins/Runtime/GoogleVR/GoogleVRController/GoogleVRController.uplugin
LogPluginManager: Loaded Plugin GoogleVRHMD, From C:/Program Files/Epic Games/UE_4.14/Engine/Plugins/Runtime/GoogleVR/GoogleVRHMD/GoogleVRHMD.uplugin
LogPluginManager: Loaded Plugin IOSDeviceProfileSelector, From C:/Program Files/Epic Games/UE_4.14/Engine/Plugins/Runtime/IOSDeviceProfileSelector/IOSDeviceProfileSelector.uplugin
LogPluginManager: Loaded Plugin LeapMotion, From C:/Program Files/Epic Games/UE_4.14/Engine/Plugins/Runtime/LeapMotion/LeapMotion.uplugin
LogPluginManager: Loaded Plugin LinuxDeviceProfileSelector, From C:/Program Files/Epic Games/UE_4.14/Engine/Plugins/Runtime/LinuxDeviceProfileSelector/LinuxDeviceProfileSelector.uplugin
LogPluginManager: Loaded Plugin MIDIDevice, From C:/Program Files/Epic Games/UE_4.14/Engine/Plugins/Runtime/MIDIDevice/MIDIDevice.uplugin
LogPluginManager: Loaded Plugin MobilePatchingUtils, From C:/Program Files/Epic Games/UE_4.14/Engine/Plugins/Runtime/MobilePatchingUtils/MobilePatchingUtils.uplugin
LogPluginManager: Loaded Plugin Ansel, From C:/Program Files/Epic Games/UE_4.14/Engine/Plugins/Runtime/Nvidia/Ansel/Ansel.uplugin
LogPluginManager: Loaded Plugin OculusAudio, From C:/Program Files/Epic Games/UE_4.14/Engine/Plugins/Runtime/OculusAudio/OculusAudio.uplugin
LogPluginManager: Loaded Plugin OculusInput, From C:/Program Files/Epic Games/UE_4.14/Engine/Plugins/Runtime/OculusInput/OculusInput.uplugin
LogPluginManager: Loaded Plugin OculusLibrary, From C:/Program Files/Epic Games/UE_4.14/Engine/Plugins/Runtime/OculusLibrary/OculusLibrary.uplugin
LogPluginManager: Loaded Plugin OculusRift, From C:/Program Files/Epic Games/UE_4.14/Engine/Plugins/Runtime/OculusRift/OculusRift.uplugin
LogPluginManager: Loaded Plugin Oodle, From C:/Program Files/Epic Games/UE_4.14/Engine/Plugins/Runtime/PacketHandlers/CompressionComponents/Oodle/Oodle.uplugin
LogPluginManager: Loaded Plugin ProceduralMeshComponent, From C:/Program Files/Epic Games/UE_4.14/Engine/Plugins/Runtime/ProceduralMeshComponent/ProceduralMeshComponent.uplugin
LogPluginManager: Loaded Plugin SoundMod, From C:/Program Files/Epic Games/UE_4.14/Engine/Plugins/Runtime/SoundMod/SoundMod.uplugin
LogPluginManager: Loaded Plugin SoundVisualizations, From C:/Program Files/Epic Games/UE_4.14/Engine/Plugins/Runtime/SoundVisualizations/SoundVisualizations.uplugin
LogPluginManager: Loaded Plugin SteamController, From C:/Program Files/Epic Games/UE_4.14/Engine/Plugins/Runtime/Steam/SteamController/SteamController.uplugin
LogPluginManager: Loaded Plugin SteamVR, From C:/Program Files/Epic Games/UE_4.14/Engine/Plugins/Runtime/Steam/SteamVR/SteamVR.uplugin
LogPluginManager: Loaded Plugin WebBrowserWidget, From C:/Program Files/Epic Games/UE_4.14/Engine/Plugins/Runtime/WebBrowserWidget/WebBrowserWidget.uplugin
LogPluginManager: Loaded Plugin WindowsDeviceProfileSelector, From C:/Program Files/Epic Games/UE_4.14/Engine/Plugins/Runtime/WindowsDeviceProfileSelector/WindowsDeviceProfileSelector.uplugin
LogPluginManager: Loaded Plugin WindowsMoviePlayer, From C:/Program Files/Epic Games/UE_4.14/Engine/Plugins/Runtime/WindowsMoviePlayer/WindowsMoviePlayer.uplugin
LogPluginManager: Loaded Plugin ScriptPlugin, From C:/Program Files/Epic Games/UE_4.14/Engine/Plugins/ScriptPlugin/ScriptPlugin.uplugin
LogPluginManager: Loaded Plugin SlateRemote, From C:/Program Files/Epic Games/UE_4.14/Engine/Plugins/Slate/SlateRemote/SlateRemote.uplugin
LogPluginManager: Loaded Plugin EditorTests, From C:/Program Files/Epic Games/UE_4.14/Engine/Plugins/Tests/EditorTests/EditorTests.uplugin
LogPluginManager: Loaded Plugin FbxAutomationTestBuilder, From C:/Program Files/Epic Games/UE_4.14/Engine/Plugins/Tests/FbxAutomationTestBuilder/FbxAutomationTestBuilder.uplugin
LogPluginManager: Loaded Plugin FunctionalTestingEditor, From C:/Program Files/Epic Games/UE_4.14/Engine/Plugins/Tests/FunctionalTestingEditor/FunctionalTestingEditor.uplugin
LogPluginManager: Loaded Plugin RuntimeTests, From C:/Program Files/Epic Games/UE_4.14/Engine/Plugins/Tests/RuntimeTests/RuntimeTests.uplugin
LogPluginManager: Loaded Plugin ScreenshotTools, From C:/Program Files/Epic Games/UE_4.14/Engine/Plugins/Tests/ScreenshotTools/ScreenshotTools.uplugin
LogInit: Using libcurl 7.47.1
LogInit:  - built for x86_64-pc-win32
LogInit:  - supports SSL with OpenSSL/1.0.2g
LogInit:  - supports HTTP deflate (compression) using libz 1.2.8
LogInit:  - other features:
LogInit:      CURL_VERSION_SSL
LogInit:      CURL_VERSION_LIBZ
LogInit:      CURL_VERSION_IPV6
LogInit:      CURL_VERSION_ASYNCHDNS
LogInit:      CURL_VERSION_LARGEFILE
LogInit:      CURL_VERSION_IDN
LogInit:  CurlRequestOptions (configurable via config and command line):
LogInit:  - bVerifyPeer = false  - Libcurl will NOT verify peer certificate
LogInit:  - bUseHttpProxy = false  - Libcurl will NOT use HTTP proxy
LogInit:  - bDontReuseConnections = false  - Libcurl will reuse connections
LogInit:  - CertBundlePath = nullptr  - Libcurl will use whatever was configured at build time.
LogInit: Build: ++UE4+Release-4.14-CL-3249277
LogInit: Engine Version: 4.14.3-3249277+++UE4+Release-4.14
LogInit: Compatible Engine Version: 4.14.0-3195953+++UE4+Release-4.14
LogInit: Net CL: 3195953
LogDevObjectVersion: Number of dev versions registered: 13
LogDevObjectVersion:   Dev-Blueprints (B0D832E4-1F89-4F0D-ACCF-7EB736FD4AA2): 7
LogDevObjectVersion:   Dev-Build (E1C64328-A22C-4D53-A36C-8E866417BD8C): 0
LogDevObjectVersion:   Dev-Core (375EC13C-06E4-48FB-B500-84F0262A717E): 1
LogDevObjectVersion:   Dev-Editor (E4B068ED-F494-42E9-A231-DA0B2E46BB41): 8
LogDevObjectVersion:   Dev-Framework (CFFC743F-43B0-4480-9391-14DF171D2073): 17
LogDevObjectVersion:   Dev-Mobile (B02B49B5-BB20-44E9-A304-32B752E40360): 0
LogDevObjectVersion:   Dev-Networking (A4E4105C-59A1-49B5-A7C5-40C4547EDFEE): 0
LogDevObjectVersion:   Dev-Online (39C831C9-5AE6-47DC-9A44-9C173E1C8E7C): 0
LogDevObjectVersion:   Dev-Physics (78F01B33-EBEA-4F98-B9B4-84EACCB95AA2): 0
LogDevObjectVersion:   Dev-Platform (6631380F-2D4D-43E0-8009-CF276956A95A): 0
LogDevObjectVersion:   Dev-Rendering (12F88B9F-8875-4AFC-A67C-D90C383ABD29): 12
LogDevObjectVersion:   Dev-Sequencer (7B5AE74C-D270-4C10-A958-57980B212A5A): 1
LogDevObjectVersion:   Dev-VR (D7296918-1DD6-4BDD-9DE2-64A83CC13884): 0
LogInit: Compiled (64-bit): Jan  6 2017 10:49:43
LogInit: Compiled with Visual C++: 19.00.23026.00
LogInit: Build Configuration: Development
LogInit: Branch Name: ++UE4+Release-4.14
LogInit: Command line:  
LogInit: Base directory: C:/Program Files/Epic Games/UE_4.14/Engine/Binaries/Win64/
LogInit: Installed Engine Build: 1
LogInit: Presizing for max 8388607 objects, including 0 objects not considered by GC, pre-allocating 0 bytes for permanent pool.
LogInit: Object subsystem initialized
[2017.03.17-09.09.03:207][  0]LogInit: Selected Device Profile: [Windows]
[2017.03.17-09.09.03:207][  0]LogInit: Applying CVar settings loaded from the selected device profile: [Windows]
[2017.03.17-09.09.03:238][  0]LogInit: Computer: LAPTOP-HOJJGP5S
[2017.03.17-09.09.03:238][  0]LogInit: User: Tristan
[2017.03.17-09.09.03:238][  0]LogInit: CPU Page size=65536, Cores=2
[2017.03.17-09.09.03:238][  0]LogInit: High frequency timer resolution =2.343752 MHz
[2017.03.17-09.09.03:238][  0]LogMemory: Memory total: Physical=7.8GB (8GB approx)
[2017.03.17-09.09.03:238][  0]LogMemory: Platform Memory Stats for Windows
[2017.03.17-09.09.03:238][  0]LogMemory: Process Physical Memory: 264.14 MB used, 264.14 MB peak
[2017.03.17-09.09.03:238][  0]LogMemory: Process Virtual Memory: 262.48 MB used, 262.48 MB peak
[2017.03.17-09.09.03:238][  0]LogMemory: Physical Memory: 3975.39 MB used,  4055.46 MB free, 8030.84 MB total
[2017.03.17-09.09.03:238][  0]LogMemory: Virtual Memory: 674.53 MB used,  4055.46 MB free, 134217728.00 MB total
[2017.03.17-09.09.04:281][  0]LogTextLocalizationManager: No specific translations for ('en-GB') exist, so ('en') translations will be used.
[2017.03.17-09.09.07:517][  0]LogD3D11RHI: D3D11 adapters:
[2017.03.17-09.09.07:782][  0]LogD3D11RHI:    0. 'NVIDIA GeForce 940M' (Feature Level 11_0)
[2017.03.17-09.09.07:782][  0]LogD3D11RHI:       2020/0/4015 MB DedicatedVideo/DedicatedSystem/SharedSystem, Outputs:1, VendorId:0x10de
[2017.03.17-09.09.07:790][  0]LogD3D11RHI:    1. 'Intel(R) HD Graphics 520' (Feature Level 11_0)
[2017.03.17-09.09.07:790][  0]LogD3D11RHI:       128/0/4015 MB DedicatedVideo/DedicatedSystem/SharedSystem, Outputs:0, VendorId:0x8086
[2017.03.17-09.09.07:792][  0]LogD3D11RHI:    2. 'Microsoft Basic Render Driver' (Feature Level 11_0)
[2017.03.17-09.09.07:792][  0]LogD3D11RHI:       0/0/4015 MB DedicatedVideo/DedicatedSystem/SharedSystem, Outputs:0, VendorId:0x1414
[2017.03.17-09.09.07:792][  0]LogD3D11RHI: Chosen D3D11 Adapter: 0
[2017.03.17-09.09.07:799][  0]LogD3D11RHI: Creating new Direct3DDevice
[2017.03.17-09.09.07:799][  0]LogD3D11RHI:     GPU DeviceId: 0x1347 (for the marketing name, search the web for "GPU Device Id")
[2017.03.17-09.09.07:799][  0]LogWindows: EnumDisplayDevices:
[2017.03.17-09.09.07:799][  0]LogWindows:    0. 'Intel(R) HD Graphics 520' (P:1 D:1)
[2017.03.17-09.09.07:799][  0]LogWindows:    1. 'Intel(R) HD Graphics 520' (P:0 D:0)
[2017.03.17-09.09.07:799][  0]LogWindows:    2. 'Intel(R) HD Graphics 520' (P:0 D:0)
[2017.03.17-09.09.07:800][  0]LogWindows: DebugString: PrimaryIsNotTheChoosenAdapter PrimaryIsNotTheChoosenAdapter PrimaryIsNotTheChoosenAdapter FoundDriverCount:0 
[2017.03.17-09.09.07:800][  0]LogD3D11RHI:     Adapter Name: NVIDIA GeForce 940M
[2017.03.17-09.09.07:800][  0]LogD3D11RHI:   Driver Version: Unknown (internal:Unknown, unified:Unknown)
[2017.03.17-09.09.07:800][  0]LogD3D11RHI:      Driver Date: Unknown
[2017.03.17-09.09.07:800][  0]LogRHI: Texture pool is 1361 MB (70% of 1945 MB)
[2017.03.17-09.09.07:816][  0]LogD3D11RHI: Async texture creation enabled
[2017.03.17-09.09.07:828][  0]LogD3D11RHI: GPU Timing Frequency: 1000.000000 (Debug: 2 1)
[2017.03.17-09.09.07:829][  0]LogShaderCompilers: Guid format shader working directory is -13 characters bigger than the processId version (../../../../../../Users/Tristan/Documents/SuhDudeAll/SuhDude/Intermediate/Shaders/WorkingDirectory/13520/).
[2017.03.17-09.09.07:829][  0]LogShaderCompilers: Cleaned the shader compiler working directory 'C:/Users/Tristan/AppData/Local/Temp/UnrealShaderWorkingDir/2D8A1E264086EFB990DF70851C569099/'.
[2017.03.17-09.09.07:829][  0]LogShaderCompilers:Display: Using Local Shader Compiler.
[2017.03.17-09.09.11:132][  0]LogTemp:Display: Loaded TP AllDesktopTargetPlatform
[2017.03.17-09.09.11:201][  0]LogTemp:Display: Loaded TP MacClientTargetPlatform
[2017.03.17-09.09.11:270][  0]LogTemp:Display: Loaded TP MacNoEditorTargetPlatform
[2017.03.17-09.09.11:333][  0]LogTemp:Display: Loaded TP MacServerTargetPlatform
[2017.03.17-09.09.11:405][  0]LogTemp:Display: Loaded TP MacTargetPlatform
[2017.03.17-09.09.11:469][  0]LogTemp:Display: Loaded TP WindowsClientTargetPlatform
[2017.03.17-09.09.11:534][  0]LogTemp:Display: Loaded TP WindowsNoEditorTargetPlatform
[2017.03.17-09.09.11:599][  0]LogTemp:Display: Loaded TP WindowsServerTargetPlatform
[2017.03.17-09.09.11:660][  0]LogTemp:Display: Loaded TP WindowsTargetPlatform
[2017.03.17-09.09.11:726][  0]LogTemp:Display: Loaded TP AndroidTargetPlatform
[2017.03.17-09.09.11:792][  0]LogTemp:Display: Loaded TP Android_ASTCTargetPlatform
[2017.03.17-09.09.11:854][  0]LogTemp:Display: Loaded TP Android_ATCTargetPlatform
[2017.03.17-09.09.11:914][  0]LogTemp:Display: Loaded TP Android_DXTTargetPlatform
[2017.03.17-09.09.11:982][  0]LogTemp:Display: Loaded TP Android_ETC1TargetPlatform
[2017.03.17-09.09.12:046][  0]LogTemp:Display: Loaded TP Android_ETC2TargetPlatform
[2017.03.17-09.09.12:174][  0]LogTemp:Display: Loaded TP Android_MultiTargetPlatform
[2017.03.17-09.09.12:174][  0]LogTemp:Display: Loaded TP Android_PVRTCTargetPlatform
[2017.03.17-09.09.12:220][  0]LogTemp:Display: Loaded TP HTML5TargetPlatform
[2017.03.17-09.09.12:411][  0]LogTemp:Display: Loaded TP IOSTargetPlatform
[2017.03.17-09.09.12:452][  0]LogTemp:Display: Loaded TP TVOSTargetPlatform
[2017.03.17-09.09.12:516][  0]LogTemp:Display: Loaded TP LinuxClientTargetPlatform
[2017.03.17-09.09.12:578][  0]LogTemp:Display: Loaded TP LinuxNoEditorTargetPlatform
[2017.03.17-09.09.12:644][  0]LogTemp:Display: Loaded TP LinuxServerTargetPlatform
[2017.03.17-09.09.12:726][  0]LogTemp:Display: Loaded TP LinuxTargetPlatform
[2017.03.17-09.09.12:726][  0]LogTargetPlatformManager:Display: Building Assets For Windows
[2017.03.17-09.09.13:817][  0]LogDerivedDataCache:Display: Max Cache Size: 512 MB
[2017.03.17-09.09.13:905][  0]LogDerivedDataCache: Loaded boot cache 0.09s 60MB C:/Users/Tristan/AppData/Local/UnrealEngine/4.14/DerivedDataCache/Boot.ddc.
[2017.03.17-09.09.13:905][  0]LogDerivedDataCache:Display: Loaded Boot cache: C:/Users/Tristan/AppData/Local/UnrealEngine/4.14/DerivedDataCache/Boot.ddc
[2017.03.17-09.09.13:905][  0]LogDerivedDataCache: FDerivedDataBackendGraph:  Pak pak cache file ../../../../../../Users/Tristan/Documents/SuhDudeAll/SuhDude/DerivedDataCache/DDC.ddp not found, will not use a pak cache.
[2017.03.17-09.09.13:905][  0]LogDerivedDataCache: Unable to find inner node Pak for hierarchical cache Hierarchy.
[2017.03.17-09.09.13:905][  0]LogDerivedDataCache: FDerivedDataBackendGraph:  CompressedPak pak cache file ../../../../../../Users/Tristan/Documents/SuhDudeAll/SuhDude/DerivedDataCache/Compressed.ddp not found, will not use a pak cache.
[2017.03.17-09.09.13:905][  0]LogDerivedDataCache: Unable to find inner node CompressedPak for hierarchical cache Hierarchy.
[2017.03.17-09.09.13:978][  0]LogDerivedDataCache:Display: Pak cache opened for reading ../../../Engine/DerivedDataCache/Compressed.ddp.
[2017.03.17-09.09.13:991][  0]LogDerivedDataCache: Using Local data cache path C:/Users/Tristan/AppData/Local/UnrealEngine/Common/DerivedDataCache: Writable
[2017.03.17-09.09.18:544][  0]LogInit: Selected Device Profile: [Windows]
[2017.03.17-09.09.18:547][  0]LogContentStreaming: Texture pool size is 0.00 MB
[2017.03.17-09.09.19:135][  0]LogMeshUtilities: Using QuadricMeshReduction for automatic static mesh reduction
[2017.03.17-09.09.19:183][  0]LogSimplygon: Simplygon DLL not present - disabling.
[2017.03.17-09.09.19:242][  0]LogMeshUtilities: Using SimplygonSwarm for distributed automatic mesh merging
[2017.03.17-09.09.19:242][  0]LogMeshUtilities: No automatic skeletal mesh reduction module available
[2017.03.17-09.09.19:242][  0]LogMeshUtilities: No automatic mesh merging module available
[2017.03.17-09.09.21:175][  0]LogNetVersion: GetLocalNetworkVersion: CL: 3195953, ProjectName: suhdude, ProjectVersion: , EngineNetworkVersion: 2, GameNetworkVersion: 0, NetworkChecksum: 1980303672
[2017.03.17-09.09.21:263][  0]LogAssetRegistry: FAssetRegistry took 0.0225 seconds to start up
[2017.03.17-09.09.21:343][  0]LogPackageLocalizationCache: Processed 3 localized package path(s) for 2 prioritized culture(s) in 0.049622 seconds
[2017.03.17-09.09.21:350][  0]LogUObjectArray: 31946 objects as part of root set at end of initial load.
[2017.03.17-09.09.21:350][  0]LogUObjectAllocator: 6935840 out of 0 bytes used by permanent object pool.
[2017.03.17-09.09.21:350][  0]LogUObjectArray: CloseDisregardForGC: 0/0 objects in disregard for GC pool
[2017.03.17-09.09.21:436][  0]LogInit: WinSock: version 1.1 (2.2), MaxSocks=32767, MaxUdp=65467
[2017.03.17-09.09.22:386][  0]LogSlate: Using Freetype 2.6.0
[2017.03.17-09.09.22:400][  0]LogSlate: SlateFontCache - WITH_FREETYPE: 1, WITH_HARFBUZZ: 1
[2017.03.17-09.09.22:400][  0]LogSlate: SlateFontCache - WITH_FREETYPE: 1, WITH_HARFBUZZ: 1
[2017.03.17-09.09.24:905][  0]LogTcpMessaging: Initializing TcpMessaging bridge
[2017.03.17-09.09.24:951][  0]LogUdpMessaging: Initializing bridge on interface 0.0.0.0:0 to multicast group 230.0.0.1:6666.
[2017.03.17-09.09.25:480][  0]LogMaterial: Uniform references updated for custom material expression Custom.
[2017.03.17-09.09.26:108][  0]SourceControl: Info Source control is disabled
[2017.03.17-09.09.26:255][  0]SourceControl: Info Source control is disabled
[2017.03.17-09.09.26:312][  0]SourceControl: Info Source control is disabled
[2017.03.17-09.09.26:370][  0]SourceControl: Info Source control is disabled
[2017.03.17-09.09.28:006][  0]LogEngine: Initializing Engine...
[2017.03.17-09.09.28:007][  0]LogHMD: Failed to initialize OpenVR with code 110
[2017.03.17-09.09.28:557][  0]LogAIModule: Creating AISystem for world Untitled
[2017.03.17-09.09.28:566][  0]LogInit: XAudio2 using 'Speaker/HP (Realtek High Definition Audio)' : 2 channels at 48 kHz using 32 bits per sample (channel mask 0x3)
[2017.03.17-09.09.28:579][  0]LogInit: FAudioDevice initialized.
[2017.03.17-09.09.28:633][  0]LogDerivedDataCache: Saved boot cache 0.05s 60MB C:/Users/Tristan/AppData/Local/UnrealEngine/4.14/DerivedDataCache/Boot.ddc.
[2017.03.17-09.09.28:645][  0]LogInit: Texture streaming: Enabled
[2017.03.17-09.09.28:865][  0]LogInit: Transaction tracking system initialized
[2017.03.17-09.09.29:317][  0]BlueprintLog: New page: Editor Load
[2017.03.17-09.09.30:556][  0]LocalizationService: Info Localization service is disabled
[2017.03.17-09.09.31:428][  0]LogConsoleResponse:Display: 
[2017.03.17-09.09.32:118][  0]LogCook:Display: Max memory allowance for cook 16384mb min free memory 0mb
[2017.03.17-09.09.32:118][  0]LogCook:Display: Mobile HDR setting 1
[2017.03.17-09.09.32:395][  0]LogFileCache: Scanning file cache for directory 'C:/Users/Tristan/Documents/SuhDudeAll/SuhDude/Content/' took 0.02s
[2017.03.17-09.09.33:594][  0]SourceControl: Info Source control is disabled
[2017.03.17-09.09.33:594][  0]Cmd: MAP LOAD FILE="../../../../../../Users/Tristan/Documents/SuhDudeAll/SuhDude/Content/Maps/MenuLevel.umap" TEMPLATE=0 SHOWPROGRESS=1 FEATURELEVEL=3
[2017.03.17-09.09.33:599][  0]LightingResults: New page: Lighting Build
[2017.03.17-09.09.33:652][  0]MapCheck: New page: Map Check
[2017.03.17-09.09.33:652][  0]LightingResults: New page: Lighting Build
[2017.03.17-09.09.34:277][  0]LogAIModule: Creating AISystem for world MenuLevel
[2017.03.17-09.09.34:489][  0]LogEditorServer: Finished looking for orphan Actors (0.000 secs)
[2017.03.17-09.09.34:490][  0]Cmd: MAP CHECKDEP NOCLEARLOG
[2017.03.17-09.09.34:546][  0]MapCheck: Info Map check complete: 0 Error(s), 0 Warning(s), took 55.238ms to complete.
[2017.03.17-09.09.34:546][  0]LogFileHelpers: Loading map 'MenuLevel' took 0.951
[2017.03.17-09.09.36:857][  0]LogSlate: Only BGRA pngs, bmps or icos are supported in by External Image Picker
[2017.03.17-09.09.37:332][  0]LogTemp:Display: Executing iPhonePackager certificates Engine -bundlename com.YourCompany.SuhDude

[2017.03.17-09.09.37:332][  0]LogTemp:Display: CWD: C:\Program Files\Epic Games\UE_4.14\Engine\Binaries\DotNet\IOS

[2017.03.17-09.09.37:332][  0]LogTemp:Display: Initial Dir: C:\Program Files\Epic Games\UE_4.14

[2017.03.17-09.09.37:332][  0]LogTemp:Display: Env CWD: C:\Program Files\Epic Games\UE_4.14\Engine\Binaries\DotNet\IOS

[2017.03.17-09.09.37:332][  0]LogTemp:Display: BranchPath = LAPTOP-HOJJGP5S/C/Program Files/Epic Games/UE_4.14/Engine/Binaries --- GameBranchPath = LAPTOP-HOJJGP5S/C/Program Files/Epic Games/UE_4.14/Engine/Binaries

[2017.03.17-09.09.37:332][  0]LogTemp:Display: IPP ERROR: Application exception: System.IO.DirectoryNotFoundException: Could not find a part of the path 'C:\Users\Tristan\AppData\Local\Apple Computer\MobileDevice\Provisioning Profiles'.

[2017.03.17-09.09.37:332][  0]LogTemp:Display:    at System.IO.__Error.WinIOError(Int32 errorCode, String maybeFullPath)

[2017.03.17-09.09.37:332][  0]LogTemp:Display:    at System.IO.FileSystemEnumerableIterator`1.CommonInit()

[2017.03.17-09.09.37:332][  0]LogTemp:Display:    at System.IO.Directory.EnumerateFiles(String path, String searchPattern)

[2017.03.17-09.09.37:332][  0]LogTemp:Display:    at iPhonePackager.CodeSignatureBuilder.FindProvisions(String CFBundleIdentifier)

[2017.03.17-09.09.37:332][  0]LogTemp:Display:    at iPhonePackager.Program.Main(String[] args)

[2017.03.17-09.09.37:332][  0]LogCollectionManager: Loaded 0 collections in 0.002186 seconds
[2017.03.17-09.09.37:664][  0]LogFileCache: Scanning file cache for directory 'C:/Users/Tristan/Documents/SuhDudeAll/SuhDude/Saved/Collections/' took 0.01s
[2017.03.17-09.09.37:664][  0]LogFileCache: Scanning file cache for directory 'C:/Users/Tristan/Documents/SuhDudeAll/SuhDude/Content/Developers/Tristan/Collections/' took 0.01s
[2017.03.17-09.09.37:664][  0]LogFileCache: Scanning file cache for directory 'C:/Users/Tristan/Documents/SuhDudeAll/SuhDude/Content/Collections/' took 0.01s
[2017.03.17-09.09.37:664][  0]LogCollectionManager: Rebuilt the GUID cache for 0 collections in 0.000002 seconds
[2017.03.17-09.09.37:677][  0]LogContentBrowser: Native class hierarchy populated in 0.0131 seconds. Added 2192 classes and 430 folders.
[2017.03.17-09.09.37:729][  0]LogStats: UGameplayTagsManager::ConstructGameplayTagTree: Construct from data asset -  0.000 s
[2017.03.17-09.09.37:729][  0]LogStats: UGameplayTagsManager::ConstructGameplayTagTree: GameplayTagTreeChangedEvent.Broadcast -  0.000 s
[2017.03.17-09.09.37:731][  0]LogContentBrowser: Native class hierarchy updated for 'GameplayTags' in 0.0018 seconds. Added 13 classes and 0 folders.
[2017.03.17-09.09.37:813][  0]LogContentBrowser: Native class hierarchy updated for 'WidgetCarousel' in 0.0019 seconds. Added 0 classes and 0 folders.
[2017.03.17-09.09.38:383][  0]LogContentBrowser: Native class hierarchy updated for 'AddContentDialog' in 0.0018 seconds. Added 0 classes and 0 folders.
[2017.03.17-09.09.38:436][  0]LogContentBrowser: Native class hierarchy updated for 'SceneOutliner' in 0.0019 seconds. Added 1 classes and 2 folders.
[2017.03.17-09.09.38:478][  0]LogCrashTracker: Crashtracker disabled due to settings.
[2017.03.17-09.09.38:486][  0]LogUObjectGlobals:Warning: Failed to find object 'Class None.'
[2017.03.17-09.09.38:876][  0]LogContentBrowser: Native class hierarchy updated for 'HierarchicalLODOutliner' in 0.0019 seconds. Added 1 classes and 2 folders.
[2017.03.17-09.09.38:876][  0]LogLoad: (Engine Initialization) Total time: 39.76 seconds
[2017.03.17-09.09.38:876][  0]LogLoad: (Engine Initialization) Total Blueprint compile time: 0.20 seconds
[2017.03.17-09.09.38:876][  0]LogExternalProfiler: Found external profiler: VSPerf
[2017.03.17-09.09.38:876][  0]LogExternalProfiler: Using external profiler: VSPerf
[2017.03.17-09.09.38:885][  0]LogOcInput: OculusInput pre-init called
[2017.03.17-09.09.38:904][  0]LogContentStreaming: Texture pool size now 1000 MB
[2017.03.17-09.09.39:336][  0]LogRenderer: Reallocating scene render targets to support 828x436 NumSamples 1 (Frame:2).
[2017.03.17-09.09.39:478][  1]LogAssetRegistry: Asset discovery search completed in 18.2375 seconds
[2017.03.17-09.09.39:478][  1]LogCollectionManager: Rebuilt the object cache for 0 collections in 0.000002 seconds (found 0 objects)
[2017.03.17-09.09.39:478][  1]LogCollectionManager: Fixed up redirectors for 0 collections in 0.000038 seconds (updated 0 objects)
[2017.03.17-09.09.45:368][475]LogTemp: Repeting last play command: New Editor Window (PIE)
[2017.03.17-09.09.45:388][475]LogBlueprintUserMessages: Early PlayInEditor Detection: Level '/Game/Maps/MenuLevel.MenuLevel:PersistentLevel' has LevelScriptBlueprint '/Game/Maps/MenuLevel.MenuLevel:PersistentLevel.MenuLevel' with GeneratedClass '/Game/Maps/MenuLevel.MenuLevel_C' with ClassGeneratedBy '/Game/Maps/MenuLevel.MenuLevel:PersistentLevel.MenuLevel'
[2017.03.17-09.09.45:388][475]LogPlayLevel: PlayLevel: No blueprints needed recompiling
[2017.03.17-09.09.45:389][475]PIE: New page: PIE session: MenuLevel (17 Mar 2017 09:09:45)
[2017.03.17-09.09.45:390][475]LogPlayLevel: Creating play world package: /Game/Maps/UEDPIE_0_MenuLevel
[2017.03.17-09.09.45:394][475]LogPlayLevel: PIE: StaticDuplicateObject took: (0.003987s)
[2017.03.17-09.09.45:396][475]LogAIModule: Creating AISystem for world MenuLevel
[2017.03.17-09.09.45:396][475]LogPlayLevel: PIE: World Init took: (0.001866s)
[2017.03.17-09.09.45:396][475]LogPlayLevel: PIE: Created PIE world by copying editor world from /Game/Maps/MenuLevel.MenuLevel to /Game/Maps/UEDPIE_0_MenuLevel.MenuLevel (0.006290s)
[2017.03.17-09.09.45:427][475]LogInit: XAudio2 using 'Speaker/HP (Realtek High Definition Audio)' : 2 channels at 48 kHz using 32 bits per sample (channel mask 0x3)
[2017.03.17-09.09.45:436][475]LogInit: FAudioDevice initialized.
[2017.03.17-09.09.45:504][475]LogLoad: Game class is 'MenuGameMode_C'
[2017.03.17-09.09.45:507][475]LogWorld: Bringing World /Game/Maps/UEDPIE_0_MenuLevel.MenuLevel up for play (max tick rate 0) at 2017.03.17-09.09.45
[2017.03.17-09.09.45:507][475]LogWorld: Bringing up level for play took: 0.001856
[2017.03.17-09.09.45:569][475]LogContentBrowser: Native class hierarchy updated for 'MovieSceneCapture' in 0.0019 seconds. Added 11 classes and 0 folders.
[2017.03.17-09.09.45:570][475]LogGameMode:Display: Match State Changed from EnteringMap to WaitingToStart
[2017.03.17-09.09.45:570][475]LogGameState: Match State Changed from EnteringMap to WaitingToStart
[2017.03.17-09.09.45:570][475]LogGameMode:Display: Match State Changed from WaitingToStart to InProgress
[2017.03.17-09.09.45:572][475]LogGameState: Match State Changed from WaitingToStart to InProgress
[2017.03.17-09.09.45:576][475]PIE: Info Play in editor start time for /Game/Maps/UEDPIE_0_MenuLevel 0.216
[2017.03.17-09.09.45:577][475]LogBlueprintUserMessages: Late PlayInEditor Detection: Level '/Game/Maps/MenuLevel.MenuLevel:PersistentLevel' has LevelScriptBlueprint '/Game/Maps/MenuLevel.MenuLevel:PersistentLevel.MenuLevel' with GeneratedClass '/Game/Maps/MenuLevel.MenuLevel_C' with ClassGeneratedBy '/Game/Maps/MenuLevel.MenuLevel:PersistentLevel.MenuLevel'
[2017.03.17-09.09.45:619][475]LogRenderer: Reallocating scene render targets to support 1292x756 NumSamples 1 (Frame:465).
[2017.03.17-09.10.00:034][151]LogGameMode:Display: Match State Changed from InProgress to LeavingMap
[2017.03.17-09.10.00:034][151]LogGameState: Match State Changed from InProgress to LeavingMap
[2017.03.17-09.10.00:034][151]LogNet: Browse: /Game/Maps/Map1
[2017.03.17-09.10.00:034][151]LogLoad: LoadMap: /Game/Maps/Map1
[2017.03.17-09.10.00:081][151]Cmd: MEM
[2017.03.17-09.10.00:101][151]LogMemory: Platform Memory Stats for Windows
[2017.03.17-09.10.00:101][151]LogMemory: Process Physical Memory: 1414.23 MB used, 1535.45 MB peak
[2017.03.17-09.10.00:101][151]LogMemory: Process Virtual Memory: 1749.21 MB used, 1853.92 MB peak
[2017.03.17-09.10.00:101][151]LogMemory: Physical Memory: 5235.03 MB used,  2795.82 MB free, 8030.84 MB total
[2017.03.17-09.10.00:101][151]LogMemory: Virtual Memory: 2668.83 MB used,  2795.82 MB free, 134217728.00 MB total
[2017.03.17-09.10.00:101][151]LogMemory: 
[2017.03.17-09.10.00:101][151]Allocator Stats for TBB: (not implemented)
[2017.03.17-09.10.01:518][151]LogAIModule: Creating AISystem for world Map1
[2017.03.17-09.10.01:518][151]LogLoad: Game class is '2DSideScrollerGameMode_C'
[2017.03.17-09.10.01:526][151]LogWorld: Bringing World /Game/Maps/UEDPIE_0_Map1.Map1 up for play (max tick rate 0) at 2017.03.17-09.10.01
[2017.03.17-09.10.01:526][151]LogWorld: Bringing up level for play took: 0.007292
[2017.03.17-09.10.01:528][151]LogLoad: Took 1.493917 seconds to LoadMap(/Game/Maps/Map1)
[2017.03.17-09.10.05:951][393]LogBlueprintUserMessages: [SideOfWave_270] Hello
[2017.03.17-09.10.10:794][672]LogBlueprintUserMessages: [SideOfWave2] Hello
[2017.03.17-09.10.10:794][672]LogStreaming:Warning: Failed to read file '../../../../../../Users/Tristan/Documents/SuhDudeAll/SuhDude/Saved//SaveGames/HighScores.sav' error.
[2017.03.17-09.10.10:864][676]LogBlueprintUserMessages: [SideOfWave2] Hello
[2017.03.17-09.10.10:864][676]LogStreaming:Warning: Failed to read file '../../../../../../Users/Tristan/Documents/SuhDudeAll/SuhDude/Saved//SaveGames/HighScores.sav' error.
[2017.03.17-09.10.11:411][707]LogBlueprintUserMessages: [SideOfWave2] Hello
[2017.03.17-09.10.11:411][707]LogStreaming:Warning: Failed to read file '../../../../../../Users/Tristan/Documents/SuhDudeAll/SuhDude/Saved//SaveGames/HighScores.sav' error.
[2017.03.17-09.10.11:411][707]LogBlueprintUserMessages: [SideOfWave2] Hello
[2017.03.17-09.10.11:411][707]LogStreaming:Warning: Failed to read file '../../../../../../Users/Tristan/Documents/SuhDudeAll/SuhDude/Saved//SaveGames/HighScores.sav' error.
[2017.03.17-09.10.12:368][761]LogBlueprintUserMessages: [SideOfWave2] Hello
[2017.03.17-09.10.12:368][761]LogStreaming:Warning: Failed to read file '../../../../../../Users/Tristan/Documents/SuhDudeAll/SuhDude/Saved//SaveGames/HighScores.sav' error.
[2017.03.17-09.10.12:441][765]LogBlueprintUserMessages: [SideOfWave2] Hello
[2017.03.17-09.10.12:441][765]LogStreaming:Warning: Failed to read file '../../../../../../Users/Tristan/Documents/SuhDudeAll/SuhDude/Saved//SaveGames/HighScores.sav' error.
[2017.03.17-09.10.13:109][803]LogBlueprintUserMessages: [SideOfWave2] Hello
[2017.03.17-09.10.13:109][803]LogStreaming:Warning: Failed to read file '../../../../../../Users/Tristan/Documents/SuhDudeAll/SuhDude/Saved//SaveGames/HighScores.sav' error.
[2017.03.17-09.10.13:109][803]LogBlueprintUserMessages: [SideOfWave2] Hello
[2017.03.17-09.10.13:109][803]LogStreaming:Warning: Failed to read file '../../../../../../Users/Tristan/Documents/SuhDudeAll/SuhDude/Saved//SaveGames/HighScores.sav' error.
[2017.03.17-09.10.16:508][999]LogBlueprintUserMessages: [SideOfWave2] Hello
[2017.03.17-09.10.19:740][185]LogBlueprintUserMessages: [SideOfWave_270] Hello
[2017.03.17-09.10.19:740][185]LogStreaming:Warning: Failed to read file '../../../../../../Users/Tristan/Documents/SuhDudeAll/SuhDude/Saved//SaveGames/HighScores.sav' error.
[2017.03.17-09.10.19:812][189]LogBlueprintUserMessages: [SideOfWave_270] Hello
[2017.03.17-09.10.19:812][189]LogStreaming:Warning: Failed to read file '../../../../../../Users/Tristan/Documents/SuhDudeAll/SuhDude/Saved//SaveGames/HighScores.sav' error.
[2017.03.17-09.10.21:396][277]LogBlueprintUserMessages: [SideOfWave_270] Hello
[2017.03.17-09.10.21:396][277]LogStreaming:Warning: Failed to read file '../../../../../../Users/Tristan/Documents/SuhDudeAll/SuhDude/Saved//SaveGames/HighScores.sav' error.
[2017.03.17-09.10.23:481][397]LogBlueprintUserMessages: [SideOfWave2] Hello
[2017.03.17-09.10.27:120][608]LogStreaming:Warning: Failed to read file '../../../../../../Users/Tristan/Documents/SuhDudeAll/SuhDude/Saved//SaveGames/HighScores.sav' error.
[2017.03.17-09.10.28:564][692]LogStreaming:Warning: Failed to read file '../../../../../../Users/Tristan/Documents/SuhDudeAll/SuhDude/Saved//SaveGames/HighScores.sav' error.
[2017.03.17-09.10.30:548][807]LogBlueprintUserMessages: Early EndPlayMap Detection: Level '/Game/Maps/MenuLevel.MenuLevel:PersistentLevel' has LevelScriptBlueprint '/Game/Maps/MenuLevel.MenuLevel:PersistentLevel.MenuLevel' with GeneratedClass '/Game/Maps/MenuLevel.MenuLevel_C' with ClassGeneratedBy '/Game/Maps/MenuLevel.MenuLevel:PersistentLevel.MenuLevel'
[2017.03.17-09.10.30:632][807]LogBlueprintUserMessages: Late EndPlayMap Detection: Level '/Game/Maps/MenuLevel.MenuLevel:PersistentLevel' has LevelScriptBlueprint '/Game/Maps/MenuLevel.MenuLevel:PersistentLevel.MenuLevel' with GeneratedClass '/Game/Maps/MenuLevel.MenuLevel_C' with ClassGeneratedBy '/Game/Maps/MenuLevel.MenuLevel:PersistentLevel.MenuLevel'
[2017.03.17-09.10.39:307][329]LogContentBrowser: Native class hierarchy updated for 'BlueprintGraph' in 0.0023 seconds. Added 111 classes and 0 folders.
[2017.03.17-09.12.00:508][350]BlueprintLog: New page: Collapse to Macro
[2017.03.17-09.12.10:395][453]LogEditorTransaction: Undo Move Node
[2017.03.17-09.12.11:115][500]LogEditorTransaction: Undo Collapses selected nodes into a single node
[2017.03.17-09.12.18:652][303]BlueprintLog: New page: Collapse to Macro
[2017.03.17-09.12.34:096][973]BlueprintLog: New page: Compile PlayerCharacter
[2017.03.17-09.16.22:347][382]LogSlate:Warning: Prevented a slow task dialog from being summoned while a context menu was open
[2017.03.17-09.17.26:830][914]Cmd: OBJ SAVEPACKAGE PACKAGE="/Game/Blueprints/PlayerCharacter" FILE="../../../../../../Users/Tristan/Documents/SuhDudeAll/SuhDude/Content/Blueprints/PlayerCharacter.uasset" SILENT=true
[2017.03.17-09.17.27:504][914]LogSavePackage: Save=90.10ms
[2017.03.17-09.17.27:504][914]LogSavePackage: Moving '../../../../../../Users/Tristan/Documents/SuhDudeAll/SuhDude/Saved/PlayerCharacter6C4B5A184CEB0E2BED9B41AB165ECE9A.tmp' to '../../../../../../Users/Tristan/Documents/SuhDudeAll/SuhDude/Content/Blueprints/PlayerCharacter.uasset'
[2017.03.17-09.17.27:507][914]LogSavePackage:Display: Finished SavePackage ../../../../../../Users/Tristan/Documents/SuhDudeAll/SuhDude/Content/Blueprints/PlayerCharacter.uasset
[2017.03.17-09.17.27:512][914]Cmd: MAP LOAD FILE="../../../../../../Users/Tristan/Documents/SuhDudeAll/SuhDude/Content/Maps/Map1.umap" TEMPLATE=0 SHOWPROGRESS=1 FEATURELEVEL=3
[2017.03.17-09.17.27:529][914]LightingResults: New page: Lighting Build
[2017.03.17-09.17.27:531][914]LoadErrors: New page: Loading map: Map1.umap
[2017.03.17-09.17.27:542][914]MapCheck: New page: Map Check
[2017.03.17-09.17.27:542][914]LightingResults: New page: Lighting Build
[2017.03.17-09.17.27:744][914]LogAIModule: Creating AISystem for world Map1
[2017.03.17-09.17.27:802][914]LogEditorServer: Finished looking for orphan Actors (0.000 secs)
[2017.03.17-09.17.27:848][914]Cmd: MAP CHECKDEP NOCLEARLOG
[2017.03.17-09.17.27:910][914]MapCheck: Info Map check complete: 0 Error(s), 0 Warning(s), took 61.499ms to complete.
[2017.03.17-09.17.27:910][914]LogFileHelpers: Loading map 'Map1' took 0.399
[2017.03.17-09.17.53:030][461]LogSlate:Warning: Prevented a slow task dialog from being summoned while a context menu was open
[2017.03.17-09.22.37:659][801]LogMetaData: Removing '/Game/MySaveGame.MySaveGame_C' ref from Metadata '/Game/SaveGame.PackageMetaData'
[2017.03.17-09.22.37:659][801]LogMetaData: Removing '/Game/MySaveGame.SKEL_MySaveGame_C' ref from Metadata '/Game/SaveGame.PackageMetaData'
[2017.03.17-09.22.37:767][801]Cmd: OBJ SAVEPACKAGE PACKAGE="/Game/MySaveGame" FILE="../../../../../../Users/Tristan/Documents/SuhDudeAll/SuhDude/Content/MySaveGame.uasset" SILENT=true
[2017.03.17-09.22.37:777][801]LogSavePackage: Save=7.68ms
[2017.03.17-09.22.37:777][801]LogSavePackage: Moving '../../../../../../Users/Tristan/Documents/SuhDudeAll/SuhDude/Saved/MySaveGameCD28B5C5427977AD731650A0EBF02BA9.tmp' to '../../../../../../Users/Tristan/Documents/SuhDudeAll/SuhDude/Content/MySaveGame.uasset'
[2017.03.17-09.22.37:792][801]LogSavePackage:Display: Finished SavePackage ../../../../../../Users/Tristan/Documents/SuhDudeAll/SuhDude/Content/MySaveGame.uasset
[2017.03.17-09.22.41:461][141]LogSlate:Warning: Prevented a slow task dialog from being summoned while a context menu was open
[2017.03.17-09.25.03:789][493]LogEditorTransaction: Undo Create Pin Link
[2017.03.17-09.25.04:055][503]LogEditorTransaction: Undo Delete current selection
[2017.03.17-09.25.05:059][612]LogEditorTransaction: Undo Move Nodes
[2017.03.17-09.25.26:356][963]BlueprintLog: New page: Compile 2DSideScrollerGameMode
[2017.03.17-09.27.35:211][696]BlueprintLog: New page: Compile 2DSideScrollerGameMode
[2017.03.17-09.28.01:531][970]Cmd: OBJ SAVEPACKAGE PACKAGE="/Game/Maps/Map1" FILE="../../../../../../Users/Tristan/Documents/SuhDudeAll/SuhDude/Saved/Autosaves/Game/Maps/Map1_Auto1.umap" SILENT=true AUTOSAVING=true KEEPDIRTY=false
[2017.03.17-09.28.01:727][970]LogSavePackage: Save=164.12ms
[2017.03.17-09.28.01:727][970]LogSavePackage: Moving '../../../../../../Users/Tristan/Documents/SuhDudeAll/SuhDude/Saved/Map1_Auto1DF5978F3431CF0E342B378B44BA6B16B.tmp' to '../../../../../../Users/Tristan/Documents/SuhDudeAll/SuhDude/Saved/Autosaves/Game/Maps/Map1_Auto1.umap'
[2017.03.17-09.28.01:730][970]LogSavePackage:Display: Finished SavePackage ../../../../../../Users/Tristan/Documents/SuhDudeAll/SuhDude/Saved/Autosaves/Game/Maps/Map1_Auto1.umap
[2017.03.17-09.28.01:808][970]LogFileHelpers: Editor autosave (incl. sublevels) for '/Game/Maps/Map1' took 0.386
[2017.03.17-09.28.01:808][970]LogFileHelpers: Editor autosave (incl. sublevels) for all levels took 0.386
[2017.03.17-09.28.01:823][970]OBJ SavePackage: Generating thumbnails for [0] asset(s) in package [/Game/Blueprints/2DSideScrollerGameMode] ([1] browsable assets)...
[2017.03.17-09.28.01:823][970]OBJ SavePackage: Finished generating thumbnails for package [/Game/Blueprints/2DSideScrollerGameMode]
[2017.03.17-09.28.01:882][970]LogSavePackage: Save=30.71ms
[2017.03.17-09.28.01:882][970]LogSavePackage: Moving '../../../../../../Users/Tristan/Documents/SuhDudeAll/SuhDude/Saved/2DSideScrollerGameMode_Auto17C01670D4F91D89D6184EBB57A588A76.tmp' to '../../../../../../Users/Tristan/Documents/SuhDudeAll/SuhDude/Saved/Autosaves/Game/Blueprints/2DSideScrollerGameMode_Auto1.uasset'
[2017.03.17-09.28.01:895][970]LogSavePackage:Display: Finished SavePackage ../../../../../../Users/Tristan/Documents/SuhDudeAll/SuhDude/Saved/Autosaves/Game/Blueprints/2DSideScrollerGameMode_Auto1.uasset
[2017.03.17-09.28.01:895][970]LogFileHelpers: Auto-saving content packages took 0.084
[2017.03.17-09.34.59:594][  0]BlueprintLog: New page: Compile 2DSideScrollerGameMode
[2017.03.17-09.37.40:502][360]BlueprintLog: New page: Compile 2DSideScrollerGameMode
[2017.03.17-09.37.44:886][769]LogTemp: Repeting last play command: New Editor Window (PIE)
[2017.03.17-09.37.44:911][769]LogBlueprintUserMessages: Early PlayInEditor Detection: Level '/Game/Maps/Map1.Map1:PersistentLevel' has LevelScriptBlueprint '/Game/Maps/Map1.Map1:PersistentLevel.Map1' with GeneratedClass '/Game/Maps/Map1.Map1_C' with ClassGeneratedBy '/Game/Maps/Map1.Map1:PersistentLevel.Map1'
[2017.03.17-09.37.44:911][769]BlueprintLog: New page: Pre-Play auto-recompile
[2017.03.17-09.37.44:938][769]LogPlayLevel: [PlayLevel] Compiling MySaveGame before play...
[2017.03.17-09.37.45:087][769]LogPlayLevel: PlayLevel: Blueprint regeneration took 175 ms (1 blueprints)
[2017.03.17-09.37.45:087][769]PIE: New page: PIE session: Map1 (17 Mar 2017 09:37:45)
[2017.03.17-09.37.45:088][769]LogPlayLevel: Creating play world package: /Game/Maps/UEDPIE_0_Map1
[2017.03.17-09.37.45:101][769]LogPlayLevel: PIE: StaticDuplicateObject took: (0.013249s)
[2017.03.17-09.37.45:102][769]LogAIModule: Creating AISystem for world Map1
[2017.03.17-09.37.45:102][769]LogPlayLevel: PIE: World Init took: (0.000984s)
[2017.03.17-09.37.45:102][769]LogPlayLevel: PIE: Created PIE world by copying editor world from /Game/Maps/Map1.Map1 to /Game/Maps/UEDPIE_0_Map1.Map1 (0.014549s)
[2017.03.17-09.37.45:142][769]LogInit: XAudio2 using 'Speaker/HP (Realtek High Definition Audio)' : 2 channels at 48 kHz using 32 bits per sample (channel mask 0x3)
[2017.03.17-09.37.45:152][769]LogInit: FAudioDevice initialized.
[2017.03.17-09.37.45:204][769]LogLoad: Game class is '2DSideScrollerGameMode_C'
[2017.03.17-09.37.45:208][769]LogWorld: Bringing World /Game/Maps/UEDPIE_0_Map1.Map1 up for play (max tick rate 0) at 2017.03.17-09.37.45
[2017.03.17-09.37.45:208][769]LogWorld: Bringing up level for play took: 0.002911
[2017.03.17-09.37.45:214][769]PIE: Info Play in editor start time for /Game/Maps/UEDPIE_0_Map1 -0.146
[2017.03.17-09.37.45:214][769]LogBlueprintUserMessages: Late PlayInEditor Detection: Level '/Game/Maps/Map1.Map1:PersistentLevel' has LevelScriptBlueprint '/Game/Maps/Map1.Map1:PersistentLevel.Map1' with GeneratedClass '/Game/Maps/Map1.Map1_C' with ClassGeneratedBy '/Game/Maps/Map1.Map1:PersistentLevel.Map1'
[2017.03.17-09.37.48:743][968]LogBlueprintUserMessages: [SideOfWave2] Hello
[2017.03.17-09.37.49:635][ 20]LogBlueprintUserMessages: [SideOfWave2] Hello
[2017.03.17-09.37.58:560][540]LogBlueprintUserMessages: [SideOfWave2] Hello
[2017.03.17-09.38.01:028][683]LogBlueprintUserMessages: [SideOfWave2] Hello
[2017.03.17-09.38.06:383][995]LogBlueprintUserMessages: [SideOfWave2] Hello
[2017.03.17-09.38.13:247][394]LogBlueprintUserMessages: [SideOfWave_270] Hello
[2017.03.17-09.38.22:811][951]LogBlueprintUserMessages: [SideOfWave2] Hello
[2017.03.17-09.38.25:000][ 78]LogBlueprintUserMessages: [SideOfWave_270] Hello
[2017.03.17-09.38.27:076][199]LogBlueprintUserMessages: [SideOfWave2] Hello
[2017.03.17-09.38.34:185][610]LogBlueprintUserMessages: [SideOfWave_270] Hello
[2017.03.17-09.38.38:713][873]LogBlueprintUserMessages: Early EndPlayMap Detection: Level '/Game/Maps/Map1.Map1:PersistentLevel' has LevelScriptBlueprint '/Game/Maps/Map1.Map1:PersistentLevel.Map1' with GeneratedClass '/Game/Maps/Map1.Map1_C' with ClassGeneratedBy '/Game/Maps/Map1.Map1:PersistentLevel.Map1'
[2017.03.17-09.38.38:792][873]LogBlueprintUserMessages: Late EndPlayMap Detection: Level '/Game/Maps/Map1.Map1:PersistentLevel' has LevelScriptBlueprint '/Game/Maps/Map1.Map1:PersistentLevel.Map1' with GeneratedClass '/Game/Maps/Map1.Map1_C' with ClassGeneratedBy '/Game/Maps/Map1.Map1:PersistentLevel.Map1'
[2017.03.17-09.39.04:356][ 77]Cmd: OBJ SAVEPACKAGE PACKAGE="/Game/Maps/Map1" FILE="../../../../../../Users/Tristan/Documents/SuhDudeAll/SuhDude/Saved/Autosaves/Game/Maps/Map1_Auto2.umap" SILENT=true AUTOSAVING=true KEEPDIRTY=false
[2017.03.17-09.39.04:527][ 77]LogSavePackage: Save=144.60ms
[2017.03.17-09.39.04:527][ 77]LogSavePackage: Moving '../../../../../../Users/Tristan/Documents/SuhDudeAll/SuhDude/Saved/Map1_Auto200B278FC46A04342A8E3D8A31CBCC0FB.tmp' to '../../../../../../Users/Tristan/Documents/SuhDudeAll/SuhDude/Saved/Autosaves/Game/Maps/Map1_Auto2.umap'
[2017.03.17-09.39.04:530][ 77]LogSavePackage:Display: Finished SavePackage ../../../../../../Users/Tristan/Documents/SuhDudeAll/SuhDude/Saved/Autosaves/Game/Maps/Map1_Auto2.umap
[2017.03.17-09.39.04:533][ 77]LogFileHelpers: Editor autosave (incl. sublevels) for '/Game/Maps/Map1' took 0.261
[2017.03.17-09.39.04:533][ 77]LogFileHelpers: Editor autosave (incl. sublevels) for all levels took 0.261
[2017.03.17-09.39.04:536][ 77]OBJ SavePackage: Generating thumbnails for [0] asset(s) in package [/Game/Blueprints/2DSideScrollerGameMode] ([1] browsable assets)...
[2017.03.17-09.39.04:537][ 77]OBJ SavePackage: Finished generating thumbnails for package [/Game/Blueprints/2DSideScrollerGameMode]
[2017.03.17-09.39.04:590][ 77]LogSavePackage: Save=31.12ms
[2017.03.17-09.39.04:590][ 77]LogSavePackage: Moving '../../../../../../Users/Tristan/Documents/SuhDudeAll/SuhDude/Saved/2DSideScrollerGameMode_Auto2FE8B15E2444D673E9406D590BC921D3B.tmp' to '../../../../../../Users/Tristan/Documents/SuhDudeAll/SuhDude/Saved/Autosaves/Game/Blueprints/2DSideScrollerGameMode_Auto2.uasset'
[2017.03.17-09.39.04:606][ 77]LogSavePackage:Display: Finished SavePackage ../../../../../../Users/Tristan/Documents/SuhDudeAll/SuhDude/Saved/Autosaves/Game/Blueprints/2DSideScrollerGameMode_Auto2.uasset
[2017.03.17-09.39.04:607][ 77]OBJ SavePackage: Generating thumbnails for [0] asset(s) in package [/Game/MySaveGame] ([1] browsable assets)...
[2017.03.17-09.39.04:607][ 77]OBJ SavePackage: Finished generating thumbnails for package [/Game/MySaveGame]
[2017.03.17-09.39.04:607][ 77]Cmd: OBJ SAVEPACKAGE PACKAGE="/Game/MySaveGame" FILE="../../../../../../Users/Tristan/Documents/SuhDudeAll/SuhDude/Saved/Autosaves/Game/MySaveGame_Auto2.uasset" SILENT=false AUTOSAVING=true
[2017.03.17-09.39.04:634][ 77]LogSavePackage: Save=12.10ms
[2017.03.17-09.39.04:634][ 77]LogSavePackage: Moving '../../../../../../Users/Tristan/Documents/SuhDudeAll/SuhDude/Saved/MySaveGame_Auto21A3F47F940C730A0C5230385E6166275.tmp' to '../../../../../../Users/Tristan/Documents/SuhDudeAll/SuhDude/Saved/Autosaves/Game/MySaveGame_Auto2.uasset'
[2017.03.17-09.39.04:636][ 77]LogSavePackage:Display: Finished SavePackage ../../../../../../Users/Tristan/Documents/SuhDudeAll/SuhDude/Saved/Autosaves/Game/MySaveGame_Auto2.uasset
[2017.03.17-09.39.04:636][ 77]LogFileHelpers: Auto-saving content packages took 0.101
[2017.03.17-09.40.27:754][ 18]BlueprintLog: New page: Compile Menu
[2017.03.17-09.40.27:890][ 18]BlueprintEditorCompileResults: Info The execution path doesn't end with a return node.  else
[2017.03.17-09.40.27:890][ 18]BlueprintEditorCompileResults: Info The execution path doesn't end with a return node.  CastFailed
[2017.03.17-09.40.49:303][172]Cmd: OBJ SAVEPACKAGE PACKAGE="/Game/Blueprints/2DSideScrollerGameMode" FILE="../../../../../../Users/Tristan/Documents/SuhDudeAll/SuhDude/Content/Blueprints/2DSideScrollerGameMode.uasset" SILENT=true
[2017.03.17-09.40.49:363][172]LogSavePackage: Save=33.44ms
[2017.03.17-09.40.49:364][172]LogSavePackage: Moving '../../../../../../Users/Tristan/Documents/SuhDudeAll/SuhDude/Saved/2DSideScrollerGameMode8B2F47FC4A2B0DD3AC74548EE8B8E4C8.tmp' to '../../../../../../Users/Tristan/Documents/SuhDudeAll/SuhDude/Content/Blueprints/2DSideScrollerGameMode.uasset'
[2017.03.17-09.40.49:370][172]LogSavePackage:Display: Finished SavePackage ../../../../../../Users/Tristan/Documents/SuhDudeAll/SuhDude/Content/Blueprints/2DSideScrollerGameMode.uasset
[2017.03.17-09.40.49:458][172]Cmd: OBJ SAVEPACKAGE PACKAGE="/Game/Maps/Map1" FILE="../../../../../../Users/Tristan/Documents/SuhDudeAll/SuhDude/Content/Maps/Map1.umap" SILENT=true AUTOSAVING=false KEEPDIRTY=false
[2017.03.17-09.40.49:693][172]LogSavePackage: Save=158.28ms
[2017.03.17-09.40.49:693][172]LogSavePackage: Moving '../../../../../../Users/Tristan/Documents/SuhDudeAll/SuhDude/Saved/Map1D1926B1D4D8A41F490781680BD6CFF0C.tmp' to '../../../../../../Users/Tristan/Documents/SuhDudeAll/SuhDude/Content/Maps/Map1.umap'
[2017.03.17-09.40.49:700][172]LogSavePackage:Display: Finished SavePackage ../../../../../../Users/Tristan/Documents/SuhDudeAll/SuhDude/Content/Maps/Map1.umap
[2017.03.17-09.40.49:739][172]LogFileHelpers: Saving map 'Map1' took 0.349
[2017.03.17-09.40.49:746][172]Cmd: OBJ SAVEPACKAGE PACKAGE="/Game/Menus/MainMenu/Menu" FILE="../../../../../../Users/Tristan/Documents/SuhDudeAll/SuhDude/Content/Menus/MainMenu/Menu.uasset" SILENT=true
[2017.03.17-09.40.49:807][172]LogSavePackage: Save=40.88ms
[2017.03.17-09.40.49:807][172]LogSavePackage: Moving '../../../../../../Users/Tristan/Documents/SuhDudeAll/SuhDude/Saved/MenuDB6092CB45FD8A6201C91186A3DBF4FC.tmp' to '../../../../../../Users/Tristan/Documents/SuhDudeAll/SuhDude/Content/Menus/MainMenu/Menu.uasset'
[2017.03.17-09.40.49:810][172]LogSavePackage:Display: Finished SavePackage ../../../../../../Users/Tristan/Documents/SuhDudeAll/SuhDude/Content/Menus/MainMenu/Menu.uasset
[2017.03.17-09.40.49:817][172]Cmd: OBJ SAVEPACKAGE PACKAGE="/Game/MySaveGame" FILE="../../../../../../Users/Tristan/Documents/SuhDudeAll/SuhDude/Content/MySaveGame.uasset" SILENT=true
[2017.03.17-09.40.49:844][172]LogSavePackage: Save=11.96ms
[2017.03.17-09.40.49:844][172]LogSavePackage: Moving '../../../../../../Users/Tristan/Documents/SuhDudeAll/SuhDude/Saved/MySaveGameBE0ECDD64B42EB52E95F44A4CF4009B8.tmp' to '../../../../../../Users/Tristan/Documents/SuhDudeAll/SuhDude/Content/MySaveGame.uasset'
[2017.03.17-09.40.49:848][172]LogSavePackage:Display: Finished SavePackage ../../../../../../Users/Tristan/Documents/SuhDudeAll/SuhDude/Content/MySaveGame.uasset
[2017.03.17-09.40.49:855][172]Cmd: MAP LOAD FILE="../../../../../../Users/Tristan/Documents/SuhDudeAll/SuhDude/Content/Maps/MenuLevel.umap" TEMPLATE=0 SHOWPROGRESS=1 FEATURELEVEL=3
[2017.03.17-09.40.49:867][172]LightingResults: New page: Lighting Build
[2017.03.17-09.40.49:868][172]LoadErrors: New page: Loading map: MenuLevel.umap
[2017.03.17-09.40.49:869][172]MapCheck: New page: Map Check
[2017.03.17-09.40.49:869][172]LightingResults: New page: Lighting Build
[2017.03.17-09.40.49:992][172]LogAIModule: Creating AISystem for world MenuLevel
[2017.03.17-09.40.50:012][172]LogEditorServer: Finished looking for orphan Actors (0.000 secs)
[2017.03.17-09.40.50:050][172]Cmd: MAP CHECKDEP NOCLEARLOG
[2017.03.17-09.40.50:110][172]MapCheck: Info Map check complete: 0 Error(s), 0 Warning(s), took 60.384ms to complete.
[2017.03.17-09.40.50:111][172]LogFileHelpers: Loading map 'MenuLevel' took 0.257
[2017.03.17-09.40.51:382][271]LogTemp: Repeting last play command: New Editor Window (PIE)
[2017.03.17-09.40.51:427][271]LogBlueprintUserMessages: Early PlayInEditor Detection: Level '/Game/Maps/MenuLevel.MenuLevel:PersistentLevel' has LevelScriptBlueprint '/Game/Maps/MenuLevel.MenuLevel:PersistentLevel.MenuLevel' with GeneratedClass '/Game/Maps/MenuLevel.MenuLevel_C' with ClassGeneratedBy '/Game/Maps/MenuLevel.MenuLevel:PersistentLevel.MenuLevel'
[2017.03.17-09.40.51:427][271]LogPlayLevel: PlayLevel: No blueprints needed recompiling
[2017.03.17-09.40.51:427][271]PIE: New page: PIE session: MenuLevel (17 Mar 2017 09:40:51)
[2017.03.17-09.40.51:428][271]LogPlayLevel: Creating play world package: /Game/Maps/UEDPIE_0_MenuLevel
[2017.03.17-09.40.51:431][271]LogPlayLevel: PIE: StaticDuplicateObject took: (0.002729s)
[2017.03.17-09.40.51:432][271]LogAIModule: Creating AISystem for world MenuLevel
[2017.03.17-09.40.51:432][271]LogPlayLevel: PIE: World Init took: (0.001230s)
[2017.03.17-09.40.51:432][271]LogPlayLevel: PIE: Created PIE world by copying editor world from /Game/Maps/MenuLevel.MenuLevel to /Game/Maps/UEDPIE_0_MenuLevel.MenuLevel (0.004297s)
[2017.03.17-09.40.51:471][271]LogInit: XAudio2 using 'Speaker/HP (Realtek High Definition Audio)' : 2 channels at 48 kHz using 32 bits per sample (channel mask 0x3)
[2017.03.17-09.40.51:481][271]LogInit: FAudioDevice initialized.
[2017.03.17-09.40.51:527][271]LogLoad: Game class is 'MenuGameMode_C'
[2017.03.17-09.40.51:528][271]LogWorld: Bringing World /Game/Maps/UEDPIE_0_MenuLevel.MenuLevel up for play (max tick rate 0) at 2017.03.17-09.40.51
[2017.03.17-09.40.51:529][271]LogWorld: Bringing up level for play took: 0.001377
[2017.03.17-09.40.51:530][271]LogGameMode:Display: Match State Changed from EnteringMap to WaitingToStart
[2017.03.17-09.40.51:530][271]LogGameState: Match State Changed from EnteringMap to WaitingToStart
[2017.03.17-09.40.51:530][271]LogGameMode:Display: Match State Changed from WaitingToStart to InProgress
[2017.03.17-09.40.51:531][271]LogGameState: Match State Changed from WaitingToStart to InProgress
[2017.03.17-09.40.51:535][271]PIE: Info Play in editor start time for /Game/Maps/UEDPIE_0_MenuLevel 0.176
[2017.03.17-09.40.51:536][271]LogBlueprintUserMessages: Late PlayInEditor Detection: Level '/Game/Maps/MenuLevel.MenuLevel:PersistentLevel' has LevelScriptBlueprint '/Game/Maps/MenuLevel.MenuLevel:PersistentLevel.MenuLevel' with GeneratedClass '/Game/Maps/MenuLevel.MenuLevel_C' with ClassGeneratedBy '/Game/Maps/MenuLevel.MenuLevel:PersistentLevel.MenuLevel'
[2017.03.17-09.40.57:250][537]LogBlueprintUserMessages: Early EndPlayMap Detection: Level '/Game/Maps/MenuLevel.MenuLevel:PersistentLevel' has LevelScriptBlueprint '/Game/Maps/MenuLevel.MenuLevel:PersistentLevel.MenuLevel' with GeneratedClass '/Game/Maps/MenuLevel.MenuLevel_C' with ClassGeneratedBy '/Game/Maps/MenuLevel.MenuLevel:PersistentLevel.MenuLevel'
[2017.03.17-09.40.57:290][537]LogBlueprintUserMessages: Late EndPlayMap Detection: Level '/Game/Maps/MenuLevel.MenuLevel:PersistentLevel' has LevelScriptBlueprint '/Game/Maps/MenuLevel.MenuLevel:PersistentLevel.MenuLevel' with GeneratedClass '/Game/Maps/MenuLevel.MenuLevel_C' with ClassGeneratedBy '/Game/Maps/MenuLevel.MenuLevel:PersistentLevel.MenuLevel'
[2017.03.17-09.41.09:625][374]LogTemp: Repeting last play command: New Editor Window (PIE)
[2017.03.17-09.41.09:654][374]LogBlueprintUserMessages: Early PlayInEditor Detection: Level '/Game/Maps/MenuLevel.MenuLevel:PersistentLevel' has LevelScriptBlueprint '/Game/Maps/MenuLevel.MenuLevel:PersistentLevel.MenuLevel' with GeneratedClass '/Game/Maps/MenuLevel.MenuLevel_C' with ClassGeneratedBy '/Game/Maps/MenuLevel.MenuLevel:PersistentLevel.MenuLevel'
[2017.03.17-09.41.09:654][374]LogPlayLevel: PlayLevel: No blueprints needed recompiling
[2017.03.17-09.41.09:655][374]PIE: New page: PIE session: MenuLevel (17 Mar 2017 09:41:09)
[2017.03.17-09.41.09:655][374]LogPlayLevel: Creating play world package: /Game/Maps/UEDPIE_0_MenuLevel
[2017.03.17-09.41.09:658][374]LogPlayLevel: PIE: StaticDuplicateObject took: (0.002755s)
[2017.03.17-09.41.09:659][374]LogAIModule: Creating AISystem for world MenuLevel
[2017.03.17-09.41.09:659][374]LogPlayLevel: PIE: World Init took: (0.001170s)
[2017.03.17-09.41.09:659][374]LogPlayLevel: PIE: Created PIE world by copying editor world from /Game/Maps/MenuLevel.MenuLevel to /Game/Maps/UEDPIE_0_MenuLevel.MenuLevel (0.004324s)
[2017.03.17-09.41.09:699][374]LogInit: XAudio2 using 'Speaker/HP (Realtek High Definition Audio)' : 2 channels at 48 kHz using 32 bits per sample (channel mask 0x3)
[2017.03.17-09.41.09:708][374]LogInit: FAudioDevice initialized.
[2017.03.17-09.41.09:749][374]LogLoad: Game class is 'MenuGameMode_C'
[2017.03.17-09.41.09:752][374]LogWorld: Bringing World /Game/Maps/UEDPIE_0_MenuLevel.MenuLevel up for play (max tick rate 0) at 2017.03.17-09.41.09
[2017.03.17-09.41.09:752][374]LogWorld: Bringing up level for play took: 0.003201
[2017.03.17-09.41.09:753][374]LogGameMode:Display: Match State Changed from EnteringMap to WaitingToStart
[2017.03.17-09.41.09:753][374]LogGameState: Match State Changed from EnteringMap to WaitingToStart
[2017.03.17-09.41.09:753][374]LogGameMode:Display: Match State Changed from WaitingToStart to InProgress
[2017.03.17-09.41.09:755][374]LogGameState: Match State Changed from WaitingToStart to InProgress
[2017.03.17-09.41.09:758][374]PIE: Info Play in editor start time for /Game/Maps/UEDPIE_0_MenuLevel 0.398
[2017.03.17-09.41.09:758][374]LogBlueprintUserMessages: Late PlayInEditor Detection: Level '/Game/Maps/MenuLevel.MenuLevel:PersistentLevel' has LevelScriptBlueprint '/Game/Maps/MenuLevel.MenuLevel:PersistentLevel.MenuLevel' with GeneratedClass '/Game/Maps/MenuLevel.MenuLevel_C' with ClassGeneratedBy '/Game/Maps/MenuLevel.MenuLevel:PersistentLevel.MenuLevel'
[2017.03.17-09.41.12:077][480]LogBlueprintUserMessages: Early EndPlayMap Detection: Level '/Game/Maps/MenuLevel.MenuLevel:PersistentLevel' has LevelScriptBlueprint '/Game/Maps/MenuLevel.MenuLevel:PersistentLevel.MenuLevel' with GeneratedClass '/Game/Maps/MenuLevel.MenuLevel_C' with ClassGeneratedBy '/Game/Maps/MenuLevel.MenuLevel:PersistentLevel.MenuLevel'
[2017.03.17-09.41.12:114][480]LogBlueprintUserMessages: Late EndPlayMap Detection: Level '/Game/Maps/MenuLevel.MenuLevel:PersistentLevel' has LevelScriptBlueprint '/Game/Maps/MenuLevel.MenuLevel:PersistentLevel.MenuLevel' with GeneratedClass '/Game/Maps/MenuLevel.MenuLevel_C' with ClassGeneratedBy '/Game/Maps/MenuLevel.MenuLevel:PersistentLevel.MenuLevel'
[2017.03.17-09.41.20:390][351]BlueprintLog: New page: Compile 2DSideScrollerGameMode
[2017.03.17-09.41.37:726][255]BlueprintLog: New page: Compile 2DSideScrollerGameMode
[2017.03.17-09.41.48:542][417]BlueprintLog: New page: Compile 2DSideScrollerGameMode
[2017.03.17-09.41.59:313][606]LogTemp: Repeting last play command: New Editor Window (PIE)
[2017.03.17-09.41.59:345][606]LogBlueprintUserMessages: Early PlayInEditor Detection: Level '/Game/Maps/MenuLevel.MenuLevel:PersistentLevel' has LevelScriptBlueprint '/Game/Maps/MenuLevel.MenuLevel:PersistentLevel.MenuLevel' with GeneratedClass '/Game/Maps/MenuLevel.MenuLevel_C' with ClassGeneratedBy '/Game/Maps/MenuLevel.MenuLevel:PersistentLevel.MenuLevel'
[2017.03.17-09.41.59:345][606]LogPlayLevel: PlayLevel: No blueprints needed recompiling
[2017.03.17-09.41.59:345][606]PIE: New page: PIE session: MenuLevel (17 Mar 2017 09:41:59)
[2017.03.17-09.41.59:346][606]LogPlayLevel: Creating play world package: /Game/Maps/UEDPIE_0_MenuLevel
[2017.03.17-09.41.59:348][606]LogPlayLevel: PIE: StaticDuplicateObject took: (0.002638s)
[2017.03.17-09.41.59:349][606]LogAIModule: Creating AISystem for world MenuLevel
[2017.03.17-09.41.59:350][606]LogPlayLevel: PIE: World Init took: (0.001239s)
[2017.03.17-09.41.59:350][606]LogPlayLevel: PIE: Created PIE world by copying editor world from /Game/Maps/MenuLevel.MenuLevel to /Game/Maps/UEDPIE_0_MenuLevel.MenuLevel (0.004273s)
[2017.03.17-09.41.59:390][606]LogInit: XAudio2 using 'Speaker/HP (Realtek High Definition Audio)' : 2 channels at 48 kHz using 32 bits per sample (channel mask 0x3)
[2017.03.17-09.41.59:399][606]LogInit: FAudioDevice initialized.
[2017.03.17-09.41.59:446][606]LogLoad: Game class is 'MenuGameMode_C'
[2017.03.17-09.41.59:448][606]LogWorld: Bringing World /Game/Maps/UEDPIE_0_MenuLevel.MenuLevel up for play (max tick rate 0) at 2017.03.17-09.41.59
[2017.03.17-09.41.59:448][606]LogWorld: Bringing up level for play took: 0.001773
[2017.03.17-09.41.59:449][606]LogGameMode:Display: Match State Changed from EnteringMap to WaitingToStart
[2017.03.17-09.41.59:449][606]LogGameState: Match State Changed from EnteringMap to WaitingToStart
[2017.03.17-09.41.59:449][606]LogGameMode:Display: Match State Changed from WaitingToStart to InProgress
[2017.03.17-09.41.59:459][606]LogGameState: Match State Changed from WaitingToStart to InProgress
[2017.03.17-09.41.59:463][606]PIE: Info Play in editor start time for /Game/Maps/UEDPIE_0_MenuLevel 0.103
[2017.03.17-09.41.59:464][606]LogBlueprintUserMessages: Late PlayInEditor Detection: Level '/Game/Maps/MenuLevel.MenuLevel:PersistentLevel' has LevelScriptBlueprint '/Game/Maps/MenuLevel.MenuLevel:PersistentLevel.MenuLevel' with GeneratedClass '/Game/Maps/MenuLevel.MenuLevel_C' with ClassGeneratedBy '/Game/Maps/MenuLevel.MenuLevel:PersistentLevel.MenuLevel'
[2017.03.17-09.42.00:913][671]LogBlueprintUserMessages: Early EndPlayMap Detection: Level '/Game/Maps/MenuLevel.MenuLevel:PersistentLevel' has LevelScriptBlueprint '/Game/Maps/MenuLevel.MenuLevel:PersistentLevel.MenuLevel' with GeneratedClass '/Game/Maps/MenuLevel.MenuLevel_C' with ClassGeneratedBy '/Game/Maps/MenuLevel.MenuLevel:PersistentLevel.MenuLevel'
[2017.03.17-09.42.00:942][671]LogBlueprintUserMessages: Late EndPlayMap Detection: Level '/Game/Maps/MenuLevel.MenuLevel:PersistentLevel' has LevelScriptBlueprint '/Game/Maps/MenuLevel.MenuLevel:PersistentLevel.MenuLevel' with GeneratedClass '/Game/Maps/MenuLevel.MenuLevel_C' with ClassGeneratedBy '/Game/Maps/MenuLevel.MenuLevel:PersistentLevel.MenuLevel'
[2017.03.17-09.42.21:639][531]BlueprintLog: New page: Compile Spawner
[2017.03.17-09.42.23:495][672]LogTemp: Repeting last play command: New Editor Window (PIE)
[2017.03.17-09.42.23:528][672]LogBlueprintUserMessages: Early PlayInEditor Detection: Level '/Game/Maps/MenuLevel.MenuLevel:PersistentLevel' has LevelScriptBlueprint '/Game/Maps/MenuLevel.MenuLevel:PersistentLevel.MenuLevel' with GeneratedClass '/Game/Maps/MenuLevel.MenuLevel_C' with ClassGeneratedBy '/Game/Maps/MenuLevel.MenuLevel:PersistentLevel.MenuLevel'
[2017.03.17-09.42.23:528][672]LogPlayLevel: PlayLevel: No blueprints needed recompiling
[2017.03.17-09.42.23:529][672]PIE: New page: PIE session: MenuLevel (17 Mar 2017 09:42:23)
[2017.03.17-09.42.23:529][672]LogPlayLevel: Creating play world package: /Game/Maps/UEDPIE_0_MenuLevel
[2017.03.17-09.42.23:534][672]LogPlayLevel: PIE: StaticDuplicateObject took: (0.004754s)
[2017.03.17-09.42.23:536][672]LogAIModule: Creating AISystem for world MenuLevel
[2017.03.17-09.42.23:536][672]LogPlayLevel: PIE: World Init took: (0.001942s)
[2017.03.17-09.42.23:536][672]LogPlayLevel: PIE: Created PIE world by copying editor world from /Game/Maps/MenuLevel.MenuLevel to /Game/Maps/UEDPIE_0_MenuLevel.MenuLevel (0.007188s)
[2017.03.17-09.42.23:578][672]LogInit: XAudio2 using 'Speaker/HP (Realtek High Definition Audio)' : 2 channels at 48 kHz using 32 bits per sample (channel mask 0x3)
[2017.03.17-09.42.23:587][672]LogInit: FAudioDevice initialized.
[2017.03.17-09.42.23:632][672]LogLoad: Game class is 'MenuGameMode_C'
[2017.03.17-09.42.23:636][672]LogWorld: Bringing World /Game/Maps/UEDPIE_0_MenuLevel.MenuLevel up for play (max tick rate 0) at 2017.03.17-09.42.23
[2017.03.17-09.42.23:636][672]LogWorld: Bringing up level for play took: 0.003842
[2017.03.17-09.42.23:637][672]LogGameMode:Display: Match State Changed from EnteringMap to WaitingToStart
[2017.03.17-09.42.23:637][672]LogGameState: Match State Changed from EnteringMap to WaitingToStart
[2017.03.17-09.42.23:637][672]LogGameMode:Display: Match State Changed from WaitingToStart to InProgress
[2017.03.17-09.42.23:639][672]LogGameState: Match State Changed from WaitingToStart to InProgress
[2017.03.17-09.42.23:642][672]PIE: Info Play in editor start time for /Game/Maps/UEDPIE_0_MenuLevel 0.283
[2017.03.17-09.42.23:643][672]LogBlueprintUserMessages: Late PlayInEditor Detection: Level '/Game/Maps/MenuLevel.MenuLevel:PersistentLevel' has LevelScriptBlueprint '/Game/Maps/MenuLevel.MenuLevel:PersistentLevel.MenuLevel' with GeneratedClass '/Game/Maps/MenuLevel.MenuLevel_C' with ClassGeneratedBy '/Game/Maps/MenuLevel.MenuLevel:PersistentLevel.MenuLevel'
[2017.03.17-09.42.25:856][774]LogGameMode:Display: Match State Changed from InProgress to LeavingMap
[2017.03.17-09.42.25:856][774]LogGameState: Match State Changed from InProgress to LeavingMap
[2017.03.17-09.42.25:857][774]LogNet: Browse: /Game/Maps/Map1
[2017.03.17-09.42.25:857][774]LogLoad: LoadMap: /Game/Maps/Map1
[2017.03.17-09.42.25:921][774]Cmd: MEM
[2017.03.17-09.42.25:959][774]LogMemory: Platform Memory Stats for Windows
[2017.03.17-09.42.25:959][774]LogMemory: Process Physical Memory: 1399.56 MB used, 2856.66 MB peak
[2017.03.17-09.42.25:959][774]LogMemory: Process Virtual Memory: 4065.39 MB used, 4065.39 MB peak
[2017.03.17-09.42.25:959][774]LogMemory: Physical Memory: 5153.45 MB used,  2877.39 MB free, 8030.84 MB total
[2017.03.17-09.42.25:959][774]LogMemory: Virtual Memory: 4952.61 MB used,  2877.39 MB free, 134217728.00 MB total
[2017.03.17-09.42.25:959][774]LogMemory: 
[2017.03.17-09.42.25:959][774]Allocator Stats for TBB: (not implemented)
[2017.03.17-09.42.26:174][774]LogStats: FPlatformStackWalk::StackWalkAndDump -  0.168 s
[2017.03.17-09.42.26:174][774]LogOutputDevice:Error: === Handled ensure: ===
[2017.03.17-09.42.26:174][774]LogOutputDevice:Error: 
[2017.03.17-09.42.26:174][774]LogOutputDevice:Error: Ensure condition failed: IsObjectValidForDatabase(AssetObject) [File:D:\Build\++UE4+Release-4.14+Compile\Sync\Engine\Source\Editor\BlueprintGraph\Private\BlueprintActionDatabase.cpp] [Line: 1263]
[2017.03.17-09.42.26:174][774]LogOutputDevice:Error: 
[2017.03.17-09.42.26:174][774]LogOutputDevice:Error: Stack: 
[2017.03.17-09.42.26:174][774]LogOutputDevice:Error: UE4Editor-Core.dll
[2017.03.17-09.42.26:174][774]LogOutputDevice:Error: UE4Editor-Core.dll
[2017.03.17-09.42.26:175][774]LogOutputDevice:Error: UE4Editor-Core.dll
[2017.03.17-09.42.26:175][774]LogOutputDevice:Error: UE4Editor-BlueprintGraph.dll
[2017.03.17-09.42.26:175][774]LogOutputDevice:Error: UE4Editor-BlueprintGraph.dll
[2017.03.17-09.42.26:175][774]LogOutputDevice:Error: UE4Editor-CoreUObject.dll
[2017.03.17-09.42.26:175][774]LogOutputDevice:Error: UE4Editor-CoreUObject.dll
[2017.03.17-09.42.26:175][774]LogOutputDevice:Error: UE4Editor-CoreUObject.dll
[2017.03.17-09.42.26:175][774]LogOutputDevice:Error: UE4Editor-CoreUObject.dll
[2017.03.17-09.42.26:175][774]LogOutputDevice:Error: UE4Editor-Engine.dll
[2017.03.17-09.42.26:175][774]LogOutputDevice:Error: UE4Editor-Engine.dll
[2017.03.17-09.42.26:175][774]LogOutputDevice:Error: UE4Editor-Engine.dll
[2017.03.17-09.42.26:175][774]LogOutputDevice:Error: UE4Editor-UnrealEd.dll
[2017.03.17-09.42.26:175][774]LogOutputDevice:Error: UE4Editor-UnrealEd.dll
[2017.03.17-09.42.26:175][774]LogOutputDevice:Error: UE4Editor.exe
[2017.03.17-09.42.26:175][774]LogOutputDevice:Error: UE4Editor.exe
[2017.03.17-09.42.26:175][774]LogOutputDevice:Error: UE4Editor.exe
[2017.03.17-09.42.26:175][774]LogOutputDevice:Error: UE4Editor.exe
[2017.03.17-09.42.26:175][774]LogOutputDevice:Error: UE4Editor.exe
[2017.03.17-09.42.26:175][774]LogOutputDevice:Error: KERNEL32.DLL
[2017.03.17-09.42.26:175][774]LogOutputDevice:Error: ntdll.dll
[2017.03.17-09.42.26:175][774]LogOutputDevice:Error: 
[2017.03.17-09.42.26:184][774]LogStats:                SubmitErrorReport -  0.000 s
