Log file open, 04/20/17 16:09:11
LogInit:Display: Running engine for game: SuhDude
LogPlatformFile: Not using cached read wrapper
LogInit:Display: RandInit(1032827392) SRandInit(1032827392).
LogTaskGraph: Started task graph with 5 named threads and 8 total threads with 1 sets of task threads.
LogStats: Stats thread started at 0.072424
LogPluginManager: Loaded Plugin Paper2D, From C:/Program Files (x86)/Epic Games/4.14/Engine/Plugins/2D/Paper2D/Paper2D.uplugin
LogPluginManager: Loaded Plugin LightPropagationVolume, From C:/Program Files (x86)/Epic Games/4.14/Engine/Plugins/Blendables/LightPropagationVolume/LightPropagationVolume.uplugin
LogPluginManager: Loaded Plugin BlankPlugin, From C:/Program Files (x86)/Epic Games/4.14/Engine/Plugins/Developer/BlankPlugin/BlankPlugin.uplugin
LogPluginManager: Loaded Plugin CodeLiteSourceCodeAccess, From C:/Program Files (x86)/Epic Games/4.14/Engine/Plugins/Developer/CodeLiteSourceCodeAccess/CodeLiteSourceCodeAccess.uplugin
LogPluginManager: Loaded Plugin GitSourceControl, From C:/Program Files (x86)/Epic Games/4.14/Engine/Plugins/Developer/GitSourceControl/GitSourceControl.uplugin
LogPluginManager: Loaded Plugin KDevelopSourceCodeAccess, From C:/Program Files (x86)/Epic Games/4.14/Engine/Plugins/Developer/KDevelopSourceCodeAccess/KDevelopSourceCodeAccess.uplugin
LogPluginManager: Loaded Plugin NullSourceCodeAccess, From C:/Program Files (x86)/Epic Games/4.14/Engine/Plugins/Developer/NullSourceCodeAccess/NullSourceCodeAccess.uplugin
LogPluginManager: Loaded Plugin OneSkyLocalizationService, From C:/Program Files (x86)/Epic Games/4.14/Engine/Plugins/Developer/OneSkyLocalizationService/OneSkyLocalizationService.uplugin
LogPluginManager: Loaded Plugin PerforceSourceControl, From C:/Program Files (x86)/Epic Games/4.14/Engine/Plugins/Developer/PerforceSourceControl/PerforceSourceControl.uplugin
LogPluginManager: Loaded Plugin SubversionSourceControl, From C:/Program Files (x86)/Epic Games/4.14/Engine/Plugins/Developer/SubversionSourceControl/SubversionSourceControl.uplugin
LogPluginManager: Loaded Plugin UObjectPlugin, From C:/Program Files (x86)/Epic Games/4.14/Engine/Plugins/Developer/UObjectPlugin/UObjectPlugin.uplugin
LogPluginManager: Loaded Plugin VisualStudioSourceCodeAccess, From C:/Program Files (x86)/Epic Games/4.14/Engine/Plugins/Developer/VisualStudioSourceCodeAccess/VisualStudioSourceCodeAccess.uplugin
LogPluginManager: Loaded Plugin XCodeSourceCodeAccess, From C:/Program Files (x86)/Epic Games/4.14/Engine/Plugins/Developer/XCodeSourceCodeAccess/XCodeSourceCodeAccess.uplugin
LogPluginManager: Loaded Plugin AudioCapture, From C:/Program Files (x86)/Epic Games/4.14/Engine/Plugins/Editor/AudioCapture/AudioCapture.uplugin
LogPluginManager: Loaded Plugin EpicSurvey, From C:/Program Files (x86)/Epic Games/4.14/Engine/Plugins/Editor/EpicSurvey/EpicSurvey.uplugin
LogPluginManager: Loaded Plugin MacGraphicsSwitching, From C:/Program Files (x86)/Epic Games/4.14/Engine/Plugins/Editor/MacGraphicsSwitching/MacGraphicsSwitching.uplugin
LogPluginManager: Loaded Plugin MobileLauncherProfileWizard, From C:/Program Files (x86)/Epic Games/4.14/Engine/Plugins/Editor/MobileLauncherProfileWizard/MobileLauncherProfileWizard.uplugin
LogPluginManager: Loaded Plugin PluginBrowser, From C:/Program Files (x86)/Epic Games/4.14/Engine/Plugins/Editor/PluginBrowser/PluginBrowser.uplugin
LogPluginManager: Loaded Plugin SpeedTreeImporter, From C:/Program Files (x86)/Epic Games/4.14/Engine/Plugins/Editor/SpeedTreeImporter/SpeedTreeImporter.uplugin
LogPluginManager: Loaded Plugin SuperSearchEditor, From C:/Program Files (x86)/Epic Games/4.14/Engine/Plugins/Editor/SuperSearchEditor/SuperSearchEditor.uplugin
LogPluginManager: Loaded Plugin AlembicImporter, From C:/Program Files (x86)/Epic Games/4.14/Engine/Plugins/Experimental/AlembicImporter/AlembicImporter.uplugin
LogPluginManager: Loaded Plugin BlueprintStats, From C:/Program Files (x86)/Epic Games/4.14/Engine/Plugins/Experimental/BlueprintStats/BlueprintStats.uplugin
LogPluginManager: Loaded Plugin CharacterAI, From C:/Program Files (x86)/Epic Games/4.14/Engine/Plugins/Experimental/CharacterAI/CharacterAI.uplugin
LogPluginManager: Loaded Plugin CodeEditor, From C:/Program Files (x86)/Epic Games/4.14/Engine/Plugins/Experimental/CodeEditor/CodeEditor.uplugin
LogPluginManager: Loaded Plugin CodeView, From C:/Program Files (x86)/Epic Games/4.14/Engine/Plugins/Experimental/CodeView/CodeView.uplugin
LogPluginManager: Loaded Plugin HTML5Networking, From C:/Program Files (x86)/Epic Games/4.14/Engine/Plugins/Experimental/HTML5Networking/HTML5Networking.uplugin
LogPluginManager: Loaded Plugin OSVR, From C:/Program Files (x86)/Epic Games/4.14/Engine/Plugins/Experimental/OSVR/OSVR.uplugin
LogPluginManager: Loaded Plugin Phya, From C:/Program Files (x86)/Epic Games/4.14/Engine/Plugins/Experimental/Phya/Phya.uplugin
LogPluginManager: Loaded Plugin SignificanceManager, From C:/Program Files (x86)/Epic Games/4.14/Engine/Plugins/Experimental/SignificanceManager/SignificanceManager.uplugin
LogPluginManager: Loaded Plugin SimpleHMD, From C:/Program Files (x86)/Epic Games/4.14/Engine/Plugins/Experimental/SimpleHMD/SimpleHMD.uplugin
LogPluginManager: Loaded Plugin StereoPanorama, From C:/Program Files (x86)/Epic Games/4.14/Engine/Plugins/Experimental/StereoPanorama/StereoPanorama.uplugin
LogPluginManager: Loaded Plugin StructBox, From C:/Program Files (x86)/Epic Games/4.14/Engine/Plugins/Experimental/StructBox/StructBox.uplugin
LogPluginManager: Loaded Plugin AndroidMedia, From C:/Program Files (x86)/Epic Games/4.14/Engine/Plugins/Media/AndroidMedia/AndroidMedia.uplugin
LogPluginManager: Loaded Plugin AvfMedia, From C:/Program Files (x86)/Epic Games/4.14/Engine/Plugins/Media/AvfMedia/AvfMedia.uplugin
LogPluginManager: Loaded Plugin MediaPlayerEditor, From C:/Program Files (x86)/Epic Games/4.14/Engine/Plugins/Media/MediaPlayerEditor/MediaPlayerEditor.uplugin
LogPluginManager: Loaded Plugin WmfMedia, From C:/Program Files (x86)/Epic Games/4.14/Engine/Plugins/Media/WmfMedia/WmfMedia.uplugin
LogPluginManager: Loaded Plugin MessagingDebugger, From C:/Program Files (x86)/Epic Games/4.14/Engine/Plugins/Messaging/MessagingDebugger/MessagingDebugger.uplugin
LogPluginManager: Loaded Plugin TcpMessaging, From C:/Program Files (x86)/Epic Games/4.14/Engine/Plugins/Messaging/TcpMessaging/TcpMessaging.uplugin
LogPluginManager: Loaded Plugin UdpMessaging, From C:/Program Files (x86)/Epic Games/4.14/Engine/Plugins/Messaging/UdpMessaging/UdpMessaging.uplugin
LogPluginManager: Loaded Plugin LevelSequenceEditor, From C:/Program Files (x86)/Epic Games/4.14/Engine/Plugins/MovieScene/LevelSequenceEditor/LevelSequenceEditor.uplugin
LogPluginManager: Loaded Plugin MatineeToLevelSequence, From C:/Program Files (x86)/Epic Games/4.14/Engine/Plugins/MovieScene/MatineeToLevelSequence/MatineeToLevelSequence.uplugin
LogPluginManager: Loaded Plugin NetcodeUnitTest, From C:/Program Files (x86)/Epic Games/4.14/Engine/Plugins/NetcodeUnitTest/NetcodeUnitTest/NetcodeUnitTest.uplugin
LogPluginManager: Loaded Plugin NUTUnrealEngine4, From C:/Program Files (x86)/Epic Games/4.14/Engine/Plugins/NetcodeUnitTest/NUTUnrealEngine4/NUTUnrealEngine4.uplugin
LogPluginManager: Loaded Plugin OnlineSubsystemGameCircle, From C:/Program Files (x86)/Epic Games/4.14/Engine/Plugins/Online/Android/OnlineSubsystemGameCircle/OnlineSubsystemGameCircle.uplugin
LogPluginManager: Loaded Plugin OnlineSubsystemGooglePlay, From C:/Program Files (x86)/Epic Games/4.14/Engine/Plugins/Online/Android/OnlineSubsystemGooglePlay/OnlineSubsystemGooglePlay.uplugin
LogPluginManager: Loaded Plugin OnlineSubsystemIOS, From C:/Program Files (x86)/Epic Games/4.14/Engine/Plugins/Online/IOS/OnlineSubsystemIOS/OnlineSubsystemIOS.uplugin
LogPluginManager: Loaded Plugin OnlineFramework, From C:/Program Files (x86)/Epic Games/4.14/Engine/Plugins/Online/OnlineFramework/OnlineFramework.uplugin
LogPluginManager: Loaded Plugin OnlineSubsystem, From C:/Program Files (x86)/Epic Games/4.14/Engine/Plugins/Online/OnlineSubsystem/OnlineSubsystem.uplugin
LogPluginManager: Loaded Plugin OnlineSubsystemAmazon, From C:/Program Files (x86)/Epic Games/4.14/Engine/Plugins/Online/OnlineSubsystemAmazon/OnlineSubsystemAmazon.uplugin
LogPluginManager: Loaded Plugin OnlineSubsystemFacebook, From C:/Program Files (x86)/Epic Games/4.14/Engine/Plugins/Online/OnlineSubsystemFacebook/OnlineSubsystemFacebook.uplugin
LogPluginManager: Loaded Plugin OnlineSubsystemNull, From C:/Program Files (x86)/Epic Games/4.14/Engine/Plugins/Online/OnlineSubsystemNull/OnlineSubsystemNull.uplugin
LogPluginManager: Loaded Plugin OnlineSubsystemOculus, From C:/Program Files (x86)/Epic Games/4.14/Engine/Plugins/Online/OnlineSubsystemOculus/OnlineSubsystemOculus.uplugin
LogPluginManager: Loaded Plugin OnlineSubsystemSteam, From C:/Program Files (x86)/Epic Games/4.14/Engine/Plugins/Online/OnlineSubsystemSteam/OnlineSubsystemSteam.uplugin
LogPluginManager: Loaded Plugin OnlineSubsystemUtils, From C:/Program Files (x86)/Epic Games/4.14/Engine/Plugins/Online/OnlineSubsystemUtils/OnlineSubsystemUtils.uplugin
LogPluginManager: Loaded Plugin IOSTapJoy, From C:/Program Files (x86)/Epic Games/4.14/Engine/Plugins/Runtime/Advertising/IOSTapJoy/IOSTapJoy.uplugin
LogPluginManager: Loaded Plugin AnalyticsBlueprintLibrary, From C:/Program Files (x86)/Epic Games/4.14/Engine/Plugins/Runtime/Analytics/AnalyticsBlueprintLibrary/AnalyticsBlueprintLibrary.uplugin
LogPluginManager: Loaded Plugin AnalyticsMulticast, From C:/Program Files (x86)/Epic Games/4.14/Engine/Plugins/Runtime/Analytics/AnalyticsMulticast/AnalyticsMulticast.uplugin
LogPluginManager: Loaded Plugin Apsalar, From C:/Program Files (x86)/Epic Games/4.14/Engine/Plugins/Runtime/Analytics/Apsalar/Apsalar.uplugin
LogPluginManager: Loaded Plugin FileLogging, From C:/Program Files (x86)/Epic Games/4.14/Engine/Plugins/Runtime/Analytics/FileLogging/FileLogging.uplugin
LogPluginManager: Loaded Plugin Flurry, From C:/Program Files (x86)/Epic Games/4.14/Engine/Plugins/Runtime/Analytics/Flurry/Flurry.uplugin
LogPluginManager: Loaded Plugin AndroidDeviceProfileSelector, From C:/Program Files (x86)/Epic Games/4.14/Engine/Plugins/Runtime/AndroidDeviceProfileSelector/AndroidDeviceProfileSelector.uplugin
LogPluginManager: Loaded Plugin AndroidMoviePlayer, From C:/Program Files (x86)/Epic Games/4.14/Engine/Plugins/Runtime/AndroidMoviePlayer/AndroidMoviePlayer.uplugin
LogPluginManager: Loaded Plugin AppleMoviePlayer, From C:/Program Files (x86)/Epic Games/4.14/Engine/Plugins/Runtime/AppleMoviePlayer/AppleMoviePlayer.uplugin
LogPluginManager: Loaded Plugin ArchVisCharacter, From C:/Program Files (x86)/Epic Games/4.14/Engine/Plugins/Runtime/ArchVisCharacter/ArchVisCharacter.uplugin
LogPluginManager: Loaded Plugin CableComponent, From C:/Program Files (x86)/Epic Games/4.14/Engine/Plugins/Runtime/CableComponent/CableComponent.uplugin
LogPluginManager: Loaded Plugin CustomMeshComponent, From C:/Program Files (x86)/Epic Games/4.14/Engine/Plugins/Runtime/CustomMeshComponent/CustomMeshComponent.uplugin
LogPluginManager: Loaded Plugin ExampleDeviceProfileSelector, From C:/Program Files (x86)/Epic Games/4.14/Engine/Plugins/Runtime/ExampleDeviceProfileSelector/ExampleDeviceProfileSelector.uplugin
LogPluginManager: Loaded Plugin GearVR, From C:/Program Files (x86)/Epic Games/4.14/Engine/Plugins/Runtime/GearVR/GearVR.uplugin
LogPluginManager: Loaded Plugin GoogleVRController, From C:/Program Files (x86)/Epic Games/4.14/Engine/Plugins/Runtime/GoogleVR/GoogleVRController/GoogleVRController.uplugin
LogPluginManager: Loaded Plugin GoogleVRHMD, From C:/Program Files (x86)/Epic Games/4.14/Engine/Plugins/Runtime/GoogleVR/GoogleVRHMD/GoogleVRHMD.uplugin
LogPluginManager: Loaded Plugin IOSDeviceProfileSelector, From C:/Program Files (x86)/Epic Games/4.14/Engine/Plugins/Runtime/IOSDeviceProfileSelector/IOSDeviceProfileSelector.uplugin
LogPluginManager: Loaded Plugin LeapMotion, From C:/Program Files (x86)/Epic Games/4.14/Engine/Plugins/Runtime/LeapMotion/LeapMotion.uplugin
LogPluginManager: Loaded Plugin LinuxDeviceProfileSelector, From C:/Program Files (x86)/Epic Games/4.14/Engine/Plugins/Runtime/LinuxDeviceProfileSelector/LinuxDeviceProfileSelector.uplugin
LogPluginManager: Loaded Plugin MIDIDevice, From C:/Program Files (x86)/Epic Games/4.14/Engine/Plugins/Runtime/MIDIDevice/MIDIDevice.uplugin
LogPluginManager: Loaded Plugin MobilePatchingUtils, From C:/Program Files (x86)/Epic Games/4.14/Engine/Plugins/Runtime/MobilePatchingUtils/MobilePatchingUtils.uplugin
LogPluginManager: Loaded Plugin Ansel, From C:/Program Files (x86)/Epic Games/4.14/Engine/Plugins/Runtime/Nvidia/Ansel/Ansel.uplugin
LogPluginManager: Loaded Plugin OculusAudio, From C:/Program Files (x86)/Epic Games/4.14/Engine/Plugins/Runtime/OculusAudio/OculusAudio.uplugin
LogPluginManager: Loaded Plugin OculusInput, From C:/Program Files (x86)/Epic Games/4.14/Engine/Plugins/Runtime/OculusInput/OculusInput.uplugin
LogPluginManager: Loaded Plugin OculusLibrary, From C:/Program Files (x86)/Epic Games/4.14/Engine/Plugins/Runtime/OculusLibrary/OculusLibrary.uplugin
LogPluginManager: Loaded Plugin OculusRift, From C:/Program Files (x86)/Epic Games/4.14/Engine/Plugins/Runtime/OculusRift/OculusRift.uplugin
LogPluginManager: Loaded Plugin Oodle, From C:/Program Files (x86)/Epic Games/4.14/Engine/Plugins/Runtime/PacketHandlers/CompressionComponents/Oodle/Oodle.uplugin
LogPluginManager: Loaded Plugin ProceduralMeshComponent, From C:/Program Files (x86)/Epic Games/4.14/Engine/Plugins/Runtime/ProceduralMeshComponent/ProceduralMeshComponent.uplugin
LogPluginManager: Loaded Plugin SoundMod, From C:/Program Files (x86)/Epic Games/4.14/Engine/Plugins/Runtime/SoundMod/SoundMod.uplugin
LogPluginManager: Loaded Plugin SoundVisualizations, From C:/Program Files (x86)/Epic Games/4.14/Engine/Plugins/Runtime/SoundVisualizations/SoundVisualizations.uplugin
LogPluginManager: Loaded Plugin SteamController, From C:/Program Files (x86)/Epic Games/4.14/Engine/Plugins/Runtime/Steam/SteamController/SteamController.uplugin
LogPluginManager: Loaded Plugin SteamVR, From C:/Program Files (x86)/Epic Games/4.14/Engine/Plugins/Runtime/Steam/SteamVR/SteamVR.uplugin
LogPluginManager: Loaded Plugin WebBrowserWidget, From C:/Program Files (x86)/Epic Games/4.14/Engine/Plugins/Runtime/WebBrowserWidget/WebBrowserWidget.uplugin
LogPluginManager: Loaded Plugin WindowsDeviceProfileSelector, From C:/Program Files (x86)/Epic Games/4.14/Engine/Plugins/Runtime/WindowsDeviceProfileSelector/WindowsDeviceProfileSelector.uplugin
LogPluginManager: Loaded Plugin WindowsMoviePlayer, From C:/Program Files (x86)/Epic Games/4.14/Engine/Plugins/Runtime/WindowsMoviePlayer/WindowsMoviePlayer.uplugin
LogPluginManager: Loaded Plugin ScriptPlugin, From C:/Program Files (x86)/Epic Games/4.14/Engine/Plugins/ScriptPlugin/ScriptPlugin.uplugin
LogPluginManager: Loaded Plugin SlateRemote, From C:/Program Files (x86)/Epic Games/4.14/Engine/Plugins/Slate/SlateRemote/SlateRemote.uplugin
LogPluginManager: Loaded Plugin EditorTests, From C:/Program Files (x86)/Epic Games/4.14/Engine/Plugins/Tests/EditorTests/EditorTests.uplugin
LogPluginManager: Loaded Plugin FbxAutomationTestBuilder, From C:/Program Files (x86)/Epic Games/4.14/Engine/Plugins/Tests/FbxAutomationTestBuilder/FbxAutomationTestBuilder.uplugin
LogPluginManager: Loaded Plugin FunctionalTestingEditor, From C:/Program Files (x86)/Epic Games/4.14/Engine/Plugins/Tests/FunctionalTestingEditor/FunctionalTestingEditor.uplugin
LogPluginManager: Loaded Plugin RuntimeTests, From C:/Program Files (x86)/Epic Games/4.14/Engine/Plugins/Tests/RuntimeTests/RuntimeTests.uplugin
LogPluginManager: Loaded Plugin ScreenshotTools, From C:/Program Files (x86)/Epic Games/4.14/Engine/Plugins/Tests/ScreenshotTools/ScreenshotTools.uplugin
LogPluginManager: Loaded Plugin UE4Duino, From C:/Users/Tristan/Documents/Tristan Work/Semester 2/comp140-gam160-game/SuhDude-Game/Plugins/UE4Duino/UE4Duino.uplugin
LogInit: Using libcurl 7.47.1
LogInit:  - built for x86_64-pc-win32
LogInit:  - supports SSL with OpenSSL/1.0.2g
LogInit:  - supports HTTP deflate (compression) using libz 1.2.8
LogInit:  - other features:
LogInit:      CURL_VERSION_SSL
LogInit:      CURL_VERSION_LIBZ
LogInit:      CURL_VERSION_IPV6
LogInit:      CURL_VERSION_ASYNCHDNS
LogInit:      CURL_VERSION_LARGEFILE
LogInit:      CURL_VERSION_IDN
LogInit:  CurlRequestOptions (configurable via config and command line):
LogInit:  - bVerifyPeer = false  - Libcurl will NOT verify peer certificate
LogInit:  - bUseHttpProxy = false  - Libcurl will NOT use HTTP proxy
LogInit:  - bDontReuseConnections = false  - Libcurl will reuse connections
LogInit:  - CertBundlePath = nullptr  - Libcurl will use whatever was configured at build time.
LogInit: Build: ++UE4+Release-4.14-CL-3249277
LogInit: Engine Version: 4.14.3-3249277+++UE4+Release-4.14
LogInit: Compatible Engine Version: 4.14.0-3195953+++UE4+Release-4.14
LogInit: Net CL: 3195953
LogDevObjectVersion: Number of dev versions registered: 13
LogDevObjectVersion:   Dev-Blueprints (B0D832E4-1F89-4F0D-ACCF-7EB736FD4AA2): 7
LogDevObjectVersion:   Dev-Build (E1C64328-A22C-4D53-A36C-8E866417BD8C): 0
LogDevObjectVersion:   Dev-Core (375EC13C-06E4-48FB-B500-84F0262A717E): 1
LogDevObjectVersion:   Dev-Editor (E4B068ED-F494-42E9-A231-DA0B2E46BB41): 8
LogDevObjectVersion:   Dev-Framework (CFFC743F-43B0-4480-9391-14DF171D2073): 17
LogDevObjectVersion:   Dev-Mobile (B02B49B5-BB20-44E9-A304-32B752E40360): 0
LogDevObjectVersion:   Dev-Networking (A4E4105C-59A1-49B5-A7C5-40C4547EDFEE): 0
LogDevObjectVersion:   Dev-Online (39C831C9-5AE6-47DC-9A44-9C173E1C8E7C): 0
LogDevObjectVersion:   Dev-Physics (78F01B33-EBEA-4F98-B9B4-84EACCB95AA2): 0
LogDevObjectVersion:   Dev-Platform (6631380F-2D4D-43E0-8009-CF276956A95A): 0
LogDevObjectVersion:   Dev-Rendering (12F88B9F-8875-4AFC-A67C-D90C383ABD29): 12
LogDevObjectVersion:   Dev-Sequencer (7B5AE74C-D270-4C10-A958-57980B212A5A): 1
LogDevObjectVersion:   Dev-VR (D7296918-1DD6-4BDD-9DE2-64A83CC13884): 0
LogInit: Compiled (64-bit): Jan  6 2017 10:49:43
LogInit: Compiled with Visual C++: 19.00.23026.00
LogInit: Build Configuration: Development
LogInit: Branch Name: ++UE4+Release-4.14
LogInit: Command line: 
LogInit: Base directory: C:/Program Files (x86)/Epic Games/4.14/Engine/Binaries/Win64/
LogInit: Installed Engine Build: 1
LogInit: Presizing for max 8388607 objects, including 0 objects not considered by GC, pre-allocating 0 bytes for permanent pool.
LogInit: Object subsystem initialized
[2017.04.20-15.09.11:452][  0]LogInit: Selected Device Profile: [Windows]
[2017.04.20-15.09.11:452][  0]LogInit: Applying CVar settings loaded from the selected device profile: [Windows]
[2017.04.20-15.09.11:460][  0]LogInit: Computer: DESKTOP-1CH3MM6
[2017.04.20-15.09.11:460][  0]LogInit: User: Tristan
[2017.04.20-15.09.11:460][  0]LogInit: CPU Page size=65536, Cores=4
[2017.04.20-15.09.11:460][  0]LogInit: High frequency timer resolution =3.421876 MHz
[2017.04.20-15.09.11:460][  0]LogMemory: Memory total: Physical=15.9GB (16GB approx)
[2017.04.20-15.09.11:460][  0]LogMemory: Platform Memory Stats for Windows
[2017.04.20-15.09.11:460][  0]LogMemory: Process Physical Memory: 264.12 MB used, 264.12 MB peak
[2017.04.20-15.09.11:460][  0]LogMemory: Process Virtual Memory: 262.25 MB used, 262.25 MB peak
[2017.04.20-15.09.11:460][  0]LogMemory: Physical Memory: 7643.01 MB used,  8686.50 MB free, 16329.51 MB total
[2017.04.20-15.09.11:460][  0]LogMemory: Virtual Memory: 675.61 MB used,  8686.50 MB free, 134217728.00 MB total
[2017.04.20-15.09.11:481][  0]LogTextLocalizationManager: No specific translations for ('en-GB') exist, so ('en') translations will be used.
[2017.04.20-15.09.11:914][  0]LogD3D11RHI: D3D11 adapters:
[2017.04.20-15.09.12:311][  0]LogD3D11RHI:    0. 'NVIDIA GeForce GTX 970' (Feature Level 11_0)
[2017.04.20-15.09.12:311][  0]LogD3D11RHI:       4059/0/8164 MB DedicatedVideo/DedicatedSystem/SharedSystem, Outputs:2, VendorId:0x10de
[2017.04.20-15.09.12:312][  0]LogD3D11RHI:    1. 'Microsoft Basic Render Driver' (Feature Level 11_0)
[2017.04.20-15.09.12:312][  0]LogD3D11RHI:       0/0/8164 MB DedicatedVideo/DedicatedSystem/SharedSystem, Outputs:0, VendorId:0x1414
[2017.04.20-15.09.12:312][  0]LogD3D11RHI: Chosen D3D11 Adapter: 0
[2017.04.20-15.09.12:317][  0]LogD3D11RHI: Creating new Direct3DDevice
[2017.04.20-15.09.12:317][  0]LogD3D11RHI:     GPU DeviceId: 0x13c2 (for the marketing name, search the web for "GPU Device Id")
[2017.04.20-15.09.12:317][  0]LogWindows: EnumDisplayDevices:
[2017.04.20-15.09.12:317][  0]LogWindows:    0. 'NVIDIA GeForce GTX 970' (P:1 D:1)
[2017.04.20-15.09.12:317][  0]LogWindows:    1. 'NVIDIA GeForce GTX 970' (P:0 D:1)
[2017.04.20-15.09.12:318][  0]LogWindows:    2. 'NVIDIA GeForce GTX 970' (P:0 D:0)
[2017.04.20-15.09.12:318][  0]LogWindows:    3. 'NVIDIA GeForce GTX 970' (P:0 D:0)
[2017.04.20-15.09.12:318][  0]LogWindows: DebugString: FoundDriverCount:4 
[2017.04.20-15.09.12:318][  0]LogD3D11RHI:     Adapter Name: NVIDIA GeForce GTX 970
[2017.04.20-15.09.12:318][  0]LogD3D11RHI:   Driver Version: 378.92 (internal:21.21.13.7892, unified:378.92)
[2017.04.20-15.09.12:318][  0]LogD3D11RHI:      Driver Date: 3-16-2017
[2017.04.20-15.09.12:318][  0]LogRHI: Texture pool is 1361 MB (70% of 1945 MB)
[2017.04.20-15.09.12:704][  0]LogD3D11RHI: Async texture creation enabled
[2017.04.20-15.09.12:729][  0]LogD3D11RHI: GPU Timing Frequency: 1000.000000 (Debug: 2 1)
[2017.04.20-15.09.12:729][  0]LogShaderCompilers: Guid format shader working directory is -50 characters bigger than the processId version (../../../../../../Users/Tristan/Documents/Tristan Work/Semester 2/comp140-gam160-game/SuhDude-Game/Intermediate/Shaders/WorkingDirectory/8224/).
[2017.04.20-15.09.12:729][  0]LogShaderCompilers: Cleaned the shader compiler working directory 'C:/Users/Tristan/AppData/Local/Temp/UnrealShaderWorkingDir/4D4A4F084180C5F346B9C38F50848570/'.
[2017.04.20-15.09.12:729][  0]LogShaderCompilers:Display: Using Local Shader Compiler.
[2017.04.20-15.09.13:441][  0]LogTemp:Display: Loaded TP AllDesktopTargetPlatform
[2017.04.20-15.09.13:478][  0]LogTemp:Display: Loaded TP MacClientTargetPlatform
[2017.04.20-15.09.13:516][  0]LogTemp:Display: Loaded TP MacNoEditorTargetPlatform
[2017.04.20-15.09.13:553][  0]LogTemp:Display: Loaded TP MacServerTargetPlatform
[2017.04.20-15.09.13:590][  0]LogTemp:Display: Loaded TP MacTargetPlatform
[2017.04.20-15.09.13:627][  0]LogTemp:Display: Loaded TP WindowsClientTargetPlatform
[2017.04.20-15.09.13:665][  0]LogTemp:Display: Loaded TP WindowsNoEditorTargetPlatform
[2017.04.20-15.09.13:703][  0]LogTemp:Display: Loaded TP WindowsServerTargetPlatform
[2017.04.20-15.09.13:733][  0]LogTemp:Display: Loaded TP WindowsTargetPlatform
[2017.04.20-15.09.13:769][  0]LogTemp:Display: Loaded TP AndroidTargetPlatform
[2017.04.20-15.09.13:805][  0]LogTemp:Display: Loaded TP Android_ASTCTargetPlatform
[2017.04.20-15.09.13:843][  0]LogTemp:Display: Loaded TP Android_ATCTargetPlatform
[2017.04.20-15.09.13:880][  0]LogTemp:Display: Loaded TP Android_DXTTargetPlatform
[2017.04.20-15.09.13:916][  0]LogTemp:Display: Loaded TP Android_ETC1TargetPlatform
[2017.04.20-15.09.13:953][  0]LogTemp:Display: Loaded TP Android_ETC2TargetPlatform
[2017.04.20-15.09.14:025][  0]LogTemp:Display: Loaded TP Android_MultiTargetPlatform
[2017.04.20-15.09.14:025][  0]LogTemp:Display: Loaded TP Android_PVRTCTargetPlatform
[2017.04.20-15.09.14:050][  0]LogTemp:Display: Loaded TP HTML5TargetPlatform
[2017.04.20-15.09.14:111][  0]LogTemp:Display: Loaded TP IOSTargetPlatform
[2017.04.20-15.09.14:135][  0]LogTemp:Display: Loaded TP TVOSTargetPlatform
[2017.04.20-15.09.14:171][  0]LogTemp:Display: Loaded TP LinuxClientTargetPlatform
[2017.04.20-15.09.14:206][  0]LogTemp:Display: Loaded TP LinuxNoEditorTargetPlatform
[2017.04.20-15.09.14:242][  0]LogTemp:Display: Loaded TP LinuxServerTargetPlatform
[2017.04.20-15.09.14:278][  0]LogTemp:Display: Loaded TP LinuxTargetPlatform
[2017.04.20-15.09.14:278][  0]LogTargetPlatformManager:Display: Building Assets For Windows
[2017.04.20-15.09.14:561][  0]LogDerivedDataCache:Display: Max Cache Size: 512 MB
[2017.04.20-15.09.14:603][  0]LogDerivedDataCache: Loaded boot cache 0.04s 50MB C:/Users/Tristan/AppData/Local/UnrealEngine/4.14/DerivedDataCache/Boot.ddc.
[2017.04.20-15.09.14:603][  0]LogDerivedDataCache:Display: Loaded Boot cache: C:/Users/Tristan/AppData/Local/UnrealEngine/4.14/DerivedDataCache/Boot.ddc
[2017.04.20-15.09.14:603][  0]LogDerivedDataCache: FDerivedDataBackendGraph:  Pak pak cache file ../../../../../../Users/Tristan/Documents/Tristan Work/Semester 2/comp140-gam160-game/SuhDude-Game/DerivedDataCache/DDC.ddp not found, will not use a pak cache.
[2017.04.20-15.09.14:603][  0]LogDerivedDataCache: Unable to find inner node Pak for hierarchical cache Hierarchy.
[2017.04.20-15.09.14:603][  0]LogDerivedDataCache: FDerivedDataBackendGraph:  CompressedPak pak cache file ../../../../../../Users/Tristan/Documents/Tristan Work/Semester 2/comp140-gam160-game/SuhDude-Game/DerivedDataCache/Compressed.ddp not found, will not use a pak cache.
[2017.04.20-15.09.14:603][  0]LogDerivedDataCache: Unable to find inner node CompressedPak for hierarchical cache Hierarchy.
[2017.04.20-15.09.14:614][  0]LogDerivedDataCache:Display: Pak cache opened for reading ../../../Engine/DerivedDataCache/Compressed.ddp.
[2017.04.20-15.09.14:625][  0]LogDerivedDataCache: Using Local data cache path C:/Users/Tristan/AppData/Local/UnrealEngine/Common/DerivedDataCache: Writable
[2017.04.20-15.09.14:764][  0]LogInit: Selected Device Profile: [Windows]
[2017.04.20-15.09.14:766][  0]LogContentStreaming: Texture pool size is 0.00 MB
[2017.04.20-15.09.14:909][  0]LogMeshUtilities: Using QuadricMeshReduction for automatic static mesh reduction
[2017.04.20-15.09.14:939][  0]LogSimplygon: Simplygon DLL not present - disabling.
[2017.04.20-15.09.14:974][  0]LogMeshUtilities: Using SimplygonSwarm for distributed automatic mesh merging
[2017.04.20-15.09.14:974][  0]LogMeshUtilities: No automatic skeletal mesh reduction module available
[2017.04.20-15.09.14:974][  0]LogMeshUtilities: No automatic mesh merging module available
[2017.04.20-15.09.15:332][  0]LogNetVersion: GetLocalNetworkVersion: CL: 3195953, ProjectName: suhdude, ProjectVersion: , EngineNetworkVersion: 2, GameNetworkVersion: 0, NetworkChecksum: 1980303672
[2017.04.20-15.09.15:376][  0]LogAssetRegistry: FAssetRegistry took 0.0212 seconds to start up
[2017.04.20-15.09.15:410][  0]LogPackageLocalizationCache: Processed 3 localized package path(s) for 2 prioritized culture(s) in 0.018382 seconds
[2017.04.20-15.09.15:414][  0]LogUObjectArray: 31946 objects as part of root set at end of initial load.
[2017.04.20-15.09.15:414][  0]LogUObjectAllocator: 6935840 out of 0 bytes used by permanent object pool.
[2017.04.20-15.09.15:414][  0]LogUObjectArray: CloseDisregardForGC: 0/0 objects in disregard for GC pool
[2017.04.20-15.09.15:458][  0]LogInit: WinSock: version 1.1 (2.2), MaxSocks=32767, MaxUdp=65467
[2017.04.20-15.09.15:980][  0]LogSlate: Using Freetype 2.6.0
[2017.04.20-15.09.15:981][  0]LogSlate: SlateFontCache - WITH_FREETYPE: 1, WITH_HARFBUZZ: 1
[2017.04.20-15.09.15:981][  0]LogSlate: SlateFontCache - WITH_FREETYPE: 1, WITH_HARFBUZZ: 1
[2017.04.20-15.09.16:534][  0]LogTcpMessaging: Initializing TcpMessaging bridge
[2017.04.20-15.09.16:568][  0]LogUdpMessaging: Initializing bridge on interface 0.0.0.0:0 to multicast group 230.0.0.1:6666.
[2017.04.20-15.09.18:659][  0]LogTemp:Warning: Connection Success
[2017.04.20-15.09.18:829][  0]LogMaterial: Uniform references updated for custom material expression Custom.
[2017.04.20-15.09.19:104][  0]SourceControl: Info Source control is disabled
[2017.04.20-15.09.19:133][  0]SourceControl: Info Source control is disabled
[2017.04.20-15.09.19:168][  0]SourceControl: Info Source control is disabled
[2017.04.20-15.09.19:203][  0]SourceControl: Info Source control is disabled
[2017.04.20-15.09.20:100][  0]UE4DuinoLog:Warning: UE4Duino: Log Started
[2017.04.20-15.09.20:175][  0]LogEngine: Initializing Engine...
[2017.04.20-15.09.20:175][  0]LogHMD: Failed to initialize OpenVR with code 110
[2017.04.20-15.09.20:336][  0]LogAIModule: Creating AISystem for world Untitled
[2017.04.20-15.09.20:342][  0]LogInit: XAudio2 using 'Speakers (Realtek High Definition Audio)' : 6 channels at 48 kHz using 32 bits per sample (channel mask 0x60f)
[2017.04.20-15.09.20:352][  0]LogInit: FAudioDevice initialized.
[2017.04.20-15.09.20:374][  0]LogDerivedDataCache: Saved boot cache 0.02s 50MB C:/Users/Tristan/AppData/Local/UnrealEngine/4.14/DerivedDataCache/Boot.ddc.
[2017.04.20-15.09.20:380][  0]LogInit: Texture streaming: Enabled
[2017.04.20-15.09.20:502][  0]LogInit: Transaction tracking system initialized
[2017.04.20-15.09.20:730][  0]BlueprintLog: New page: Editor Load
[2017.04.20-15.09.21:311][  0]LocalizationService: Info Localization service is disabled
[2017.04.20-15.09.21:748][  0]LogConsoleResponse:Display: 
[2017.04.20-15.09.21:841][  0]LogCook:Display: Max memory allowance for cook 16384mb min free memory 0mb
[2017.04.20-15.09.21:841][  0]LogCook:Display: Mobile HDR setting 1
[2017.04.20-15.09.21:939][  0]LogFileCache: Scanning file cache for directory 'C:/Users/Tristan/Documents/Tristan Work/Semester 2/comp140-gam160-game/SuhDude-Game/Content/' took 0.01s
[2017.04.20-15.09.22:517][  0]SourceControl: Info Source control is disabled
[2017.04.20-15.09.22:517][  0]Cmd: MAP LOAD FILE="../../../../../../Users/Tristan/Documents/Tristan Work/Semester 2/comp140-gam160-game/SuhDude-Game/Content/Maps/MenuLevel.umap" TEMPLATE=0 SHOWPROGRESS=1 FEATURELEVEL=3
[2017.04.20-15.09.22:518][  0]LightingResults: New page: Lighting Build
[2017.04.20-15.09.22:544][  0]MapCheck: New page: Map Check
[2017.04.20-15.09.22:544][  0]LightingResults: New page: Lighting Build
[2017.04.20-15.09.22:909][  0]LogAIModule: Creating AISystem for world MenuLevel
[2017.04.20-15.09.22:914][  0]LogEditorServer: Finished looking for orphan Actors (0.000 secs)
[2017.04.20-15.09.22:914][  0]Cmd: MAP CHECKDEP NOCLEARLOG
[2017.04.20-15.09.22:943][  0]MapCheck: Info Map check complete: 0 Error(s), 0 Warning(s), took 29.518ms to complete.
[2017.04.20-15.09.22:943][  0]LogFileHelpers: Loading map 'MenuLevel' took 0.426
[2017.04.20-15.09.23:013][  0]LogWindowsTextInputMethodSystem:Display: IME system now deactivated.
[2017.04.20-15.09.23:080][  0]LogCollectionManager: Loaded 0 collections in 0.001460 seconds
[2017.04.20-15.09.23:146][  0]LogFileCache: Scanning file cache for directory 'C:/Users/Tristan/Documents/Tristan Work/Semester 2/comp140-gam160-game/SuhDude-Game/Saved/Collections/' took 0.01s
[2017.04.20-15.09.23:146][  0]LogFileCache: Scanning file cache for directory 'C:/Users/Tristan/Documents/Tristan Work/Semester 2/comp140-gam160-game/SuhDude-Game/Content/Developers/Tristan/Collections/' took 0.01s
[2017.04.20-15.09.23:146][  0]LogFileCache: Scanning file cache for directory 'C:/Users/Tristan/Documents/Tristan Work/Semester 2/comp140-gam160-game/SuhDude-Game/Content/Collections/' took 0.01s
[2017.04.20-15.09.23:146][  0]LogCollectionManager: Rebuilt the GUID cache for 0 collections in 0.000001 seconds
[2017.04.20-15.09.23:153][  0]LogContentBrowser: Native class hierarchy populated in 0.0068 seconds. Added 2196 classes and 433 folders.
[2017.04.20-15.09.23:181][  0]LogStats: UGameplayTagsManager::ConstructGameplayTagTree: Construct from data asset -  0.000 s
[2017.04.20-15.09.23:181][  0]LogStats: UGameplayTagsManager::ConstructGameplayTagTree: GameplayTagTreeChangedEvent.Broadcast -  0.000 s
[2017.04.20-15.09.23:182][  0]LogContentBrowser: Native class hierarchy updated for 'GameplayTags' in 0.0009 seconds. Added 13 classes and 0 folders.
[2017.04.20-15.09.23:224][  0]LogContentBrowser: Native class hierarchy updated for 'WidgetCarousel' in 0.0008 seconds. Added 0 classes and 0 folders.
[2017.04.20-15.09.23:250][  0]LogContentBrowser: Native class hierarchy updated for 'AddContentDialog' in 0.0008 seconds. Added 0 classes and 0 folders.
[2017.04.20-15.09.23:280][  0]LogContentBrowser: Native class hierarchy updated for 'SceneOutliner' in 0.0008 seconds. Added 1 classes and 2 folders.
[2017.04.20-15.09.23:305][  0]LogCrashTracker: Crashtracker disabled due to settings.
[2017.04.20-15.09.23:310][  0]LogUObjectGlobals:Warning: Failed to find object 'Class None.'
[2017.04.20-15.09.23:361][  0]LogContentBrowser: Native class hierarchy updated for 'HierarchicalLODOutliner' in 0.0009 seconds. Added 1 classes and 2 folders.
[2017.04.20-15.09.23:361][  0]LogLoad: (Engine Initialization) Total time: 13.81 seconds
[2017.04.20-15.09.23:362][  0]LogLoad: (Engine Initialization) Total Blueprint compile time: 0.10 seconds
[2017.04.20-15.09.23:362][  0]LogExternalProfiler: Found external profiler: VSPerf
[2017.04.20-15.09.23:362][  0]LogExternalProfiler: Using external profiler: VSPerf
[2017.04.20-15.09.23:371][  0]LogOcInput: OculusInput pre-init called
[2017.04.20-15.09.23:395][  0]LogAssetRegistry: Asset discovery search completed in 8.0407 seconds
[2017.04.20-15.09.23:395][  0]LogCollectionManager: Rebuilt the object cache for 0 collections in 0.000001 seconds (found 0 objects)
[2017.04.20-15.09.23:395][  0]LogCollectionManager: Fixed up redirectors for 0 collections in 0.000014 seconds (updated 0 objects)
[2017.04.20-15.09.23:396][  0]LogContentStreaming: Texture pool size now 1000 MB
[2017.04.20-15.09.23:513][  0]LogRenderer: Reallocating scene render targets to support 1288x556 NumSamples 1 (Frame:2).
[2017.04.20-15.09.23:567][  1]LogHttp:Warning: 0000025072079900: request failed, libcurl error: 6 (Couldn't resolve host name)
[2017.04.20-15.09.23:567][  1]LogHttp:Warning: 0000025072079900: libcurl info message cache 0 (Could not resolve host: cdn.unrealengine.com)
[2017.04.20-15.09.23:567][  1]LogHttp:Warning: 0000025072079900: libcurl info message cache 1 (Closing connection 0)
[2017.04.20-15.09.23:568][  1]LogFileCache: Retrieving MD5 hashes for directory 'C:/Users/Tristan/Documents/Tristan Work/Semester 2/comp140-gam160-game/SuhDude-Game/Content/' took 0.19s
[2017.04.20-15.09.23:595][  2]LogHttp:Warning: 0000025005A10A00: request failed, libcurl error: 6 (Couldn't resolve host name)
[2017.04.20-15.09.23:596][  2]LogHttp:Warning: 0000025005A10A00: libcurl info message cache 0 (Could not resolve host: cdn.unrealengine.com)
[2017.04.20-15.09.23:596][  2]LogHttp:Warning: 0000025005A10A00: libcurl info message cache 1 (Closing connection 1)
[2017.04.20-15.09.23:630][  6]LogHttp:Warning: 00000250066BB280: request failed, libcurl error: 6 (Couldn't resolve host name)
[2017.04.20-15.09.23:630][  6]LogHttp:Warning: 00000250066BB280: libcurl info message cache 0 (Could not resolve host: cdn.unrealengine.com)
[2017.04.20-15.09.23:630][  6]LogHttp:Warning: 00000250066BB280: libcurl info message cache 1 (Closing connection 2)
[2017.04.20-15.09.26:989][386]LogSavePackage: Save=56.61ms
[2017.04.20-15.09.26:989][386]LogSavePackage: Moving '../../../../../../Users/Tristan/Documents/Tristan Work/Semester 2/comp140-gam160-game/SuhDude-Game/Saved/MenuLevel3167970F43C72373A2CEA885C5B89019.tmp' to '../../../../../../Users/Tristan/Documents/Tristan Work/Semester 2/comp140-gam160-game/SuhDude-Game/Content/Maps/MenuLevel.umap'
[2017.04.20-15.09.26:990][386]LogSavePackage:Display: Finished SavePackage ../../../../../../Users/Tristan/Documents/Tristan Work/Semester 2/comp140-gam160-game/SuhDude-Game/Content/Maps/MenuLevel.umap
[2017.04.20-15.09.34:931][320]LogTemp:Warning: Connection Failure - reason unknown
[2017.04.20-15.09.34:934][320]LogTemp:Warning: Connection Failure - reason unknown
[2017.04.20-15.09.34:935][320]LogTemp:Warning: Connection Failure - reason unknown
[2017.04.20-15.09.34:937][320]LogTemp:Warning: Connection Failure - reason unknown
[2017.04.20-15.09.34:938][320]LogTemp:Warning: Connection Failure - reason unknown
[2017.04.20-15.09.34:940][320]LogTemp:Warning: Connection Failure - reason unknown
[2017.04.20-15.09.35:307][320]LogContentBrowser: Native class hierarchy updated for 'BlueprintGraph' in 0.0011 seconds. Added 111 classes and 0 folders.
[2017.04.20-15.09.35:762][320]LogTemp:Warning: Connection Failure - reason unknown
[2017.04.20-15.09.40:310][853]BlueprintLog: New page: Compile Arduino
[2017.04.20-15.09.40:314][853]LogTemp:Warning: Connection Failure - reason unknown
[2017.04.20-15.09.40:314][853]LogTemp:Warning: Connection Failure - reason unknown
[2017.04.20-15.09.40:316][853]LogTemp:Warning: Connection Failure - reason unknown
[2017.04.20-15.09.40:318][853]LogTemp:Warning: Connection Failure - reason unknown
[2017.04.20-15.09.40:383][853]BlueprintEditorCompileResults: Info The execution path doesn't end with a return node.  then
[2017.04.20-15.09.44:498][341]LogRenderer: Reallocating scene render targets to support 1288x696 NumSamples 1 (Frame:8).
[2017.04.20-15.09.50:339][ 40]BlueprintLog: New page: Compile Arduino
[2017.04.20-15.09.50:343][ 40]LogTemp:Warning: Connection Failure - reason unknown
[2017.04.20-15.09.50:343][ 40]LogTemp:Warning: Connection Failure - reason unknown
[2017.04.20-15.09.50:344][ 40]LogTemp:Warning: Connection Failure - reason unknown
[2017.04.20-15.09.50:347][ 40]LogTemp:Warning: Connection Failure - reason unknown
[2017.04.20-15.09.50:401][ 40]BlueprintEditorCompileResults: Info The execution path doesn't end with a return node.  then
[2017.04.20-15.09.52:924][217]Cmd: OBJ SAVEPACKAGE PACKAGE="/Game/Arduino" FILE="../../../../../../Users/Tristan/Documents/Tristan Work/Semester 2/comp140-gam160-game/SuhDude-Game/Content/Arduino.uasset" SILENT=true
[2017.04.20-15.09.52:958][217]LogSavePackage: Save=14.16ms
[2017.04.20-15.09.52:959][217]LogSavePackage: Moving '../../../../../../Users/Tristan/Documents/Tristan Work/Semester 2/comp140-gam160-game/SuhDude-Game/Saved/ArduinoD02F5ECA4EC201C79BD65DAC96FC3B97.tmp' to '../../../../../../Users/Tristan/Documents/Tristan Work/Semester 2/comp140-gam160-game/SuhDude-Game/Content/Arduino.uasset'
[2017.04.20-15.09.52:961][217]LogSavePackage:Display: Finished SavePackage ../../../../../../Users/Tristan/Documents/Tristan Work/Semester 2/comp140-gam160-game/SuhDude-Game/Content/Arduino.uasset
[2017.04.20-15.09.59:077][940]Cmd: MAP LOAD FILE="../../../../../../Users/Tristan/Documents/Tristan Work/Semester 2/comp140-gam160-game/SuhDude-Game/Content/Maps/Map1.umap" TEMPLATE=0 SHOWPROGRESS=1 FEATURELEVEL=3
[2017.04.20-15.09.59:094][940]LightingResults: New page: Lighting Build
[2017.04.20-15.09.59:095][940]LoadErrors: New page: Loading map: Map1.umap
[2017.04.20-15.09.59:098][940]MapCheck: New page: Map Check
[2017.04.20-15.09.59:098][940]LightingResults: New page: Lighting Build
[2017.04.20-15.09.59:195][940]LogTemp:Warning: Connection Failure - reason unknown
[2017.04.20-15.09.59:195][940]LogTemp:Warning: Connection Failure - reason unknown
[2017.04.20-15.09.59:237][940]LogAIModule: Creating AISystem for world Map1
[2017.04.20-15.09.59:253][940]LogEditorServer: Finished looking for orphan Actors (0.000 secs)
[2017.04.20-15.09.59:282][940]Cmd: MAP CHECKDEP NOCLEARLOG
[2017.04.20-15.09.59:321][940]MapCheck: Info Map check complete: 0 Error(s), 0 Warning(s), took 38.812ms to complete.
[2017.04.20-15.09.59:321][940]LogFileHelpers: Loading map 'Map1' took 0.246
[2017.04.20-15.10.01:463][190]LogEditorActor: Deleted Actor: Arduino_C
[2017.04.20-15.10.01:476][190]LogEditorActor: Deleted 1 Actors (0.014 secs)
[2017.04.20-15.10.02:424][303]LogEditorActor: Deleted Actor: Arduino_C
[2017.04.20-15.10.02:434][303]LogEditorActor: Deleted 1 Actors (0.011 secs)
[2017.04.20-15.10.05:152][627]LogTemp:Warning: Connection Failure - reason unknown
[2017.04.20-15.10.05:286][634]LogTemp:Warning: Connection Failure - reason unknown
[2017.04.20-15.10.08:178][854]LogSavePackage: Save=75.36ms
[2017.04.20-15.10.08:178][854]LogSavePackage: Moving '../../../../../../Users/Tristan/Documents/Tristan Work/Semester 2/comp140-gam160-game/SuhDude-Game/Saved/Map1DC2C2F4E4FAF4CD8AE12C0BAC84EB810.tmp' to '../../../../../../Users/Tristan/Documents/Tristan Work/Semester 2/comp140-gam160-game/SuhDude-Game/Content/Maps/Map1.umap'
[2017.04.20-15.10.08:182][854]LogSavePackage:Display: Finished SavePackage ../../../../../../Users/Tristan/Documents/Tristan Work/Semester 2/comp140-gam160-game/SuhDude-Game/Content/Maps/Map1.umap
[2017.04.20-15.10.08:205][854]LogFileHelpers: Saving map 'Map1' took 0.168
[2017.04.20-15.10.23:390][676]LogHttp:Warning: 0000025026325480: request failed, libcurl error: 6 (Couldn't resolve host name)
[2017.04.20-15.10.23:390][676]LogHttp:Warning: 0000025026325480: libcurl info message cache 0 (Could not resolve host: datarouter.ol.epicgames.com)
[2017.04.20-15.10.23:390][676]LogHttp:Warning: 0000025026325480: libcurl info message cache 1 (Closing connection 3)
[2017.04.20-15.10.29:844][444]LogTemp: Repeting last play command: Selected Viewport
[2017.04.20-15.10.29:864][444]LogBlueprintUserMessages: Early PlayInEditor Detection: Level '/Game/Maps/Map1.Map1:PersistentLevel' has LevelScriptBlueprint '/Game/Maps/Map1.Map1:PersistentLevel.Map1' with GeneratedClass '/Game/Maps/Map1.Map1_C' with ClassGeneratedBy '/Game/Maps/Map1.Map1:PersistentLevel.Map1'
[2017.04.20-15.10.29:864][444]LogPlayLevel: PlayLevel: No blueprints needed recompiling
[2017.04.20-15.10.29:865][444]PIE: New page: PIE session: Map1 (20 Apr 2017 17:10:29)
[2017.04.20-15.10.29:865][444]LogPlayLevel: Creating play world package: /Game/Maps/UEDPIE_0_Map1
[2017.04.20-15.10.29:865][444]LogTemp:Warning: Connection Failure - reason unknown
[2017.04.20-15.10.29:867][444]LogPlayLevel: PIE: StaticDuplicateObject took: (0.002044s)
[2017.04.20-15.10.29:868][444]LogAIModule: Creating AISystem for world Map1
[2017.04.20-15.10.29:868][444]LogPlayLevel: PIE: World Init took: (0.000621s)
[2017.04.20-15.10.29:868][444]LogPlayLevel: PIE: Created PIE world by copying editor world from /Game/Maps/Map1.Map1 to /Game/Maps/UEDPIE_0_Map1.Map1 (0.003041s)
[2017.04.20-15.10.29:882][444]LogInit: XAudio2 using 'Speakers (Realtek High Definition Audio)' : 6 channels at 48 kHz using 32 bits per sample (channel mask 0x60f)
[2017.04.20-15.10.29:890][444]LogInit: FAudioDevice initialized.
[2017.04.20-15.10.29:933][444]LogLoad: Game class is 'MainGameMode_C'
[2017.04.20-15.10.29:935][444]LogWorld: Bringing World /Game/Maps/UEDPIE_0_Map1.Map1 up for play (max tick rate 0) at 2017.04.20-16.10.29
[2017.04.20-15.10.29:935][444]LogWorld: Bringing up level for play took: 0.001276
[2017.04.20-15.10.29:965][444]LogContentBrowser: Native class hierarchy updated for 'MovieSceneCapture' in 0.0009 seconds. Added 11 classes and 0 folders.
[2017.04.20-15.10.29:966][444]PIE: Info Play in editor start time for /Game/Maps/UEDPIE_0_Map1 0.152
[2017.04.20-15.10.29:967][444]LogBlueprintUserMessages: Late PlayInEditor Detection: Level '/Game/Maps/Map1.Map1:PersistentLevel' has LevelScriptBlueprint '/Game/Maps/Map1.Map1:PersistentLevel.Map1' with GeneratedClass '/Game/Maps/Map1.Map1_C' with ClassGeneratedBy '/Game/Maps/Map1.Map1:PersistentLevel.Map1'
[2017.04.20-15.10.29:967][444]LogTemp:Warning: Not Connected
[2017.04.20-15.10.29:997][445]LogTemp:Warning: Not Connected
[2017.04.20-15.10.30:007][446]LogTemp:Warning: Not Connected
[2017.04.20-15.10.30:015][447]LogTemp:Warning: Not Connected
[2017.04.20-15.10.30:025][448]LogTemp:Warning: Not Connected
[2017.04.20-15.10.30:033][449]LogTemp:Warning: Not Connected
[2017.04.20-15.10.30:044][450]LogTemp:Warning: Not Connected
[2017.04.20-15.10.30:050][451]LogTemp:Warning: Not Connected
[2017.04.20-15.10.30:060][452]LogTemp:Warning: Not Connected
[2017.04.20-15.10.30:069][453]LogTemp:Warning: Not Connected
[2017.04.20-15.10.30:077][454]LogTemp:Warning: Not Connected
[2017.04.20-15.10.30:085][455]LogTemp:Warning: Not Connected
[2017.04.20-15.10.30:094][456]LogTemp:Warning: Not Connected
[2017.04.20-15.10.30:103][457]LogTemp:Warning: Not Connected
[2017.04.20-15.10.30:111][458]LogTemp:Warning: Not Connected
[2017.04.20-15.10.30:119][459]LogTemp:Warning: Not Connected
[2017.04.20-15.10.30:128][460]LogTemp:Warning: Not Connected
[2017.04.20-15.10.30:136][461]LogTemp:Warning: Not Connected
[2017.04.20-15.10.30:144][462]LogTemp:Warning: Not Connected
[2017.04.20-15.10.30:153][463]LogTemp:Warning: Not Connected
[2017.04.20-15.10.30:161][464]LogTemp:Warning: Not Connected
[2017.04.20-15.10.30:170][465]LogTemp:Warning: Not Connected
[2017.04.20-15.10.30:178][466]LogTemp:Warning: Not Connected
[2017.04.20-15.10.30:186][467]LogTemp:Warning: Not Connected
[2017.04.20-15.10.30:194][468]LogTemp:Warning: Not Connected
[2017.04.20-15.10.30:203][469]LogTemp:Warning: Not Connected
[2017.04.20-15.10.30:211][470]LogTemp:Warning: Not Connected
[2017.04.20-15.10.30:220][471]LogTemp:Warning: Not Connected
[2017.04.20-15.10.30:229][472]LogTemp:Warning: Not Connected
[2017.04.20-15.10.30:236][473]LogTemp:Warning: Not Connected
[2017.04.20-15.10.30:245][474]LogTemp:Warning: Not Connected
[2017.04.20-15.10.30:253][475]LogTemp:Warning: Not Connected
[2017.04.20-15.10.30:261][476]LogTemp:Warning: Not Connected
[2017.04.20-15.10.30:270][477]LogTemp:Warning: Not Connected
[2017.04.20-15.10.30:279][478]LogTemp:Warning: Not Connected
[2017.04.20-15.10.30:287][479]LogTemp:Warning: Not Connected
[2017.04.20-15.10.30:295][480]LogTemp:Warning: Not Connected
[2017.04.20-15.10.30:304][481]LogTemp:Warning: Not Connected
[2017.04.20-15.10.30:312][482]LogTemp:Warning: Not Connected
[2017.04.20-15.10.30:320][483]LogTemp:Warning: Not Connected
[2017.04.20-15.10.30:329][484]LogTemp:Warning: Not Connected
[2017.04.20-15.10.30:337][485]LogTemp:Warning: Not Connected
[2017.04.20-15.10.30:346][486]LogTemp:Warning: Not Connected
[2017.04.20-15.10.30:354][487]LogTemp:Warning: Not Connected
[2017.04.20-15.10.30:362][488]LogTemp:Warning: Not Connected
[2017.04.20-15.10.30:371][489]LogTemp:Warning: Not Connected
[2017.04.20-15.10.30:389][490]LogTemp:Warning: Not Connected
[2017.04.20-15.10.30:401][491]LogTemp:Warning: Not Connected
[2017.04.20-15.10.30:410][492]LogTemp:Warning: Not Connected
[2017.04.20-15.10.30:420][493]LogTemp:Warning: Not Connected
[2017.04.20-15.10.30:430][494]LogTemp:Warning: Not Connected
[2017.04.20-15.10.30:440][495]LogTemp:Warning: Not Connected
[2017.04.20-15.10.30:448][496]LogTemp:Warning: Not Connected
[2017.04.20-15.10.30:457][497]LogTemp:Warning: Not Connected
[2017.04.20-15.10.30:466][498]LogTemp:Warning: Not Connected
[2017.04.20-15.10.30:474][499]LogTemp:Warning: Not Connected
[2017.04.20-15.10.30:484][500]LogTemp:Warning: Not Connected
[2017.04.20-15.10.30:493][501]LogTemp:Warning: Not Connected
[2017.04.20-15.10.30:503][502]LogTemp:Warning: Not Connected
[2017.04.20-15.10.30:512][503]LogTemp:Warning: Not Connected
[2017.04.20-15.10.30:520][504]LogTemp:Warning: Not Connected
[2017.04.20-15.10.30:532][505]LogTemp:Warning: Not Connected
[2017.04.20-15.10.30:542][506]LogTemp:Warning: Not Connected
[2017.04.20-15.10.30:551][507]LogTemp:Warning: Not Connected
[2017.04.20-15.10.30:560][508]LogTemp:Warning: Not Connected
[2017.04.20-15.10.30:568][509]LogTemp:Warning: Not Connected
[2017.04.20-15.10.30:577][510]LogTemp:Warning: Not Connected
[2017.04.20-15.10.30:586][511]LogTemp:Warning: Not Connected
[2017.04.20-15.10.30:595][512]LogTemp:Warning: Not Connected
[2017.04.20-15.10.30:603][513]LogTemp:Warning: Not Connected
[2017.04.20-15.10.30:615][514]LogTemp:Warning: Not Connected
[2017.04.20-15.10.30:624][515]LogTemp:Warning: Not Connected
[2017.04.20-15.10.30:633][516]LogTemp:Warning: Not Connected
[2017.04.20-15.10.30:642][517]LogTemp:Warning: Not Connected
[2017.04.20-15.10.30:651][518]LogTemp:Warning: Not Connected
[2017.04.20-15.10.30:660][519]LogTemp:Warning: Not Connected
[2017.04.20-15.10.30:669][520]LogTemp:Warning: Not Connected
[2017.04.20-15.10.30:677][521]LogTemp:Warning: Not Connected
[2017.04.20-15.10.30:686][522]LogTemp:Warning: Not Connected
[2017.04.20-15.10.30:695][523]LogTemp:Warning: Not Connected
[2017.04.20-15.10.30:704][524]LogTemp:Warning: Not Connected
[2017.04.20-15.10.30:712][525]LogTemp:Warning: Not Connected
[2017.04.20-15.10.30:721][526]LogTemp:Warning: Not Connected
[2017.04.20-15.10.30:730][527]LogTemp:Warning: Not Connected
[2017.04.20-15.10.30:739][528]LogTemp:Warning: Not Connected
[2017.04.20-15.10.30:747][529]LogTemp:Warning: Not Connected
[2017.04.20-15.10.30:756][530]LogTemp:Warning: Not Connected
[2017.04.20-15.10.30:764][531]LogTemp:Warning: Not Connected
[2017.04.20-15.10.30:773][532]LogTemp:Warning: Not Connected
[2017.04.20-15.10.30:782][533]LogTemp:Warning: Not Connected
[2017.04.20-15.10.30:791][534]LogTemp:Warning: Not Connected
[2017.04.20-15.10.30:801][535]LogTemp:Warning: Not Connected
[2017.04.20-15.10.30:811][536]LogTemp:Warning: Not Connected
[2017.04.20-15.10.30:820][537]LogTemp:Warning: Not Connected
[2017.04.20-15.10.30:828][538]LogTemp:Warning: Not Connected
[2017.04.20-15.10.30:837][539]LogTemp:Warning: Not Connected
[2017.04.20-15.10.30:846][540]LogTemp:Warning: Not Connected
[2017.04.20-15.10.30:854][541]LogTemp:Warning: Not Connected
[2017.04.20-15.10.30:863][542]LogTemp:Warning: Not Connected
[2017.04.20-15.10.30:871][543]LogTemp:Warning: Not Connected
[2017.04.20-15.10.30:880][544]LogTemp:Warning: Not Connected
[2017.04.20-15.10.30:889][545]LogTemp:Warning: Not Connected
[2017.04.20-15.10.30:897][546]LogTemp:Warning: Not Connected
[2017.04.20-15.10.30:906][547]LogTemp:Warning: Not Connected
[2017.04.20-15.10.30:914][548]LogTemp:Warning: Not Connected
[2017.04.20-15.10.30:922][549]LogTemp:Warning: Not Connected
[2017.04.20-15.10.30:931][550]LogTemp:Warning: Not Connected
[2017.04.20-15.10.30:939][551]LogTemp:Warning: Not Connected
[2017.04.20-15.10.30:948][552]LogTemp:Warning: Not Connected
[2017.04.20-15.10.30:957][553]LogTemp:Warning: Not Connected
[2017.04.20-15.10.30:965][554]LogTemp:Warning: Not Connected
[2017.04.20-15.10.30:973][555]LogTemp:Warning: Not Connected
[2017.04.20-15.10.30:982][556]LogTemp:Warning: Not Connected
[2017.04.20-15.10.30:990][557]LogTemp:Warning: Not Connected
[2017.04.20-15.10.30:999][558]LogTemp:Warning: Not Connected
[2017.04.20-15.10.31:008][559]LogTemp:Warning: Not Connected
[2017.04.20-15.10.31:016][560]LogTemp:Warning: Not Connected
[2017.04.20-15.10.31:025][561]LogTemp:Warning: Not Connected
[2017.04.20-15.10.31:033][562]LogTemp:Warning: Not Connected
[2017.04.20-15.10.31:042][563]LogTemp:Warning: Not Connected
[2017.04.20-15.10.31:051][564]LogTemp:Warning: Not Connected
[2017.04.20-15.10.31:059][565]LogTemp:Warning: Not Connected
[2017.04.20-15.10.31:067][566]LogTemp:Warning: Not Connected
[2017.04.20-15.10.31:076][567]LogTemp:Warning: Not Connected
[2017.04.20-15.10.31:084][568]LogTemp:Warning: Not Connected
[2017.04.20-15.10.31:092][569]LogTemp:Warning: Not Connected
[2017.04.20-15.10.31:101][570]LogTemp:Warning: Not Connected
[2017.04.20-15.10.31:109][571]LogTemp:Warning: Not Connected
[2017.04.20-15.10.31:117][572]LogTemp:Warning: Not Connected
[2017.04.20-15.10.31:126][573]LogTemp:Warning: Not Connected
[2017.04.20-15.10.31:134][574]LogTemp:Warning: Not Connected
[2017.04.20-15.10.31:143][575]LogTemp:Warning: Not Connected
[2017.04.20-15.10.31:151][576]LogTemp:Warning: Not Connected
[2017.04.20-15.10.31:159][577]LogTemp:Warning: Not Connected
[2017.04.20-15.10.31:168][578]LogTemp:Warning: Not Connected
[2017.04.20-15.10.31:176][579]LogTemp:Warning: Not Connected
[2017.04.20-15.10.31:184][580]LogTemp:Warning: Not Connected
[2017.04.20-15.10.31:193][581]LogTemp:Warning: Not Connected
[2017.04.20-15.10.31:201][582]LogTemp:Warning: Not Connected
[2017.04.20-15.10.31:209][583]LogTemp:Warning: Not Connected
[2017.04.20-15.10.31:218][584]LogTemp:Warning: Not Connected
[2017.04.20-15.10.31:227][585]LogTemp:Warning: Not Connected
[2017.04.20-15.10.31:235][586]LogTemp:Warning: Not Connected
[2017.04.20-15.10.31:243][587]LogTemp:Warning: Not Connected
[2017.04.20-15.10.31:252][588]LogTemp:Warning: Not Connected
[2017.04.20-15.10.31:260][589]LogTemp:Warning: Not Connected
[2017.04.20-15.10.31:269][590]LogTemp:Warning: Not Connected
[2017.04.20-15.10.31:277][591]LogTemp:Warning: Not Connected
[2017.04.20-15.10.31:285][592]LogTemp:Warning: Not Connected
[2017.04.20-15.10.31:294][593]LogTemp:Warning: Not Connected
[2017.04.20-15.10.31:302][594]LogTemp:Warning: Not Connected
[2017.04.20-15.10.31:311][595]LogTemp:Warning: Not Connected
[2017.04.20-15.10.31:319][596]LogTemp:Warning: Not Connected
[2017.04.20-15.10.31:327][597]LogTemp:Warning: Not Connected
[2017.04.20-15.10.31:337][598]LogTemp:Warning: Not Connected
[2017.04.20-15.10.31:345][599]LogTemp:Warning: Not Connected
[2017.04.20-15.10.31:353][600]LogTemp:Warning: Not Connected
[2017.04.20-15.10.31:362][601]LogTemp:Warning: Not Connected
[2017.04.20-15.10.31:370][602]LogTemp:Warning: Not Connected
[2017.04.20-15.10.31:378][603]LogTemp:Warning: Not Connected
[2017.04.20-15.10.31:387][604]LogTemp:Warning: Not Connected
[2017.04.20-15.10.31:396][605]LogTemp:Warning: Not Connected
[2017.04.20-15.10.31:410][606]LogTemp:Warning: Not Connected
[2017.04.20-15.10.31:419][607]LogTemp:Warning: Not Connected
[2017.04.20-15.10.31:428][608]LogTemp:Warning: Not Connected
[2017.04.20-15.10.31:436][609]LogTemp:Warning: Not Connected
[2017.04.20-15.10.31:445][610]LogTemp:Warning: Not Connected
[2017.04.20-15.10.31:454][611]LogTemp:Warning: Not Connected
[2017.04.20-15.10.31:463][612]LogTemp:Warning: Not Connected
[2017.04.20-15.10.31:471][613]LogTemp:Warning: Not Connected
[2017.04.20-15.10.31:480][614]LogTemp:Warning: Not Connected
[2017.04.20-15.10.31:488][615]LogTemp:Warning: Not Connected
[2017.04.20-15.10.31:497][616]LogTemp:Warning: Not Connected
[2017.04.20-15.10.31:505][617]LogTemp:Warning: Not Connected
[2017.04.20-15.10.31:514][618]LogTemp:Warning: Not Connected
[2017.04.20-15.10.31:522][619]LogTemp:Warning: Not Connected
[2017.04.20-15.10.31:531][620]LogTemp:Warning: Not Connected
[2017.04.20-15.10.31:539][621]LogTemp:Warning: Not Connected
[2017.04.20-15.10.31:548][622]LogTemp:Warning: Not Connected
[2017.04.20-15.10.31:556][623]LogTemp:Warning: Not Connected
[2017.04.20-15.10.31:564][624]LogTemp:Warning: Not Connected
[2017.04.20-15.10.31:573][625]LogTemp:Warning: Not Connected
[2017.04.20-15.10.31:581][626]LogTemp:Warning: Not Connected
[2017.04.20-15.10.31:589][627]LogTemp:Warning: Not Connected
[2017.04.20-15.10.31:599][628]LogTemp:Warning: Not Connected
[2017.04.20-15.10.31:607][629]LogTemp:Warning: Not Connected
[2017.04.20-15.10.31:615][630]LogTemp:Warning: Not Connected
[2017.04.20-15.10.31:624][631]LogTemp:Warning: Not Connected
[2017.04.20-15.10.31:632][632]LogTemp:Warning: Not Connected
[2017.04.20-15.10.31:640][633]LogTemp:Warning: Not Connected
[2017.04.20-15.10.31:650][634]LogTemp:Warning: Not Connected
[2017.04.20-15.10.31:658][635]LogTemp:Warning: Not Connected
[2017.04.20-15.10.31:667][636]LogTemp:Warning: Not Connected
[2017.04.20-15.10.31:675][637]LogTemp:Warning: Not Connected
[2017.04.20-15.10.31:684][638]LogTemp:Warning: Not Connected
[2017.04.20-15.10.31:692][639]LogTemp:Warning: Not Connected
[2017.04.20-15.10.31:700][640]LogTemp:Warning: Not Connected
[2017.04.20-15.10.31:709][641]LogTemp:Warning: Not Connected
[2017.04.20-15.10.31:717][642]LogTemp:Warning: Not Connected
[2017.04.20-15.10.31:726][643]LogTemp:Warning: Not Connected
[2017.04.20-15.10.31:734][644]LogTemp:Warning: Not Connected
[2017.04.20-15.10.31:743][645]LogTemp:Warning: Not Connected
[2017.04.20-15.10.31:751][646]LogTemp:Warning: Not Connected
[2017.04.20-15.10.31:760][647]LogTemp:Warning: Not Connected
[2017.04.20-15.10.31:771][648]LogTemp:Warning: Not Connected
[2017.04.20-15.10.31:781][649]LogTemp:Warning: Not Connected
[2017.04.20-15.10.31:790][650]LogTemp:Warning: Not Connected
[2017.04.20-15.10.31:802][651]LogTemp:Warning: Not Connected
[2017.04.20-15.10.31:812][652]LogTemp:Warning: Not Connected
[2017.04.20-15.10.31:825][653]LogTemp:Warning: Not Connected
[2017.04.20-15.10.31:837][654]LogTemp:Warning: Not Connected
[2017.04.20-15.10.31:846][655]LogTemp:Warning: Not Connected
[2017.04.20-15.10.31:858][656]LogTemp:Warning: Not Connected
[2017.04.20-15.10.31:866][657]LogTemp:Warning: Not Connected
[2017.04.20-15.10.31:875][658]LogTemp:Warning: Not Connected
[2017.04.20-15.10.31:884][659]LogTemp:Warning: Not Connected
[2017.04.20-15.10.31:892][660]LogTemp:Warning: Not Connected
[2017.04.20-15.10.31:900][661]LogTemp:Warning: Not Connected
[2017.04.20-15.10.31:909][662]LogTemp:Warning: Not Connected
[2017.04.20-15.10.31:917][663]LogTemp:Warning: Not Connected
[2017.04.20-15.10.31:926][664]LogTemp:Warning: Not Connected
[2017.04.20-15.10.31:935][665]LogTemp:Warning: Not Connected
[2017.04.20-15.10.31:944][666]LogTemp:Warning: Not Connected
[2017.04.20-15.10.31:951][667]LogTemp:Warning: Not Connected
[2017.04.20-15.10.31:961][668]LogTemp:Warning: Not Connected
[2017.04.20-15.10.31:972][669]LogTemp:Warning: Not Connected
[2017.04.20-15.10.31:980][670]LogTemp:Warning: Not Connected
[2017.04.20-15.10.31:991][671]LogTemp:Warning: Not Connected
[2017.04.20-15.10.32:001][672]LogTemp:Warning: Not Connected
[2017.04.20-15.10.32:010][673]LogTemp:Warning: Not Connected
[2017.04.20-15.10.32:019][674]LogTemp:Warning: Not Connected
[2017.04.20-15.10.32:030][675]LogTemp:Warning: Not Connected
[2017.04.20-15.10.32:039][676]LogTemp:Warning: Not Connected
[2017.04.20-15.10.32:055][677]LogTemp:Warning: Not Connected
[2017.04.20-15.10.32:087][678]LogTemp:Warning: Not Connected
[2017.04.20-15.10.32:104][679]LogTemp:Warning: Not Connected
[2017.04.20-15.10.32:119][680]LogTemp:Warning: Not Connected
[2017.04.20-15.10.32:134][681]LogTemp:Warning: Not Connected
[2017.04.20-15.10.32:148][682]LogTemp:Warning: Not Connected
[2017.04.20-15.10.32:154][683]LogTemp:Warning: Not Connected
[2017.04.20-15.10.32:177][684]LogTemp:Warning: Not Connected
[2017.04.20-15.10.32:186][685]LogTemp:Warning: Not Connected
[2017.04.20-15.10.32:195][686]LogTemp:Warning: Not Connected
[2017.04.20-15.10.32:216][687]LogTemp:Warning: Not Connected
[2017.04.20-15.10.32:267][688]LogTemp:Warning: Not Connected
[2017.04.20-15.10.32:275][689]LogTemp:Warning: Not Connected
[2017.04.20-15.10.32:317][690]LogTemp:Warning: Not Connected
[2017.04.20-15.10.32:327][691]LogTemp:Warning: Not Connected
[2017.04.20-15.10.32:362][692]LogTemp:Warning: Not Connected
[2017.04.20-15.10.32:422][693]LogTemp:Warning: Not Connected
[2017.04.20-15.10.32:443][694]LogTemp:Warning: Not Connected
[2017.04.20-15.10.32:454][695]LogTemp:Warning: Not Connected
[2017.04.20-15.10.32:473][696]LogTemp:Warning: Not Connected
[2017.04.20-15.10.32:481][697]LogTemp:Warning: Not Connected
[2017.04.20-15.10.32:492][698]LogTemp:Warning: Not Connected
[2017.04.20-15.10.32:501][699]LogTemp:Warning: Not Connected
[2017.04.20-15.10.32:510][700]LogTemp:Warning: Not Connected
[2017.04.20-15.10.32:521][701]LogTemp:Warning: Not Connected
[2017.04.20-15.10.32:529][702]LogTemp:Warning: Not Connected
[2017.04.20-15.10.32:538][703]LogTemp:Warning: Not Connected
[2017.04.20-15.10.32:547][704]LogTemp:Warning: Not Connected
[2017.04.20-15.10.32:555][705]LogTemp:Warning: Not Connected
[2017.04.20-15.10.32:564][706]LogTemp:Warning: Not Connected
[2017.04.20-15.10.32:572][707]LogTemp:Warning: Not Connected
[2017.04.20-15.10.32:581][708]LogTemp:Warning: Not Connected
[2017.04.20-15.10.32:589][709]LogTemp:Warning: Not Connected
[2017.04.20-15.10.32:597][710]LogTemp:Warning: Not Connected
[2017.04.20-15.10.32:606][711]LogTemp:Warning: Not Connected
[2017.04.20-15.10.32:614][712]LogTemp:Warning: Not Connected
[2017.04.20-15.10.32:623][713]LogTemp:Warning: Not Connected
[2017.04.20-15.10.32:631][714]LogTemp:Warning: Not Connected
[2017.04.20-15.10.32:639][715]LogTemp:Warning: Not Connected
[2017.04.20-15.10.32:648][716]LogTemp:Warning: Not Connected
[2017.04.20-15.10.32:659][717]LogTemp:Warning: Not Connected
[2017.04.20-15.10.32:669][718]LogTemp:Warning: Not Connected
[2017.04.20-15.10.32:677][719]LogTemp:Warning: Not Connected
[2017.04.20-15.10.32:686][720]LogTemp:Warning: Not Connected
[2017.04.20-15.10.32:695][721]LogTemp:Warning: Not Connected
[2017.04.20-15.10.32:715][722]LogTemp:Warning: Not Connected
[2017.04.20-15.10.32:748][722]LogBlueprintUserMessages: Early EndPlayMap Detection: Level '/Game/Maps/Map1.Map1:PersistentLevel' has LevelScriptBlueprint '/Game/Maps/Map1.Map1:PersistentLevel.Map1' with GeneratedClass '/Game/Maps/Map1.Map1_C' with ClassGeneratedBy '/Game/Maps/Map1.Map1:PersistentLevel.Map1'
[2017.04.20-15.10.32:798][722]LogBlueprintUserMessages: Late EndPlayMap Detection: Level '/Game/Maps/Map1.Map1:PersistentLevel' has LevelScriptBlueprint '/Game/Maps/Map1.Map1:PersistentLevel.Map1' with GeneratedClass '/Game/Maps/Map1.Map1_C' with ClassGeneratedBy '/Game/Maps/Map1.Map1:PersistentLevel.Map1'
[2017.04.20-15.10.41:045][679]LogTemp: Repeting last play command: Selected Viewport
[2017.04.20-15.10.41:059][679]LogBlueprintUserMessages: Early PlayInEditor Detection: Level '/Game/Maps/Map1.Map1:PersistentLevel' has LevelScriptBlueprint '/Game/Maps/Map1.Map1:PersistentLevel.Map1' with GeneratedClass '/Game/Maps/Map1.Map1_C' with ClassGeneratedBy '/Game/Maps/Map1.Map1:PersistentLevel.Map1'
[2017.04.20-15.10.41:059][679]LogPlayLevel: PlayLevel: No blueprints needed recompiling
[2017.04.20-15.10.41:059][679]PIE: New page: PIE session: Map1 (20 Apr 2017 17:10:41)
[2017.04.20-15.10.41:059][679]LogPlayLevel: Creating play world package: /Game/Maps/UEDPIE_0_Map1
[2017.04.20-15.10.43:062][679]LogTemp:Warning: Connection Success
[2017.04.20-15.10.43:063][679]LogPlayLevel: PIE: StaticDuplicateObject took: (2.003565s)
[2017.04.20-15.10.43:064][679]LogAIModule: Creating AISystem for world Map1
[2017.04.20-15.10.43:064][679]LogPlayLevel: PIE: World Init took: (0.000433s)
[2017.04.20-15.10.43:064][679]LogPlayLevel: PIE: Created PIE world by copying editor world from /Game/Maps/Map1.Map1 to /Game/Maps/UEDPIE_0_Map1.Map1 (2.004298s)
[2017.04.20-15.10.43:079][679]LogInit: XAudio2 using 'Speakers (Realtek High Definition Audio)' : 6 channels at 48 kHz using 32 bits per sample (channel mask 0x60f)
[2017.04.20-15.10.43:086][679]LogInit: FAudioDevice initialized.
[2017.04.20-15.10.43:116][679]LogLoad: Game class is 'MainGameMode_C'
[2017.04.20-15.10.43:117][679]LogWorld: Bringing World /Game/Maps/UEDPIE_0_Map1.Map1 up for play (max tick rate 0) at 2017.04.20-16.10.43
[2017.04.20-15.10.43:117][679]LogWorld: Bringing up level for play took: 0.001200
[2017.04.20-15.10.43:119][679]PIE: Info Play in editor start time for /Game/Maps/UEDPIE_0_Map1 1.304
[2017.04.20-15.10.43:119][679]LogBlueprintUserMessages: Late PlayInEditor Detection: Level '/Game/Maps/Map1.Map1:PersistentLevel' has LevelScriptBlueprint '/Game/Maps/Map1.Map1:PersistentLevel.Map1' with GeneratedClass '/Game/Maps/Map1.Map1_C' with ClassGeneratedBy '/Game/Maps/Map1.Map1:PersistentLevel.Map1'
[2017.04.20-15.10.52:687][826]LogBlueprintUserMessages: Early EndPlayMap Detection: Level '/Game/Maps/Map1.Map1:PersistentLevel' has LevelScriptBlueprint '/Game/Maps/Map1.Map1:PersistentLevel.Map1' with GeneratedClass '/Game/Maps/Map1.Map1_C' with ClassGeneratedBy '/Game/Maps/Map1.Map1:PersistentLevel.Map1'
[2017.04.20-15.10.52:725][826]LogBlueprintUserMessages: Late EndPlayMap Detection: Level '/Game/Maps/Map1.Map1:PersistentLevel' has LevelScriptBlueprint '/Game/Maps/Map1.Map1:PersistentLevel.Map1' with GeneratedClass '/Game/Maps/Map1.Map1_C' with ClassGeneratedBy '/Game/Maps/Map1.Map1:PersistentLevel.Map1'
[2017.04.20-15.11.11:622][951]Cmd: CLOSE_SLATE_MAINFRAME
[2017.04.20-15.11.11:744][951]LogDirectoryWatcher: A directory notification for '../../../Engine/Plugins/' was aborted.
[2017.04.20-15.11.11:744][951]LogDirectoryWatcher: A directory notification for '../../../../../../Users/Tristan/Documents/Tristan Work/Semester 2/comp140-gam160-game/SuhDude-Game/Plugins/' was aborted.
[2017.04.20-15.11.11:745][951]LogWindowsTextInputMethodSystem:Display: IME system now deactivated.
[2017.04.20-15.11.11:957][952]Cmd: QUIT_EDITOR
[2017.04.20-15.11.12:655][952]LogExit: Preparing to exit.
[2017.04.20-15.11.13:703][952]LogDirectoryWatcher: A directory notification for 'C:/Users/Tristan/Documents/Tristan Work/Semester 2/comp140-gam160-game/SuhDude-Game/Content/' was aborted.
[2017.04.20-15.11.13:730][952]LogExit: Editor shut down
[2017.04.20-15.11.13:731][952]LogExit: Transaction tracking system shut down
[2017.04.20-15.11.13:814][952]LogObj: Freed 0b from 0 cluster array pools.
[2017.04.20-15.11.13:814][952]LogExit: Object subsystem successfully closed.
[2017.04.20-15.11.13:824][952]LogD3D11RHI: Shutdown
[2017.04.20-15.11.13:824][952]LogD3D11RHI: CleanupD3DDevice
[2017.04.20-15.11.13:888][952]LogD3D11RHI: ~FD3D11DynamicRHI
[2017.04.20-15.11.13:900][952]LogHttp:Display: Http module shutting down, but needs to wait on 1 outstanding Http requests:
[2017.04.20-15.11.13:900][952]LogHttp:Display: 	verb=[POST] url=[https://datarouter.ol.epicgames.com/datarouter/api/v1/public/data?SessionID=%7BCEDB8574-4547-7968-CE8D-4B922FE4E6C2%7D&AppID=UEEditor.Rocket.Release&AppVersion=4.14.3-3249277%2B%2B%2BUE4%2BRelease-4.14&UserID=fa1fb0654532ed69c4b21e9a56bf7c07%7C91600aac168940c7ad6ecd8e89500ac8%7C34971e3b-de74-4b33-8b0f-a88e7369d9ca&AppEnvironment=datacollector-binary&UploadType=eteventstream] status=Processing
[2017.04.20-15.11.13:906][952]LogModuleManager: Shutting down and abandoning module MovieSceneCapture (246)
[2017.04.20-15.11.13:906][952]LogModuleManager: Shutting down and abandoning module BlueprintGraph (245)
[2017.04.20-15.11.13:906][952]LogModuleManager: Shutting down and abandoning module BlueprintProfiler (244)
[2017.04.20-15.11.13:907][952]LogModuleManager: Shutting down and abandoning module HierarchicalLODOutliner (243)
[2017.04.20-15.11.13:907][952]LogModuleManager: Shutting down and abandoning module CrashTracker (242)
[2017.04.20-15.11.13:907][952]LogModuleManager: Shutting down and abandoning module SceneOutliner (241)
[2017.04.20-15.11.13:907][952]LogModuleManager: Shutting down and abandoning module WidgetCarousel (240)
[2017.04.20-15.11.13:907][952]LogModuleManager: Shutting down and abandoning module AddContentDialog (239)
[2017.04.20-15.11.13:907][952]LogDirectoryWatcher: A directory notification for 'C:/Program Files (x86)/Epic Games/4.14/FeaturePacks/' was aborted.
[2017.04.20-15.11.13:907][952]LogModuleManager: Shutting down and abandoning module GameplayTags (238)
[2017.04.20-15.11.13:907][952]LogModuleManager: Shutting down and abandoning module EditorWidgets (237)
[2017.04.20-15.11.13:907][952]LogModuleManager: Shutting down and abandoning module CollectionManager (236)
[2017.04.20-15.11.13:907][952]LogDirectoryWatcher: A directory notification for 'C:/Users/Tristan/Documents/Tristan Work/Semester 2/comp140-gam160-game/SuhDude-Game/Content/Collections/' was aborted.
[2017.04.20-15.11.13:907][952]LogDirectoryWatcher: A directory notification for 'C:/Users/Tristan/Documents/Tristan Work/Semester 2/comp140-gam160-game/SuhDude-Game/Content/Developers/Tristan/Collections/' was aborted.
[2017.04.20-15.11.13:907][952]LogDirectoryWatcher: A directory notification for 'C:/Users/Tristan/Documents/Tristan Work/Semester 2/comp140-gam160-game/SuhDude-Game/Saved/Collections/' was aborted.
[2017.04.20-15.11.13:907][952]LogModuleManager: Shutting down and abandoning module StatsViewer (235)
[2017.04.20-15.11.13:908][952]LogModuleManager: Shutting down and abandoning module FoliageEdit (234)
[2017.04.20-15.11.13:908][952]LogModuleManager: Shutting down and abandoning module LandscapeEditor (233)
[2017.04.20-15.11.13:908][952]LogModuleManager: Shutting down and abandoning module SceneDepthPickerMode (232)
[2017.04.20-15.11.13:908][952]LogModuleManager: Shutting down and abandoning module ActorPickerMode (231)
[2017.04.20-15.11.13:908][952]LogModuleManager: Shutting down and abandoning module GeometryMode (230)
[2017.04.20-15.11.13:908][952]LogModuleManager: Shutting down and abandoning module TextureAlignMode (229)
[2017.04.20-15.11.13:908][952]LogModuleManager: Shutting down and abandoning module BspMode (228)
[2017.04.20-15.11.13:908][952]LogModuleManager: Shutting down and abandoning module HardwareSurvey (227)
[2017.04.20-15.11.13:908][952]LogModuleManager: Shutting down and abandoning module SequenceRecorderSections (226)
[2017.04.20-15.11.13:908][952]LogModuleManager: Shutting down and abandoning module AutomationWorker (225)
[2017.04.20-15.11.13:908][952]LogModuleManager: Shutting down and abandoning module MatineeToLevelSequence (224)
[2017.04.20-15.11.13:908][952]LogModuleManager: Shutting down and abandoning module PlacementMode (223)
[2017.04.20-15.11.13:908][952]LogModuleManager: Shutting down and abandoning module LevelSequenceEditor (222)
[2017.04.20-15.11.13:908][952]LogModuleManager: Shutting down and abandoning module WmfMediaFactory (221)
[2017.04.20-15.11.13:908][952]LogModuleManager: Shutting down and abandoning module WmfMediaEditor (220)
[2017.04.20-15.11.13:908][952]LogModuleManager: Shutting down and abandoning module AvfMediaFactory (219)
[2017.04.20-15.11.13:908][952]LogModuleManager: Shutting down and abandoning module AvfMediaEditor (218)
[2017.04.20-15.11.13:908][952]LogModuleManager: Shutting down and abandoning module Media (217)
[2017.04.20-15.11.13:908][952]LogModuleManager: Shutting down and abandoning module AndroidMediaFactory (216)
[2017.04.20-15.11.13:908][952]LogModuleManager: Shutting down and abandoning module AndroidMediaEditor (215)
[2017.04.20-15.11.13:908][952]LogModuleManager: Shutting down and abandoning module CharacterAI (214)
[2017.04.20-15.11.13:908][952]LogModuleManager: Shutting down and abandoning module SequenceRecorder (213)
[2017.04.20-15.11.13:908][952]LogModuleManager: Shutting down and abandoning module AudioCapture (212)
[2017.04.20-15.11.13:908][952]LogModuleManager: Shutting down and abandoning module SmartSnapping (211)
[2017.04.20-15.11.13:908][952]LogModuleManager: Shutting down and abandoning module SessionServices (210)
[2017.04.20-15.11.13:908][952]LogModuleManager: Shutting down and abandoning module ViewportSnapping (209)
[2017.04.20-15.11.13:908][952]LogModuleManager: Shutting down and abandoning module ViewportInteraction (208)
[2017.04.20-15.11.13:908][952]LogModuleManager: Shutting down and abandoning module LogVisualizer (207)
[2017.04.20-15.11.13:908][952]LogModuleManager: Shutting down and abandoning module GameProjectGeneration (206)
[2017.04.20-15.11.13:908][952]LogModuleManager: Shutting down and abandoning module IntroTutorials (205)
[2017.04.20-15.11.13:908][952]LogModuleManager: Shutting down and abandoning module EditorLiveStreaming (204)
[2017.04.20-15.11.13:908][952]LogModuleManager: Shutting down and abandoning module IOSPlatformEditor (203)
[2017.04.20-15.11.13:908][952]LogModuleManager: Shutting down and abandoning module HTML5PlatformEditor (202)
[2017.04.20-15.11.13:908][952]LogModuleManager: Shutting down and abandoning module AndroidDeviceDetection (201)
[2017.04.20-15.11.14:574][952]LogModuleManager: Shutting down and abandoning module AndroidPlatformEditor (200)
[2017.04.20-15.11.14:574][952]LogModuleManager: Shutting down and abandoning module IOSRuntimeSettings (199)
[2017.04.20-15.11.14:574][952]LogModuleManager: Shutting down and abandoning module AndroidRuntimeSettings (198)
[2017.04.20-15.11.14:574][952]LogModuleManager: Shutting down and abandoning module InputBindingEditor (197)
[2017.04.20-15.11.14:574][952]LogModuleManager: Shutting down and abandoning module NiagaraEditor (196)
[2017.04.20-15.11.14:574][952]LogModuleManager: Shutting down and abandoning module MergeActors (195)
[2017.04.20-15.11.14:574][952]LogModuleManager: Shutting down and abandoning module SizeMap (194)
[2017.04.20-15.11.14:574][952]LogModuleManager: Shutting down and abandoning module TreeMap (193)
[2017.04.20-15.11.14:574][952]LogModuleManager: Shutting down and abandoning module ReferenceViewer (192)
[2017.04.20-15.11.14:574][952]LogModuleManager: Shutting down and abandoning module LocalizationService (191)
[2017.04.20-15.11.14:574][952]LogModuleManager: Shutting down and abandoning module LocalizationDashboard (190)
[2017.04.20-15.11.14:574][952]LogModuleManager: Shutting down and abandoning module HardwareTargeting (189)
[2017.04.20-15.11.14:574][952]LogModuleManager: Shutting down and abandoning module DeviceProfileEditor (188)
[2017.04.20-15.11.14:574][952]LogModuleManager: Shutting down and abandoning module UndoHistory (187)
[2017.04.20-15.11.14:574][952]LogModuleManager: Shutting down and abandoning module UserFeedback (186)
[2017.04.20-15.11.14:574][952]LogModuleManager: Shutting down and abandoning module XmlParser (185)
[2017.04.20-15.11.14:574][952]LogModuleManager: Shutting down and abandoning module Blutility (184)
[2017.04.20-15.11.14:574][952]LogModuleManager: Shutting down and abandoning module ProjectTargetPlatformEditor (183)
[2017.04.20-15.11.14:574][952]LogModuleManager: Shutting down and abandoning module ProjectSettingsViewer (182)
[2017.04.20-15.11.14:574][952]LogModuleManager: Shutting down and abandoning module EditorSettingsViewer (181)
[2017.04.20-15.11.14:574][952]LogModuleManager: Shutting down and abandoning module SettingsEditor (180)
[2017.04.20-15.11.14:574][952]LogModuleManager: Shutting down and abandoning module ProjectLauncher (179)
[2017.04.20-15.11.14:574][952]LogModuleManager: Shutting down and abandoning module SessionFrontend (178)
[2017.04.20-15.11.14:574][952]LogModuleManager: Shutting down and abandoning module ProfilerClient (177)
[2017.04.20-15.11.14:574][952]LogModuleManager: Shutting down and abandoning module TargetDeviceServices (176)
[2017.04.20-15.11.14:574][952]LogModuleManager: Shutting down and abandoning module DeviceManager (175)
[2017.04.20-15.11.14:617][952]LogModuleManager: Shutting down and abandoning module AutomationController (174)
[2017.04.20-15.11.14:617][952]LogModuleManager: Shutting down and abandoning module AutomationWindow (173)
[2017.04.20-15.11.14:617][952]LogModuleManager: Shutting down and abandoning module Layers (172)
[2017.04.20-15.11.14:617][952]LogModuleManager: Shutting down and abandoning module ComponentVisualizers (171)
[2017.04.20-15.11.14:617][952]LogModuleManager: Shutting down and abandoning module DetailCustomizations (170)
[2017.04.20-15.11.14:617][952]LogModuleManager: Shutting down and abandoning module PackagesDialog (169)
[2017.04.20-15.11.14:617][952]LogModuleManager: Shutting down and abandoning module AnimGraph (168)
[2017.04.20-15.11.14:617][952]LogModuleManager: Shutting down and abandoning module Persona (167)
[2017.04.20-15.11.14:617][952]LogModuleManager: Shutting down and abandoning module Kismet (166)
[2017.04.20-15.11.14:621][952]LogModuleManager: Shutting down and abandoning module GraphEditor (165)
[2017.04.20-15.11.14:621][952]LogModuleManager: Shutting down and abandoning module ClassViewer (164)
[2017.04.20-15.11.14:621][952]LogModuleManager: Shutting down and abandoning module Toolbox (163)
[2017.04.20-15.11.14:621][952]LogModuleManager: Shutting down and abandoning module ModuleUI (162)
[2017.04.20-15.11.14:621][952]LogModuleManager: Shutting down and abandoning module MovieSceneTools (161)
[2017.04.20-15.11.14:621][952]LogModuleManager: Shutting down and abandoning module OutputLog (160)
[2017.04.20-15.11.14:621][952]LogModuleManager: Shutting down and abandoning module GammaUI (159)
[2017.04.20-15.11.14:621][952]LogModuleManager: Shutting down and abandoning module Documentation (158)
[2017.04.20-15.11.14:621][952]LogModuleManager: Shutting down and abandoning module Niagara (157)
[2017.04.20-15.11.14:621][952]LogModuleManager: Shutting down and abandoning module StreamingPauseRendering (156)
[2017.04.20-15.11.14:621][952]LogModuleManager: Shutting down and abandoning module AnalyticsET (155)
[2017.04.20-15.11.14:621][952]LogModuleManager: Shutting down and abandoning module PortalServices (154)
[2017.04.20-15.11.14:621][952]LogModuleManager: Shutting down and abandoning module PortalRpc (153)
[2017.04.20-15.11.14:621][952]LogModuleManager: Shutting down and abandoning module MessagingRpc (152)
[2017.04.20-15.11.14:621][952]LogModuleManager: Shutting down and abandoning module GameplayDebugger (151)
[2017.04.20-15.11.14:621][952]LogModuleManager: Shutting down and abandoning module AITestSuite (150)
[2017.04.20-15.11.14:622][952]LogModuleManager: Shutting down and abandoning module AIModule (149)
[2017.04.20-15.11.14:622][952]LogModuleManager: Shutting down and abandoning module ProfilerService (148)
[2017.04.20-15.11.14:742][952]LogModuleManager: Shutting down and abandoning module TaskGraph (147)
[2017.04.20-15.11.14:742][952]LogModuleManager: Shutting down and abandoning module UE4Duino (146)
[2017.04.20-15.11.14:742][952]UE4DuinoLog:Warning: UE4Duino: Log Ended
[2017.04.20-15.11.14:742][952]LogModuleManager: Shutting down and abandoning module SlateRemote (145)
[2017.04.20-15.11.14:742][952]LogModuleManager: Shutting down and abandoning module SteamVRController (144)
[2017.04.20-15.11.14:742][952]LogModuleManager: Shutting down and abandoning module SteamVR (143)
[2017.04.20-15.11.14:742][952]LogModuleManager: Shutting down and abandoning module ProceduralMeshComponentEditor (142)
[2017.04.20-15.11.14:742][952]LogModuleManager: Shutting down and abandoning module ProceduralMeshComponent (141)
[2017.04.20-15.11.14:742][952]LogModuleManager: Shutting down and abandoning module OculusLibrary (140)
[2017.04.20-15.11.14:742][952]LogModuleManager: Shutting down and abandoning module OculusInput (139)
[2017.04.20-15.11.14:742][952]LogModuleManager: Shutting down and abandoning module MobilePatchingUtils (138)
[2017.04.20-15.11.14:742][952]LogModuleManager: Shutting down and abandoning module CustomMeshComponent (137)
[2017.04.20-15.11.14:742][952]LogModuleManager: Shutting down and abandoning module CableComponent (136)
[2017.04.20-15.11.14:742][952]LogModuleManager: Shutting down and abandoning module ArchVisCharacter (135)
[2017.04.20-15.11.14:742][952]LogModuleManager: Shutting down and abandoning module MediaPlayerEditor (133)
[2017.04.20-15.11.14:742][952]LogModuleManager: Shutting down and abandoning module HTML5Networking (132)
[2017.04.20-15.11.14:742][952]LogModuleManager: Shutting down and abandoning module GeometryCacheEd (131)
[2017.04.20-15.11.14:742][952]LogModuleManager: Shutting down and abandoning module GeometryCache (130)
[2017.04.20-15.11.14:742][952]LogModuleManager: Shutting down and abandoning module AlembicLibrary (129)
[2017.04.20-15.11.14:742][952]LogModuleManager: Shutting down and abandoning module AlembicImporter (128)
[2017.04.20-15.11.14:742][952]LogModuleManager: Shutting down and abandoning module SuperSearch (127)
[2017.04.20-15.11.14:742][952]LogModuleManager: Shutting down and abandoning module SuperSearchEditor (126)
[2017.04.20-15.11.14:742][952]LogModuleManager: Shutting down and abandoning module SpeedTreeImporter (125)
[2017.04.20-15.11.14:742][952]LogModuleManager: Shutting down and abandoning module PluginBrowser (124)
[2017.04.20-15.11.14:742][952]LogModuleManager: Shutting down and abandoning module MobileLauncherProfileWizard (123)
[2017.04.20-15.11.14:742][952]LogModuleManager: Shutting down and abandoning module EpicSurvey (122)
[2017.04.20-15.11.14:742][952]LogModuleManager: Shutting down and abandoning module DesktopPlatform (121)
[2017.04.20-15.11.14:742][952]LogModuleManager: Shutting down and abandoning module VisualStudioSourceCodeAccess (120)
[2017.04.20-15.11.14:742][952]LogModuleManager: Shutting down and abandoning module UObjectPlugin (119)
[2017.04.20-15.11.14:742][952]LogModuleManager: Shutting down and abandoning module SubversionSourceControl (118)
[2017.04.20-15.11.14:742][952]LogModuleManager: Shutting down and abandoning module PerforceSourceControl (117)
[2017.04.20-15.11.14:742][952]LogModuleManager: Shutting down and abandoning module SourceControl (116)
[2017.04.20-15.11.14:742][952]LogModuleManager: Shutting down and abandoning module GitSourceControl (115)
[2017.04.20-15.11.14:742][952]LogModuleManager: Shutting down and abandoning module LightPropagationVolumeEditor (114)
[2017.04.20-15.11.14:742][952]LogModuleManager: Shutting down and abandoning module PaperTiledImporter (113)
[2017.04.20-15.11.14:742][952]LogModuleManager: Shutting down and abandoning module PaperSpriteSheetImporter (112)
[2017.04.20-15.11.14:742][952]LogModuleManager: Shutting down and abandoning module MeshPaint (111)
[2017.04.20-15.11.14:742][952]LogModuleManager: Shutting down and abandoning module PixelInspectorModule (110)
[2017.04.20-15.11.14:742][952]LogModuleManager: Shutting down and abandoning module HotReload (109)
[2017.04.20-15.11.14:742][952]LogDirectoryWatcher: A directory notification for 'C:/Users/Tristan/Documents/Tristan Work/Semester 2/comp140-gam160-game/SuhDude-Game/Binaries/Win64' was aborted.
[2017.04.20-15.11.14:743][952]LogModuleManager: Shutting down and abandoning module MainFrame (108)
[2017.04.20-15.11.14:743][952]LogModuleManager: Shutting down and abandoning module LevelEditor (107)
[2017.04.20-15.11.14:744][952]LogModuleManager: Shutting down and abandoning module ContentBrowser (106)
[2017.04.20-15.11.14:744][952]LogModuleManager: Shutting down and abandoning module Paper2DEditor (105)
[2017.04.20-15.11.14:744][952]LogModuleManager: Shutting down and abandoning module SuhDude (104)
[2017.04.20-15.11.14:744][952]LogModuleManager: Shutting down and abandoning module UdpMessaging (103)
[2017.04.20-15.11.14:846][952]LogModuleManager: Shutting down and abandoning module TcpMessaging (102)
[2017.04.20-15.11.14:946][952]LogModuleManager: Shutting down and abandoning module LightPropagationVolumeRuntime (101)
[2017.04.20-15.11.14:946][952]LogModuleManager: Shutting down and abandoning module Paper2D (100)
[2017.04.20-15.11.14:946][952]LogModuleManager: Shutting down and abandoning module WindowsMoviePlayer (99)
[2017.04.20-15.11.14:946][952]LogModuleManager: Shutting down and abandoning module WmfMedia (98)
[2017.04.20-15.11.14:946][952]LogModuleManager: Shutting down and abandoning module MediaAssets (97)
[2017.04.20-15.11.14:946][952]LogModuleManager: Shutting down and abandoning module GameLiveStreaming (96)
[2017.04.20-15.11.14:946][952]LogModuleManager: Shutting down and abandoning module GameplayTagsEditor (95)
[2017.04.20-15.11.14:946][952]LogModuleManager: Shutting down and abandoning module VREditor (94)
[2017.04.20-15.11.14:946][952]LogModuleManager: Shutting down and abandoning module GameplayTasksEditor (93)
[2017.04.20-15.11.14:946][952]LogModuleManager: Shutting down and abandoning module BehaviorTreeEditor (92)
[2017.04.20-15.11.14:946][952]LogModuleManager: Shutting down and abandoning module FunctionalTesting (91)
[2017.04.20-15.11.14:946][952]LogModuleManager: Shutting down and abandoning module CollisionAnalyzer (90)
[2017.04.20-15.11.14:946][952]LogModuleManager: Shutting down and abandoning module Sequencer (89)
[2017.04.20-15.11.14:946][952]LogModuleManager: Shutting down and abandoning module WorkspaceMenuStructure (88)
[2017.04.20-15.11.14:946][952]LogModuleManager: Shutting down and abandoning module MessageLog (87)
[2017.04.20-15.11.14:946][952]LogModuleManager: Shutting down and abandoning module AssetTools (86)
[2017.04.20-15.11.14:946][952]LogModuleManager: Shutting down and abandoning module UMGEditor (85)
[2017.04.20-15.11.14:946][952]LogModuleManager: Shutting down and abandoning module UMG (84)
[2017.04.20-15.11.14:946][952]LogModuleManager: Shutting down and abandoning module SlateReflector (83)
[2017.04.20-15.11.14:946][952]LogModuleManager: Shutting down and abandoning module Slate (82)
[2017.04.20-15.11.14:946][952]LogModuleManager: Shutting down and abandoning module EditorStyle (81)
[2017.04.20-15.11.14:947][952]LogModuleManager: Shutting down and abandoning module SourceCodeAccess (80)
[2017.04.20-15.11.14:947][952]LogModuleManager: Shutting down and abandoning module HeadMountedDisplay (79)
[2017.04.20-15.11.14:947][952]LogModuleManager: Shutting down and abandoning module XAudio2 (78)
[2017.04.20-15.11.14:947][952]LogModuleManager: Shutting down and abandoning module Networking (76)
[2017.04.20-15.11.14:947][952]LogModuleManager: Shutting down and abandoning module Core (75)
[2017.04.20-15.11.14:947][952]LogModuleManager: Shutting down and abandoning module DirectoryWatcher (74)
[2017.04.20-15.11.14:947][952]LogDirectoryWatcher: A directory notification for '../../../Engine/Content/' was aborted.
[2017.04.20-15.11.14:947][952]LogDirectoryWatcher: A directory notification for '../../../../../../Users/Tristan/Documents/Tristan Work/Semester 2/comp140-gam160-game/SuhDude-Game/Content/' was aborted.
[2017.04.20-15.11.14:948][952]LogDirectoryWatcher: A directory notification for '../../../Engine/Plugins/2D/Paper2D/Content/' was aborted.
[2017.04.20-15.11.14:948][952]LogModuleManager: Shutting down and abandoning module AssetRegistry (73)
[2017.04.20-15.11.15:032][952]LogModuleManager: Shutting down and abandoning module KismetCompiler (72)
[2017.04.20-15.11.15:032][952]LogModuleManager: Shutting down and abandoning module PhysXFormats (71)
[2017.04.20-15.11.15:032][952]LogModuleManager: Shutting down and abandoning module SimplygonSwarm (70)
[2017.04.20-15.11.15:032][952]LogModuleManager: Shutting down and abandoning module SimplygonMeshReduction (69)
[2017.04.20-15.11.15:032][952]LogModuleManager: Shutting down and abandoning module QuadricMeshReduction (68)
[2017.04.20-15.11.15:032][952]LogModuleManager: Shutting down and abandoning module PropertyEditor (67)
[2017.04.20-15.11.15:032][952]LogModuleManager: Shutting down and abandoning module MeshUtilities (66)
[2017.04.20-15.11.15:032][952]LogModuleManager: Shutting down and abandoning module DerivedDataCache (65)
[2017.04.20-15.11.15:055][952]LogDerivedDataCache: Shutdown
[2017.04.20-15.11.15:055][952]LogModuleManager: Shutting down and abandoning module VulkanShaderFormat (64)
[2017.04.20-15.11.15:055][952]LogModuleManager: Shutting down and abandoning module ShaderFormatOpenGL (63)
[2017.04.20-15.11.15:055][952]LogModuleManager: Shutting down and abandoning module ShaderFormatD3D (62)
[2017.04.20-15.11.15:055][952]LogModuleManager: Shutting down and abandoning module MetalShaderFormat (61)
[2017.04.20-15.11.15:055][952]LogModuleManager: Shutting down and abandoning module TextureFormatUncompressed (60)
[2017.04.20-15.11.15:055][952]LogModuleManager: Shutting down and abandoning module TextureFormatPVR (59)
[2017.04.20-15.11.15:055][952]LogModuleManager: Shutting down and abandoning module TextureFormatDXT (58)
[2017.04.20-15.11.15:055][952]LogModuleManager: Shutting down and abandoning module TextureFormatIntelISPCTexComp (57)
[2017.04.20-15.11.15:055][952]LogModuleManager: Shutting down and abandoning module ImageWrapper (56)
[2017.04.20-15.11.15:055][952]LogModuleManager: Shutting down and abandoning module TextureFormatASTC (55)
[2017.04.20-15.11.15:055][952]LogModuleManager: Shutting down and abandoning module TextureFormatAndroid (54)
[2017.04.20-15.11.15:055][952]LogModuleManager: Shutting down and abandoning module AudioFormatOpus (53)
[2017.04.20-15.11.15:055][952]LogModuleManager: Shutting down and abandoning module AudioFormatOgg (52)
[2017.04.20-15.11.15:055][952]LogModuleManager: Shutting down and abandoning module AudioFormatADPCM (51)
[2017.04.20-15.11.15:055][952]LogModuleManager: Shutting down and abandoning module LinuxTargetPlatform (50)
[2017.04.20-15.11.15:055][952]LogModuleManager: Shutting down and abandoning module LinuxServerTargetPlatform (49)
[2017.04.20-15.11.15:055][952]LogModuleManager: Shutting down and abandoning module LinuxNoEditorTargetPlatform (48)
[2017.04.20-15.11.15:055][952]LogModuleManager: Shutting down and abandoning module LinuxClientTargetPlatform (47)
[2017.04.20-15.11.15:055][952]LogModuleManager: Shutting down and abandoning module TVOSTargetPlatform (46)
[2017.04.20-15.11.15:055][952]LogModuleManager: Shutting down and abandoning module Messaging (45)
[2017.04.20-15.11.15:055][952]LogModuleManager: Shutting down and abandoning module IOSTargetPlatform (44)
[2017.04.20-15.11.15:055][952]LogModuleManager: Shutting down and abandoning module HTML5TargetPlatform (43)
[2017.04.20-15.11.15:055][952]LogModuleManager: Shutting down and abandoning module Android_PVRTCTargetPlatform (42)
[2017.04.20-15.11.15:055][952]LogModuleManager: Shutting down and abandoning module Android_MultiTargetPlatform (41)
[2017.04.20-15.11.15:055][952]LogModuleManager: Shutting down and abandoning module Android_ETC2TargetPlatform (40)
[2017.04.20-15.11.15:055][952]LogModuleManager: Shutting down and abandoning module Android_ETC1TargetPlatform (39)
[2017.04.20-15.11.15:055][952]LogModuleManager: Shutting down and abandoning module Android_DXTTargetPlatform (38)
[2017.04.20-15.11.15:055][952]LogModuleManager: Shutting down and abandoning module Android_ATCTargetPlatform (37)
[2017.04.20-15.11.15:055][952]LogModuleManager: Shutting down and abandoning module Android_ASTCTargetPlatform (36)
[2017.04.20-15.11.15:055][952]LogModuleManager: Shutting down and abandoning module AndroidTargetPlatform (35)
[2017.04.20-15.11.15:055][952]LogModuleManager: Shutting down and abandoning module WindowsTargetPlatform (34)
[2017.04.20-15.11.15:055][952]LogModuleManager: Shutting down and abandoning module WindowsServerTargetPlatform (33)
[2017.04.20-15.11.15:055][952]LogModuleManager: Shutting down and abandoning module WindowsNoEditorTargetPlatform (32)
[2017.04.20-15.11.15:055][952]LogModuleManager: Shutting down and abandoning module WindowsClientTargetPlatform (31)
[2017.04.20-15.11.15:055][952]LogModuleManager: Shutting down and abandoning module MacTargetPlatform (30)
[2017.04.20-15.11.15:055][952]LogModuleManager: Shutting down and abandoning module MacServerTargetPlatform (29)
[2017.04.20-15.11.15:055][952]LogModuleManager: Shutting down and abandoning module MacNoEditorTargetPlatform (28)
[2017.04.20-15.11.15:055][952]LogModuleManager: Shutting down and abandoning module MacClientTargetPlatform (27)
[2017.04.20-15.11.15:055][952]LogModuleManager: Shutting down and abandoning module AllDesktopTargetPlatform (26)
[2017.04.20-15.11.15:055][952]LogModuleManager: Shutting down and abandoning module TargetPlatform (25)
[2017.04.20-15.11.15:055][952]LogModuleManager: Shutting down and abandoning module InputCore (24)
[2017.04.20-15.11.15:055][952]LogModuleManager: Shutting down and abandoning module Settings (23)
[2017.04.20-15.11.15:055][952]LogModuleManager: Shutting down and abandoning module OculusRift (22)
[2017.04.20-15.11.15:055][952]LogModuleManager: Shutting down and abandoning module ExampleDeviceProfileSelector (21)
[2017.04.20-15.11.15:055][952]LogModuleManager: Shutting down and abandoning module OnlineBlueprintSupport (20)
[2017.04.20-15.11.15:055][952]LogModuleManager: Shutting down and abandoning module OnlineSubsystem (18)
[2017.04.20-15.11.15:055][952]LogOnline:Display: Unloading online subsystem: NULL
[2017.04.20-15.11.15:055][952]LogModuleManager: Shutting down and abandoning module SSL (17)
[2017.04.20-15.11.15:056][952]LogModuleManager: Shutting down and abandoning module HTTP (16)
[2017.04.20-15.11.15:056][952]LogModuleManager: Shutting down and abandoning module XMPP (15)
[2017.04.20-15.11.15:056][952]LogModuleManager: Shutting down and abandoning module TextureCompressor (14)
[2017.04.20-15.11.15:056][952]LogModuleManager: Shutting down and abandoning module ShaderCore (13)
[2017.04.20-15.11.15:056][952]LogModuleManager: Shutting down and abandoning module Landscape (12)
[2017.04.20-15.11.15:056][952]LogModuleManager: Shutting down and abandoning module SlateRHIRenderer (11)
[2017.04.20-15.11.15:057][952]LogModuleManager: Shutting down and abandoning module OpenGLDrv (10)
[2017.04.20-15.11.15:057][952]LogModuleManager: Shutting down and abandoning module D3D11RHI (9)
[2017.04.20-15.11.15:057][952]LogModuleManager: Shutting down and abandoning module AnimGraphRuntime (8)
[2017.04.20-15.11.15:057][952]LogModuleManager: Shutting down and abandoning module Renderer (7)
[2017.04.20-15.11.15:057][952]LogModuleManager: Shutting down and abandoning module Engine (6)
[2017.04.20-15.11.15:057][952]LogModuleManager: Shutting down and abandoning module CoreUObject (5)
[2017.04.20-15.11.15:057][952]LogModuleManager: Shutting down and abandoning module NetworkFile (4)
[2017.04.20-15.11.15:057][952]LogModuleManager: Shutting down and abandoning module StreamingFile (3)
[2017.04.20-15.11.15:057][952]LogModuleManager: Shutting down and abandoning module SandboxFile (2)
[2017.04.20-15.11.15:057][952]LogModuleManager: Shutting down and abandoning module PakFile (1)
[2017.04.20-15.11.15:059][952]LogExit: Exiting.
[2017.04.20-15.11.15:071][952]Log file closed, 04/20/17 16:11:15
