Log file open, 03/21/17 09:34:54
LogInit:Display: Running engine for game: SuhDude
LogPlatformFile: Not using cached read wrapper
LogInit:Display: RandInit(-1583559165) SRandInit(-1583559165).
LogTaskGraph: Started task graph with 5 named threads and 6 total threads with 1 sets of task threads.
LogStats: Stats thread started at 0.084637
LogPluginManager: Loaded Plugin Paper2D, From C:/Program Files/Epic Games/UE_4.14/Engine/Plugins/2D/Paper2D/Paper2D.uplugin
LogPluginManager: Loaded Plugin LightPropagationVolume, From C:/Program Files/Epic Games/UE_4.14/Engine/Plugins/Blendables/LightPropagationVolume/LightPropagationVolume.uplugin
LogPluginManager: Loaded Plugin BlankPlugin, From C:/Program Files/Epic Games/UE_4.14/Engine/Plugins/Developer/BlankPlugin/BlankPlugin.uplugin
LogPluginManager: Loaded Plugin CodeLiteSourceCodeAccess, From C:/Program Files/Epic Games/UE_4.14/Engine/Plugins/Developer/CodeLiteSourceCodeAccess/CodeLiteSourceCodeAccess.uplugin
LogPluginManager: Loaded Plugin GitSourceControl, From C:/Program Files/Epic Games/UE_4.14/Engine/Plugins/Developer/GitSourceControl/GitSourceControl.uplugin
LogPluginManager: Loaded Plugin KDevelopSourceCodeAccess, From C:/Program Files/Epic Games/UE_4.14/Engine/Plugins/Developer/KDevelopSourceCodeAccess/KDevelopSourceCodeAccess.uplugin
LogPluginManager: Loaded Plugin NullSourceCodeAccess, From C:/Program Files/Epic Games/UE_4.14/Engine/Plugins/Developer/NullSourceCodeAccess/NullSourceCodeAccess.uplugin
LogPluginManager: Loaded Plugin OneSkyLocalizationService, From C:/Program Files/Epic Games/UE_4.14/Engine/Plugins/Developer/OneSkyLocalizationService/OneSkyLocalizationService.uplugin
LogPluginManager: Loaded Plugin PerforceSourceControl, From C:/Program Files/Epic Games/UE_4.14/Engine/Plugins/Developer/PerforceSourceControl/PerforceSourceControl.uplugin
LogPluginManager: Loaded Plugin SubversionSourceControl, From C:/Program Files/Epic Games/UE_4.14/Engine/Plugins/Developer/SubversionSourceControl/SubversionSourceControl.uplugin
LogPluginManager: Loaded Plugin UObjectPlugin, From C:/Program Files/Epic Games/UE_4.14/Engine/Plugins/Developer/UObjectPlugin/UObjectPlugin.uplugin
LogPluginManager: Loaded Plugin VisualStudioSourceCodeAccess, From C:/Program Files/Epic Games/UE_4.14/Engine/Plugins/Developer/VisualStudioSourceCodeAccess/VisualStudioSourceCodeAccess.uplugin
LogPluginManager: Loaded Plugin XCodeSourceCodeAccess, From C:/Program Files/Epic Games/UE_4.14/Engine/Plugins/Developer/XCodeSourceCodeAccess/XCodeSourceCodeAccess.uplugin
LogPluginManager: Loaded Plugin AudioCapture, From C:/Program Files/Epic Games/UE_4.14/Engine/Plugins/Editor/AudioCapture/AudioCapture.uplugin
LogPluginManager: Loaded Plugin EpicSurvey, From C:/Program Files/Epic Games/UE_4.14/Engine/Plugins/Editor/EpicSurvey/EpicSurvey.uplugin
LogPluginManager: Loaded Plugin MacGraphicsSwitching, From C:/Program Files/Epic Games/UE_4.14/Engine/Plugins/Editor/MacGraphicsSwitching/MacGraphicsSwitching.uplugin
LogPluginManager: Loaded Plugin MobileLauncherProfileWizard, From C:/Program Files/Epic Games/UE_4.14/Engine/Plugins/Editor/MobileLauncherProfileWizard/MobileLauncherProfileWizard.uplugin
LogPluginManager: Loaded Plugin PluginBrowser, From C:/Program Files/Epic Games/UE_4.14/Engine/Plugins/Editor/PluginBrowser/PluginBrowser.uplugin
LogPluginManager: Loaded Plugin SpeedTreeImporter, From C:/Program Files/Epic Games/UE_4.14/Engine/Plugins/Editor/SpeedTreeImporter/SpeedTreeImporter.uplugin
LogPluginManager: Loaded Plugin SuperSearchEditor, From C:/Program Files/Epic Games/UE_4.14/Engine/Plugins/Editor/SuperSearchEditor/SuperSearchEditor.uplugin
LogPluginManager: Loaded Plugin AlembicImporter, From C:/Program Files/Epic Games/UE_4.14/Engine/Plugins/Experimental/AlembicImporter/AlembicImporter.uplugin
LogPluginManager: Loaded Plugin BlueprintStats, From C:/Program Files/Epic Games/UE_4.14/Engine/Plugins/Experimental/BlueprintStats/BlueprintStats.uplugin
LogPluginManager: Loaded Plugin CharacterAI, From C:/Program Files/Epic Games/UE_4.14/Engine/Plugins/Experimental/CharacterAI/CharacterAI.uplugin
LogPluginManager: Loaded Plugin CodeEditor, From C:/Program Files/Epic Games/UE_4.14/Engine/Plugins/Experimental/CodeEditor/CodeEditor.uplugin
LogPluginManager: Loaded Plugin CodeView, From C:/Program Files/Epic Games/UE_4.14/Engine/Plugins/Experimental/CodeView/CodeView.uplugin
LogPluginManager: Loaded Plugin HTML5Networking, From C:/Program Files/Epic Games/UE_4.14/Engine/Plugins/Experimental/HTML5Networking/HTML5Networking.uplugin
LogPluginManager: Loaded Plugin OSVR, From C:/Program Files/Epic Games/UE_4.14/Engine/Plugins/Experimental/OSVR/OSVR.uplugin
LogPluginManager: Loaded Plugin Phya, From C:/Program Files/Epic Games/UE_4.14/Engine/Plugins/Experimental/Phya/Phya.uplugin
LogPluginManager: Loaded Plugin SignificanceManager, From C:/Program Files/Epic Games/UE_4.14/Engine/Plugins/Experimental/SignificanceManager/SignificanceManager.uplugin
LogPluginManager: Loaded Plugin SimpleHMD, From C:/Program Files/Epic Games/UE_4.14/Engine/Plugins/Experimental/SimpleHMD/SimpleHMD.uplugin
LogPluginManager: Loaded Plugin StereoPanorama, From C:/Program Files/Epic Games/UE_4.14/Engine/Plugins/Experimental/StereoPanorama/StereoPanorama.uplugin
LogPluginManager: Loaded Plugin StructBox, From C:/Program Files/Epic Games/UE_4.14/Engine/Plugins/Experimental/StructBox/StructBox.uplugin
LogPluginManager: Loaded Plugin AndroidMedia, From C:/Program Files/Epic Games/UE_4.14/Engine/Plugins/Media/AndroidMedia/AndroidMedia.uplugin
LogPluginManager: Loaded Plugin AvfMedia, From C:/Program Files/Epic Games/UE_4.14/Engine/Plugins/Media/AvfMedia/AvfMedia.uplugin
LogPluginManager: Loaded Plugin MediaPlayerEditor, From C:/Program Files/Epic Games/UE_4.14/Engine/Plugins/Media/MediaPlayerEditor/MediaPlayerEditor.uplugin
LogPluginManager: Loaded Plugin WmfMedia, From C:/Program Files/Epic Games/UE_4.14/Engine/Plugins/Media/WmfMedia/WmfMedia.uplugin
LogPluginManager: Loaded Plugin MessagingDebugger, From C:/Program Files/Epic Games/UE_4.14/Engine/Plugins/Messaging/MessagingDebugger/MessagingDebugger.uplugin
LogPluginManager: Loaded Plugin TcpMessaging, From C:/Program Files/Epic Games/UE_4.14/Engine/Plugins/Messaging/TcpMessaging/TcpMessaging.uplugin
LogPluginManager: Loaded Plugin UdpMessaging, From C:/Program Files/Epic Games/UE_4.14/Engine/Plugins/Messaging/UdpMessaging/UdpMessaging.uplugin
LogPluginManager: Loaded Plugin LevelSequenceEditor, From C:/Program Files/Epic Games/UE_4.14/Engine/Plugins/MovieScene/LevelSequenceEditor/LevelSequenceEditor.uplugin
LogPluginManager: Loaded Plugin MatineeToLevelSequence, From C:/Program Files/Epic Games/UE_4.14/Engine/Plugins/MovieScene/MatineeToLevelSequence/MatineeToLevelSequence.uplugin
LogPluginManager: Loaded Plugin NetcodeUnitTest, From C:/Program Files/Epic Games/UE_4.14/Engine/Plugins/NetcodeUnitTest/NetcodeUnitTest/NetcodeUnitTest.uplugin
LogPluginManager: Loaded Plugin NUTUnrealEngine4, From C:/Program Files/Epic Games/UE_4.14/Engine/Plugins/NetcodeUnitTest/NUTUnrealEngine4/NUTUnrealEngine4.uplugin
LogPluginManager: Loaded Plugin OnlineSubsystemGameCircle, From C:/Program Files/Epic Games/UE_4.14/Engine/Plugins/Online/Android/OnlineSubsystemGameCircle/OnlineSubsystemGameCircle.uplugin
LogPluginManager: Loaded Plugin OnlineSubsystemGooglePlay, From C:/Program Files/Epic Games/UE_4.14/Engine/Plugins/Online/Android/OnlineSubsystemGooglePlay/OnlineSubsystemGooglePlay.uplugin
LogPluginManager: Loaded Plugin OnlineSubsystemIOS, From C:/Program Files/Epic Games/UE_4.14/Engine/Plugins/Online/IOS/OnlineSubsystemIOS/OnlineSubsystemIOS.uplugin
LogPluginManager: Loaded Plugin OnlineFramework, From C:/Program Files/Epic Games/UE_4.14/Engine/Plugins/Online/OnlineFramework/OnlineFramework.uplugin
LogPluginManager: Loaded Plugin OnlineSubsystem, From C:/Program Files/Epic Games/UE_4.14/Engine/Plugins/Online/OnlineSubsystem/OnlineSubsystem.uplugin
LogPluginManager: Loaded Plugin OnlineSubsystemAmazon, From C:/Program Files/Epic Games/UE_4.14/Engine/Plugins/Online/OnlineSubsystemAmazon/OnlineSubsystemAmazon.uplugin
LogPluginManager: Loaded Plugin OnlineSubsystemFacebook, From C:/Program Files/Epic Games/UE_4.14/Engine/Plugins/Online/OnlineSubsystemFacebook/OnlineSubsystemFacebook.uplugin
LogPluginManager: Loaded Plugin OnlineSubsystemNull, From C:/Program Files/Epic Games/UE_4.14/Engine/Plugins/Online/OnlineSubsystemNull/OnlineSubsystemNull.uplugin
LogPluginManager: Loaded Plugin OnlineSubsystemOculus, From C:/Program Files/Epic Games/UE_4.14/Engine/Plugins/Online/OnlineSubsystemOculus/OnlineSubsystemOculus.uplugin
LogPluginManager: Loaded Plugin OnlineSubsystemSteam, From C:/Program Files/Epic Games/UE_4.14/Engine/Plugins/Online/OnlineSubsystemSteam/OnlineSubsystemSteam.uplugin
LogPluginManager: Loaded Plugin OnlineSubsystemUtils, From C:/Program Files/Epic Games/UE_4.14/Engine/Plugins/Online/OnlineSubsystemUtils/OnlineSubsystemUtils.uplugin
LogPluginManager: Loaded Plugin IOSTapJoy, From C:/Program Files/Epic Games/UE_4.14/Engine/Plugins/Runtime/Advertising/IOSTapJoy/IOSTapJoy.uplugin
LogPluginManager: Loaded Plugin AnalyticsBlueprintLibrary, From C:/Program Files/Epic Games/UE_4.14/Engine/Plugins/Runtime/Analytics/AnalyticsBlueprintLibrary/AnalyticsBlueprintLibrary.uplugin
LogPluginManager: Loaded Plugin AnalyticsMulticast, From C:/Program Files/Epic Games/UE_4.14/Engine/Plugins/Runtime/Analytics/AnalyticsMulticast/AnalyticsMulticast.uplugin
LogPluginManager: Loaded Plugin Apsalar, From C:/Program Files/Epic Games/UE_4.14/Engine/Plugins/Runtime/Analytics/Apsalar/Apsalar.uplugin
LogPluginManager: Loaded Plugin FileLogging, From C:/Program Files/Epic Games/UE_4.14/Engine/Plugins/Runtime/Analytics/FileLogging/FileLogging.uplugin
LogPluginManager: Loaded Plugin Flurry, From C:/Program Files/Epic Games/UE_4.14/Engine/Plugins/Runtime/Analytics/Flurry/Flurry.uplugin
LogPluginManager: Loaded Plugin AndroidDeviceProfileSelector, From C:/Program Files/Epic Games/UE_4.14/Engine/Plugins/Runtime/AndroidDeviceProfileSelector/AndroidDeviceProfileSelector.uplugin
LogPluginManager: Loaded Plugin AndroidMoviePlayer, From C:/Program Files/Epic Games/UE_4.14/Engine/Plugins/Runtime/AndroidMoviePlayer/AndroidMoviePlayer.uplugin
LogPluginManager: Loaded Plugin AppleMoviePlayer, From C:/Program Files/Epic Games/UE_4.14/Engine/Plugins/Runtime/AppleMoviePlayer/AppleMoviePlayer.uplugin
LogPluginManager: Loaded Plugin ArchVisCharacter, From C:/Program Files/Epic Games/UE_4.14/Engine/Plugins/Runtime/ArchVisCharacter/ArchVisCharacter.uplugin
LogPluginManager: Loaded Plugin CableComponent, From C:/Program Files/Epic Games/UE_4.14/Engine/Plugins/Runtime/CableComponent/CableComponent.uplugin
LogPluginManager: Loaded Plugin CustomMeshComponent, From C:/Program Files/Epic Games/UE_4.14/Engine/Plugins/Runtime/CustomMeshComponent/CustomMeshComponent.uplugin
LogPluginManager: Loaded Plugin ExampleDeviceProfileSelector, From C:/Program Files/Epic Games/UE_4.14/Engine/Plugins/Runtime/ExampleDeviceProfileSelector/ExampleDeviceProfileSelector.uplugin
LogPluginManager: Loaded Plugin GearVR, From C:/Program Files/Epic Games/UE_4.14/Engine/Plugins/Runtime/GearVR/GearVR.uplugin
LogPluginManager: Loaded Plugin GoogleVRController, From C:/Program Files/Epic Games/UE_4.14/Engine/Plugins/Runtime/GoogleVR/GoogleVRController/GoogleVRController.uplugin
LogPluginManager: Loaded Plugin GoogleVRHMD, From C:/Program Files/Epic Games/UE_4.14/Engine/Plugins/Runtime/GoogleVR/GoogleVRHMD/GoogleVRHMD.uplugin
LogPluginManager: Loaded Plugin IOSDeviceProfileSelector, From C:/Program Files/Epic Games/UE_4.14/Engine/Plugins/Runtime/IOSDeviceProfileSelector/IOSDeviceProfileSelector.uplugin
LogPluginManager: Loaded Plugin LeapMotion, From C:/Program Files/Epic Games/UE_4.14/Engine/Plugins/Runtime/LeapMotion/LeapMotion.uplugin
LogPluginManager: Loaded Plugin LinuxDeviceProfileSelector, From C:/Program Files/Epic Games/UE_4.14/Engine/Plugins/Runtime/LinuxDeviceProfileSelector/LinuxDeviceProfileSelector.uplugin
LogPluginManager: Loaded Plugin MIDIDevice, From C:/Program Files/Epic Games/UE_4.14/Engine/Plugins/Runtime/MIDIDevice/MIDIDevice.uplugin
LogPluginManager: Loaded Plugin MobilePatchingUtils, From C:/Program Files/Epic Games/UE_4.14/Engine/Plugins/Runtime/MobilePatchingUtils/MobilePatchingUtils.uplugin
LogPluginManager: Loaded Plugin Ansel, From C:/Program Files/Epic Games/UE_4.14/Engine/Plugins/Runtime/Nvidia/Ansel/Ansel.uplugin
LogPluginManager: Loaded Plugin OculusAudio, From C:/Program Files/Epic Games/UE_4.14/Engine/Plugins/Runtime/OculusAudio/OculusAudio.uplugin
LogPluginManager: Loaded Plugin OculusInput, From C:/Program Files/Epic Games/UE_4.14/Engine/Plugins/Runtime/OculusInput/OculusInput.uplugin
LogPluginManager: Loaded Plugin OculusLibrary, From C:/Program Files/Epic Games/UE_4.14/Engine/Plugins/Runtime/OculusLibrary/OculusLibrary.uplugin
LogPluginManager: Loaded Plugin OculusRift, From C:/Program Files/Epic Games/UE_4.14/Engine/Plugins/Runtime/OculusRift/OculusRift.uplugin
LogPluginManager: Loaded Plugin Oodle, From C:/Program Files/Epic Games/UE_4.14/Engine/Plugins/Runtime/PacketHandlers/CompressionComponents/Oodle/Oodle.uplugin
LogPluginManager: Loaded Plugin ProceduralMeshComponent, From C:/Program Files/Epic Games/UE_4.14/Engine/Plugins/Runtime/ProceduralMeshComponent/ProceduralMeshComponent.uplugin
LogPluginManager: Loaded Plugin SoundMod, From C:/Program Files/Epic Games/UE_4.14/Engine/Plugins/Runtime/SoundMod/SoundMod.uplugin
LogPluginManager: Loaded Plugin SoundVisualizations, From C:/Program Files/Epic Games/UE_4.14/Engine/Plugins/Runtime/SoundVisualizations/SoundVisualizations.uplugin
LogPluginManager: Loaded Plugin SteamController, From C:/Program Files/Epic Games/UE_4.14/Engine/Plugins/Runtime/Steam/SteamController/SteamController.uplugin
LogPluginManager: Loaded Plugin SteamVR, From C:/Program Files/Epic Games/UE_4.14/Engine/Plugins/Runtime/Steam/SteamVR/SteamVR.uplugin
LogPluginManager: Loaded Plugin WebBrowserWidget, From C:/Program Files/Epic Games/UE_4.14/Engine/Plugins/Runtime/WebBrowserWidget/WebBrowserWidget.uplugin
LogPluginManager: Loaded Plugin WindowsDeviceProfileSelector, From C:/Program Files/Epic Games/UE_4.14/Engine/Plugins/Runtime/WindowsDeviceProfileSelector/WindowsDeviceProfileSelector.uplugin
LogPluginManager: Loaded Plugin WindowsMoviePlayer, From C:/Program Files/Epic Games/UE_4.14/Engine/Plugins/Runtime/WindowsMoviePlayer/WindowsMoviePlayer.uplugin
LogPluginManager: Loaded Plugin ScriptPlugin, From C:/Program Files/Epic Games/UE_4.14/Engine/Plugins/ScriptPlugin/ScriptPlugin.uplugin
LogPluginManager: Loaded Plugin SlateRemote, From C:/Program Files/Epic Games/UE_4.14/Engine/Plugins/Slate/SlateRemote/SlateRemote.uplugin
LogPluginManager: Loaded Plugin EditorTests, From C:/Program Files/Epic Games/UE_4.14/Engine/Plugins/Tests/EditorTests/EditorTests.uplugin
LogPluginManager: Loaded Plugin FbxAutomationTestBuilder, From C:/Program Files/Epic Games/UE_4.14/Engine/Plugins/Tests/FbxAutomationTestBuilder/FbxAutomationTestBuilder.uplugin
LogPluginManager: Loaded Plugin FunctionalTestingEditor, From C:/Program Files/Epic Games/UE_4.14/Engine/Plugins/Tests/FunctionalTestingEditor/FunctionalTestingEditor.uplugin
LogPluginManager: Loaded Plugin RuntimeTests, From C:/Program Files/Epic Games/UE_4.14/Engine/Plugins/Tests/RuntimeTests/RuntimeTests.uplugin
LogPluginManager: Loaded Plugin ScreenshotTools, From C:/Program Files/Epic Games/UE_4.14/Engine/Plugins/Tests/ScreenshotTools/ScreenshotTools.uplugin
LogInit: Using libcurl 7.47.1
LogInit:  - built for x86_64-pc-win32
LogInit:  - supports SSL with OpenSSL/1.0.2g
LogInit:  - supports HTTP deflate (compression) using libz 1.2.8
LogInit:  - other features:
LogInit:      CURL_VERSION_SSL
LogInit:      CURL_VERSION_LIBZ
LogInit:      CURL_VERSION_IPV6
LogInit:      CURL_VERSION_ASYNCHDNS
LogInit:      CURL_VERSION_LARGEFILE
LogInit:      CURL_VERSION_IDN
LogInit:  CurlRequestOptions (configurable via config and command line):
LogInit:  - bVerifyPeer = false  - Libcurl will NOT verify peer certificate
LogInit:  - bUseHttpProxy = false  - Libcurl will NOT use HTTP proxy
LogInit:  - bDontReuseConnections = false  - Libcurl will reuse connections
LogInit:  - CertBundlePath = nullptr  - Libcurl will use whatever was configured at build time.
LogInit: Build: ++UE4+Release-4.14-CL-3249277
LogInit: Engine Version: 4.14.3-3249277+++UE4+Release-4.14
LogInit: Compatible Engine Version: 4.14.0-3195953+++UE4+Release-4.14
LogInit: Net CL: 3195953
LogDevObjectVersion: Number of dev versions registered: 13
LogDevObjectVersion:   Dev-Blueprints (B0D832E4-1F89-4F0D-ACCF-7EB736FD4AA2): 7
LogDevObjectVersion:   Dev-Build (E1C64328-A22C-4D53-A36C-8E866417BD8C): 0
LogDevObjectVersion:   Dev-Core (375EC13C-06E4-48FB-B500-84F0262A717E): 1
LogDevObjectVersion:   Dev-Editor (E4B068ED-F494-42E9-A231-DA0B2E46BB41): 8
LogDevObjectVersion:   Dev-Framework (CFFC743F-43B0-4480-9391-14DF171D2073): 17
LogDevObjectVersion:   Dev-Mobile (B02B49B5-BB20-44E9-A304-32B752E40360): 0
LogDevObjectVersion:   Dev-Networking (A4E4105C-59A1-49B5-A7C5-40C4547EDFEE): 0
LogDevObjectVersion:   Dev-Online (39C831C9-5AE6-47DC-9A44-9C173E1C8E7C): 0
LogDevObjectVersion:   Dev-Physics (78F01B33-EBEA-4F98-B9B4-84EACCB95AA2): 0
LogDevObjectVersion:   Dev-Platform (6631380F-2D4D-43E0-8009-CF276956A95A): 0
LogDevObjectVersion:   Dev-Rendering (12F88B9F-8875-4AFC-A67C-D90C383ABD29): 12
LogDevObjectVersion:   Dev-Sequencer (7B5AE74C-D270-4C10-A958-57980B212A5A): 1
LogDevObjectVersion:   Dev-VR (D7296918-1DD6-4BDD-9DE2-64A83CC13884): 0
LogInit: Compiled (64-bit): Jan  6 2017 10:49:43
LogInit: Compiled with Visual C++: 19.00.23026.00
LogInit: Build Configuration: Development
LogInit: Branch Name: ++UE4+Release-4.14
LogInit: Command line:  
LogInit: Base directory: C:/Program Files/Epic Games/UE_4.14/Engine/Binaries/Win64/
LogInit: Installed Engine Build: 1
LogInit: Presizing for max 8388607 objects, including 0 objects not considered by GC, pre-allocating 0 bytes for permanent pool.
LogInit: Object subsystem initialized
[2017.03.21-09.34.55:266][  0]LogInit: Selected Device Profile: [Windows]
[2017.03.21-09.34.55:266][  0]LogInit: Applying CVar settings loaded from the selected device profile: [Windows]
[2017.03.21-09.34.55:313][  0]LogInit: Computer: LAPTOP-HOJJGP5S
[2017.03.21-09.34.55:313][  0]LogInit: User: Tristan
[2017.03.21-09.34.55:313][  0]LogInit: CPU Page size=65536, Cores=2
[2017.03.21-09.34.55:313][  0]LogInit: High frequency timer resolution =2.343749 MHz
[2017.03.21-09.34.55:313][  0]LogMemory: Memory total: Physical=7.8GB (8GB approx)
[2017.03.21-09.34.55:313][  0]LogMemory: Platform Memory Stats for Windows
[2017.03.21-09.34.55:313][  0]LogMemory: Process Physical Memory: 263.99 MB used, 263.99 MB peak
[2017.03.21-09.34.55:313][  0]LogMemory: Process Virtual Memory: 262.37 MB used, 262.37 MB peak
[2017.03.21-09.34.55:313][  0]LogMemory: Physical Memory: 3636.07 MB used,  4394.77 MB free, 8030.84 MB total
[2017.03.21-09.34.55:313][  0]LogMemory: Virtual Memory: 674.75 MB used,  4394.77 MB free, 134217728.00 MB total
[2017.03.21-09.34.55:611][  0]LogTextLocalizationManager: No specific translations for ('en-GB') exist, so ('en') translations will be used.
[2017.03.21-09.34.56:413][  0]LogD3D11RHI: D3D11 adapters:
[2017.03.21-09.34.56:447][  0]LogD3D11RHI:    0. 'NVIDIA GeForce 940M' (Feature Level 11_0)
[2017.03.21-09.34.56:447][  0]LogD3D11RHI:       2020/0/4015 MB DedicatedVideo/DedicatedSystem/SharedSystem, Outputs:1, VendorId:0x10de
[2017.03.21-09.34.56:454][  0]LogD3D11RHI:    1. 'Intel(R) HD Graphics 520' (Feature Level 11_0)
[2017.03.21-09.34.56:454][  0]LogD3D11RHI:       128/0/4015 MB DedicatedVideo/DedicatedSystem/SharedSystem, Outputs:0, VendorId:0x8086
[2017.03.21-09.34.56:456][  0]LogD3D11RHI:    2. 'Microsoft Basic Render Driver' (Feature Level 11_0)
[2017.03.21-09.34.56:456][  0]LogD3D11RHI:       0/0/4015 MB DedicatedVideo/DedicatedSystem/SharedSystem, Outputs:0, VendorId:0x1414
[2017.03.21-09.34.56:456][  0]LogD3D11RHI: Chosen D3D11 Adapter: 0
[2017.03.21-09.34.56:464][  0]LogD3D11RHI: Creating new Direct3DDevice
[2017.03.21-09.34.56:464][  0]LogD3D11RHI:     GPU DeviceId: 0x1347 (for the marketing name, search the web for "GPU Device Id")
[2017.03.21-09.34.56:464][  0]LogWindows: EnumDisplayDevices:
[2017.03.21-09.34.56:464][  0]LogWindows:    0. 'Intel(R) HD Graphics 520' (P:1 D:1)
[2017.03.21-09.34.56:464][  0]LogWindows:    1. 'Intel(R) HD Graphics 520' (P:0 D:0)
[2017.03.21-09.34.56:464][  0]LogWindows:    2. 'Intel(R) HD Graphics 520' (P:0 D:0)
[2017.03.21-09.34.56:464][  0]LogWindows: DebugString: PrimaryIsNotTheChoosenAdapter PrimaryIsNotTheChoosenAdapter PrimaryIsNotTheChoosenAdapter FoundDriverCount:0 
[2017.03.21-09.34.56:464][  0]LogD3D11RHI:     Adapter Name: NVIDIA GeForce 940M
[2017.03.21-09.34.56:464][  0]LogD3D11RHI:   Driver Version: Unknown (internal:Unknown, unified:Unknown)
[2017.03.21-09.34.56:464][  0]LogD3D11RHI:      Driver Date: Unknown
[2017.03.21-09.34.56:464][  0]LogRHI: Texture pool is 1361 MB (70% of 1945 MB)
[2017.03.21-09.34.56:481][  0]LogD3D11RHI: Async texture creation enabled
[2017.03.21-09.34.56:499][  0]LogD3D11RHI: GPU Timing Frequency: 1000.000000 (Debug: 2 2)
[2017.03.21-09.34.56:499][  0]LogShaderCompilers: Guid format shader working directory is -35 characters bigger than the processId version (../../../../../../Users/Tristan/Documents/UniWork/comp140-gam160-game/SuhDude-Game/Intermediate/Shaders/WorkingDirectory/13080/).
[2017.03.21-09.34.56:499][  0]LogShaderCompilers: Cleaned the shader compiler working directory 'C:/Users/Tristan/AppData/Local/Temp/UnrealShaderWorkingDir/7EC6BF8E47A441EA23208E892804A1B6/'.
[2017.03.21-09.34.56:499][  0]LogShaderCompilers:Display: Using Local Shader Compiler.
[2017.03.21-09.34.58:038][  0]LogTemp:Display: Loaded TP AllDesktopTargetPlatform
[2017.03.21-09.34.58:111][  0]LogTemp:Display: Loaded TP MacClientTargetPlatform
[2017.03.21-09.34.58:181][  0]LogTemp:Display: Loaded TP MacNoEditorTargetPlatform
[2017.03.21-09.34.58:265][  0]LogTemp:Display: Loaded TP MacServerTargetPlatform
[2017.03.21-09.34.58:337][  0]LogTemp:Display: Loaded TP MacTargetPlatform
[2017.03.21-09.34.58:407][  0]LogTemp:Display: Loaded TP WindowsClientTargetPlatform
[2017.03.21-09.34.58:476][  0]LogTemp:Display: Loaded TP WindowsNoEditorTargetPlatform
[2017.03.21-09.34.58:551][  0]LogTemp:Display: Loaded TP WindowsServerTargetPlatform
[2017.03.21-09.34.58:609][  0]LogTemp:Display: Loaded TP WindowsTargetPlatform
[2017.03.21-09.34.58:675][  0]LogTemp:Display: Loaded TP AndroidTargetPlatform
[2017.03.21-09.34.58:747][  0]LogTemp:Display: Loaded TP Android_ASTCTargetPlatform
[2017.03.21-09.34.58:822][  0]LogTemp:Display: Loaded TP Android_ATCTargetPlatform
[2017.03.21-09.34.58:898][  0]LogTemp:Display: Loaded TP Android_DXTTargetPlatform
[2017.03.21-09.34.58:972][  0]LogTemp:Display: Loaded TP Android_ETC1TargetPlatform
[2017.03.21-09.34.59:039][  0]LogTemp:Display: Loaded TP Android_ETC2TargetPlatform
[2017.03.21-09.34.59:199][  0]LogTemp:Display: Loaded TP Android_MultiTargetPlatform
[2017.03.21-09.34.59:199][  0]LogTemp:Display: Loaded TP Android_PVRTCTargetPlatform
[2017.03.21-09.34.59:261][  0]LogTemp:Display: Loaded TP HTML5TargetPlatform
[2017.03.21-09.34.59:387][  0]LogTemp:Display: Loaded TP IOSTargetPlatform
[2017.03.21-09.34.59:435][  0]LogTemp:Display: Loaded TP TVOSTargetPlatform
[2017.03.21-09.34.59:507][  0]LogTemp:Display: Loaded TP LinuxClientTargetPlatform
[2017.03.21-09.34.59:582][  0]LogTemp:Display: Loaded TP LinuxNoEditorTargetPlatform
[2017.03.21-09.34.59:649][  0]LogTemp:Display: Loaded TP LinuxServerTargetPlatform
[2017.03.21-09.34.59:715][  0]LogTemp:Display: Loaded TP LinuxTargetPlatform
[2017.03.21-09.34.59:715][  0]LogTargetPlatformManager:Display: Building Assets For Windows
[2017.03.21-09.35.00:221][  0]LogDerivedDataCache:Display: Max Cache Size: 512 MB
[2017.03.21-09.35.00:312][  0]LogDerivedDataCache: Loaded boot cache 0.09s 60MB C:/Users/Tristan/AppData/Local/UnrealEngine/4.14/DerivedDataCache/Boot.ddc.
[2017.03.21-09.35.00:312][  0]LogDerivedDataCache:Display: Loaded Boot cache: C:/Users/Tristan/AppData/Local/UnrealEngine/4.14/DerivedDataCache/Boot.ddc
[2017.03.21-09.35.00:312][  0]LogDerivedDataCache: FDerivedDataBackendGraph:  Pak pak cache file ../../../../../../Users/Tristan/Documents/UniWork/comp140-gam160-game/SuhDude-Game/DerivedDataCache/DDC.ddp not found, will not use a pak cache.
[2017.03.21-09.35.00:312][  0]LogDerivedDataCache: Unable to find inner node Pak for hierarchical cache Hierarchy.
[2017.03.21-09.35.00:312][  0]LogDerivedDataCache: FDerivedDataBackendGraph:  CompressedPak pak cache file ../../../../../../Users/Tristan/Documents/UniWork/comp140-gam160-game/SuhDude-Game/DerivedDataCache/Compressed.ddp not found, will not use a pak cache.
[2017.03.21-09.35.00:312][  0]LogDerivedDataCache: Unable to find inner node CompressedPak for hierarchical cache Hierarchy.
[2017.03.21-09.35.00:335][  0]LogDerivedDataCache:Display: Pak cache opened for reading ../../../Engine/DerivedDataCache/Compressed.ddp.
[2017.03.21-09.35.00:347][  0]LogDerivedDataCache: Using Local data cache path C:/Users/Tristan/AppData/Local/UnrealEngine/Common/DerivedDataCache: Writable
[2017.03.21-09.35.00:626][  0]LogInit: Selected Device Profile: [Windows]
[2017.03.21-09.35.00:631][  0]LogContentStreaming: Texture pool size is 0.00 MB
[2017.03.21-09.35.00:947][  0]LogMeshUtilities: Using QuadricMeshReduction for automatic static mesh reduction
[2017.03.21-09.35.01:018][  0]LogSimplygon: Simplygon DLL not present - disabling.
[2017.03.21-09.35.01:088][  0]LogMeshUtilities: Using SimplygonSwarm for distributed automatic mesh merging
[2017.03.21-09.35.01:088][  0]LogMeshUtilities: No automatic skeletal mesh reduction module available
[2017.03.21-09.35.01:088][  0]LogMeshUtilities: No automatic mesh merging module available
[2017.03.21-09.35.01:827][  0]LogNetVersion: GetLocalNetworkVersion: CL: 3195953, ProjectName: suhdude, ProjectVersion: , EngineNetworkVersion: 2, GameNetworkVersion: 0, NetworkChecksum: 1980303672
[2017.03.21-09.35.01:904][  0]LogAssetRegistry: FAssetRegistry took 0.0220 seconds to start up
[2017.03.21-09.35.02:001][  0]LogPackageLocalizationCache: Processed 3 localized package path(s) for 2 prioritized culture(s) in 0.063915 seconds
[2017.03.21-09.35.02:009][  0]LogUObjectArray: 31946 objects as part of root set at end of initial load.
[2017.03.21-09.35.02:009][  0]LogUObjectAllocator: 6935848 out of 0 bytes used by permanent object pool.
[2017.03.21-09.35.02:009][  0]LogUObjectArray: CloseDisregardForGC: 0/0 objects in disregard for GC pool
[2017.03.21-09.35.02:114][  0]LogInit: WinSock: version 1.1 (2.2), MaxSocks=32767, MaxUdp=65467
[2017.03.21-09.35.03:293][  0]LogSlate: Using Freetype 2.6.0
[2017.03.21-09.35.03:293][  0]LogSlate: SlateFontCache - WITH_FREETYPE: 1, WITH_HARFBUZZ: 1
[2017.03.21-09.35.03:294][  0]LogSlate: SlateFontCache - WITH_FREETYPE: 1, WITH_HARFBUZZ: 1
[2017.03.21-09.35.04:249][  0]LogTcpMessaging: Initializing TcpMessaging bridge
[2017.03.21-09.35.04:299][  0]LogUdpMessaging: Initializing bridge on interface 0.0.0.0:0 to multicast group 230.0.0.1:6666.
[2017.03.21-09.35.04:300][  0]FUdpSocketBuilder: Failed to subscribe UdpMessageMulticastSocket to multicast group 230.0.0.1
[2017.03.21-09.35.04:300][  0]FUdpSocketBuilder: Failed to create and initialize socket UdpMessageMulticastSocket (last error: 0)
[2017.03.21-09.35.04:300][  0]LogUdpMessaging:Warning: StartTransport failed to create multicast socket on 0.0.0.0:0, joined to 230.0.0.1:6666 with TTL 1
[2017.03.21-09.35.04:770][  0]LogMaterial: Uniform references updated for custom material expression Custom.
[2017.03.21-09.35.05:319][  0]SourceControl: Info Source control is disabled
[2017.03.21-09.35.05:479][  0]SourceControl: Info Source control is disabled
[2017.03.21-09.35.05:557][  0]SourceControl: Info Source control is disabled
[2017.03.21-09.35.05:626][  0]SourceControl: Info Source control is disabled
[2017.03.21-09.35.07:422][  0]LogEngine: Initializing Engine...
[2017.03.21-09.35.07:422][  0]LogHMD: Failed to initialize OpenVR with code 110
[2017.03.21-09.35.07:761][  0]LogAIModule: Creating AISystem for world Untitled
[2017.03.21-09.35.07:773][  0]LogInit: XAudio2 using 'Speaker/HP (Realtek High Definition Audio)' : 2 channels at 48 kHz using 32 bits per sample (channel mask 0x3)
[2017.03.21-09.35.07:794][  0]LogInit: FAudioDevice initialized.
[2017.03.21-09.35.07:849][  0]LogDerivedDataCache: Saved boot cache 0.06s 60MB C:/Users/Tristan/AppData/Local/UnrealEngine/4.14/DerivedDataCache/Boot.ddc.
[2017.03.21-09.35.07:863][  0]LogInit: Texture streaming: Enabled
[2017.03.21-09.35.08:139][  0]LogInit: Transaction tracking system initialized
[2017.03.21-09.35.08:625][  0]BlueprintLog: New page: Editor Load
[2017.03.21-09.35.09:800][  0]LocalizationService: Info Localization service is disabled
[2017.03.21-09.35.10:709][  0]LogConsoleResponse:Display: 
[2017.03.21-09.35.11:364][  0]LogCook:Display: Max memory allowance for cook 16384mb min free memory 0mb
[2017.03.21-09.35.11:364][  0]LogCook:Display: Mobile HDR setting 1
[2017.03.21-09.35.11:665][  0]LogFileCache: Scanning file cache for directory 'C:/Users/Tristan/Documents/UniWork/comp140-gam160-game/SuhDude-Game/Content/' took 0.02s
[2017.03.21-09.35.12:695][  0]SourceControl: Info Source control is disabled
[2017.03.21-09.35.12:695][  0]Cmd: MAP LOAD FILE="../../../../../../Users/Tristan/Documents/UniWork/comp140-gam160-game/SuhDude-Game/Content/Maps/MenuLevel.umap" TEMPLATE=0 SHOWPROGRESS=1 FEATURELEVEL=3
[2017.03.21-09.35.12:803][  0]LightingResults: New page: Lighting Build
[2017.03.21-09.35.12:868][  0]MapCheck: New page: Map Check
[2017.03.21-09.35.12:868][  0]LightingResults: New page: Lighting Build
[2017.03.21-09.35.23:598][  0]LogAIModule: Creating AISystem for world MenuLevel
[2017.03.21-09.35.23:650][  0]LogEditorServer: Finished looking for orphan Actors (0.000 secs)
[2017.03.21-09.35.23:650][  0]Cmd: MAP CHECKDEP NOCLEARLOG
[2017.03.21-09.35.23:712][  0]MapCheck: Info Map check complete: 0 Error(s), 0 Warning(s), took 61.119ms to complete.
[2017.03.21-09.35.23:712][  0]LogFileHelpers: Loading map 'MenuLevel' took 11.017
[2017.03.21-09.35.23:780][  0]LogWindowsTextInputMethodSystem:Display: IME system now deactivated.
[2017.03.21-09.35.25:210][  0]LogSlate: Only BGRA pngs, bmps or icos are supported in by External Image Picker
[2017.03.21-09.35.25:628][  0]LogTemp:Display: Executing iPhonePackager certificates Engine -bundlename com.YourCompany.SuhDude

[2017.03.21-09.35.25:628][  0]LogTemp:Display: CWD: C:\Program Files\Epic Games\UE_4.14\Engine\Binaries\DotNet\IOS

[2017.03.21-09.35.25:628][  0]LogTemp:Display: Initial Dir: C:\Program Files\Epic Games\UE_4.14

[2017.03.21-09.35.25:628][  0]LogTemp:Display: Env CWD: C:\Program Files\Epic Games\UE_4.14\Engine\Binaries\DotNet\IOS

[2017.03.21-09.35.25:628][  0]LogTemp:Display: BranchPath = LAPTOP-HOJJGP5S/C/Program Files/Epic Games/UE_4.14/Engine/Binaries --- GameBranchPath = LAPTOP-HOJJGP5S/C/Program Files/Epic Games/UE_4.14/Engine/Binaries

[2017.03.21-09.35.25:628][  0]LogTemp:Display: IPP ERROR: Application exception: System.IO.DirectoryNotFoundException: Could not find a part of the path 'C:\Users\Tristan\AppData\Local\Apple Computer\MobileDevice\Provisioning Profiles'.

[2017.03.21-09.35.25:628][  0]LogTemp:Display:    at System.IO.__Error.WinIOError(Int32 errorCode, String maybeFullPath)

[2017.03.21-09.35.25:628][  0]LogTemp:Display:    at System.IO.FileSystemEnumerableIterator`1.CommonInit()

[2017.03.21-09.35.25:628][  0]LogTemp:Display:    at System.IO.Directory.EnumerateFiles(String path, String searchPattern)

[2017.03.21-09.35.25:628][  0]LogTemp:Display:    at iPhonePackager.CodeSignatureBuilder.FindProvisions(String CFBundleIdentifier)

[2017.03.21-09.35.25:628][  0]LogTemp:Display:    at iPhonePackager.Program.Main(String[] args)

[2017.03.21-09.35.25:628][  0]LogCollectionManager: Loaded 0 collections in 0.002132 seconds
[2017.03.21-09.35.26:005][  0]LogFileCache: Scanning file cache for directory 'C:/Users/Tristan/Documents/UniWork/comp140-gam160-game/SuhDude-Game/Saved/Collections/' took 0.01s
[2017.03.21-09.35.26:005][  0]LogFileCache: Scanning file cache for directory 'C:/Users/Tristan/Documents/UniWork/comp140-gam160-game/SuhDude-Game/Content/Developers/Tristan/Collections/' took 0.01s
[2017.03.21-09.35.26:005][  0]LogFileCache: Scanning file cache for directory 'C:/Users/Tristan/Documents/UniWork/comp140-gam160-game/SuhDude-Game/Content/Collections/' took 0.01s
[2017.03.21-09.35.26:005][  0]LogCollectionManager: Rebuilt the GUID cache for 0 collections in 0.000002 seconds
[2017.03.21-09.35.26:019][  0]LogContentBrowser: Native class hierarchy populated in 0.0130 seconds. Added 2192 classes and 430 folders.
[2017.03.21-09.35.26:075][  0]LogStats: UGameplayTagsManager::ConstructGameplayTagTree: Construct from data asset -  0.000 s
[2017.03.21-09.35.26:075][  0]LogStats: UGameplayTagsManager::ConstructGameplayTagTree: GameplayTagTreeChangedEvent.Broadcast -  0.000 s
[2017.03.21-09.35.26:078][  0]LogContentBrowser: Native class hierarchy updated for 'GameplayTags' in 0.0028 seconds. Added 13 classes and 0 folders.
[2017.03.21-09.35.26:165][  0]LogContentBrowser: Native class hierarchy updated for 'WidgetCarousel' in 0.0023 seconds. Added 0 classes and 0 folders.
[2017.03.21-09.35.26:219][  0]LogContentBrowser: Native class hierarchy updated for 'AddContentDialog' in 0.0023 seconds. Added 0 classes and 0 folders.
[2017.03.21-09.35.26:277][  0]LogContentBrowser: Native class hierarchy updated for 'SceneOutliner' in 0.0024 seconds. Added 1 classes and 2 folders.
[2017.03.21-09.35.26:347][  0]LogCrashTracker: Crashtracker disabled due to settings.
[2017.03.21-09.35.26:361][  0]LogUObjectGlobals:Warning: Failed to find object 'Class None.'
[2017.03.21-09.35.26:775][  0]LogContentBrowser: Native class hierarchy updated for 'HierarchicalLODOutliner' in 0.0025 seconds. Added 1 classes and 2 folders.
[2017.03.21-09.35.26:775][  0]LogLoad: (Engine Initialization) Total time: 33.85 seconds
[2017.03.21-09.35.26:775][  0]LogLoad: (Engine Initialization) Total Blueprint compile time: 0.19 seconds
[2017.03.21-09.35.26:775][  0]LogExternalProfiler: Found external profiler: VSPerf
[2017.03.21-09.35.26:775][  0]LogExternalProfiler: Using external profiler: VSPerf
[2017.03.21-09.35.26:793][  0]LogOcInput: OculusInput pre-init called
[2017.03.21-09.35.26:812][  0]LogContentStreaming: Texture pool size now 1000 MB
[2017.03.21-09.35.27:291][  0]LogRenderer: Reallocating scene render targets to support 828x436 NumSamples 1 (Frame:2).
[2017.03.21-09.35.27:314][  1]LogHttp:Warning: 00000192B7FBF400: request failed, libcurl error: 6 (Couldn't resolve host name)
[2017.03.21-09.35.27:314][  1]LogHttp:Warning: 00000192B7FBF400: libcurl info message cache 0 (Could not resolve host: cdn.unrealengine.com)
[2017.03.21-09.35.27:314][  1]LogHttp:Warning: 00000192B7FBF400: libcurl info message cache 1 (Closing connection 0)
[2017.03.21-09.35.27:325][  1]LogAssetRegistry: Asset discovery search completed in 25.4432 seconds
[2017.03.21-09.35.27:325][  1]LogCollectionManager: Rebuilt the object cache for 0 collections in 0.000001 seconds (found 0 objects)
[2017.03.21-09.35.27:325][  1]LogCollectionManager: Fixed up redirectors for 0 collections in 0.000024 seconds (updated 0 objects)
[2017.03.21-09.35.27:385][  2]LogHttp:Warning: 00000192FA08B400: request failed, libcurl error: 6 (Couldn't resolve host name)
[2017.03.21-09.35.27:385][  2]LogHttp:Warning: 00000192FA08B400: libcurl info message cache 0 (Could not resolve host: cdn.unrealengine.com)
[2017.03.21-09.35.27:385][  2]LogHttp:Warning: 00000192FA08B400: libcurl info message cache 1 (Closing connection 1)
[2017.03.21-09.35.27:416][  4]LogHttp:Warning: 00000192FA268580: request failed, libcurl error: 6 (Couldn't resolve host name)
[2017.03.21-09.35.27:416][  4]LogHttp:Warning: 00000192FA268580: libcurl info message cache 0 (Could not resolve host: cdn.unrealengine.com)
[2017.03.21-09.35.27:416][  4]LogHttp:Warning: 00000192FA268580: libcurl info message cache 1 (Closing connection 2)
[2017.03.21-09.35.49:896][199]LogTemp: Repeting last play command: New Editor Window (PIE)
[2017.03.21-09.35.49:928][199]LogBlueprintUserMessages: Early PlayInEditor Detection: Level '/Game/Maps/MenuLevel.MenuLevel:PersistentLevel' has LevelScriptBlueprint '/Game/Maps/MenuLevel.MenuLevel:PersistentLevel.MenuLevel' with GeneratedClass '/Game/Maps/MenuLevel.MenuLevel_C' with ClassGeneratedBy '/Game/Maps/MenuLevel.MenuLevel:PersistentLevel.MenuLevel'
[2017.03.21-09.35.49:929][199]LogPlayLevel: PlayLevel: No blueprints needed recompiling
[2017.03.21-09.35.49:929][199]PIE: New page: PIE session: MenuLevel (21 Mar 2017 09:35:49)
[2017.03.21-09.35.49:930][199]LogPlayLevel: Creating play world package: /Game/Maps/UEDPIE_0_MenuLevel
[2017.03.21-09.35.49:934][199]LogPlayLevel: PIE: StaticDuplicateObject took: (0.004118s)
[2017.03.21-09.35.49:935][199]LogAIModule: Creating AISystem for world MenuLevel
[2017.03.21-09.35.49:935][199]LogPlayLevel: PIE: World Init took: (0.001279s)
[2017.03.21-09.35.49:936][199]LogPlayLevel: PIE: Created PIE world by copying editor world from /Game/Maps/MenuLevel.MenuLevel to /Game/Maps/UEDPIE_0_MenuLevel.MenuLevel (0.005878s)
[2017.03.21-09.35.49:977][199]LogInit: XAudio2 using 'Speaker/HP (Realtek High Definition Audio)' : 2 channels at 48 kHz using 32 bits per sample (channel mask 0x3)
[2017.03.21-09.35.49:992][199]LogInit: FAudioDevice initialized.
[2017.03.21-09.35.52:502][199]LogLoad: Game class is 'MenuGameMode_C'
[2017.03.21-09.35.52:504][199]LogWorld: Bringing World /Game/Maps/UEDPIE_0_MenuLevel.MenuLevel up for play (max tick rate 60) at 2017.03.21-09.35.52
[2017.03.21-09.35.52:505][199]LogWorld: Bringing up level for play took: 0.002328
[2017.03.21-09.35.52:601][199]LogContentBrowser: Native class hierarchy updated for 'MovieSceneCapture' in 0.0029 seconds. Added 11 classes and 0 folders.
[2017.03.21-09.35.52:602][199]LogGameMode:Display: Match State Changed from EnteringMap to WaitingToStart
[2017.03.21-09.35.52:602][199]LogGameState: Match State Changed from EnteringMap to WaitingToStart
[2017.03.21-09.35.52:602][199]LogGameMode:Display: Match State Changed from WaitingToStart to InProgress
[2017.03.21-09.35.52:607][199]LogGameState: Match State Changed from WaitingToStart to InProgress
[2017.03.21-09.35.52:613][199]PIE: Info Play in editor start time for /Game/Maps/UEDPIE_0_MenuLevel 2.398
[2017.03.21-09.35.52:613][199]LogBlueprintUserMessages: Late PlayInEditor Detection: Level '/Game/Maps/MenuLevel.MenuLevel:PersistentLevel' has LevelScriptBlueprint '/Game/Maps/MenuLevel.MenuLevel:PersistentLevel.MenuLevel' with GeneratedClass '/Game/Maps/MenuLevel.MenuLevel_C' with ClassGeneratedBy '/Game/Maps/MenuLevel.MenuLevel:PersistentLevel.MenuLevel'
[2017.03.21-09.35.52:673][199]LogRenderer: Reallocating scene render targets to support 1292x756 NumSamples 1 (Frame:1196).
[2017.03.21-09.36.05:748][636]LogScriptCore:Warning: Script Msg: Attempted to access index -1 from array BrushPlayer of length 3!
[2017.03.21-09.36.06:381][660]LogScriptCore:Warning: Script Msg: Attempted to access index -2 from array BrushPlayer of length 3!
[2017.03.21-09.36.07:074][686]LogScriptCore:Warning: Script Msg: Attempted to access index -3 from array BrushPlayer of length 3!
[2017.03.21-09.36.07:546][706]LogScriptCore:Warning: Script Msg: Attempted to access index -4 from array BrushPlayer of length 3!
[2017.03.21-09.36.07:741][714]LogScriptCore:Warning: Script Msg: Attempted to access index -5 from array BrushPlayer of length 3!
[2017.03.21-09.36.08:743][756]LogScriptCore:Warning: Script Msg: Attempted to access index -4 from array BrushPlayer of length 3!
[2017.03.21-09.36.08:961][765]LogScriptCore:Warning: Script Msg: Attempted to access index -3 from array BrushPlayer of length 3!
[2017.03.21-09.36.09:178][774]LogScriptCore:Warning: Script Msg: Attempted to access index -2 from array BrushPlayer of length 3!
[2017.03.21-09.36.09:371][782]LogScriptCore:Warning: Script Msg: Attempted to access index -1 from array BrushPlayer of length 3!
[2017.03.21-09.36.26:834][513]LogHttp:Warning: 00000192F9821F00: request failed, libcurl error: 6 (Couldn't resolve host name)
[2017.03.21-09.36.26:834][513]LogHttp:Warning: 00000192F9821F00: libcurl info message cache 0 (Could not resolve host: datarouter.ol.epicgames.com)
[2017.03.21-09.36.26:834][513]LogHttp:Warning: 00000192F9821F00: libcurl info message cache 1 (Closing connection 3)
[2017.03.21-09.36.33:217][780]LogGameMode:Display: Match State Changed from InProgress to LeavingMap
[2017.03.21-09.36.33:217][780]LogGameState: Match State Changed from InProgress to LeavingMap
[2017.03.21-09.36.33:218][780]LogNet: Browse: /Game/Maps/Map1
[2017.03.21-09.36.33:218][780]LogLoad: LoadMap: /Game/Maps/Map1
[2017.03.21-09.36.33:275][780]Cmd: MEM
[2017.03.21-09.36.33:302][780]LogMemory: Platform Memory Stats for Windows
[2017.03.21-09.36.33:302][780]LogMemory: Process Physical Memory: 1456.70 MB used, 1643.27 MB peak
[2017.03.21-09.36.33:302][780]LogMemory: Process Virtual Memory: 1931.27 MB used, 1999.93 MB peak
[2017.03.21-09.36.33:302][780]LogMemory: Physical Memory: 5616.53 MB used,  2414.32 MB free, 8030.84 MB total
[2017.03.21-09.36.33:302][780]LogMemory: Virtual Memory: 2811.41 MB used,  2414.32 MB free, 134217728.00 MB total
[2017.03.21-09.36.33:302][780]LogMemory: 
[2017.03.21-09.36.33:302][780]Allocator Stats for TBB: (not implemented)
[2017.03.21-09.36.37:450][780]LogAIModule: Creating AISystem for world Map1
[2017.03.21-09.36.37:451][780]LogLoad: Game class is 'MainGameMode_C'
[2017.03.21-09.36.37:474][780]LogWorld: Bringing World /Game/Maps/UEDPIE_0_Map1.Map1 up for play (max tick rate 60) at 2017.03.21-09.36.37
[2017.03.21-09.36.37:475][780]LogWorld: Bringing up level for play took: 0.007110
[2017.03.21-09.36.37:492][780]LogLoad: Took 4.274563 seconds to LoadMap(/Game/Maps/Map1)
[2017.03.21-09.36.41:121][940]LogBlueprintUserMessages: Early EndPlayMap Detection: Level '/Game/Maps/MenuLevel.MenuLevel:PersistentLevel' has LevelScriptBlueprint '/Game/Maps/MenuLevel.MenuLevel:PersistentLevel.MenuLevel' with GeneratedClass '/Game/Maps/MenuLevel.MenuLevel_C' with ClassGeneratedBy '/Game/Maps/MenuLevel.MenuLevel:PersistentLevel.MenuLevel'
[2017.03.21-09.36.41:157][940]LogBlueprintUserMessages: Late EndPlayMap Detection: Level '/Game/Maps/MenuLevel.MenuLevel:PersistentLevel' has LevelScriptBlueprint '/Game/Maps/MenuLevel.MenuLevel:PersistentLevel.MenuLevel' with GeneratedClass '/Game/Maps/MenuLevel.MenuLevel_C' with ClassGeneratedBy '/Game/Maps/MenuLevel.MenuLevel:PersistentLevel.MenuLevel'
[2017.03.21-09.36.54:381][430]LogContentBrowser: Native class hierarchy updated for 'BlueprintGraph' in 0.0030 seconds. Added 111 classes and 0 folders.
[2017.03.21-09.37.26:854][564]LogHttp:Warning: 00000193563C7280: request failed, libcurl error: 6 (Couldn't resolve host name)
[2017.03.21-09.37.26:854][564]LogHttp:Warning: 00000193563C7280: libcurl info message cache 0 (Could not resolve host: datarouter.ol.epicgames.com)
[2017.03.21-09.37.26:854][564]LogHttp:Warning: 00000193563C7280: libcurl info message cache 1 (Closing connection 4)
[2017.03.21-09.37.33:099][866]BlueprintLog: New page: Compile CharcterSelect
[2017.03.21-09.38.33:532][221]LogHttp:Warning: 00000192F9934280: request failed, libcurl error: 6 (Couldn't resolve host name)
[2017.03.21-09.38.33:533][221]LogHttp:Warning: 00000192F9934280: libcurl info message cache 0 (Could not resolve host: datarouter.ol.epicgames.com)
[2017.03.21-09.38.33:533][221]LogHttp:Warning: 00000192F9934280: libcurl info message cache 1 (Closing connection 5)
[2017.03.21-09.40.26:866][561]LogHttp:Warning: 00000192F9934B80: request failed, libcurl error: 6 (Couldn't resolve host name)
[2017.03.21-09.40.26:866][561]LogHttp:Warning: 00000192F9934B80: libcurl info message cache 0 (Could not resolve host: datarouter.ol.epicgames.com)
[2017.03.21-09.40.26:866][561]LogHttp:Warning: 00000192F9934B80: libcurl info message cache 1 (Closing connection 6)
[2017.03.21-09.41.26:866][741]LogHttp:Warning: 00000192F9936380: request failed, libcurl error: 6 (Couldn't resolve host name)
[2017.03.21-09.41.26:866][741]LogHttp:Warning: 00000192F9936380: libcurl info message cache 0 (Could not resolve host: datarouter.ol.epicgames.com)
[2017.03.21-09.41.26:866][741]LogHttp:Warning: 00000192F9936380: libcurl info message cache 1 (Closing connection 7)
[2017.03.21-09.42.27:199][922]LogHttp:Warning: 00000192F9936380: request failed, libcurl error: 6 (Couldn't resolve host name)
[2017.03.21-09.42.27:199][922]LogHttp:Warning: 00000192F9936380: libcurl info message cache 0 (Could not resolve host: datarouter.ol.epicgames.com)
[2017.03.21-09.42.27:199][922]LogHttp:Warning: 00000192F9936380: libcurl info message cache 1 (Closing connection 8)
[2017.03.21-09.44.27:275][297]LogHttp:Warning: 00000192FC3A1A80: request failed, libcurl error: 6 (Couldn't resolve host name)
[2017.03.21-09.44.27:275][297]LogHttp:Warning: 00000192FC3A1A80: libcurl info message cache 0 (Could not resolve host: datarouter.ol.epicgames.com)
[2017.03.21-09.44.27:275][297]LogHttp:Warning: 00000192FC3A1A80: libcurl info message cache 1 (Closing connection 9)
[2017.03.21-09.46.19:041][629]LogFileHelpers: Editor autosave (incl. sublevels) for '/Game/Maps/MenuLevel' took 0.370
[2017.03.21-09.46.19:079][629]OBJ SavePackage: Generating thumbnails for [0] asset(s) in package [/Game/Menus/MainMenu/CharcterSelect] ([1] browsable assets)...
[2017.03.21-09.46.19:079][629]OBJ SavePackage: Finished generating thumbnails for package [/Game/Menus/MainMenu/CharcterSelect]
[2017.03.21-09.46.19:366][629]LogSavePackage: Save=208.09ms
[2017.03.21-09.46.19:366][629]LogSavePackage: Moving '../../../../../../Users/Tristan/Documents/UniWork/comp140-gam160-game/SuhDude-Game/Saved/CharcterSelect_Auto184260CCD4C2551E5DD7E96AA4E536E92.tmp' to '../../../../../../Users/Tristan/Documents/UniWork/comp140-gam160-game/SuhDude-Game/Saved/Autosaves/Game/Menus/MainMenu/CharcterSelect_Auto1.uasset'
[2017.03.21-09.46.19:372][629]LogSavePackage:Display: Finished SavePackage ../../../../../../Users/Tristan/Documents/UniWork/comp140-gam160-game/SuhDude-Game/Saved/Autosaves/Game/Menus/MainMenu/CharcterSelect_Auto1.uasset
[2017.03.21-09.46.19:372][629]LogFileHelpers: Auto-saving content packages took 0.330
[2017.03.21-09.46.27:158][654]LogHttp:Warning: 00000192FC3A1A80: request failed, libcurl error: 6 (Couldn't resolve host name)
[2017.03.21-09.46.27:158][654]LogHttp:Warning: 00000192FC3A1A80: libcurl info message cache 0 (Could not resolve host: datarouter.ol.epicgames.com)
[2017.03.21-09.46.27:158][654]LogHttp:Warning: 00000192FC3A1A80: libcurl info message cache 1 (Closing connection 10)
[2017.03.21-09.47.27:375][834]LogHttp:Warning: 00000192FC3A2680: request failed, libcurl error: 6 (Couldn't resolve host name)
[2017.03.21-09.47.27:375][834]LogHttp:Warning: 00000192FC3A2680: libcurl info message cache 0 (Could not resolve host: datarouter.ol.epicgames.com)
[2017.03.21-09.47.27:375][834]LogHttp:Warning: 00000192FC3A2680: libcurl info message cache 1 (Closing connection 11)
[2017.03.21-09.49.27:058][193]LogHttp:Warning: 00000192FC3A0B80: request failed, libcurl error: 6 (Couldn't resolve host name)
[2017.03.21-09.49.27:058][193]LogHttp:Warning: 00000192FC3A0B80: libcurl info message cache 0 (Could not resolve host: datarouter.ol.epicgames.com)
[2017.03.21-09.49.27:058][193]LogHttp:Warning: 00000192FC3A0B80: libcurl info message cache 1 (Closing connection 12)
[2017.03.21-09.50.27:390][374]LogHttp:Warning: 00000192FC3A0B80: request failed, libcurl error: 6 (Couldn't resolve host name)
[2017.03.21-09.50.27:390][374]LogHttp:Warning: 00000192FC3A0B80: libcurl info message cache 0 (Could not resolve host: datarouter.ol.epicgames.com)
[2017.03.21-09.50.27:390][374]LogHttp:Warning: 00000192FC3A0B80: libcurl info message cache 1 (Closing connection 13)
[2017.03.21-10.02.49:093][293]LogHttp:Warning: 00000193567E6800: request failed, libcurl error: 6 (Couldn't resolve host name)
[2017.03.21-10.02.49:560][293]LogHttp:Warning: 00000193567E6800: libcurl info message cache 0 (Found bundle for host datarouter.ol.epicgames.com: 0x192b866bfe8 [can pipeline])
[2017.03.21-10.02.49:560][293]LogHttp:Warning: 00000193567E6800: libcurl info message cache 1 (Re-using existing connection! (#14) with host datarouter.ol.epicgames.com)
[2017.03.21-10.02.49:560][293]LogHttp:Warning: 00000193567E6800: libcurl info message cache 2 (Connected to datarouter.ol.epicgames.com (52.44.156.214) port 443 (#14))
[2017.03.21-10.02.49:560][293]LogHttp:Warning: 00000193567E6800: libcurl info message cache 3 (upload completely sent off: 614 out of 614 bytes)
[2017.03.21-10.02.49:560][293]LogHttp:Warning: 00000193567E6800: libcurl info message cache 4 (SSL read: error:00000000:lib(0):func(0):reason(0), errno 10054)
[2017.03.21-10.02.49:560][293]LogHttp:Warning: 00000193567E6800: libcurl info message cache 5 (Connection died, retrying a fresh connect)
[2017.03.21-10.02.49:560][293]LogHttp:Warning: 00000193567E6800: libcurl info message cache 6 (Closing connection 14)
[2017.03.21-10.02.49:560][293]LogHttp:Warning: 00000193567E6800: libcurl info message cache 7 (Issue another request to this URL: 'https://datarouter.ol.epicgames.com/datarouter/api/v1/public/data?SessionID=%7BDC34CCC1-4A58-0A93-D6DC-8D83F020E392%7D&AppID=UEEditor.Rocket.Release&AppVersion=4.14.3-3249277%2B%2B%2BUE4%2BRelease-4.14&UserID=41ed778249ed24844dd23d85c474ffb0%7C91600aac168940c7ad6ecd8e89500ac8%7Ccca0cc25-fddf-495d-858a-6ebf4d9a36a6&AppEnvironment=datacollector-binary&UploadType=eteventstream')
[2017.03.21-10.02.49:732][293]LogHttp:Warning: 00000193567E6800: libcurl info message cache 8 (Could not resolve host: datarouter.ol.epicgames.com)
[2017.03.21-10.02.49:732][293]LogHttp:Warning: 00000193567E6800: libcurl info message cache 9 (Closing connection 15)
[2017.03.21-10.03.16:240][373]LogHttp:Warning: 00000193567E4400: request failed, libcurl error: 6 (Couldn't resolve host name)
[2017.03.21-10.03.16:240][373]LogHttp:Warning: 00000193567E4400: libcurl info message cache 0 (Could not resolve host: datarouter.ol.epicgames.com)
[2017.03.21-10.03.16:241][373]LogHttp:Warning: 00000193567E4400: libcurl info message cache 1 (Closing connection 16)
[2017.03.21-10.04.27:183][585]LogHttp:Warning: 00000193567E4400: request failed, libcurl error: 6 (Couldn't resolve host name)
[2017.03.21-10.04.27:183][585]LogHttp:Warning: 00000193567E4400: libcurl info message cache 0 (Could not resolve host: datarouter.ol.epicgames.com)
[2017.03.21-10.04.27:183][585]LogHttp:Warning: 00000193567E4400: libcurl info message cache 1 (Closing connection 17)
[2017.03.21-10.06.26:802][485]LogHttp:Warning: 0000019354DB3100: request failed, libcurl error: 6 (Couldn't resolve host name)
[2017.03.21-10.06.26:803][485]LogHttp:Warning: 0000019354DB3100: libcurl info message cache 0 (Could not resolve host: datarouter.ol.epicgames.com)
[2017.03.21-10.06.26:803][485]LogHttp:Warning: 0000019354DB3100: libcurl info message cache 1 (Closing connection 18)
[2017.03.21-10.07.26:804][ 81]LogHttp:Warning: 0000019333DA9180: request failed, libcurl error: 6 (Couldn't resolve host name)
[2017.03.21-10.07.26:804][ 81]LogHttp:Warning: 0000019333DA9180: libcurl info message cache 0 (Could not resolve host: datarouter.ol.epicgames.com)
[2017.03.21-10.07.26:804][ 81]LogHttp:Warning: 0000019333DA9180: libcurl info message cache 1 (Closing connection 19)
[2017.03.21-10.08.18:480][404]LogSavePackage: Save=2550.64ms
[2017.03.21-10.08.18:484][404]LogSavePackage: Moving '../../../../../../Users/Tristan/Documents/UniWork/comp140-gam160-game/SuhDude-Game/Saved/CharcterSelect58BDAE2B4A5CB83218C800923ED97784.tmp' to '../../../../../../Users/Tristan/Documents/UniWork/comp140-gam160-game/SuhDude-Game/Content/Menus/MainMenu/CharcterSelect.uasset'
[2017.03.21-10.08.18:756][404]LogSavePackage:Display: Finished SavePackage ../../../../../../Users/Tristan/Documents/UniWork/comp140-gam160-game/SuhDude-Game/Content/Menus/MainMenu/CharcterSelect.uasset
[2017.03.21-10.08.30:800][405]Cmd: QUIT_EDITOR
[2017.03.21-10.08.34:319][405]LogWindowsTextInputMethodSystem:Display: IME system now deactivated.
[2017.03.21-10.08.34:505][405]LogExit: Preparing to exit.
[2017.03.21-10.08.37:886][405]LogDirectoryWatcher: A directory notification for 'C:/Users/Tristan/Documents/UniWork/comp140-gam160-game/SuhDude-Game/Content/' was aborted.
[2017.03.21-10.08.39:110][405]LogExit: Editor shut down
[2017.03.21-10.08.39:112][405]LogExit: Transaction tracking system shut down
[2017.03.21-10.08.42:979][405]LogObj: Freed 0b from 0 cluster array pools.
[2017.03.21-10.08.42:988][405]LogExit: Object subsystem successfully closed.
[2017.03.21-10.08.43:433][405]LogD3D11RHI: Shutdown
[2017.03.21-10.08.43:433][405]LogD3D11RHI: CleanupD3DDevice
[2017.03.21-10.08.43:740][405]LogD3D11RHI: ~FD3D11DynamicRHI
[2017.03.21-10.08.46:580][405]LogHttp:Display: Http module shutting down, but needs to wait on 1 outstanding Http requests:
[2017.03.21-10.08.46:580][405]LogHttp:Display: 	verb=[POST] url=[https://datarouter.ol.epicgames.com/datarouter/api/v1/public/data?SessionID=%7BDC34CCC1-4A58-0A93-D6DC-8D83F020E392%7D&AppID=UEEditor.Rocket.Release&AppVersion=4.14.3-3249277%2B%2B%2BUE4%2BRelease-4.14&UserID=41ed778249ed24844dd23d85c474ffb0%7C91600aac168940c7ad6ecd8e89500ac8%7Ccca0cc25-fddf-495d-858a-6ebf4d9a36a6&AppEnvironment=datacollector-binary&UploadType=eteventstream] status=Processing
[2017.03.21-10.08.46:580][405]LogHttp:Warning: 00000192E55F0B80: request failed, libcurl error: 6 (Couldn't resolve host name)
[2017.03.21-10.08.46:580][405]LogHttp:Warning: 00000192E55F0B80: libcurl info message cache 0 (Could not resolve host: datarouter.ol.epicgames.com)
[2017.03.21-10.08.46:580][405]LogHttp:Warning: 00000192E55F0B80: libcurl info message cache 1 (Closing connection 20)
[2017.03.21-10.08.46:750][405]LogModuleManager: Shutting down and abandoning module SequencerWidgets (247)
[2017.03.21-10.08.46:750][405]LogModuleManager: Shutting down and abandoning module BlueprintGraph (246)
[2017.03.21-10.08.46:750][405]LogModuleManager: Shutting down and abandoning module BlueprintProfiler (245)
[2017.03.21-10.08.46:763][405]LogModuleManager: Shutting down and abandoning module MovieSceneCapture (244)
[2017.03.21-10.08.46:763][405]LogModuleManager: Shutting down and abandoning module HierarchicalLODOutliner (243)
[2017.03.21-10.08.46:767][405]LogModuleManager: Shutting down and abandoning module CrashTracker (242)
[2017.03.21-10.08.46:780][405]LogModuleManager: Shutting down and abandoning module SceneOutliner (241)
[2017.03.21-10.08.46:794][405]LogModuleManager: Shutting down and abandoning module WidgetCarousel (240)
[2017.03.21-10.08.46:798][405]LogModuleManager: Shutting down and abandoning module AddContentDialog (239)
[2017.03.21-10.08.46:840][405]LogDirectoryWatcher: A directory notification for 'C:/Program Files/Epic Games/UE_4.14/FeaturePacks/' was aborted.
[2017.03.21-10.08.46:852][405]LogModuleManager: Shutting down and abandoning module GameplayTags (238)
[2017.03.21-10.08.46:852][405]LogModuleManager: Shutting down and abandoning module EditorWidgets (237)
[2017.03.21-10.08.46:852][405]LogModuleManager: Shutting down and abandoning module CollectionManager (236)
[2017.03.21-10.08.46:865][405]LogDirectoryWatcher: A directory notification for 'C:/Users/Tristan/Documents/UniWork/comp140-gam160-game/SuhDude-Game/Content/Collections/' was aborted.
[2017.03.21-10.08.46:865][405]LogDirectoryWatcher: A directory notification for 'C:/Users/Tristan/Documents/UniWork/comp140-gam160-game/SuhDude-Game/Content/Developers/Tristan/Collections/' was aborted.
[2017.03.21-10.08.46:865][405]LogDirectoryWatcher: A directory notification for 'C:/Users/Tristan/Documents/UniWork/comp140-gam160-game/SuhDude-Game/Saved/Collections/' was aborted.
[2017.03.21-10.08.46:866][405]LogModuleManager: Shutting down and abandoning module ExternalImagePicker (235)
[2017.03.21-10.08.46:866][405]LogModuleManager: Shutting down and abandoning module StatsViewer (234)
[2017.03.21-10.08.46:891][405]LogModuleManager: Shutting down and abandoning module FoliageEdit (233)
[2017.03.21-10.08.46:891][405]LogModuleManager: Shutting down and abandoning module LandscapeEditor (232)
[2017.03.21-10.08.46:959][405]LogModuleManager: Shutting down and abandoning module SceneDepthPickerMode (231)
[2017.03.21-10.08.46:959][405]LogModuleManager: Shutting down and abandoning module ActorPickerMode (230)
[2017.03.21-10.08.46:959][405]LogModuleManager: Shutting down and abandoning module GeometryMode (229)
[2017.03.21-10.08.46:959][405]LogModuleManager: Shutting down and abandoning module TextureAlignMode (228)
[2017.03.21-10.08.46:960][405]LogModuleManager: Shutting down and abandoning module BspMode (227)
[2017.03.21-10.08.46:965][405]LogModuleManager: Shutting down and abandoning module HardwareSurvey (226)
[2017.03.21-10.08.46:973][405]LogModuleManager: Shutting down and abandoning module SequenceRecorderSections (225)
[2017.03.21-10.08.46:983][405]LogModuleManager: Shutting down and abandoning module AutomationWorker (224)
[2017.03.21-10.08.46:987][405]LogModuleManager: Shutting down and abandoning module MatineeToLevelSequence (223)
[2017.03.21-10.08.47:033][405]LogModuleManager: Shutting down and abandoning module PlacementMode (222)
[2017.03.21-10.08.47:064][405]LogModuleManager: Shutting down and abandoning module LevelSequenceEditor (221)
[2017.03.21-10.08.47:090][405]LogModuleManager: Shutting down and abandoning module WmfMediaFactory (220)
[2017.03.21-10.08.47:090][405]LogModuleManager: Shutting down and abandoning module WmfMediaEditor (219)
[2017.03.21-10.08.47:090][405]LogModuleManager: Shutting down and abandoning module AvfMediaFactory (218)
[2017.03.21-10.08.47:090][405]LogModuleManager: Shutting down and abandoning module AvfMediaEditor (217)
[2017.03.21-10.08.47:090][405]LogModuleManager: Shutting down and abandoning module Media (216)
[2017.03.21-10.08.47:090][405]LogModuleManager: Shutting down and abandoning module AndroidMediaFactory (215)
[2017.03.21-10.08.47:090][405]LogModuleManager: Shutting down and abandoning module AndroidMediaEditor (214)
[2017.03.21-10.08.47:090][405]LogModuleManager: Shutting down and abandoning module CharacterAI (213)
[2017.03.21-10.08.47:090][405]LogModuleManager: Shutting down and abandoning module SequenceRecorder (212)
[2017.03.21-10.08.47:140][405]LogModuleManager: Shutting down and abandoning module AudioCapture (211)
[2017.03.21-10.08.47:146][405]LogModuleManager: Shutting down and abandoning module SmartSnapping (210)
[2017.03.21-10.08.47:146][405]LogModuleManager: Shutting down and abandoning module SessionServices (209)
[2017.03.21-10.08.47:146][405]LogModuleManager: Shutting down and abandoning module ViewportSnapping (208)
[2017.03.21-10.08.47:146][405]LogModuleManager: Shutting down and abandoning module ViewportInteraction (207)
[2017.03.21-10.08.47:146][405]LogModuleManager: Shutting down and abandoning module LogVisualizer (206)
[2017.03.21-10.08.47:187][405]LogModuleManager: Shutting down and abandoning module GameProjectGeneration (205)
[2017.03.21-10.08.47:206][405]LogModuleManager: Shutting down and abandoning module IntroTutorials (204)
[2017.03.21-10.08.47:257][405]LogModuleManager: Shutting down and abandoning module EditorLiveStreaming (203)
[2017.03.21-10.08.47:262][405]LogModuleManager: Shutting down and abandoning module IOSPlatformEditor (202)
[2017.03.21-10.08.47:271][405]LogModuleManager: Shutting down and abandoning module HTML5PlatformEditor (201)
[2017.03.21-10.08.47:271][405]LogModuleManager: Shutting down and abandoning module AndroidDeviceDetection (200)
[2017.03.21-10.08.48:114][405]LogModuleManager: Shutting down and abandoning module AndroidPlatformEditor (199)
[2017.03.21-10.08.48:124][405]LogModuleManager: Shutting down and abandoning module IOSRuntimeSettings (198)
[2017.03.21-10.08.48:124][405]LogModuleManager: Shutting down and abandoning module AndroidRuntimeSettings (197)
[2017.03.21-10.08.48:124][405]LogModuleManager: Shutting down and abandoning module InputBindingEditor (196)
[2017.03.21-10.08.48:124][405]LogModuleManager: Shutting down and abandoning module NiagaraEditor (195)
[2017.03.21-10.08.48:173][405]LogModuleManager: Shutting down and abandoning module MergeActors (194)
[2017.03.21-10.08.48:184][405]LogModuleManager: Shutting down and abandoning module SizeMap (193)
[2017.03.21-10.08.48:192][405]LogModuleManager: Shutting down and abandoning module TreeMap (192)
[2017.03.21-10.08.48:205][405]LogModuleManager: Shutting down and abandoning module ReferenceViewer (191)
[2017.03.21-10.08.48:205][405]LogModuleManager: Shutting down and abandoning module LocalizationService (190)
[2017.03.21-10.08.48:211][405]LogModuleManager: Shutting down and abandoning module LocalizationDashboard (189)
[2017.03.21-10.08.48:234][405]LogModuleManager: Shutting down and abandoning module HardwareTargeting (188)
[2017.03.21-10.08.48:234][405]LogModuleManager: Shutting down and abandoning module DeviceProfileEditor (187)
[2017.03.21-10.08.48:238][405]LogModuleManager: Shutting down and abandoning module UndoHistory (186)
[2017.03.21-10.08.48:245][405]LogModuleManager: Shutting down and abandoning module UserFeedback (185)
[2017.03.21-10.08.48:245][405]LogModuleManager: Shutting down and abandoning module XmlParser (184)
[2017.03.21-10.08.48:254][405]LogModuleManager: Shutting down and abandoning module Blutility (183)
[2017.03.21-10.08.48:254][405]LogModuleManager: Shutting down and abandoning module ProjectTargetPlatformEditor (182)
[2017.03.21-10.08.48:261][405]LogModuleManager: Shutting down and abandoning module ProjectSettingsViewer (181)
[2017.03.21-10.08.48:273][405]LogModuleManager: Shutting down and abandoning module EditorSettingsViewer (180)
[2017.03.21-10.08.48:273][405]LogModuleManager: Shutting down and abandoning module SettingsEditor (179)
[2017.03.21-10.08.48:286][405]LogModuleManager: Shutting down and abandoning module ProjectLauncher (178)
[2017.03.21-10.08.48:316][405]LogModuleManager: Shutting down and abandoning module SessionFrontend (177)
[2017.03.21-10.08.48:327][405]LogModuleManager: Shutting down and abandoning module ProfilerClient (176)
[2017.03.21-10.08.48:335][405]LogModuleManager: Shutting down and abandoning module TargetDeviceServices (175)
[2017.03.21-10.08.48:349][405]LogModuleManager: Shutting down and abandoning module DeviceManager (174)
[2017.03.21-10.08.48:414][405]LogModuleManager: Shutting down and abandoning module AutomationController (173)
[2017.03.21-10.08.48:427][405]LogModuleManager: Shutting down and abandoning module AutomationWindow (172)
[2017.03.21-10.08.48:447][405]LogModuleManager: Shutting down and abandoning module Layers (171)
[2017.03.21-10.08.48:461][405]LogModuleManager: Shutting down and abandoning module ComponentVisualizers (170)
[2017.03.21-10.08.48:461][405]LogModuleManager: Shutting down and abandoning module DetailCustomizations (169)
[2017.03.21-10.08.48:482][405]LogModuleManager: Shutting down and abandoning module PackagesDialog (168)
[2017.03.21-10.08.48:482][405]LogModuleManager: Shutting down and abandoning module AnimGraph (167)
[2017.03.21-10.08.48:482][405]LogModuleManager: Shutting down and abandoning module Persona (166)
[2017.03.21-10.08.48:503][405]LogModuleManager: Shutting down and abandoning module Kismet (165)
[2017.03.21-10.08.48:533][405]LogModuleManager: Shutting down and abandoning module GraphEditor (164)
[2017.03.21-10.08.48:548][405]LogModuleManager: Shutting down and abandoning module ClassViewer (163)
[2017.03.21-10.08.48:555][405]LogModuleManager: Shutting down and abandoning module Toolbox (162)
[2017.03.21-10.08.48:557][405]LogModuleManager: Shutting down and abandoning module ModuleUI (161)
[2017.03.21-10.08.48:565][405]LogModuleManager: Shutting down and abandoning module MovieSceneTools (160)
[2017.03.21-10.08.48:583][405]LogModuleManager: Shutting down and abandoning module OutputLog (159)
[2017.03.21-10.08.48:583][405]LogModuleManager: Shutting down and abandoning module GammaUI (158)
[2017.03.21-10.08.48:589][405]LogModuleManager: Shutting down and abandoning module Documentation (157)
[2017.03.21-10.08.48:594][405]LogModuleManager: Shutting down and abandoning module Niagara (156)
[2017.03.21-10.08.48:598][405]LogModuleManager: Shutting down and abandoning module StreamingPauseRendering (155)
[2017.03.21-10.08.48:601][405]LogModuleManager: Shutting down and abandoning module AnalyticsET (154)
[2017.03.21-10.08.48:601][405]LogModuleManager: Shutting down and abandoning module PortalServices (153)
[2017.03.21-10.08.48:601][405]LogModuleManager: Shutting down and abandoning module PortalRpc (152)
[2017.03.21-10.08.48:601][405]LogModuleManager: Shutting down and abandoning module MessagingRpc (151)
[2017.03.21-10.08.48:601][405]LogModuleManager: Shutting down and abandoning module GameplayDebugger (150)
[2017.03.21-10.08.48:611][405]LogModuleManager: Shutting down and abandoning module AITestSuite (149)
[2017.03.21-10.08.48:618][405]LogModuleManager: Shutting down and abandoning module AIModule (148)
[2017.03.21-10.08.48:622][405]LogModuleManager: Shutting down and abandoning module ProfilerService (147)
[2017.03.21-10.08.48:759][405]LogModuleManager: Shutting down and abandoning module TaskGraph (146)
[2017.03.21-10.08.48:780][405]LogModuleManager: Shutting down and abandoning module SlateRemote (145)
[2017.03.21-10.08.48:793][405]LogModuleManager: Shutting down and abandoning module SteamVRController (144)
[2017.03.21-10.08.48:793][405]LogModuleManager: Shutting down and abandoning module SteamVR (143)
[2017.03.21-10.08.48:800][405]LogModuleManager: Shutting down and abandoning module ProceduralMeshComponentEditor (142)
[2017.03.21-10.08.48:812][405]LogModuleManager: Shutting down and abandoning module ProceduralMeshComponent (141)
[2017.03.21-10.08.48:812][405]LogModuleManager: Shutting down and abandoning module OculusLibrary (140)
[2017.03.21-10.08.48:812][405]LogModuleManager: Shutting down and abandoning module OculusInput (139)
[2017.03.21-10.08.48:812][405]LogModuleManager: Shutting down and abandoning module MobilePatchingUtils (138)
[2017.03.21-10.08.48:825][405]LogModuleManager: Shutting down and abandoning module CustomMeshComponent (137)
[2017.03.21-10.08.48:839][405]LogModuleManager: Shutting down and abandoning module CableComponent (136)
[2017.03.21-10.08.48:850][405]LogModuleManager: Shutting down and abandoning module ArchVisCharacter (135)
[2017.03.21-10.08.48:850][405]LogModuleManager: Shutting down and abandoning module MediaPlayerEditor (133)
[2017.03.21-10.08.48:882][405]LogModuleManager: Shutting down and abandoning module HTML5Networking (132)
[2017.03.21-10.08.48:882][405]LogModuleManager: Shutting down and abandoning module GeometryCacheEd (131)
[2017.03.21-10.08.48:882][405]LogModuleManager: Shutting down and abandoning module GeometryCache (130)
[2017.03.21-10.08.48:882][405]LogModuleManager: Shutting down and abandoning module AlembicLibrary (129)
[2017.03.21-10.08.48:893][405]LogModuleManager: Shutting down and abandoning module AlembicImporter (128)
[2017.03.21-10.08.48:903][405]LogModuleManager: Shutting down and abandoning module SuperSearch (127)
[2017.03.21-10.08.48:903][405]LogModuleManager: Shutting down and abandoning module SuperSearchEditor (126)
[2017.03.21-10.08.48:903][405]LogModuleManager: Shutting down and abandoning module SpeedTreeImporter (125)
[2017.03.21-10.08.48:903][405]LogModuleManager: Shutting down and abandoning module PluginBrowser (124)
[2017.03.21-10.08.48:923][405]LogModuleManager: Shutting down and abandoning module MobileLauncherProfileWizard (123)
[2017.03.21-10.08.48:933][405]LogModuleManager: Shutting down and abandoning module EpicSurvey (122)
[2017.03.21-10.08.48:953][405]LogModuleManager: Shutting down and abandoning module DesktopPlatform (121)
[2017.03.21-10.08.48:967][405]LogModuleManager: Shutting down and abandoning module VisualStudioSourceCodeAccess (120)
[2017.03.21-10.08.48:978][405]LogModuleManager: Shutting down and abandoning module UObjectPlugin (119)
[2017.03.21-10.08.48:978][405]LogModuleManager: Shutting down and abandoning module SubversionSourceControl (118)
[2017.03.21-10.08.49:001][405]LogModuleManager: Shutting down and abandoning module PerforceSourceControl (117)
[2017.03.21-10.08.49:027][405]LogModuleManager: Shutting down and abandoning module SourceControl (116)
[2017.03.21-10.08.49:046][405]LogModuleManager: Shutting down and abandoning module GitSourceControl (115)
[2017.03.21-10.08.49:057][405]LogModuleManager: Shutting down and abandoning module LightPropagationVolumeEditor (114)
[2017.03.21-10.08.49:071][405]LogModuleManager: Shutting down and abandoning module PaperTiledImporter (113)
[2017.03.21-10.08.49:082][405]LogModuleManager: Shutting down and abandoning module PaperSpriteSheetImporter (112)
[2017.03.21-10.08.49:095][405]LogModuleManager: Shutting down and abandoning module MeshPaint (111)
[2017.03.21-10.08.49:100][405]LogModuleManager: Shutting down and abandoning module PixelInspectorModule (110)
[2017.03.21-10.08.49:109][405]LogModuleManager: Shutting down and abandoning module HotReload (109)
[2017.03.21-10.08.49:130][405]LogDirectoryWatcher: A directory notification for 'C:/Users/Tristan/Documents/UniWork/comp140-gam160-game/SuhDude-Game/Binaries/Win64' was aborted.
[2017.03.21-10.08.49:164][405]LogModuleManager: Shutting down and abandoning module MainFrame (108)
[2017.03.21-10.08.49:169][405]LogModuleManager: Shutting down and abandoning module LevelEditor (107)
[2017.03.21-10.08.49:210][405]LogModuleManager: Shutting down and abandoning module ContentBrowser (106)
[2017.03.21-10.08.49:224][405]LogModuleManager: Shutting down and abandoning module Paper2DEditor (105)
[2017.03.21-10.08.49:254][405]LogModuleManager: Shutting down and abandoning module SuhDude (104)
[2017.03.21-10.08.49:254][405]LogModuleManager: Shutting down and abandoning module UdpMessaging (103)
[2017.03.21-10.08.49:354][405]LogModuleManager: Shutting down and abandoning module TcpMessaging (102)
[2017.03.21-10.08.49:467][405]LogModuleManager: Shutting down and abandoning module LightPropagationVolumeRuntime (101)
[2017.03.21-10.08.49:467][405]LogModuleManager: Shutting down and abandoning module Paper2D (100)
[2017.03.21-10.08.49:467][405]LogModuleManager: Shutting down and abandoning module WindowsMoviePlayer (99)
[2017.03.21-10.08.49:482][405]LogModuleManager: Shutting down and abandoning module WmfMedia (98)
[2017.03.21-10.08.49:495][405]LogModuleManager: Shutting down and abandoning module MediaAssets (97)
[2017.03.21-10.08.49:495][405]LogModuleManager: Shutting down and abandoning module GameLiveStreaming (96)
[2017.03.21-10.08.49:495][405]LogModuleManager: Shutting down and abandoning module GameplayTagsEditor (95)
[2017.03.21-10.08.49:510][405]LogModuleManager: Shutting down and abandoning module VREditor (94)
[2017.03.21-10.08.49:510][405]LogModuleManager: Shutting down and abandoning module GameplayTasksEditor (93)
[2017.03.21-10.08.49:510][405]LogModuleManager: Shutting down and abandoning module BehaviorTreeEditor (92)
[2017.03.21-10.08.49:545][405]LogModuleManager: Shutting down and abandoning module FunctionalTesting (91)
[2017.03.21-10.08.49:550][405]LogModuleManager: Shutting down and abandoning module CollisionAnalyzer (90)
[2017.03.21-10.08.49:574][405]LogModuleManager: Shutting down and abandoning module Sequencer (89)
[2017.03.21-10.08.49:579][405]LogModuleManager: Shutting down and abandoning module WorkspaceMenuStructure (88)
[2017.03.21-10.08.49:616][405]LogModuleManager: Shutting down and abandoning module MessageLog (87)
[2017.03.21-10.08.49:616][405]LogModuleManager: Shutting down and abandoning module AssetTools (86)
[2017.03.21-10.08.49:657][405]LogModuleManager: Shutting down and abandoning module UMGEditor (85)
[2017.03.21-10.08.49:679][405]LogModuleManager: Shutting down and abandoning module UMG (84)
[2017.03.21-10.08.49:699][405]LogModuleManager: Shutting down and abandoning module SlateReflector (83)
[2017.03.21-10.08.49:736][405]LogModuleManager: Shutting down and abandoning module Slate (82)
[2017.03.21-10.08.49:736][405]LogModuleManager: Shutting down and abandoning module EditorStyle (81)
[2017.03.21-10.08.49:801][405]LogModuleManager: Shutting down and abandoning module SourceCodeAccess (80)
[2017.03.21-10.08.49:811][405]LogModuleManager: Shutting down and abandoning module HeadMountedDisplay (79)
[2017.03.21-10.08.49:811][405]LogModuleManager: Shutting down and abandoning module XAudio2 (78)
[2017.03.21-10.08.49:811][405]LogModuleManager: Shutting down and abandoning module Networking (76)
[2017.03.21-10.08.49:811][405]LogModuleManager: Shutting down and abandoning module Core (75)
[2017.03.21-10.08.49:811][405]LogModuleManager: Shutting down and abandoning module DirectoryWatcher (74)
[2017.03.21-10.08.49:811][405]LogDirectoryWatcher: A directory notification for '../../../Engine/Content/' was aborted.
[2017.03.21-10.08.49:812][405]LogDirectoryWatcher: A directory notification for '../../../../../../Users/Tristan/Documents/UniWork/comp140-gam160-game/SuhDude-Game/Content/' was aborted.
[2017.03.21-10.08.49:813][405]LogDirectoryWatcher: A directory notification for '../../../Engine/Plugins/2D/Paper2D/Content/' was aborted.
[2017.03.21-10.08.49:817][405]LogModuleManager: Shutting down and abandoning module AssetRegistry (73)
[2017.03.21-10.08.50:040][405]LogModuleManager: Shutting down and abandoning module KismetCompiler (72)
[2017.03.21-10.08.50:054][405]LogModuleManager: Shutting down and abandoning module PhysXFormats (71)
[2017.03.21-10.08.50:068][405]LogModuleManager: Shutting down and abandoning module SimplygonSwarm (70)
[2017.03.21-10.08.50:078][405]LogModuleManager: Shutting down and abandoning module SimplygonMeshReduction (69)
[2017.03.21-10.08.50:090][405]LogModuleManager: Shutting down and abandoning module QuadricMeshReduction (68)
[2017.03.21-10.08.50:094][405]LogModuleManager: Shutting down and abandoning module PropertyEditor (67)
[2017.03.21-10.08.50:122][405]LogModuleManager: Shutting down and abandoning module MeshUtilities (66)
[2017.03.21-10.08.50:136][405]LogModuleManager: Shutting down and abandoning module DerivedDataCache (65)
[2017.03.21-10.08.50:204][405]LogDerivedDataCache: Shutdown
[2017.03.21-10.08.50:204][405]LogModuleManager: Shutting down and abandoning module VulkanShaderFormat (64)
[2017.03.21-10.08.50:212][405]LogModuleManager: Shutting down and abandoning module ShaderFormatOpenGL (63)
[2017.03.21-10.08.50:218][405]LogModuleManager: Shutting down and abandoning module ShaderFormatD3D (62)
[2017.03.21-10.08.50:232][405]LogModuleManager: Shutting down and abandoning module MetalShaderFormat (61)
[2017.03.21-10.08.50:249][405]LogModuleManager: Shutting down and abandoning module TextureFormatUncompressed (60)
[2017.03.21-10.08.50:250][405]LogModuleManager: Shutting down and abandoning module TextureFormatPVR (59)
[2017.03.21-10.08.50:250][405]LogModuleManager: Shutting down and abandoning module TextureFormatDXT (58)
[2017.03.21-10.08.50:250][405]LogModuleManager: Shutting down and abandoning module TextureFormatIntelISPCTexComp (57)
[2017.03.21-10.08.50:286][405]LogModuleManager: Shutting down and abandoning module ImageWrapper (56)
[2017.03.21-10.08.50:286][405]LogModuleManager: Shutting down and abandoning module TextureFormatASTC (55)
[2017.03.21-10.08.50:286][405]LogModuleManager: Shutting down and abandoning module TextureFormatAndroid (54)
[2017.03.21-10.08.50:286][405]LogModuleManager: Shutting down and abandoning module AudioFormatOpus (53)
[2017.03.21-10.08.50:286][405]LogModuleManager: Shutting down and abandoning module AudioFormatOgg (52)
[2017.03.21-10.08.50:286][405]LogModuleManager: Shutting down and abandoning module AudioFormatADPCM (51)
[2017.03.21-10.08.50:286][405]LogModuleManager: Shutting down and abandoning module LinuxTargetPlatform (50)
[2017.03.21-10.08.50:286][405]LogModuleManager: Shutting down and abandoning module LinuxServerTargetPlatform (49)
[2017.03.21-10.08.50:296][405]LogModuleManager: Shutting down and abandoning module LinuxNoEditorTargetPlatform (48)
[2017.03.21-10.08.50:296][405]LogModuleManager: Shutting down and abandoning module LinuxClientTargetPlatform (47)
[2017.03.21-10.08.50:297][405]LogModuleManager: Shutting down and abandoning module TVOSTargetPlatform (46)
[2017.03.21-10.08.50:297][405]LogModuleManager: Shutting down and abandoning module Messaging (45)
[2017.03.21-10.08.50:297][405]LogModuleManager: Shutting down and abandoning module IOSTargetPlatform (44)
[2017.03.21-10.08.50:305][405]LogModuleManager: Shutting down and abandoning module HTML5TargetPlatform (43)
[2017.03.21-10.08.50:311][405]LogModuleManager: Shutting down and abandoning module Android_PVRTCTargetPlatform (42)
[2017.03.21-10.08.50:323][405]LogModuleManager: Shutting down and abandoning module Android_MultiTargetPlatform (41)
[2017.03.21-10.08.50:332][405]LogModuleManager: Shutting down and abandoning module Android_ETC2TargetPlatform (40)
[2017.03.21-10.08.50:339][405]LogModuleManager: Shutting down and abandoning module Android_ETC1TargetPlatform (39)
[2017.03.21-10.08.50:362][405]LogModuleManager: Shutting down and abandoning module Android_DXTTargetPlatform (38)
[2017.03.21-10.08.50:370][405]LogModuleManager: Shutting down and abandoning module Android_ATCTargetPlatform (37)
[2017.03.21-10.08.50:373][405]LogModuleManager: Shutting down and abandoning module Android_ASTCTargetPlatform (36)
[2017.03.21-10.08.50:387][405]LogModuleManager: Shutting down and abandoning module AndroidTargetPlatform (35)
[2017.03.21-10.08.50:398][405]LogModuleManager: Shutting down and abandoning module WindowsTargetPlatform (34)
[2017.03.21-10.08.50:398][405]LogModuleManager: Shutting down and abandoning module WindowsServerTargetPlatform (33)
[2017.03.21-10.08.50:407][405]LogModuleManager: Shutting down and abandoning module WindowsNoEditorTargetPlatform (32)
[2017.03.21-10.08.50:416][405]LogModuleManager: Shutting down and abandoning module WindowsClientTargetPlatform (31)
[2017.03.21-10.08.50:428][405]LogModuleManager: Shutting down and abandoning module MacTargetPlatform (30)
[2017.03.21-10.08.50:428][405]LogModuleManager: Shutting down and abandoning module MacServerTargetPlatform (29)
[2017.03.21-10.08.50:428][405]LogModuleManager: Shutting down and abandoning module MacNoEditorTargetPlatform (28)
[2017.03.21-10.08.50:438][405]LogModuleManager: Shutting down and abandoning module MacClientTargetPlatform (27)
[2017.03.21-10.08.50:446][405]LogModuleManager: Shutting down and abandoning module AllDesktopTargetPlatform (26)
[2017.03.21-10.08.50:451][405]LogModuleManager: Shutting down and abandoning module TargetPlatform (25)
[2017.03.21-10.08.50:456][405]LogModuleManager: Shutting down and abandoning module InputCore (24)
[2017.03.21-10.08.50:456][405]LogModuleManager: Shutting down and abandoning module Settings (23)
[2017.03.21-10.08.50:465][405]LogModuleManager: Shutting down and abandoning module OculusRift (22)
[2017.03.21-10.08.50:481][405]LogModuleManager: Shutting down and abandoning module ExampleDeviceProfileSelector (21)
[2017.03.21-10.08.50:481][405]LogModuleManager: Shutting down and abandoning module OnlineBlueprintSupport (20)
[2017.03.21-10.08.50:481][405]LogModuleManager: Shutting down and abandoning module OnlineSubsystem (18)
[2017.03.21-10.08.50:489][405]LogOnline:Display: Unloading online subsystem: NULL
[2017.03.21-10.08.50:509][405]LogModuleManager: Shutting down and abandoning module SSL (17)
[2017.03.21-10.08.50:540][405]LogModuleManager: Shutting down and abandoning module HTTP (16)
[2017.03.21-10.08.50:540][405]LogModuleManager: Shutting down and abandoning module XMPP (15)
[2017.03.21-10.08.50:553][405]LogModuleManager: Shutting down and abandoning module TextureCompressor (14)
[2017.03.21-10.08.50:576][405]LogModuleManager: Shutting down and abandoning module ShaderCore (13)
[2017.03.21-10.08.50:587][405]LogModuleManager: Shutting down and abandoning module Landscape (12)
[2017.03.21-10.08.50:587][405]LogModuleManager: Shutting down and abandoning module SlateRHIRenderer (11)
[2017.03.21-10.08.50:630][405]LogModuleManager: Shutting down and abandoning module OpenGLDrv (10)
[2017.03.21-10.08.50:638][405]LogModuleManager: Shutting down and abandoning module D3D11RHI (9)
[2017.03.21-10.08.50:638][405]LogModuleManager: Shutting down and abandoning module AnimGraphRuntime (8)
[2017.03.21-10.08.50:649][405]LogModuleManager: Shutting down and abandoning module Renderer (7)
[2017.03.21-10.08.50:649][405]LogModuleManager: Shutting down and abandoning module Engine (6)
[2017.03.21-10.08.50:649][405]LogModuleManager: Shutting down and abandoning module CoreUObject (5)
[2017.03.21-10.08.50:649][405]LogModuleManager: Shutting down and abandoning module NetworkFile (4)
[2017.03.21-10.08.50:664][405]LogModuleManager: Shutting down and abandoning module StreamingFile (3)
[2017.03.21-10.08.50:669][405]LogModuleManager: Shutting down and abandoning module SandboxFile (2)
[2017.03.21-10.08.50:673][405]LogModuleManager: Shutting down and abandoning module PakFile (1)
[2017.03.21-10.08.50:740][405]LogExit: Exiting.
[2017.03.21-10.08.50:765][405]Log file closed, 03/21/17 10:08:50
