Log file open, 03/29/17 09:48:47
LogInit:Display: Running engine for game: SuhDude
LogPlatformFile: Not using cached read wrapper
LogInit:Display: RandInit(-771701447) SRandInit(-771701447).
LogTaskGraph: Started task graph with 5 named threads and 6 total threads with 1 sets of task threads.
LogStats: Stats thread started at 0.064965
LogPluginManager: Loaded Plugin Paper2D, From C:/Program Files/Epic Games/UE_4.14/Engine/Plugins/2D/Paper2D/Paper2D.uplugin
LogPluginManager: Loaded Plugin LightPropagationVolume, From C:/Program Files/Epic Games/UE_4.14/Engine/Plugins/Blendables/LightPropagationVolume/LightPropagationVolume.uplugin
LogPluginManager: Loaded Plugin BlankPlugin, From C:/Program Files/Epic Games/UE_4.14/Engine/Plugins/Developer/BlankPlugin/BlankPlugin.uplugin
LogPluginManager: Loaded Plugin CodeLiteSourceCodeAccess, From C:/Program Files/Epic Games/UE_4.14/Engine/Plugins/Developer/CodeLiteSourceCodeAccess/CodeLiteSourceCodeAccess.uplugin
LogPluginManager: Loaded Plugin GitSourceControl, From C:/Program Files/Epic Games/UE_4.14/Engine/Plugins/Developer/GitSourceControl/GitSourceControl.uplugin
LogPluginManager: Loaded Plugin KDevelopSourceCodeAccess, From C:/Program Files/Epic Games/UE_4.14/Engine/Plugins/Developer/KDevelopSourceCodeAccess/KDevelopSourceCodeAccess.uplugin
LogPluginManager: Loaded Plugin NullSourceCodeAccess, From C:/Program Files/Epic Games/UE_4.14/Engine/Plugins/Developer/NullSourceCodeAccess/NullSourceCodeAccess.uplugin
LogPluginManager: Loaded Plugin OneSkyLocalizationService, From C:/Program Files/Epic Games/UE_4.14/Engine/Plugins/Developer/OneSkyLocalizationService/OneSkyLocalizationService.uplugin
LogPluginManager: Loaded Plugin PerforceSourceControl, From C:/Program Files/Epic Games/UE_4.14/Engine/Plugins/Developer/PerforceSourceControl/PerforceSourceControl.uplugin
LogPluginManager: Loaded Plugin SubversionSourceControl, From C:/Program Files/Epic Games/UE_4.14/Engine/Plugins/Developer/SubversionSourceControl/SubversionSourceControl.uplugin
LogPluginManager: Loaded Plugin UObjectPlugin, From C:/Program Files/Epic Games/UE_4.14/Engine/Plugins/Developer/UObjectPlugin/UObjectPlugin.uplugin
LogPluginManager: Loaded Plugin VisualStudioSourceCodeAccess, From C:/Program Files/Epic Games/UE_4.14/Engine/Plugins/Developer/VisualStudioSourceCodeAccess/VisualStudioSourceCodeAccess.uplugin
LogPluginManager: Loaded Plugin XCodeSourceCodeAccess, From C:/Program Files/Epic Games/UE_4.14/Engine/Plugins/Developer/XCodeSourceCodeAccess/XCodeSourceCodeAccess.uplugin
LogPluginManager: Loaded Plugin AudioCapture, From C:/Program Files/Epic Games/UE_4.14/Engine/Plugins/Editor/AudioCapture/AudioCapture.uplugin
LogPluginManager: Loaded Plugin EpicSurvey, From C:/Program Files/Epic Games/UE_4.14/Engine/Plugins/Editor/EpicSurvey/EpicSurvey.uplugin
LogPluginManager: Loaded Plugin MacGraphicsSwitching, From C:/Program Files/Epic Games/UE_4.14/Engine/Plugins/Editor/MacGraphicsSwitching/MacGraphicsSwitching.uplugin
LogPluginManager: Loaded Plugin MobileLauncherProfileWizard, From C:/Program Files/Epic Games/UE_4.14/Engine/Plugins/Editor/MobileLauncherProfileWizard/MobileLauncherProfileWizard.uplugin
LogPluginManager: Loaded Plugin PluginBrowser, From C:/Program Files/Epic Games/UE_4.14/Engine/Plugins/Editor/PluginBrowser/PluginBrowser.uplugin
LogPluginManager: Loaded Plugin SpeedTreeImporter, From C:/Program Files/Epic Games/UE_4.14/Engine/Plugins/Editor/SpeedTreeImporter/SpeedTreeImporter.uplugin
LogPluginManager: Loaded Plugin SuperSearchEditor, From C:/Program Files/Epic Games/UE_4.14/Engine/Plugins/Editor/SuperSearchEditor/SuperSearchEditor.uplugin
LogPluginManager: Loaded Plugin AlembicImporter, From C:/Program Files/Epic Games/UE_4.14/Engine/Plugins/Experimental/AlembicImporter/AlembicImporter.uplugin
LogPluginManager: Loaded Plugin BlueprintStats, From C:/Program Files/Epic Games/UE_4.14/Engine/Plugins/Experimental/BlueprintStats/BlueprintStats.uplugin
LogPluginManager: Loaded Plugin CharacterAI, From C:/Program Files/Epic Games/UE_4.14/Engine/Plugins/Experimental/CharacterAI/CharacterAI.uplugin
LogPluginManager: Loaded Plugin CodeEditor, From C:/Program Files/Epic Games/UE_4.14/Engine/Plugins/Experimental/CodeEditor/CodeEditor.uplugin
LogPluginManager: Loaded Plugin CodeView, From C:/Program Files/Epic Games/UE_4.14/Engine/Plugins/Experimental/CodeView/CodeView.uplugin
LogPluginManager: Loaded Plugin HTML5Networking, From C:/Program Files/Epic Games/UE_4.14/Engine/Plugins/Experimental/HTML5Networking/HTML5Networking.uplugin
LogPluginManager: Loaded Plugin OSVR, From C:/Program Files/Epic Games/UE_4.14/Engine/Plugins/Experimental/OSVR/OSVR.uplugin
LogPluginManager: Loaded Plugin Phya, From C:/Program Files/Epic Games/UE_4.14/Engine/Plugins/Experimental/Phya/Phya.uplugin
LogPluginManager: Loaded Plugin SignificanceManager, From C:/Program Files/Epic Games/UE_4.14/Engine/Plugins/Experimental/SignificanceManager/SignificanceManager.uplugin
LogPluginManager: Loaded Plugin SimpleHMD, From C:/Program Files/Epic Games/UE_4.14/Engine/Plugins/Experimental/SimpleHMD/SimpleHMD.uplugin
LogPluginManager: Loaded Plugin StereoPanorama, From C:/Program Files/Epic Games/UE_4.14/Engine/Plugins/Experimental/StereoPanorama/StereoPanorama.uplugin
LogPluginManager: Loaded Plugin StructBox, From C:/Program Files/Epic Games/UE_4.14/Engine/Plugins/Experimental/StructBox/StructBox.uplugin
LogPluginManager: Loaded Plugin AndroidMedia, From C:/Program Files/Epic Games/UE_4.14/Engine/Plugins/Media/AndroidMedia/AndroidMedia.uplugin
LogPluginManager: Loaded Plugin AvfMedia, From C:/Program Files/Epic Games/UE_4.14/Engine/Plugins/Media/AvfMedia/AvfMedia.uplugin
LogPluginManager: Loaded Plugin MediaPlayerEditor, From C:/Program Files/Epic Games/UE_4.14/Engine/Plugins/Media/MediaPlayerEditor/MediaPlayerEditor.uplugin
LogPluginManager: Loaded Plugin WmfMedia, From C:/Program Files/Epic Games/UE_4.14/Engine/Plugins/Media/WmfMedia/WmfMedia.uplugin
LogPluginManager: Loaded Plugin MessagingDebugger, From C:/Program Files/Epic Games/UE_4.14/Engine/Plugins/Messaging/MessagingDebugger/MessagingDebugger.uplugin
LogPluginManager: Loaded Plugin TcpMessaging, From C:/Program Files/Epic Games/UE_4.14/Engine/Plugins/Messaging/TcpMessaging/TcpMessaging.uplugin
LogPluginManager: Loaded Plugin UdpMessaging, From C:/Program Files/Epic Games/UE_4.14/Engine/Plugins/Messaging/UdpMessaging/UdpMessaging.uplugin
LogPluginManager: Loaded Plugin LevelSequenceEditor, From C:/Program Files/Epic Games/UE_4.14/Engine/Plugins/MovieScene/LevelSequenceEditor/LevelSequenceEditor.uplugin
LogPluginManager: Loaded Plugin MatineeToLevelSequence, From C:/Program Files/Epic Games/UE_4.14/Engine/Plugins/MovieScene/MatineeToLevelSequence/MatineeToLevelSequence.uplugin
LogPluginManager: Loaded Plugin NetcodeUnitTest, From C:/Program Files/Epic Games/UE_4.14/Engine/Plugins/NetcodeUnitTest/NetcodeUnitTest/NetcodeUnitTest.uplugin
LogPluginManager: Loaded Plugin NUTUnrealEngine4, From C:/Program Files/Epic Games/UE_4.14/Engine/Plugins/NetcodeUnitTest/NUTUnrealEngine4/NUTUnrealEngine4.uplugin
LogPluginManager: Loaded Plugin OnlineSubsystemGameCircle, From C:/Program Files/Epic Games/UE_4.14/Engine/Plugins/Online/Android/OnlineSubsystemGameCircle/OnlineSubsystemGameCircle.uplugin
LogPluginManager: Loaded Plugin OnlineSubsystemGooglePlay, From C:/Program Files/Epic Games/UE_4.14/Engine/Plugins/Online/Android/OnlineSubsystemGooglePlay/OnlineSubsystemGooglePlay.uplugin
LogPluginManager: Loaded Plugin OnlineSubsystemIOS, From C:/Program Files/Epic Games/UE_4.14/Engine/Plugins/Online/IOS/OnlineSubsystemIOS/OnlineSubsystemIOS.uplugin
LogPluginManager: Loaded Plugin OnlineFramework, From C:/Program Files/Epic Games/UE_4.14/Engine/Plugins/Online/OnlineFramework/OnlineFramework.uplugin
LogPluginManager: Loaded Plugin OnlineSubsystem, From C:/Program Files/Epic Games/UE_4.14/Engine/Plugins/Online/OnlineSubsystem/OnlineSubsystem.uplugin
LogPluginManager: Loaded Plugin OnlineSubsystemAmazon, From C:/Program Files/Epic Games/UE_4.14/Engine/Plugins/Online/OnlineSubsystemAmazon/OnlineSubsystemAmazon.uplugin
LogPluginManager: Loaded Plugin OnlineSubsystemFacebook, From C:/Program Files/Epic Games/UE_4.14/Engine/Plugins/Online/OnlineSubsystemFacebook/OnlineSubsystemFacebook.uplugin
LogPluginManager: Loaded Plugin OnlineSubsystemNull, From C:/Program Files/Epic Games/UE_4.14/Engine/Plugins/Online/OnlineSubsystemNull/OnlineSubsystemNull.uplugin
LogPluginManager: Loaded Plugin OnlineSubsystemOculus, From C:/Program Files/Epic Games/UE_4.14/Engine/Plugins/Online/OnlineSubsystemOculus/OnlineSubsystemOculus.uplugin
LogPluginManager: Loaded Plugin OnlineSubsystemSteam, From C:/Program Files/Epic Games/UE_4.14/Engine/Plugins/Online/OnlineSubsystemSteam/OnlineSubsystemSteam.uplugin
LogPluginManager: Loaded Plugin OnlineSubsystemUtils, From C:/Program Files/Epic Games/UE_4.14/Engine/Plugins/Online/OnlineSubsystemUtils/OnlineSubsystemUtils.uplugin
LogPluginManager: Loaded Plugin IOSTapJoy, From C:/Program Files/Epic Games/UE_4.14/Engine/Plugins/Runtime/Advertising/IOSTapJoy/IOSTapJoy.uplugin
LogPluginManager: Loaded Plugin AnalyticsBlueprintLibrary, From C:/Program Files/Epic Games/UE_4.14/Engine/Plugins/Runtime/Analytics/AnalyticsBlueprintLibrary/AnalyticsBlueprintLibrary.uplugin
LogPluginManager: Loaded Plugin AnalyticsMulticast, From C:/Program Files/Epic Games/UE_4.14/Engine/Plugins/Runtime/Analytics/AnalyticsMulticast/AnalyticsMulticast.uplugin
LogPluginManager: Loaded Plugin Apsalar, From C:/Program Files/Epic Games/UE_4.14/Engine/Plugins/Runtime/Analytics/Apsalar/Apsalar.uplugin
LogPluginManager: Loaded Plugin FileLogging, From C:/Program Files/Epic Games/UE_4.14/Engine/Plugins/Runtime/Analytics/FileLogging/FileLogging.uplugin
LogPluginManager: Loaded Plugin Flurry, From C:/Program Files/Epic Games/UE_4.14/Engine/Plugins/Runtime/Analytics/Flurry/Flurry.uplugin
LogPluginManager: Loaded Plugin AndroidDeviceProfileSelector, From C:/Program Files/Epic Games/UE_4.14/Engine/Plugins/Runtime/AndroidDeviceProfileSelector/AndroidDeviceProfileSelector.uplugin
LogPluginManager: Loaded Plugin AndroidMoviePlayer, From C:/Program Files/Epic Games/UE_4.14/Engine/Plugins/Runtime/AndroidMoviePlayer/AndroidMoviePlayer.uplugin
LogPluginManager: Loaded Plugin AppleMoviePlayer, From C:/Program Files/Epic Games/UE_4.14/Engine/Plugins/Runtime/AppleMoviePlayer/AppleMoviePlayer.uplugin
LogPluginManager: Loaded Plugin ArchVisCharacter, From C:/Program Files/Epic Games/UE_4.14/Engine/Plugins/Runtime/ArchVisCharacter/ArchVisCharacter.uplugin
LogPluginManager: Loaded Plugin CableComponent, From C:/Program Files/Epic Games/UE_4.14/Engine/Plugins/Runtime/CableComponent/CableComponent.uplugin
LogPluginManager: Loaded Plugin CustomMeshComponent, From C:/Program Files/Epic Games/UE_4.14/Engine/Plugins/Runtime/CustomMeshComponent/CustomMeshComponent.uplugin
LogPluginManager: Loaded Plugin ExampleDeviceProfileSelector, From C:/Program Files/Epic Games/UE_4.14/Engine/Plugins/Runtime/ExampleDeviceProfileSelector/ExampleDeviceProfileSelector.uplugin
LogPluginManager: Loaded Plugin GearVR, From C:/Program Files/Epic Games/UE_4.14/Engine/Plugins/Runtime/GearVR/GearVR.uplugin
LogPluginManager: Loaded Plugin GoogleVRController, From C:/Program Files/Epic Games/UE_4.14/Engine/Plugins/Runtime/GoogleVR/GoogleVRController/GoogleVRController.uplugin
LogPluginManager: Loaded Plugin GoogleVRHMD, From C:/Program Files/Epic Games/UE_4.14/Engine/Plugins/Runtime/GoogleVR/GoogleVRHMD/GoogleVRHMD.uplugin
LogPluginManager: Loaded Plugin IOSDeviceProfileSelector, From C:/Program Files/Epic Games/UE_4.14/Engine/Plugins/Runtime/IOSDeviceProfileSelector/IOSDeviceProfileSelector.uplugin
LogPluginManager: Loaded Plugin LeapMotion, From C:/Program Files/Epic Games/UE_4.14/Engine/Plugins/Runtime/LeapMotion/LeapMotion.uplugin
LogPluginManager: Loaded Plugin LinuxDeviceProfileSelector, From C:/Program Files/Epic Games/UE_4.14/Engine/Plugins/Runtime/LinuxDeviceProfileSelector/LinuxDeviceProfileSelector.uplugin
LogPluginManager: Loaded Plugin MIDIDevice, From C:/Program Files/Epic Games/UE_4.14/Engine/Plugins/Runtime/MIDIDevice/MIDIDevice.uplugin
LogPluginManager: Loaded Plugin MobilePatchingUtils, From C:/Program Files/Epic Games/UE_4.14/Engine/Plugins/Runtime/MobilePatchingUtils/MobilePatchingUtils.uplugin
LogPluginManager: Loaded Plugin Ansel, From C:/Program Files/Epic Games/UE_4.14/Engine/Plugins/Runtime/Nvidia/Ansel/Ansel.uplugin
LogPluginManager: Loaded Plugin OculusAudio, From C:/Program Files/Epic Games/UE_4.14/Engine/Plugins/Runtime/OculusAudio/OculusAudio.uplugin
LogPluginManager: Loaded Plugin OculusInput, From C:/Program Files/Epic Games/UE_4.14/Engine/Plugins/Runtime/OculusInput/OculusInput.uplugin
LogPluginManager: Loaded Plugin OculusLibrary, From C:/Program Files/Epic Games/UE_4.14/Engine/Plugins/Runtime/OculusLibrary/OculusLibrary.uplugin
LogPluginManager: Loaded Plugin OculusRift, From C:/Program Files/Epic Games/UE_4.14/Engine/Plugins/Runtime/OculusRift/OculusRift.uplugin
LogPluginManager: Loaded Plugin Oodle, From C:/Program Files/Epic Games/UE_4.14/Engine/Plugins/Runtime/PacketHandlers/CompressionComponents/Oodle/Oodle.uplugin
LogPluginManager: Loaded Plugin ProceduralMeshComponent, From C:/Program Files/Epic Games/UE_4.14/Engine/Plugins/Runtime/ProceduralMeshComponent/ProceduralMeshComponent.uplugin
LogPluginManager: Loaded Plugin SoundMod, From C:/Program Files/Epic Games/UE_4.14/Engine/Plugins/Runtime/SoundMod/SoundMod.uplugin
LogPluginManager: Loaded Plugin SoundVisualizations, From C:/Program Files/Epic Games/UE_4.14/Engine/Plugins/Runtime/SoundVisualizations/SoundVisualizations.uplugin
LogPluginManager: Loaded Plugin SteamController, From C:/Program Files/Epic Games/UE_4.14/Engine/Plugins/Runtime/Steam/SteamController/SteamController.uplugin
LogPluginManager: Loaded Plugin SteamVR, From C:/Program Files/Epic Games/UE_4.14/Engine/Plugins/Runtime/Steam/SteamVR/SteamVR.uplugin
LogPluginManager: Loaded Plugin WebBrowserWidget, From C:/Program Files/Epic Games/UE_4.14/Engine/Plugins/Runtime/WebBrowserWidget/WebBrowserWidget.uplugin
LogPluginManager: Loaded Plugin WindowsDeviceProfileSelector, From C:/Program Files/Epic Games/UE_4.14/Engine/Plugins/Runtime/WindowsDeviceProfileSelector/WindowsDeviceProfileSelector.uplugin
LogPluginManager: Loaded Plugin WindowsMoviePlayer, From C:/Program Files/Epic Games/UE_4.14/Engine/Plugins/Runtime/WindowsMoviePlayer/WindowsMoviePlayer.uplugin
LogPluginManager: Loaded Plugin ScriptPlugin, From C:/Program Files/Epic Games/UE_4.14/Engine/Plugins/ScriptPlugin/ScriptPlugin.uplugin
LogPluginManager: Loaded Plugin SlateRemote, From C:/Program Files/Epic Games/UE_4.14/Engine/Plugins/Slate/SlateRemote/SlateRemote.uplugin
LogPluginManager: Loaded Plugin EditorTests, From C:/Program Files/Epic Games/UE_4.14/Engine/Plugins/Tests/EditorTests/EditorTests.uplugin
LogPluginManager: Loaded Plugin FbxAutomationTestBuilder, From C:/Program Files/Epic Games/UE_4.14/Engine/Plugins/Tests/FbxAutomationTestBuilder/FbxAutomationTestBuilder.uplugin
LogPluginManager: Loaded Plugin FunctionalTestingEditor, From C:/Program Files/Epic Games/UE_4.14/Engine/Plugins/Tests/FunctionalTestingEditor/FunctionalTestingEditor.uplugin
LogPluginManager: Loaded Plugin RuntimeTests, From C:/Program Files/Epic Games/UE_4.14/Engine/Plugins/Tests/RuntimeTests/RuntimeTests.uplugin
LogPluginManager: Loaded Plugin ScreenshotTools, From C:/Program Files/Epic Games/UE_4.14/Engine/Plugins/Tests/ScreenshotTools/ScreenshotTools.uplugin
LogInit: Using libcurl 7.47.1
LogInit:  - built for x86_64-pc-win32
LogInit:  - supports SSL with OpenSSL/1.0.2g
LogInit:  - supports HTTP deflate (compression) using libz 1.2.8
LogInit:  - other features:
LogInit:      CURL_VERSION_SSL
LogInit:      CURL_VERSION_LIBZ
LogInit:      CURL_VERSION_IPV6
LogInit:      CURL_VERSION_ASYNCHDNS
LogInit:      CURL_VERSION_LARGEFILE
LogInit:      CURL_VERSION_IDN
LogInit:  CurlRequestOptions (configurable via config and command line):
LogInit:  - bVerifyPeer = false  - Libcurl will NOT verify peer certificate
LogInit:  - bUseHttpProxy = false  - Libcurl will NOT use HTTP proxy
LogInit:  - bDontReuseConnections = false  - Libcurl will reuse connections
LogInit:  - CertBundlePath = nullptr  - Libcurl will use whatever was configured at build time.
LogInit: Build: ++UE4+Release-4.14-CL-3249277
LogInit: Engine Version: 4.14.3-3249277+++UE4+Release-4.14
LogInit: Compatible Engine Version: 4.14.0-3195953+++UE4+Release-4.14
LogInit: Net CL: 3195953
LogDevObjectVersion: Number of dev versions registered: 13
LogDevObjectVersion:   Dev-Blueprints (B0D832E4-1F89-4F0D-ACCF-7EB736FD4AA2): 7
LogDevObjectVersion:   Dev-Build (E1C64328-A22C-4D53-A36C-8E866417BD8C): 0
LogDevObjectVersion:   Dev-Core (375EC13C-06E4-48FB-B500-84F0262A717E): 1
LogDevObjectVersion:   Dev-Editor (E4B068ED-F494-42E9-A231-DA0B2E46BB41): 8
LogDevObjectVersion:   Dev-Framework (CFFC743F-43B0-4480-9391-14DF171D2073): 17
LogDevObjectVersion:   Dev-Mobile (B02B49B5-BB20-44E9-A304-32B752E40360): 0
LogDevObjectVersion:   Dev-Networking (A4E4105C-59A1-49B5-A7C5-40C4547EDFEE): 0
LogDevObjectVersion:   Dev-Online (39C831C9-5AE6-47DC-9A44-9C173E1C8E7C): 0
LogDevObjectVersion:   Dev-Physics (78F01B33-EBEA-4F98-B9B4-84EACCB95AA2): 0
LogDevObjectVersion:   Dev-Platform (6631380F-2D4D-43E0-8009-CF276956A95A): 0
LogDevObjectVersion:   Dev-Rendering (12F88B9F-8875-4AFC-A67C-D90C383ABD29): 12
LogDevObjectVersion:   Dev-Sequencer (7B5AE74C-D270-4C10-A958-57980B212A5A): 1
LogDevObjectVersion:   Dev-VR (D7296918-1DD6-4BDD-9DE2-64A83CC13884): 0
LogInit: Compiled (64-bit): Jan  6 2017 10:49:43
LogInit: Compiled with Visual C++: 19.00.23026.00
LogInit: Build Configuration: Development
LogInit: Branch Name: ++UE4+Release-4.14
LogInit: Command line:  
LogInit: Base directory: C:/Program Files/Epic Games/UE_4.14/Engine/Binaries/Win64/
LogInit: Installed Engine Build: 1
LogInit: Presizing for max 8388607 objects, including 0 objects not considered by GC, pre-allocating 0 bytes for permanent pool.
LogInit: Object subsystem initialized
[2017.03.29-08.48.47:923][  0]LogInit: Selected Device Profile: [Windows]
[2017.03.29-08.48.47:923][  0]LogInit: Applying CVar settings loaded from the selected device profile: [Windows]
[2017.03.29-08.48.47:938][  0]LogInit: Computer: LAPTOP-HOJJGP5S
[2017.03.29-08.48.47:938][  0]LogInit: User: Tristan
[2017.03.29-08.48.47:938][  0]LogInit: CPU Page size=65536, Cores=2
[2017.03.29-08.48.47:938][  0]LogInit: High frequency timer resolution =2.343752 MHz
[2017.03.29-08.48.47:939][  0]LogMemory: Memory total: Physical=7.8GB (8GB approx)
[2017.03.29-08.48.47:939][  0]LogMemory: Platform Memory Stats for Windows
[2017.03.29-08.48.47:939][  0]LogMemory: Process Physical Memory: 264.21 MB used, 264.21 MB peak
[2017.03.29-08.48.47:939][  0]LogMemory: Process Virtual Memory: 262.47 MB used, 262.47 MB peak
[2017.03.29-08.48.47:939][  0]LogMemory: Physical Memory: 4490.71 MB used,  3540.13 MB free, 8030.84 MB total
[2017.03.29-08.48.47:939][  0]LogMemory: Virtual Memory: 674.75 MB used,  3540.13 MB free, 134217728.00 MB total
[2017.03.29-08.48.48:181][  0]LogTextLocalizationManager: No specific translations for ('en-GB') exist, so ('en') translations will be used.
[2017.03.29-08.48.49:085][  0]LogD3D11RHI: D3D11 adapters:
[2017.03.29-08.48.49:130][  0]LogD3D11RHI:    0. 'NVIDIA GeForce 940M' (Feature Level 11_0)
[2017.03.29-08.48.49:130][  0]LogD3D11RHI:       2020/0/4015 MB DedicatedVideo/DedicatedSystem/SharedSystem, Outputs:1, VendorId:0x10de
[2017.03.29-08.48.49:139][  0]LogD3D11RHI:    1. 'Intel(R) HD Graphics 520' (Feature Level 11_0)
[2017.03.29-08.48.49:139][  0]LogD3D11RHI:       128/0/4015 MB DedicatedVideo/DedicatedSystem/SharedSystem, Outputs:0, VendorId:0x8086
[2017.03.29-08.48.49:142][  0]LogD3D11RHI:    2. 'Microsoft Basic Render Driver' (Feature Level 11_0)
[2017.03.29-08.48.49:142][  0]LogD3D11RHI:       0/0/4015 MB DedicatedVideo/DedicatedSystem/SharedSystem, Outputs:0, VendorId:0x1414
[2017.03.29-08.48.49:142][  0]LogD3D11RHI: Chosen D3D11 Adapter: 0
[2017.03.29-08.48.49:151][  0]LogD3D11RHI: Creating new Direct3DDevice
[2017.03.29-08.48.49:152][  0]LogD3D11RHI:     GPU DeviceId: 0x1347 (for the marketing name, search the web for "GPU Device Id")
[2017.03.29-08.48.49:152][  0]LogWindows: EnumDisplayDevices:
[2017.03.29-08.48.49:152][  0]LogWindows:    0. 'Intel(R) HD Graphics 520' (P:1 D:1)
[2017.03.29-08.48.49:152][  0]LogWindows:    1. 'Intel(R) HD Graphics 520' (P:0 D:0)
[2017.03.29-08.48.49:152][  0]LogWindows:    2. 'Intel(R) HD Graphics 520' (P:0 D:0)
[2017.03.29-08.48.49:153][  0]LogWindows: DebugString: PrimaryIsNotTheChoosenAdapter PrimaryIsNotTheChoosenAdapter PrimaryIsNotTheChoosenAdapter FoundDriverCount:0 
[2017.03.29-08.48.49:153][  0]LogD3D11RHI:     Adapter Name: NVIDIA GeForce 940M
[2017.03.29-08.48.49:153][  0]LogD3D11RHI:   Driver Version: Unknown (internal:Unknown, unified:Unknown)
[2017.03.29-08.48.49:153][  0]LogD3D11RHI:      Driver Date: Unknown
[2017.03.29-08.48.49:153][  0]LogRHI: Texture pool is 1361 MB (70% of 1945 MB)
[2017.03.29-08.48.49:178][  0]LogD3D11RHI: Async texture creation enabled
[2017.03.29-08.48.49:200][  0]LogD3D11RHI: GPU Timing Frequency: 1000.000000 (Debug: 2 2)
[2017.03.29-08.48.49:201][  0]LogShaderCompilers: Guid format shader working directory is -34 characters bigger than the processId version (../../../../../../Users/Tristan/Documents/UniWork/comp140-gam160-game/SuhDude-Game/Intermediate/Shaders/WorkingDirectory/1984/).
[2017.03.29-08.48.49:201][  0]LogShaderCompilers: Cleaned the shader compiler working directory 'C:/Users/Tristan/AppData/Local/Temp/UnrealShaderWorkingDir/E2C2944146EFFC3342F4009B7244C4E7/'.
[2017.03.29-08.48.49:201][  0]LogShaderCompilers:Display: Using Local Shader Compiler.
[2017.03.29-08.48.50:569][  0]LogTemp:Display: Loaded TP AllDesktopTargetPlatform
[2017.03.29-08.48.50:654][  0]LogTemp:Display: Loaded TP MacClientTargetPlatform
[2017.03.29-08.48.50:730][  0]LogTemp:Display: Loaded TP MacNoEditorTargetPlatform
[2017.03.29-08.48.50:803][  0]LogTemp:Display: Loaded TP MacServerTargetPlatform
[2017.03.29-08.48.50:877][  0]LogTemp:Display: Loaded TP MacTargetPlatform
[2017.03.29-08.48.50:953][  0]LogTemp:Display: Loaded TP WindowsClientTargetPlatform
[2017.03.29-08.48.51:033][  0]LogTemp:Display: Loaded TP WindowsNoEditorTargetPlatform
[2017.03.29-08.48.51:106][  0]LogTemp:Display: Loaded TP WindowsServerTargetPlatform
[2017.03.29-08.48.51:168][  0]LogTemp:Display: Loaded TP WindowsTargetPlatform
[2017.03.29-08.48.51:236][  0]LogTemp:Display: Loaded TP AndroidTargetPlatform
[2017.03.29-08.48.51:305][  0]LogTemp:Display: Loaded TP Android_ASTCTargetPlatform
[2017.03.29-08.48.51:385][  0]LogTemp:Display: Loaded TP Android_ATCTargetPlatform
[2017.03.29-08.48.51:458][  0]LogTemp:Display: Loaded TP Android_DXTTargetPlatform
[2017.03.29-08.48.51:531][  0]LogTemp:Display: Loaded TP Android_ETC1TargetPlatform
[2017.03.29-08.48.51:607][  0]LogTemp:Display: Loaded TP Android_ETC2TargetPlatform
[2017.03.29-08.48.51:746][  0]LogTemp:Display: Loaded TP Android_MultiTargetPlatform
[2017.03.29-08.48.51:746][  0]LogTemp:Display: Loaded TP Android_PVRTCTargetPlatform
[2017.03.29-08.48.51:791][  0]LogTemp:Display: Loaded TP HTML5TargetPlatform
[2017.03.29-08.48.51:896][  0]LogTemp:Display: Loaded TP IOSTargetPlatform
[2017.03.29-08.48.51:942][  0]LogTemp:Display: Loaded TP TVOSTargetPlatform
[2017.03.29-08.48.52:010][  0]LogTemp:Display: Loaded TP LinuxClientTargetPlatform
[2017.03.29-08.48.52:079][  0]LogTemp:Display: Loaded TP LinuxNoEditorTargetPlatform
[2017.03.29-08.48.52:152][  0]LogTemp:Display: Loaded TP LinuxServerTargetPlatform
[2017.03.29-08.48.52:218][  0]LogTemp:Display: Loaded TP LinuxTargetPlatform
[2017.03.29-08.48.52:218][  0]LogTargetPlatformManager:Display: Building Assets For Windows
[2017.03.29-08.48.52:700][  0]LogDerivedDataCache:Display: Max Cache Size: 512 MB
[2017.03.29-08.48.52:776][  0]LogDerivedDataCache: Loaded boot cache 0.08s 50MB C:/Users/Tristan/AppData/Local/UnrealEngine/4.14/DerivedDataCache/Boot.ddc.
[2017.03.29-08.48.52:776][  0]LogDerivedDataCache:Display: Loaded Boot cache: C:/Users/Tristan/AppData/Local/UnrealEngine/4.14/DerivedDataCache/Boot.ddc
[2017.03.29-08.48.52:776][  0]LogDerivedDataCache: FDerivedDataBackendGraph:  Pak pak cache file ../../../../../../Users/Tristan/Documents/UniWork/comp140-gam160-game/SuhDude-Game/DerivedDataCache/DDC.ddp not found, will not use a pak cache.
[2017.03.29-08.48.52:776][  0]LogDerivedDataCache: Unable to find inner node Pak for hierarchical cache Hierarchy.
[2017.03.29-08.48.52:776][  0]LogDerivedDataCache: FDerivedDataBackendGraph:  CompressedPak pak cache file ../../../../../../Users/Tristan/Documents/UniWork/comp140-gam160-game/SuhDude-Game/DerivedDataCache/Compressed.ddp not found, will not use a pak cache.
[2017.03.29-08.48.52:776][  0]LogDerivedDataCache: Unable to find inner node CompressedPak for hierarchical cache Hierarchy.
[2017.03.29-08.48.52:798][  0]LogDerivedDataCache:Display: Pak cache opened for reading ../../../Engine/DerivedDataCache/Compressed.ddp.
[2017.03.29-08.48.52:811][  0]LogDerivedDataCache: Using Local data cache path C:/Users/Tristan/AppData/Local/UnrealEngine/Common/DerivedDataCache: Writable
[2017.03.29-08.48.53:080][  0]LogInit: Selected Device Profile: [Windows]
[2017.03.29-08.48.53:084][  0]LogContentStreaming: Texture pool size is 0.00 MB
[2017.03.29-08.48.53:366][  0]LogMeshUtilities: Using QuadricMeshReduction for automatic static mesh reduction
[2017.03.29-08.48.53:422][  0]LogSimplygon: Simplygon DLL not present - disabling.
[2017.03.29-08.48.53:486][  0]LogMeshUtilities: Using SimplygonSwarm for distributed automatic mesh merging
[2017.03.29-08.48.53:486][  0]LogMeshUtilities: No automatic skeletal mesh reduction module available
[2017.03.29-08.48.53:486][  0]LogMeshUtilities: No automatic mesh merging module available
[2017.03.29-08.48.54:182][  0]LogNetVersion: GetLocalNetworkVersion: CL: 3195953, ProjectName: suhdude, ProjectVersion: , EngineNetworkVersion: 2, GameNetworkVersion: 0, NetworkChecksum: 1980303672
[2017.03.29-08.48.54:250][  0]LogAssetRegistry: FAssetRegistry took 0.0225 seconds to start up
[2017.03.29-08.48.54:320][  0]LogPackageLocalizationCache: Processed 3 localized package path(s) for 2 prioritized culture(s) in 0.038760 seconds
[2017.03.29-08.48.54:328][  0]LogUObjectArray: 31946 objects as part of root set at end of initial load.
[2017.03.29-08.48.54:328][  0]LogUObjectAllocator: 6935840 out of 0 bytes used by permanent object pool.
[2017.03.29-08.48.54:328][  0]LogUObjectArray: CloseDisregardForGC: 0/0 objects in disregard for GC pool
[2017.03.29-08.48.54:417][  0]LogInit: WinSock: version 1.1 (2.2), MaxSocks=32767, MaxUdp=65467
[2017.03.29-08.48.55:524][  0]LogSlate: Using Freetype 2.6.0
[2017.03.29-08.48.55:524][  0]LogSlate: SlateFontCache - WITH_FREETYPE: 1, WITH_HARFBUZZ: 1
[2017.03.29-08.48.55:524][  0]LogSlate: SlateFontCache - WITH_FREETYPE: 1, WITH_HARFBUZZ: 1
[2017.03.29-08.48.56:461][  0]LogTcpMessaging: Initializing TcpMessaging bridge
[2017.03.29-08.48.56:508][  0]LogUdpMessaging: Initializing bridge on interface 0.0.0.0:0 to multicast group 230.0.0.1:6666.
[2017.03.29-08.48.56:949][  0]LogMaterial: Uniform references updated for custom material expression Custom.
[2017.03.29-08.48.57:472][  0]SourceControl: Info Source control is disabled
[2017.03.29-08.48.57:514][  0]SourceControl: Info Source control is disabled
[2017.03.29-08.48.57:582][  0]SourceControl: Info Source control is disabled
[2017.03.29-08.48.57:645][  0]SourceControl: Info Source control is disabled
[2017.03.29-08.48.59:230][  0]LogEngine: Initializing Engine...
[2017.03.29-08.48.59:230][  0]LogHMD: Failed to initialize OpenVR with code 110
[2017.03.29-08.48.59:558][  0]LogAIModule: Creating AISystem for world Untitled
[2017.03.29-08.48.59:568][  0]LogInit: XAudio2 using 'Speaker/HP (Realtek High Definition Audio)' : 2 channels at 48 kHz using 32 bits per sample (channel mask 0x3)
[2017.03.29-08.48.59:794][  0]LogInit: FAudioDevice initialized.
[2017.03.29-08.48.59:830][  0]LogDerivedDataCache: Saved boot cache 0.04s 50MB C:/Users/Tristan/AppData/Local/UnrealEngine/4.14/DerivedDataCache/Boot.ddc.
[2017.03.29-08.48.59:844][  0]LogInit: Texture streaming: Enabled
[2017.03.29-08.49.00:064][  0]LogInit: Transaction tracking system initialized
[2017.03.29-08.49.00:480][  0]BlueprintLog: New page: Editor Load
[2017.03.29-08.49.01:592][  0]LocalizationService: Info Localization service is disabled
[2017.03.29-08.49.02:406][  0]LogConsoleResponse:Display: 
[2017.03.29-08.49.02:590][  0]LogCook:Display: Max memory allowance for cook 16384mb min free memory 0mb
[2017.03.29-08.49.02:590][  0]LogCook:Display: Mobile HDR setting 1
[2017.03.29-08.49.02:772][  0]LogFileCache: Scanning file cache for directory 'C:/Users/Tristan/Documents/UniWork/comp140-gam160-game/SuhDude-Game/Content/' took 0.01s
[2017.03.29-08.49.03:844][  0]SourceControl: Info Source control is disabled
[2017.03.29-08.49.03:845][  0]Cmd: MAP LOAD FILE="../../../../../../Users/Tristan/Documents/UniWork/comp140-gam160-game/SuhDude-Game/Content/Maps/MenuLevel.umap" TEMPLATE=0 SHOWPROGRESS=1 FEATURELEVEL=3
[2017.03.29-08.49.03:845][  0]LightingResults: New page: Lighting Build
[2017.03.29-08.49.03:895][  0]MapCheck: New page: Map Check
[2017.03.29-08.49.03:895][  0]LightingResults: New page: Lighting Build
[2017.03.29-08.49.04:605][  0]LogAIModule: Creating AISystem for world MenuLevel
[2017.03.29-08.49.04:621][  0]LogEditorServer: Finished looking for orphan Actors (0.000 secs)
[2017.03.29-08.49.04:621][  0]Cmd: MAP CHECKDEP NOCLEARLOG
[2017.03.29-08.49.04:676][  0]MapCheck: Info Map check complete: 0 Error(s), 0 Warning(s), took 55.13ms to complete.
[2017.03.29-08.49.04:676][  0]LogFileHelpers: Loading map 'MenuLevel' took 0.832
[2017.03.29-08.49.04:821][  0]LogCollectionManager: Loaded 0 collections in 0.002152 seconds
[2017.03.29-08.49.04:908][  0]LogFileCache: Scanning file cache for directory 'C:/Users/Tristan/Documents/UniWork/comp140-gam160-game/SuhDude-Game/Saved/Collections/' took 0.01s
[2017.03.29-08.49.04:908][  0]LogFileCache: Scanning file cache for directory 'C:/Users/Tristan/Documents/UniWork/comp140-gam160-game/SuhDude-Game/Content/Developers/Tristan/Collections/' took 0.01s
[2017.03.29-08.49.04:908][  0]LogFileCache: Scanning file cache for directory 'C:/Users/Tristan/Documents/UniWork/comp140-gam160-game/SuhDude-Game/Content/Collections/' took 0.01s
[2017.03.29-08.49.04:908][  0]LogCollectionManager: Rebuilt the GUID cache for 0 collections in 0.000002 seconds
[2017.03.29-08.49.04:920][  0]LogContentBrowser: Native class hierarchy populated in 0.0115 seconds. Added 2194 classes and 430 folders.
[2017.03.29-08.49.04:968][  0]LogStats: UGameplayTagsManager::ConstructGameplayTagTree: Construct from data asset -  0.000 s
[2017.03.29-08.49.04:968][  0]LogStats: UGameplayTagsManager::ConstructGameplayTagTree: GameplayTagTreeChangedEvent.Broadcast -  0.000 s
[2017.03.29-08.49.04:970][  0]LogContentBrowser: Native class hierarchy updated for 'GameplayTags' in 0.0019 seconds. Added 13 classes and 0 folders.
[2017.03.29-08.49.05:051][  0]LogContentBrowser: Native class hierarchy updated for 'WidgetCarousel' in 0.0019 seconds. Added 0 classes and 0 folders.
[2017.03.29-08.49.05:108][  0]LogContentBrowser: Native class hierarchy updated for 'AddContentDialog' in 0.0018 seconds. Added 0 classes and 0 folders.
[2017.03.29-08.49.05:178][  0]LogContentBrowser: Native class hierarchy updated for 'SceneOutliner' in 0.0024 seconds. Added 1 classes and 2 folders.
[2017.03.29-08.49.05:231][  0]LogCrashTracker: Crashtracker disabled due to settings.
[2017.03.29-08.49.06:668][  0]LogSlate: Only BGRA pngs, bmps or icos are supported in by External Image Picker
[2017.03.29-08.49.06:703][  0]LogUObjectGlobals:Warning: Failed to find object 'Class None.'
[2017.03.29-08.49.07:021][  0]LogTemp:Display: Executing iPhonePackager certificates Engine -bundlename com.YourCompany.SuhDude

[2017.03.29-08.49.07:021][  0]LogTemp:Display: CWD: C:\Program Files\Epic Games\UE_4.14\Engine\Binaries\DotNet\IOS

[2017.03.29-08.49.07:021][  0]LogTemp:Display: Initial Dir: C:\Program Files\Epic Games\UE_4.14

[2017.03.29-08.49.07:021][  0]LogTemp:Display: Env CWD: C:\Program Files\Epic Games\UE_4.14\Engine\Binaries\DotNet\IOS

[2017.03.29-08.49.07:021][  0]LogTemp:Display: BranchPath = LAPTOP-HOJJGP5S/C/Program Files/Epic Games/UE_4.14/Engine/Binaries --- GameBranchPath = LAPTOP-HOJJGP5S/C/Program Files/Epic Games/UE_4.14/Engine/Binaries

[2017.03.29-08.49.07:021][  0]LogTemp:Display: IPP ERROR: Application exception: System.IO.DirectoryNotFoundException: Could not find a part of the path 'C:\Users\Tristan\AppData\Local\Apple Computer\MobileDevice\Provisioning Profiles'.

[2017.03.29-08.49.07:021][  0]LogTemp:Display:    at System.IO.__Error.WinIOError(Int32 errorCode, String maybeFullPath)

[2017.03.29-08.49.07:021][  0]LogTemp:Display:    at System.IO.FileSystemEnumerableIterator`1.CommonInit()

[2017.03.29-08.49.07:021][  0]LogTemp:Display:    at System.IO.Directory.EnumerateFiles(String path, String searchPattern)

[2017.03.29-08.49.07:021][  0]LogTemp:Display:    at iPhonePackager.CodeSignatureBuilder.FindProvisions(String CFBundleIdentifier)

[2017.03.29-08.49.07:021][  0]LogTemp:Display:    at iPhonePackager.Program.Main(String[] args)

[2017.03.29-08.49.07:085][  0]LogContentBrowser: Native class hierarchy updated for 'HierarchicalLODOutliner' in 0.0018 seconds. Added 1 classes and 2 folders.
[2017.03.29-08.49.07:085][  0]LogLoad: (Engine Initialization) Total time: 21.35 seconds
[2017.03.29-08.49.07:085][  0]LogLoad: (Engine Initialization) Total Blueprint compile time: 0.18 seconds
[2017.03.29-08.49.07:085][  0]LogExternalProfiler: Found external profiler: VSPerf
[2017.03.29-08.49.07:085][  0]LogExternalProfiler: Using external profiler: VSPerf
[2017.03.29-08.49.07:425][  0]LogOcInput: OculusInput pre-init called
[2017.03.29-08.49.07:443][  0]LogContentStreaming: Texture pool size now 1000 MB
[2017.03.29-08.49.07:620][  0]LogRenderer: Reallocating scene render targets to support 828x436 NumSamples 1 (Frame:2).
[2017.03.29-08.49.07:857][  1]LogAssetRegistry: Asset discovery search completed in 13.6292 seconds
[2017.03.29-08.49.07:857][  1]LogCollectionManager: Rebuilt the object cache for 0 collections in 0.000001 seconds (found 0 objects)
[2017.03.29-08.49.07:857][  1]LogCollectionManager: Fixed up redirectors for 0 collections in 0.000018 seconds (updated 0 objects)
[2017.03.29-08.49.27:849][ 62]LogHttp:Warning: 000001E3FE6F1C00: request failed, libcurl error: 7 (Couldn't connect to server)
[2017.03.29-08.49.27:849][ 62]LogHttp:Warning: 000001E3FE6F1C00: libcurl info message cache 0 (  Trying 54.192.8.190...)
[2017.03.29-08.49.27:849][ 62]LogHttp:Warning: 000001E3FE6F1C00: libcurl info message cache 1 (connect to 54.192.8.190 port 80 failed: Timed out)
[2017.03.29-08.49.27:849][ 62]LogHttp:Warning: 000001E3FE6F1C00: libcurl info message cache 2 (Failed to connect to cdn.unrealengine.com port 80: Timed out)
[2017.03.29-08.49.27:849][ 62]LogHttp:Warning: 000001E3FE6F1C00: libcurl info message cache 3 (Closing connection 0)
[2017.03.29-08.49.49:183][126]LogHttp:Warning: 000001E398D2A200: request failed, libcurl error: 7 (Couldn't connect to server)
[2017.03.29-08.49.49:183][126]LogHttp:Warning: 000001E398D2A200: libcurl info message cache 0 (Hostname cdn.unrealengine.com was found in DNS cache)
[2017.03.29-08.49.49:183][126]LogHttp:Warning: 000001E398D2A200: libcurl info message cache 1 (  Trying 54.192.8.190...)
[2017.03.29-08.49.49:183][126]LogHttp:Warning: 000001E398D2A200: libcurl info message cache 2 (connect to 54.192.8.190 port 80 failed: Timed out)
[2017.03.29-08.49.49:183][126]LogHttp:Warning: 000001E398D2A200: libcurl info message cache 3 (Failed to connect to cdn.unrealengine.com port 80: Timed out)
[2017.03.29-08.49.49:183][126]LogHttp:Warning: 000001E398D2A200: libcurl info message cache 4 (Closing connection 1)
[2017.03.29-08.50.10:568][190]LogHttp:Warning: 000001E398D2BB80: request failed, libcurl error: 7 (Couldn't connect to server)
[2017.03.29-08.50.10:568][190]LogHttp:Warning: 000001E398D2BB80: libcurl info message cache 0 (Hostname cdn.unrealengine.com was found in DNS cache)
[2017.03.29-08.50.10:568][190]LogHttp:Warning: 000001E398D2BB80: libcurl info message cache 1 (  Trying 54.192.8.190...)
[2017.03.29-08.50.10:568][190]LogHttp:Warning: 000001E398D2BB80: libcurl info message cache 2 (connect to 54.192.8.190 port 80 failed: Timed out)
[2017.03.29-08.50.10:568][190]LogHttp:Warning: 000001E398D2BB80: libcurl info message cache 3 (Failed to connect to cdn.unrealengine.com port 80: Timed out)
[2017.03.29-08.50.10:568][190]LogHttp:Warning: 000001E398D2BB80: libcurl info message cache 4 (Closing connection 2)
[2017.03.29-09.00.02:877][783]LogTemp: Repeting last play command: Selected Viewport
[2017.03.29-09.00.02:901][783]LogBlueprintUserMessages: Early PlayInEditor Detection: Level '/Game/Maps/MenuLevel.MenuLevel:PersistentLevel' has LevelScriptBlueprint '/Game/Maps/MenuLevel.MenuLevel:PersistentLevel.MenuLevel' with GeneratedClass '/Game/Maps/MenuLevel.MenuLevel_C' with ClassGeneratedBy '/Game/Maps/MenuLevel.MenuLevel:PersistentLevel.MenuLevel'
[2017.03.29-09.00.02:902][783]LogPlayLevel: PlayLevel: No blueprints needed recompiling
[2017.03.29-09.00.02:902][783]PIE: New page: PIE session: MenuLevel (29 Mar 2017 11:00:02)
[2017.03.29-09.00.02:903][783]LogPlayLevel: Creating play world package: /Game/Maps/UEDPIE_0_MenuLevel
[2017.03.29-09.00.02:912][783]LogPlayLevel: PIE: StaticDuplicateObject took: (0.008483s)
[2017.03.29-09.00.02:915][783]LogAIModule: Creating AISystem for world MenuLevel
[2017.03.29-09.00.02:915][783]LogPlayLevel: PIE: World Init took: (0.002947s)
[2017.03.29-09.00.02:915][783]LogPlayLevel: PIE: Created PIE world by copying editor world from /Game/Maps/MenuLevel.MenuLevel to /Game/Maps/UEDPIE_0_MenuLevel.MenuLevel (0.011879s)
[2017.03.29-09.00.02:958][783]LogInit: XAudio2 using 'Speaker/HP (Realtek High Definition Audio)' : 2 channels at 48 kHz using 32 bits per sample (channel mask 0x3)
[2017.03.29-09.00.02:971][783]LogInit: FAudioDevice initialized.
[2017.03.29-09.00.03:025][783]LogLoad: Game class is 'MenuGameMode_C'
[2017.03.29-09.00.03:028][783]LogWorld: Bringing World /Game/Maps/UEDPIE_0_MenuLevel.MenuLevel up for play (max tick rate 60) at 2017.03.29-10.00.03
[2017.03.29-09.00.03:028][783]LogWorld: Bringing up level for play took: 0.001757
[2017.03.29-09.00.03:083][783]LogContentBrowser: Native class hierarchy updated for 'MovieSceneCapture' in 0.0020 seconds. Added 11 classes and 0 folders.
[2017.03.29-09.00.03:083][783]LogGameMode:Display: Match State Changed from EnteringMap to WaitingToStart
[2017.03.29-09.00.03:083][783]LogGameState: Match State Changed from EnteringMap to WaitingToStart
[2017.03.29-09.00.03:084][783]LogGameMode:Display: Match State Changed from WaitingToStart to InProgress
[2017.03.29-09.00.03:086][783]LogGameState: Match State Changed from WaitingToStart to InProgress
[2017.03.29-09.00.03:086][783]PIE: Info Play in editor start time for /Game/Maps/UEDPIE_0_MenuLevel -0.151
[2017.03.29-09.00.03:086][783]LogBlueprintUserMessages: Late PlayInEditor Detection: Level '/Game/Maps/MenuLevel.MenuLevel:PersistentLevel' has LevelScriptBlueprint '/Game/Maps/MenuLevel.MenuLevel:PersistentLevel.MenuLevel' with GeneratedClass '/Game/Maps/MenuLevel.MenuLevel_C' with ClassGeneratedBy '/Game/Maps/MenuLevel.MenuLevel:PersistentLevel.MenuLevel'
[2017.03.29-09.00.05:231][901]LogGameMode:Display: Match State Changed from InProgress to LeavingMap
[2017.03.29-09.00.05:231][901]LogGameState: Match State Changed from InProgress to LeavingMap
[2017.03.29-09.00.05:244][901]LogNet: Browse: /Game/Maps/Map1
[2017.03.29-09.00.05:252][901]LogLoad: LoadMap: /Game/Maps/Map1
[2017.03.29-09.00.05:461][901]Cmd: MEM
[2017.03.29-09.00.05:705][901]LogMemory: Platform Memory Stats for Windows
[2017.03.29-09.00.05:705][901]LogMemory: Process Physical Memory: 942.20 MB used, 1433.72 MB peak
[2017.03.29-09.00.05:705][901]LogMemory: Process Virtual Memory: 1638.75 MB used, 1729.93 MB peak
[2017.03.29-09.00.05:705][901]LogMemory: Physical Memory: 5667.18 MB used,  2363.66 MB free, 8030.84 MB total
[2017.03.29-09.00.05:705][901]LogMemory: Virtual Memory: 2503.30 MB used,  2363.66 MB free, 134217728.00 MB total
[2017.03.29-09.00.05:705][901]LogMemory: 
[2017.03.29-09.00.05:705][901]Allocator Stats for TBB: (not implemented)
[2017.03.29-09.00.10:747][901]LogAIModule: Creating AISystem for world Map1
[2017.03.29-09.00.10:747][901]LogLoad: Game class is 'MainGameMode_C'
[2017.03.29-09.00.10:850][901]LogWorld: Bringing World /Game/Maps/UEDPIE_0_Map1.Map1 up for play (max tick rate 60) at 2017.03.29-10.00.10
[2017.03.29-09.00.10:891][901]LogWorld: Bringing up level for play took: 0.143589
[2017.03.29-09.00.11:023][901]LogLoad: Took 5.770021 seconds to LoadMap(/Game/Maps/Map1)
[2017.03.29-09.00.18:376][322]LogNet: Browse: /Game/Maps/MenuLevel
[2017.03.29-09.00.18:376][322]LogLoad: LoadMap: /Game/Maps/MenuLevel
[2017.03.29-09.00.18:452][322]Cmd: MEM
[2017.03.29-09.00.18:472][322]LogMemory: Platform Memory Stats for Windows
[2017.03.29-09.00.18:472][322]LogMemory: Process Physical Memory: 1077.17 MB used, 1433.72 MB peak
[2017.03.29-09.00.18:472][322]LogMemory: Process Virtual Memory: 1761.89 MB used, 2096.49 MB peak
[2017.03.29-09.00.18:472][322]LogMemory: Physical Memory: 5701.49 MB used,  2329.35 MB free, 8030.84 MB total
[2017.03.29-09.00.18:472][322]LogMemory: Virtual Memory: 2769.55 MB used,  2329.35 MB free, 134217728.00 MB total
[2017.03.29-09.00.18:472][322]LogMemory: 
[2017.03.29-09.00.18:472][322]Allocator Stats for TBB: (not implemented)
[2017.03.29-09.00.18:472][322]LogPlayLevel: Creating play world package: /Game/Maps/UEDPIE_0_MenuLevel
[2017.03.29-09.00.18:475][322]LogPlayLevel: PIE: StaticDuplicateObject took: (0.002689s)
[2017.03.29-09.00.18:476][322]LogAIModule: Creating AISystem for world MenuLevel
[2017.03.29-09.00.18:476][322]LogPlayLevel: PIE: World Init took: (0.001469s)
[2017.03.29-09.00.18:477][322]LogPlayLevel: PIE: Created PIE world by copying editor world from /Game/Maps/MenuLevel.MenuLevel to /Game/Maps/UEDPIE_0_MenuLevel.MenuLevel (0.004423s)
[2017.03.29-09.00.18:477][322]LogLoad: Game class is 'MenuGameMode_C'
[2017.03.29-09.00.18:479][322]LogWorld: Bringing World /Game/Maps/UEDPIE_0_MenuLevel.MenuLevel up for play (max tick rate 60) at 2017.03.29-10.00.18
[2017.03.29-09.00.18:479][322]LogWorld: Bringing up level for play took: 0.001438
[2017.03.29-09.00.18:479][322]LogGameMode: Warning - PATHS NOT DEFINED or NO PLAYERSTART with positive rating
[2017.03.29-09.00.18:479][322]LogGameMode:Display: Match State Changed from EnteringMap to WaitingToStart
[2017.03.29-09.00.18:479][322]LogGameState: Match State Changed from EnteringMap to WaitingToStart
[2017.03.29-09.00.18:479][322]LogGameMode:Display: Match State Changed from WaitingToStart to InProgress
[2017.03.29-09.00.18:497][322]LogGameState: Match State Changed from WaitingToStart to InProgress
[2017.03.29-09.00.18:497][322]LogLoad: Took 0.120777 seconds to LoadMap(/Game/Maps/UEDPIE_0_MenuLevel)
[2017.03.29-09.03.20:511][413]LogHotReload: New module detected: UE4Editor-SuhDude-6456.dll
[2017.03.29-09.03.25:850][430]LogHotReload: Starting Hot-Reload from IDE
[2017.03.29-09.03.26:080][430]LogContentBrowser: Native class hierarchy updated for 'SuhDude' in 0.0019 seconds. Added 4 classes and 2 folders.
[2017.03.29-09.03.26:084][430]Display: HotReload successful (3 functions remapped  0 scriptstructs remapped)
[2017.03.29-09.03.26:448][430]LogContentBrowser: Native class hierarchy populated in 0.0147 seconds. Added 2196 classes and 434 folders.
[2017.03.29-09.03.26:614][430]Display: HotReload took  0.8s.
[2017.03.29-10.09.42:670][502]LogHotReload: New module detected: UE4Editor-SuhDude-1819.dll
[2017.03.29-10.09.45:016][510]LogHotReload: Starting Hot-Reload from IDE
[2017.03.29-10.09.45:168][510]LogContentBrowser: Native class hierarchy updated for 'SuhDude' in 0.0027 seconds. Added 4 classes and 2 folders.
[2017.03.29-10.09.45:172][510]Display: HotReload successful (3 functions remapped  0 scriptstructs remapped)
[2017.03.29-10.09.45:294][510]LogContentBrowser: Native class hierarchy populated in 0.0200 seconds. Added 2196 classes and 434 folders.
[2017.03.29-10.09.45:300][510]Display: HotReload took  0.3s.
[2017.03.29-10.10.18:031][608]LogHotReload: New module detected: UE4Editor-SuhDude-8783.dll
[2017.03.29-10.10.20:064][615]LogHotReload: Starting Hot-Reload from IDE
[2017.03.29-10.10.20:162][615]LogContentBrowser: Native class hierarchy updated for 'SuhDude' in 0.0019 seconds. Added 4 classes and 2 folders.
[2017.03.29-10.10.20:165][615]Display: HotReload successful (3 functions remapped  0 scriptstructs remapped)
[2017.03.29-10.10.20:216][615]LogContentBrowser: Native class hierarchy populated in 0.0120 seconds. Added 2196 classes and 434 folders.
[2017.03.29-10.10.20:221][615]Display: HotReload took  0.2s.
[2017.03.29-10.10.26:927][927]LogBlueprintUserMessages: Early EndPlayMap Detection: Level '/Game/Maps/MenuLevel.MenuLevel:PersistentLevel' has LevelScriptBlueprint '/Game/Maps/MenuLevel.MenuLevel:PersistentLevel.MenuLevel' with GeneratedClass '/Game/Maps/MenuLevel.MenuLevel_C' with ClassGeneratedBy '/Game/Maps/MenuLevel.MenuLevel:PersistentLevel.MenuLevel'
[2017.03.29-10.10.27:890][927]LogBlueprintUserMessages: Late EndPlayMap Detection: Level '/Game/Maps/MenuLevel.MenuLevel:PersistentLevel' has LevelScriptBlueprint '/Game/Maps/MenuLevel.MenuLevel:PersistentLevel.MenuLevel' with GeneratedClass '/Game/Maps/MenuLevel.MenuLevel_C' with ClassGeneratedBy '/Game/Maps/MenuLevel.MenuLevel:PersistentLevel.MenuLevel'
[2017.03.29-10.10.28:287][928]Cmd: SELECT NONE
[2017.03.29-10.10.29:237][ 11]LogTemp: Repeting last play command: Selected Viewport
[2017.03.29-10.10.29:263][ 11]LogBlueprintUserMessages: Early PlayInEditor Detection: Level '/Game/Maps/MenuLevel.MenuLevel:PersistentLevel' has LevelScriptBlueprint '/Game/Maps/MenuLevel.MenuLevel:PersistentLevel.MenuLevel' with GeneratedClass '/Game/Maps/MenuLevel.MenuLevel_C' with ClassGeneratedBy '/Game/Maps/MenuLevel.MenuLevel:PersistentLevel.MenuLevel'
[2017.03.29-10.10.29:263][ 11]LogPlayLevel: PlayLevel: No blueprints needed recompiling
[2017.03.29-10.10.29:263][ 11]PIE: New page: PIE session: MenuLevel (29 Mar 2017 12:10:29)
[2017.03.29-10.10.29:266][ 11]LogPlayLevel: Creating play world package: /Game/Maps/UEDPIE_0_MenuLevel
[2017.03.29-10.10.29:274][ 11]LogPlayLevel: PIE: StaticDuplicateObject took: (0.008273s)
[2017.03.29-10.10.29:276][ 11]LogAIModule: Creating AISystem for world MenuLevel
[2017.03.29-10.10.29:276][ 11]LogPlayLevel: PIE: World Init took: (0.001555s)
[2017.03.29-10.10.29:276][ 11]LogPlayLevel: PIE: Created PIE world by copying editor world from /Game/Maps/MenuLevel.MenuLevel to /Game/Maps/UEDPIE_0_MenuLevel.MenuLevel (0.010164s)
[2017.03.29-10.10.29:375][ 11]LogInit: XAudio2 using 'Speaker/HP (Realtek High Definition Audio)' : 2 channels at 48 kHz using 32 bits per sample (channel mask 0x3)
[2017.03.29-10.10.29:386][ 11]LogInit: FAudioDevice initialized.
[2017.03.29-10.10.29:446][ 11]LogLoad: Game class is 'MenuGameMode_C'
[2017.03.29-10.10.29:447][ 11]LogWorld: Bringing World /Game/Maps/UEDPIE_0_MenuLevel.MenuLevel up for play (max tick rate 0) at 2017.03.29-11.10.29
[2017.03.29-10.10.29:448][ 11]LogWorld: Bringing up level for play took: 0.001765
[2017.03.29-10.10.29:449][ 11]LogGameMode:Display: Match State Changed from EnteringMap to WaitingToStart
[2017.03.29-10.10.29:449][ 11]LogGameState: Match State Changed from EnteringMap to WaitingToStart
[2017.03.29-10.10.29:449][ 11]LogGameMode:Display: Match State Changed from WaitingToStart to InProgress
[2017.03.29-10.10.29:452][ 11]LogGameState: Match State Changed from WaitingToStart to InProgress
[2017.03.29-10.10.29:452][ 11]PIE: Info Play in editor start time for /Game/Maps/UEDPIE_0_MenuLevel 0.215
[2017.03.29-10.10.29:452][ 11]LogBlueprintUserMessages: Late PlayInEditor Detection: Level '/Game/Maps/MenuLevel.MenuLevel:PersistentLevel' has LevelScriptBlueprint '/Game/Maps/MenuLevel.MenuLevel:PersistentLevel.MenuLevel' with GeneratedClass '/Game/Maps/MenuLevel.MenuLevel_C' with ClassGeneratedBy '/Game/Maps/MenuLevel.MenuLevel:PersistentLevel.MenuLevel'
[2017.03.29-10.10.32:277][213]LogBlueprintUserMessages: Early EndPlayMap Detection: Level '/Game/Maps/MenuLevel.MenuLevel:PersistentLevel' has LevelScriptBlueprint '/Game/Maps/MenuLevel.MenuLevel:PersistentLevel.MenuLevel' with GeneratedClass '/Game/Maps/MenuLevel.MenuLevel_C' with ClassGeneratedBy '/Game/Maps/MenuLevel.MenuLevel:PersistentLevel.MenuLevel'
[2017.03.29-10.10.32:907][213]LogBlueprintUserMessages: Late EndPlayMap Detection: Level '/Game/Maps/MenuLevel.MenuLevel:PersistentLevel' has LevelScriptBlueprint '/Game/Maps/MenuLevel.MenuLevel:PersistentLevel.MenuLevel' with GeneratedClass '/Game/Maps/MenuLevel.MenuLevel_C' with ClassGeneratedBy '/Game/Maps/MenuLevel.MenuLevel:PersistentLevel.MenuLevel'
[2017.03.29-10.10.36:268][501]LogEditor: Attempting to add actor of class 'Server' to level at 1218.00,-1213.00,19.00
[2017.03.29-10.10.37:192][501]LogEditor: Attempting to add actor of class 'Server' to level at 1218.00,-1203.00,76.00
[2017.03.29-10.10.59:458][474]LogEditorActor: Deleted Actor: Server
[2017.03.29-10.10.59:479][474]LogEditorActor: Deleted 1 Actors (0.057 secs)
[2017.03.29-10.11.08:102][390]LogTemp: Repeting last play command: Selected Viewport
[2017.03.29-10.11.08:129][390]LogBlueprintUserMessages: Early PlayInEditor Detection: Level '/Game/Maps/MenuLevel.MenuLevel:PersistentLevel' has LevelScriptBlueprint '/Game/Maps/MenuLevel.MenuLevel:PersistentLevel.MenuLevel' with GeneratedClass '/Game/Maps/MenuLevel.MenuLevel_C' with ClassGeneratedBy '/Game/Maps/MenuLevel.MenuLevel:PersistentLevel.MenuLevel'
[2017.03.29-10.11.08:129][390]LogPlayLevel: PlayLevel: No blueprints needed recompiling
[2017.03.29-10.11.08:129][390]PIE: New page: PIE session: MenuLevel (29 Mar 2017 12:11:08)
[2017.03.29-10.11.08:130][390]LogPlayLevel: Creating play world package: /Game/Maps/UEDPIE_0_MenuLevel
[2017.03.29-10.11.08:134][390]LogPlayLevel: PIE: StaticDuplicateObject took: (0.003845s)
[2017.03.29-10.11.08:135][390]LogAIModule: Creating AISystem for world MenuLevel
[2017.03.29-10.11.08:135][390]LogPlayLevel: PIE: World Init took: (0.001410s)
[2017.03.29-10.11.08:135][390]LogPlayLevel: PIE: Created PIE world by copying editor world from /Game/Maps/MenuLevel.MenuLevel to /Game/Maps/UEDPIE_0_MenuLevel.MenuLevel (0.005670s)
[2017.03.29-10.11.08:205][390]LogInit: XAudio2 using 'Speaker/HP (Realtek High Definition Audio)' : 2 channels at 48 kHz using 32 bits per sample (channel mask 0x3)
[2017.03.29-10.11.08:214][390]LogInit: FAudioDevice initialized.
[2017.03.29-10.11.08:249][390]LogLoad: Game class is 'MenuGameMode_C'
[2017.03.29-10.11.08:251][390]LogWorld: Bringing World /Game/Maps/UEDPIE_0_MenuLevel.MenuLevel up for play (max tick rate 0) at 2017.03.29-11.11.08
[2017.03.29-10.11.08:251][390]LogWorld: Bringing up level for play took: 0.001488
[2017.03.29-10.11.08:252][390]LogGameMode:Display: Match State Changed from EnteringMap to WaitingToStart
[2017.03.29-10.11.08:252][390]LogGameState: Match State Changed from EnteringMap to WaitingToStart
[2017.03.29-10.11.08:252][390]LogGameMode:Display: Match State Changed from WaitingToStart to InProgress
[2017.03.29-10.11.08:254][390]LogGameState: Match State Changed from WaitingToStart to InProgress
[2017.03.29-10.11.08:254][390]PIE: Info Play in editor start time for /Game/Maps/UEDPIE_0_MenuLevel 1.017
[2017.03.29-10.11.08:254][390]LogBlueprintUserMessages: Late PlayInEditor Detection: Level '/Game/Maps/MenuLevel.MenuLevel:PersistentLevel' has LevelScriptBlueprint '/Game/Maps/MenuLevel.MenuLevel:PersistentLevel.MenuLevel' with GeneratedClass '/Game/Maps/MenuLevel.MenuLevel_C' with ClassGeneratedBy '/Game/Maps/MenuLevel.MenuLevel:PersistentLevel.MenuLevel'
[2017.03.29-10.11.11:165][595]LogBlueprintUserMessages: Early EndPlayMap Detection: Level '/Game/Maps/MenuLevel.MenuLevel:PersistentLevel' has LevelScriptBlueprint '/Game/Maps/MenuLevel.MenuLevel:PersistentLevel.MenuLevel' with GeneratedClass '/Game/Maps/MenuLevel.MenuLevel_C' with ClassGeneratedBy '/Game/Maps/MenuLevel.MenuLevel:PersistentLevel.MenuLevel'
[2017.03.29-10.11.11:732][595]LogBlueprintUserMessages: Late EndPlayMap Detection: Level '/Game/Maps/MenuLevel.MenuLevel:PersistentLevel' has LevelScriptBlueprint '/Game/Maps/MenuLevel.MenuLevel:PersistentLevel.MenuLevel' with GeneratedClass '/Game/Maps/MenuLevel.MenuLevel_C' with ClassGeneratedBy '/Game/Maps/MenuLevel.MenuLevel:PersistentLevel.MenuLevel'
[2017.03.29-10.11.37:665][753]LogSavePackage: Save=501.35ms
[2017.03.29-10.11.37:665][753]LogSavePackage: Moving '../../../../../../Users/Tristan/Documents/UniWork/comp140-gam160-game/SuhDude-Game/Saved/MenuLevel_Auto1A1190C8D45DC48881B84129DB698D003.tmp' to '../../../../../../Users/Tristan/Documents/UniWork/comp140-gam160-game/SuhDude-Game/Saved/Autosaves/Game/Maps/MenuLevel_Auto1.umap'
[2017.03.29-10.11.37:723][753]LogSavePackage:Display: Finished SavePackage ../../../../../../Users/Tristan/Documents/UniWork/comp140-gam160-game/SuhDude-Game/Saved/Autosaves/Game/Maps/MenuLevel_Auto1.umap
[2017.03.29-10.11.37:810][753]LogFileHelpers: Editor autosave (incl. sublevels) for '/Game/Maps/MenuLevel' took 0.916
[2017.03.29-10.11.37:810][753]LogFileHelpers: Editor autosave (incl. sublevels) for all levels took 0.916
[2017.03.29-10.11.53:892][802]LogHotReload: New module detected: UE4Editor-SuhDude-228.dll
[2017.03.29-10.11.56:292][810]LogHotReload: Starting Hot-Reload from IDE
[2017.03.29-10.11.56:434][810]LogContentBrowser: Native class hierarchy updated for 'SuhDude' in 0.0018 seconds. Added 4 classes and 2 folders.
[2017.03.29-10.11.56:436][810]Display: HotReload successful (3 functions remapped  0 scriptstructs remapped)
[2017.03.29-10.11.56:493][810]LogContentBrowser: Native class hierarchy populated in 0.0160 seconds. Added 2196 classes and 434 folders.
[2017.03.29-10.11.56:496][810]Display: HotReload took  0.2s.
[2017.03.29-10.12.04:532][984]LogTemp: Repeting last play command: Selected Viewport
[2017.03.29-10.12.04:553][984]LogBlueprintUserMessages: Early PlayInEditor Detection: Level '/Game/Maps/MenuLevel.MenuLevel:PersistentLevel' has LevelScriptBlueprint '/Game/Maps/MenuLevel.MenuLevel:PersistentLevel.MenuLevel' with GeneratedClass '/Game/Maps/MenuLevel.MenuLevel_C' with ClassGeneratedBy '/Game/Maps/MenuLevel.MenuLevel:PersistentLevel.MenuLevel'
[2017.03.29-10.12.04:553][984]LogPlayLevel: PlayLevel: No blueprints needed recompiling
[2017.03.29-10.12.04:554][984]PIE: New page: PIE session: MenuLevel (29 Mar 2017 12:12:04)
[2017.03.29-10.12.04:555][984]LogPlayLevel: Creating play world package: /Game/Maps/UEDPIE_0_MenuLevel
[2017.03.29-10.12.04:559][984]LogPlayLevel: PIE: StaticDuplicateObject took: (0.004550s)
[2017.03.29-10.12.04:560][984]LogAIModule: Creating AISystem for world MenuLevel
[2017.03.29-10.12.04:561][984]LogPlayLevel: PIE: World Init took: (0.001351s)
[2017.03.29-10.12.04:561][984]LogPlayLevel: PIE: Created PIE world by copying editor world from /Game/Maps/MenuLevel.MenuLevel to /Game/Maps/UEDPIE_0_MenuLevel.MenuLevel (0.006334s)
[2017.03.29-10.12.04:589][984]LogInit: XAudio2 using 'Speaker/HP (Realtek High Definition Audio)' : 2 channels at 48 kHz using 32 bits per sample (channel mask 0x3)
[2017.03.29-10.12.04:600][984]LogInit: FAudioDevice initialized.
[2017.03.29-10.12.04:636][984]LogLoad: Game class is 'MenuGameMode_C'
[2017.03.29-10.12.04:637][984]LogWorld: Bringing World /Game/Maps/UEDPIE_0_MenuLevel.MenuLevel up for play (max tick rate 0) at 2017.03.29-11.12.04
[2017.03.29-10.12.04:638][984]LogWorld: Bringing up level for play took: 0.001274
[2017.03.29-10.12.04:639][984]LogGameMode:Display: Match State Changed from EnteringMap to WaitingToStart
[2017.03.29-10.12.04:639][984]LogGameState: Match State Changed from EnteringMap to WaitingToStart
[2017.03.29-10.12.04:639][984]LogGameMode:Display: Match State Changed from WaitingToStart to InProgress
[2017.03.29-10.12.04:654][984]LogGameState: Match State Changed from WaitingToStart to InProgress
[2017.03.29-10.12.04:654][984]PIE: Info Play in editor start time for /Game/Maps/UEDPIE_0_MenuLevel -0.583
[2017.03.29-10.12.04:654][984]LogBlueprintUserMessages: Late PlayInEditor Detection: Level '/Game/Maps/MenuLevel.MenuLevel:PersistentLevel' has LevelScriptBlueprint '/Game/Maps/MenuLevel.MenuLevel:PersistentLevel.MenuLevel' with GeneratedClass '/Game/Maps/MenuLevel.MenuLevel_C' with ClassGeneratedBy '/Game/Maps/MenuLevel.MenuLevel:PersistentLevel.MenuLevel'
[2017.03.29-10.12.07:579][198]LogBlueprintUserMessages: Early EndPlayMap Detection: Level '/Game/Maps/MenuLevel.MenuLevel:PersistentLevel' has LevelScriptBlueprint '/Game/Maps/MenuLevel.MenuLevel:PersistentLevel.MenuLevel' with GeneratedClass '/Game/Maps/MenuLevel.MenuLevel_C' with ClassGeneratedBy '/Game/Maps/MenuLevel.MenuLevel:PersistentLevel.MenuLevel'
[2017.03.29-10.12.08:145][198]LogBlueprintUserMessages: Late EndPlayMap Detection: Level '/Game/Maps/MenuLevel.MenuLevel:PersistentLevel' has LevelScriptBlueprint '/Game/Maps/MenuLevel.MenuLevel:PersistentLevel.MenuLevel' with GeneratedClass '/Game/Maps/MenuLevel.MenuLevel_C' with ClassGeneratedBy '/Game/Maps/MenuLevel.MenuLevel:PersistentLevel.MenuLevel'
[2017.03.29-10.24.53:659][466]LogSavePackage: Save=112.64ms
[2017.03.29-10.24.53:660][466]LogSavePackage: Moving '../../../../../../Users/Tristan/Documents/UniWork/comp140-gam160-game/SuhDude-Game/Saved/MenuLevel386CE1B6409B6B62D6A25AAEFAD9BBF3.tmp' to '../../../../../../Users/Tristan/Documents/UniWork/comp140-gam160-game/SuhDude-Game/Content/Maps/MenuLevel.umap'
[2017.03.29-10.24.53:670][466]LogSavePackage:Display: Finished SavePackage ../../../../../../Users/Tristan/Documents/UniWork/comp140-gam160-game/SuhDude-Game/Content/Maps/MenuLevel.umap
[2017.03.29-10.24.53:735][466]LogFileHelpers: Saving map 'MenuLevel' took 7.414
[2017.03.29-10.25.11:847][153]Cmd: QUIT_EDITOR
[2017.03.29-10.25.12:671][153]LogWindowsTextInputMethodSystem:Display: IME system now deactivated.
[2017.03.29-10.25.12:838][153]LogExit: Preparing to exit.
[2017.03.29-10.25.13:992][153]LogDirectoryWatcher: A directory notification for 'C:/Users/Tristan/Documents/UniWork/comp140-gam160-game/SuhDude-Game/Content/' was aborted.
[2017.03.29-10.25.14:299][153]LogExit: Editor shut down
[2017.03.29-10.25.14:300][153]LogExit: Transaction tracking system shut down
[2017.03.29-10.25.17:064][153]LogObj: Freed 0b from 0 cluster array pools.
[2017.03.29-10.25.17:066][153]LogExit: Object subsystem successfully closed.
[2017.03.29-10.25.17:648][153]LogD3D11RHI: Shutdown
[2017.03.29-10.25.17:661][153]LogD3D11RHI: CleanupD3DDevice
[2017.03.29-10.25.17:897][153]LogD3D11RHI: ~FD3D11DynamicRHI
[2017.03.29-10.25.18:945][153]LogHttp:Display: Http module shutting down, but needs to wait on 1 outstanding Http requests:
[2017.03.29-10.25.18:945][153]LogHttp:Display: 	verb=[POST] url=[https://datarouter.ol.epicgames.com/datarouter/api/v1/public/data?SessionID=%7B752C6067-4E5C-77CE-5A42-A7BDF2E0DF2A%7D&AppID=UEEditor.Rocket.Release&AppVersion=4.14.3-3249277%2B%2B%2BUE4%2BRelease-4.14&UserID=41ed778249ed24844dd23d85c474ffb0%7C91600aac168940c7ad6ecd8e89500ac8%7Ccca0cc25-fddf-495d-858a-6ebf4d9a36a6&AppEnvironment=datacollector-binary&UploadType=eteventstream] status=Processing
[2017.03.29-10.25.19:076][153]LogModuleManager: Shutting down and abandoning module MovieSceneCapture (244)
[2017.03.29-10.25.19:076][153]LogModuleManager: Shutting down and abandoning module HierarchicalLODOutliner (243)
[2017.03.29-10.25.19:087][153]LogModuleManager: Shutting down and abandoning module ExternalImagePicker (242)
[2017.03.29-10.25.19:087][153]LogModuleManager: Shutting down and abandoning module CrashTracker (241)
[2017.03.29-10.25.19:100][153]LogModuleManager: Shutting down and abandoning module SceneOutliner (240)
[2017.03.29-10.25.19:100][153]LogModuleManager: Shutting down and abandoning module WidgetCarousel (239)
[2017.03.29-10.25.19:100][153]LogModuleManager: Shutting down and abandoning module AddContentDialog (238)
[2017.03.29-10.25.19:126][153]LogDirectoryWatcher: A directory notification for 'C:/Program Files/Epic Games/UE_4.14/FeaturePacks/' was aborted.
[2017.03.29-10.25.19:133][153]LogModuleManager: Shutting down and abandoning module GameplayTags (237)
[2017.03.29-10.25.19:133][153]LogModuleManager: Shutting down and abandoning module EditorWidgets (236)
[2017.03.29-10.25.19:133][153]LogModuleManager: Shutting down and abandoning module CollectionManager (235)
[2017.03.29-10.25.19:140][153]LogDirectoryWatcher: A directory notification for 'C:/Users/Tristan/Documents/UniWork/comp140-gam160-game/SuhDude-Game/Content/Collections/' was aborted.
[2017.03.29-10.25.19:140][153]LogDirectoryWatcher: A directory notification for 'C:/Users/Tristan/Documents/UniWork/comp140-gam160-game/SuhDude-Game/Content/Developers/Tristan/Collections/' was aborted.
[2017.03.29-10.25.19:141][153]LogDirectoryWatcher: A directory notification for 'C:/Users/Tristan/Documents/UniWork/comp140-gam160-game/SuhDude-Game/Saved/Collections/' was aborted.
[2017.03.29-10.25.19:141][153]LogModuleManager: Shutting down and abandoning module StatsViewer (234)
[2017.03.29-10.25.19:145][153]LogModuleManager: Shutting down and abandoning module FoliageEdit (233)
[2017.03.29-10.25.19:156][153]LogModuleManager: Shutting down and abandoning module LandscapeEditor (232)
[2017.03.29-10.25.19:172][153]LogModuleManager: Shutting down and abandoning module SceneDepthPickerMode (231)
[2017.03.29-10.25.19:172][153]LogModuleManager: Shutting down and abandoning module ActorPickerMode (230)
[2017.03.29-10.25.19:172][153]LogModuleManager: Shutting down and abandoning module GeometryMode (229)
[2017.03.29-10.25.19:172][153]LogModuleManager: Shutting down and abandoning module TextureAlignMode (228)
[2017.03.29-10.25.19:172][153]LogModuleManager: Shutting down and abandoning module BspMode (227)
[2017.03.29-10.25.19:185][153]LogModuleManager: Shutting down and abandoning module HardwareSurvey (226)
[2017.03.29-10.25.19:193][153]LogModuleManager: Shutting down and abandoning module SequenceRecorderSections (225)
[2017.03.29-10.25.19:202][153]LogModuleManager: Shutting down and abandoning module AutomationWorker (224)
[2017.03.29-10.25.19:206][153]LogModuleManager: Shutting down and abandoning module MatineeToLevelSequence (223)
[2017.03.29-10.25.19:219][153]LogModuleManager: Shutting down and abandoning module PlacementMode (222)
[2017.03.29-10.25.19:235][153]LogModuleManager: Shutting down and abandoning module LevelSequenceEditor (221)
[2017.03.29-10.25.19:270][153]LogModuleManager: Shutting down and abandoning module WmfMediaFactory (220)
[2017.03.29-10.25.19:270][153]LogModuleManager: Shutting down and abandoning module WmfMediaEditor (219)
[2017.03.29-10.25.19:270][153]LogModuleManager: Shutting down and abandoning module AvfMediaFactory (218)
[2017.03.29-10.25.19:270][153]LogModuleManager: Shutting down and abandoning module AvfMediaEditor (217)
[2017.03.29-10.25.19:270][153]LogModuleManager: Shutting down and abandoning module Media (216)
[2017.03.29-10.25.19:270][153]LogModuleManager: Shutting down and abandoning module AndroidMediaFactory (215)
[2017.03.29-10.25.19:270][153]LogModuleManager: Shutting down and abandoning module AndroidMediaEditor (214)
[2017.03.29-10.25.19:270][153]LogModuleManager: Shutting down and abandoning module CharacterAI (213)
[2017.03.29-10.25.19:270][153]LogModuleManager: Shutting down and abandoning module SequenceRecorder (212)
[2017.03.29-10.25.19:316][153]LogModuleManager: Shutting down and abandoning module AudioCapture (211)
[2017.03.29-10.25.19:316][153]LogModuleManager: Shutting down and abandoning module SmartSnapping (210)
[2017.03.29-10.25.19:316][153]LogModuleManager: Shutting down and abandoning module SessionServices (209)
[2017.03.29-10.25.19:316][153]LogModuleManager: Shutting down and abandoning module ViewportSnapping (208)
[2017.03.29-10.25.19:316][153]LogModuleManager: Shutting down and abandoning module ViewportInteraction (207)
[2017.03.29-10.25.19:316][153]LogModuleManager: Shutting down and abandoning module LogVisualizer (206)
[2017.03.29-10.25.19:330][153]LogModuleManager: Shutting down and abandoning module GameProjectGeneration (205)
[2017.03.29-10.25.19:345][153]LogModuleManager: Shutting down and abandoning module IntroTutorials (204)
[2017.03.29-10.25.19:357][153]LogModuleManager: Shutting down and abandoning module EditorLiveStreaming (203)
[2017.03.29-10.25.19:357][153]LogModuleManager: Shutting down and abandoning module IOSPlatformEditor (202)
[2017.03.29-10.25.19:357][153]LogModuleManager: Shutting down and abandoning module HTML5PlatformEditor (201)
[2017.03.29-10.25.19:357][153]LogModuleManager: Shutting down and abandoning module AndroidDeviceDetection (200)
[2017.03.29-10.25.20:172][153]LogModuleManager: Shutting down and abandoning module AndroidPlatformEditor (199)
[2017.03.29-10.25.20:173][153]LogModuleManager: Shutting down and abandoning module IOSRuntimeSettings (198)
[2017.03.29-10.25.20:173][153]LogModuleManager: Shutting down and abandoning module AndroidRuntimeSettings (197)
[2017.03.29-10.25.20:173][153]LogModuleManager: Shutting down and abandoning module InputBindingEditor (196)
[2017.03.29-10.25.20:173][153]LogModuleManager: Shutting down and abandoning module NiagaraEditor (195)
[2017.03.29-10.25.20:239][153]LogModuleManager: Shutting down and abandoning module MergeActors (194)
[2017.03.29-10.25.20:301][153]LogModuleManager: Shutting down and abandoning module SizeMap (193)
[2017.03.29-10.25.20:305][153]LogModuleManager: Shutting down and abandoning module TreeMap (192)
[2017.03.29-10.25.20:412][153]LogModuleManager: Shutting down and abandoning module ReferenceViewer (191)
[2017.03.29-10.25.20:412][153]LogModuleManager: Shutting down and abandoning module LocalizationService (190)
[2017.03.29-10.25.20:438][153]LogModuleManager: Shutting down and abandoning module LocalizationDashboard (189)
[2017.03.29-10.25.20:469][153]LogModuleManager: Shutting down and abandoning module HardwareTargeting (188)
[2017.03.29-10.25.20:469][153]LogModuleManager: Shutting down and abandoning module DeviceProfileEditor (187)
[2017.03.29-10.25.20:481][153]LogModuleManager: Shutting down and abandoning module UndoHistory (186)
[2017.03.29-10.25.20:493][153]LogModuleManager: Shutting down and abandoning module UserFeedback (185)
[2017.03.29-10.25.20:493][153]LogModuleManager: Shutting down and abandoning module XmlParser (184)
[2017.03.29-10.25.20:507][153]LogModuleManager: Shutting down and abandoning module Blutility (183)
[2017.03.29-10.25.20:517][153]LogModuleManager: Shutting down and abandoning module ProjectTargetPlatformEditor (182)
[2017.03.29-10.25.20:517][153]LogModuleManager: Shutting down and abandoning module ProjectSettingsViewer (181)
[2017.03.29-10.25.20:517][153]LogModuleManager: Shutting down and abandoning module EditorSettingsViewer (180)
[2017.03.29-10.25.20:518][153]LogModuleManager: Shutting down and abandoning module SettingsEditor (179)
[2017.03.29-10.25.20:518][153]LogModuleManager: Shutting down and abandoning module ProjectLauncher (178)
[2017.03.29-10.25.20:537][153]LogModuleManager: Shutting down and abandoning module SessionFrontend (177)
[2017.03.29-10.25.20:548][153]LogModuleManager: Shutting down and abandoning module ProfilerClient (176)
[2017.03.29-10.25.20:555][153]LogModuleManager: Shutting down and abandoning module TargetDeviceServices (175)
[2017.03.29-10.25.20:562][153]LogModuleManager: Shutting down and abandoning module DeviceManager (174)
[2017.03.29-10.25.20:617][153]LogModuleManager: Shutting down and abandoning module AutomationController (173)
[2017.03.29-10.25.20:623][153]LogModuleManager: Shutting down and abandoning module AutomationWindow (172)
[2017.03.29-10.25.20:645][153]LogModuleManager: Shutting down and abandoning module Layers (171)
[2017.03.29-10.25.20:665][153]LogModuleManager: Shutting down and abandoning module ComponentVisualizers (170)
[2017.03.29-10.25.20:665][153]LogModuleManager: Shutting down and abandoning module DetailCustomizations (169)
[2017.03.29-10.25.20:670][153]LogModuleManager: Shutting down and abandoning module PackagesDialog (168)
[2017.03.29-10.25.20:670][153]LogModuleManager: Shutting down and abandoning module AnimGraph (167)
[2017.03.29-10.25.20:670][153]LogModuleManager: Shutting down and abandoning module Persona (166)
[2017.03.29-10.25.20:689][153]LogModuleManager: Shutting down and abandoning module Kismet (165)
[2017.03.29-10.25.20:691][153]LogModuleManager: Shutting down and abandoning module GraphEditor (164)
[2017.03.29-10.25.20:741][153]LogModuleManager: Shutting down and abandoning module ClassViewer (163)
[2017.03.29-10.25.20:753][153]LogModuleManager: Shutting down and abandoning module Toolbox (162)
[2017.03.29-10.25.20:755][153]LogModuleManager: Shutting down and abandoning module ModuleUI (161)
[2017.03.29-10.25.20:766][153]LogModuleManager: Shutting down and abandoning module MovieSceneTools (160)
[2017.03.29-10.25.20:784][153]LogModuleManager: Shutting down and abandoning module OutputLog (159)
[2017.03.29-10.25.20:802][153]LogModuleManager: Shutting down and abandoning module GammaUI (158)
[2017.03.29-10.25.20:818][153]LogModuleManager: Shutting down and abandoning module Documentation (157)
[2017.03.29-10.25.20:818][153]LogModuleManager: Shutting down and abandoning module Niagara (156)
[2017.03.29-10.25.20:818][153]LogModuleManager: Shutting down and abandoning module StreamingPauseRendering (155)
[2017.03.29-10.25.20:818][153]LogModuleManager: Shutting down and abandoning module AnalyticsET (154)
[2017.03.29-10.25.20:818][153]LogModuleManager: Shutting down and abandoning module PortalServices (153)
[2017.03.29-10.25.20:818][153]LogModuleManager: Shutting down and abandoning module PortalRpc (152)
[2017.03.29-10.25.20:818][153]LogModuleManager: Shutting down and abandoning module MessagingRpc (151)
[2017.03.29-10.25.20:818][153]LogModuleManager: Shutting down and abandoning module GameplayDebugger (150)
[2017.03.29-10.25.20:818][153]LogModuleManager: Shutting down and abandoning module AITestSuite (149)
[2017.03.29-10.25.20:827][153]LogModuleManager: Shutting down and abandoning module AIModule (148)
[2017.03.29-10.25.20:827][153]LogModuleManager: Shutting down and abandoning module ProfilerService (147)
[2017.03.29-10.25.20:934][153]LogModuleManager: Shutting down and abandoning module TaskGraph (146)
[2017.03.29-10.25.20:942][153]LogModuleManager: Shutting down and abandoning module SlateRemote (145)
[2017.03.29-10.25.20:943][153]LogModuleManager: Shutting down and abandoning module SteamVRController (144)
[2017.03.29-10.25.20:943][153]LogModuleManager: Shutting down and abandoning module SteamVR (143)
[2017.03.29-10.25.20:943][153]LogModuleManager: Shutting down and abandoning module ProceduralMeshComponentEditor (142)
[2017.03.29-10.25.20:954][153]LogModuleManager: Shutting down and abandoning module ProceduralMeshComponent (141)
[2017.03.29-10.25.20:961][153]LogModuleManager: Shutting down and abandoning module OculusLibrary (140)
[2017.03.29-10.25.20:961][153]LogModuleManager: Shutting down and abandoning module OculusInput (139)
[2017.03.29-10.25.20:961][153]LogModuleManager: Shutting down and abandoning module MobilePatchingUtils (138)
[2017.03.29-10.25.20:961][153]LogModuleManager: Shutting down and abandoning module CustomMeshComponent (137)
[2017.03.29-10.25.20:961][153]LogModuleManager: Shutting down and abandoning module CableComponent (136)
[2017.03.29-10.25.20:970][153]LogModuleManager: Shutting down and abandoning module ArchVisCharacter (135)
[2017.03.29-10.25.20:970][153]LogModuleManager: Shutting down and abandoning module MediaPlayerEditor (133)
[2017.03.29-10.25.20:991][153]LogModuleManager: Shutting down and abandoning module HTML5Networking (132)
[2017.03.29-10.25.20:991][153]LogModuleManager: Shutting down and abandoning module GeometryCacheEd (131)
[2017.03.29-10.25.20:991][153]LogModuleManager: Shutting down and abandoning module GeometryCache (130)
[2017.03.29-10.25.20:991][153]LogModuleManager: Shutting down and abandoning module AlembicLibrary (129)
[2017.03.29-10.25.21:004][153]LogModuleManager: Shutting down and abandoning module AlembicImporter (128)
[2017.03.29-10.25.21:012][153]LogModuleManager: Shutting down and abandoning module SuperSearch (127)
[2017.03.29-10.25.21:012][153]LogModuleManager: Shutting down and abandoning module SuperSearchEditor (126)
[2017.03.29-10.25.21:012][153]LogModuleManager: Shutting down and abandoning module SpeedTreeImporter (125)
[2017.03.29-10.25.21:012][153]LogModuleManager: Shutting down and abandoning module PluginBrowser (124)
[2017.03.29-10.25.21:020][153]LogModuleManager: Shutting down and abandoning module MobileLauncherProfileWizard (123)
[2017.03.29-10.25.21:043][153]LogModuleManager: Shutting down and abandoning module EpicSurvey (122)
[2017.03.29-10.25.21:049][153]LogModuleManager: Shutting down and abandoning module DesktopPlatform (121)
[2017.03.29-10.25.21:063][153]LogModuleManager: Shutting down and abandoning module VisualStudioSourceCodeAccess (120)
[2017.03.29-10.25.21:075][153]LogModuleManager: Shutting down and abandoning module UObjectPlugin (119)
[2017.03.29-10.25.21:075][153]LogModuleManager: Shutting down and abandoning module SubversionSourceControl (118)
[2017.03.29-10.25.21:106][153]LogModuleManager: Shutting down and abandoning module PerforceSourceControl (117)
[2017.03.29-10.25.21:119][153]LogModuleManager: Shutting down and abandoning module SourceControl (116)
[2017.03.29-10.25.21:129][153]LogModuleManager: Shutting down and abandoning module GitSourceControl (115)
[2017.03.29-10.25.21:142][153]LogModuleManager: Shutting down and abandoning module LightPropagationVolumeEditor (114)
[2017.03.29-10.25.21:142][153]LogModuleManager: Shutting down and abandoning module PaperTiledImporter (113)
[2017.03.29-10.25.21:147][153]LogModuleManager: Shutting down and abandoning module PaperSpriteSheetImporter (112)
[2017.03.29-10.25.21:147][153]LogModuleManager: Shutting down and abandoning module MeshPaint (111)
[2017.03.29-10.25.21:147][153]LogModuleManager: Shutting down and abandoning module PixelInspectorModule (110)
[2017.03.29-10.25.21:161][153]LogModuleManager: Shutting down and abandoning module HotReload (109)
[2017.03.29-10.25.21:161][153]LogDirectoryWatcher: A directory notification for 'C:/Users/Tristan/Documents/UniWork/comp140-gam160-game/SuhDude-Game/Binaries/Win64' was aborted.
[2017.03.29-10.25.21:162][153]LogModuleManager: Shutting down and abandoning module MainFrame (108)
[2017.03.29-10.25.21:162][153]LogModuleManager: Shutting down and abandoning module LevelEditor (107)
[2017.03.29-10.25.21:186][153]LogModuleManager: Shutting down and abandoning module ContentBrowser (106)
[2017.03.29-10.25.21:188][153]LogModuleManager: Shutting down and abandoning module Paper2DEditor (105)
[2017.03.29-10.25.21:207][153]LogModuleManager: Shutting down and abandoning module SuhDude (104)
[2017.03.29-10.25.21:207][153]LogModuleManager: Shutting down and abandoning module UdpMessaging (103)
[2017.03.29-10.25.21:308][153]LogModuleManager: Shutting down and abandoning module TcpMessaging (102)
[2017.03.29-10.25.21:423][153]LogModuleManager: Shutting down and abandoning module LightPropagationVolumeRuntime (101)
[2017.03.29-10.25.21:423][153]LogModuleManager: Shutting down and abandoning module Paper2D (100)
[2017.03.29-10.25.21:436][153]LogModuleManager: Shutting down and abandoning module WindowsMoviePlayer (99)
[2017.03.29-10.25.21:446][153]LogModuleManager: Shutting down and abandoning module WmfMedia (98)
[2017.03.29-10.25.21:457][153]LogModuleManager: Shutting down and abandoning module MediaAssets (97)
[2017.03.29-10.25.21:457][153]LogModuleManager: Shutting down and abandoning module GameLiveStreaming (96)
[2017.03.29-10.25.21:465][153]LogModuleManager: Shutting down and abandoning module GameplayTagsEditor (95)
[2017.03.29-10.25.21:465][153]LogModuleManager: Shutting down and abandoning module VREditor (94)
[2017.03.29-10.25.21:465][153]LogModuleManager: Shutting down and abandoning module GameplayTasksEditor (93)
[2017.03.29-10.25.21:465][153]LogModuleManager: Shutting down and abandoning module BehaviorTreeEditor (92)
[2017.03.29-10.25.21:487][153]LogModuleManager: Shutting down and abandoning module FunctionalTesting (91)
[2017.03.29-10.25.21:492][153]LogModuleManager: Shutting down and abandoning module CollisionAnalyzer (90)
[2017.03.29-10.25.21:501][153]LogModuleManager: Shutting down and abandoning module Sequencer (89)
[2017.03.29-10.25.21:530][153]LogModuleManager: Shutting down and abandoning module WorkspaceMenuStructure (88)
[2017.03.29-10.25.21:531][153]LogModuleManager: Shutting down and abandoning module MessageLog (87)
[2017.03.29-10.25.21:531][153]LogModuleManager: Shutting down and abandoning module AssetTools (86)
[2017.03.29-10.25.21:565][153]LogModuleManager: Shutting down and abandoning module UMGEditor (85)
[2017.03.29-10.25.21:590][153]LogModuleManager: Shutting down and abandoning module UMG (84)
[2017.03.29-10.25.21:591][153]LogModuleManager: Shutting down and abandoning module SlateReflector (83)
[2017.03.29-10.25.21:622][153]LogModuleManager: Shutting down and abandoning module Slate (82)
[2017.03.29-10.25.21:622][153]LogModuleManager: Shutting down and abandoning module EditorStyle (81)
[2017.03.29-10.25.21:644][153]LogModuleManager: Shutting down and abandoning module SourceCodeAccess (80)
[2017.03.29-10.25.21:644][153]LogModuleManager: Shutting down and abandoning module HeadMountedDisplay (79)
[2017.03.29-10.25.21:644][153]LogModuleManager: Shutting down and abandoning module XAudio2 (78)
[2017.03.29-10.25.21:645][153]LogModuleManager: Shutting down and abandoning module Networking (76)
[2017.03.29-10.25.21:645][153]LogModuleManager: Shutting down and abandoning module Core (75)
[2017.03.29-10.25.21:645][153]LogModuleManager: Shutting down and abandoning module DirectoryWatcher (74)
[2017.03.29-10.25.21:645][153]LogDirectoryWatcher: A directory notification for '../../../Engine/Content/' was aborted.
[2017.03.29-10.25.21:645][153]LogDirectoryWatcher: A directory notification for '../../../../../../Users/Tristan/Documents/UniWork/comp140-gam160-game/SuhDude-Game/Content/' was aborted.
[2017.03.29-10.25.21:646][153]LogDirectoryWatcher: A directory notification for '../../../Engine/Plugins/2D/Paper2D/Content/' was aborted.
[2017.03.29-10.25.21:650][153]LogModuleManager: Shutting down and abandoning module AssetRegistry (73)
[2017.03.29-10.25.21:874][153]LogModuleManager: Shutting down and abandoning module KismetCompiler (72)
[2017.03.29-10.25.21:874][153]LogModuleManager: Shutting down and abandoning module PhysXFormats (71)
[2017.03.29-10.25.21:883][153]LogModuleManager: Shutting down and abandoning module SimplygonSwarm (70)
[2017.03.29-10.25.21:895][153]LogModuleManager: Shutting down and abandoning module SimplygonMeshReduction (69)
[2017.03.29-10.25.21:911][153]LogModuleManager: Shutting down and abandoning module QuadricMeshReduction (68)
[2017.03.29-10.25.21:925][153]LogModuleManager: Shutting down and abandoning module PropertyEditor (67)
[2017.03.29-10.25.21:925][153]LogModuleManager: Shutting down and abandoning module MeshUtilities (66)
[2017.03.29-10.25.21:954][153]LogModuleManager: Shutting down and abandoning module DerivedDataCache (65)
[2017.03.29-10.25.22:061][153]LogDerivedDataCache: Shutdown
[2017.03.29-10.25.22:070][153]LogModuleManager: Shutting down and abandoning module VulkanShaderFormat (64)
[2017.03.29-10.25.22:087][153]LogModuleManager: Shutting down and abandoning module ShaderFormatOpenGL (63)
[2017.03.29-10.25.22:116][153]LogModuleManager: Shutting down and abandoning module ShaderFormatD3D (62)
[2017.03.29-10.25.22:152][153]LogModuleManager: Shutting down and abandoning module MetalShaderFormat (61)
[2017.03.29-10.25.22:191][153]LogModuleManager: Shutting down and abandoning module TextureFormatUncompressed (60)
[2017.03.29-10.25.22:191][153]LogModuleManager: Shutting down and abandoning module TextureFormatPVR (59)
[2017.03.29-10.25.22:210][153]LogModuleManager: Shutting down and abandoning module TextureFormatDXT (58)
[2017.03.29-10.25.22:259][153]LogModuleManager: Shutting down and abandoning module TextureFormatIntelISPCTexComp (57)
[2017.03.29-10.25.22:282][153]LogModuleManager: Shutting down and abandoning module ImageWrapper (56)
[2017.03.29-10.25.22:282][153]LogModuleManager: Shutting down and abandoning module TextureFormatASTC (55)
[2017.03.29-10.25.22:282][153]LogModuleManager: Shutting down and abandoning module TextureFormatAndroid (54)
[2017.03.29-10.25.22:282][153]LogModuleManager: Shutting down and abandoning module AudioFormatOpus (53)
[2017.03.29-10.25.22:308][153]LogModuleManager: Shutting down and abandoning module AudioFormatOgg (52)
[2017.03.29-10.25.22:327][153]LogModuleManager: Shutting down and abandoning module AudioFormatADPCM (51)
[2017.03.29-10.25.22:327][153]LogModuleManager: Shutting down and abandoning module LinuxTargetPlatform (50)
[2017.03.29-10.25.22:327][153]LogModuleManager: Shutting down and abandoning module LinuxServerTargetPlatform (49)
[2017.03.29-10.25.22:350][153]LogModuleManager: Shutting down and abandoning module LinuxNoEditorTargetPlatform (48)
[2017.03.29-10.25.22:350][153]LogModuleManager: Shutting down and abandoning module LinuxClientTargetPlatform (47)
[2017.03.29-10.25.22:363][153]LogModuleManager: Shutting down and abandoning module TVOSTargetPlatform (46)
[2017.03.29-10.25.22:363][153]LogModuleManager: Shutting down and abandoning module Messaging (45)
[2017.03.29-10.25.22:363][153]LogModuleManager: Shutting down and abandoning module IOSTargetPlatform (44)
[2017.03.29-10.25.22:363][153]LogModuleManager: Shutting down and abandoning module HTML5TargetPlatform (43)
[2017.03.29-10.25.22:364][153]LogModuleManager: Shutting down and abandoning module Android_PVRTCTargetPlatform (42)
[2017.03.29-10.25.22:364][153]LogModuleManager: Shutting down and abandoning module Android_MultiTargetPlatform (41)
[2017.03.29-10.25.22:364][153]LogModuleManager: Shutting down and abandoning module Android_ETC2TargetPlatform (40)
[2017.03.29-10.25.22:364][153]LogModuleManager: Shutting down and abandoning module Android_ETC1TargetPlatform (39)
[2017.03.29-10.25.22:364][153]LogModuleManager: Shutting down and abandoning module Android_DXTTargetPlatform (38)
[2017.03.29-10.25.22:364][153]LogModuleManager: Shutting down and abandoning module Android_ATCTargetPlatform (37)
[2017.03.29-10.25.22:364][153]LogModuleManager: Shutting down and abandoning module Android_ASTCTargetPlatform (36)
[2017.03.29-10.25.22:364][153]LogModuleManager: Shutting down and abandoning module AndroidTargetPlatform (35)
[2017.03.29-10.25.22:364][153]LogModuleManager: Shutting down and abandoning module WindowsTargetPlatform (34)
[2017.03.29-10.25.22:364][153]LogModuleManager: Shutting down and abandoning module WindowsServerTargetPlatform (33)
[2017.03.29-10.25.22:382][153]LogModuleManager: Shutting down and abandoning module WindowsNoEditorTargetPlatform (32)
[2017.03.29-10.25.22:414][153]LogModuleManager: Shutting down and abandoning module WindowsClientTargetPlatform (31)
[2017.03.29-10.25.22:437][153]LogModuleManager: Shutting down and abandoning module MacTargetPlatform (30)
[2017.03.29-10.25.22:437][153]LogModuleManager: Shutting down and abandoning module MacServerTargetPlatform (29)
[2017.03.29-10.25.22:437][153]LogModuleManager: Shutting down and abandoning module MacNoEditorTargetPlatform (28)
[2017.03.29-10.25.22:437][153]LogModuleManager: Shutting down and abandoning module MacClientTargetPlatform (27)
[2017.03.29-10.25.22:437][153]LogModuleManager: Shutting down and abandoning module AllDesktopTargetPlatform (26)
[2017.03.29-10.25.22:437][153]LogModuleManager: Shutting down and abandoning module TargetPlatform (25)
[2017.03.29-10.25.22:437][153]LogModuleManager: Shutting down and abandoning module InputCore (24)
[2017.03.29-10.25.22:437][153]LogModuleManager: Shutting down and abandoning module Settings (23)
[2017.03.29-10.25.22:455][153]LogModuleManager: Shutting down and abandoning module OculusRift (22)
[2017.03.29-10.25.22:470][153]LogModuleManager: Shutting down and abandoning module ExampleDeviceProfileSelector (21)
[2017.03.29-10.25.22:470][153]LogModuleManager: Shutting down and abandoning module OnlineBlueprintSupport (20)
[2017.03.29-10.25.22:470][153]LogModuleManager: Shutting down and abandoning module OnlineSubsystem (18)
[2017.03.29-10.25.22:470][153]LogOnline:Display: Unloading online subsystem: NULL
[2017.03.29-10.25.22:498][153]LogModuleManager: Shutting down and abandoning module SSL (17)
[2017.03.29-10.25.22:510][153]LogModuleManager: Shutting down and abandoning module HTTP (16)
[2017.03.29-10.25.22:510][153]LogModuleManager: Shutting down and abandoning module XMPP (15)
[2017.03.29-10.25.22:523][153]LogModuleManager: Shutting down and abandoning module TextureCompressor (14)
[2017.03.29-10.25.22:550][153]LogModuleManager: Shutting down and abandoning module ShaderCore (13)
[2017.03.29-10.25.22:550][153]LogModuleManager: Shutting down and abandoning module Landscape (12)
[2017.03.29-10.25.22:550][153]LogModuleManager: Shutting down and abandoning module SlateRHIRenderer (11)
[2017.03.29-10.25.22:586][153]LogModuleManager: Shutting down and abandoning module OpenGLDrv (10)
[2017.03.29-10.25.22:591][153]LogModuleManager: Shutting down and abandoning module D3D11RHI (9)
[2017.03.29-10.25.22:591][153]LogModuleManager: Shutting down and abandoning module AnimGraphRuntime (8)
[2017.03.29-10.25.22:602][153]LogModuleManager: Shutting down and abandoning module Renderer (7)
[2017.03.29-10.25.22:612][153]LogModuleManager: Shutting down and abandoning module Engine (6)
[2017.03.29-10.25.22:612][153]LogModuleManager: Shutting down and abandoning module CoreUObject (5)
[2017.03.29-10.25.22:612][153]LogModuleManager: Shutting down and abandoning module NetworkFile (4)
[2017.03.29-10.25.22:620][153]LogModuleManager: Shutting down and abandoning module StreamingFile (3)
[2017.03.29-10.25.22:644][153]LogModuleManager: Shutting down and abandoning module SandboxFile (2)
[2017.03.29-10.25.22:644][153]LogModuleManager: Shutting down and abandoning module PakFile (1)
[2017.03.29-10.25.22:671][153]LogExit: Exiting.
[2017.03.29-10.25.22:697][153]Log file closed, 03/29/17 11:25:22
