Log file open, 03/20/17 12:59:16
LogInit:Display: Running engine for game: SuhDude
LogPlatformFile: Not using cached read wrapper
LogInit:Display: RandInit(746675147) SRandInit(746675147).
LogTaskGraph: Started task graph with 5 named threads and 6 total threads with 1 sets of task threads.
LogStats: Stats thread started at 0.061516
LogPluginManager: Loaded Plugin Paper2D, From C:/Program Files/Epic Games/UE_4.14/Engine/Plugins/2D/Paper2D/Paper2D.uplugin
LogPluginManager: Loaded Plugin LightPropagationVolume, From C:/Program Files/Epic Games/UE_4.14/Engine/Plugins/Blendables/LightPropagationVolume/LightPropagationVolume.uplugin
LogPluginManager: Loaded Plugin BlankPlugin, From C:/Program Files/Epic Games/UE_4.14/Engine/Plugins/Developer/BlankPlugin/BlankPlugin.uplugin
LogPluginManager: Loaded Plugin CodeLiteSourceCodeAccess, From C:/Program Files/Epic Games/UE_4.14/Engine/Plugins/Developer/CodeLiteSourceCodeAccess/CodeLiteSourceCodeAccess.uplugin
LogPluginManager: Loaded Plugin GitSourceControl, From C:/Program Files/Epic Games/UE_4.14/Engine/Plugins/Developer/GitSourceControl/GitSourceControl.uplugin
LogPluginManager: Loaded Plugin KDevelopSourceCodeAccess, From C:/Program Files/Epic Games/UE_4.14/Engine/Plugins/Developer/KDevelopSourceCodeAccess/KDevelopSourceCodeAccess.uplugin
LogPluginManager: Loaded Plugin NullSourceCodeAccess, From C:/Program Files/Epic Games/UE_4.14/Engine/Plugins/Developer/NullSourceCodeAccess/NullSourceCodeAccess.uplugin
LogPluginManager: Loaded Plugin OneSkyLocalizationService, From C:/Program Files/Epic Games/UE_4.14/Engine/Plugins/Developer/OneSkyLocalizationService/OneSkyLocalizationService.uplugin
LogPluginManager: Loaded Plugin PerforceSourceControl, From C:/Program Files/Epic Games/UE_4.14/Engine/Plugins/Developer/PerforceSourceControl/PerforceSourceControl.uplugin
LogPluginManager: Loaded Plugin SubversionSourceControl, From C:/Program Files/Epic Games/UE_4.14/Engine/Plugins/Developer/SubversionSourceControl/SubversionSourceControl.uplugin
LogPluginManager: Loaded Plugin UObjectPlugin, From C:/Program Files/Epic Games/UE_4.14/Engine/Plugins/Developer/UObjectPlugin/UObjectPlugin.uplugin
LogPluginManager: Loaded Plugin VisualStudioSourceCodeAccess, From C:/Program Files/Epic Games/UE_4.14/Engine/Plugins/Developer/VisualStudioSourceCodeAccess/VisualStudioSourceCodeAccess.uplugin
LogPluginManager: Loaded Plugin XCodeSourceCodeAccess, From C:/Program Files/Epic Games/UE_4.14/Engine/Plugins/Developer/XCodeSourceCodeAccess/XCodeSourceCodeAccess.uplugin
LogPluginManager: Loaded Plugin AudioCapture, From C:/Program Files/Epic Games/UE_4.14/Engine/Plugins/Editor/AudioCapture/AudioCapture.uplugin
LogPluginManager: Loaded Plugin EpicSurvey, From C:/Program Files/Epic Games/UE_4.14/Engine/Plugins/Editor/EpicSurvey/EpicSurvey.uplugin
LogPluginManager: Loaded Plugin MacGraphicsSwitching, From C:/Program Files/Epic Games/UE_4.14/Engine/Plugins/Editor/MacGraphicsSwitching/MacGraphicsSwitching.uplugin
LogPluginManager: Loaded Plugin MobileLauncherProfileWizard, From C:/Program Files/Epic Games/UE_4.14/Engine/Plugins/Editor/MobileLauncherProfileWizard/MobileLauncherProfileWizard.uplugin
LogPluginManager: Loaded Plugin PluginBrowser, From C:/Program Files/Epic Games/UE_4.14/Engine/Plugins/Editor/PluginBrowser/PluginBrowser.uplugin
LogPluginManager: Loaded Plugin SpeedTreeImporter, From C:/Program Files/Epic Games/UE_4.14/Engine/Plugins/Editor/SpeedTreeImporter/SpeedTreeImporter.uplugin
LogPluginManager: Loaded Plugin SuperSearchEditor, From C:/Program Files/Epic Games/UE_4.14/Engine/Plugins/Editor/SuperSearchEditor/SuperSearchEditor.uplugin
LogPluginManager: Loaded Plugin AlembicImporter, From C:/Program Files/Epic Games/UE_4.14/Engine/Plugins/Experimental/AlembicImporter/AlembicImporter.uplugin
LogPluginManager: Loaded Plugin BlueprintStats, From C:/Program Files/Epic Games/UE_4.14/Engine/Plugins/Experimental/BlueprintStats/BlueprintStats.uplugin
LogPluginManager: Loaded Plugin CharacterAI, From C:/Program Files/Epic Games/UE_4.14/Engine/Plugins/Experimental/CharacterAI/CharacterAI.uplugin
LogPluginManager: Loaded Plugin CodeEditor, From C:/Program Files/Epic Games/UE_4.14/Engine/Plugins/Experimental/CodeEditor/CodeEditor.uplugin
LogPluginManager: Loaded Plugin CodeView, From C:/Program Files/Epic Games/UE_4.14/Engine/Plugins/Experimental/CodeView/CodeView.uplugin
LogPluginManager: Loaded Plugin HTML5Networking, From C:/Program Files/Epic Games/UE_4.14/Engine/Plugins/Experimental/HTML5Networking/HTML5Networking.uplugin
LogPluginManager: Loaded Plugin OSVR, From C:/Program Files/Epic Games/UE_4.14/Engine/Plugins/Experimental/OSVR/OSVR.uplugin
LogPluginManager: Loaded Plugin Phya, From C:/Program Files/Epic Games/UE_4.14/Engine/Plugins/Experimental/Phya/Phya.uplugin
LogPluginManager: Loaded Plugin SignificanceManager, From C:/Program Files/Epic Games/UE_4.14/Engine/Plugins/Experimental/SignificanceManager/SignificanceManager.uplugin
LogPluginManager: Loaded Plugin SimpleHMD, From C:/Program Files/Epic Games/UE_4.14/Engine/Plugins/Experimental/SimpleHMD/SimpleHMD.uplugin
LogPluginManager: Loaded Plugin StereoPanorama, From C:/Program Files/Epic Games/UE_4.14/Engine/Plugins/Experimental/StereoPanorama/StereoPanorama.uplugin
LogPluginManager: Loaded Plugin StructBox, From C:/Program Files/Epic Games/UE_4.14/Engine/Plugins/Experimental/StructBox/StructBox.uplugin
LogPluginManager: Loaded Plugin AndroidMedia, From C:/Program Files/Epic Games/UE_4.14/Engine/Plugins/Media/AndroidMedia/AndroidMedia.uplugin
LogPluginManager: Loaded Plugin AvfMedia, From C:/Program Files/Epic Games/UE_4.14/Engine/Plugins/Media/AvfMedia/AvfMedia.uplugin
LogPluginManager: Loaded Plugin MediaPlayerEditor, From C:/Program Files/Epic Games/UE_4.14/Engine/Plugins/Media/MediaPlayerEditor/MediaPlayerEditor.uplugin
LogPluginManager: Loaded Plugin WmfMedia, From C:/Program Files/Epic Games/UE_4.14/Engine/Plugins/Media/WmfMedia/WmfMedia.uplugin
LogPluginManager: Loaded Plugin MessagingDebugger, From C:/Program Files/Epic Games/UE_4.14/Engine/Plugins/Messaging/MessagingDebugger/MessagingDebugger.uplugin
LogPluginManager: Loaded Plugin TcpMessaging, From C:/Program Files/Epic Games/UE_4.14/Engine/Plugins/Messaging/TcpMessaging/TcpMessaging.uplugin
LogPluginManager: Loaded Plugin UdpMessaging, From C:/Program Files/Epic Games/UE_4.14/Engine/Plugins/Messaging/UdpMessaging/UdpMessaging.uplugin
LogPluginManager: Loaded Plugin LevelSequenceEditor, From C:/Program Files/Epic Games/UE_4.14/Engine/Plugins/MovieScene/LevelSequenceEditor/LevelSequenceEditor.uplugin
LogPluginManager: Loaded Plugin MatineeToLevelSequence, From C:/Program Files/Epic Games/UE_4.14/Engine/Plugins/MovieScene/MatineeToLevelSequence/MatineeToLevelSequence.uplugin
LogPluginManager: Loaded Plugin NetcodeUnitTest, From C:/Program Files/Epic Games/UE_4.14/Engine/Plugins/NetcodeUnitTest/NetcodeUnitTest/NetcodeUnitTest.uplugin
LogPluginManager: Loaded Plugin NUTUnrealEngine4, From C:/Program Files/Epic Games/UE_4.14/Engine/Plugins/NetcodeUnitTest/NUTUnrealEngine4/NUTUnrealEngine4.uplugin
LogPluginManager: Loaded Plugin OnlineSubsystemGameCircle, From C:/Program Files/Epic Games/UE_4.14/Engine/Plugins/Online/Android/OnlineSubsystemGameCircle/OnlineSubsystemGameCircle.uplugin
LogPluginManager: Loaded Plugin OnlineSubsystemGooglePlay, From C:/Program Files/Epic Games/UE_4.14/Engine/Plugins/Online/Android/OnlineSubsystemGooglePlay/OnlineSubsystemGooglePlay.uplugin
LogPluginManager: Loaded Plugin OnlineSubsystemIOS, From C:/Program Files/Epic Games/UE_4.14/Engine/Plugins/Online/IOS/OnlineSubsystemIOS/OnlineSubsystemIOS.uplugin
LogPluginManager: Loaded Plugin OnlineFramework, From C:/Program Files/Epic Games/UE_4.14/Engine/Plugins/Online/OnlineFramework/OnlineFramework.uplugin
LogPluginManager: Loaded Plugin OnlineSubsystem, From C:/Program Files/Epic Games/UE_4.14/Engine/Plugins/Online/OnlineSubsystem/OnlineSubsystem.uplugin
LogPluginManager: Loaded Plugin OnlineSubsystemAmazon, From C:/Program Files/Epic Games/UE_4.14/Engine/Plugins/Online/OnlineSubsystemAmazon/OnlineSubsystemAmazon.uplugin
LogPluginManager: Loaded Plugin OnlineSubsystemFacebook, From C:/Program Files/Epic Games/UE_4.14/Engine/Plugins/Online/OnlineSubsystemFacebook/OnlineSubsystemFacebook.uplugin
LogPluginManager: Loaded Plugin OnlineSubsystemNull, From C:/Program Files/Epic Games/UE_4.14/Engine/Plugins/Online/OnlineSubsystemNull/OnlineSubsystemNull.uplugin
LogPluginManager: Loaded Plugin OnlineSubsystemOculus, From C:/Program Files/Epic Games/UE_4.14/Engine/Plugins/Online/OnlineSubsystemOculus/OnlineSubsystemOculus.uplugin
LogPluginManager: Loaded Plugin OnlineSubsystemSteam, From C:/Program Files/Epic Games/UE_4.14/Engine/Plugins/Online/OnlineSubsystemSteam/OnlineSubsystemSteam.uplugin
LogPluginManager: Loaded Plugin OnlineSubsystemUtils, From C:/Program Files/Epic Games/UE_4.14/Engine/Plugins/Online/OnlineSubsystemUtils/OnlineSubsystemUtils.uplugin
LogPluginManager: Loaded Plugin IOSTapJoy, From C:/Program Files/Epic Games/UE_4.14/Engine/Plugins/Runtime/Advertising/IOSTapJoy/IOSTapJoy.uplugin
LogPluginManager: Loaded Plugin AnalyticsBlueprintLibrary, From C:/Program Files/Epic Games/UE_4.14/Engine/Plugins/Runtime/Analytics/AnalyticsBlueprintLibrary/AnalyticsBlueprintLibrary.uplugin
LogPluginManager: Loaded Plugin AnalyticsMulticast, From C:/Program Files/Epic Games/UE_4.14/Engine/Plugins/Runtime/Analytics/AnalyticsMulticast/AnalyticsMulticast.uplugin
LogPluginManager: Loaded Plugin Apsalar, From C:/Program Files/Epic Games/UE_4.14/Engine/Plugins/Runtime/Analytics/Apsalar/Apsalar.uplugin
LogPluginManager: Loaded Plugin FileLogging, From C:/Program Files/Epic Games/UE_4.14/Engine/Plugins/Runtime/Analytics/FileLogging/FileLogging.uplugin
LogPluginManager: Loaded Plugin Flurry, From C:/Program Files/Epic Games/UE_4.14/Engine/Plugins/Runtime/Analytics/Flurry/Flurry.uplugin
LogPluginManager: Loaded Plugin AndroidDeviceProfileSelector, From C:/Program Files/Epic Games/UE_4.14/Engine/Plugins/Runtime/AndroidDeviceProfileSelector/AndroidDeviceProfileSelector.uplugin
LogPluginManager: Loaded Plugin AndroidMoviePlayer, From C:/Program Files/Epic Games/UE_4.14/Engine/Plugins/Runtime/AndroidMoviePlayer/AndroidMoviePlayer.uplugin
LogPluginManager: Loaded Plugin AppleMoviePlayer, From C:/Program Files/Epic Games/UE_4.14/Engine/Plugins/Runtime/AppleMoviePlayer/AppleMoviePlayer.uplugin
LogPluginManager: Loaded Plugin ArchVisCharacter, From C:/Program Files/Epic Games/UE_4.14/Engine/Plugins/Runtime/ArchVisCharacter/ArchVisCharacter.uplugin
LogPluginManager: Loaded Plugin CableComponent, From C:/Program Files/Epic Games/UE_4.14/Engine/Plugins/Runtime/CableComponent/CableComponent.uplugin
LogPluginManager: Loaded Plugin CustomMeshComponent, From C:/Program Files/Epic Games/UE_4.14/Engine/Plugins/Runtime/CustomMeshComponent/CustomMeshComponent.uplugin
LogPluginManager: Loaded Plugin ExampleDeviceProfileSelector, From C:/Program Files/Epic Games/UE_4.14/Engine/Plugins/Runtime/ExampleDeviceProfileSelector/ExampleDeviceProfileSelector.uplugin
LogPluginManager: Loaded Plugin GearVR, From C:/Program Files/Epic Games/UE_4.14/Engine/Plugins/Runtime/GearVR/GearVR.uplugin
LogPluginManager: Loaded Plugin GoogleVRController, From C:/Program Files/Epic Games/UE_4.14/Engine/Plugins/Runtime/GoogleVR/GoogleVRController/GoogleVRController.uplugin
LogPluginManager: Loaded Plugin GoogleVRHMD, From C:/Program Files/Epic Games/UE_4.14/Engine/Plugins/Runtime/GoogleVR/GoogleVRHMD/GoogleVRHMD.uplugin
LogPluginManager: Loaded Plugin IOSDeviceProfileSelector, From C:/Program Files/Epic Games/UE_4.14/Engine/Plugins/Runtime/IOSDeviceProfileSelector/IOSDeviceProfileSelector.uplugin
LogPluginManager: Loaded Plugin LeapMotion, From C:/Program Files/Epic Games/UE_4.14/Engine/Plugins/Runtime/LeapMotion/LeapMotion.uplugin
LogPluginManager: Loaded Plugin LinuxDeviceProfileSelector, From C:/Program Files/Epic Games/UE_4.14/Engine/Plugins/Runtime/LinuxDeviceProfileSelector/LinuxDeviceProfileSelector.uplugin
LogPluginManager: Loaded Plugin MIDIDevice, From C:/Program Files/Epic Games/UE_4.14/Engine/Plugins/Runtime/MIDIDevice/MIDIDevice.uplugin
LogPluginManager: Loaded Plugin MobilePatchingUtils, From C:/Program Files/Epic Games/UE_4.14/Engine/Plugins/Runtime/MobilePatchingUtils/MobilePatchingUtils.uplugin
LogPluginManager: Loaded Plugin Ansel, From C:/Program Files/Epic Games/UE_4.14/Engine/Plugins/Runtime/Nvidia/Ansel/Ansel.uplugin
LogPluginManager: Loaded Plugin OculusAudio, From C:/Program Files/Epic Games/UE_4.14/Engine/Plugins/Runtime/OculusAudio/OculusAudio.uplugin
LogPluginManager: Loaded Plugin OculusInput, From C:/Program Files/Epic Games/UE_4.14/Engine/Plugins/Runtime/OculusInput/OculusInput.uplugin
LogPluginManager: Loaded Plugin OculusLibrary, From C:/Program Files/Epic Games/UE_4.14/Engine/Plugins/Runtime/OculusLibrary/OculusLibrary.uplugin
LogPluginManager: Loaded Plugin OculusRift, From C:/Program Files/Epic Games/UE_4.14/Engine/Plugins/Runtime/OculusRift/OculusRift.uplugin
LogPluginManager: Loaded Plugin Oodle, From C:/Program Files/Epic Games/UE_4.14/Engine/Plugins/Runtime/PacketHandlers/CompressionComponents/Oodle/Oodle.uplugin
LogPluginManager: Loaded Plugin ProceduralMeshComponent, From C:/Program Files/Epic Games/UE_4.14/Engine/Plugins/Runtime/ProceduralMeshComponent/ProceduralMeshComponent.uplugin
LogPluginManager: Loaded Plugin SoundMod, From C:/Program Files/Epic Games/UE_4.14/Engine/Plugins/Runtime/SoundMod/SoundMod.uplugin
LogPluginManager: Loaded Plugin SoundVisualizations, From C:/Program Files/Epic Games/UE_4.14/Engine/Plugins/Runtime/SoundVisualizations/SoundVisualizations.uplugin
LogPluginManager: Loaded Plugin SteamController, From C:/Program Files/Epic Games/UE_4.14/Engine/Plugins/Runtime/Steam/SteamController/SteamController.uplugin
LogPluginManager: Loaded Plugin SteamVR, From C:/Program Files/Epic Games/UE_4.14/Engine/Plugins/Runtime/Steam/SteamVR/SteamVR.uplugin
LogPluginManager: Loaded Plugin WebBrowserWidget, From C:/Program Files/Epic Games/UE_4.14/Engine/Plugins/Runtime/WebBrowserWidget/WebBrowserWidget.uplugin
LogPluginManager: Loaded Plugin WindowsDeviceProfileSelector, From C:/Program Files/Epic Games/UE_4.14/Engine/Plugins/Runtime/WindowsDeviceProfileSelector/WindowsDeviceProfileSelector.uplugin
LogPluginManager: Loaded Plugin WindowsMoviePlayer, From C:/Program Files/Epic Games/UE_4.14/Engine/Plugins/Runtime/WindowsMoviePlayer/WindowsMoviePlayer.uplugin
LogPluginManager: Loaded Plugin ScriptPlugin, From C:/Program Files/Epic Games/UE_4.14/Engine/Plugins/ScriptPlugin/ScriptPlugin.uplugin
LogPluginManager: Loaded Plugin SlateRemote, From C:/Program Files/Epic Games/UE_4.14/Engine/Plugins/Slate/SlateRemote/SlateRemote.uplugin
LogPluginManager: Loaded Plugin EditorTests, From C:/Program Files/Epic Games/UE_4.14/Engine/Plugins/Tests/EditorTests/EditorTests.uplugin
LogPluginManager: Loaded Plugin FbxAutomationTestBuilder, From C:/Program Files/Epic Games/UE_4.14/Engine/Plugins/Tests/FbxAutomationTestBuilder/FbxAutomationTestBuilder.uplugin
LogPluginManager: Loaded Plugin FunctionalTestingEditor, From C:/Program Files/Epic Games/UE_4.14/Engine/Plugins/Tests/FunctionalTestingEditor/FunctionalTestingEditor.uplugin
LogPluginManager: Loaded Plugin RuntimeTests, From C:/Program Files/Epic Games/UE_4.14/Engine/Plugins/Tests/RuntimeTests/RuntimeTests.uplugin
LogPluginManager: Loaded Plugin ScreenshotTools, From C:/Program Files/Epic Games/UE_4.14/Engine/Plugins/Tests/ScreenshotTools/ScreenshotTools.uplugin
LogInit: Using libcurl 7.47.1
LogInit:  - built for x86_64-pc-win32
LogInit:  - supports SSL with OpenSSL/1.0.2g
LogInit:  - supports HTTP deflate (compression) using libz 1.2.8
LogInit:  - other features:
LogInit:      CURL_VERSION_SSL
LogInit:      CURL_VERSION_LIBZ
LogInit:      CURL_VERSION_IPV6
LogInit:      CURL_VERSION_ASYNCHDNS
LogInit:      CURL_VERSION_LARGEFILE
LogInit:      CURL_VERSION_IDN
LogInit:  CurlRequestOptions (configurable via config and command line):
LogInit:  - bVerifyPeer = false  - Libcurl will NOT verify peer certificate
LogInit:  - bUseHttpProxy = false  - Libcurl will NOT use HTTP proxy
LogInit:  - bDontReuseConnections = false  - Libcurl will reuse connections
LogInit:  - CertBundlePath = nullptr  - Libcurl will use whatever was configured at build time.
LogInit: Build: ++UE4+Release-4.14-CL-3249277
LogInit: Engine Version: 4.14.3-3249277+++UE4+Release-4.14
LogInit: Compatible Engine Version: 4.14.0-3195953+++UE4+Release-4.14
LogInit: Net CL: 3195953
LogDevObjectVersion: Number of dev versions registered: 13
LogDevObjectVersion:   Dev-Blueprints (B0D832E4-1F89-4F0D-ACCF-7EB736FD4AA2): 7
LogDevObjectVersion:   Dev-Build (E1C64328-A22C-4D53-A36C-8E866417BD8C): 0
LogDevObjectVersion:   Dev-Core (375EC13C-06E4-48FB-B500-84F0262A717E): 1
LogDevObjectVersion:   Dev-Editor (E4B068ED-F494-42E9-A231-DA0B2E46BB41): 8
LogDevObjectVersion:   Dev-Framework (CFFC743F-43B0-4480-9391-14DF171D2073): 17
LogDevObjectVersion:   Dev-Mobile (B02B49B5-BB20-44E9-A304-32B752E40360): 0
LogDevObjectVersion:   Dev-Networking (A4E4105C-59A1-49B5-A7C5-40C4547EDFEE): 0
LogDevObjectVersion:   Dev-Online (39C831C9-5AE6-47DC-9A44-9C173E1C8E7C): 0
LogDevObjectVersion:   Dev-Physics (78F01B33-EBEA-4F98-B9B4-84EACCB95AA2): 0
LogDevObjectVersion:   Dev-Platform (6631380F-2D4D-43E0-8009-CF276956A95A): 0
LogDevObjectVersion:   Dev-Rendering (12F88B9F-8875-4AFC-A67C-D90C383ABD29): 12
LogDevObjectVersion:   Dev-Sequencer (7B5AE74C-D270-4C10-A958-57980B212A5A): 1
LogDevObjectVersion:   Dev-VR (D7296918-1DD6-4BDD-9DE2-64A83CC13884): 0
LogInit: Compiled (64-bit): Jan  6 2017 10:49:43
LogInit: Compiled with Visual C++: 19.00.23026.00
LogInit: Build Configuration: Development
LogInit: Branch Name: ++UE4+Release-4.14
LogInit: Command line:  
LogInit: Base directory: C:/Program Files/Epic Games/UE_4.14/Engine/Binaries/Win64/
LogInit: Installed Engine Build: 1
LogInit: Presizing for max 8388607 objects, including 0 objects not considered by GC, pre-allocating 0 bytes for permanent pool.
LogInit: Object subsystem initialized
[2017.03.20-12.59.25:469][  0]LogInit: Selected Device Profile: [Windows]
[2017.03.20-12.59.25:469][  0]LogInit: Applying CVar settings loaded from the selected device profile: [Windows]
[2017.03.20-12.59.26:322][  0]LogInit: Computer: LAPTOP-HOJJGP5S
[2017.03.20-12.59.26:322][  0]LogInit: User: Tristan
[2017.03.20-12.59.26:322][  0]LogInit: CPU Page size=65536, Cores=2
[2017.03.20-12.59.26:322][  0]LogInit: High frequency timer resolution =2.343749 MHz
[2017.03.20-12.59.26:816][  0]LogMemory: Memory total: Physical=7.8GB (8GB approx)
[2017.03.20-12.59.26:837][  0]LogMemory: Platform Memory Stats for Windows
[2017.03.20-12.59.26:837][  0]LogMemory: Process Physical Memory: 264.18 MB used, 264.18 MB peak
[2017.03.20-12.59.26:837][  0]LogMemory: Process Virtual Memory: 262.46 MB used, 262.46 MB peak
[2017.03.20-12.59.26:837][  0]LogMemory: Physical Memory: 4780.05 MB used,  3250.79 MB free, 8030.84 MB total
[2017.03.20-12.59.26:837][  0]LogMemory: Virtual Memory: 674.75 MB used,  3250.79 MB free, 134217728.00 MB total
[2017.03.20-12.59.39:975][  0]LogTextLocalizationManager: No specific translations for ('en-GB') exist, so ('en') translations will be used.
[2017.03.20-13.00.15:704][  0]LogD3D11RHI: D3D11 adapters:
[2017.03.20-13.00.16:192][  0]LogD3D11RHI:    0. 'NVIDIA GeForce 940M' (Feature Level 11_0)
[2017.03.20-13.00.16:192][  0]LogD3D11RHI:       2020/0/4015 MB DedicatedVideo/DedicatedSystem/SharedSystem, Outputs:1, VendorId:0x10de
[2017.03.20-13.00.16:256][  0]LogD3D11RHI:    1. 'Intel(R) HD Graphics 520' (Feature Level 11_0)
[2017.03.20-13.00.16:256][  0]LogD3D11RHI:       128/0/4015 MB DedicatedVideo/DedicatedSystem/SharedSystem, Outputs:0, VendorId:0x8086
[2017.03.20-13.00.16:258][  0]LogD3D11RHI:    2. 'Microsoft Basic Render Driver' (Feature Level 11_0)
[2017.03.20-13.00.16:258][  0]LogD3D11RHI:       0/0/4015 MB DedicatedVideo/DedicatedSystem/SharedSystem, Outputs:0, VendorId:0x1414
[2017.03.20-13.00.16:258][  0]LogD3D11RHI: Chosen D3D11 Adapter: 0
[2017.03.20-13.00.16:483][  0]LogD3D11RHI: Creating new Direct3DDevice
[2017.03.20-13.00.16:483][  0]LogD3D11RHI:     GPU DeviceId: 0x1347 (for the marketing name, search the web for "GPU Device Id")
[2017.03.20-13.00.16:483][  0]LogWindows: EnumDisplayDevices:
[2017.03.20-13.00.16:483][  0]LogWindows:    0. 'Intel(R) HD Graphics 520' (P:1 D:1)
[2017.03.20-13.00.16:483][  0]LogWindows:    1. 'Intel(R) HD Graphics 520' (P:0 D:0)
[2017.03.20-13.00.16:484][  0]LogWindows:    2. 'Intel(R) HD Graphics 520' (P:0 D:0)
[2017.03.20-13.00.16:484][  0]LogWindows: DebugString: PrimaryIsNotTheChoosenAdapter PrimaryIsNotTheChoosenAdapter PrimaryIsNotTheChoosenAdapter FoundDriverCount:0 
[2017.03.20-13.00.16:484][  0]LogD3D11RHI:     Adapter Name: NVIDIA GeForce 940M
[2017.03.20-13.00.16:484][  0]LogD3D11RHI:   Driver Version: Unknown (internal:Unknown, unified:Unknown)
[2017.03.20-13.00.16:484][  0]LogD3D11RHI:      Driver Date: Unknown
[2017.03.20-13.00.16:549][  0]LogRHI: Texture pool is 1361 MB (70% of 1945 MB)
[2017.03.20-13.00.16:575][  0]LogD3D11RHI: Async texture creation enabled
[2017.03.20-13.00.21:167][  0]LogD3D11RHI: GPU Timing Frequency: 1000.000000 (Debug: 2 17)
[2017.03.20-13.00.22:200][  0]LogShaderCompilers: Guid format shader working directory is -34 characters bigger than the processId version (../../../../../../Users/Tristan/Documents/UniWork/comp140-gam160-game/SuhDude-Game/Intermediate/Shaders/WorkingDirectory/9232/).
[2017.03.20-13.00.22:200][  0]LogShaderCompilers: Cleaned the shader compiler working directory 'C:/Users/Tristan/AppData/Local/Temp/UnrealShaderWorkingDir/1A232AE547E764D543F2CF8BF82CA561/'.
[2017.03.20-13.00.22:223][  0]LogShaderCompilers:Display: Using Local Shader Compiler.
[2017.03.20-13.00.43:548][  0]LogTemp:Display: Loaded TP AllDesktopTargetPlatform
[2017.03.20-13.00.43:618][  0]LogTemp:Display: Loaded TP MacClientTargetPlatform
[2017.03.20-13.00.43:690][  0]LogTemp:Display: Loaded TP MacNoEditorTargetPlatform
[2017.03.20-13.00.43:761][  0]LogTemp:Display: Loaded TP MacServerTargetPlatform
[2017.03.20-13.00.43:876][  0]LogTemp:Display: Loaded TP MacTargetPlatform
[2017.03.20-13.00.43:953][  0]LogTemp:Display: Loaded TP WindowsClientTargetPlatform
[2017.03.20-13.00.44:027][  0]LogTemp:Display: Loaded TP WindowsNoEditorTargetPlatform
[2017.03.20-13.00.44:097][  0]LogTemp:Display: Loaded TP WindowsServerTargetPlatform
[2017.03.20-13.00.44:153][  0]LogTemp:Display: Loaded TP WindowsTargetPlatform
[2017.03.20-13.00.44:273][  0]LogTemp:Display: Loaded TP AndroidTargetPlatform
[2017.03.20-13.00.44:369][  0]LogTemp:Display: Loaded TP Android_ASTCTargetPlatform
[2017.03.20-13.00.44:454][  0]LogTemp:Display: Loaded TP Android_ATCTargetPlatform
[2017.03.20-13.00.44:539][  0]LogTemp:Display: Loaded TP Android_DXTTargetPlatform
[2017.03.20-13.00.44:635][  0]LogTemp:Display: Loaded TP Android_ETC1TargetPlatform
[2017.03.20-13.00.44:720][  0]LogTemp:Display: Loaded TP Android_ETC2TargetPlatform
[2017.03.20-13.00.44:909][  0]LogTemp:Display: Loaded TP Android_MultiTargetPlatform
[2017.03.20-13.00.44:909][  0]LogTemp:Display: Loaded TP Android_PVRTCTargetPlatform
[2017.03.20-13.00.44:974][  0]LogTemp:Display: Loaded TP HTML5TargetPlatform
[2017.03.20-13.00.45:212][  0]LogTemp:Display: Loaded TP IOSTargetPlatform
[2017.03.20-13.00.45:270][  0]LogTemp:Display: Loaded TP TVOSTargetPlatform
[2017.03.20-13.00.45:340][  0]LogTemp:Display: Loaded TP LinuxClientTargetPlatform
[2017.03.20-13.00.45:411][  0]LogTemp:Display: Loaded TP LinuxNoEditorTargetPlatform
[2017.03.20-13.00.45:491][  0]LogTemp:Display: Loaded TP LinuxServerTargetPlatform
[2017.03.20-13.00.45:583][  0]LogTemp:Display: Loaded TP LinuxTargetPlatform
[2017.03.20-13.00.45:583][  0]LogTargetPlatformManager:Display: Building Assets For Windows
[2017.03.20-13.00.48:316][  0]LogDerivedDataCache:Display: Max Cache Size: 512 MB
[2017.03.20-13.00.51:779][  0]LogDerivedDataCache: Loaded boot cache 3.46s 50MB C:/Users/Tristan/AppData/Local/UnrealEngine/4.14/DerivedDataCache/Boot.ddc.
[2017.03.20-13.00.51:780][  0]LogDerivedDataCache:Display: Loaded Boot cache: C:/Users/Tristan/AppData/Local/UnrealEngine/4.14/DerivedDataCache/Boot.ddc
[2017.03.20-13.00.51:780][  0]LogDerivedDataCache: FDerivedDataBackendGraph:  Pak pak cache file ../../../../../../Users/Tristan/Documents/UniWork/comp140-gam160-game/SuhDude-Game/DerivedDataCache/DDC.ddp not found, will not use a pak cache.
[2017.03.20-13.00.51:780][  0]LogDerivedDataCache: Unable to find inner node Pak for hierarchical cache Hierarchy.
[2017.03.20-13.00.51:780][  0]LogDerivedDataCache: FDerivedDataBackendGraph:  CompressedPak pak cache file ../../../../../../Users/Tristan/Documents/UniWork/comp140-gam160-game/SuhDude-Game/DerivedDataCache/Compressed.ddp not found, will not use a pak cache.
[2017.03.20-13.00.51:780][  0]LogDerivedDataCache: Unable to find inner node CompressedPak for hierarchical cache Hierarchy.
[2017.03.20-13.00.51:889][  0]LogDerivedDataCache:Display: Pak cache opened for reading ../../../Engine/DerivedDataCache/Compressed.ddp.
[2017.03.20-13.00.51:902][  0]LogDerivedDataCache: Using Local data cache path C:/Users/Tristan/AppData/Local/UnrealEngine/Common/DerivedDataCache: Writable
[2017.03.20-13.01.24:364][  0]LogInit: Selected Device Profile: [Windows]
[2017.03.20-13.01.25:058][  0]LogContentStreaming: Texture pool size is 0.00 MB
[2017.03.20-13.01.28:173][  0]LogMeshUtilities: Using QuadricMeshReduction for automatic static mesh reduction
[2017.03.20-13.01.28:532][  0]LogSimplygon: Simplygon DLL not present - disabling.
[2017.03.20-13.01.28:689][  0]LogMeshUtilities: Using SimplygonSwarm for distributed automatic mesh merging
[2017.03.20-13.01.28:689][  0]LogMeshUtilities: No automatic skeletal mesh reduction module available
[2017.03.20-13.01.28:689][  0]LogMeshUtilities: No automatic mesh merging module available
[2017.03.20-13.01.50:769][  0]LogNetVersion: GetLocalNetworkVersion: CL: 3195953, ProjectName: suhdude, ProjectVersion: , EngineNetworkVersion: 2, GameNetworkVersion: 0, NetworkChecksum: 1980303672
[2017.03.20-13.01.51:781][  0]LogAssetRegistry: FAssetRegistry took 0.0784 seconds to start up
[2017.03.20-13.01.52:296][  0]LogPackageLocalizationCache: Processed 3 localized package path(s) for 2 prioritized culture(s) in 0.286845 seconds
[2017.03.20-13.01.52:317][  0]LogUObjectArray: 31946 objects as part of root set at end of initial load.
[2017.03.20-13.01.52:317][  0]LogUObjectAllocator: 6935848 out of 0 bytes used by permanent object pool.
[2017.03.20-13.01.52:317][  0]LogUObjectArray: CloseDisregardForGC: 0/0 objects in disregard for GC pool
[2017.03.20-13.01.52:470][  0]LogInit: WinSock: version 1.1 (2.2), MaxSocks=32767, MaxUdp=65467
[2017.03.20-13.01.58:349][  0]LogAssetRegistry:Error: Failed to open file for write ../../../../../../Users/Tristan/Documents/UniWork/comp140-gam160-game/SuhDude-Game/Intermediate/CachedAssetRegistry.bin
[2017.03.20-13.01.58:349][  0]LogSlate: Using Freetype 2.6.0
[2017.03.20-13.01.58:477][  0]LogSlate: SlateFontCache - WITH_FREETYPE: 1, WITH_HARFBUZZ: 1
[2017.03.20-13.01.58:496][  0]LogSlate: SlateFontCache - WITH_FREETYPE: 1, WITH_HARFBUZZ: 1
[2017.03.20-13.02.42:682][  0]LogTcpMessaging: Initializing TcpMessaging bridge
[2017.03.20-13.02.42:834][  0]LogUdpMessaging: Initializing bridge on interface 0.0.0.0:0 to multicast group 230.0.0.1:6666.
[2017.03.20-13.02.47:315][  0]LogMaterial: Uniform references updated for custom material expression Custom.
[2017.03.20-13.02.50:322][  0]SourceControl: Info Source control is disabled
[2017.03.20-13.02.50:508][  0]SourceControl: Info Source control is disabled
[2017.03.20-13.02.50:910][  0]SourceControl: Info Source control is disabled
[2017.03.20-13.02.51:142][  0]SourceControl: Info Source control is disabled
[2017.03.20-13.02.59:609][  0]LogEngine: Initializing Engine...
[2017.03.20-13.02.59:651][  0]LogHMD: Failed to initialize OpenVR with code 110
[2017.03.20-13.03.02:773][  0]LogAIModule: Creating AISystem for world Untitled
[2017.03.20-13.03.03:620][  0]LogInit: XAudio2 using 'Speaker/HP (Realtek High Definition Audio)' : 2 channels at 48 kHz using 32 bits per sample (channel mask 0x3)
[2017.03.20-13.03.04:032][  0]LogInit: FAudioDevice initialized.
[2017.03.20-13.03.04:077][  0]LogDerivedDataCache:Error: Could not save memory cache C:/Users/Tristan/AppData/Local/UnrealEngine/4.14/DerivedDataCache/Boot.ddc.
[2017.03.20-13.03.04:096][  0]LogInit: Texture streaming: Enabled
[2017.03.20-13.03.11:025][  0]LogInit: Transaction tracking system initialized
[2017.03.20-13.03.13:893][  0]BlueprintLog: New page: Editor Load
[2017.03.20-13.03.21:562][  0]LocalizationService: Info Localization service is disabled
[2017.03.20-13.03.27:971][  0]LogConsoleResponse:Display: 
[2017.03.20-13.03.35:252][  0]LogFileCache: Scanning file cache for directory 'C:/Users/Tristan/Documents/UniWork/comp140-gam160-game/SuhDude-Game/Content/' took 0.02s
[2017.03.20-13.03.35:252][  0]LogCook:Display: Max memory allowance for cook 16384mb min free memory 0mb
[2017.03.20-13.03.35:321][  0]LogCook:Display: Mobile HDR setting 1
[2017.03.20-13.03.43:095][  0]SourceControl: Info Source control is disabled
[2017.03.20-13.03.43:369][  0]Cmd: MAP LOAD FILE="../../../../../../Users/Tristan/Documents/UniWork/comp140-gam160-game/SuhDude-Game/Content/Maps/MenuLevel.umap" TEMPLATE=0 SHOWPROGRESS=1 FEATURELEVEL=3
[2017.03.20-13.03.43:644][  0]LightingResults: New page: Lighting Build
[2017.03.20-13.03.44:831][  0]MapCheck: New page: Map Check
[2017.03.20-13.03.44:831][  0]LightingResults: New page: Lighting Build
[2017.03.20-13.03.53:199][  0]LogAIModule: Creating AISystem for world MenuLevel
[2017.03.20-13.03.55:226][  0]LogEditorServer: Finished looking for orphan Actors (0.008 secs)
[2017.03.20-13.03.55:421][  0]Cmd: MAP CHECKDEP NOCLEARLOG
[2017.03.20-13.03.55:590][  0]MapCheck: Info Map check complete: 0 Error(s), 0 Warning(s), took 163.464ms to complete.
[2017.03.20-13.03.55:590][  0]LogFileHelpers: Loading map 'MenuLevel' took 12.403
[2017.03.20-13.04.04:190][  0]LogTemp:Display: Executing iPhonePackager certificates Engine -bundlename com.YourCompany.SuhDude

[2017.03.20-13.04.04:190][  0]LogTemp:Display: CWD: C:\Program Files\Epic Games\UE_4.14\Engine\Binaries\DotNet\IOS

[2017.03.20-13.04.04:190][  0]LogTemp:Display: Initial Dir: C:\Program Files\Epic Games\UE_4.14

[2017.03.20-13.04.04:190][  0]LogTemp:Display: Env CWD: C:\Program Files\Epic Games\UE_4.14\Engine\Binaries\DotNet\IOS

[2017.03.20-13.04.04:190][  0]LogTemp:Display: BranchPath = LAPTOP-HOJJGP5S/C/Program Files/Epic Games/UE_4.14/Engine/Binaries --- GameBranchPath = LAPTOP-HOJJGP5S/C/Program Files/Epic Games/UE_4.14/Engine/Binaries

[2017.03.20-13.04.04:190][  0]LogSlate: Only BGRA pngs, bmps or icos are supported in by External Image Picker
[2017.03.20-13.04.06:145][  0]LogTemp:Display: IPP ERROR: Application exception: System.IO.DirectoryNotFoundException: Could not find a part of the path 'C:\Users\Tristan\AppData\Local\Apple Computer\MobileDevice\Provisioning Profiles'.

[2017.03.20-13.04.06:146][  0]LogTemp:Display:    at System.IO.__Error.WinIOError(Int32 errorCode, String maybeFullPath)

[2017.03.20-13.04.06:146][  0]LogTemp:Display:    at System.IO.FileSystemEnumerableIterator`1.CommonInit()

[2017.03.20-13.04.06:146][  0]LogTemp:Display:    at System.IO.Directory.EnumerateFiles(String path, String searchPattern)

[2017.03.20-13.04.06:146][  0]LogTemp:Display:    at iPhonePackager.CodeSignatureBuilder.FindProvisions(String CFBundleIdentifier)

[2017.03.20-13.04.06:146][  0]LogTemp:Display:    at iPhonePackager.Program.Main(String[] args)

[2017.03.20-13.04.06:146][  0]LogCollectionManager: Loaded 0 collections in 0.003520 seconds
[2017.03.20-13.04.06:950][  0]LogFileCache: Scanning file cache for directory 'C:/Users/Tristan/Documents/UniWork/comp140-gam160-game/SuhDude-Game/Saved/Collections/' took 0.01s
[2017.03.20-13.04.06:950][  0]LogFileCache: Scanning file cache for directory 'C:/Users/Tristan/Documents/UniWork/comp140-gam160-game/SuhDude-Game/Content/Developers/Tristan/Collections/' took 0.01s
[2017.03.20-13.04.06:950][  0]LogFileCache: Scanning file cache for directory 'C:/Users/Tristan/Documents/UniWork/comp140-gam160-game/SuhDude-Game/Content/Collections/' took 0.01s
[2017.03.20-13.04.06:950][  0]LogCollectionManager: Rebuilt the GUID cache for 0 collections in 0.000002 seconds
[2017.03.20-13.04.07:068][  0]LogContentBrowser: Native class hierarchy populated in 0.0893 seconds. Added 2192 classes and 430 folders.
[2017.03.20-13.04.07:281][  0]LogStats: UGameplayTagsManager::ConstructGameplayTagTree: Construct from data asset -  0.000 s
[2017.03.20-13.04.07:282][  0]LogStats: UGameplayTagsManager::ConstructGameplayTagTree: GameplayTagTreeChangedEvent.Broadcast -  0.000 s
[2017.03.20-13.04.07:286][  0]LogContentBrowser: Native class hierarchy updated for 'GameplayTags' in 0.0032 seconds. Added 13 classes and 0 folders.
[2017.03.20-13.04.07:454][  0]LogContentBrowser: Native class hierarchy updated for 'WidgetCarousel' in 0.0025 seconds. Added 0 classes and 0 folders.
[2017.03.20-13.04.08:781][  0]LogContentBrowser: Native class hierarchy updated for 'AddContentDialog' in 0.0036 seconds. Added 0 classes and 0 folders.
[2017.03.20-13.04.08:990][  0]LogContentBrowser: Native class hierarchy updated for 'SceneOutliner' in 0.0023 seconds. Added 1 classes and 2 folders.
[2017.03.20-13.04.09:631][  0]LogCrashTracker: Crashtracker disabled due to settings.
[2017.03.20-13.04.10:475][  0]LogUObjectGlobals:Warning: Failed to find object 'Class None.'
[2017.03.20-13.04.11:144][  0]LogContentBrowser: Native class hierarchy updated for 'HierarchicalLODOutliner' in 0.0028 seconds. Added 1 classes and 2 folders.
[2017.03.20-13.04.11:159][  0]LogLoad: (Engine Initialization) Total time: 297.30 seconds
[2017.03.20-13.04.11:159][  0]LogLoad: (Engine Initialization) Total Blueprint compile time: 2.77 seconds
[2017.03.20-13.04.11:181][  0]LogExternalProfiler: Found external profiler: VSPerf
[2017.03.20-13.04.11:181][  0]LogExternalProfiler: Using external profiler: VSPerf
[2017.03.20-13.04.11:398][  0]LogOcInput: OculusInput pre-init called
[2017.03.20-13.04.12:181][  0]LogContentStreaming: Texture pool size now 1000 MB
[2017.03.20-13.04.15:555][  0]LogRenderer: Reallocating scene render targets to support 828x436 NumSamples 1 (Frame:2).
[2017.03.20-13.04.17:421][  4]LogAssetRegistry: Asset discovery search completed in 145.6663 seconds
[2017.03.20-13.04.17:428][  4]LogCollectionManager: Rebuilt the object cache for 0 collections in 0.000001 seconds (found 0 objects)
[2017.03.20-13.04.17:428][  4]LogCollectionManager: Fixed up redirectors for 0 collections in 0.001804 seconds (updated 0 objects)
[2017.03.20-13.04.22:806][233]LogTemp: Repeting last play command: New Editor Window (PIE)
[2017.03.20-13.04.22:887][233]LogBlueprintUserMessages: Early PlayInEditor Detection: Level '/Game/Maps/MenuLevel.MenuLevel:PersistentLevel' has LevelScriptBlueprint '/Game/Maps/MenuLevel.MenuLevel:PersistentLevel.MenuLevel' with GeneratedClass '/Game/Maps/MenuLevel.MenuLevel_C' with ClassGeneratedBy '/Game/Maps/MenuLevel.MenuLevel:PersistentLevel.MenuLevel'
[2017.03.20-13.04.22:918][233]LogPlayLevel: PlayLevel: No blueprints needed recompiling
[2017.03.20-13.04.23:100][233]PIE: New page: PIE session: MenuLevel (20 Mar 2017 13:04:23)
[2017.03.20-13.04.23:111][233]LogPlayLevel: Creating play world package: /Game/Maps/UEDPIE_0_MenuLevel
[2017.03.20-13.04.23:219][233]LogPlayLevel: PIE: StaticDuplicateObject took: (0.108560s)
[2017.03.20-13.04.23:220][233]LogAIModule: Creating AISystem for world MenuLevel
[2017.03.20-13.04.23:245][233]LogPlayLevel: PIE: World Init took: (0.025106s)
[2017.03.20-13.04.23:254][233]LogPlayLevel: PIE: Created PIE world by copying editor world from /Game/Maps/MenuLevel.MenuLevel to /Game/Maps/UEDPIE_0_MenuLevel.MenuLevel (0.143769s)
[2017.03.20-13.04.23:532][233]LogInit: XAudio2 using 'Speaker/HP (Realtek High Definition Audio)' : 2 channels at 48 kHz using 32 bits per sample (channel mask 0x3)
[2017.03.20-13.04.23:542][233]LogInit: FAudioDevice initialized.
[2017.03.20-13.04.23:893][233]LogLoad: Game class is 'MenuGameMode_C'
[2017.03.20-13.04.24:023][233]LogWorld: Bringing World /Game/Maps/UEDPIE_0_MenuLevel.MenuLevel up for play (max tick rate 60) at 2017.03.20-13.04.24
[2017.03.20-13.04.24:175][233]LogWorld: Bringing up level for play took: 0.163259
[2017.03.20-13.04.24:493][233]LogContentBrowser: Native class hierarchy updated for 'MovieSceneCapture' in 0.0018 seconds. Added 11 classes and 0 folders.
[2017.03.20-13.04.24:504][233]LogGameMode:Display: Match State Changed from EnteringMap to WaitingToStart
[2017.03.20-13.04.24:518][233]LogGameState: Match State Changed from EnteringMap to WaitingToStart
[2017.03.20-13.04.24:518][233]LogGameMode:Display: Match State Changed from WaitingToStart to InProgress
[2017.03.20-13.04.24:817][233]LogGameState: Match State Changed from WaitingToStart to InProgress
[2017.03.20-13.04.24:872][233]PIE: Info Play in editor start time for /Game/Maps/UEDPIE_0_MenuLevel 2.652
[2017.03.20-13.04.24:873][233]LogBlueprintUserMessages: Late PlayInEditor Detection: Level '/Game/Maps/MenuLevel.MenuLevel:PersistentLevel' has LevelScriptBlueprint '/Game/Maps/MenuLevel.MenuLevel:PersistentLevel.MenuLevel' with GeneratedClass '/Game/Maps/MenuLevel.MenuLevel_C' with ClassGeneratedBy '/Game/Maps/MenuLevel.MenuLevel:PersistentLevel.MenuLevel'
[2017.03.20-13.04.25:427][233]LogRenderer: Reallocating scene render targets to support 1292x756 NumSamples 1 (Frame:226).
[2017.03.20-13.04.44:072][956]LogGameMode:Display: Match State Changed from InProgress to LeavingMap
[2017.03.20-13.04.44:072][956]LogGameState: Match State Changed from InProgress to LeavingMap
[2017.03.20-13.04.44:085][956]LogNet: Browse: /Game/Maps/Map1
[2017.03.20-13.04.44:093][956]LogLoad: LoadMap: /Game/Maps/Map1
[2017.03.20-13.04.44:379][956]Cmd: MEM
[2017.03.20-13.04.44:617][956]LogMemory: Platform Memory Stats for Windows
[2017.03.20-13.04.44:618][956]LogMemory: Process Physical Memory: 1332.66 MB used, 1442.54 MB peak
[2017.03.20-13.04.44:618][956]LogMemory: Process Virtual Memory: 1934.16 MB used, 2007.61 MB peak
[2017.03.20-13.04.44:618][956]LogMemory: Physical Memory: 6646.92 MB used,  1383.92 MB free, 8030.84 MB total
[2017.03.20-13.04.44:618][956]LogMemory: Virtual Memory: 2848.58 MB used,  1383.92 MB free, 134217728.00 MB total
[2017.03.20-13.04.44:618][956]LogMemory: 
[2017.03.20-13.04.44:618][956]Allocator Stats for TBB: (not implemented)
[2017.03.20-13.04.52:250][956]LogAIModule: Creating AISystem for world Map1
[2017.03.20-13.04.52:250][956]LogLoad: Game class is 'MainGameMode_C'
[2017.03.20-13.04.52:421][956]LogWorld: Bringing World /Game/Maps/UEDPIE_0_Map1.Map1 up for play (max tick rate 60) at 2017.03.20-13.04.52
[2017.03.20-13.04.52:521][956]LogWorld: Bringing up level for play took: 0.249872
[2017.03.20-13.04.52:763][956]LogLoad: Took 8.669989 seconds to LoadMap(/Game/Maps/Map1)
[2017.03.20-13.05.03:808][531]LogNet: Browse: /Game/Maps/MenuLevel
[2017.03.20-13.05.03:809][531]LogLoad: LoadMap: /Game/Maps/MenuLevel
[2017.03.20-13.05.03:959][531]Cmd: MEM
[2017.03.20-13.05.03:980][531]LogMemory: Platform Memory Stats for Windows
[2017.03.20-13.05.03:980][531]LogMemory: Process Physical Memory: 1410.05 MB used, 1579.62 MB peak
[2017.03.20-13.05.03:980][531]LogMemory: Process Virtual Memory: 2078.79 MB used, 2450.94 MB peak
[2017.03.20-13.05.03:980][531]LogMemory: Physical Memory: 6640.39 MB used,  1390.45 MB free, 8030.84 MB total
[2017.03.20-13.05.03:981][531]LogMemory: Virtual Memory: 3149.95 MB used,  1390.45 MB free, 134217728.00 MB total
[2017.03.20-13.05.03:981][531]LogMemory: 
[2017.03.20-13.05.03:981][531]Allocator Stats for TBB: (not implemented)
[2017.03.20-13.05.03:981][531]LogPlayLevel: Creating play world package: /Game/Maps/UEDPIE_0_MenuLevel
[2017.03.20-13.05.03:984][531]LogPlayLevel: PIE: StaticDuplicateObject took: (0.003324s)
[2017.03.20-13.05.03:985][531]LogAIModule: Creating AISystem for world MenuLevel
[2017.03.20-13.05.03:985][531]LogPlayLevel: PIE: World Init took: (0.001199s)
[2017.03.20-13.05.03:986][531]LogPlayLevel: PIE: Created PIE world by copying editor world from /Game/Maps/MenuLevel.MenuLevel to /Game/Maps/UEDPIE_0_MenuLevel.MenuLevel (0.004880s)
[2017.03.20-13.05.03:986][531]LogLoad: Game class is 'MenuGameMode_C'
[2017.03.20-13.05.03:989][531]LogWorld: Bringing World /Game/Maps/UEDPIE_0_MenuLevel.MenuLevel up for play (max tick rate 60) at 2017.03.20-13.05.03
[2017.03.20-13.05.03:990][531]LogWorld: Bringing up level for play took: 0.003923
[2017.03.20-13.05.03:990][531]LogGameMode: Warning - PATHS NOT DEFINED or NO PLAYERSTART with positive rating
[2017.03.20-13.05.03:991][531]LogGameMode:Display: Match State Changed from EnteringMap to WaitingToStart
[2017.03.20-13.05.03:991][531]LogGameState: Match State Changed from EnteringMap to WaitingToStart
[2017.03.20-13.05.03:991][531]LogGameMode:Display: Match State Changed from WaitingToStart to InProgress
[2017.03.20-13.05.03:993][531]LogGameState: Match State Changed from WaitingToStart to InProgress
[2017.03.20-13.05.03:993][531]LogLoad: Took 0.184064 seconds to LoadMap(/Game/Maps/UEDPIE_0_MenuLevel)
[2017.03.20-13.05.04:934][568]LogBlueprintUserMessages: Early EndPlayMap Detection: Level '/Game/Maps/MenuLevel.MenuLevel:PersistentLevel' has LevelScriptBlueprint '/Game/Maps/MenuLevel.MenuLevel:PersistentLevel.MenuLevel' with GeneratedClass '/Game/Maps/MenuLevel.MenuLevel_C' with ClassGeneratedBy '/Game/Maps/MenuLevel.MenuLevel:PersistentLevel.MenuLevel'
[2017.03.20-13.05.05:230][568]LogBlueprintUserMessages: Late EndPlayMap Detection: Level '/Game/Maps/MenuLevel.MenuLevel:PersistentLevel' has LevelScriptBlueprint '/Game/Maps/MenuLevel.MenuLevel:PersistentLevel.MenuLevel' with GeneratedClass '/Game/Maps/MenuLevel.MenuLevel_C' with ClassGeneratedBy '/Game/Maps/MenuLevel.MenuLevel:PersistentLevel.MenuLevel'
[2017.03.20-13.25.37:892][474]Cmd: QUIT_EDITOR
[2017.03.20-13.25.39:403][474]LogWindowsTextInputMethodSystem:Display: IME system now deactivated.
[2017.03.20-13.25.39:440][474]LogExit: Preparing to exit.
[2017.03.20-13.25.40:434][474]LogDirectoryWatcher: A directory notification for 'C:/Users/Tristan/Documents/UniWork/comp140-gam160-game/SuhDude-Game/Content/' was aborted.
[2017.03.20-13.25.40:527][474]LogExit: Editor shut down
[2017.03.20-13.25.40:529][474]LogExit: Transaction tracking system shut down
[2017.03.20-13.25.42:905][474]LogObj: Freed 0b from 0 cluster array pools.
[2017.03.20-13.25.42:905][474]LogExit: Object subsystem successfully closed.
[2017.03.20-13.25.43:097][474]LogD3D11RHI: Shutdown
[2017.03.20-13.25.43:107][474]LogD3D11RHI: CleanupD3DDevice
[2017.03.20-13.25.43:699][474]LogD3D11RHI: ~FD3D11DynamicRHI
[2017.03.20-13.25.45:268][474]LogHttp:Display: Http module shutting down, but needs to wait on 1 outstanding Http requests:
[2017.03.20-13.25.45:268][474]LogHttp:Display: 	verb=[POST] url=[https://datarouter.ol.epicgames.com/datarouter/api/v1/public/data?SessionID=%7B2F6B5D95-40C1-A3C0-B715-159B591DDB40%7D&AppID=UEEditor.Rocket.Release&AppVersion=4.14.3-3249277%2B%2B%2BUE4%2BRelease-4.14&UserID=41ed778249ed24844dd23d85c474ffb0%7C91600aac168940c7ad6ecd8e89500ac8%7Ccca0cc25-fddf-495d-858a-6ebf4d9a36a6&AppEnvironment=datacollector-binary&UploadType=eteventstream] status=Processing
[2017.03.20-13.25.45:388][474]LogModuleManager: Shutting down and abandoning module MovieSceneCapture (244)
[2017.03.20-13.25.45:388][474]LogModuleManager: Shutting down and abandoning module HierarchicalLODOutliner (243)
[2017.03.20-13.25.45:411][474]LogModuleManager: Shutting down and abandoning module CrashTracker (242)
[2017.03.20-13.25.45:411][474]LogModuleManager: Shutting down and abandoning module SceneOutliner (241)
[2017.03.20-13.25.45:434][474]LogModuleManager: Shutting down and abandoning module WidgetCarousel (240)
[2017.03.20-13.25.45:434][474]LogModuleManager: Shutting down and abandoning module AddContentDialog (239)
[2017.03.20-13.25.45:528][474]LogDirectoryWatcher: A directory notification for 'C:/Program Files/Epic Games/UE_4.14/FeaturePacks/' was aborted.
[2017.03.20-13.25.45:537][474]LogModuleManager: Shutting down and abandoning module GameplayTags (238)
[2017.03.20-13.25.45:537][474]LogModuleManager: Shutting down and abandoning module EditorWidgets (237)
[2017.03.20-13.25.45:538][474]LogModuleManager: Shutting down and abandoning module CollectionManager (236)
[2017.03.20-13.25.45:553][474]LogDirectoryWatcher: A directory notification for 'C:/Users/Tristan/Documents/UniWork/comp140-gam160-game/SuhDude-Game/Content/Collections/' was aborted.
[2017.03.20-13.25.45:554][474]LogDirectoryWatcher: A directory notification for 'C:/Users/Tristan/Documents/UniWork/comp140-gam160-game/SuhDude-Game/Content/Developers/Tristan/Collections/' was aborted.
[2017.03.20-13.25.45:554][474]LogDirectoryWatcher: A directory notification for 'C:/Users/Tristan/Documents/UniWork/comp140-gam160-game/SuhDude-Game/Saved/Collections/' was aborted.
[2017.03.20-13.25.45:554][474]LogModuleManager: Shutting down and abandoning module ExternalImagePicker (235)
[2017.03.20-13.25.45:554][474]LogModuleManager: Shutting down and abandoning module StatsViewer (234)
[2017.03.20-13.25.45:568][474]LogModuleManager: Shutting down and abandoning module FoliageEdit (233)
[2017.03.20-13.25.45:580][474]LogModuleManager: Shutting down and abandoning module LandscapeEditor (232)
[2017.03.20-13.25.45:608][474]LogModuleManager: Shutting down and abandoning module SceneDepthPickerMode (231)
[2017.03.20-13.25.45:608][474]LogModuleManager: Shutting down and abandoning module ActorPickerMode (230)
[2017.03.20-13.25.45:608][474]LogModuleManager: Shutting down and abandoning module GeometryMode (229)
[2017.03.20-13.25.45:608][474]LogModuleManager: Shutting down and abandoning module TextureAlignMode (228)
[2017.03.20-13.25.45:608][474]LogModuleManager: Shutting down and abandoning module BspMode (227)
[2017.03.20-13.25.45:621][474]LogModuleManager: Shutting down and abandoning module HardwareSurvey (226)
[2017.03.20-13.25.45:621][474]LogModuleManager: Shutting down and abandoning module SequenceRecorderSections (225)
[2017.03.20-13.25.45:621][474]LogModuleManager: Shutting down and abandoning module AutomationWorker (224)
[2017.03.20-13.25.45:630][474]LogModuleManager: Shutting down and abandoning module MatineeToLevelSequence (223)
[2017.03.20-13.25.45:654][474]LogModuleManager: Shutting down and abandoning module PlacementMode (222)
[2017.03.20-13.25.45:670][474]LogModuleManager: Shutting down and abandoning module LevelSequenceEditor (221)
[2017.03.20-13.25.45:705][474]LogModuleManager: Shutting down and abandoning module WmfMediaFactory (220)
[2017.03.20-13.25.45:705][474]LogModuleManager: Shutting down and abandoning module WmfMediaEditor (219)
[2017.03.20-13.25.45:705][474]LogModuleManager: Shutting down and abandoning module AvfMediaFactory (218)
[2017.03.20-13.25.45:705][474]LogModuleManager: Shutting down and abandoning module AvfMediaEditor (217)
[2017.03.20-13.25.45:705][474]LogModuleManager: Shutting down and abandoning module Media (216)
[2017.03.20-13.25.45:705][474]LogModuleManager: Shutting down and abandoning module AndroidMediaFactory (215)
[2017.03.20-13.25.45:705][474]LogModuleManager: Shutting down and abandoning module AndroidMediaEditor (214)
[2017.03.20-13.25.45:705][474]LogModuleManager: Shutting down and abandoning module CharacterAI (213)
[2017.03.20-13.25.45:705][474]LogModuleManager: Shutting down and abandoning module SequenceRecorder (212)
[2017.03.20-13.25.45:750][474]LogModuleManager: Shutting down and abandoning module AudioCapture (211)
[2017.03.20-13.25.45:750][474]LogModuleManager: Shutting down and abandoning module SmartSnapping (210)
[2017.03.20-13.25.45:750][474]LogModuleManager: Shutting down and abandoning module SessionServices (209)
[2017.03.20-13.25.45:750][474]LogModuleManager: Shutting down and abandoning module ViewportSnapping (208)
[2017.03.20-13.25.45:750][474]LogModuleManager: Shutting down and abandoning module ViewportInteraction (207)
[2017.03.20-13.25.45:750][474]LogModuleManager: Shutting down and abandoning module LogVisualizer (206)
[2017.03.20-13.25.45:765][474]LogModuleManager: Shutting down and abandoning module GameProjectGeneration (205)
[2017.03.20-13.25.45:781][474]LogModuleManager: Shutting down and abandoning module IntroTutorials (204)
[2017.03.20-13.25.45:791][474]LogModuleManager: Shutting down and abandoning module EditorLiveStreaming (203)
[2017.03.20-13.25.45:791][474]LogModuleManager: Shutting down and abandoning module IOSPlatformEditor (202)
[2017.03.20-13.25.45:791][474]LogModuleManager: Shutting down and abandoning module HTML5PlatformEditor (201)
[2017.03.20-13.25.45:791][474]LogModuleManager: Shutting down and abandoning module AndroidDeviceDetection (200)
[2017.03.20-13.25.46:532][474]LogModuleManager: Shutting down and abandoning module AndroidPlatformEditor (199)
[2017.03.20-13.25.46:532][474]LogModuleManager: Shutting down and abandoning module IOSRuntimeSettings (198)
[2017.03.20-13.25.46:532][474]LogModuleManager: Shutting down and abandoning module AndroidRuntimeSettings (197)
[2017.03.20-13.25.46:532][474]LogModuleManager: Shutting down and abandoning module InputBindingEditor (196)
[2017.03.20-13.25.46:532][474]LogModuleManager: Shutting down and abandoning module NiagaraEditor (195)
[2017.03.20-13.25.46:661][474]LogModuleManager: Shutting down and abandoning module MergeActors (194)
[2017.03.20-13.25.46:711][474]LogModuleManager: Shutting down and abandoning module SizeMap (193)
[2017.03.20-13.25.46:725][474]LogModuleManager: Shutting down and abandoning module TreeMap (192)
[2017.03.20-13.25.46:732][474]LogModuleManager: Shutting down and abandoning module ReferenceViewer (191)
[2017.03.20-13.25.46:732][474]LogModuleManager: Shutting down and abandoning module LocalizationService (190)
[2017.03.20-13.25.46:743][474]LogModuleManager: Shutting down and abandoning module LocalizationDashboard (189)
[2017.03.20-13.25.46:759][474]LogModuleManager: Shutting down and abandoning module HardwareTargeting (188)
[2017.03.20-13.25.46:759][474]LogModuleManager: Shutting down and abandoning module DeviceProfileEditor (187)
[2017.03.20-13.25.46:771][474]LogModuleManager: Shutting down and abandoning module UndoHistory (186)
[2017.03.20-13.25.46:781][474]LogModuleManager: Shutting down and abandoning module UserFeedback (185)
[2017.03.20-13.25.46:781][474]LogModuleManager: Shutting down and abandoning module XmlParser (184)
[2017.03.20-13.25.46:791][474]LogModuleManager: Shutting down and abandoning module Blutility (183)
[2017.03.20-13.25.46:797][474]LogModuleManager: Shutting down and abandoning module ProjectTargetPlatformEditor (182)
[2017.03.20-13.25.46:797][474]LogModuleManager: Shutting down and abandoning module ProjectSettingsViewer (181)
[2017.03.20-13.25.46:797][474]LogModuleManager: Shutting down and abandoning module EditorSettingsViewer (180)
[2017.03.20-13.25.46:797][474]LogModuleManager: Shutting down and abandoning module SettingsEditor (179)
[2017.03.20-13.25.46:805][474]LogModuleManager: Shutting down and abandoning module ProjectLauncher (178)
[2017.03.20-13.25.46:829][474]LogModuleManager: Shutting down and abandoning module SessionFrontend (177)
[2017.03.20-13.25.46:839][474]LogModuleManager: Shutting down and abandoning module ProfilerClient (176)
[2017.03.20-13.25.46:847][474]LogModuleManager: Shutting down and abandoning module TargetDeviceServices (175)
[2017.03.20-13.25.46:859][474]LogModuleManager: Shutting down and abandoning module DeviceManager (174)
[2017.03.20-13.25.46:909][474]LogModuleManager: Shutting down and abandoning module AutomationController (173)
[2017.03.20-13.25.46:915][474]LogModuleManager: Shutting down and abandoning module AutomationWindow (172)
[2017.03.20-13.25.46:935][474]LogModuleManager: Shutting down and abandoning module Layers (171)
[2017.03.20-13.25.46:956][474]LogModuleManager: Shutting down and abandoning module ComponentVisualizers (170)
[2017.03.20-13.25.46:956][474]LogModuleManager: Shutting down and abandoning module DetailCustomizations (169)
[2017.03.20-13.25.46:960][474]LogModuleManager: Shutting down and abandoning module PackagesDialog (168)
[2017.03.20-13.25.46:982][474]LogModuleManager: Shutting down and abandoning module AnimGraph (167)
[2017.03.20-13.25.46:982][474]LogModuleManager: Shutting down and abandoning module Persona (166)
[2017.03.20-13.25.47:002][474]LogModuleManager: Shutting down and abandoning module Kismet (165)
[2017.03.20-13.25.47:009][474]LogModuleManager: Shutting down and abandoning module GraphEditor (164)
[2017.03.20-13.25.47:053][474]LogModuleManager: Shutting down and abandoning module ClassViewer (163)
[2017.03.20-13.25.47:066][474]LogModuleManager: Shutting down and abandoning module Toolbox (162)
[2017.03.20-13.25.47:072][474]LogModuleManager: Shutting down and abandoning module ModuleUI (161)
[2017.03.20-13.25.47:076][474]LogModuleManager: Shutting down and abandoning module MovieSceneTools (160)
[2017.03.20-13.25.47:097][474]LogModuleManager: Shutting down and abandoning module OutputLog (159)
[2017.03.20-13.25.47:097][474]LogModuleManager: Shutting down and abandoning module GammaUI (158)
[2017.03.20-13.25.47:108][474]LogModuleManager: Shutting down and abandoning module Documentation (157)
[2017.03.20-13.25.47:108][474]LogModuleManager: Shutting down and abandoning module Niagara (156)
[2017.03.20-13.25.47:108][474]LogModuleManager: Shutting down and abandoning module StreamingPauseRendering (155)
[2017.03.20-13.25.47:108][474]LogModuleManager: Shutting down and abandoning module AnalyticsET (154)
[2017.03.20-13.25.47:108][474]LogModuleManager: Shutting down and abandoning module PortalServices (153)
[2017.03.20-13.25.47:108][474]LogModuleManager: Shutting down and abandoning module PortalRpc (152)
[2017.03.20-13.25.47:108][474]LogModuleManager: Shutting down and abandoning module MessagingRpc (151)
[2017.03.20-13.25.47:108][474]LogModuleManager: Shutting down and abandoning module GameplayDebugger (150)
[2017.03.20-13.25.47:119][474]LogModuleManager: Shutting down and abandoning module AITestSuite (149)
[2017.03.20-13.25.47:129][474]LogModuleManager: Shutting down and abandoning module AIModule (148)
[2017.03.20-13.25.47:129][474]LogModuleManager: Shutting down and abandoning module ProfilerService (147)
[2017.03.20-13.25.47:274][474]LogModuleManager: Shutting down and abandoning module TaskGraph (146)
[2017.03.20-13.25.47:289][474]LogModuleManager: Shutting down and abandoning module SlateRemote (145)
[2017.03.20-13.25.47:289][474]LogModuleManager: Shutting down and abandoning module SteamVRController (144)
[2017.03.20-13.25.47:289][474]LogModuleManager: Shutting down and abandoning module SteamVR (143)
[2017.03.20-13.25.47:289][474]LogModuleManager: Shutting down and abandoning module ProceduralMeshComponentEditor (142)
[2017.03.20-13.25.47:302][474]LogModuleManager: Shutting down and abandoning module ProceduralMeshComponent (141)
[2017.03.20-13.25.47:313][474]LogModuleManager: Shutting down and abandoning module OculusLibrary (140)
[2017.03.20-13.25.47:313][474]LogModuleManager: Shutting down and abandoning module OculusInput (139)
[2017.03.20-13.25.47:313][474]LogModuleManager: Shutting down and abandoning module MobilePatchingUtils (138)
[2017.03.20-13.25.47:313][474]LogModuleManager: Shutting down and abandoning module CustomMeshComponent (137)
[2017.03.20-13.25.47:313][474]LogModuleManager: Shutting down and abandoning module CableComponent (136)
[2017.03.20-13.25.47:323][474]LogModuleManager: Shutting down and abandoning module ArchVisCharacter (135)
[2017.03.20-13.25.47:323][474]LogModuleManager: Shutting down and abandoning module MediaPlayerEditor (133)
[2017.03.20-13.25.47:350][474]LogModuleManager: Shutting down and abandoning module HTML5Networking (132)
[2017.03.20-13.25.47:350][474]LogModuleManager: Shutting down and abandoning module GeometryCacheEd (131)
[2017.03.20-13.25.47:350][474]LogModuleManager: Shutting down and abandoning module GeometryCache (130)
[2017.03.20-13.25.47:350][474]LogModuleManager: Shutting down and abandoning module AlembicLibrary (129)
[2017.03.20-13.25.47:361][474]LogModuleManager: Shutting down and abandoning module AlembicImporter (128)
[2017.03.20-13.25.47:365][474]LogModuleManager: Shutting down and abandoning module SuperSearch (127)
[2017.03.20-13.25.47:365][474]LogModuleManager: Shutting down and abandoning module SuperSearchEditor (126)
[2017.03.20-13.25.47:365][474]LogModuleManager: Shutting down and abandoning module SpeedTreeImporter (125)
[2017.03.20-13.25.47:365][474]LogModuleManager: Shutting down and abandoning module PluginBrowser (124)
[2017.03.20-13.25.47:377][474]LogModuleManager: Shutting down and abandoning module MobileLauncherProfileWizard (123)
[2017.03.20-13.25.47:392][474]LogModuleManager: Shutting down and abandoning module EpicSurvey (122)
[2017.03.20-13.25.47:402][474]LogModuleManager: Shutting down and abandoning module DesktopPlatform (121)
[2017.03.20-13.25.47:411][474]LogModuleManager: Shutting down and abandoning module VisualStudioSourceCodeAccess (120)
[2017.03.20-13.25.47:419][474]LogModuleManager: Shutting down and abandoning module UObjectPlugin (119)
[2017.03.20-13.25.47:419][474]LogModuleManager: Shutting down and abandoning module SubversionSourceControl (118)
[2017.03.20-13.25.47:425][474]LogModuleManager: Shutting down and abandoning module PerforceSourceControl (117)
[2017.03.20-13.25.47:431][474]LogModuleManager: Shutting down and abandoning module SourceControl (116)
[2017.03.20-13.25.47:443][474]LogModuleManager: Shutting down and abandoning module GitSourceControl (115)
[2017.03.20-13.25.47:454][474]LogModuleManager: Shutting down and abandoning module LightPropagationVolumeEditor (114)
[2017.03.20-13.25.47:454][474]LogModuleManager: Shutting down and abandoning module PaperTiledImporter (113)
[2017.03.20-13.25.47:465][474]LogModuleManager: Shutting down and abandoning module PaperSpriteSheetImporter (112)
[2017.03.20-13.25.47:465][474]LogModuleManager: Shutting down and abandoning module MeshPaint (111)
[2017.03.20-13.25.47:465][474]LogModuleManager: Shutting down and abandoning module PixelInspectorModule (110)
[2017.03.20-13.25.47:474][474]LogModuleManager: Shutting down and abandoning module HotReload (109)
[2017.03.20-13.25.47:474][474]LogDirectoryWatcher: A directory notification for 'C:/Users/Tristan/Documents/UniWork/comp140-gam160-game/SuhDude-Game/Binaries/Win64' was aborted.
[2017.03.20-13.25.47:497][474]LogModuleManager: Shutting down and abandoning module MainFrame (108)
[2017.03.20-13.25.47:497][474]LogModuleManager: Shutting down and abandoning module LevelEditor (107)
[2017.03.20-13.25.47:506][474]LogModuleManager: Shutting down and abandoning module ContentBrowser (106)
[2017.03.20-13.25.47:509][474]LogModuleManager: Shutting down and abandoning module Paper2DEditor (105)
[2017.03.20-13.25.47:524][474]LogModuleManager: Shutting down and abandoning module SuhDude (104)
[2017.03.20-13.25.47:524][474]LogModuleManager: Shutting down and abandoning module UdpMessaging (103)
[2017.03.20-13.25.47:626][474]LogModuleManager: Shutting down and abandoning module TcpMessaging (102)
[2017.03.20-13.25.47:731][474]LogModuleManager: Shutting down and abandoning module LightPropagationVolumeRuntime (101)
[2017.03.20-13.25.47:731][474]LogModuleManager: Shutting down and abandoning module Paper2D (100)
[2017.03.20-13.25.47:744][474]LogModuleManager: Shutting down and abandoning module WindowsMoviePlayer (99)
[2017.03.20-13.25.47:750][474]LogModuleManager: Shutting down and abandoning module WmfMedia (98)
[2017.03.20-13.25.47:759][474]LogModuleManager: Shutting down and abandoning module MediaAssets (97)
[2017.03.20-13.25.47:759][474]LogModuleManager: Shutting down and abandoning module GameLiveStreaming (96)
[2017.03.20-13.25.47:766][474]LogModuleManager: Shutting down and abandoning module GameplayTagsEditor (95)
[2017.03.20-13.25.47:766][474]LogModuleManager: Shutting down and abandoning module VREditor (94)
[2017.03.20-13.25.47:766][474]LogModuleManager: Shutting down and abandoning module GameplayTasksEditor (93)
[2017.03.20-13.25.47:766][474]LogModuleManager: Shutting down and abandoning module BehaviorTreeEditor (92)
[2017.03.20-13.25.47:789][474]LogModuleManager: Shutting down and abandoning module FunctionalTesting (91)
[2017.03.20-13.25.47:794][474]LogModuleManager: Shutting down and abandoning module CollisionAnalyzer (90)
[2017.03.20-13.25.47:804][474]LogModuleManager: Shutting down and abandoning module Sequencer (89)
[2017.03.20-13.25.47:832][474]LogModuleManager: Shutting down and abandoning module WorkspaceMenuStructure (88)
[2017.03.20-13.25.47:832][474]LogModuleManager: Shutting down and abandoning module MessageLog (87)
[2017.03.20-13.25.47:839][474]LogModuleManager: Shutting down and abandoning module AssetTools (86)
[2017.03.20-13.25.47:867][474]LogModuleManager: Shutting down and abandoning module UMGEditor (85)
[2017.03.20-13.25.47:892][474]LogModuleManager: Shutting down and abandoning module UMG (84)
[2017.03.20-13.25.47:892][474]LogModuleManager: Shutting down and abandoning module SlateReflector (83)
[2017.03.20-13.25.47:924][474]LogModuleManager: Shutting down and abandoning module Slate (82)
[2017.03.20-13.25.47:924][474]LogModuleManager: Shutting down and abandoning module EditorStyle (81)
[2017.03.20-13.25.47:929][474]LogModuleManager: Shutting down and abandoning module SourceCodeAccess (80)
[2017.03.20-13.25.47:929][474]LogModuleManager: Shutting down and abandoning module HeadMountedDisplay (79)
[2017.03.20-13.25.47:929][474]LogModuleManager: Shutting down and abandoning module XAudio2 (78)
[2017.03.20-13.25.47:929][474]LogModuleManager: Shutting down and abandoning module Networking (76)
[2017.03.20-13.25.47:929][474]LogModuleManager: Shutting down and abandoning module Core (75)
[2017.03.20-13.25.47:929][474]LogModuleManager: Shutting down and abandoning module DirectoryWatcher (74)
[2017.03.20-13.25.47:929][474]LogDirectoryWatcher: A directory notification for '../../../Engine/Content/' was aborted.
[2017.03.20-13.25.47:930][474]LogDirectoryWatcher: A directory notification for '../../../../../../Users/Tristan/Documents/UniWork/comp140-gam160-game/SuhDude-Game/Content/' was aborted.
[2017.03.20-13.25.47:931][474]LogDirectoryWatcher: A directory notification for '../../../Engine/Plugins/2D/Paper2D/Content/' was aborted.
[2017.03.20-13.25.47:937][474]LogModuleManager: Shutting down and abandoning module AssetRegistry (73)
[2017.03.20-13.25.48:120][474]LogAssetRegistry:Error: Failed to open file for write ../../../../../../Users/Tristan/Documents/UniWork/comp140-gam160-game/SuhDude-Game/Intermediate/CachedAssetRegistry.bin
[2017.03.20-13.25.48:120][474]LogModuleManager: Shutting down and abandoning module KismetCompiler (72)
[2017.03.20-13.25.48:120][474]LogModuleManager: Shutting down and abandoning module PhysXFormats (71)
[2017.03.20-13.25.48:140][474]LogModuleManager: Shutting down and abandoning module SimplygonSwarm (70)
[2017.03.20-13.25.48:151][474]LogModuleManager: Shutting down and abandoning module SimplygonMeshReduction (69)
[2017.03.20-13.25.48:157][474]LogModuleManager: Shutting down and abandoning module QuadricMeshReduction (68)
[2017.03.20-13.25.48:170][474]LogModuleManager: Shutting down and abandoning module PropertyEditor (67)
[2017.03.20-13.25.48:170][474]LogModuleManager: Shutting down and abandoning module MeshUtilities (66)
[2017.03.20-13.25.48:188][474]LogModuleManager: Shutting down and abandoning module DerivedDataCache (65)
[2017.03.20-13.25.48:208][474]LogDerivedDataCache: Shutdown
[2017.03.20-13.25.48:208][474]LogModuleManager: Shutting down and abandoning module VulkanShaderFormat (64)
[2017.03.20-13.25.48:222][474]LogModuleManager: Shutting down and abandoning module ShaderFormatOpenGL (63)
[2017.03.20-13.25.48:229][474]LogModuleManager: Shutting down and abandoning module ShaderFormatD3D (62)
[2017.03.20-13.25.48:229][474]LogModuleManager: Shutting down and abandoning module MetalShaderFormat (61)
[2017.03.20-13.25.48:241][474]LogModuleManager: Shutting down and abandoning module TextureFormatUncompressed (60)
[2017.03.20-13.25.48:241][474]LogModuleManager: Shutting down and abandoning module TextureFormatPVR (59)
[2017.03.20-13.25.48:246][474]LogModuleManager: Shutting down and abandoning module TextureFormatDXT (58)
[2017.03.20-13.25.48:255][474]LogModuleManager: Shutting down and abandoning module TextureFormatIntelISPCTexComp (57)
[2017.03.20-13.25.48:257][474]LogModuleManager: Shutting down and abandoning module ImageWrapper (56)
[2017.03.20-13.25.48:257][474]LogModuleManager: Shutting down and abandoning module TextureFormatASTC (55)
[2017.03.20-13.25.48:257][474]LogModuleManager: Shutting down and abandoning module TextureFormatAndroid (54)
[2017.03.20-13.25.48:257][474]LogModuleManager: Shutting down and abandoning module AudioFormatOpus (53)
[2017.03.20-13.25.48:265][474]LogModuleManager: Shutting down and abandoning module AudioFormatOgg (52)
[2017.03.20-13.25.48:273][474]LogModuleManager: Shutting down and abandoning module AudioFormatADPCM (51)
[2017.03.20-13.25.48:273][474]LogModuleManager: Shutting down and abandoning module LinuxTargetPlatform (50)
[2017.03.20-13.25.48:273][474]LogModuleManager: Shutting down and abandoning module LinuxServerTargetPlatform (49)
[2017.03.20-13.25.48:285][474]LogModuleManager: Shutting down and abandoning module LinuxNoEditorTargetPlatform (48)
[2017.03.20-13.25.48:286][474]LogModuleManager: Shutting down and abandoning module LinuxClientTargetPlatform (47)
[2017.03.20-13.25.48:298][474]LogModuleManager: Shutting down and abandoning module TVOSTargetPlatform (46)
[2017.03.20-13.25.48:299][474]LogModuleManager: Shutting down and abandoning module Messaging (45)
[2017.03.20-13.25.48:299][474]LogModuleManager: Shutting down and abandoning module IOSTargetPlatform (44)
[2017.03.20-13.25.48:299][474]LogModuleManager: Shutting down and abandoning module HTML5TargetPlatform (43)
[2017.03.20-13.25.48:299][474]LogModuleManager: Shutting down and abandoning module Android_PVRTCTargetPlatform (42)
[2017.03.20-13.25.48:299][474]LogModuleManager: Shutting down and abandoning module Android_MultiTargetPlatform (41)
[2017.03.20-13.25.48:299][474]LogModuleManager: Shutting down and abandoning module Android_ETC2TargetPlatform (40)
[2017.03.20-13.25.48:299][474]LogModuleManager: Shutting down and abandoning module Android_ETC1TargetPlatform (39)
[2017.03.20-13.25.48:299][474]LogModuleManager: Shutting down and abandoning module Android_DXTTargetPlatform (38)
[2017.03.20-13.25.48:299][474]LogModuleManager: Shutting down and abandoning module Android_ATCTargetPlatform (37)
[2017.03.20-13.25.48:299][474]LogModuleManager: Shutting down and abandoning module Android_ASTCTargetPlatform (36)
[2017.03.20-13.25.48:299][474]LogModuleManager: Shutting down and abandoning module AndroidTargetPlatform (35)
[2017.03.20-13.25.48:299][474]LogModuleManager: Shutting down and abandoning module WindowsTargetPlatform (34)
[2017.03.20-13.25.48:299][474]LogModuleManager: Shutting down and abandoning module WindowsServerTargetPlatform (33)
[2017.03.20-13.25.48:306][474]LogModuleManager: Shutting down and abandoning module WindowsNoEditorTargetPlatform (32)
[2017.03.20-13.25.48:316][474]LogModuleManager: Shutting down and abandoning module WindowsClientTargetPlatform (31)
[2017.03.20-13.25.48:316][474]LogModuleManager: Shutting down and abandoning module MacTargetPlatform (30)
[2017.03.20-13.25.48:316][474]LogModuleManager: Shutting down and abandoning module MacServerTargetPlatform (29)
[2017.03.20-13.25.48:316][474]LogModuleManager: Shutting down and abandoning module MacNoEditorTargetPlatform (28)
[2017.03.20-13.25.48:316][474]LogModuleManager: Shutting down and abandoning module MacClientTargetPlatform (27)
[2017.03.20-13.25.48:316][474]LogModuleManager: Shutting down and abandoning module AllDesktopTargetPlatform (26)
[2017.03.20-13.25.48:316][474]LogModuleManager: Shutting down and abandoning module TargetPlatform (25)
[2017.03.20-13.25.48:316][474]LogModuleManager: Shutting down and abandoning module InputCore (24)
[2017.03.20-13.25.48:316][474]LogModuleManager: Shutting down and abandoning module Settings (23)
[2017.03.20-13.25.48:325][474]LogModuleManager: Shutting down and abandoning module OculusRift (22)
[2017.03.20-13.25.48:336][474]LogModuleManager: Shutting down and abandoning module ExampleDeviceProfileSelector (21)
[2017.03.20-13.25.48:336][474]LogModuleManager: Shutting down and abandoning module OnlineBlueprintSupport (20)
[2017.03.20-13.25.48:336][474]LogModuleManager: Shutting down and abandoning module OnlineSubsystem (18)
[2017.03.20-13.25.48:336][474]LogOnline:Display: Unloading online subsystem: NULL
[2017.03.20-13.25.48:343][474]LogModuleManager: Shutting down and abandoning module SSL (17)
[2017.03.20-13.25.48:356][474]LogModuleManager: Shutting down and abandoning module HTTP (16)
[2017.03.20-13.25.48:356][474]LogModuleManager: Shutting down and abandoning module XMPP (15)
[2017.03.20-13.25.48:371][474]LogModuleManager: Shutting down and abandoning module TextureCompressor (14)
[2017.03.20-13.25.48:376][474]LogModuleManager: Shutting down and abandoning module ShaderCore (13)
[2017.03.20-13.25.48:376][474]LogModuleManager: Shutting down and abandoning module Landscape (12)
[2017.03.20-13.25.48:376][474]LogModuleManager: Shutting down and abandoning module SlateRHIRenderer (11)
[2017.03.20-13.25.48:411][474]LogModuleManager: Shutting down and abandoning module OpenGLDrv (10)
[2017.03.20-13.25.48:416][474]LogModuleManager: Shutting down and abandoning module D3D11RHI (9)
[2017.03.20-13.25.48:416][474]LogModuleManager: Shutting down and abandoning module AnimGraphRuntime (8)
[2017.03.20-13.25.48:454][474]LogModuleManager: Shutting down and abandoning module Renderer (7)
[2017.03.20-13.25.48:469][474]LogModuleManager: Shutting down and abandoning module Engine (6)
[2017.03.20-13.25.48:469][474]LogModuleManager: Shutting down and abandoning module CoreUObject (5)
[2017.03.20-13.25.48:469][474]LogModuleManager: Shutting down and abandoning module NetworkFile (4)
[2017.03.20-13.25.48:487][474]LogModuleManager: Shutting down and abandoning module StreamingFile (3)
[2017.03.20-13.25.48:512][474]LogModuleManager: Shutting down and abandoning module SandboxFile (2)
[2017.03.20-13.25.48:512][474]LogModuleManager: Shutting down and abandoning module PakFile (1)
[2017.03.20-13.25.48:528][474]LogExit: Exiting.
[2017.03.20-13.25.48:548][474]Log file closed, 03/20/17 13:25:48
