Log file open, 03/20/17 14:15:27
LogInit:Display: Running engine for game: SuhDude
LogPlatformFile: Not using cached read wrapper
LogInit:Display: RandInit(-1421540533) SRandInit(-1421540533).
LogTaskGraph: Started task graph with 5 named threads and 6 total threads with 1 sets of task threads.
LogStats: Stats thread started at 0.066056
LogPluginManager: Loaded Plugin Paper2D, From C:/Program Files/Epic Games/UE_4.14/Engine/Plugins/2D/Paper2D/Paper2D.uplugin
LogPluginManager: Loaded Plugin LightPropagationVolume, From C:/Program Files/Epic Games/UE_4.14/Engine/Plugins/Blendables/LightPropagationVolume/LightPropagationVolume.uplugin
LogPluginManager: Loaded Plugin BlankPlugin, From C:/Program Files/Epic Games/UE_4.14/Engine/Plugins/Developer/BlankPlugin/BlankPlugin.uplugin
LogPluginManager: Loaded Plugin CodeLiteSourceCodeAccess, From C:/Program Files/Epic Games/UE_4.14/Engine/Plugins/Developer/CodeLiteSourceCodeAccess/CodeLiteSourceCodeAccess.uplugin
LogPluginManager: Loaded Plugin GitSourceControl, From C:/Program Files/Epic Games/UE_4.14/Engine/Plugins/Developer/GitSourceControl/GitSourceControl.uplugin
LogPluginManager: Loaded Plugin KDevelopSourceCodeAccess, From C:/Program Files/Epic Games/UE_4.14/Engine/Plugins/Developer/KDevelopSourceCodeAccess/KDevelopSourceCodeAccess.uplugin
LogPluginManager: Loaded Plugin NullSourceCodeAccess, From C:/Program Files/Epic Games/UE_4.14/Engine/Plugins/Developer/NullSourceCodeAccess/NullSourceCodeAccess.uplugin
LogPluginManager: Loaded Plugin OneSkyLocalizationService, From C:/Program Files/Epic Games/UE_4.14/Engine/Plugins/Developer/OneSkyLocalizationService/OneSkyLocalizationService.uplugin
LogPluginManager: Loaded Plugin PerforceSourceControl, From C:/Program Files/Epic Games/UE_4.14/Engine/Plugins/Developer/PerforceSourceControl/PerforceSourceControl.uplugin
LogPluginManager: Loaded Plugin SubversionSourceControl, From C:/Program Files/Epic Games/UE_4.14/Engine/Plugins/Developer/SubversionSourceControl/SubversionSourceControl.uplugin
LogPluginManager: Loaded Plugin UObjectPlugin, From C:/Program Files/Epic Games/UE_4.14/Engine/Plugins/Developer/UObjectPlugin/UObjectPlugin.uplugin
LogPluginManager: Loaded Plugin VisualStudioSourceCodeAccess, From C:/Program Files/Epic Games/UE_4.14/Engine/Plugins/Developer/VisualStudioSourceCodeAccess/VisualStudioSourceCodeAccess.uplugin
LogPluginManager: Loaded Plugin XCodeSourceCodeAccess, From C:/Program Files/Epic Games/UE_4.14/Engine/Plugins/Developer/XCodeSourceCodeAccess/XCodeSourceCodeAccess.uplugin
LogPluginManager: Loaded Plugin AudioCapture, From C:/Program Files/Epic Games/UE_4.14/Engine/Plugins/Editor/AudioCapture/AudioCapture.uplugin
LogPluginManager: Loaded Plugin EpicSurvey, From C:/Program Files/Epic Games/UE_4.14/Engine/Plugins/Editor/EpicSurvey/EpicSurvey.uplugin
LogPluginManager: Loaded Plugin MacGraphicsSwitching, From C:/Program Files/Epic Games/UE_4.14/Engine/Plugins/Editor/MacGraphicsSwitching/MacGraphicsSwitching.uplugin
LogPluginManager: Loaded Plugin MobileLauncherProfileWizard, From C:/Program Files/Epic Games/UE_4.14/Engine/Plugins/Editor/MobileLauncherProfileWizard/MobileLauncherProfileWizard.uplugin
LogPluginManager: Loaded Plugin PluginBrowser, From C:/Program Files/Epic Games/UE_4.14/Engine/Plugins/Editor/PluginBrowser/PluginBrowser.uplugin
LogPluginManager: Loaded Plugin SpeedTreeImporter, From C:/Program Files/Epic Games/UE_4.14/Engine/Plugins/Editor/SpeedTreeImporter/SpeedTreeImporter.uplugin
LogPluginManager: Loaded Plugin SuperSearchEditor, From C:/Program Files/Epic Games/UE_4.14/Engine/Plugins/Editor/SuperSearchEditor/SuperSearchEditor.uplugin
LogPluginManager: Loaded Plugin AlembicImporter, From C:/Program Files/Epic Games/UE_4.14/Engine/Plugins/Experimental/AlembicImporter/AlembicImporter.uplugin
LogPluginManager: Loaded Plugin BlueprintStats, From C:/Program Files/Epic Games/UE_4.14/Engine/Plugins/Experimental/BlueprintStats/BlueprintStats.uplugin
LogPluginManager: Loaded Plugin CharacterAI, From C:/Program Files/Epic Games/UE_4.14/Engine/Plugins/Experimental/CharacterAI/CharacterAI.uplugin
LogPluginManager: Loaded Plugin CodeEditor, From C:/Program Files/Epic Games/UE_4.14/Engine/Plugins/Experimental/CodeEditor/CodeEditor.uplugin
LogPluginManager: Loaded Plugin CodeView, From C:/Program Files/Epic Games/UE_4.14/Engine/Plugins/Experimental/CodeView/CodeView.uplugin
LogPluginManager: Loaded Plugin HTML5Networking, From C:/Program Files/Epic Games/UE_4.14/Engine/Plugins/Experimental/HTML5Networking/HTML5Networking.uplugin
LogPluginManager: Loaded Plugin OSVR, From C:/Program Files/Epic Games/UE_4.14/Engine/Plugins/Experimental/OSVR/OSVR.uplugin
LogPluginManager: Loaded Plugin Phya, From C:/Program Files/Epic Games/UE_4.14/Engine/Plugins/Experimental/Phya/Phya.uplugin
LogPluginManager: Loaded Plugin SignificanceManager, From C:/Program Files/Epic Games/UE_4.14/Engine/Plugins/Experimental/SignificanceManager/SignificanceManager.uplugin
LogPluginManager: Loaded Plugin SimpleHMD, From C:/Program Files/Epic Games/UE_4.14/Engine/Plugins/Experimental/SimpleHMD/SimpleHMD.uplugin
LogPluginManager: Loaded Plugin StereoPanorama, From C:/Program Files/Epic Games/UE_4.14/Engine/Plugins/Experimental/StereoPanorama/StereoPanorama.uplugin
LogPluginManager: Loaded Plugin StructBox, From C:/Program Files/Epic Games/UE_4.14/Engine/Plugins/Experimental/StructBox/StructBox.uplugin
LogPluginManager: Loaded Plugin AndroidMedia, From C:/Program Files/Epic Games/UE_4.14/Engine/Plugins/Media/AndroidMedia/AndroidMedia.uplugin
LogPluginManager: Loaded Plugin AvfMedia, From C:/Program Files/Epic Games/UE_4.14/Engine/Plugins/Media/AvfMedia/AvfMedia.uplugin
LogPluginManager: Loaded Plugin MediaPlayerEditor, From C:/Program Files/Epic Games/UE_4.14/Engine/Plugins/Media/MediaPlayerEditor/MediaPlayerEditor.uplugin
LogPluginManager: Loaded Plugin WmfMedia, From C:/Program Files/Epic Games/UE_4.14/Engine/Plugins/Media/WmfMedia/WmfMedia.uplugin
LogPluginManager: Loaded Plugin MessagingDebugger, From C:/Program Files/Epic Games/UE_4.14/Engine/Plugins/Messaging/MessagingDebugger/MessagingDebugger.uplugin
LogPluginManager: Loaded Plugin TcpMessaging, From C:/Program Files/Epic Games/UE_4.14/Engine/Plugins/Messaging/TcpMessaging/TcpMessaging.uplugin
LogPluginManager: Loaded Plugin UdpMessaging, From C:/Program Files/Epic Games/UE_4.14/Engine/Plugins/Messaging/UdpMessaging/UdpMessaging.uplugin
LogPluginManager: Loaded Plugin LevelSequenceEditor, From C:/Program Files/Epic Games/UE_4.14/Engine/Plugins/MovieScene/LevelSequenceEditor/LevelSequenceEditor.uplugin
LogPluginManager: Loaded Plugin MatineeToLevelSequence, From C:/Program Files/Epic Games/UE_4.14/Engine/Plugins/MovieScene/MatineeToLevelSequence/MatineeToLevelSequence.uplugin
LogPluginManager: Loaded Plugin NetcodeUnitTest, From C:/Program Files/Epic Games/UE_4.14/Engine/Plugins/NetcodeUnitTest/NetcodeUnitTest/NetcodeUnitTest.uplugin
LogPluginManager: Loaded Plugin NUTUnrealEngine4, From C:/Program Files/Epic Games/UE_4.14/Engine/Plugins/NetcodeUnitTest/NUTUnrealEngine4/NUTUnrealEngine4.uplugin
LogPluginManager: Loaded Plugin OnlineSubsystemGameCircle, From C:/Program Files/Epic Games/UE_4.14/Engine/Plugins/Online/Android/OnlineSubsystemGameCircle/OnlineSubsystemGameCircle.uplugin
LogPluginManager: Loaded Plugin OnlineSubsystemGooglePlay, From C:/Program Files/Epic Games/UE_4.14/Engine/Plugins/Online/Android/OnlineSubsystemGooglePlay/OnlineSubsystemGooglePlay.uplugin
LogPluginManager: Loaded Plugin OnlineSubsystemIOS, From C:/Program Files/Epic Games/UE_4.14/Engine/Plugins/Online/IOS/OnlineSubsystemIOS/OnlineSubsystemIOS.uplugin
LogPluginManager: Loaded Plugin OnlineFramework, From C:/Program Files/Epic Games/UE_4.14/Engine/Plugins/Online/OnlineFramework/OnlineFramework.uplugin
LogPluginManager: Loaded Plugin OnlineSubsystem, From C:/Program Files/Epic Games/UE_4.14/Engine/Plugins/Online/OnlineSubsystem/OnlineSubsystem.uplugin
LogPluginManager: Loaded Plugin OnlineSubsystemAmazon, From C:/Program Files/Epic Games/UE_4.14/Engine/Plugins/Online/OnlineSubsystemAmazon/OnlineSubsystemAmazon.uplugin
LogPluginManager: Loaded Plugin OnlineSubsystemFacebook, From C:/Program Files/Epic Games/UE_4.14/Engine/Plugins/Online/OnlineSubsystemFacebook/OnlineSubsystemFacebook.uplugin
LogPluginManager: Loaded Plugin OnlineSubsystemNull, From C:/Program Files/Epic Games/UE_4.14/Engine/Plugins/Online/OnlineSubsystemNull/OnlineSubsystemNull.uplugin
LogPluginManager: Loaded Plugin OnlineSubsystemOculus, From C:/Program Files/Epic Games/UE_4.14/Engine/Plugins/Online/OnlineSubsystemOculus/OnlineSubsystemOculus.uplugin
LogPluginManager: Loaded Plugin OnlineSubsystemSteam, From C:/Program Files/Epic Games/UE_4.14/Engine/Plugins/Online/OnlineSubsystemSteam/OnlineSubsystemSteam.uplugin
LogPluginManager: Loaded Plugin OnlineSubsystemUtils, From C:/Program Files/Epic Games/UE_4.14/Engine/Plugins/Online/OnlineSubsystemUtils/OnlineSubsystemUtils.uplugin
LogPluginManager: Loaded Plugin IOSTapJoy, From C:/Program Files/Epic Games/UE_4.14/Engine/Plugins/Runtime/Advertising/IOSTapJoy/IOSTapJoy.uplugin
LogPluginManager: Loaded Plugin AnalyticsBlueprintLibrary, From C:/Program Files/Epic Games/UE_4.14/Engine/Plugins/Runtime/Analytics/AnalyticsBlueprintLibrary/AnalyticsBlueprintLibrary.uplugin
LogPluginManager: Loaded Plugin AnalyticsMulticast, From C:/Program Files/Epic Games/UE_4.14/Engine/Plugins/Runtime/Analytics/AnalyticsMulticast/AnalyticsMulticast.uplugin
LogPluginManager: Loaded Plugin Apsalar, From C:/Program Files/Epic Games/UE_4.14/Engine/Plugins/Runtime/Analytics/Apsalar/Apsalar.uplugin
LogPluginManager: Loaded Plugin FileLogging, From C:/Program Files/Epic Games/UE_4.14/Engine/Plugins/Runtime/Analytics/FileLogging/FileLogging.uplugin
LogPluginManager: Loaded Plugin Flurry, From C:/Program Files/Epic Games/UE_4.14/Engine/Plugins/Runtime/Analytics/Flurry/Flurry.uplugin
LogPluginManager: Loaded Plugin AndroidDeviceProfileSelector, From C:/Program Files/Epic Games/UE_4.14/Engine/Plugins/Runtime/AndroidDeviceProfileSelector/AndroidDeviceProfileSelector.uplugin
LogPluginManager: Loaded Plugin AndroidMoviePlayer, From C:/Program Files/Epic Games/UE_4.14/Engine/Plugins/Runtime/AndroidMoviePlayer/AndroidMoviePlayer.uplugin
LogPluginManager: Loaded Plugin AppleMoviePlayer, From C:/Program Files/Epic Games/UE_4.14/Engine/Plugins/Runtime/AppleMoviePlayer/AppleMoviePlayer.uplugin
LogPluginManager: Loaded Plugin ArchVisCharacter, From C:/Program Files/Epic Games/UE_4.14/Engine/Plugins/Runtime/ArchVisCharacter/ArchVisCharacter.uplugin
LogPluginManager: Loaded Plugin CableComponent, From C:/Program Files/Epic Games/UE_4.14/Engine/Plugins/Runtime/CableComponent/CableComponent.uplugin
LogPluginManager: Loaded Plugin CustomMeshComponent, From C:/Program Files/Epic Games/UE_4.14/Engine/Plugins/Runtime/CustomMeshComponent/CustomMeshComponent.uplugin
LogPluginManager: Loaded Plugin ExampleDeviceProfileSelector, From C:/Program Files/Epic Games/UE_4.14/Engine/Plugins/Runtime/ExampleDeviceProfileSelector/ExampleDeviceProfileSelector.uplugin
LogPluginManager: Loaded Plugin GearVR, From C:/Program Files/Epic Games/UE_4.14/Engine/Plugins/Runtime/GearVR/GearVR.uplugin
LogPluginManager: Loaded Plugin GoogleVRController, From C:/Program Files/Epic Games/UE_4.14/Engine/Plugins/Runtime/GoogleVR/GoogleVRController/GoogleVRController.uplugin
LogPluginManager: Loaded Plugin GoogleVRHMD, From C:/Program Files/Epic Games/UE_4.14/Engine/Plugins/Runtime/GoogleVR/GoogleVRHMD/GoogleVRHMD.uplugin
LogPluginManager: Loaded Plugin IOSDeviceProfileSelector, From C:/Program Files/Epic Games/UE_4.14/Engine/Plugins/Runtime/IOSDeviceProfileSelector/IOSDeviceProfileSelector.uplugin
LogPluginManager: Loaded Plugin LeapMotion, From C:/Program Files/Epic Games/UE_4.14/Engine/Plugins/Runtime/LeapMotion/LeapMotion.uplugin
LogPluginManager: Loaded Plugin LinuxDeviceProfileSelector, From C:/Program Files/Epic Games/UE_4.14/Engine/Plugins/Runtime/LinuxDeviceProfileSelector/LinuxDeviceProfileSelector.uplugin
LogPluginManager: Loaded Plugin MIDIDevice, From C:/Program Files/Epic Games/UE_4.14/Engine/Plugins/Runtime/MIDIDevice/MIDIDevice.uplugin
LogPluginManager: Loaded Plugin MobilePatchingUtils, From C:/Program Files/Epic Games/UE_4.14/Engine/Plugins/Runtime/MobilePatchingUtils/MobilePatchingUtils.uplugin
LogPluginManager: Loaded Plugin Ansel, From C:/Program Files/Epic Games/UE_4.14/Engine/Plugins/Runtime/Nvidia/Ansel/Ansel.uplugin
LogPluginManager: Loaded Plugin OculusAudio, From C:/Program Files/Epic Games/UE_4.14/Engine/Plugins/Runtime/OculusAudio/OculusAudio.uplugin
LogPluginManager: Loaded Plugin OculusInput, From C:/Program Files/Epic Games/UE_4.14/Engine/Plugins/Runtime/OculusInput/OculusInput.uplugin
LogPluginManager: Loaded Plugin OculusLibrary, From C:/Program Files/Epic Games/UE_4.14/Engine/Plugins/Runtime/OculusLibrary/OculusLibrary.uplugin
LogPluginManager: Loaded Plugin OculusRift, From C:/Program Files/Epic Games/UE_4.14/Engine/Plugins/Runtime/OculusRift/OculusRift.uplugin
LogPluginManager: Loaded Plugin Oodle, From C:/Program Files/Epic Games/UE_4.14/Engine/Plugins/Runtime/PacketHandlers/CompressionComponents/Oodle/Oodle.uplugin
LogPluginManager: Loaded Plugin ProceduralMeshComponent, From C:/Program Files/Epic Games/UE_4.14/Engine/Plugins/Runtime/ProceduralMeshComponent/ProceduralMeshComponent.uplugin
LogPluginManager: Loaded Plugin SoundMod, From C:/Program Files/Epic Games/UE_4.14/Engine/Plugins/Runtime/SoundMod/SoundMod.uplugin
LogPluginManager: Loaded Plugin SoundVisualizations, From C:/Program Files/Epic Games/UE_4.14/Engine/Plugins/Runtime/SoundVisualizations/SoundVisualizations.uplugin
LogPluginManager: Loaded Plugin SteamController, From C:/Program Files/Epic Games/UE_4.14/Engine/Plugins/Runtime/Steam/SteamController/SteamController.uplugin
LogPluginManager: Loaded Plugin SteamVR, From C:/Program Files/Epic Games/UE_4.14/Engine/Plugins/Runtime/Steam/SteamVR/SteamVR.uplugin
LogPluginManager: Loaded Plugin WebBrowserWidget, From C:/Program Files/Epic Games/UE_4.14/Engine/Plugins/Runtime/WebBrowserWidget/WebBrowserWidget.uplugin
LogPluginManager: Loaded Plugin WindowsDeviceProfileSelector, From C:/Program Files/Epic Games/UE_4.14/Engine/Plugins/Runtime/WindowsDeviceProfileSelector/WindowsDeviceProfileSelector.uplugin
LogPluginManager: Loaded Plugin WindowsMoviePlayer, From C:/Program Files/Epic Games/UE_4.14/Engine/Plugins/Runtime/WindowsMoviePlayer/WindowsMoviePlayer.uplugin
LogPluginManager: Loaded Plugin ScriptPlugin, From C:/Program Files/Epic Games/UE_4.14/Engine/Plugins/ScriptPlugin/ScriptPlugin.uplugin
LogPluginManager: Loaded Plugin SlateRemote, From C:/Program Files/Epic Games/UE_4.14/Engine/Plugins/Slate/SlateRemote/SlateRemote.uplugin
LogPluginManager: Loaded Plugin EditorTests, From C:/Program Files/Epic Games/UE_4.14/Engine/Plugins/Tests/EditorTests/EditorTests.uplugin
LogPluginManager: Loaded Plugin FbxAutomationTestBuilder, From C:/Program Files/Epic Games/UE_4.14/Engine/Plugins/Tests/FbxAutomationTestBuilder/FbxAutomationTestBuilder.uplugin
LogPluginManager: Loaded Plugin FunctionalTestingEditor, From C:/Program Files/Epic Games/UE_4.14/Engine/Plugins/Tests/FunctionalTestingEditor/FunctionalTestingEditor.uplugin
LogPluginManager: Loaded Plugin RuntimeTests, From C:/Program Files/Epic Games/UE_4.14/Engine/Plugins/Tests/RuntimeTests/RuntimeTests.uplugin
LogPluginManager: Loaded Plugin ScreenshotTools, From C:/Program Files/Epic Games/UE_4.14/Engine/Plugins/Tests/ScreenshotTools/ScreenshotTools.uplugin
LogInit: Using libcurl 7.47.1
LogInit:  - built for x86_64-pc-win32
LogInit:  - supports SSL with OpenSSL/1.0.2g
LogInit:  - supports HTTP deflate (compression) using libz 1.2.8
LogInit:  - other features:
LogInit:      CURL_VERSION_SSL
LogInit:      CURL_VERSION_LIBZ
LogInit:      CURL_VERSION_IPV6
LogInit:      CURL_VERSION_ASYNCHDNS
LogInit:      CURL_VERSION_LARGEFILE
LogInit:      CURL_VERSION_IDN
LogInit:  CurlRequestOptions (configurable via config and command line):
LogInit:  - bVerifyPeer = false  - Libcurl will NOT verify peer certificate
LogInit:  - bUseHttpProxy = false  - Libcurl will NOT use HTTP proxy
LogInit:  - bDontReuseConnections = false  - Libcurl will reuse connections
LogInit:  - CertBundlePath = nullptr  - Libcurl will use whatever was configured at build time.
LogInit: Build: ++UE4+Release-4.14-CL-3249277
LogInit: Engine Version: 4.14.3-3249277+++UE4+Release-4.14
LogInit: Compatible Engine Version: 4.14.0-3195953+++UE4+Release-4.14
LogInit: Net CL: 3195953
LogDevObjectVersion: Number of dev versions registered: 13
LogDevObjectVersion:   Dev-Blueprints (B0D832E4-1F89-4F0D-ACCF-7EB736FD4AA2): 7
LogDevObjectVersion:   Dev-Build (E1C64328-A22C-4D53-A36C-8E866417BD8C): 0
LogDevObjectVersion:   Dev-Core (375EC13C-06E4-48FB-B500-84F0262A717E): 1
LogDevObjectVersion:   Dev-Editor (E4B068ED-F494-42E9-A231-DA0B2E46BB41): 8
LogDevObjectVersion:   Dev-Framework (CFFC743F-43B0-4480-9391-14DF171D2073): 17
LogDevObjectVersion:   Dev-Mobile (B02B49B5-BB20-44E9-A304-32B752E40360): 0
LogDevObjectVersion:   Dev-Networking (A4E4105C-59A1-49B5-A7C5-40C4547EDFEE): 0
LogDevObjectVersion:   Dev-Online (39C831C9-5AE6-47DC-9A44-9C173E1C8E7C): 0
LogDevObjectVersion:   Dev-Physics (78F01B33-EBEA-4F98-B9B4-84EACCB95AA2): 0
LogDevObjectVersion:   Dev-Platform (6631380F-2D4D-43E0-8009-CF276956A95A): 0
LogDevObjectVersion:   Dev-Rendering (12F88B9F-8875-4AFC-A67C-D90C383ABD29): 12
LogDevObjectVersion:   Dev-Sequencer (7B5AE74C-D270-4C10-A958-57980B212A5A): 1
LogDevObjectVersion:   Dev-VR (D7296918-1DD6-4BDD-9DE2-64A83CC13884): 0
LogInit: Compiled (64-bit): Jan  6 2017 10:49:43
LogInit: Compiled with Visual C++: 19.00.23026.00
LogInit: Build Configuration: Development
LogInit: Branch Name: ++UE4+Release-4.14
LogInit: Command line:  
LogInit: Base directory: C:/Program Files/Epic Games/UE_4.14/Engine/Binaries/Win64/
LogInit: Installed Engine Build: 1
LogInit: Presizing for max 8388607 objects, including 0 objects not considered by GC, pre-allocating 0 bytes for permanent pool.
LogInit: Object subsystem initialized
[2017.03.20-14.15.28:186][  0]LogInit: Selected Device Profile: [Windows]
[2017.03.20-14.15.28:186][  0]LogInit: Applying CVar settings loaded from the selected device profile: [Windows]
[2017.03.20-14.15.28:199][  0]LogInit: Computer: LAPTOP-HOJJGP5S
[2017.03.20-14.15.28:199][  0]LogInit: User: Tristan
[2017.03.20-14.15.28:199][  0]LogInit: CPU Page size=65536, Cores=2
[2017.03.20-14.15.28:199][  0]LogInit: High frequency timer resolution =2.343749 MHz
[2017.03.20-14.15.28:200][  0]LogMemory: Memory total: Physical=7.8GB (8GB approx)
[2017.03.20-14.15.28:200][  0]LogMemory: Platform Memory Stats for Windows
[2017.03.20-14.15.28:200][  0]LogMemory: Process Physical Memory: 264.05 MB used, 264.05 MB peak
[2017.03.20-14.15.28:200][  0]LogMemory: Process Virtual Memory: 262.37 MB used, 262.37 MB peak
[2017.03.20-14.15.28:200][  0]LogMemory: Physical Memory: 4516.73 MB used,  3514.11 MB free, 8030.84 MB total
[2017.03.20-14.15.28:200][  0]LogMemory: Virtual Memory: 674.75 MB used,  3514.11 MB free, 134217728.00 MB total
[2017.03.20-14.15.28:464][  0]LogTextLocalizationManager: No specific translations for ('en-GB') exist, so ('en') translations will be used.
[2017.03.20-14.15.29:197][  0]LogD3D11RHI: D3D11 adapters:
[2017.03.20-14.15.29:238][  0]LogD3D11RHI:    0. 'NVIDIA GeForce 940M' (Feature Level 11_0)
[2017.03.20-14.15.29:238][  0]LogD3D11RHI:       2020/0/4015 MB DedicatedVideo/DedicatedSystem/SharedSystem, Outputs:1, VendorId:0x10de
[2017.03.20-14.15.29:247][  0]LogD3D11RHI:    1. 'Intel(R) HD Graphics 520' (Feature Level 11_0)
[2017.03.20-14.15.29:247][  0]LogD3D11RHI:       128/0/4015 MB DedicatedVideo/DedicatedSystem/SharedSystem, Outputs:0, VendorId:0x8086
[2017.03.20-14.15.29:248][  0]LogD3D11RHI:    2. 'Microsoft Basic Render Driver' (Feature Level 11_0)
[2017.03.20-14.15.29:248][  0]LogD3D11RHI:       0/0/4015 MB DedicatedVideo/DedicatedSystem/SharedSystem, Outputs:0, VendorId:0x1414
[2017.03.20-14.15.29:248][  0]LogD3D11RHI: Chosen D3D11 Adapter: 0
[2017.03.20-14.15.29:255][  0]LogD3D11RHI: Creating new Direct3DDevice
[2017.03.20-14.15.29:255][  0]LogD3D11RHI:     GPU DeviceId: 0x1347 (for the marketing name, search the web for "GPU Device Id")
[2017.03.20-14.15.29:255][  0]LogWindows: EnumDisplayDevices:
[2017.03.20-14.15.29:255][  0]LogWindows:    0. 'Intel(R) HD Graphics 520' (P:1 D:1)
[2017.03.20-14.15.29:256][  0]LogWindows:    1. 'Intel(R) HD Graphics 520' (P:0 D:0)
[2017.03.20-14.15.29:256][  0]LogWindows:    2. 'Intel(R) HD Graphics 520' (P:0 D:0)
[2017.03.20-14.15.29:256][  0]LogWindows: DebugString: PrimaryIsNotTheChoosenAdapter PrimaryIsNotTheChoosenAdapter PrimaryIsNotTheChoosenAdapter FoundDriverCount:0 
[2017.03.20-14.15.29:256][  0]LogD3D11RHI:     Adapter Name: NVIDIA GeForce 940M
[2017.03.20-14.15.29:256][  0]LogD3D11RHI:   Driver Version: Unknown (internal:Unknown, unified:Unknown)
[2017.03.20-14.15.29:256][  0]LogD3D11RHI:      Driver Date: Unknown
[2017.03.20-14.15.29:256][  0]LogRHI: Texture pool is 1361 MB (70% of 1945 MB)
[2017.03.20-14.15.29:272][  0]LogD3D11RHI: Async texture creation enabled
[2017.03.20-14.15.29:285][  0]LogD3D11RHI: GPU Timing Frequency: 1000.000000 (Debug: 2 1)
[2017.03.20-14.15.29:286][  0]LogShaderCompilers: Guid format shader working directory is -34 characters bigger than the processId version (../../../../../../Users/Tristan/Documents/UniWork/comp140-gam160-game/SuhDude-Game/Intermediate/Shaders/WorkingDirectory/1740/).
[2017.03.20-14.15.29:286][  0]LogShaderCompilers: Cleaned the shader compiler working directory 'C:/Users/Tristan/AppData/Local/Temp/UnrealShaderWorkingDir/BB34DF084F8CFF0F1CB3AEBB4560D23D/'.
[2017.03.20-14.15.29:286][  0]LogShaderCompilers:Display: Using Local Shader Compiler.
[2017.03.20-14.15.30:766][  0]LogTemp:Display: Loaded TP AllDesktopTargetPlatform
[2017.03.20-14.15.30:835][  0]LogTemp:Display: Loaded TP MacClientTargetPlatform
[2017.03.20-14.15.30:910][  0]LogTemp:Display: Loaded TP MacNoEditorTargetPlatform
[2017.03.20-14.15.30:984][  0]LogTemp:Display: Loaded TP MacServerTargetPlatform
[2017.03.20-14.15.31:071][  0]LogTemp:Display: Loaded TP MacTargetPlatform
[2017.03.20-14.15.31:156][  0]LogTemp:Display: Loaded TP WindowsClientTargetPlatform
[2017.03.20-14.15.31:238][  0]LogTemp:Display: Loaded TP WindowsNoEditorTargetPlatform
[2017.03.20-14.15.31:330][  0]LogTemp:Display: Loaded TP WindowsServerTargetPlatform
[2017.03.20-14.15.31:434][  0]LogTemp:Display: Loaded TP WindowsTargetPlatform
[2017.03.20-14.15.31:550][  0]LogTemp:Display: Loaded TP AndroidTargetPlatform
[2017.03.20-14.15.31:632][  0]LogTemp:Display: Loaded TP Android_ASTCTargetPlatform
[2017.03.20-14.15.31:693][  0]LogTemp:Display: Loaded TP Android_ATCTargetPlatform
[2017.03.20-14.15.31:755][  0]LogTemp:Display: Loaded TP Android_DXTTargetPlatform
[2017.03.20-14.15.31:816][  0]LogTemp:Display: Loaded TP Android_ETC1TargetPlatform
[2017.03.20-14.15.31:880][  0]LogTemp:Display: Loaded TP Android_ETC2TargetPlatform
[2017.03.20-14.15.32:020][  0]LogTemp:Display: Loaded TP Android_MultiTargetPlatform
[2017.03.20-14.15.32:020][  0]LogTemp:Display: Loaded TP Android_PVRTCTargetPlatform
[2017.03.20-14.15.32:071][  0]LogTemp:Display: Loaded TP HTML5TargetPlatform
[2017.03.20-14.15.32:175][  0]LogTemp:Display: Loaded TP IOSTargetPlatform
[2017.03.20-14.15.32:215][  0]LogTemp:Display: Loaded TP TVOSTargetPlatform
[2017.03.20-14.15.32:279][  0]LogTemp:Display: Loaded TP LinuxClientTargetPlatform
[2017.03.20-14.15.32:341][  0]LogTemp:Display: Loaded TP LinuxNoEditorTargetPlatform
[2017.03.20-14.15.32:402][  0]LogTemp:Display: Loaded TP LinuxServerTargetPlatform
[2017.03.20-14.15.32:463][  0]LogTemp:Display: Loaded TP LinuxTargetPlatform
[2017.03.20-14.15.32:463][  0]LogTargetPlatformManager:Display: Building Assets For Windows
[2017.03.20-14.15.32:949][  0]LogDerivedDataCache:Display: Max Cache Size: 512 MB
[2017.03.20-14.15.33:020][  0]LogDerivedDataCache: Loaded boot cache 0.07s 50MB C:/Users/Tristan/AppData/Local/UnrealEngine/4.14/DerivedDataCache/Boot.ddc.
[2017.03.20-14.15.33:020][  0]LogDerivedDataCache:Display: Loaded Boot cache: C:/Users/Tristan/AppData/Local/UnrealEngine/4.14/DerivedDataCache/Boot.ddc
[2017.03.20-14.15.33:020][  0]LogDerivedDataCache: FDerivedDataBackendGraph:  Pak pak cache file ../../../../../../Users/Tristan/Documents/UniWork/comp140-gam160-game/SuhDude-Game/DerivedDataCache/DDC.ddp not found, will not use a pak cache.
[2017.03.20-14.15.33:020][  0]LogDerivedDataCache: Unable to find inner node Pak for hierarchical cache Hierarchy.
[2017.03.20-14.15.33:020][  0]LogDerivedDataCache: FDerivedDataBackendGraph:  CompressedPak pak cache file ../../../../../../Users/Tristan/Documents/UniWork/comp140-gam160-game/SuhDude-Game/DerivedDataCache/Compressed.ddp not found, will not use a pak cache.
[2017.03.20-14.15.33:020][  0]LogDerivedDataCache: Unable to find inner node CompressedPak for hierarchical cache Hierarchy.
[2017.03.20-14.15.33:039][  0]LogDerivedDataCache:Display: Pak cache opened for reading ../../../Engine/DerivedDataCache/Compressed.ddp.
[2017.03.20-14.15.33:052][  0]LogDerivedDataCache: Using Local data cache path C:/Users/Tristan/AppData/Local/UnrealEngine/Common/DerivedDataCache: Writable
[2017.03.20-14.15.33:278][  0]LogInit: Selected Device Profile: [Windows]
[2017.03.20-14.15.33:281][  0]LogContentStreaming: Texture pool size is 0.00 MB
[2017.03.20-14.15.33:522][  0]LogMeshUtilities: Using QuadricMeshReduction for automatic static mesh reduction
[2017.03.20-14.15.33:572][  0]LogSimplygon: Simplygon DLL not present - disabling.
[2017.03.20-14.15.33:627][  0]LogMeshUtilities: Using SimplygonSwarm for distributed automatic mesh merging
[2017.03.20-14.15.33:627][  0]LogMeshUtilities: No automatic skeletal mesh reduction module available
[2017.03.20-14.15.33:627][  0]LogMeshUtilities: No automatic mesh merging module available
[2017.03.20-14.15.34:261][  0]LogNetVersion: GetLocalNetworkVersion: CL: 3195953, ProjectName: suhdude, ProjectVersion: , EngineNetworkVersion: 2, GameNetworkVersion: 0, NetworkChecksum: 1980303672
[2017.03.20-14.15.34:332][  0]LogAssetRegistry: FAssetRegistry took 0.0217 seconds to start up
[2017.03.20-14.15.34:400][  0]LogPackageLocalizationCache: Processed 3 localized package path(s) for 2 prioritized culture(s) in 0.037865 seconds
[2017.03.20-14.15.34:407][  0]LogUObjectArray: 31946 objects as part of root set at end of initial load.
[2017.03.20-14.15.34:407][  0]LogUObjectAllocator: 6935848 out of 0 bytes used by permanent object pool.
[2017.03.20-14.15.34:407][  0]LogUObjectArray: CloseDisregardForGC: 0/0 objects in disregard for GC pool
[2017.03.20-14.15.34:485][  0]LogInit: WinSock: version 1.1 (2.2), MaxSocks=32767, MaxUdp=65467
[2017.03.20-14.15.35:423][  0]LogSlate: Using Freetype 2.6.0
[2017.03.20-14.15.35:423][  0]LogSlate: SlateFontCache - WITH_FREETYPE: 1, WITH_HARFBUZZ: 1
[2017.03.20-14.15.35:423][  0]LogSlate: SlateFontCache - WITH_FREETYPE: 1, WITH_HARFBUZZ: 1
[2017.03.20-14.15.36:337][  0]LogTcpMessaging: Initializing TcpMessaging bridge
[2017.03.20-14.15.36:387][  0]LogUdpMessaging: Initializing bridge on interface 0.0.0.0:0 to multicast group 230.0.0.1:6666.
[2017.03.20-14.15.36:388][  0]FUdpSocketBuilder: Failed to subscribe UdpMessageMulticastSocket to multicast group 230.0.0.1
[2017.03.20-14.15.36:388][  0]FUdpSocketBuilder: Failed to create and initialize socket UdpMessageMulticastSocket (last error: 0)
[2017.03.20-14.15.36:388][  0]LogUdpMessaging:Warning: StartTransport failed to create multicast socket on 0.0.0.0:0, joined to 230.0.0.1:6666 with TTL 1
[2017.03.20-14.15.36:780][  0]LogMaterial: Uniform references updated for custom material expression Custom.
[2017.03.20-14.15.37:225][  0]SourceControl: Info Source control is disabled
[2017.03.20-14.15.37:363][  0]SourceControl: Info Source control is disabled
[2017.03.20-14.15.37:419][  0]SourceControl: Info Source control is disabled
[2017.03.20-14.15.37:472][  0]SourceControl: Info Source control is disabled
[2017.03.20-14.15.38:930][  0]LogEngine: Initializing Engine...
[2017.03.20-14.15.38:930][  0]LogHMD: Failed to initialize OpenVR with code 110
[2017.03.20-14.15.39:207][  0]LogAIModule: Creating AISystem for world Untitled
[2017.03.20-14.15.39:216][  0]LogInit: XAudio2 using 'Speaker/HP (Realtek High Definition Audio)' : 2 channels at 48 kHz using 32 bits per sample (channel mask 0x3)
[2017.03.20-14.15.39:515][  0]LogInit: FAudioDevice initialized.
[2017.03.20-14.15.39:554][  0]LogDerivedDataCache: Saved boot cache 0.04s 50MB C:/Users/Tristan/AppData/Local/UnrealEngine/4.14/DerivedDataCache/Boot.ddc.
[2017.03.20-14.15.39:567][  0]LogInit: Texture streaming: Enabled
[2017.03.20-14.15.39:788][  0]LogInit: Transaction tracking system initialized
[2017.03.20-14.15.40:182][  0]BlueprintLog: New page: Editor Load
[2017.03.20-14.15.41:352][  0]LocalizationService: Info Localization service is disabled
[2017.03.20-14.15.42:120][  0]LogConsoleResponse:Display: 
[2017.03.20-14.15.42:289][  0]LogCook:Display: Max memory allowance for cook 16384mb min free memory 0mb
[2017.03.20-14.15.42:289][  0]LogCook:Display: Mobile HDR setting 1
[2017.03.20-14.15.42:466][  0]LogFileCache: Scanning file cache for directory 'C:/Users/Tristan/Documents/UniWork/comp140-gam160-game/SuhDude-Game/Content/' took 0.01s
[2017.03.20-14.15.43:504][  0]SourceControl: Info Source control is disabled
[2017.03.20-14.15.43:504][  0]Cmd: MAP LOAD FILE="../../../../../../Users/Tristan/Documents/UniWork/comp140-gam160-game/SuhDude-Game/Content/Maps/MenuLevel.umap" TEMPLATE=0 SHOWPROGRESS=1 FEATURELEVEL=3
[2017.03.20-14.15.43:505][  0]LightingResults: New page: Lighting Build
[2017.03.20-14.15.43:554][  0]MapCheck: New page: Map Check
[2017.03.20-14.15.43:554][  0]LightingResults: New page: Lighting Build
[2017.03.20-14.15.44:099][  0]LogAIModule: Creating AISystem for world MenuLevel
[2017.03.20-14.15.44:117][  0]LogEditorServer: Finished looking for orphan Actors (0.000 secs)
[2017.03.20-14.15.44:117][  0]Cmd: MAP CHECKDEP NOCLEARLOG
[2017.03.20-14.15.44:197][  0]MapCheck: Info Map check complete: 0 Error(s), 0 Warning(s), took 78.963ms to complete.
[2017.03.20-14.15.44:197][  0]LogFileHelpers: Loading map 'MenuLevel' took 0.693
[2017.03.20-14.15.44:258][  0]LogWindowsTextInputMethodSystem:Display: IME system now deactivated.
[2017.03.20-14.15.45:628][  0]LogSlate: Only BGRA pngs, bmps or icos are supported in by External Image Picker
[2017.03.20-14.15.46:069][  0]LogTemp:Display: Executing iPhonePackager certificates Engine -bundlename com.YourCompany.SuhDude

[2017.03.20-14.15.46:069][  0]LogTemp:Display: CWD: C:\Program Files\Epic Games\UE_4.14\Engine\Binaries\DotNet\IOS

[2017.03.20-14.15.46:069][  0]LogTemp:Display: Initial Dir: C:\Program Files\Epic Games\UE_4.14

[2017.03.20-14.15.46:069][  0]LogTemp:Display: Env CWD: C:\Program Files\Epic Games\UE_4.14\Engine\Binaries\DotNet\IOS

[2017.03.20-14.15.46:069][  0]LogTemp:Display: BranchPath = LAPTOP-HOJJGP5S/C/Program Files/Epic Games/UE_4.14/Engine/Binaries --- GameBranchPath = LAPTOP-HOJJGP5S/C/Program Files/Epic Games/UE_4.14/Engine/Binaries

[2017.03.20-14.15.46:069][  0]LogTemp:Display: IPP ERROR: Application exception: System.IO.DirectoryNotFoundException: Could not find a part of the path 'C:\Users\Tristan\AppData\Local\Apple Computer\MobileDevice\Provisioning Profiles'.

[2017.03.20-14.15.46:069][  0]LogTemp:Display:    at System.IO.__Error.WinIOError(Int32 errorCode, String maybeFullPath)

[2017.03.20-14.15.46:069][  0]LogTemp:Display:    at System.IO.FileSystemEnumerableIterator`1.CommonInit()

[2017.03.20-14.15.46:069][  0]LogTemp:Display:    at System.IO.Directory.EnumerateFiles(String path, String searchPattern)

[2017.03.20-14.15.46:069][  0]LogTemp:Display:    at iPhonePackager.CodeSignatureBuilder.FindProvisions(String CFBundleIdentifier)

[2017.03.20-14.15.46:069][  0]LogTemp:Display:    at iPhonePackager.Program.Main(String[] args)

[2017.03.20-14.15.46:069][  0]LogCollectionManager: Loaded 0 collections in 0.002045 seconds
[2017.03.20-14.15.46:401][  0]LogFileCache: Scanning file cache for directory 'C:/Users/Tristan/Documents/UniWork/comp140-gam160-game/SuhDude-Game/Saved/Collections/' took 0.01s
[2017.03.20-14.15.46:401][  0]LogFileCache: Scanning file cache for directory 'C:/Users/Tristan/Documents/UniWork/comp140-gam160-game/SuhDude-Game/Content/Developers/Tristan/Collections/' took 0.01s
[2017.03.20-14.15.46:401][  0]LogFileCache: Scanning file cache for directory 'C:/Users/Tristan/Documents/UniWork/comp140-gam160-game/SuhDude-Game/Content/Collections/' took 0.01s
[2017.03.20-14.15.46:401][  0]LogCollectionManager: Rebuilt the GUID cache for 0 collections in 0.000002 seconds
[2017.03.20-14.15.46:413][  0]LogContentBrowser: Native class hierarchy populated in 0.0117 seconds. Added 2192 classes and 430 folders.
[2017.03.20-14.15.46:459][  0]LogStats: UGameplayTagsManager::ConstructGameplayTagTree: Construct from data asset -  0.000 s
[2017.03.20-14.15.46:459][  0]LogStats: UGameplayTagsManager::ConstructGameplayTagTree: GameplayTagTreeChangedEvent.Broadcast -  0.000 s
[2017.03.20-14.15.46:461][  0]LogContentBrowser: Native class hierarchy updated for 'GameplayTags' in 0.0021 seconds. Added 13 classes and 0 folders.
[2017.03.20-14.15.46:532][  0]LogContentBrowser: Native class hierarchy updated for 'WidgetCarousel' in 0.0018 seconds. Added 0 classes and 0 folders.
[2017.03.20-14.15.46:583][  0]LogContentBrowser: Native class hierarchy updated for 'AddContentDialog' in 0.0019 seconds. Added 0 classes and 0 folders.
[2017.03.20-14.15.46:637][  0]LogContentBrowser: Native class hierarchy updated for 'SceneOutliner' in 0.0019 seconds. Added 1 classes and 2 folders.
[2017.03.20-14.15.46:682][  0]LogCrashTracker: Crashtracker disabled due to settings.
[2017.03.20-14.15.46:693][  0]LogUObjectGlobals:Warning: Failed to find object 'Class None.'
[2017.03.20-14.15.47:129][  0]LogContentBrowser: Native class hierarchy updated for 'HierarchicalLODOutliner' in 0.0021 seconds. Added 1 classes and 2 folders.
[2017.03.20-14.15.47:130][  0]LogLoad: (Engine Initialization) Total time: 20.82 seconds
[2017.03.20-14.15.47:130][  0]LogLoad: (Engine Initialization) Total Blueprint compile time: 0.17 seconds
[2017.03.20-14.15.47:130][  0]LogExternalProfiler: Found external profiler: VSPerf
[2017.03.20-14.15.47:130][  0]LogExternalProfiler: Using external profiler: VSPerf
[2017.03.20-14.15.47:141][  0]LogOcInput: OculusInput pre-init called
[2017.03.20-14.15.47:159][  0]LogContentStreaming: Texture pool size now 1000 MB
[2017.03.20-14.15.47:333][  0]LogRenderer: Reallocating scene render targets to support 828x436 NumSamples 1 (Frame:2).
[2017.03.20-14.15.47:524][  1]LogAssetRegistry: Asset discovery search completed in 13.2130 seconds
[2017.03.20-14.15.47:524][  1]LogCollectionManager: Rebuilt the object cache for 0 collections in 0.000001 seconds (found 0 objects)
[2017.03.20-14.15.47:524][  1]LogCollectionManager: Fixed up redirectors for 0 collections in 0.000023 seconds (updated 0 objects)
[2017.03.20-14.15.50:221][185]LogTemp: Repeting last play command: New Editor Window (PIE)
[2017.03.20-14.15.50:242][185]LogBlueprintUserMessages: Early PlayInEditor Detection: Level '/Game/Maps/MenuLevel.MenuLevel:PersistentLevel' has LevelScriptBlueprint '/Game/Maps/MenuLevel.MenuLevel:PersistentLevel.MenuLevel' with GeneratedClass '/Game/Maps/MenuLevel.MenuLevel_C' with ClassGeneratedBy '/Game/Maps/MenuLevel.MenuLevel:PersistentLevel.MenuLevel'
[2017.03.20-14.15.50:242][185]LogPlayLevel: PlayLevel: No blueprints needed recompiling
[2017.03.20-14.15.50:242][185]PIE: New page: PIE session: MenuLevel (20 Mar 2017 14:15:50)
[2017.03.20-14.15.50:243][185]LogPlayLevel: Creating play world package: /Game/Maps/UEDPIE_0_MenuLevel
[2017.03.20-14.15.50:248][185]LogPlayLevel: PIE: StaticDuplicateObject took: (0.004705s)
[2017.03.20-14.15.50:249][185]LogAIModule: Creating AISystem for world MenuLevel
[2017.03.20-14.15.50:250][185]LogPlayLevel: PIE: World Init took: (0.001466s)
[2017.03.20-14.15.50:250][185]LogPlayLevel: PIE: Created PIE world by copying editor world from /Game/Maps/MenuLevel.MenuLevel to /Game/Maps/UEDPIE_0_MenuLevel.MenuLevel (0.006715s)
[2017.03.20-14.15.50:278][185]LogInit: XAudio2 using 'Speaker/HP (Realtek High Definition Audio)' : 2 channels at 48 kHz using 32 bits per sample (channel mask 0x3)
[2017.03.20-14.15.50:289][185]LogInit: FAudioDevice initialized.
[2017.03.20-14.15.50:357][185]LogLoad: Game class is 'MenuGameMode_C'
[2017.03.20-14.15.50:359][185]LogWorld: Bringing World /Game/Maps/UEDPIE_0_MenuLevel.MenuLevel up for play (max tick rate 0) at 2017.03.20-14.15.50
[2017.03.20-14.15.50:360][185]LogWorld: Bringing up level for play took: 0.002021
[2017.03.20-14.15.50:423][185]LogContentBrowser: Native class hierarchy updated for 'MovieSceneCapture' in 0.0019 seconds. Added 11 classes and 0 folders.
[2017.03.20-14.15.50:423][185]LogGameMode:Display: Match State Changed from EnteringMap to WaitingToStart
[2017.03.20-14.15.50:423][185]LogGameState: Match State Changed from EnteringMap to WaitingToStart
[2017.03.20-14.15.50:424][185]LogGameMode:Display: Match State Changed from WaitingToStart to InProgress
[2017.03.20-14.15.50:426][185]LogGameState: Match State Changed from WaitingToStart to InProgress
[2017.03.20-14.15.50:430][185]PIE: Info Play in editor start time for /Game/Maps/UEDPIE_0_MenuLevel 0.21
[2017.03.20-14.15.50:430][185]LogBlueprintUserMessages: Late PlayInEditor Detection: Level '/Game/Maps/MenuLevel.MenuLevel:PersistentLevel' has LevelScriptBlueprint '/Game/Maps/MenuLevel.MenuLevel:PersistentLevel.MenuLevel' with GeneratedClass '/Game/Maps/MenuLevel.MenuLevel_C' with ClassGeneratedBy '/Game/Maps/MenuLevel.MenuLevel:PersistentLevel.MenuLevel'
[2017.03.20-14.15.50:481][185]LogRenderer: Reallocating scene render targets to support 1292x756 NumSamples 1 (Frame:175).
[2017.03.20-14.16.07:164][879]LogGameMode:Display: Match State Changed from InProgress to LeavingMap
[2017.03.20-14.16.07:164][879]LogGameState: Match State Changed from InProgress to LeavingMap
[2017.03.20-14.16.07:166][879]LogNet: Browse: /Game/Maps/Map1
[2017.03.20-14.16.07:166][879]LogLoad: LoadMap: /Game/Maps/Map1
[2017.03.20-14.16.07:212][879]Cmd: MEM
[2017.03.20-14.16.07:234][879]LogMemory: Platform Memory Stats for Windows
[2017.03.20-14.16.07:234][879]LogMemory: Process Physical Memory: 1531.43 MB used, 1652.53 MB peak
[2017.03.20-14.16.07:234][879]LogMemory: Process Virtual Memory: 1868.04 MB used, 2000.77 MB peak
[2017.03.20-14.16.07:234][879]LogMemory: Physical Memory: 5802.56 MB used,  2228.29 MB free, 8030.84 MB total
[2017.03.20-14.16.07:234][879]LogMemory: Virtual Memory: 2781.30 MB used,  2228.29 MB free, 134217728.00 MB total
[2017.03.20-14.16.07:234][879]LogMemory: 
[2017.03.20-14.16.07:234][879]Allocator Stats for TBB: (not implemented)
[2017.03.20-14.16.08:571][879]LogAIModule: Creating AISystem for world Map1
[2017.03.20-14.16.08:571][879]LogLoad: Game class is 'MainGameMode_C'
[2017.03.20-14.16.08:581][879]LogWorld: Bringing World /Game/Maps/UEDPIE_0_Map1.Map1 up for play (max tick rate 0) at 2017.03.20-14.16.08
[2017.03.20-14.16.08:582][879]LogWorld: Bringing up level for play took: 0.010111
[2017.03.20-14.16.08:584][879]LogLoad: Took 1.418676 seconds to LoadMap(/Game/Maps/Map1)
[2017.03.20-14.16.43:777][913]LogNet: Browse: /Game/Maps/MenuLevel
[2017.03.20-14.16.43:777][913]LogLoad: LoadMap: /Game/Maps/MenuLevel
[2017.03.20-14.16.43:822][913]Cmd: MEM
[2017.03.20-14.16.43:842][913]LogMemory: Platform Memory Stats for Windows
[2017.03.20-14.16.43:842][913]LogMemory: Process Physical Memory: 1625.51 MB used, 1781.47 MB peak
[2017.03.20-14.16.43:842][913]LogMemory: Process Virtual Memory: 2075.27 MB used, 2393.53 MB peak
[2017.03.20-14.16.43:842][913]LogMemory: Physical Memory: 5891.58 MB used,  2139.26 MB free, 8030.84 MB total
[2017.03.20-14.16.43:842][913]LogMemory: Virtual Memory: 3135.68 MB used,  2139.26 MB free, 134217728.00 MB total
[2017.03.20-14.16.43:842][913]LogMemory: 
[2017.03.20-14.16.43:842][913]Allocator Stats for TBB: (not implemented)
[2017.03.20-14.16.43:842][913]LogPlayLevel: Creating play world package: /Game/Maps/UEDPIE_0_MenuLevel
[2017.03.20-14.16.43:845][913]LogPlayLevel: PIE: StaticDuplicateObject took: (0.003094s)
[2017.03.20-14.16.43:846][913]LogAIModule: Creating AISystem for world MenuLevel
[2017.03.20-14.16.43:846][913]LogPlayLevel: PIE: World Init took: (0.001168s)
[2017.03.20-14.16.43:847][913]LogPlayLevel: PIE: Created PIE world by copying editor world from /Game/Maps/MenuLevel.MenuLevel to /Game/Maps/UEDPIE_0_MenuLevel.MenuLevel (0.004652s)
[2017.03.20-14.16.43:847][913]LogLoad: Game class is 'MenuGameMode_C'
[2017.03.20-14.16.43:849][913]LogWorld: Bringing World /Game/Maps/UEDPIE_0_MenuLevel.MenuLevel up for play (max tick rate 0) at 2017.03.20-14.16.43
[2017.03.20-14.16.43:850][913]LogWorld: Bringing up level for play took: 0.002466
[2017.03.20-14.16.43:850][913]LogGameMode: Warning - PATHS NOT DEFINED or NO PLAYERSTART with positive rating
[2017.03.20-14.16.43:850][913]LogGameMode:Display: Match State Changed from EnteringMap to WaitingToStart
[2017.03.20-14.16.43:850][913]LogGameState: Match State Changed from EnteringMap to WaitingToStart
[2017.03.20-14.16.43:850][913]LogGameMode:Display: Match State Changed from WaitingToStart to InProgress
[2017.03.20-14.16.43:852][913]LogGameState: Match State Changed from WaitingToStart to InProgress
[2017.03.20-14.16.43:852][913]LogLoad: Took 0.075465 seconds to LoadMap(/Game/Maps/UEDPIE_0_MenuLevel)
[2017.03.20-14.16.51:757][247]LogGameMode:Display: Match State Changed from InProgress to LeavingMap
[2017.03.20-14.16.51:757][247]LogGameState: Match State Changed from InProgress to LeavingMap
[2017.03.20-14.16.51:758][247]LogNet: Browse: /Game/Maps/Map1
[2017.03.20-14.16.51:758][247]LogLoad: LoadMap: /Game/Maps/Map1
[2017.03.20-14.16.51:806][247]Cmd: MEM
[2017.03.20-14.16.51:829][247]LogMemory: Platform Memory Stats for Windows
[2017.03.20-14.16.51:829][247]LogMemory: Process Physical Memory: 1627.46 MB used, 1781.47 MB peak
[2017.03.20-14.16.51:829][247]LogMemory: Process Virtual Memory: 2080.14 MB used, 2393.53 MB peak
[2017.03.20-14.16.51:829][247]LogMemory: Physical Memory: 5873.02 MB used,  2157.83 MB free, 8030.84 MB total
[2017.03.20-14.16.51:829][247]LogMemory: Virtual Memory: 3099.68 MB used,  2157.83 MB free, 134217728.00 MB total
[2017.03.20-14.16.51:829][247]LogMemory: 
[2017.03.20-14.16.51:829][247]Allocator Stats for TBB: (not implemented)
[2017.03.20-14.16.52:101][247]LogAIModule: Creating AISystem for world Map1
[2017.03.20-14.16.52:101][247]LogLoad: Game class is 'MainGameMode_C'
[2017.03.20-14.16.52:108][247]LogWorld: Bringing World /Game/Maps/UEDPIE_0_Map1.Map1 up for play (max tick rate 0) at 2017.03.20-14.16.52
[2017.03.20-14.16.52:109][247]LogWorld: Bringing up level for play took: 0.006872
[2017.03.20-14.16.52:135][247]LogLoad: Took 0.376379 seconds to LoadMap(/Game/Maps/Map1)
[2017.03.20-14.18.03:740][373]LogNet: Browse: /Game/Maps/MenuLevel
[2017.03.20-14.18.03:740][373]LogLoad: LoadMap: /Game/Maps/MenuLevel
[2017.03.20-14.18.03:786][373]Cmd: MEM
[2017.03.20-14.18.03:809][373]LogMemory: Platform Memory Stats for Windows
[2017.03.20-14.18.03:809][373]LogMemory: Process Physical Memory: 1593.48 MB used, 1781.47 MB peak
[2017.03.20-14.18.03:809][373]LogMemory: Process Virtual Memory: 2022.19 MB used, 2426.99 MB peak
[2017.03.20-14.18.03:809][373]LogMemory: Physical Memory: 5850.49 MB used,  2180.36 MB free, 8030.84 MB total
[2017.03.20-14.18.03:809][373]LogMemory: Virtual Memory: 3135.24 MB used,  2180.36 MB free, 134217728.00 MB total
[2017.03.20-14.18.03:809][373]LogMemory: 
[2017.03.20-14.18.03:809][373]Allocator Stats for TBB: (not implemented)
[2017.03.20-14.18.03:809][373]LogPlayLevel: Creating play world package: /Game/Maps/UEDPIE_0_MenuLevel
[2017.03.20-14.18.03:812][373]LogPlayLevel: PIE: StaticDuplicateObject took: (0.002748s)
[2017.03.20-14.18.03:813][373]LogAIModule: Creating AISystem for world MenuLevel
[2017.03.20-14.18.03:813][373]LogPlayLevel: PIE: World Init took: (0.001105s)
[2017.03.20-14.18.03:814][373]LogPlayLevel: PIE: Created PIE world by copying editor world from /Game/Maps/MenuLevel.MenuLevel to /Game/Maps/UEDPIE_0_MenuLevel.MenuLevel (0.004259s)
[2017.03.20-14.18.03:814][373]LogLoad: Game class is 'MenuGameMode_C'
[2017.03.20-14.18.03:817][373]LogWorld: Bringing World /Game/Maps/UEDPIE_0_MenuLevel.MenuLevel up for play (max tick rate 60) at 2017.03.20-14.18.03
[2017.03.20-14.18.03:817][373]LogWorld: Bringing up level for play took: 0.002609
[2017.03.20-14.18.03:817][373]LogGameMode: Warning - PATHS NOT DEFINED or NO PLAYERSTART with positive rating
[2017.03.20-14.18.03:818][373]LogGameMode:Display: Match State Changed from EnteringMap to WaitingToStart
[2017.03.20-14.18.03:818][373]LogGameState: Match State Changed from EnteringMap to WaitingToStart
[2017.03.20-14.18.03:818][373]LogGameMode:Display: Match State Changed from WaitingToStart to InProgress
[2017.03.20-14.18.03:819][373]LogGameState: Match State Changed from WaitingToStart to InProgress
[2017.03.20-14.18.03:819][373]LogLoad: Took 0.078505 seconds to LoadMap(/Game/Maps/UEDPIE_0_MenuLevel)
[2017.03.20-14.18.24:959][266]LogGameMode:Display: Match State Changed from InProgress to LeavingMap
[2017.03.20-14.18.24:959][266]LogGameState: Match State Changed from InProgress to LeavingMap
[2017.03.20-14.18.24:960][266]LogNet: Browse: /Game/Maps/Map1
[2017.03.20-14.18.24:960][266]LogLoad: LoadMap: /Game/Maps/Map1
[2017.03.20-14.18.25:006][266]Cmd: MEM
[2017.03.20-14.18.25:029][266]LogMemory: Platform Memory Stats for Windows
[2017.03.20-14.18.25:029][266]LogMemory: Process Physical Memory: 1594.47 MB used, 1781.47 MB peak
[2017.03.20-14.18.25:029][266]LogMemory: Process Virtual Memory: 2030.38 MB used, 2426.99 MB peak
[2017.03.20-14.18.25:029][266]LogMemory: Physical Memory: 5861.38 MB used,  2169.46 MB free, 8030.84 MB total
[2017.03.20-14.18.25:029][266]LogMemory: Virtual Memory: 3087.24 MB used,  2169.46 MB free, 134217728.00 MB total
[2017.03.20-14.18.25:029][266]LogMemory: 
[2017.03.20-14.18.25:029][266]Allocator Stats for TBB: (not implemented)
[2017.03.20-14.18.25:312][266]LogAIModule: Creating AISystem for world Map1
[2017.03.20-14.18.25:312][266]LogLoad: Game class is 'MainGameMode_C'
[2017.03.20-14.18.25:340][266]LogWorld: Bringing World /Game/Maps/UEDPIE_0_Map1.Map1 up for play (max tick rate 60) at 2017.03.20-14.18.25
[2017.03.20-14.18.25:340][266]LogWorld: Bringing up level for play took: 0.027643
[2017.03.20-14.18.25:349][266]LogLoad: Took 0.389235 seconds to LoadMap(/Game/Maps/Map1)
[2017.03.20-14.19.56:426][569]LogNet: Browse: /Game/Maps/MenuLevel
[2017.03.20-14.19.56:426][569]LogLoad: LoadMap: /Game/Maps/MenuLevel
[2017.03.20-14.19.56:469][569]Cmd: MEM
[2017.03.20-14.19.56:490][569]LogMemory: Platform Memory Stats for Windows
[2017.03.20-14.19.56:490][569]LogMemory: Process Physical Memory: 860.53 MB used, 1781.47 MB peak
[2017.03.20-14.19.56:490][569]LogMemory: Process Virtual Memory: 2029.94 MB used, 2426.99 MB peak
[2017.03.20-14.19.56:491][569]LogMemory: Physical Memory: 4487.48 MB used,  3543.36 MB free, 8030.84 MB total
[2017.03.20-14.19.56:491][569]LogMemory: Virtual Memory: 3155.24 MB used,  3543.36 MB free, 134217728.00 MB total
[2017.03.20-14.19.56:491][569]LogMemory: 
[2017.03.20-14.19.56:491][569]Allocator Stats for TBB: (not implemented)
[2017.03.20-14.19.56:491][569]LogPlayLevel: Creating play world package: /Game/Maps/UEDPIE_0_MenuLevel
[2017.03.20-14.19.56:493][569]LogPlayLevel: PIE: StaticDuplicateObject took: (0.002560s)
[2017.03.20-14.19.56:494][569]LogAIModule: Creating AISystem for world MenuLevel
[2017.03.20-14.19.56:495][569]LogPlayLevel: PIE: World Init took: (0.001328s)
[2017.03.20-14.19.56:495][569]LogPlayLevel: PIE: Created PIE world by copying editor world from /Game/Maps/MenuLevel.MenuLevel to /Game/Maps/UEDPIE_0_MenuLevel.MenuLevel (0.004278s)
[2017.03.20-14.19.56:495][569]LogLoad: Game class is 'MenuGameMode_C'
[2017.03.20-14.19.56:498][569]LogWorld: Bringing World /Game/Maps/UEDPIE_0_MenuLevel.MenuLevel up for play (max tick rate 60) at 2017.03.20-14.19.56
[2017.03.20-14.19.56:498][569]LogWorld: Bringing up level for play took: 0.002473
[2017.03.20-14.19.56:498][569]LogGameMode: Warning - PATHS NOT DEFINED or NO PLAYERSTART with positive rating
[2017.03.20-14.19.56:499][569]LogGameMode:Display: Match State Changed from EnteringMap to WaitingToStart
[2017.03.20-14.19.56:499][569]LogGameState: Match State Changed from EnteringMap to WaitingToStart
[2017.03.20-14.19.56:499][569]LogGameMode:Display: Match State Changed from WaitingToStart to InProgress
[2017.03.20-14.19.56:500][569]LogGameState: Match State Changed from WaitingToStart to InProgress
[2017.03.20-14.19.56:500][569]LogLoad: Took 0.074348 seconds to LoadMap(/Game/Maps/UEDPIE_0_MenuLevel)
[2017.03.20-14.20.57:445][141]LogGameMode:Display: Match State Changed from InProgress to LeavingMap
[2017.03.20-14.20.57:446][141]LogGameState: Match State Changed from InProgress to LeavingMap
[2017.03.20-14.20.57:447][141]LogNet: Browse: /Game/Maps/Map1
[2017.03.20-14.20.57:447][141]LogLoad: LoadMap: /Game/Maps/Map1
[2017.03.20-14.20.57:495][141]Cmd: MEM
[2017.03.20-14.20.57:522][141]LogMemory: Platform Memory Stats for Windows
[2017.03.20-14.20.57:522][141]LogMemory: Process Physical Memory: 861.03 MB used, 1781.47 MB peak
[2017.03.20-14.20.57:522][141]LogMemory: Process Virtual Memory: 2030.82 MB used, 2426.99 MB peak
[2017.03.20-14.20.57:522][141]LogMemory: Physical Memory: 4525.56 MB used,  3505.28 MB free, 8030.84 MB total
[2017.03.20-14.20.57:522][141]LogMemory: Virtual Memory: 3119.24 MB used,  3505.28 MB free, 134217728.00 MB total
[2017.03.20-14.20.57:522][141]LogMemory: 
[2017.03.20-14.20.57:522][141]Allocator Stats for TBB: (not implemented)
[2017.03.20-14.20.57:782][141]LogAIModule: Creating AISystem for world Map1
[2017.03.20-14.20.57:783][141]LogLoad: Game class is 'MainGameMode_C'
[2017.03.20-14.20.57:789][141]LogWorld: Bringing World /Game/Maps/UEDPIE_0_Map1.Map1 up for play (max tick rate 60) at 2017.03.20-14.20.57
[2017.03.20-14.20.57:790][141]LogWorld: Bringing up level for play took: 0.006249
[2017.03.20-14.20.57:792][141]LogLoad: Took 0.344876 seconds to LoadMap(/Game/Maps/Map1)
[2017.03.20-14.22.38:336][992]LogNet: Browse: /Game/Maps/MenuLevel
[2017.03.20-14.22.38:336][992]LogLoad: LoadMap: /Game/Maps/MenuLevel
[2017.03.20-14.22.38:382][992]Cmd: MEM
[2017.03.20-14.22.38:406][992]LogMemory: Platform Memory Stats for Windows
[2017.03.20-14.22.38:406][992]LogMemory: Process Physical Memory: 877.72 MB used, 1781.47 MB peak
[2017.03.20-14.22.38:406][992]LogMemory: Process Virtual Memory: 2030.69 MB used, 2426.99 MB peak
[2017.03.20-14.22.38:406][992]LogMemory: Physical Memory: 4684.75 MB used,  3346.09 MB free, 8030.84 MB total
[2017.03.20-14.22.38:406][992]LogMemory: Virtual Memory: 3123.24 MB used,  3346.09 MB free, 134217728.00 MB total
[2017.03.20-14.22.38:406][992]LogMemory: 
[2017.03.20-14.22.38:406][992]Allocator Stats for TBB: (not implemented)
[2017.03.20-14.22.38:406][992]LogPlayLevel: Creating play world package: /Game/Maps/UEDPIE_0_MenuLevel
[2017.03.20-14.22.38:410][992]LogPlayLevel: PIE: StaticDuplicateObject took: (0.003395s)
[2017.03.20-14.22.38:411][992]LogAIModule: Creating AISystem for world MenuLevel
[2017.03.20-14.22.38:411][992]LogPlayLevel: PIE: World Init took: (0.001414s)
[2017.03.20-14.22.38:412][992]LogPlayLevel: PIE: Created PIE world by copying editor world from /Game/Maps/MenuLevel.MenuLevel to /Game/Maps/UEDPIE_0_MenuLevel.MenuLevel (0.005213s)
[2017.03.20-14.22.38:412][992]LogLoad: Game class is 'MenuGameMode_C'
[2017.03.20-14.22.38:414][992]LogWorld: Bringing World /Game/Maps/UEDPIE_0_MenuLevel.MenuLevel up for play (max tick rate 60) at 2017.03.20-14.22.38
[2017.03.20-14.22.38:414][992]LogWorld: Bringing up level for play took: 0.001976
[2017.03.20-14.22.38:415][992]LogGameMode: Warning - PATHS NOT DEFINED or NO PLAYERSTART with positive rating
[2017.03.20-14.22.38:415][992]LogGameMode:Display: Match State Changed from EnteringMap to WaitingToStart
[2017.03.20-14.22.38:415][992]LogGameState: Match State Changed from EnteringMap to WaitingToStart
[2017.03.20-14.22.38:415][992]LogGameMode:Display: Match State Changed from WaitingToStart to InProgress
[2017.03.20-14.22.38:417][992]LogGameState: Match State Changed from WaitingToStart to InProgress
[2017.03.20-14.22.38:417][992]LogLoad: Took 0.080184 seconds to LoadMap(/Game/Maps/UEDPIE_0_MenuLevel)
[2017.03.20-14.22.45:410][288]LogBlueprintUserMessages: Early EndPlayMap Detection: Level '/Game/Maps/MenuLevel.MenuLevel:PersistentLevel' has LevelScriptBlueprint '/Game/Maps/MenuLevel.MenuLevel:PersistentLevel.MenuLevel' with GeneratedClass '/Game/Maps/MenuLevel.MenuLevel_C' with ClassGeneratedBy '/Game/Maps/MenuLevel.MenuLevel:PersistentLevel.MenuLevel'
[2017.03.20-14.22.45:495][288]LogBlueprintUserMessages: Late EndPlayMap Detection: Level '/Game/Maps/MenuLevel.MenuLevel:PersistentLevel' has LevelScriptBlueprint '/Game/Maps/MenuLevel.MenuLevel:PersistentLevel.MenuLevel' with GeneratedClass '/Game/Maps/MenuLevel.MenuLevel_C' with ClassGeneratedBy '/Game/Maps/MenuLevel.MenuLevel:PersistentLevel.MenuLevel'
[2017.03.20-14.22.47:074][371]LogVSAccessor:Warning: Couldn't access Visual Studio
[2017.03.20-14.22.47:142][371]Recompiling SuhDude...
[2017.03.20-14.22.47:145][371]Launching UnrealBuildTool... [C:/Program Files/Epic Games/UE_4.14/Engine/Binaries/DotNET/UnrealBuildTool.exe SuhDude -ModuleWithSuffix SuhDude 2462 Win64 Development -editorrecompile -canskiplink "C:/Users/Tristan/Documents/UniWork/comp140-gam160-game/SuhDude-Game/SuhDude.uproject" ]
[2017.03.20-14.22.47:147][371]Warning: Starting HotReload took  0.1s.
[2017.03.20-14.22.48:980][471]CompilerResultsLog: New page: Compilation - 20 Mar 2017 14:22:48
[2017.03.20-14.22.48:991][471]CompilerResultsLog: Info Performing full C++ include scan (hot reloading a new target)
[2017.03.20-14.22.48:991][471]CompilerResultsLog: Info Creating makefile for hot reloading SuhDude (game project files are newer)
[2017.03.20-14.22.48:991][471]LogMainFrame: MainFrame: Module compiling took 1.913 seconds
[2017.03.20-14.22.48:991][471]Warning: HotReload failed, recompile failed
[2017.03.20-14.31.35:472][830]LogTemp: Repeting last play command: New Editor Window (PIE)
[2017.03.20-14.31.35:502][830]LogBlueprintUserMessages: Early PlayInEditor Detection: Level '/Game/Maps/MenuLevel.MenuLevel:PersistentLevel' has LevelScriptBlueprint '/Game/Maps/MenuLevel.MenuLevel:PersistentLevel.MenuLevel' with GeneratedClass '/Game/Maps/MenuLevel.MenuLevel_C' with ClassGeneratedBy '/Game/Maps/MenuLevel.MenuLevel:PersistentLevel.MenuLevel'
[2017.03.20-14.31.35:502][830]LogPlayLevel: PlayLevel: No blueprints needed recompiling
[2017.03.20-14.31.35:502][830]PIE: New page: PIE session: MenuLevel (20 Mar 2017 14:31:35)
[2017.03.20-14.31.35:505][830]LogPlayLevel: Creating play world package: /Game/Maps/UEDPIE_0_MenuLevel
[2017.03.20-14.31.35:509][830]LogPlayLevel: PIE: StaticDuplicateObject took: (0.004531s)
[2017.03.20-14.31.35:512][830]LogAIModule: Creating AISystem for world MenuLevel
[2017.03.20-14.31.35:512][830]LogPlayLevel: PIE: World Init took: (0.002696s)
[2017.03.20-14.31.35:512][830]LogPlayLevel: PIE: Created PIE world by copying editor world from /Game/Maps/MenuLevel.MenuLevel to /Game/Maps/UEDPIE_0_MenuLevel.MenuLevel (0.007739s)
[2017.03.20-14.31.35:544][830]LogInit: XAudio2 using 'Speaker/HP (Realtek High Definition Audio)' : 2 channels at 48 kHz using 32 bits per sample (channel mask 0x3)
[2017.03.20-14.31.35:558][830]LogInit: FAudioDevice initialized.
[2017.03.20-14.31.35:618][830]LogLoad: Game class is 'MenuGameMode_C'
[2017.03.20-14.31.35:622][830]LogWorld: Bringing World /Game/Maps/UEDPIE_0_MenuLevel.MenuLevel up for play (max tick rate 60) at 2017.03.20-14.31.35
[2017.03.20-14.31.35:623][830]LogWorld: Bringing up level for play took: 0.004650
[2017.03.20-14.31.35:625][830]LogGameMode:Display: Match State Changed from EnteringMap to WaitingToStart
[2017.03.20-14.31.35:625][830]LogGameState: Match State Changed from EnteringMap to WaitingToStart
[2017.03.20-14.31.35:625][830]LogGameMode:Display: Match State Changed from WaitingToStart to InProgress
[2017.03.20-14.31.35:627][830]LogGameState: Match State Changed from WaitingToStart to InProgress
[2017.03.20-14.31.35:631][830]PIE: Info Play in editor start time for /Game/Maps/UEDPIE_0_MenuLevel -0.588
[2017.03.20-14.31.35:632][830]LogBlueprintUserMessages: Late PlayInEditor Detection: Level '/Game/Maps/MenuLevel.MenuLevel:PersistentLevel' has LevelScriptBlueprint '/Game/Maps/MenuLevel.MenuLevel:PersistentLevel.MenuLevel' with GeneratedClass '/Game/Maps/MenuLevel.MenuLevel_C' with ClassGeneratedBy '/Game/Maps/MenuLevel.MenuLevel:PersistentLevel.MenuLevel'
[2017.03.20-14.31.48:231][357]LogGameMode:Display: Match State Changed from InProgress to LeavingMap
[2017.03.20-14.31.48:231][357]LogGameState: Match State Changed from InProgress to LeavingMap
[2017.03.20-14.31.48:232][357]LogNet: Browse: /Game/Maps/Map1
[2017.03.20-14.31.48:233][357]LogLoad: LoadMap: /Game/Maps/Map1
[2017.03.20-14.31.48:280][357]Cmd: MEM
[2017.03.20-14.31.48:307][357]LogMemory: Platform Memory Stats for Windows
[2017.03.20-14.31.48:307][357]LogMemory: Process Physical Memory: 418.34 MB used, 1781.47 MB peak
[2017.03.20-14.31.48:307][357]LogMemory: Process Virtual Memory: 2094.83 MB used, 2426.99 MB peak
[2017.03.20-14.31.48:307][357]LogMemory: Physical Memory: 4266.54 MB used,  3764.30 MB free, 8030.84 MB total
[2017.03.20-14.31.48:307][357]LogMemory: Virtual Memory: 3079.76 MB used,  3764.30 MB free, 134217728.00 MB total
[2017.03.20-14.31.48:307][357]LogMemory: 
[2017.03.20-14.31.48:307][357]Allocator Stats for TBB: (not implemented)
[2017.03.20-14.31.48:582][357]LogAIModule: Creating AISystem for world Map1
[2017.03.20-14.31.48:582][357]LogLoad: Game class is 'MainGameMode_C'
[2017.03.20-14.31.48:589][357]LogWorld: Bringing World /Game/Maps/UEDPIE_0_Map1.Map1 up for play (max tick rate 60) at 2017.03.20-14.31.48
[2017.03.20-14.31.48:589][357]LogWorld: Bringing up level for play took: 0.006762
[2017.03.20-14.31.48:592][357]LogLoad: Took 0.359234 seconds to LoadMap(/Game/Maps/Map1)
[2017.03.20-14.31.53:702][652]LogBlueprintUserMessages: Early EndPlayMap Detection: Level '/Game/Maps/MenuLevel.MenuLevel:PersistentLevel' has LevelScriptBlueprint '/Game/Maps/MenuLevel.MenuLevel:PersistentLevel.MenuLevel' with GeneratedClass '/Game/Maps/MenuLevel.MenuLevel_C' with ClassGeneratedBy '/Game/Maps/MenuLevel.MenuLevel:PersistentLevel.MenuLevel'
[2017.03.20-14.31.53:782][652]LogBlueprintUserMessages: Late EndPlayMap Detection: Level '/Game/Maps/MenuLevel.MenuLevel:PersistentLevel' has LevelScriptBlueprint '/Game/Maps/MenuLevel.MenuLevel:PersistentLevel.MenuLevel' with GeneratedClass '/Game/Maps/MenuLevel.MenuLevel_C' with ClassGeneratedBy '/Game/Maps/MenuLevel.MenuLevel:PersistentLevel.MenuLevel'
[2017.03.20-14.36.20:896][658]Cmd: QUIT_EDITOR
[2017.03.20-14.36.21:983][658]LogWindowsTextInputMethodSystem:Display: IME system now deactivated.
[2017.03.20-14.36.22:030][658]LogExit: Preparing to exit.
[2017.03.20-14.36.22:766][658]LogDirectoryWatcher: A directory notification for 'C:/Users/Tristan/Documents/UniWork/comp140-gam160-game/SuhDude-Game/Content/' was aborted.
[2017.03.20-14.36.22:855][658]LogExit: Editor shut down
[2017.03.20-14.36.22:857][658]LogExit: Transaction tracking system shut down
[2017.03.20-14.36.23:223][658]LogObj: Freed 0b from 0 cluster array pools.
[2017.03.20-14.36.23:223][658]LogExit: Object subsystem successfully closed.
[2017.03.20-14.36.23:264][658]LogD3D11RHI: Shutdown
[2017.03.20-14.36.23:264][658]LogD3D11RHI: CleanupD3DDevice
[2017.03.20-14.36.23:430][658]LogD3D11RHI: ~FD3D11DynamicRHI
[2017.03.20-14.36.23:451][658]LogHttp:Display: Http module shutting down, but needs to wait on 1 outstanding Http requests:
[2017.03.20-14.36.23:451][658]LogHttp:Display: 	verb=[POST] url=[https://datarouter.ol.epicgames.com/datarouter/api/v1/public/data?SessionID=%7BFC511A9C-41D2-0EC5-B87E-C4B55979309C%7D&AppID=UEEditor.Rocket.Release&AppVersion=4.14.3-3249277%2B%2B%2BUE4%2BRelease-4.14&UserID=41ed778249ed24844dd23d85c474ffb0%7C91600aac168940c7ad6ecd8e89500ac8%7Ccca0cc25-fddf-495d-858a-6ebf4d9a36a6&AppEnvironment=datacollector-binary&UploadType=eteventstream] status=Processing
[2017.03.20-14.36.23:468][658]LogModuleManager: Shutting down and abandoning module MovieSceneCapture (244)
[2017.03.20-14.36.23:468][658]LogModuleManager: Shutting down and abandoning module HierarchicalLODOutliner (243)
[2017.03.20-14.36.23:468][658]LogModuleManager: Shutting down and abandoning module CrashTracker (242)
[2017.03.20-14.36.23:468][658]LogModuleManager: Shutting down and abandoning module SceneOutliner (241)
[2017.03.20-14.36.23:468][658]LogModuleManager: Shutting down and abandoning module WidgetCarousel (240)
[2017.03.20-14.36.23:468][658]LogModuleManager: Shutting down and abandoning module AddContentDialog (239)
[2017.03.20-14.36.23:469][658]LogDirectoryWatcher: A directory notification for 'C:/Program Files/Epic Games/UE_4.14/FeaturePacks/' was aborted.
[2017.03.20-14.36.23:476][658]LogModuleManager: Shutting down and abandoning module GameplayTags (238)
[2017.03.20-14.36.23:476][658]LogModuleManager: Shutting down and abandoning module EditorWidgets (237)
[2017.03.20-14.36.23:476][658]LogModuleManager: Shutting down and abandoning module CollectionManager (236)
[2017.03.20-14.36.23:476][658]LogDirectoryWatcher: A directory notification for 'C:/Users/Tristan/Documents/UniWork/comp140-gam160-game/SuhDude-Game/Content/Collections/' was aborted.
[2017.03.20-14.36.23:476][658]LogDirectoryWatcher: A directory notification for 'C:/Users/Tristan/Documents/UniWork/comp140-gam160-game/SuhDude-Game/Content/Developers/Tristan/Collections/' was aborted.
[2017.03.20-14.36.23:476][658]LogDirectoryWatcher: A directory notification for 'C:/Users/Tristan/Documents/UniWork/comp140-gam160-game/SuhDude-Game/Saved/Collections/' was aborted.
[2017.03.20-14.36.23:476][658]LogModuleManager: Shutting down and abandoning module ExternalImagePicker (235)
[2017.03.20-14.36.23:476][658]LogModuleManager: Shutting down and abandoning module StatsViewer (234)
[2017.03.20-14.36.23:477][658]LogModuleManager: Shutting down and abandoning module FoliageEdit (233)
[2017.03.20-14.36.23:477][658]LogModuleManager: Shutting down and abandoning module LandscapeEditor (232)
[2017.03.20-14.36.23:477][658]LogModuleManager: Shutting down and abandoning module SceneDepthPickerMode (231)
[2017.03.20-14.36.23:477][658]LogModuleManager: Shutting down and abandoning module ActorPickerMode (230)
[2017.03.20-14.36.23:477][658]LogModuleManager: Shutting down and abandoning module GeometryMode (229)
[2017.03.20-14.36.23:477][658]LogModuleManager: Shutting down and abandoning module TextureAlignMode (228)
[2017.03.20-14.36.23:477][658]LogModuleManager: Shutting down and abandoning module BspMode (227)
[2017.03.20-14.36.23:477][658]LogModuleManager: Shutting down and abandoning module HardwareSurvey (226)
[2017.03.20-14.36.23:477][658]LogModuleManager: Shutting down and abandoning module SequenceRecorderSections (225)
[2017.03.20-14.36.23:477][658]LogModuleManager: Shutting down and abandoning module AutomationWorker (224)
[2017.03.20-14.36.23:477][658]LogModuleManager: Shutting down and abandoning module MatineeToLevelSequence (223)
[2017.03.20-14.36.23:477][658]LogModuleManager: Shutting down and abandoning module PlacementMode (222)
[2017.03.20-14.36.23:477][658]LogModuleManager: Shutting down and abandoning module LevelSequenceEditor (221)
[2017.03.20-14.36.23:477][658]LogModuleManager: Shutting down and abandoning module WmfMediaFactory (220)
[2017.03.20-14.36.23:477][658]LogModuleManager: Shutting down and abandoning module WmfMediaEditor (219)
[2017.03.20-14.36.23:477][658]LogModuleManager: Shutting down and abandoning module AvfMediaFactory (218)
[2017.03.20-14.36.23:477][658]LogModuleManager: Shutting down and abandoning module AvfMediaEditor (217)
[2017.03.20-14.36.23:477][658]LogModuleManager: Shutting down and abandoning module Media (216)
[2017.03.20-14.36.23:477][658]LogModuleManager: Shutting down and abandoning module AndroidMediaFactory (215)
[2017.03.20-14.36.23:477][658]LogModuleManager: Shutting down and abandoning module AndroidMediaEditor (214)
[2017.03.20-14.36.23:477][658]LogModuleManager: Shutting down and abandoning module CharacterAI (213)
[2017.03.20-14.36.23:477][658]LogModuleManager: Shutting down and abandoning module SequenceRecorder (212)
[2017.03.20-14.36.23:477][658]LogModuleManager: Shutting down and abandoning module AudioCapture (211)
[2017.03.20-14.36.23:477][658]LogModuleManager: Shutting down and abandoning module SmartSnapping (210)
[2017.03.20-14.36.23:477][658]LogModuleManager: Shutting down and abandoning module SessionServices (209)
[2017.03.20-14.36.23:478][658]LogModuleManager: Shutting down and abandoning module ViewportSnapping (208)
[2017.03.20-14.36.23:478][658]LogModuleManager: Shutting down and abandoning module ViewportInteraction (207)
[2017.03.20-14.36.23:478][658]LogModuleManager: Shutting down and abandoning module LogVisualizer (206)
[2017.03.20-14.36.23:478][658]LogModuleManager: Shutting down and abandoning module GameProjectGeneration (205)
[2017.03.20-14.36.23:478][658]LogModuleManager: Shutting down and abandoning module IntroTutorials (204)
[2017.03.20-14.36.23:478][658]LogModuleManager: Shutting down and abandoning module EditorLiveStreaming (203)
[2017.03.20-14.36.23:478][658]LogModuleManager: Shutting down and abandoning module IOSPlatformEditor (202)
[2017.03.20-14.36.23:478][658]LogModuleManager: Shutting down and abandoning module HTML5PlatformEditor (201)
[2017.03.20-14.36.23:478][658]LogModuleManager: Shutting down and abandoning module AndroidDeviceDetection (200)
[2017.03.20-14.36.24:159][658]LogModuleManager: Shutting down and abandoning module AndroidPlatformEditor (199)
[2017.03.20-14.36.24:159][658]LogModuleManager: Shutting down and abandoning module IOSRuntimeSettings (198)
[2017.03.20-14.36.24:159][658]LogModuleManager: Shutting down and abandoning module AndroidRuntimeSettings (197)
[2017.03.20-14.36.24:159][658]LogModuleManager: Shutting down and abandoning module InputBindingEditor (196)
[2017.03.20-14.36.24:159][658]LogModuleManager: Shutting down and abandoning module NiagaraEditor (195)
[2017.03.20-14.36.24:159][658]LogModuleManager: Shutting down and abandoning module MergeActors (194)
[2017.03.20-14.36.24:159][658]LogModuleManager: Shutting down and abandoning module SizeMap (193)
[2017.03.20-14.36.24:159][658]LogModuleManager: Shutting down and abandoning module TreeMap (192)
[2017.03.20-14.36.24:159][658]LogModuleManager: Shutting down and abandoning module ReferenceViewer (191)
[2017.03.20-14.36.24:159][658]LogModuleManager: Shutting down and abandoning module LocalizationService (190)
[2017.03.20-14.36.24:159][658]LogModuleManager: Shutting down and abandoning module LocalizationDashboard (189)
[2017.03.20-14.36.24:159][658]LogModuleManager: Shutting down and abandoning module HardwareTargeting (188)
[2017.03.20-14.36.24:159][658]LogModuleManager: Shutting down and abandoning module DeviceProfileEditor (187)
[2017.03.20-14.36.24:159][658]LogModuleManager: Shutting down and abandoning module UndoHistory (186)
[2017.03.20-14.36.24:159][658]LogModuleManager: Shutting down and abandoning module UserFeedback (185)
[2017.03.20-14.36.24:160][658]LogModuleManager: Shutting down and abandoning module XmlParser (184)
[2017.03.20-14.36.24:160][658]LogModuleManager: Shutting down and abandoning module Blutility (183)
[2017.03.20-14.36.24:160][658]LogModuleManager: Shutting down and abandoning module ProjectTargetPlatformEditor (182)
[2017.03.20-14.36.24:160][658]LogModuleManager: Shutting down and abandoning module ProjectSettingsViewer (181)
[2017.03.20-14.36.24:160][658]LogModuleManager: Shutting down and abandoning module EditorSettingsViewer (180)
[2017.03.20-14.36.24:160][658]LogModuleManager: Shutting down and abandoning module SettingsEditor (179)
[2017.03.20-14.36.24:160][658]LogModuleManager: Shutting down and abandoning module ProjectLauncher (178)
[2017.03.20-14.36.24:160][658]LogModuleManager: Shutting down and abandoning module SessionFrontend (177)
[2017.03.20-14.36.24:160][658]LogModuleManager: Shutting down and abandoning module ProfilerClient (176)
[2017.03.20-14.36.24:160][658]LogModuleManager: Shutting down and abandoning module TargetDeviceServices (175)
[2017.03.20-14.36.24:160][658]LogModuleManager: Shutting down and abandoning module DeviceManager (174)
[2017.03.20-14.36.24:205][658]LogModuleManager: Shutting down and abandoning module AutomationController (173)
[2017.03.20-14.36.24:205][658]LogModuleManager: Shutting down and abandoning module AutomationWindow (172)
[2017.03.20-14.36.24:205][658]LogModuleManager: Shutting down and abandoning module Layers (171)
[2017.03.20-14.36.24:205][658]LogModuleManager: Shutting down and abandoning module ComponentVisualizers (170)
[2017.03.20-14.36.24:205][658]LogModuleManager: Shutting down and abandoning module DetailCustomizations (169)
[2017.03.20-14.36.24:205][658]LogModuleManager: Shutting down and abandoning module PackagesDialog (168)
[2017.03.20-14.36.24:205][658]LogModuleManager: Shutting down and abandoning module AnimGraph (167)
[2017.03.20-14.36.24:205][658]LogModuleManager: Shutting down and abandoning module Persona (166)
[2017.03.20-14.36.24:205][658]LogModuleManager: Shutting down and abandoning module Kismet (165)
[2017.03.20-14.36.24:206][658]LogModuleManager: Shutting down and abandoning module GraphEditor (164)
[2017.03.20-14.36.24:206][658]LogModuleManager: Shutting down and abandoning module ClassViewer (163)
[2017.03.20-14.36.24:206][658]LogModuleManager: Shutting down and abandoning module Toolbox (162)
[2017.03.20-14.36.24:206][658]LogModuleManager: Shutting down and abandoning module ModuleUI (161)
[2017.03.20-14.36.24:206][658]LogModuleManager: Shutting down and abandoning module MovieSceneTools (160)
[2017.03.20-14.36.24:206][658]LogModuleManager: Shutting down and abandoning module OutputLog (159)
[2017.03.20-14.36.24:206][658]LogModuleManager: Shutting down and abandoning module GammaUI (158)
[2017.03.20-14.36.24:206][658]LogModuleManager: Shutting down and abandoning module Documentation (157)
[2017.03.20-14.36.24:206][658]LogModuleManager: Shutting down and abandoning module Niagara (156)
[2017.03.20-14.36.24:206][658]LogModuleManager: Shutting down and abandoning module StreamingPauseRendering (155)
[2017.03.20-14.36.24:206][658]LogModuleManager: Shutting down and abandoning module AnalyticsET (154)
[2017.03.20-14.36.24:206][658]LogModuleManager: Shutting down and abandoning module PortalServices (153)
[2017.03.20-14.36.24:206][658]LogModuleManager: Shutting down and abandoning module PortalRpc (152)
[2017.03.20-14.36.24:206][658]LogModuleManager: Shutting down and abandoning module MessagingRpc (151)
[2017.03.20-14.36.24:207][658]LogModuleManager: Shutting down and abandoning module GameplayDebugger (150)
[2017.03.20-14.36.24:207][658]LogModuleManager: Shutting down and abandoning module AITestSuite (149)
[2017.03.20-14.36.24:207][658]LogModuleManager: Shutting down and abandoning module AIModule (148)
[2017.03.20-14.36.24:207][658]LogModuleManager: Shutting down and abandoning module ProfilerService (147)
[2017.03.20-14.36.24:388][658]LogModuleManager: Shutting down and abandoning module TaskGraph (146)
[2017.03.20-14.36.24:388][658]LogModuleManager: Shutting down and abandoning module SlateRemote (145)
[2017.03.20-14.36.24:388][658]LogModuleManager: Shutting down and abandoning module SteamVRController (144)
[2017.03.20-14.36.24:388][658]LogModuleManager: Shutting down and abandoning module SteamVR (143)
[2017.03.20-14.36.24:388][658]LogModuleManager: Shutting down and abandoning module ProceduralMeshComponentEditor (142)
[2017.03.20-14.36.24:388][658]LogModuleManager: Shutting down and abandoning module ProceduralMeshComponent (141)
[2017.03.20-14.36.24:388][658]LogModuleManager: Shutting down and abandoning module OculusLibrary (140)
[2017.03.20-14.36.24:388][658]LogModuleManager: Shutting down and abandoning module OculusInput (139)
[2017.03.20-14.36.24:388][658]LogModuleManager: Shutting down and abandoning module MobilePatchingUtils (138)
[2017.03.20-14.36.24:388][658]LogModuleManager: Shutting down and abandoning module CustomMeshComponent (137)
[2017.03.20-14.36.24:388][658]LogModuleManager: Shutting down and abandoning module CableComponent (136)
[2017.03.20-14.36.24:388][658]LogModuleManager: Shutting down and abandoning module ArchVisCharacter (135)
[2017.03.20-14.36.24:388][658]LogModuleManager: Shutting down and abandoning module MediaPlayerEditor (133)
[2017.03.20-14.36.24:388][658]LogModuleManager: Shutting down and abandoning module HTML5Networking (132)
[2017.03.20-14.36.24:388][658]LogModuleManager: Shutting down and abandoning module GeometryCacheEd (131)
[2017.03.20-14.36.24:388][658]LogModuleManager: Shutting down and abandoning module GeometryCache (130)
[2017.03.20-14.36.24:388][658]LogModuleManager: Shutting down and abandoning module AlembicLibrary (129)
[2017.03.20-14.36.24:388][658]LogModuleManager: Shutting down and abandoning module AlembicImporter (128)
[2017.03.20-14.36.24:388][658]LogModuleManager: Shutting down and abandoning module SuperSearch (127)
[2017.03.20-14.36.24:388][658]LogModuleManager: Shutting down and abandoning module SuperSearchEditor (126)
[2017.03.20-14.36.24:388][658]LogModuleManager: Shutting down and abandoning module SpeedTreeImporter (125)
[2017.03.20-14.36.24:389][658]LogModuleManager: Shutting down and abandoning module PluginBrowser (124)
[2017.03.20-14.36.24:389][658]LogModuleManager: Shutting down and abandoning module MobileLauncherProfileWizard (123)
[2017.03.20-14.36.24:389][658]LogModuleManager: Shutting down and abandoning module EpicSurvey (122)
[2017.03.20-14.36.24:389][658]LogModuleManager: Shutting down and abandoning module DesktopPlatform (121)
[2017.03.20-14.36.24:389][658]LogModuleManager: Shutting down and abandoning module VisualStudioSourceCodeAccess (120)
[2017.03.20-14.36.24:389][658]LogModuleManager: Shutting down and abandoning module UObjectPlugin (119)
[2017.03.20-14.36.24:389][658]LogModuleManager: Shutting down and abandoning module SubversionSourceControl (118)
[2017.03.20-14.36.24:389][658]LogModuleManager: Shutting down and abandoning module PerforceSourceControl (117)
[2017.03.20-14.36.24:389][658]LogModuleManager: Shutting down and abandoning module SourceControl (116)
[2017.03.20-14.36.24:389][658]LogModuleManager: Shutting down and abandoning module GitSourceControl (115)
[2017.03.20-14.36.24:389][658]LogModuleManager: Shutting down and abandoning module LightPropagationVolumeEditor (114)
[2017.03.20-14.36.24:389][658]LogModuleManager: Shutting down and abandoning module PaperTiledImporter (113)
[2017.03.20-14.36.24:389][658]LogModuleManager: Shutting down and abandoning module PaperSpriteSheetImporter (112)
[2017.03.20-14.36.24:389][658]LogModuleManager: Shutting down and abandoning module MeshPaint (111)
[2017.03.20-14.36.24:389][658]LogModuleManager: Shutting down and abandoning module PixelInspectorModule (110)
[2017.03.20-14.36.24:389][658]LogModuleManager: Shutting down and abandoning module HotReload (109)
[2017.03.20-14.36.24:389][658]LogDirectoryWatcher: A directory notification for 'C:/Users/Tristan/Documents/UniWork/comp140-gam160-game/SuhDude-Game/Binaries/Win64' was aborted.
[2017.03.20-14.36.24:390][658]LogModuleManager: Shutting down and abandoning module MainFrame (108)
[2017.03.20-14.36.24:390][658]LogModuleManager: Shutting down and abandoning module LevelEditor (107)
[2017.03.20-14.36.24:392][658]LogModuleManager: Shutting down and abandoning module ContentBrowser (106)
[2017.03.20-14.36.24:395][658]LogModuleManager: Shutting down and abandoning module Paper2DEditor (105)
[2017.03.20-14.36.24:395][658]LogModuleManager: Shutting down and abandoning module SuhDude (104)
[2017.03.20-14.36.24:395][658]LogModuleManager: Shutting down and abandoning module UdpMessaging (103)
[2017.03.20-14.36.24:496][658]LogModuleManager: Shutting down and abandoning module TcpMessaging (102)
[2017.03.20-14.36.24:597][658]LogModuleManager: Shutting down and abandoning module LightPropagationVolumeRuntime (101)
[2017.03.20-14.36.24:597][658]LogModuleManager: Shutting down and abandoning module Paper2D (100)
[2017.03.20-14.36.24:597][658]LogModuleManager: Shutting down and abandoning module WindowsMoviePlayer (99)
[2017.03.20-14.36.24:597][658]LogModuleManager: Shutting down and abandoning module WmfMedia (98)
[2017.03.20-14.36.24:597][658]LogModuleManager: Shutting down and abandoning module MediaAssets (97)
[2017.03.20-14.36.24:597][658]LogModuleManager: Shutting down and abandoning module GameLiveStreaming (96)
[2017.03.20-14.36.24:597][658]LogModuleManager: Shutting down and abandoning module GameplayTagsEditor (95)
[2017.03.20-14.36.24:597][658]LogModuleManager: Shutting down and abandoning module VREditor (94)
[2017.03.20-14.36.24:597][658]LogModuleManager: Shutting down and abandoning module GameplayTasksEditor (93)
[2017.03.20-14.36.24:597][658]LogModuleManager: Shutting down and abandoning module BehaviorTreeEditor (92)
[2017.03.20-14.36.24:597][658]LogModuleManager: Shutting down and abandoning module FunctionalTesting (91)
[2017.03.20-14.36.24:597][658]LogModuleManager: Shutting down and abandoning module CollisionAnalyzer (90)
[2017.03.20-14.36.24:597][658]LogModuleManager: Shutting down and abandoning module Sequencer (89)
[2017.03.20-14.36.24:597][658]LogModuleManager: Shutting down and abandoning module WorkspaceMenuStructure (88)
[2017.03.20-14.36.24:597][658]LogModuleManager: Shutting down and abandoning module MessageLog (87)
[2017.03.20-14.36.24:597][658]LogModuleManager: Shutting down and abandoning module AssetTools (86)
[2017.03.20-14.36.24:597][658]LogModuleManager: Shutting down and abandoning module UMGEditor (85)
[2017.03.20-14.36.24:598][658]LogModuleManager: Shutting down and abandoning module UMG (84)
[2017.03.20-14.36.24:598][658]LogModuleManager: Shutting down and abandoning module SlateReflector (83)
[2017.03.20-14.36.24:598][658]LogModuleManager: Shutting down and abandoning module Slate (82)
[2017.03.20-14.36.24:598][658]LogModuleManager: Shutting down and abandoning module EditorStyle (81)
[2017.03.20-14.36.24:601][658]LogModuleManager: Shutting down and abandoning module SourceCodeAccess (80)
[2017.03.20-14.36.24:601][658]LogModuleManager: Shutting down and abandoning module HeadMountedDisplay (79)
[2017.03.20-14.36.24:601][658]LogModuleManager: Shutting down and abandoning module XAudio2 (78)
[2017.03.20-14.36.24:601][658]LogModuleManager: Shutting down and abandoning module Networking (76)
[2017.03.20-14.36.24:601][658]LogModuleManager: Shutting down and abandoning module Core (75)
[2017.03.20-14.36.24:601][658]LogModuleManager: Shutting down and abandoning module DirectoryWatcher (74)
[2017.03.20-14.36.24:601][658]LogDirectoryWatcher: A directory notification for '../../../Engine/Content/' was aborted.
[2017.03.20-14.36.24:602][658]LogDirectoryWatcher: A directory notification for '../../../../../../Users/Tristan/Documents/UniWork/comp140-gam160-game/SuhDude-Game/Content/' was aborted.
[2017.03.20-14.36.24:603][658]LogDirectoryWatcher: A directory notification for '../../../Engine/Plugins/2D/Paper2D/Content/' was aborted.
[2017.03.20-14.36.24:607][658]LogModuleManager: Shutting down and abandoning module AssetRegistry (73)
[2017.03.20-14.36.24:831][658]LogModuleManager: Shutting down and abandoning module KismetCompiler (72)
[2017.03.20-14.36.24:831][658]LogModuleManager: Shutting down and abandoning module PhysXFormats (71)
[2017.03.20-14.36.24:831][658]LogModuleManager: Shutting down and abandoning module SimplygonSwarm (70)
[2017.03.20-14.36.24:831][658]LogModuleManager: Shutting down and abandoning module SimplygonMeshReduction (69)
[2017.03.20-14.36.24:831][658]LogModuleManager: Shutting down and abandoning module QuadricMeshReduction (68)
[2017.03.20-14.36.24:831][658]LogModuleManager: Shutting down and abandoning module PropertyEditor (67)
[2017.03.20-14.36.24:831][658]LogModuleManager: Shutting down and abandoning module MeshUtilities (66)
[2017.03.20-14.36.24:831][658]LogModuleManager: Shutting down and abandoning module DerivedDataCache (65)
[2017.03.20-14.36.24:887][658]LogDerivedDataCache: Shutdown
[2017.03.20-14.36.24:888][658]LogModuleManager: Shutting down and abandoning module VulkanShaderFormat (64)
[2017.03.20-14.36.24:888][658]LogModuleManager: Shutting down and abandoning module ShaderFormatOpenGL (63)
[2017.03.20-14.36.24:888][658]LogModuleManager: Shutting down and abandoning module ShaderFormatD3D (62)
[2017.03.20-14.36.24:888][658]LogModuleManager: Shutting down and abandoning module MetalShaderFormat (61)
[2017.03.20-14.36.24:888][658]LogModuleManager: Shutting down and abandoning module TextureFormatUncompressed (60)
[2017.03.20-14.36.24:888][658]LogModuleManager: Shutting down and abandoning module TextureFormatPVR (59)
[2017.03.20-14.36.24:888][658]LogModuleManager: Shutting down and abandoning module TextureFormatDXT (58)
[2017.03.20-14.36.24:888][658]LogModuleManager: Shutting down and abandoning module TextureFormatIntelISPCTexComp (57)
[2017.03.20-14.36.24:893][658]LogModuleManager: Shutting down and abandoning module ImageWrapper (56)
[2017.03.20-14.36.24:893][658]LogModuleManager: Shutting down and abandoning module TextureFormatASTC (55)
[2017.03.20-14.36.24:893][658]LogModuleManager: Shutting down and abandoning module TextureFormatAndroid (54)
[2017.03.20-14.36.24:893][658]LogModuleManager: Shutting down and abandoning module AudioFormatOpus (53)
[2017.03.20-14.36.24:893][658]LogModuleManager: Shutting down and abandoning module AudioFormatOgg (52)
[2017.03.20-14.36.24:893][658]LogModuleManager: Shutting down and abandoning module AudioFormatADPCM (51)
[2017.03.20-14.36.24:893][658]LogModuleManager: Shutting down and abandoning module LinuxTargetPlatform (50)
[2017.03.20-14.36.24:893][658]LogModuleManager: Shutting down and abandoning module LinuxServerTargetPlatform (49)
[2017.03.20-14.36.24:893][658]LogModuleManager: Shutting down and abandoning module LinuxNoEditorTargetPlatform (48)
[2017.03.20-14.36.24:893][658]LogModuleManager: Shutting down and abandoning module LinuxClientTargetPlatform (47)
[2017.03.20-14.36.24:893][658]LogModuleManager: Shutting down and abandoning module TVOSTargetPlatform (46)
[2017.03.20-14.36.24:893][658]LogModuleManager: Shutting down and abandoning module Messaging (45)
[2017.03.20-14.36.24:893][658]LogModuleManager: Shutting down and abandoning module IOSTargetPlatform (44)
[2017.03.20-14.36.24:893][658]LogModuleManager: Shutting down and abandoning module HTML5TargetPlatform (43)
[2017.03.20-14.36.24:893][658]LogModuleManager: Shutting down and abandoning module Android_PVRTCTargetPlatform (42)
[2017.03.20-14.36.24:893][658]LogModuleManager: Shutting down and abandoning module Android_MultiTargetPlatform (41)
[2017.03.20-14.36.24:893][658]LogModuleManager: Shutting down and abandoning module Android_ETC2TargetPlatform (40)
[2017.03.20-14.36.24:893][658]LogModuleManager: Shutting down and abandoning module Android_ETC1TargetPlatform (39)
[2017.03.20-14.36.24:894][658]LogModuleManager: Shutting down and abandoning module Android_DXTTargetPlatform (38)
[2017.03.20-14.36.24:894][658]LogModuleManager: Shutting down and abandoning module Android_ATCTargetPlatform (37)
[2017.03.20-14.36.24:894][658]LogModuleManager: Shutting down and abandoning module Android_ASTCTargetPlatform (36)
[2017.03.20-14.36.24:894][658]LogModuleManager: Shutting down and abandoning module AndroidTargetPlatform (35)
[2017.03.20-14.36.24:894][658]LogModuleManager: Shutting down and abandoning module WindowsTargetPlatform (34)
[2017.03.20-14.36.24:894][658]LogModuleManager: Shutting down and abandoning module WindowsServerTargetPlatform (33)
[2017.03.20-14.36.24:894][658]LogModuleManager: Shutting down and abandoning module WindowsNoEditorTargetPlatform (32)
[2017.03.20-14.36.24:894][658]LogModuleManager: Shutting down and abandoning module WindowsClientTargetPlatform (31)
[2017.03.20-14.36.24:894][658]LogModuleManager: Shutting down and abandoning module MacTargetPlatform (30)
[2017.03.20-14.36.24:894][658]LogModuleManager: Shutting down and abandoning module MacServerTargetPlatform (29)
[2017.03.20-14.36.24:894][658]LogModuleManager: Shutting down and abandoning module MacNoEditorTargetPlatform (28)
[2017.03.20-14.36.24:894][658]LogModuleManager: Shutting down and abandoning module MacClientTargetPlatform (27)
[2017.03.20-14.36.24:894][658]LogModuleManager: Shutting down and abandoning module AllDesktopTargetPlatform (26)
[2017.03.20-14.36.24:894][658]LogModuleManager: Shutting down and abandoning module TargetPlatform (25)
[2017.03.20-14.36.24:894][658]LogModuleManager: Shutting down and abandoning module InputCore (24)
[2017.03.20-14.36.24:894][658]LogModuleManager: Shutting down and abandoning module Settings (23)
[2017.03.20-14.36.24:894][658]LogModuleManager: Shutting down and abandoning module OculusRift (22)
[2017.03.20-14.36.24:894][658]LogModuleManager: Shutting down and abandoning module ExampleDeviceProfileSelector (21)
[2017.03.20-14.36.24:894][658]LogModuleManager: Shutting down and abandoning module OnlineBlueprintSupport (20)
[2017.03.20-14.36.24:894][658]LogModuleManager: Shutting down and abandoning module OnlineSubsystem (18)
[2017.03.20-14.36.24:894][658]LogOnline:Display: Unloading online subsystem: NULL
[2017.03.20-14.36.24:894][658]LogModuleManager: Shutting down and abandoning module SSL (17)
[2017.03.20-14.36.24:899][658]LogModuleManager: Shutting down and abandoning module HTTP (16)
[2017.03.20-14.36.24:899][658]LogModuleManager: Shutting down and abandoning module XMPP (15)
[2017.03.20-14.36.24:899][658]LogModuleManager: Shutting down and abandoning module TextureCompressor (14)
[2017.03.20-14.36.24:906][658]LogModuleManager: Shutting down and abandoning module ShaderCore (13)
[2017.03.20-14.36.24:906][658]LogModuleManager: Shutting down and abandoning module Landscape (12)
[2017.03.20-14.36.24:906][658]LogModuleManager: Shutting down and abandoning module SlateRHIRenderer (11)
[2017.03.20-14.36.24:912][658]LogModuleManager: Shutting down and abandoning module OpenGLDrv (10)
[2017.03.20-14.36.24:912][658]LogModuleManager: Shutting down and abandoning module D3D11RHI (9)
[2017.03.20-14.36.24:912][658]LogModuleManager: Shutting down and abandoning module AnimGraphRuntime (8)
[2017.03.20-14.36.24:912][658]LogModuleManager: Shutting down and abandoning module Renderer (7)
[2017.03.20-14.36.24:912][658]LogModuleManager: Shutting down and abandoning module Engine (6)
[2017.03.20-14.36.24:912][658]LogModuleManager: Shutting down and abandoning module CoreUObject (5)
[2017.03.20-14.36.24:912][658]LogModuleManager: Shutting down and abandoning module NetworkFile (4)
[2017.03.20-14.36.24:912][658]LogModuleManager: Shutting down and abandoning module StreamingFile (3)
[2017.03.20-14.36.24:912][658]LogModuleManager: Shutting down and abandoning module SandboxFile (2)
[2017.03.20-14.36.24:912][658]LogModuleManager: Shutting down and abandoning module PakFile (1)
[2017.03.20-14.36.24:914][658]LogExit: Exiting.
[2017.03.20-14.36.24:920][658]Log file closed, 03/20/17 14:36:24
