Log file open, 03/29/17 08:43:01
LogInit:Display: Running engine for game: SuhDude
LogPlatformFile: Not using cached read wrapper
LogInit:Display: RandInit(-1429746882) SRandInit(-1429746881).
LogTaskGraph: Started task graph with 5 named threads and 6 total threads with 1 sets of task threads.
LogStats: Stats thread started at 0.071269
LogPluginManager: Loaded Plugin Paper2D, From C:/Program Files/Epic Games/UE_4.14/Engine/Plugins/2D/Paper2D/Paper2D.uplugin
LogPluginManager: Loaded Plugin LightPropagationVolume, From C:/Program Files/Epic Games/UE_4.14/Engine/Plugins/Blendables/LightPropagationVolume/LightPropagationVolume.uplugin
LogPluginManager: Loaded Plugin BlankPlugin, From C:/Program Files/Epic Games/UE_4.14/Engine/Plugins/Developer/BlankPlugin/BlankPlugin.uplugin
LogPluginManager: Loaded Plugin CodeLiteSourceCodeAccess, From C:/Program Files/Epic Games/UE_4.14/Engine/Plugins/Developer/CodeLiteSourceCodeAccess/CodeLiteSourceCodeAccess.uplugin
LogPluginManager: Loaded Plugin GitSourceControl, From C:/Program Files/Epic Games/UE_4.14/Engine/Plugins/Developer/GitSourceControl/GitSourceControl.uplugin
LogPluginManager: Loaded Plugin KDevelopSourceCodeAccess, From C:/Program Files/Epic Games/UE_4.14/Engine/Plugins/Developer/KDevelopSourceCodeAccess/KDevelopSourceCodeAccess.uplugin
LogPluginManager: Loaded Plugin NullSourceCodeAccess, From C:/Program Files/Epic Games/UE_4.14/Engine/Plugins/Developer/NullSourceCodeAccess/NullSourceCodeAccess.uplugin
LogPluginManager: Loaded Plugin OneSkyLocalizationService, From C:/Program Files/Epic Games/UE_4.14/Engine/Plugins/Developer/OneSkyLocalizationService/OneSkyLocalizationService.uplugin
LogPluginManager: Loaded Plugin PerforceSourceControl, From C:/Program Files/Epic Games/UE_4.14/Engine/Plugins/Developer/PerforceSourceControl/PerforceSourceControl.uplugin
LogPluginManager: Loaded Plugin SubversionSourceControl, From C:/Program Files/Epic Games/UE_4.14/Engine/Plugins/Developer/SubversionSourceControl/SubversionSourceControl.uplugin
LogPluginManager: Loaded Plugin UObjectPlugin, From C:/Program Files/Epic Games/UE_4.14/Engine/Plugins/Developer/UObjectPlugin/UObjectPlugin.uplugin
LogPluginManager: Loaded Plugin VisualStudioSourceCodeAccess, From C:/Program Files/Epic Games/UE_4.14/Engine/Plugins/Developer/VisualStudioSourceCodeAccess/VisualStudioSourceCodeAccess.uplugin
LogPluginManager: Loaded Plugin XCodeSourceCodeAccess, From C:/Program Files/Epic Games/UE_4.14/Engine/Plugins/Developer/XCodeSourceCodeAccess/XCodeSourceCodeAccess.uplugin
LogPluginManager: Loaded Plugin AudioCapture, From C:/Program Files/Epic Games/UE_4.14/Engine/Plugins/Editor/AudioCapture/AudioCapture.uplugin
LogPluginManager: Loaded Plugin EpicSurvey, From C:/Program Files/Epic Games/UE_4.14/Engine/Plugins/Editor/EpicSurvey/EpicSurvey.uplugin
LogPluginManager: Loaded Plugin MacGraphicsSwitching, From C:/Program Files/Epic Games/UE_4.14/Engine/Plugins/Editor/MacGraphicsSwitching/MacGraphicsSwitching.uplugin
LogPluginManager: Loaded Plugin MobileLauncherProfileWizard, From C:/Program Files/Epic Games/UE_4.14/Engine/Plugins/Editor/MobileLauncherProfileWizard/MobileLauncherProfileWizard.uplugin
LogPluginManager: Loaded Plugin PluginBrowser, From C:/Program Files/Epic Games/UE_4.14/Engine/Plugins/Editor/PluginBrowser/PluginBrowser.uplugin
LogPluginManager: Loaded Plugin SpeedTreeImporter, From C:/Program Files/Epic Games/UE_4.14/Engine/Plugins/Editor/SpeedTreeImporter/SpeedTreeImporter.uplugin
LogPluginManager: Loaded Plugin SuperSearchEditor, From C:/Program Files/Epic Games/UE_4.14/Engine/Plugins/Editor/SuperSearchEditor/SuperSearchEditor.uplugin
LogPluginManager: Loaded Plugin AlembicImporter, From C:/Program Files/Epic Games/UE_4.14/Engine/Plugins/Experimental/AlembicImporter/AlembicImporter.uplugin
LogPluginManager: Loaded Plugin BlueprintStats, From C:/Program Files/Epic Games/UE_4.14/Engine/Plugins/Experimental/BlueprintStats/BlueprintStats.uplugin
LogPluginManager: Loaded Plugin CharacterAI, From C:/Program Files/Epic Games/UE_4.14/Engine/Plugins/Experimental/CharacterAI/CharacterAI.uplugin
LogPluginManager: Loaded Plugin CodeEditor, From C:/Program Files/Epic Games/UE_4.14/Engine/Plugins/Experimental/CodeEditor/CodeEditor.uplugin
LogPluginManager: Loaded Plugin CodeView, From C:/Program Files/Epic Games/UE_4.14/Engine/Plugins/Experimental/CodeView/CodeView.uplugin
LogPluginManager: Loaded Plugin HTML5Networking, From C:/Program Files/Epic Games/UE_4.14/Engine/Plugins/Experimental/HTML5Networking/HTML5Networking.uplugin
LogPluginManager: Loaded Plugin OSVR, From C:/Program Files/Epic Games/UE_4.14/Engine/Plugins/Experimental/OSVR/OSVR.uplugin
LogPluginManager: Loaded Plugin Phya, From C:/Program Files/Epic Games/UE_4.14/Engine/Plugins/Experimental/Phya/Phya.uplugin
LogPluginManager: Loaded Plugin SignificanceManager, From C:/Program Files/Epic Games/UE_4.14/Engine/Plugins/Experimental/SignificanceManager/SignificanceManager.uplugin
LogPluginManager: Loaded Plugin SimpleHMD, From C:/Program Files/Epic Games/UE_4.14/Engine/Plugins/Experimental/SimpleHMD/SimpleHMD.uplugin
LogPluginManager: Loaded Plugin StereoPanorama, From C:/Program Files/Epic Games/UE_4.14/Engine/Plugins/Experimental/StereoPanorama/StereoPanorama.uplugin
LogPluginManager: Loaded Plugin StructBox, From C:/Program Files/Epic Games/UE_4.14/Engine/Plugins/Experimental/StructBox/StructBox.uplugin
LogPluginManager: Loaded Plugin AndroidMedia, From C:/Program Files/Epic Games/UE_4.14/Engine/Plugins/Media/AndroidMedia/AndroidMedia.uplugin
LogPluginManager: Loaded Plugin AvfMedia, From C:/Program Files/Epic Games/UE_4.14/Engine/Plugins/Media/AvfMedia/AvfMedia.uplugin
LogPluginManager: Loaded Plugin MediaPlayerEditor, From C:/Program Files/Epic Games/UE_4.14/Engine/Plugins/Media/MediaPlayerEditor/MediaPlayerEditor.uplugin
LogPluginManager: Loaded Plugin WmfMedia, From C:/Program Files/Epic Games/UE_4.14/Engine/Plugins/Media/WmfMedia/WmfMedia.uplugin
LogPluginManager: Loaded Plugin MessagingDebugger, From C:/Program Files/Epic Games/UE_4.14/Engine/Plugins/Messaging/MessagingDebugger/MessagingDebugger.uplugin
LogPluginManager: Loaded Plugin TcpMessaging, From C:/Program Files/Epic Games/UE_4.14/Engine/Plugins/Messaging/TcpMessaging/TcpMessaging.uplugin
LogPluginManager: Loaded Plugin UdpMessaging, From C:/Program Files/Epic Games/UE_4.14/Engine/Plugins/Messaging/UdpMessaging/UdpMessaging.uplugin
LogPluginManager: Loaded Plugin LevelSequenceEditor, From C:/Program Files/Epic Games/UE_4.14/Engine/Plugins/MovieScene/LevelSequenceEditor/LevelSequenceEditor.uplugin
LogPluginManager: Loaded Plugin MatineeToLevelSequence, From C:/Program Files/Epic Games/UE_4.14/Engine/Plugins/MovieScene/MatineeToLevelSequence/MatineeToLevelSequence.uplugin
LogPluginManager: Loaded Plugin NetcodeUnitTest, From C:/Program Files/Epic Games/UE_4.14/Engine/Plugins/NetcodeUnitTest/NetcodeUnitTest/NetcodeUnitTest.uplugin
LogPluginManager: Loaded Plugin NUTUnrealEngine4, From C:/Program Files/Epic Games/UE_4.14/Engine/Plugins/NetcodeUnitTest/NUTUnrealEngine4/NUTUnrealEngine4.uplugin
LogPluginManager: Loaded Plugin OnlineSubsystemGameCircle, From C:/Program Files/Epic Games/UE_4.14/Engine/Plugins/Online/Android/OnlineSubsystemGameCircle/OnlineSubsystemGameCircle.uplugin
LogPluginManager: Loaded Plugin OnlineSubsystemGooglePlay, From C:/Program Files/Epic Games/UE_4.14/Engine/Plugins/Online/Android/OnlineSubsystemGooglePlay/OnlineSubsystemGooglePlay.uplugin
LogPluginManager: Loaded Plugin OnlineSubsystemIOS, From C:/Program Files/Epic Games/UE_4.14/Engine/Plugins/Online/IOS/OnlineSubsystemIOS/OnlineSubsystemIOS.uplugin
LogPluginManager: Loaded Plugin OnlineFramework, From C:/Program Files/Epic Games/UE_4.14/Engine/Plugins/Online/OnlineFramework/OnlineFramework.uplugin
LogPluginManager: Loaded Plugin OnlineSubsystem, From C:/Program Files/Epic Games/UE_4.14/Engine/Plugins/Online/OnlineSubsystem/OnlineSubsystem.uplugin
LogPluginManager: Loaded Plugin OnlineSubsystemAmazon, From C:/Program Files/Epic Games/UE_4.14/Engine/Plugins/Online/OnlineSubsystemAmazon/OnlineSubsystemAmazon.uplugin
LogPluginManager: Loaded Plugin OnlineSubsystemFacebook, From C:/Program Files/Epic Games/UE_4.14/Engine/Plugins/Online/OnlineSubsystemFacebook/OnlineSubsystemFacebook.uplugin
LogPluginManager: Loaded Plugin OnlineSubsystemNull, From C:/Program Files/Epic Games/UE_4.14/Engine/Plugins/Online/OnlineSubsystemNull/OnlineSubsystemNull.uplugin
LogPluginManager: Loaded Plugin OnlineSubsystemOculus, From C:/Program Files/Epic Games/UE_4.14/Engine/Plugins/Online/OnlineSubsystemOculus/OnlineSubsystemOculus.uplugin
LogPluginManager: Loaded Plugin OnlineSubsystemSteam, From C:/Program Files/Epic Games/UE_4.14/Engine/Plugins/Online/OnlineSubsystemSteam/OnlineSubsystemSteam.uplugin
LogPluginManager: Loaded Plugin OnlineSubsystemUtils, From C:/Program Files/Epic Games/UE_4.14/Engine/Plugins/Online/OnlineSubsystemUtils/OnlineSubsystemUtils.uplugin
LogPluginManager: Loaded Plugin IOSTapJoy, From C:/Program Files/Epic Games/UE_4.14/Engine/Plugins/Runtime/Advertising/IOSTapJoy/IOSTapJoy.uplugin
LogPluginManager: Loaded Plugin AnalyticsBlueprintLibrary, From C:/Program Files/Epic Games/UE_4.14/Engine/Plugins/Runtime/Analytics/AnalyticsBlueprintLibrary/AnalyticsBlueprintLibrary.uplugin
LogPluginManager: Loaded Plugin AnalyticsMulticast, From C:/Program Files/Epic Games/UE_4.14/Engine/Plugins/Runtime/Analytics/AnalyticsMulticast/AnalyticsMulticast.uplugin
LogPluginManager: Loaded Plugin Apsalar, From C:/Program Files/Epic Games/UE_4.14/Engine/Plugins/Runtime/Analytics/Apsalar/Apsalar.uplugin
LogPluginManager: Loaded Plugin FileLogging, From C:/Program Files/Epic Games/UE_4.14/Engine/Plugins/Runtime/Analytics/FileLogging/FileLogging.uplugin
LogPluginManager: Loaded Plugin Flurry, From C:/Program Files/Epic Games/UE_4.14/Engine/Plugins/Runtime/Analytics/Flurry/Flurry.uplugin
LogPluginManager: Loaded Plugin AndroidDeviceProfileSelector, From C:/Program Files/Epic Games/UE_4.14/Engine/Plugins/Runtime/AndroidDeviceProfileSelector/AndroidDeviceProfileSelector.uplugin
LogPluginManager: Loaded Plugin AndroidMoviePlayer, From C:/Program Files/Epic Games/UE_4.14/Engine/Plugins/Runtime/AndroidMoviePlayer/AndroidMoviePlayer.uplugin
LogPluginManager: Loaded Plugin AppleMoviePlayer, From C:/Program Files/Epic Games/UE_4.14/Engine/Plugins/Runtime/AppleMoviePlayer/AppleMoviePlayer.uplugin
LogPluginManager: Loaded Plugin ArchVisCharacter, From C:/Program Files/Epic Games/UE_4.14/Engine/Plugins/Runtime/ArchVisCharacter/ArchVisCharacter.uplugin
LogPluginManager: Loaded Plugin CableComponent, From C:/Program Files/Epic Games/UE_4.14/Engine/Plugins/Runtime/CableComponent/CableComponent.uplugin
LogPluginManager: Loaded Plugin CustomMeshComponent, From C:/Program Files/Epic Games/UE_4.14/Engine/Plugins/Runtime/CustomMeshComponent/CustomMeshComponent.uplugin
LogPluginManager: Loaded Plugin ExampleDeviceProfileSelector, From C:/Program Files/Epic Games/UE_4.14/Engine/Plugins/Runtime/ExampleDeviceProfileSelector/ExampleDeviceProfileSelector.uplugin
LogPluginManager: Loaded Plugin GearVR, From C:/Program Files/Epic Games/UE_4.14/Engine/Plugins/Runtime/GearVR/GearVR.uplugin
LogPluginManager: Loaded Plugin GoogleVRController, From C:/Program Files/Epic Games/UE_4.14/Engine/Plugins/Runtime/GoogleVR/GoogleVRController/GoogleVRController.uplugin
LogPluginManager: Loaded Plugin GoogleVRHMD, From C:/Program Files/Epic Games/UE_4.14/Engine/Plugins/Runtime/GoogleVR/GoogleVRHMD/GoogleVRHMD.uplugin
LogPluginManager: Loaded Plugin IOSDeviceProfileSelector, From C:/Program Files/Epic Games/UE_4.14/Engine/Plugins/Runtime/IOSDeviceProfileSelector/IOSDeviceProfileSelector.uplugin
LogPluginManager: Loaded Plugin LeapMotion, From C:/Program Files/Epic Games/UE_4.14/Engine/Plugins/Runtime/LeapMotion/LeapMotion.uplugin
LogPluginManager: Loaded Plugin LinuxDeviceProfileSelector, From C:/Program Files/Epic Games/UE_4.14/Engine/Plugins/Runtime/LinuxDeviceProfileSelector/LinuxDeviceProfileSelector.uplugin
LogPluginManager: Loaded Plugin MIDIDevice, From C:/Program Files/Epic Games/UE_4.14/Engine/Plugins/Runtime/MIDIDevice/MIDIDevice.uplugin
LogPluginManager: Loaded Plugin MobilePatchingUtils, From C:/Program Files/Epic Games/UE_4.14/Engine/Plugins/Runtime/MobilePatchingUtils/MobilePatchingUtils.uplugin
LogPluginManager: Loaded Plugin Ansel, From C:/Program Files/Epic Games/UE_4.14/Engine/Plugins/Runtime/Nvidia/Ansel/Ansel.uplugin
LogPluginManager: Loaded Plugin OculusAudio, From C:/Program Files/Epic Games/UE_4.14/Engine/Plugins/Runtime/OculusAudio/OculusAudio.uplugin
LogPluginManager: Loaded Plugin OculusInput, From C:/Program Files/Epic Games/UE_4.14/Engine/Plugins/Runtime/OculusInput/OculusInput.uplugin
LogPluginManager: Loaded Plugin OculusLibrary, From C:/Program Files/Epic Games/UE_4.14/Engine/Plugins/Runtime/OculusLibrary/OculusLibrary.uplugin
LogPluginManager: Loaded Plugin OculusRift, From C:/Program Files/Epic Games/UE_4.14/Engine/Plugins/Runtime/OculusRift/OculusRift.uplugin
LogPluginManager: Loaded Plugin Oodle, From C:/Program Files/Epic Games/UE_4.14/Engine/Plugins/Runtime/PacketHandlers/CompressionComponents/Oodle/Oodle.uplugin
LogPluginManager: Loaded Plugin ProceduralMeshComponent, From C:/Program Files/Epic Games/UE_4.14/Engine/Plugins/Runtime/ProceduralMeshComponent/ProceduralMeshComponent.uplugin
LogPluginManager: Loaded Plugin SoundMod, From C:/Program Files/Epic Games/UE_4.14/Engine/Plugins/Runtime/SoundMod/SoundMod.uplugin
LogPluginManager: Loaded Plugin SoundVisualizations, From C:/Program Files/Epic Games/UE_4.14/Engine/Plugins/Runtime/SoundVisualizations/SoundVisualizations.uplugin
LogPluginManager: Loaded Plugin SteamController, From C:/Program Files/Epic Games/UE_4.14/Engine/Plugins/Runtime/Steam/SteamController/SteamController.uplugin
LogPluginManager: Loaded Plugin SteamVR, From C:/Program Files/Epic Games/UE_4.14/Engine/Plugins/Runtime/Steam/SteamVR/SteamVR.uplugin
LogPluginManager: Loaded Plugin WebBrowserWidget, From C:/Program Files/Epic Games/UE_4.14/Engine/Plugins/Runtime/WebBrowserWidget/WebBrowserWidget.uplugin
LogPluginManager: Loaded Plugin WindowsDeviceProfileSelector, From C:/Program Files/Epic Games/UE_4.14/Engine/Plugins/Runtime/WindowsDeviceProfileSelector/WindowsDeviceProfileSelector.uplugin
LogPluginManager: Loaded Plugin WindowsMoviePlayer, From C:/Program Files/Epic Games/UE_4.14/Engine/Plugins/Runtime/WindowsMoviePlayer/WindowsMoviePlayer.uplugin
LogPluginManager: Loaded Plugin ScriptPlugin, From C:/Program Files/Epic Games/UE_4.14/Engine/Plugins/ScriptPlugin/ScriptPlugin.uplugin
LogPluginManager: Loaded Plugin SlateRemote, From C:/Program Files/Epic Games/UE_4.14/Engine/Plugins/Slate/SlateRemote/SlateRemote.uplugin
LogPluginManager: Loaded Plugin EditorTests, From C:/Program Files/Epic Games/UE_4.14/Engine/Plugins/Tests/EditorTests/EditorTests.uplugin
LogPluginManager: Loaded Plugin FbxAutomationTestBuilder, From C:/Program Files/Epic Games/UE_4.14/Engine/Plugins/Tests/FbxAutomationTestBuilder/FbxAutomationTestBuilder.uplugin
LogPluginManager: Loaded Plugin FunctionalTestingEditor, From C:/Program Files/Epic Games/UE_4.14/Engine/Plugins/Tests/FunctionalTestingEditor/FunctionalTestingEditor.uplugin
LogPluginManager: Loaded Plugin RuntimeTests, From C:/Program Files/Epic Games/UE_4.14/Engine/Plugins/Tests/RuntimeTests/RuntimeTests.uplugin
LogPluginManager: Loaded Plugin ScreenshotTools, From C:/Program Files/Epic Games/UE_4.14/Engine/Plugins/Tests/ScreenshotTools/ScreenshotTools.uplugin
LogInit: Using libcurl 7.47.1
LogInit:  - built for x86_64-pc-win32
LogInit:  - supports SSL with OpenSSL/1.0.2g
LogInit:  - supports HTTP deflate (compression) using libz 1.2.8
LogInit:  - other features:
LogInit:      CURL_VERSION_SSL
LogInit:      CURL_VERSION_LIBZ
LogInit:      CURL_VERSION_IPV6
LogInit:      CURL_VERSION_ASYNCHDNS
LogInit:      CURL_VERSION_LARGEFILE
LogInit:      CURL_VERSION_IDN
LogInit:  CurlRequestOptions (configurable via config and command line):
LogInit:  - bVerifyPeer = false  - Libcurl will NOT verify peer certificate
LogInit:  - bUseHttpProxy = false  - Libcurl will NOT use HTTP proxy
LogInit:  - bDontReuseConnections = false  - Libcurl will reuse connections
LogInit:  - CertBundlePath = nullptr  - Libcurl will use whatever was configured at build time.
LogInit: Build: ++UE4+Release-4.14-CL-3249277
LogInit: Engine Version: 4.14.3-3249277+++UE4+Release-4.14
LogInit: Compatible Engine Version: 4.14.0-3195953+++UE4+Release-4.14
LogInit: Net CL: 3195953
LogDevObjectVersion: Number of dev versions registered: 13
LogDevObjectVersion:   Dev-Blueprints (B0D832E4-1F89-4F0D-ACCF-7EB736FD4AA2): 7
LogDevObjectVersion:   Dev-Build (E1C64328-A22C-4D53-A36C-8E866417BD8C): 0
LogDevObjectVersion:   Dev-Core (375EC13C-06E4-48FB-B500-84F0262A717E): 1
LogDevObjectVersion:   Dev-Editor (E4B068ED-F494-42E9-A231-DA0B2E46BB41): 8
LogDevObjectVersion:   Dev-Framework (CFFC743F-43B0-4480-9391-14DF171D2073): 17
LogDevObjectVersion:   Dev-Mobile (B02B49B5-BB20-44E9-A304-32B752E40360): 0
LogDevObjectVersion:   Dev-Networking (A4E4105C-59A1-49B5-A7C5-40C4547EDFEE): 0
LogDevObjectVersion:   Dev-Online (39C831C9-5AE6-47DC-9A44-9C173E1C8E7C): 0
LogDevObjectVersion:   Dev-Physics (78F01B33-EBEA-4F98-B9B4-84EACCB95AA2): 0
LogDevObjectVersion:   Dev-Platform (6631380F-2D4D-43E0-8009-CF276956A95A): 0
LogDevObjectVersion:   Dev-Rendering (12F88B9F-8875-4AFC-A67C-D90C383ABD29): 12
LogDevObjectVersion:   Dev-Sequencer (7B5AE74C-D270-4C10-A958-57980B212A5A): 1
LogDevObjectVersion:   Dev-VR (D7296918-1DD6-4BDD-9DE2-64A83CC13884): 0
LogInit: Compiled (64-bit): Jan  6 2017 10:49:43
LogInit: Compiled with Visual C++: 19.00.23026.00
LogInit: Build Configuration: Development
LogInit: Branch Name: ++UE4+Release-4.14
LogInit: Command line:  
LogInit: Base directory: C:/Program Files/Epic Games/UE_4.14/Engine/Binaries/Win64/
LogInit: Installed Engine Build: 1
LogInit: Presizing for max 8388607 objects, including 0 objects not considered by GC, pre-allocating 0 bytes for permanent pool.
LogInit: Object subsystem initialized
[2017.03.29-07.43.02:345][  0]LogInit: Selected Device Profile: [Windows]
[2017.03.29-07.43.02:345][  0]LogInit: Applying CVar settings loaded from the selected device profile: [Windows]
[2017.03.29-07.43.02:386][  0]LogInit: Computer: LAPTOP-HOJJGP5S
[2017.03.29-07.43.02:386][  0]LogInit: User: Tristan
[2017.03.29-07.43.02:386][  0]LogInit: CPU Page size=65536, Cores=2
[2017.03.29-07.43.02:386][  0]LogInit: High frequency timer resolution =2.343752 MHz
[2017.03.29-07.43.02:386][  0]LogMemory: Memory total: Physical=7.8GB (8GB approx)
[2017.03.29-07.43.02:386][  0]LogMemory: Platform Memory Stats for Windows
[2017.03.29-07.43.02:386][  0]LogMemory: Process Physical Memory: 264.21 MB used, 264.21 MB peak
[2017.03.29-07.43.02:386][  0]LogMemory: Process Virtual Memory: 262.44 MB used, 262.44 MB peak
[2017.03.29-07.43.02:386][  0]LogMemory: Physical Memory: 3778.42 MB used,  4252.42 MB free, 8030.84 MB total
[2017.03.29-07.43.02:386][  0]LogMemory: Virtual Memory: 674.75 MB used,  4252.42 MB free, 134217728.00 MB total
[2017.03.29-07.43.02:623][  0]LogTextLocalizationManager: No specific translations for ('en-GB') exist, so ('en') translations will be used.
[2017.03.29-07.43.10:198][  0]LogD3D11RHI: D3D11 adapters:
[2017.03.29-07.43.10:459][  0]LogD3D11RHI:    0. 'NVIDIA GeForce 940M' (Feature Level 11_0)
[2017.03.29-07.43.10:459][  0]LogD3D11RHI:       2020/0/4015 MB DedicatedVideo/DedicatedSystem/SharedSystem, Outputs:1, VendorId:0x10de
[2017.03.29-07.43.10:468][  0]LogD3D11RHI:    1. 'Intel(R) HD Graphics 520' (Feature Level 11_0)
[2017.03.29-07.43.10:468][  0]LogD3D11RHI:       128/0/4015 MB DedicatedVideo/DedicatedSystem/SharedSystem, Outputs:0, VendorId:0x8086
[2017.03.29-07.43.10:469][  0]LogD3D11RHI:    2. 'Microsoft Basic Render Driver' (Feature Level 11_0)
[2017.03.29-07.43.10:469][  0]LogD3D11RHI:       0/0/4015 MB DedicatedVideo/DedicatedSystem/SharedSystem, Outputs:0, VendorId:0x1414
[2017.03.29-07.43.10:469][  0]LogD3D11RHI: Chosen D3D11 Adapter: 0
[2017.03.29-07.43.10:476][  0]LogD3D11RHI: Creating new Direct3DDevice
[2017.03.29-07.43.10:476][  0]LogD3D11RHI:     GPU DeviceId: 0x1347 (for the marketing name, search the web for "GPU Device Id")
[2017.03.29-07.43.10:476][  0]LogWindows: EnumDisplayDevices:
[2017.03.29-07.43.10:476][  0]LogWindows:    0. 'Intel(R) HD Graphics 520' (P:1 D:1)
[2017.03.29-07.43.10:476][  0]LogWindows:    1. 'Intel(R) HD Graphics 520' (P:0 D:0)
[2017.03.29-07.43.10:476][  0]LogWindows:    2. 'Intel(R) HD Graphics 520' (P:0 D:0)
[2017.03.29-07.43.10:477][  0]LogWindows: DebugString: PrimaryIsNotTheChoosenAdapter PrimaryIsNotTheChoosenAdapter PrimaryIsNotTheChoosenAdapter FoundDriverCount:0 
[2017.03.29-07.43.10:477][  0]LogD3D11RHI:     Adapter Name: NVIDIA GeForce 940M
[2017.03.29-07.43.10:477][  0]LogD3D11RHI:   Driver Version: Unknown (internal:Unknown, unified:Unknown)
[2017.03.29-07.43.10:477][  0]LogD3D11RHI:      Driver Date: Unknown
[2017.03.29-07.43.10:477][  0]LogRHI: Texture pool is 1361 MB (70% of 1945 MB)
[2017.03.29-07.43.10:494][  0]LogD3D11RHI: Async texture creation enabled
[2017.03.29-07.43.10:512][  0]LogD3D11RHI: GPU Timing Frequency: 1000.000000 (Debug: 2 2)
[2017.03.29-07.43.10:512][  0]LogShaderCompilers: Guid format shader working directory is -35 characters bigger than the processId version (../../../../../../Users/Tristan/Documents/UniWork/comp140-gam160-game/SuhDude-Game/Intermediate/Shaders/WorkingDirectory/11500/).
[2017.03.29-07.43.10:513][  0]LogShaderCompilers: Cleaned the shader compiler working directory 'C:/Users/Tristan/AppData/Local/Temp/UnrealShaderWorkingDir/EA4CBFCF438AF1B9561A0AB1BED25DF1/'.
[2017.03.29-07.43.10:513][  0]LogShaderCompilers:Display: Using Local Shader Compiler.
[2017.03.29-07.43.14:966][  0]LogTemp:Display: Loaded TP AllDesktopTargetPlatform
[2017.03.29-07.43.15:029][  0]LogTemp:Display: Loaded TP MacClientTargetPlatform
[2017.03.29-07.43.15:093][  0]LogTemp:Display: Loaded TP MacNoEditorTargetPlatform
[2017.03.29-07.43.15:156][  0]LogTemp:Display: Loaded TP MacServerTargetPlatform
[2017.03.29-07.43.15:225][  0]LogTemp:Display: Loaded TP MacTargetPlatform
[2017.03.29-07.43.15:289][  0]LogTemp:Display: Loaded TP WindowsClientTargetPlatform
[2017.03.29-07.43.15:360][  0]LogTemp:Display: Loaded TP WindowsNoEditorTargetPlatform
[2017.03.29-07.43.15:452][  0]LogTemp:Display: Loaded TP WindowsServerTargetPlatform
[2017.03.29-07.43.15:504][  0]LogTemp:Display: Loaded TP WindowsTargetPlatform
[2017.03.29-07.43.15:566][  0]LogTemp:Display: Loaded TP AndroidTargetPlatform
[2017.03.29-07.43.15:629][  0]LogTemp:Display: Loaded TP Android_ASTCTargetPlatform
[2017.03.29-07.43.15:697][  0]LogTemp:Display: Loaded TP Android_ATCTargetPlatform
[2017.03.29-07.43.15:759][  0]LogTemp:Display: Loaded TP Android_DXTTargetPlatform
[2017.03.29-07.43.15:823][  0]LogTemp:Display: Loaded TP Android_ETC1TargetPlatform
[2017.03.29-07.43.15:892][  0]LogTemp:Display: Loaded TP Android_ETC2TargetPlatform
[2017.03.29-07.43.16:019][  0]LogTemp:Display: Loaded TP Android_MultiTargetPlatform
[2017.03.29-07.43.16:019][  0]LogTemp:Display: Loaded TP Android_PVRTCTargetPlatform
[2017.03.29-07.43.16:064][  0]LogTemp:Display: Loaded TP HTML5TargetPlatform
[2017.03.29-07.43.16:167][  0]LogTemp:Display: Loaded TP IOSTargetPlatform
[2017.03.29-07.43.16:208][  0]LogTemp:Display: Loaded TP TVOSTargetPlatform
[2017.03.29-07.43.16:272][  0]LogTemp:Display: Loaded TP LinuxClientTargetPlatform
[2017.03.29-07.43.16:335][  0]LogTemp:Display: Loaded TP LinuxNoEditorTargetPlatform
[2017.03.29-07.43.16:397][  0]LogTemp:Display: Loaded TP LinuxServerTargetPlatform
[2017.03.29-07.43.16:461][  0]LogTemp:Display: Loaded TP LinuxTargetPlatform
[2017.03.29-07.43.16:461][  0]LogTargetPlatformManager:Display: Building Assets For Windows
[2017.03.29-07.43.16:919][  0]LogDerivedDataCache:Display: Max Cache Size: 512 MB
[2017.03.29-07.43.17:462][  0]LogDerivedDataCache: Loaded boot cache 0.54s 50MB C:/Users/Tristan/AppData/Local/UnrealEngine/4.14/DerivedDataCache/Boot.ddc.
[2017.03.29-07.43.17:462][  0]LogDerivedDataCache:Display: Loaded Boot cache: C:/Users/Tristan/AppData/Local/UnrealEngine/4.14/DerivedDataCache/Boot.ddc
[2017.03.29-07.43.17:462][  0]LogDerivedDataCache: FDerivedDataBackendGraph:  Pak pak cache file ../../../../../../Users/Tristan/Documents/UniWork/comp140-gam160-game/SuhDude-Game/DerivedDataCache/DDC.ddp not found, will not use a pak cache.
[2017.03.29-07.43.17:462][  0]LogDerivedDataCache: Unable to find inner node Pak for hierarchical cache Hierarchy.
[2017.03.29-07.43.17:462][  0]LogDerivedDataCache: FDerivedDataBackendGraph:  CompressedPak pak cache file ../../../../../../Users/Tristan/Documents/UniWork/comp140-gam160-game/SuhDude-Game/DerivedDataCache/Compressed.ddp not found, will not use a pak cache.
[2017.03.29-07.43.17:462][  0]LogDerivedDataCache: Unable to find inner node CompressedPak for hierarchical cache Hierarchy.
[2017.03.29-07.43.17:481][  0]LogDerivedDataCache:Display: Pak cache opened for reading ../../../Engine/DerivedDataCache/Compressed.ddp.
[2017.03.29-07.43.17:494][  0]LogDerivedDataCache: Using Local data cache path C:/Users/Tristan/AppData/Local/UnrealEngine/Common/DerivedDataCache: Writable
[2017.03.29-07.43.20:937][  0]LogInit: Selected Device Profile: [Windows]
[2017.03.29-07.43.20:940][  0]LogContentStreaming: Texture pool size is 0.00 MB
[2017.03.29-07.43.21:411][  0]LogMeshUtilities: Using QuadricMeshReduction for automatic static mesh reduction
[2017.03.29-07.43.21:459][  0]LogSimplygon: Simplygon DLL not present - disabling.
[2017.03.29-07.43.21:514][  0]LogMeshUtilities: Using SimplygonSwarm for distributed automatic mesh merging
[2017.03.29-07.43.21:514][  0]LogMeshUtilities: No automatic skeletal mesh reduction module available
[2017.03.29-07.43.21:514][  0]LogMeshUtilities: No automatic mesh merging module available
[2017.03.29-07.43.22:277][  0]LogNetVersion: GetLocalNetworkVersion: CL: 3195953, ProjectName: suhdude, ProjectVersion: , EngineNetworkVersion: 2, GameNetworkVersion: 0, NetworkChecksum: 1980303672
[2017.03.29-07.43.22:357][  0]LogAssetRegistry: FAssetRegistry took 0.0226 seconds to start up
[2017.03.29-07.43.22:431][  0]LogPackageLocalizationCache: Processed 3 localized package path(s) for 2 prioritized culture(s) in 0.040287 seconds
[2017.03.29-07.43.22:441][  0]LogUObjectArray: 31946 objects as part of root set at end of initial load.
[2017.03.29-07.43.22:441][  0]LogUObjectAllocator: 6935840 out of 0 bytes used by permanent object pool.
[2017.03.29-07.43.22:441][  0]LogUObjectArray: CloseDisregardForGC: 0/0 objects in disregard for GC pool
[2017.03.29-07.43.22:540][  0]LogInit: WinSock: version 1.1 (2.2), MaxSocks=32767, MaxUdp=65467
[2017.03.29-07.43.23:615][  0]LogSlate: Using Freetype 2.6.0
[2017.03.29-07.43.23:625][  0]LogSlate: SlateFontCache - WITH_FREETYPE: 1, WITH_HARFBUZZ: 1
[2017.03.29-07.43.23:625][  0]LogSlate: SlateFontCache - WITH_FREETYPE: 1, WITH_HARFBUZZ: 1
[2017.03.29-07.43.27:720][  0]LogTcpMessaging: Initializing TcpMessaging bridge
[2017.03.29-07.43.27:786][  0]LogUdpMessaging: Initializing bridge on interface 0.0.0.0:0 to multicast group 230.0.0.1:6666.
[2017.03.29-07.43.28:631][  0]LogMaterial: Uniform references updated for custom material expression Custom.
[2017.03.29-07.43.29:085][  0]SourceControl: Info Source control is disabled
[2017.03.29-07.43.29:334][  0]SourceControl: Info Source control is disabled
[2017.03.29-07.43.29:387][  0]SourceControl: Info Source control is disabled
[2017.03.29-07.43.29:438][  0]SourceControl: Info Source control is disabled
[2017.03.29-07.43.31:199][  0]LogEngine: Initializing Engine...
[2017.03.29-07.43.31:200][  0]LogHMD: Failed to initialize OpenVR with code 110
[2017.03.29-07.43.31:488][  0]LogAIModule: Creating AISystem for world Untitled
[2017.03.29-07.43.31:498][  0]LogInit: XAudio2 using 'Speaker/HP (Realtek High Definition Audio)' : 2 channels at 48 kHz using 32 bits per sample (channel mask 0x3)
[2017.03.29-07.43.31:724][  0]LogInit: FAudioDevice initialized.
[2017.03.29-07.43.31:758][  0]LogDerivedDataCache: Saved boot cache 0.03s 50MB C:/Users/Tristan/AppData/Local/UnrealEngine/4.14/DerivedDataCache/Boot.ddc.
[2017.03.29-07.43.31:771][  0]LogInit: Texture streaming: Enabled
[2017.03.29-07.43.32:023][  0]LogInit: Transaction tracking system initialized
[2017.03.29-07.43.32:433][  0]BlueprintLog: New page: Editor Load
[2017.03.29-07.43.33:657][  0]LocalizationService: Info Localization service is disabled
[2017.03.29-07.43.34:773][  0]LogConsoleResponse:Display: 
[2017.03.29-07.43.35:596][  0]LogCook:Display: Max memory allowance for cook 16384mb min free memory 0mb
[2017.03.29-07.43.35:596][  0]LogCook:Display: Mobile HDR setting 1
[2017.03.29-07.43.35:599][  0]LogFileCache: Scanning file cache for directory 'C:/Users/Tristan/Documents/UniWork/comp140-gam160-game/SuhDude-Game/Content/' took 0.02s
[2017.03.29-07.43.37:261][  0]SourceControl: Info Source control is disabled
[2017.03.29-07.43.37:261][  0]Cmd: MAP LOAD FILE="../../../../../../Users/Tristan/Documents/UniWork/comp140-gam160-game/SuhDude-Game/Content/Maps/MenuLevel.umap" TEMPLATE=0 SHOWPROGRESS=1 FEATURELEVEL=3
[2017.03.29-07.43.37:262][  0]LightingResults: New page: Lighting Build
[2017.03.29-07.43.37:308][  0]MapCheck: New page: Map Check
[2017.03.29-07.43.37:308][  0]LightingResults: New page: Lighting Build
[2017.03.29-07.43.38:400][  0]LogAIModule: Creating AISystem for world MenuLevel
[2017.03.29-07.43.38:411][  0]LogEditorServer: Finished looking for orphan Actors (0.000 secs)
[2017.03.29-07.43.38:412][  0]Cmd: MAP CHECKDEP NOCLEARLOG
[2017.03.29-07.43.38:490][  0]MapCheck: Info Map check complete: 0 Error(s), 0 Warning(s), took 78.32ms to complete.
[2017.03.29-07.43.38:490][  0]LogFileHelpers: Loading map 'MenuLevel' took 1.229
[2017.03.29-07.43.38:670][  0]LogCollectionManager: Loaded 0 collections in 0.002838 seconds
[2017.03.29-07.43.38:774][  0]LogFileCache: Scanning file cache for directory 'C:/Users/Tristan/Documents/UniWork/comp140-gam160-game/SuhDude-Game/Saved/Collections/' took 0.01s
[2017.03.29-07.43.38:774][  0]LogFileCache: Scanning file cache for directory 'C:/Users/Tristan/Documents/UniWork/comp140-gam160-game/SuhDude-Game/Content/Developers/Tristan/Collections/' took 0.01s
[2017.03.29-07.43.38:774][  0]LogFileCache: Scanning file cache for directory 'C:/Users/Tristan/Documents/UniWork/comp140-gam160-game/SuhDude-Game/Content/Collections/' took 0.01s
[2017.03.29-07.43.38:774][  0]LogCollectionManager: Rebuilt the GUID cache for 0 collections in 0.000002 seconds
[2017.03.29-07.43.38:789][  0]LogContentBrowser: Native class hierarchy populated in 0.0151 seconds. Added 2194 classes and 430 folders.
[2017.03.29-07.43.38:858][  0]LogStats: UGameplayTagsManager::ConstructGameplayTagTree: Construct from data asset -  0.000 s
[2017.03.29-07.43.38:858][  0]LogStats: UGameplayTagsManager::ConstructGameplayTagTree: GameplayTagTreeChangedEvent.Broadcast -  0.000 s
[2017.03.29-07.43.38:860][  0]LogContentBrowser: Native class hierarchy updated for 'GameplayTags' in 0.0023 seconds. Added 13 classes and 0 folders.
[2017.03.29-07.43.38:964][  0]LogContentBrowser: Native class hierarchy updated for 'WidgetCarousel' in 0.0025 seconds. Added 0 classes and 0 folders.
[2017.03.29-07.43.39:029][  0]LogContentBrowser: Native class hierarchy updated for 'AddContentDialog' in 0.0024 seconds. Added 0 classes and 0 folders.
[2017.03.29-07.43.39:095][  0]LogContentBrowser: Native class hierarchy updated for 'SceneOutliner' in 0.0020 seconds. Added 1 classes and 2 folders.
[2017.03.29-07.43.39:155][  0]LogCrashTracker: Crashtracker disabled due to settings.
[2017.03.29-07.43.40:717][  0]LogSlate: Only BGRA pngs, bmps or icos are supported in by External Image Picker
[2017.03.29-07.43.40:753][  0]LogUObjectGlobals:Warning: Failed to find object 'Class None.'
[2017.03.29-07.43.41:133][  0]LogTemp:Display: Executing iPhonePackager certificates Engine -bundlename com.YourCompany.SuhDude

[2017.03.29-07.43.41:133][  0]LogTemp:Display: CWD: C:\Program Files\Epic Games\UE_4.14\Engine\Binaries\DotNet\IOS

[2017.03.29-07.43.41:133][  0]LogTemp:Display: Initial Dir: C:\Program Files\Epic Games\UE_4.14

[2017.03.29-07.43.41:133][  0]LogTemp:Display: Env CWD: C:\Program Files\Epic Games\UE_4.14\Engine\Binaries\DotNet\IOS

[2017.03.29-07.43.41:133][  0]LogTemp:Display: BranchPath = LAPTOP-HOJJGP5S/C/Program Files/Epic Games/UE_4.14/Engine/Binaries --- GameBranchPath = LAPTOP-HOJJGP5S/C/Program Files/Epic Games/UE_4.14/Engine/Binaries

[2017.03.29-07.43.41:133][  0]LogTemp:Display: IPP ERROR: Application exception: System.IO.DirectoryNotFoundException: Could not find a part of the path 'C:\Users\Tristan\AppData\Local\Apple Computer\MobileDevice\Provisioning Profiles'.

[2017.03.29-07.43.41:133][  0]LogTemp:Display:    at System.IO.__Error.WinIOError(Int32 errorCode, String maybeFullPath)

[2017.03.29-07.43.41:133][  0]LogTemp:Display:    at System.IO.FileSystemEnumerableIterator`1.CommonInit()

[2017.03.29-07.43.41:133][  0]LogTemp:Display:    at System.IO.Directory.EnumerateFiles(String path, String searchPattern)

[2017.03.29-07.43.41:133][  0]LogTemp:Display:    at iPhonePackager.CodeSignatureBuilder.FindProvisions(String CFBundleIdentifier)

[2017.03.29-07.43.41:133][  0]LogTemp:Display:    at iPhonePackager.Program.Main(String[] args)

[2017.03.29-07.43.41:199][  0]LogContentBrowser: Native class hierarchy updated for 'HierarchicalLODOutliner' in 0.0026 seconds. Added 1 classes and 2 folders.
[2017.03.29-07.43.41:199][  0]LogLoad: (Engine Initialization) Total time: 41.18 seconds
[2017.03.29-07.43.41:199][  0]LogLoad: (Engine Initialization) Total Blueprint compile time: 0.19 seconds
[2017.03.29-07.43.41:199][  0]LogExternalProfiler: Found external profiler: VSPerf
[2017.03.29-07.43.41:199][  0]LogExternalProfiler: Using external profiler: VSPerf
[2017.03.29-07.43.41:208][  0]LogOcInput: OculusInput pre-init called
[2017.03.29-07.43.41:226][  0]LogContentStreaming: Texture pool size now 1000 MB
[2017.03.29-07.43.41:385][  0]LogRenderer: Reallocating scene render targets to support 828x436 NumSamples 1 (Frame:2).
[2017.03.29-07.43.41:590][  1]LogAssetRegistry: Asset discovery search completed in 19.2554 seconds
[2017.03.29-07.43.41:590][  1]LogCollectionManager: Rebuilt the object cache for 0 collections in 0.000000 seconds (found 0 objects)
[2017.03.29-07.43.41:590][  1]LogCollectionManager: Fixed up redirectors for 0 collections in 0.000017 seconds (updated 0 objects)
[2017.03.29-07.44.52:957][485]LogTemp: Repeting last play command: Selected Viewport
[2017.03.29-07.44.53:025][485]LogBlueprintUserMessages: Early PlayInEditor Detection: Level '/Game/Maps/MenuLevel.MenuLevel:PersistentLevel' has LevelScriptBlueprint '/Game/Maps/MenuLevel.MenuLevel:PersistentLevel.MenuLevel' with GeneratedClass '/Game/Maps/MenuLevel.MenuLevel_C' with ClassGeneratedBy '/Game/Maps/MenuLevel.MenuLevel:PersistentLevel.MenuLevel'
[2017.03.29-07.44.53:025][485]LogPlayLevel: PlayLevel: No blueprints needed recompiling
[2017.03.29-07.44.53:026][485]PIE: New page: PIE session: MenuLevel (29 Mar 2017 09:44:53)
[2017.03.29-07.44.53:026][485]LogPlayLevel: Creating play world package: /Game/Maps/UEDPIE_0_MenuLevel
[2017.03.29-07.44.53:032][485]LogPlayLevel: PIE: StaticDuplicateObject took: (0.004919s)
[2017.03.29-07.44.53:033][485]LogAIModule: Creating AISystem for world MenuLevel
[2017.03.29-07.44.53:033][485]LogPlayLevel: PIE: World Init took: (0.001860s)
[2017.03.29-07.44.53:034][485]LogPlayLevel: PIE: Created PIE world by copying editor world from /Game/Maps/MenuLevel.MenuLevel to /Game/Maps/UEDPIE_0_MenuLevel.MenuLevel (0.007254s)
[2017.03.29-07.44.53:068][485]LogInit: XAudio2 using 'Speaker/HP (Realtek High Definition Audio)' : 2 channels at 48 kHz using 32 bits per sample (channel mask 0x3)
[2017.03.29-07.44.53:080][485]LogInit: FAudioDevice initialized.
[2017.03.29-07.44.53:139][485]LogLoad: Game class is 'MenuGameMode_C'
[2017.03.29-07.44.53:141][485]LogWorld: Bringing World /Game/Maps/UEDPIE_0_MenuLevel.MenuLevel up for play (max tick rate 0) at 2017.03.29-08.44.53
[2017.03.29-07.44.53:142][485]LogWorld: Bringing up level for play took: 0.001680
[2017.03.29-07.44.53:193][485]LogContentBrowser: Native class hierarchy updated for 'MovieSceneCapture' in 0.0019 seconds. Added 11 classes and 0 folders.
[2017.03.29-07.44.53:194][485]LogGameMode:Display: Match State Changed from EnteringMap to WaitingToStart
[2017.03.29-07.44.53:194][485]LogGameState: Match State Changed from EnteringMap to WaitingToStart
[2017.03.29-07.44.53:194][485]LogGameMode:Display: Match State Changed from WaitingToStart to InProgress
[2017.03.29-07.44.53:196][485]LogGameState: Match State Changed from WaitingToStart to InProgress
[2017.03.29-07.44.53:196][485]PIE: Info Play in editor start time for /Game/Maps/UEDPIE_0_MenuLevel -0.132
[2017.03.29-07.44.53:196][485]LogBlueprintUserMessages: Late PlayInEditor Detection: Level '/Game/Maps/MenuLevel.MenuLevel:PersistentLevel' has LevelScriptBlueprint '/Game/Maps/MenuLevel.MenuLevel:PersistentLevel.MenuLevel' with GeneratedClass '/Game/Maps/MenuLevel.MenuLevel_C' with ClassGeneratedBy '/Game/Maps/MenuLevel.MenuLevel:PersistentLevel.MenuLevel'
[2017.03.29-07.44.58:179][855]LogGameMode:Display: Match State Changed from InProgress to LeavingMap
[2017.03.29-07.44.58:179][855]LogGameState: Match State Changed from InProgress to LeavingMap
[2017.03.29-07.44.58:180][855]LogNet: Browse: /Game/Maps/Map1
[2017.03.29-07.44.58:181][855]LogLoad: LoadMap: /Game/Maps/Map1
[2017.03.29-07.44.58:214][855]Cmd: MEM
[2017.03.29-07.44.58:235][855]LogMemory: Platform Memory Stats for Windows
[2017.03.29-07.44.58:235][855]LogMemory: Process Physical Memory: 1335.57 MB used, 1456.62 MB peak
[2017.03.29-07.44.58:235][855]LogMemory: Process Virtual Memory: 1634.17 MB used, 1754.38 MB peak
[2017.03.29-07.44.58:235][855]LogMemory: Physical Memory: 4874.25 MB used,  3156.60 MB free, 8030.84 MB total
[2017.03.29-07.44.58:235][855]LogMemory: Virtual Memory: 2477.15 MB used,  3156.60 MB free, 134217728.00 MB total
[2017.03.29-07.44.58:235][855]LogMemory: 
[2017.03.29-07.44.58:235][855]Allocator Stats for TBB: (not implemented)
[2017.03.29-07.44.59:016][855]LogAIModule: Creating AISystem for world Map1
[2017.03.29-07.44.59:016][855]LogLoad: Game class is 'MainGameMode_C'
[2017.03.29-07.44.59:024][855]LogWorld: Bringing World /Game/Maps/UEDPIE_0_Map1.Map1 up for play (max tick rate 0) at 2017.03.29-08.44.59
[2017.03.29-07.44.59:024][855]LogWorld: Bringing up level for play took: 0.006899
[2017.03.29-07.44.59:026][855]LogLoad: Took 0.845243 seconds to LoadMap(/Game/Maps/Map1)
[2017.03.29-07.45.15:833][557]LogNet: Browse: /Game/Maps/MenuLevel
[2017.03.29-07.45.15:833][557]LogLoad: LoadMap: /Game/Maps/MenuLevel
[2017.03.29-07.45.15:870][557]Cmd: MEM
[2017.03.29-07.45.15:889][557]LogMemory: Platform Memory Stats for Windows
[2017.03.29-07.45.15:889][557]LogMemory: Process Physical Memory: 1399.79 MB used, 1606.02 MB peak
[2017.03.29-07.45.15:889][557]LogMemory: Process Virtual Memory: 1755.87 MB used, 2108.13 MB peak
[2017.03.29-07.45.15:889][557]LogMemory: Physical Memory: 4826.56 MB used,  3204.29 MB free, 8030.84 MB total
[2017.03.29-07.45.15:889][557]LogMemory: Virtual Memory: 2790.71 MB used,  3204.29 MB free, 134217728.00 MB total
[2017.03.29-07.45.15:889][557]LogMemory: 
[2017.03.29-07.45.15:889][557]Allocator Stats for TBB: (not implemented)
[2017.03.29-07.45.15:889][557]LogPlayLevel: Creating play world package: /Game/Maps/UEDPIE_0_MenuLevel
[2017.03.29-07.45.15:892][557]LogPlayLevel: PIE: StaticDuplicateObject took: (0.002723s)
[2017.03.29-07.45.15:893][557]LogAIModule: Creating AISystem for world MenuLevel
[2017.03.29-07.45.15:893][557]LogPlayLevel: PIE: World Init took: (0.001052s)
[2017.03.29-07.45.15:893][557]LogPlayLevel: PIE: Created PIE world by copying editor world from /Game/Maps/MenuLevel.MenuLevel to /Game/Maps/UEDPIE_0_MenuLevel.MenuLevel (0.004096s)
[2017.03.29-07.45.15:893][557]LogLoad: Game class is 'MenuGameMode_C'
[2017.03.29-07.45.15:896][557]LogWorld: Bringing World /Game/Maps/UEDPIE_0_MenuLevel.MenuLevel up for play (max tick rate 0) at 2017.03.29-08.45.15
[2017.03.29-07.45.15:897][557]LogWorld: Bringing up level for play took: 0.002780
[2017.03.29-07.45.15:897][557]LogGameMode: Warning - PATHS NOT DEFINED or NO PLAYERSTART with positive rating
[2017.03.29-07.45.15:897][557]LogGameMode:Display: Match State Changed from EnteringMap to WaitingToStart
[2017.03.29-07.45.15:897][557]LogGameState: Match State Changed from EnteringMap to WaitingToStart
[2017.03.29-07.45.15:897][557]LogGameMode:Display: Match State Changed from WaitingToStart to InProgress
[2017.03.29-07.45.15:899][557]LogGameState: Match State Changed from WaitingToStart to InProgress
[2017.03.29-07.45.15:899][557]LogLoad: Took 0.065861 seconds to LoadMap(/Game/Maps/UEDPIE_0_MenuLevel)
[2017.03.29-07.45.40:458][431]LogGameMode:Display: Match State Changed from InProgress to LeavingMap
[2017.03.29-07.45.40:458][431]LogGameState: Match State Changed from InProgress to LeavingMap
[2017.03.29-07.45.40:459][431]LogNet: Browse: /Game/Maps/Map1
[2017.03.29-07.45.40:459][431]LogLoad: LoadMap: /Game/Maps/Map1
[2017.03.29-07.45.40:496][431]Cmd: MEM
[2017.03.29-07.45.40:516][431]LogMemory: Platform Memory Stats for Windows
[2017.03.29-07.45.40:516][431]LogMemory: Process Physical Memory: 1418.61 MB used, 1606.02 MB peak
[2017.03.29-07.45.40:516][431]LogMemory: Process Virtual Memory: 1761.41 MB used, 2108.13 MB peak
[2017.03.29-07.45.40:516][431]LogMemory: Physical Memory: 4838.62 MB used,  3192.22 MB free, 8030.84 MB total
[2017.03.29-07.45.40:516][431]LogMemory: Virtual Memory: 2754.71 MB used,  3192.22 MB free, 134217728.00 MB total
[2017.03.29-07.45.40:516][431]LogMemory: 
[2017.03.29-07.45.40:516][431]Allocator Stats for TBB: (not implemented)
[2017.03.29-07.45.40:798][431]LogAIModule: Creating AISystem for world Map1
[2017.03.29-07.45.40:798][431]LogLoad: Game class is 'MainGameMode_C'
[2017.03.29-07.45.40:804][431]LogWorld: Bringing World /Game/Maps/UEDPIE_0_Map1.Map1 up for play (max tick rate 0) at 2017.03.29-08.45.40
[2017.03.29-07.45.40:804][431]LogWorld: Bringing up level for play took: 0.005812
[2017.03.29-07.45.40:806][431]LogLoad: Took 0.346908 seconds to LoadMap(/Game/Maps/Map1)
[2017.03.29-07.45.51:259][499]LogNet: Browse: /Game/Maps/MenuLevel
[2017.03.29-07.45.51:259][499]LogLoad: LoadMap: /Game/Maps/MenuLevel
[2017.03.29-07.45.51:290][499]Cmd: MEM
[2017.03.29-07.45.51:309][499]LogMemory: Platform Memory Stats for Windows
[2017.03.29-07.45.51:309][499]LogMemory: Process Physical Memory: 1419.13 MB used, 1606.02 MB peak
[2017.03.29-07.45.51:309][499]LogMemory: Process Virtual Memory: 1738.82 MB used, 2108.13 MB peak
[2017.03.29-07.45.51:309][499]LogMemory: Physical Memory: 4839.82 MB used,  3191.02 MB free, 8030.84 MB total
[2017.03.29-07.45.51:309][499]LogMemory: Virtual Memory: 2943.46 MB used,  3191.02 MB free, 134217728.00 MB total
[2017.03.29-07.45.51:309][499]LogMemory: 
[2017.03.29-07.45.51:309][499]Allocator Stats for TBB: (not implemented)
[2017.03.29-07.45.51:310][499]LogPlayLevel: Creating play world package: /Game/Maps/UEDPIE_0_MenuLevel
[2017.03.29-07.45.51:312][499]LogPlayLevel: PIE: StaticDuplicateObject took: (0.002696s)
[2017.03.29-07.45.51:313][499]LogAIModule: Creating AISystem for world MenuLevel
[2017.03.29-07.45.51:314][499]LogPlayLevel: PIE: World Init took: (0.001353s)
[2017.03.29-07.45.51:314][499]LogPlayLevel: PIE: Created PIE world by copying editor world from /Game/Maps/MenuLevel.MenuLevel to /Game/Maps/UEDPIE_0_MenuLevel.MenuLevel (0.004283s)
[2017.03.29-07.45.51:314][499]LogLoad: Game class is 'MenuGameMode_C'
[2017.03.29-07.45.51:316][499]LogWorld: Bringing World /Game/Maps/UEDPIE_0_MenuLevel.MenuLevel up for play (max tick rate 0) at 2017.03.29-08.45.51
[2017.03.29-07.45.51:316][499]LogWorld: Bringing up level for play took: 0.001691
[2017.03.29-07.45.51:317][499]LogGameMode: Warning - PATHS NOT DEFINED or NO PLAYERSTART with positive rating
[2017.03.29-07.45.51:317][499]LogGameMode:Display: Match State Changed from EnteringMap to WaitingToStart
[2017.03.29-07.45.51:317][499]LogGameState: Match State Changed from EnteringMap to WaitingToStart
[2017.03.29-07.45.51:317][499]LogGameMode:Display: Match State Changed from WaitingToStart to InProgress
[2017.03.29-07.45.51:318][499]LogGameState: Match State Changed from WaitingToStart to InProgress
[2017.03.29-07.45.51:318][499]LogLoad: Took 0.059816 seconds to LoadMap(/Game/Maps/UEDPIE_0_MenuLevel)
[2017.03.29-07.47.04:979][ 20]LogGameMode:Display: Match State Changed from InProgress to LeavingMap
[2017.03.29-07.47.04:979][ 20]LogGameState: Match State Changed from InProgress to LeavingMap
[2017.03.29-07.47.04:980][ 20]LogNet: Browse: /Game/Maps/Map1
[2017.03.29-07.47.04:980][ 20]LogLoad: LoadMap: /Game/Maps/Map1
[2017.03.29-07.47.05:021][ 20]Cmd: MEM
[2017.03.29-07.47.05:043][ 20]LogMemory: Platform Memory Stats for Windows
[2017.03.29-07.47.05:043][ 20]LogMemory: Process Physical Memory: 1440.01 MB used, 1606.02 MB peak
[2017.03.29-07.47.05:043][ 20]LogMemory: Process Virtual Memory: 1747.13 MB used, 2108.13 MB peak
[2017.03.29-07.47.05:043][ 20]LogMemory: Physical Memory: 5326.66 MB used,  2704.19 MB free, 8030.84 MB total
[2017.03.29-07.47.05:043][ 20]LogMemory: Virtual Memory: 2907.55 MB used,  2704.19 MB free, 134217728.00 MB total
[2017.03.29-07.47.05:043][ 20]LogMemory: 
[2017.03.29-07.47.05:043][ 20]Allocator Stats for TBB: (not implemented)
[2017.03.29-07.47.05:335][ 20]LogAIModule: Creating AISystem for world Map1
[2017.03.29-07.47.05:336][ 20]LogLoad: Game class is 'MainGameMode_C'
[2017.03.29-07.47.05:342][ 20]LogWorld: Bringing World /Game/Maps/UEDPIE_0_Map1.Map1 up for play (max tick rate 0) at 2017.03.29-08.47.05
[2017.03.29-07.47.05:343][ 20]LogWorld: Bringing up level for play took: 0.006333
[2017.03.29-07.47.05:344][ 20]LogLoad: Took 0.364127 seconds to LoadMap(/Game/Maps/Map1)
[2017.03.29-07.47.40:447][452]LogNet: Browse: /Game/Maps/MenuLevel
[2017.03.29-07.47.40:447][452]LogLoad: LoadMap: /Game/Maps/MenuLevel
[2017.03.29-07.47.40:484][452]Cmd: MEM
[2017.03.29-07.47.40:511][452]LogMemory: Platform Memory Stats for Windows
[2017.03.29-07.47.40:511][452]LogMemory: Process Physical Memory: 1437.58 MB used, 1606.02 MB peak
[2017.03.29-07.47.40:511][452]LogMemory: Process Virtual Memory: 1744.48 MB used, 2108.13 MB peak
[2017.03.29-07.47.40:511][452]LogMemory: Physical Memory: 5456.25 MB used,  2574.60 MB free, 8030.84 MB total
[2017.03.29-07.47.40:511][452]LogMemory: Virtual Memory: 2907.55 MB used,  2574.60 MB free, 134217728.00 MB total
[2017.03.29-07.47.40:511][452]LogMemory: 
[2017.03.29-07.47.40:511][452]Allocator Stats for TBB: (not implemented)
[2017.03.29-07.47.40:511][452]LogPlayLevel: Creating play world package: /Game/Maps/UEDPIE_0_MenuLevel
[2017.03.29-07.47.40:515][452]LogPlayLevel: PIE: StaticDuplicateObject took: (0.004018s)
[2017.03.29-07.47.40:516][452]LogAIModule: Creating AISystem for world MenuLevel
[2017.03.29-07.47.40:517][452]LogPlayLevel: PIE: World Init took: (0.001357s)
[2017.03.29-07.47.40:517][452]LogPlayLevel: PIE: Created PIE world by copying editor world from /Game/Maps/MenuLevel.MenuLevel to /Game/Maps/UEDPIE_0_MenuLevel.MenuLevel (0.005764s)
[2017.03.29-07.47.40:517][452]LogLoad: Game class is 'MenuGameMode_C'
[2017.03.29-07.47.40:520][452]LogWorld: Bringing World /Game/Maps/UEDPIE_0_MenuLevel.MenuLevel up for play (max tick rate 0) at 2017.03.29-08.47.40
[2017.03.29-07.47.40:521][452]LogWorld: Bringing up level for play took: 0.002652
[2017.03.29-07.47.40:521][452]LogGameMode: Warning - PATHS NOT DEFINED or NO PLAYERSTART with positive rating
[2017.03.29-07.47.40:522][452]LogGameMode:Display: Match State Changed from EnteringMap to WaitingToStart
[2017.03.29-07.47.40:522][452]LogGameState: Match State Changed from EnteringMap to WaitingToStart
[2017.03.29-07.47.40:522][452]LogGameMode:Display: Match State Changed from WaitingToStart to InProgress
[2017.03.29-07.47.40:524][452]LogGameState: Match State Changed from WaitingToStart to InProgress
[2017.03.29-07.47.40:524][452]LogLoad: Took 0.077051 seconds to LoadMap(/Game/Maps/UEDPIE_0_MenuLevel)
[2017.03.29-07.47.58:101][727]LogWindowsTextInputMethodSystem:Display: IME system now deactivated.
[2017.03.29-07.47.58:373][727]LogBlueprintUserMessages: Early EndPlayMap Detection: Level '/Game/Maps/MenuLevel.MenuLevel:PersistentLevel' has LevelScriptBlueprint '/Game/Maps/MenuLevel.MenuLevel:PersistentLevel.MenuLevel' with GeneratedClass '/Game/Maps/MenuLevel.MenuLevel_C' with ClassGeneratedBy '/Game/Maps/MenuLevel.MenuLevel:PersistentLevel.MenuLevel'
[2017.03.29-07.47.58:404][727]LogBlueprintUserMessages: Late EndPlayMap Detection: Level '/Game/Maps/MenuLevel.MenuLevel:PersistentLevel' has LevelScriptBlueprint '/Game/Maps/MenuLevel.MenuLevel:PersistentLevel.MenuLevel' with GeneratedClass '/Game/Maps/MenuLevel.MenuLevel_C' with ClassGeneratedBy '/Game/Maps/MenuLevel.MenuLevel:PersistentLevel.MenuLevel'
[2017.03.29-07.47.58:549][728]Cmd: QUIT_EDITOR
[2017.03.29-07.47.59:491][728]LogExit: Preparing to exit.
[2017.03.29-07.48.00:008][728]LogDirectoryWatcher: A directory notification for 'C:/Users/Tristan/Documents/UniWork/comp140-gam160-game/SuhDude-Game/Content/' was aborted.
[2017.03.29-07.48.00:028][728]LogExit: Editor shut down
[2017.03.29-07.48.00:028][728]LogExit: Transaction tracking system shut down
[2017.03.29-07.48.00:178][728]LogObj: Freed 0b from 0 cluster array pools.
[2017.03.29-07.48.00:180][728]LogExit: Object subsystem successfully closed.
[2017.03.29-07.48.00:199][728]LogD3D11RHI: Shutdown
[2017.03.29-07.48.00:199][728]LogD3D11RHI: CleanupD3DDevice
[2017.03.29-07.48.00:343][728]LogD3D11RHI: ~FD3D11DynamicRHI
[2017.03.29-07.48.00:358][728]LogHttp:Display: Http module shutting down, but needs to wait on 1 outstanding Http requests:
[2017.03.29-07.48.00:358][728]LogHttp:Display: 	verb=[POST] url=[https://datarouter.ol.epicgames.com/datarouter/api/v1/public/data?SessionID=%7B43B3C6CB-4C46-115F-CA06-84A38D8878CC%7D&AppID=UEEditor.Rocket.Release&AppVersion=4.14.3-3249277%2B%2B%2BUE4%2BRelease-4.14&UserID=41ed778249ed24844dd23d85c474ffb0%7C91600aac168940c7ad6ecd8e89500ac8%7Ccca0cc25-fddf-495d-858a-6ebf4d9a36a6&AppEnvironment=datacollector-binary&UploadType=eteventstream] status=Processing
[2017.03.29-07.48.00:361][728]LogModuleManager: Shutting down and abandoning module MovieSceneCapture (244)
[2017.03.29-07.48.00:361][728]LogModuleManager: Shutting down and abandoning module HierarchicalLODOutliner (243)
[2017.03.29-07.48.00:361][728]LogModuleManager: Shutting down and abandoning module ExternalImagePicker (242)
[2017.03.29-07.48.00:361][728]LogModuleManager: Shutting down and abandoning module CrashTracker (241)
[2017.03.29-07.48.00:361][728]LogModuleManager: Shutting down and abandoning module SceneOutliner (240)
[2017.03.29-07.48.00:361][728]LogModuleManager: Shutting down and abandoning module WidgetCarousel (239)
[2017.03.29-07.48.00:361][728]LogModuleManager: Shutting down and abandoning module AddContentDialog (238)
[2017.03.29-07.48.00:361][728]LogDirectoryWatcher: A directory notification for 'C:/Program Files/Epic Games/UE_4.14/FeaturePacks/' was aborted.
[2017.03.29-07.48.00:362][728]LogModuleManager: Shutting down and abandoning module GameplayTags (237)
[2017.03.29-07.48.00:362][728]LogModuleManager: Shutting down and abandoning module EditorWidgets (236)
[2017.03.29-07.48.00:362][728]LogModuleManager: Shutting down and abandoning module CollectionManager (235)
[2017.03.29-07.48.00:362][728]LogDirectoryWatcher: A directory notification for 'C:/Users/Tristan/Documents/UniWork/comp140-gam160-game/SuhDude-Game/Content/Collections/' was aborted.
[2017.03.29-07.48.00:363][728]LogDirectoryWatcher: A directory notification for 'C:/Users/Tristan/Documents/UniWork/comp140-gam160-game/SuhDude-Game/Content/Developers/Tristan/Collections/' was aborted.
[2017.03.29-07.48.00:363][728]LogDirectoryWatcher: A directory notification for 'C:/Users/Tristan/Documents/UniWork/comp140-gam160-game/SuhDude-Game/Saved/Collections/' was aborted.
[2017.03.29-07.48.00:363][728]LogModuleManager: Shutting down and abandoning module StatsViewer (234)
[2017.03.29-07.48.00:363][728]LogModuleManager: Shutting down and abandoning module FoliageEdit (233)
[2017.03.29-07.48.00:363][728]LogModuleManager: Shutting down and abandoning module LandscapeEditor (232)
[2017.03.29-07.48.00:363][728]LogModuleManager: Shutting down and abandoning module SceneDepthPickerMode (231)
[2017.03.29-07.48.00:363][728]LogModuleManager: Shutting down and abandoning module ActorPickerMode (230)
[2017.03.29-07.48.00:363][728]LogModuleManager: Shutting down and abandoning module GeometryMode (229)
[2017.03.29-07.48.00:363][728]LogModuleManager: Shutting down and abandoning module TextureAlignMode (228)
[2017.03.29-07.48.00:363][728]LogModuleManager: Shutting down and abandoning module BspMode (227)
[2017.03.29-07.48.00:363][728]LogModuleManager: Shutting down and abandoning module HardwareSurvey (226)
[2017.03.29-07.48.00:363][728]LogModuleManager: Shutting down and abandoning module SequenceRecorderSections (225)
[2017.03.29-07.48.00:363][728]LogModuleManager: Shutting down and abandoning module AutomationWorker (224)
[2017.03.29-07.48.00:363][728]LogModuleManager: Shutting down and abandoning module MatineeToLevelSequence (223)
[2017.03.29-07.48.00:363][728]LogModuleManager: Shutting down and abandoning module PlacementMode (222)
[2017.03.29-07.48.00:363][728]LogModuleManager: Shutting down and abandoning module LevelSequenceEditor (221)
[2017.03.29-07.48.00:363][728]LogModuleManager: Shutting down and abandoning module WmfMediaFactory (220)
[2017.03.29-07.48.00:363][728]LogModuleManager: Shutting down and abandoning module WmfMediaEditor (219)
[2017.03.29-07.48.00:363][728]LogModuleManager: Shutting down and abandoning module AvfMediaFactory (218)
[2017.03.29-07.48.00:363][728]LogModuleManager: Shutting down and abandoning module AvfMediaEditor (217)
[2017.03.29-07.48.00:363][728]LogModuleManager: Shutting down and abandoning module Media (216)
[2017.03.29-07.48.00:363][728]LogModuleManager: Shutting down and abandoning module AndroidMediaFactory (215)
[2017.03.29-07.48.00:363][728]LogModuleManager: Shutting down and abandoning module AndroidMediaEditor (214)
[2017.03.29-07.48.00:363][728]LogModuleManager: Shutting down and abandoning module CharacterAI (213)
[2017.03.29-07.48.00:363][728]LogModuleManager: Shutting down and abandoning module SequenceRecorder (212)
[2017.03.29-07.48.00:363][728]LogModuleManager: Shutting down and abandoning module AudioCapture (211)
[2017.03.29-07.48.00:363][728]LogModuleManager: Shutting down and abandoning module SmartSnapping (210)
[2017.03.29-07.48.00:363][728]LogModuleManager: Shutting down and abandoning module SessionServices (209)
[2017.03.29-07.48.00:363][728]LogModuleManager: Shutting down and abandoning module ViewportSnapping (208)
[2017.03.29-07.48.00:363][728]LogModuleManager: Shutting down and abandoning module ViewportInteraction (207)
[2017.03.29-07.48.00:363][728]LogModuleManager: Shutting down and abandoning module LogVisualizer (206)
[2017.03.29-07.48.00:364][728]LogModuleManager: Shutting down and abandoning module GameProjectGeneration (205)
[2017.03.29-07.48.00:364][728]LogModuleManager: Shutting down and abandoning module IntroTutorials (204)
[2017.03.29-07.48.00:364][728]LogModuleManager: Shutting down and abandoning module EditorLiveStreaming (203)
[2017.03.29-07.48.00:364][728]LogModuleManager: Shutting down and abandoning module IOSPlatformEditor (202)
[2017.03.29-07.48.00:364][728]LogModuleManager: Shutting down and abandoning module HTML5PlatformEditor (201)
[2017.03.29-07.48.00:364][728]LogModuleManager: Shutting down and abandoning module AndroidDeviceDetection (200)
[2017.03.29-07.48.01:279][728]LogModuleManager: Shutting down and abandoning module AndroidPlatformEditor (199)
[2017.03.29-07.48.01:279][728]LogModuleManager: Shutting down and abandoning module IOSRuntimeSettings (198)
[2017.03.29-07.48.01:279][728]LogModuleManager: Shutting down and abandoning module AndroidRuntimeSettings (197)
[2017.03.29-07.48.01:279][728]LogModuleManager: Shutting down and abandoning module InputBindingEditor (196)
[2017.03.29-07.48.01:279][728]LogModuleManager: Shutting down and abandoning module NiagaraEditor (195)
[2017.03.29-07.48.01:279][728]LogModuleManager: Shutting down and abandoning module MergeActors (194)
[2017.03.29-07.48.01:279][728]LogModuleManager: Shutting down and abandoning module SizeMap (193)
[2017.03.29-07.48.01:279][728]LogModuleManager: Shutting down and abandoning module TreeMap (192)
[2017.03.29-07.48.01:279][728]LogModuleManager: Shutting down and abandoning module ReferenceViewer (191)
[2017.03.29-07.48.01:279][728]LogModuleManager: Shutting down and abandoning module LocalizationService (190)
[2017.03.29-07.48.01:279][728]LogModuleManager: Shutting down and abandoning module LocalizationDashboard (189)
[2017.03.29-07.48.01:279][728]LogModuleManager: Shutting down and abandoning module HardwareTargeting (188)
[2017.03.29-07.48.01:279][728]LogModuleManager: Shutting down and abandoning module DeviceProfileEditor (187)
[2017.03.29-07.48.01:279][728]LogModuleManager: Shutting down and abandoning module UndoHistory (186)
[2017.03.29-07.48.01:279][728]LogModuleManager: Shutting down and abandoning module UserFeedback (185)
[2017.03.29-07.48.01:279][728]LogModuleManager: Shutting down and abandoning module XmlParser (184)
[2017.03.29-07.48.01:279][728]LogModuleManager: Shutting down and abandoning module Blutility (183)
[2017.03.29-07.48.01:279][728]LogModuleManager: Shutting down and abandoning module ProjectTargetPlatformEditor (182)
[2017.03.29-07.48.01:280][728]LogModuleManager: Shutting down and abandoning module ProjectSettingsViewer (181)
[2017.03.29-07.48.01:280][728]LogModuleManager: Shutting down and abandoning module EditorSettingsViewer (180)
[2017.03.29-07.48.01:280][728]LogModuleManager: Shutting down and abandoning module SettingsEditor (179)
[2017.03.29-07.48.01:280][728]LogModuleManager: Shutting down and abandoning module ProjectLauncher (178)
[2017.03.29-07.48.01:280][728]LogModuleManager: Shutting down and abandoning module SessionFrontend (177)
[2017.03.29-07.48.01:280][728]LogModuleManager: Shutting down and abandoning module ProfilerClient (176)
[2017.03.29-07.48.01:280][728]LogModuleManager: Shutting down and abandoning module TargetDeviceServices (175)
[2017.03.29-07.48.01:280][728]LogModuleManager: Shutting down and abandoning module DeviceManager (174)
[2017.03.29-07.48.01:323][728]LogModuleManager: Shutting down and abandoning module AutomationController (173)
[2017.03.29-07.48.01:323][728]LogModuleManager: Shutting down and abandoning module AutomationWindow (172)
[2017.03.29-07.48.01:323][728]LogModuleManager: Shutting down and abandoning module Layers (171)
[2017.03.29-07.48.01:323][728]LogModuleManager: Shutting down and abandoning module ComponentVisualizers (170)
[2017.03.29-07.48.01:323][728]LogModuleManager: Shutting down and abandoning module DetailCustomizations (169)
[2017.03.29-07.48.01:323][728]LogModuleManager: Shutting down and abandoning module PackagesDialog (168)
[2017.03.29-07.48.01:323][728]LogModuleManager: Shutting down and abandoning module AnimGraph (167)
[2017.03.29-07.48.01:323][728]LogModuleManager: Shutting down and abandoning module Persona (166)
[2017.03.29-07.48.01:323][728]LogModuleManager: Shutting down and abandoning module Kismet (165)
[2017.03.29-07.48.01:323][728]LogModuleManager: Shutting down and abandoning module GraphEditor (164)
[2017.03.29-07.48.01:323][728]LogModuleManager: Shutting down and abandoning module ClassViewer (163)
[2017.03.29-07.48.01:323][728]LogModuleManager: Shutting down and abandoning module Toolbox (162)
[2017.03.29-07.48.01:323][728]LogModuleManager: Shutting down and abandoning module ModuleUI (161)
[2017.03.29-07.48.01:323][728]LogModuleManager: Shutting down and abandoning module MovieSceneTools (160)
[2017.03.29-07.48.01:323][728]LogModuleManager: Shutting down and abandoning module OutputLog (159)
[2017.03.29-07.48.01:323][728]LogModuleManager: Shutting down and abandoning module GammaUI (158)
[2017.03.29-07.48.01:323][728]LogModuleManager: Shutting down and abandoning module Documentation (157)
[2017.03.29-07.48.01:323][728]LogModuleManager: Shutting down and abandoning module Niagara (156)
[2017.03.29-07.48.01:323][728]LogModuleManager: Shutting down and abandoning module StreamingPauseRendering (155)
[2017.03.29-07.48.01:323][728]LogModuleManager: Shutting down and abandoning module AnalyticsET (154)
[2017.03.29-07.48.01:323][728]LogModuleManager: Shutting down and abandoning module PortalServices (153)
[2017.03.29-07.48.01:323][728]LogModuleManager: Shutting down and abandoning module PortalRpc (152)
[2017.03.29-07.48.01:323][728]LogModuleManager: Shutting down and abandoning module MessagingRpc (151)
[2017.03.29-07.48.01:323][728]LogModuleManager: Shutting down and abandoning module GameplayDebugger (150)
[2017.03.29-07.48.01:323][728]LogModuleManager: Shutting down and abandoning module AITestSuite (149)
[2017.03.29-07.48.01:323][728]LogModuleManager: Shutting down and abandoning module AIModule (148)
[2017.03.29-07.48.01:323][728]LogModuleManager: Shutting down and abandoning module ProfilerService (147)
[2017.03.29-07.48.01:394][728]LogModuleManager: Shutting down and abandoning module TaskGraph (146)
[2017.03.29-07.48.01:394][728]LogModuleManager: Shutting down and abandoning module SlateRemote (145)
[2017.03.29-07.48.01:394][728]LogModuleManager: Shutting down and abandoning module SteamVRController (144)
[2017.03.29-07.48.01:394][728]LogModuleManager: Shutting down and abandoning module SteamVR (143)
[2017.03.29-07.48.01:394][728]LogModuleManager: Shutting down and abandoning module ProceduralMeshComponentEditor (142)
[2017.03.29-07.48.01:394][728]LogModuleManager: Shutting down and abandoning module ProceduralMeshComponent (141)
[2017.03.29-07.48.01:394][728]LogModuleManager: Shutting down and abandoning module OculusLibrary (140)
[2017.03.29-07.48.01:394][728]LogModuleManager: Shutting down and abandoning module OculusInput (139)
[2017.03.29-07.48.01:394][728]LogModuleManager: Shutting down and abandoning module MobilePatchingUtils (138)
[2017.03.29-07.48.01:394][728]LogModuleManager: Shutting down and abandoning module CustomMeshComponent (137)
[2017.03.29-07.48.01:394][728]LogModuleManager: Shutting down and abandoning module CableComponent (136)
[2017.03.29-07.48.01:394][728]LogModuleManager: Shutting down and abandoning module ArchVisCharacter (135)
[2017.03.29-07.48.01:394][728]LogModuleManager: Shutting down and abandoning module MediaPlayerEditor (133)
[2017.03.29-07.48.01:395][728]LogModuleManager: Shutting down and abandoning module HTML5Networking (132)
[2017.03.29-07.48.01:395][728]LogModuleManager: Shutting down and abandoning module GeometryCacheEd (131)
[2017.03.29-07.48.01:395][728]LogModuleManager: Shutting down and abandoning module GeometryCache (130)
[2017.03.29-07.48.01:395][728]LogModuleManager: Shutting down and abandoning module AlembicLibrary (129)
[2017.03.29-07.48.01:395][728]LogModuleManager: Shutting down and abandoning module AlembicImporter (128)
[2017.03.29-07.48.01:395][728]LogModuleManager: Shutting down and abandoning module SuperSearch (127)
[2017.03.29-07.48.01:395][728]LogModuleManager: Shutting down and abandoning module SuperSearchEditor (126)
[2017.03.29-07.48.01:395][728]LogModuleManager: Shutting down and abandoning module SpeedTreeImporter (125)
[2017.03.29-07.48.01:395][728]LogModuleManager: Shutting down and abandoning module PluginBrowser (124)
[2017.03.29-07.48.01:395][728]LogModuleManager: Shutting down and abandoning module MobileLauncherProfileWizard (123)
[2017.03.29-07.48.01:395][728]LogModuleManager: Shutting down and abandoning module EpicSurvey (122)
[2017.03.29-07.48.01:395][728]LogModuleManager: Shutting down and abandoning module DesktopPlatform (121)
[2017.03.29-07.48.01:395][728]LogModuleManager: Shutting down and abandoning module VisualStudioSourceCodeAccess (120)
[2017.03.29-07.48.01:395][728]LogModuleManager: Shutting down and abandoning module UObjectPlugin (119)
[2017.03.29-07.48.01:395][728]LogModuleManager: Shutting down and abandoning module SubversionSourceControl (118)
[2017.03.29-07.48.01:395][728]LogModuleManager: Shutting down and abandoning module PerforceSourceControl (117)
[2017.03.29-07.48.01:395][728]LogModuleManager: Shutting down and abandoning module SourceControl (116)
[2017.03.29-07.48.01:395][728]LogModuleManager: Shutting down and abandoning module GitSourceControl (115)
[2017.03.29-07.48.01:395][728]LogModuleManager: Shutting down and abandoning module LightPropagationVolumeEditor (114)
[2017.03.29-07.48.01:395][728]LogModuleManager: Shutting down and abandoning module PaperTiledImporter (113)
[2017.03.29-07.48.01:395][728]LogModuleManager: Shutting down and abandoning module PaperSpriteSheetImporter (112)
[2017.03.29-07.48.01:395][728]LogModuleManager: Shutting down and abandoning module MeshPaint (111)
[2017.03.29-07.48.01:395][728]LogModuleManager: Shutting down and abandoning module PixelInspectorModule (110)
[2017.03.29-07.48.01:395][728]LogModuleManager: Shutting down and abandoning module HotReload (109)
[2017.03.29-07.48.01:395][728]LogDirectoryWatcher: A directory notification for 'C:/Users/Tristan/Documents/UniWork/comp140-gam160-game/SuhDude-Game/Binaries/Win64' was aborted.
[2017.03.29-07.48.01:396][728]LogModuleManager: Shutting down and abandoning module MainFrame (108)
[2017.03.29-07.48.01:396][728]LogModuleManager: Shutting down and abandoning module LevelEditor (107)
[2017.03.29-07.48.01:396][728]LogModuleManager: Shutting down and abandoning module ContentBrowser (106)
[2017.03.29-07.48.01:397][728]LogModuleManager: Shutting down and abandoning module Paper2DEditor (105)
[2017.03.29-07.48.01:397][728]LogModuleManager: Shutting down and abandoning module SuhDude (104)
[2017.03.29-07.48.01:397][728]LogModuleManager: Shutting down and abandoning module UdpMessaging (103)
[2017.03.29-07.48.01:505][728]LogModuleManager: Shutting down and abandoning module TcpMessaging (102)
[2017.03.29-07.48.01:718][728]LogModuleManager: Shutting down and abandoning module LightPropagationVolumeRuntime (101)
[2017.03.29-07.48.01:718][728]LogModuleManager: Shutting down and abandoning module Paper2D (100)
[2017.03.29-07.48.01:718][728]LogModuleManager: Shutting down and abandoning module WindowsMoviePlayer (99)
[2017.03.29-07.48.01:719][728]LogModuleManager: Shutting down and abandoning module WmfMedia (98)
[2017.03.29-07.48.01:719][728]LogModuleManager: Shutting down and abandoning module MediaAssets (97)
[2017.03.29-07.48.01:719][728]LogModuleManager: Shutting down and abandoning module GameLiveStreaming (96)
[2017.03.29-07.48.01:719][728]LogModuleManager: Shutting down and abandoning module GameplayTagsEditor (95)
[2017.03.29-07.48.01:719][728]LogModuleManager: Shutting down and abandoning module VREditor (94)
[2017.03.29-07.48.01:719][728]LogModuleManager: Shutting down and abandoning module GameplayTasksEditor (93)
[2017.03.29-07.48.01:719][728]LogModuleManager: Shutting down and abandoning module BehaviorTreeEditor (92)
[2017.03.29-07.48.01:719][728]LogModuleManager: Shutting down and abandoning module FunctionalTesting (91)
[2017.03.29-07.48.01:719][728]LogModuleManager: Shutting down and abandoning module CollisionAnalyzer (90)
[2017.03.29-07.48.01:719][728]LogModuleManager: Shutting down and abandoning module Sequencer (89)
[2017.03.29-07.48.01:719][728]LogModuleManager: Shutting down and abandoning module WorkspaceMenuStructure (88)
[2017.03.29-07.48.01:719][728]LogModuleManager: Shutting down and abandoning module MessageLog (87)
[2017.03.29-07.48.01:719][728]LogModuleManager: Shutting down and abandoning module AssetTools (86)
[2017.03.29-07.48.01:719][728]LogModuleManager: Shutting down and abandoning module UMGEditor (85)
[2017.03.29-07.48.01:719][728]LogModuleManager: Shutting down and abandoning module UMG (84)
[2017.03.29-07.48.01:719][728]LogModuleManager: Shutting down and abandoning module SlateReflector (83)
[2017.03.29-07.48.01:720][728]LogModuleManager: Shutting down and abandoning module Slate (82)
[2017.03.29-07.48.01:720][728]LogModuleManager: Shutting down and abandoning module EditorStyle (81)
[2017.03.29-07.48.01:796][728]LogModuleManager: Shutting down and abandoning module SourceCodeAccess (80)
[2017.03.29-07.48.01:796][728]LogModuleManager: Shutting down and abandoning module HeadMountedDisplay (79)
[2017.03.29-07.48.01:796][728]LogModuleManager: Shutting down and abandoning module XAudio2 (78)
[2017.03.29-07.48.01:796][728]LogModuleManager: Shutting down and abandoning module Networking (76)
[2017.03.29-07.48.01:797][728]LogModuleManager: Shutting down and abandoning module Core (75)
[2017.03.29-07.48.01:797][728]LogModuleManager: Shutting down and abandoning module DirectoryWatcher (74)
[2017.03.29-07.48.01:797][728]LogDirectoryWatcher: A directory notification for '../../../Engine/Content/' was aborted.
[2017.03.29-07.48.01:797][728]LogDirectoryWatcher: A directory notification for '../../../../../../Users/Tristan/Documents/UniWork/comp140-gam160-game/SuhDude-Game/Content/' was aborted.
[2017.03.29-07.48.01:797][728]LogDirectoryWatcher: A directory notification for '../../../Engine/Plugins/2D/Paper2D/Content/' was aborted.
[2017.03.29-07.48.01:797][728]LogModuleManager: Shutting down and abandoning module AssetRegistry (73)
[2017.03.29-07.48.03:005][728]LogFileManager:Warning: DeleteFile was unable to delete '../../../../../../Users/Tristan/Documents/UniWork/comp140-gam160-game/SuhDude-Game/Intermediate/CachedAssetRegistry.bin', retrying in .5s...
[2017.03.29-07.48.03:005][728]LogFileManager:Warning: DeleteFile recovered during retry!
[2017.03.29-07.48.03:005][728]LogModuleManager: Shutting down and abandoning module KismetCompiler (72)
[2017.03.29-07.48.03:005][728]LogModuleManager: Shutting down and abandoning module PhysXFormats (71)
[2017.03.29-07.48.03:005][728]LogModuleManager: Shutting down and abandoning module SimplygonSwarm (70)
[2017.03.29-07.48.03:005][728]LogModuleManager: Shutting down and abandoning module SimplygonMeshReduction (69)
[2017.03.29-07.48.03:005][728]LogModuleManager: Shutting down and abandoning module QuadricMeshReduction (68)
[2017.03.29-07.48.03:005][728]LogModuleManager: Shutting down and abandoning module PropertyEditor (67)
[2017.03.29-07.48.03:005][728]LogModuleManager: Shutting down and abandoning module MeshUtilities (66)
[2017.03.29-07.48.03:005][728]LogModuleManager: Shutting down and abandoning module DerivedDataCache (65)
[2017.03.29-07.48.03:012][728]LogDerivedDataCache: Shutdown
[2017.03.29-07.48.03:012][728]LogModuleManager: Shutting down and abandoning module VulkanShaderFormat (64)
[2017.03.29-07.48.03:012][728]LogModuleManager: Shutting down and abandoning module ShaderFormatOpenGL (63)
[2017.03.29-07.48.03:012][728]LogModuleManager: Shutting down and abandoning module ShaderFormatD3D (62)
[2017.03.29-07.48.03:012][728]LogModuleManager: Shutting down and abandoning module MetalShaderFormat (61)
[2017.03.29-07.48.03:012][728]LogModuleManager: Shutting down and abandoning module TextureFormatUncompressed (60)
[2017.03.29-07.48.03:012][728]LogModuleManager: Shutting down and abandoning module TextureFormatPVR (59)
[2017.03.29-07.48.03:012][728]LogModuleManager: Shutting down and abandoning module TextureFormatDXT (58)
[2017.03.29-07.48.03:012][728]LogModuleManager: Shutting down and abandoning module TextureFormatIntelISPCTexComp (57)
[2017.03.29-07.48.03:012][728]LogModuleManager: Shutting down and abandoning module ImageWrapper (56)
[2017.03.29-07.48.03:012][728]LogModuleManager: Shutting down and abandoning module TextureFormatASTC (55)
[2017.03.29-07.48.03:012][728]LogModuleManager: Shutting down and abandoning module TextureFormatAndroid (54)
[2017.03.29-07.48.03:012][728]LogModuleManager: Shutting down and abandoning module AudioFormatOpus (53)
[2017.03.29-07.48.03:012][728]LogModuleManager: Shutting down and abandoning module AudioFormatOgg (52)
[2017.03.29-07.48.03:012][728]LogModuleManager: Shutting down and abandoning module AudioFormatADPCM (51)
[2017.03.29-07.48.03:013][728]LogModuleManager: Shutting down and abandoning module LinuxTargetPlatform (50)
[2017.03.29-07.48.03:013][728]LogModuleManager: Shutting down and abandoning module LinuxServerTargetPlatform (49)
[2017.03.29-07.48.03:013][728]LogModuleManager: Shutting down and abandoning module LinuxNoEditorTargetPlatform (48)
[2017.03.29-07.48.03:013][728]LogModuleManager: Shutting down and abandoning module LinuxClientTargetPlatform (47)
[2017.03.29-07.48.03:013][728]LogModuleManager: Shutting down and abandoning module TVOSTargetPlatform (46)
[2017.03.29-07.48.03:013][728]LogModuleManager: Shutting down and abandoning module Messaging (45)
[2017.03.29-07.48.03:013][728]LogModuleManager: Shutting down and abandoning module IOSTargetPlatform (44)
[2017.03.29-07.48.03:013][728]LogModuleManager: Shutting down and abandoning module HTML5TargetPlatform (43)
[2017.03.29-07.48.03:013][728]LogModuleManager: Shutting down and abandoning module Android_PVRTCTargetPlatform (42)
[2017.03.29-07.48.03:013][728]LogModuleManager: Shutting down and abandoning module Android_MultiTargetPlatform (41)
[2017.03.29-07.48.03:013][728]LogModuleManager: Shutting down and abandoning module Android_ETC2TargetPlatform (40)
[2017.03.29-07.48.03:013][728]LogModuleManager: Shutting down and abandoning module Android_ETC1TargetPlatform (39)
[2017.03.29-07.48.03:013][728]LogModuleManager: Shutting down and abandoning module Android_DXTTargetPlatform (38)
[2017.03.29-07.48.03:013][728]LogModuleManager: Shutting down and abandoning module Android_ATCTargetPlatform (37)
[2017.03.29-07.48.03:013][728]LogModuleManager: Shutting down and abandoning module Android_ASTCTargetPlatform (36)
[2017.03.29-07.48.03:013][728]LogModuleManager: Shutting down and abandoning module AndroidTargetPlatform (35)
[2017.03.29-07.48.03:013][728]LogModuleManager: Shutting down and abandoning module WindowsTargetPlatform (34)
[2017.03.29-07.48.03:013][728]LogModuleManager: Shutting down and abandoning module WindowsServerTargetPlatform (33)
[2017.03.29-07.48.03:013][728]LogModuleManager: Shutting down and abandoning module WindowsNoEditorTargetPlatform (32)
[2017.03.29-07.48.03:013][728]LogModuleManager: Shutting down and abandoning module WindowsClientTargetPlatform (31)
[2017.03.29-07.48.03:013][728]LogModuleManager: Shutting down and abandoning module MacTargetPlatform (30)
[2017.03.29-07.48.03:013][728]LogModuleManager: Shutting down and abandoning module MacServerTargetPlatform (29)
[2017.03.29-07.48.03:013][728]LogModuleManager: Shutting down and abandoning module MacNoEditorTargetPlatform (28)
[2017.03.29-07.48.03:013][728]LogModuleManager: Shutting down and abandoning module MacClientTargetPlatform (27)
[2017.03.29-07.48.03:013][728]LogModuleManager: Shutting down and abandoning module AllDesktopTargetPlatform (26)
[2017.03.29-07.48.03:013][728]LogModuleManager: Shutting down and abandoning module TargetPlatform (25)
[2017.03.29-07.48.03:013][728]LogModuleManager: Shutting down and abandoning module InputCore (24)
[2017.03.29-07.48.03:013][728]LogModuleManager: Shutting down and abandoning module Settings (23)
[2017.03.29-07.48.03:013][728]LogModuleManager: Shutting down and abandoning module OculusRift (22)
[2017.03.29-07.48.03:013][728]LogModuleManager: Shutting down and abandoning module ExampleDeviceProfileSelector (21)
[2017.03.29-07.48.03:013][728]LogModuleManager: Shutting down and abandoning module OnlineBlueprintSupport (20)
[2017.03.29-07.48.03:013][728]LogModuleManager: Shutting down and abandoning module OnlineSubsystem (18)
[2017.03.29-07.48.03:013][728]LogOnline:Display: Unloading online subsystem: NULL
[2017.03.29-07.48.03:013][728]LogModuleManager: Shutting down and abandoning module SSL (17)
[2017.03.29-07.48.03:015][728]LogModuleManager: Shutting down and abandoning module HTTP (16)
[2017.03.29-07.48.03:015][728]LogModuleManager: Shutting down and abandoning module XMPP (15)
[2017.03.29-07.48.03:015][728]LogModuleManager: Shutting down and abandoning module TextureCompressor (14)
[2017.03.29-07.48.03:015][728]LogModuleManager: Shutting down and abandoning module ShaderCore (13)
[2017.03.29-07.48.03:015][728]LogModuleManager: Shutting down and abandoning module Landscape (12)
[2017.03.29-07.48.03:015][728]LogModuleManager: Shutting down and abandoning module SlateRHIRenderer (11)
[2017.03.29-07.48.03:017][728]LogModuleManager: Shutting down and abandoning module OpenGLDrv (10)
[2017.03.29-07.48.03:017][728]LogModuleManager: Shutting down and abandoning module D3D11RHI (9)
[2017.03.29-07.48.03:017][728]LogModuleManager: Shutting down and abandoning module AnimGraphRuntime (8)
[2017.03.29-07.48.03:017][728]LogModuleManager: Shutting down and abandoning module Renderer (7)
[2017.03.29-07.48.03:017][728]LogModuleManager: Shutting down and abandoning module Engine (6)
[2017.03.29-07.48.03:017][728]LogModuleManager: Shutting down and abandoning module CoreUObject (5)
[2017.03.29-07.48.03:017][728]LogModuleManager: Shutting down and abandoning module NetworkFile (4)
[2017.03.29-07.48.03:017][728]LogModuleManager: Shutting down and abandoning module StreamingFile (3)
[2017.03.29-07.48.03:017][728]LogModuleManager: Shutting down and abandoning module SandboxFile (2)
[2017.03.29-07.48.03:017][728]LogModuleManager: Shutting down and abandoning module PakFile (1)
[2017.03.29-07.48.03:019][728]LogExit: Exiting.
[2017.03.29-07.48.03:021][728]Log file closed, 03/29/17 08:48:03
