Log file open, 03/21/17 14:30:33
LogInit:Display: Running engine for game: SuhDude
LogPlatformFile: Not using cached read wrapper
LogInit:Display: RandInit(1337382018) SRandInit(1337382018).
LogTaskGraph: Started task graph with 5 named threads and 6 total threads with 1 sets of task threads.
LogStats: Stats thread started at 0.065630
LogPluginManager: Loaded Plugin Paper2D, From C:/Program Files/Epic Games/UE_4.14/Engine/Plugins/2D/Paper2D/Paper2D.uplugin
LogPluginManager: Loaded Plugin LightPropagationVolume, From C:/Program Files/Epic Games/UE_4.14/Engine/Plugins/Blendables/LightPropagationVolume/LightPropagationVolume.uplugin
LogPluginManager: Loaded Plugin BlankPlugin, From C:/Program Files/Epic Games/UE_4.14/Engine/Plugins/Developer/BlankPlugin/BlankPlugin.uplugin
LogPluginManager: Loaded Plugin CodeLiteSourceCodeAccess, From C:/Program Files/Epic Games/UE_4.14/Engine/Plugins/Developer/CodeLiteSourceCodeAccess/CodeLiteSourceCodeAccess.uplugin
LogPluginManager: Loaded Plugin GitSourceControl, From C:/Program Files/Epic Games/UE_4.14/Engine/Plugins/Developer/GitSourceControl/GitSourceControl.uplugin
LogPluginManager: Loaded Plugin KDevelopSourceCodeAccess, From C:/Program Files/Epic Games/UE_4.14/Engine/Plugins/Developer/KDevelopSourceCodeAccess/KDevelopSourceCodeAccess.uplugin
LogPluginManager: Loaded Plugin NullSourceCodeAccess, From C:/Program Files/Epic Games/UE_4.14/Engine/Plugins/Developer/NullSourceCodeAccess/NullSourceCodeAccess.uplugin
LogPluginManager: Loaded Plugin OneSkyLocalizationService, From C:/Program Files/Epic Games/UE_4.14/Engine/Plugins/Developer/OneSkyLocalizationService/OneSkyLocalizationService.uplugin
LogPluginManager: Loaded Plugin PerforceSourceControl, From C:/Program Files/Epic Games/UE_4.14/Engine/Plugins/Developer/PerforceSourceControl/PerforceSourceControl.uplugin
LogPluginManager: Loaded Plugin SubversionSourceControl, From C:/Program Files/Epic Games/UE_4.14/Engine/Plugins/Developer/SubversionSourceControl/SubversionSourceControl.uplugin
LogPluginManager: Loaded Plugin UObjectPlugin, From C:/Program Files/Epic Games/UE_4.14/Engine/Plugins/Developer/UObjectPlugin/UObjectPlugin.uplugin
LogPluginManager: Loaded Plugin VisualStudioSourceCodeAccess, From C:/Program Files/Epic Games/UE_4.14/Engine/Plugins/Developer/VisualStudioSourceCodeAccess/VisualStudioSourceCodeAccess.uplugin
LogPluginManager: Loaded Plugin XCodeSourceCodeAccess, From C:/Program Files/Epic Games/UE_4.14/Engine/Plugins/Developer/XCodeSourceCodeAccess/XCodeSourceCodeAccess.uplugin
LogPluginManager: Loaded Plugin AudioCapture, From C:/Program Files/Epic Games/UE_4.14/Engine/Plugins/Editor/AudioCapture/AudioCapture.uplugin
LogPluginManager: Loaded Plugin EpicSurvey, From C:/Program Files/Epic Games/UE_4.14/Engine/Plugins/Editor/EpicSurvey/EpicSurvey.uplugin
LogPluginManager: Loaded Plugin MacGraphicsSwitching, From C:/Program Files/Epic Games/UE_4.14/Engine/Plugins/Editor/MacGraphicsSwitching/MacGraphicsSwitching.uplugin
LogPluginManager: Loaded Plugin MobileLauncherProfileWizard, From C:/Program Files/Epic Games/UE_4.14/Engine/Plugins/Editor/MobileLauncherProfileWizard/MobileLauncherProfileWizard.uplugin
LogPluginManager: Loaded Plugin PluginBrowser, From C:/Program Files/Epic Games/UE_4.14/Engine/Plugins/Editor/PluginBrowser/PluginBrowser.uplugin
LogPluginManager: Loaded Plugin SpeedTreeImporter, From C:/Program Files/Epic Games/UE_4.14/Engine/Plugins/Editor/SpeedTreeImporter/SpeedTreeImporter.uplugin
LogPluginManager: Loaded Plugin SuperSearchEditor, From C:/Program Files/Epic Games/UE_4.14/Engine/Plugins/Editor/SuperSearchEditor/SuperSearchEditor.uplugin
LogPluginManager: Loaded Plugin AlembicImporter, From C:/Program Files/Epic Games/UE_4.14/Engine/Plugins/Experimental/AlembicImporter/AlembicImporter.uplugin
LogPluginManager: Loaded Plugin BlueprintStats, From C:/Program Files/Epic Games/UE_4.14/Engine/Plugins/Experimental/BlueprintStats/BlueprintStats.uplugin
LogPluginManager: Loaded Plugin CharacterAI, From C:/Program Files/Epic Games/UE_4.14/Engine/Plugins/Experimental/CharacterAI/CharacterAI.uplugin
LogPluginManager: Loaded Plugin CodeEditor, From C:/Program Files/Epic Games/UE_4.14/Engine/Plugins/Experimental/CodeEditor/CodeEditor.uplugin
LogPluginManager: Loaded Plugin CodeView, From C:/Program Files/Epic Games/UE_4.14/Engine/Plugins/Experimental/CodeView/CodeView.uplugin
LogPluginManager: Loaded Plugin HTML5Networking, From C:/Program Files/Epic Games/UE_4.14/Engine/Plugins/Experimental/HTML5Networking/HTML5Networking.uplugin
LogPluginManager: Loaded Plugin OSVR, From C:/Program Files/Epic Games/UE_4.14/Engine/Plugins/Experimental/OSVR/OSVR.uplugin
LogPluginManager: Loaded Plugin Phya, From C:/Program Files/Epic Games/UE_4.14/Engine/Plugins/Experimental/Phya/Phya.uplugin
LogPluginManager: Loaded Plugin SignificanceManager, From C:/Program Files/Epic Games/UE_4.14/Engine/Plugins/Experimental/SignificanceManager/SignificanceManager.uplugin
LogPluginManager: Loaded Plugin SimpleHMD, From C:/Program Files/Epic Games/UE_4.14/Engine/Plugins/Experimental/SimpleHMD/SimpleHMD.uplugin
LogPluginManager: Loaded Plugin StereoPanorama, From C:/Program Files/Epic Games/UE_4.14/Engine/Plugins/Experimental/StereoPanorama/StereoPanorama.uplugin
LogPluginManager: Loaded Plugin StructBox, From C:/Program Files/Epic Games/UE_4.14/Engine/Plugins/Experimental/StructBox/StructBox.uplugin
LogPluginManager: Loaded Plugin AndroidMedia, From C:/Program Files/Epic Games/UE_4.14/Engine/Plugins/Media/AndroidMedia/AndroidMedia.uplugin
LogPluginManager: Loaded Plugin AvfMedia, From C:/Program Files/Epic Games/UE_4.14/Engine/Plugins/Media/AvfMedia/AvfMedia.uplugin
LogPluginManager: Loaded Plugin MediaPlayerEditor, From C:/Program Files/Epic Games/UE_4.14/Engine/Plugins/Media/MediaPlayerEditor/MediaPlayerEditor.uplugin
LogPluginManager: Loaded Plugin WmfMedia, From C:/Program Files/Epic Games/UE_4.14/Engine/Plugins/Media/WmfMedia/WmfMedia.uplugin
LogPluginManager: Loaded Plugin MessagingDebugger, From C:/Program Files/Epic Games/UE_4.14/Engine/Plugins/Messaging/MessagingDebugger/MessagingDebugger.uplugin
LogPluginManager: Loaded Plugin TcpMessaging, From C:/Program Files/Epic Games/UE_4.14/Engine/Plugins/Messaging/TcpMessaging/TcpMessaging.uplugin
LogPluginManager: Loaded Plugin UdpMessaging, From C:/Program Files/Epic Games/UE_4.14/Engine/Plugins/Messaging/UdpMessaging/UdpMessaging.uplugin
LogPluginManager: Loaded Plugin LevelSequenceEditor, From C:/Program Files/Epic Games/UE_4.14/Engine/Plugins/MovieScene/LevelSequenceEditor/LevelSequenceEditor.uplugin
LogPluginManager: Loaded Plugin MatineeToLevelSequence, From C:/Program Files/Epic Games/UE_4.14/Engine/Plugins/MovieScene/MatineeToLevelSequence/MatineeToLevelSequence.uplugin
LogPluginManager: Loaded Plugin NetcodeUnitTest, From C:/Program Files/Epic Games/UE_4.14/Engine/Plugins/NetcodeUnitTest/NetcodeUnitTest/NetcodeUnitTest.uplugin
LogPluginManager: Loaded Plugin NUTUnrealEngine4, From C:/Program Files/Epic Games/UE_4.14/Engine/Plugins/NetcodeUnitTest/NUTUnrealEngine4/NUTUnrealEngine4.uplugin
LogPluginManager: Loaded Plugin OnlineSubsystemGameCircle, From C:/Program Files/Epic Games/UE_4.14/Engine/Plugins/Online/Android/OnlineSubsystemGameCircle/OnlineSubsystemGameCircle.uplugin
LogPluginManager: Loaded Plugin OnlineSubsystemGooglePlay, From C:/Program Files/Epic Games/UE_4.14/Engine/Plugins/Online/Android/OnlineSubsystemGooglePlay/OnlineSubsystemGooglePlay.uplugin
LogPluginManager: Loaded Plugin OnlineSubsystemIOS, From C:/Program Files/Epic Games/UE_4.14/Engine/Plugins/Online/IOS/OnlineSubsystemIOS/OnlineSubsystemIOS.uplugin
LogPluginManager: Loaded Plugin OnlineFramework, From C:/Program Files/Epic Games/UE_4.14/Engine/Plugins/Online/OnlineFramework/OnlineFramework.uplugin
LogPluginManager: Loaded Plugin OnlineSubsystem, From C:/Program Files/Epic Games/UE_4.14/Engine/Plugins/Online/OnlineSubsystem/OnlineSubsystem.uplugin
LogPluginManager: Loaded Plugin OnlineSubsystemAmazon, From C:/Program Files/Epic Games/UE_4.14/Engine/Plugins/Online/OnlineSubsystemAmazon/OnlineSubsystemAmazon.uplugin
LogPluginManager: Loaded Plugin OnlineSubsystemFacebook, From C:/Program Files/Epic Games/UE_4.14/Engine/Plugins/Online/OnlineSubsystemFacebook/OnlineSubsystemFacebook.uplugin
LogPluginManager: Loaded Plugin OnlineSubsystemNull, From C:/Program Files/Epic Games/UE_4.14/Engine/Plugins/Online/OnlineSubsystemNull/OnlineSubsystemNull.uplugin
LogPluginManager: Loaded Plugin OnlineSubsystemOculus, From C:/Program Files/Epic Games/UE_4.14/Engine/Plugins/Online/OnlineSubsystemOculus/OnlineSubsystemOculus.uplugin
LogPluginManager: Loaded Plugin OnlineSubsystemSteam, From C:/Program Files/Epic Games/UE_4.14/Engine/Plugins/Online/OnlineSubsystemSteam/OnlineSubsystemSteam.uplugin
LogPluginManager: Loaded Plugin OnlineSubsystemUtils, From C:/Program Files/Epic Games/UE_4.14/Engine/Plugins/Online/OnlineSubsystemUtils/OnlineSubsystemUtils.uplugin
LogPluginManager: Loaded Plugin IOSTapJoy, From C:/Program Files/Epic Games/UE_4.14/Engine/Plugins/Runtime/Advertising/IOSTapJoy/IOSTapJoy.uplugin
LogPluginManager: Loaded Plugin AnalyticsBlueprintLibrary, From C:/Program Files/Epic Games/UE_4.14/Engine/Plugins/Runtime/Analytics/AnalyticsBlueprintLibrary/AnalyticsBlueprintLibrary.uplugin
LogPluginManager: Loaded Plugin AnalyticsMulticast, From C:/Program Files/Epic Games/UE_4.14/Engine/Plugins/Runtime/Analytics/AnalyticsMulticast/AnalyticsMulticast.uplugin
LogPluginManager: Loaded Plugin Apsalar, From C:/Program Files/Epic Games/UE_4.14/Engine/Plugins/Runtime/Analytics/Apsalar/Apsalar.uplugin
LogPluginManager: Loaded Plugin FileLogging, From C:/Program Files/Epic Games/UE_4.14/Engine/Plugins/Runtime/Analytics/FileLogging/FileLogging.uplugin
LogPluginManager: Loaded Plugin Flurry, From C:/Program Files/Epic Games/UE_4.14/Engine/Plugins/Runtime/Analytics/Flurry/Flurry.uplugin
LogPluginManager: Loaded Plugin AndroidDeviceProfileSelector, From C:/Program Files/Epic Games/UE_4.14/Engine/Plugins/Runtime/AndroidDeviceProfileSelector/AndroidDeviceProfileSelector.uplugin
LogPluginManager: Loaded Plugin AndroidMoviePlayer, From C:/Program Files/Epic Games/UE_4.14/Engine/Plugins/Runtime/AndroidMoviePlayer/AndroidMoviePlayer.uplugin
LogPluginManager: Loaded Plugin AppleMoviePlayer, From C:/Program Files/Epic Games/UE_4.14/Engine/Plugins/Runtime/AppleMoviePlayer/AppleMoviePlayer.uplugin
LogPluginManager: Loaded Plugin ArchVisCharacter, From C:/Program Files/Epic Games/UE_4.14/Engine/Plugins/Runtime/ArchVisCharacter/ArchVisCharacter.uplugin
LogPluginManager: Loaded Plugin CableComponent, From C:/Program Files/Epic Games/UE_4.14/Engine/Plugins/Runtime/CableComponent/CableComponent.uplugin
LogPluginManager: Loaded Plugin CustomMeshComponent, From C:/Program Files/Epic Games/UE_4.14/Engine/Plugins/Runtime/CustomMeshComponent/CustomMeshComponent.uplugin
LogPluginManager: Loaded Plugin ExampleDeviceProfileSelector, From C:/Program Files/Epic Games/UE_4.14/Engine/Plugins/Runtime/ExampleDeviceProfileSelector/ExampleDeviceProfileSelector.uplugin
LogPluginManager: Loaded Plugin GearVR, From C:/Program Files/Epic Games/UE_4.14/Engine/Plugins/Runtime/GearVR/GearVR.uplugin
LogPluginManager: Loaded Plugin GoogleVRController, From C:/Program Files/Epic Games/UE_4.14/Engine/Plugins/Runtime/GoogleVR/GoogleVRController/GoogleVRController.uplugin
LogPluginManager: Loaded Plugin GoogleVRHMD, From C:/Program Files/Epic Games/UE_4.14/Engine/Plugins/Runtime/GoogleVR/GoogleVRHMD/GoogleVRHMD.uplugin
LogPluginManager: Loaded Plugin IOSDeviceProfileSelector, From C:/Program Files/Epic Games/UE_4.14/Engine/Plugins/Runtime/IOSDeviceProfileSelector/IOSDeviceProfileSelector.uplugin
LogPluginManager: Loaded Plugin LeapMotion, From C:/Program Files/Epic Games/UE_4.14/Engine/Plugins/Runtime/LeapMotion/LeapMotion.uplugin
LogPluginManager: Loaded Plugin LinuxDeviceProfileSelector, From C:/Program Files/Epic Games/UE_4.14/Engine/Plugins/Runtime/LinuxDeviceProfileSelector/LinuxDeviceProfileSelector.uplugin
LogPluginManager: Loaded Plugin MIDIDevice, From C:/Program Files/Epic Games/UE_4.14/Engine/Plugins/Runtime/MIDIDevice/MIDIDevice.uplugin
LogPluginManager: Loaded Plugin MobilePatchingUtils, From C:/Program Files/Epic Games/UE_4.14/Engine/Plugins/Runtime/MobilePatchingUtils/MobilePatchingUtils.uplugin
LogPluginManager: Loaded Plugin Ansel, From C:/Program Files/Epic Games/UE_4.14/Engine/Plugins/Runtime/Nvidia/Ansel/Ansel.uplugin
LogPluginManager: Loaded Plugin OculusAudio, From C:/Program Files/Epic Games/UE_4.14/Engine/Plugins/Runtime/OculusAudio/OculusAudio.uplugin
LogPluginManager: Loaded Plugin OculusInput, From C:/Program Files/Epic Games/UE_4.14/Engine/Plugins/Runtime/OculusInput/OculusInput.uplugin
LogPluginManager: Loaded Plugin OculusLibrary, From C:/Program Files/Epic Games/UE_4.14/Engine/Plugins/Runtime/OculusLibrary/OculusLibrary.uplugin
LogPluginManager: Loaded Plugin OculusRift, From C:/Program Files/Epic Games/UE_4.14/Engine/Plugins/Runtime/OculusRift/OculusRift.uplugin
LogPluginManager: Loaded Plugin Oodle, From C:/Program Files/Epic Games/UE_4.14/Engine/Plugins/Runtime/PacketHandlers/CompressionComponents/Oodle/Oodle.uplugin
LogPluginManager: Loaded Plugin ProceduralMeshComponent, From C:/Program Files/Epic Games/UE_4.14/Engine/Plugins/Runtime/ProceduralMeshComponent/ProceduralMeshComponent.uplugin
LogPluginManager: Loaded Plugin SoundMod, From C:/Program Files/Epic Games/UE_4.14/Engine/Plugins/Runtime/SoundMod/SoundMod.uplugin
LogPluginManager: Loaded Plugin SoundVisualizations, From C:/Program Files/Epic Games/UE_4.14/Engine/Plugins/Runtime/SoundVisualizations/SoundVisualizations.uplugin
LogPluginManager: Loaded Plugin SteamController, From C:/Program Files/Epic Games/UE_4.14/Engine/Plugins/Runtime/Steam/SteamController/SteamController.uplugin
LogPluginManager: Loaded Plugin SteamVR, From C:/Program Files/Epic Games/UE_4.14/Engine/Plugins/Runtime/Steam/SteamVR/SteamVR.uplugin
LogPluginManager: Loaded Plugin WebBrowserWidget, From C:/Program Files/Epic Games/UE_4.14/Engine/Plugins/Runtime/WebBrowserWidget/WebBrowserWidget.uplugin
LogPluginManager: Loaded Plugin WindowsDeviceProfileSelector, From C:/Program Files/Epic Games/UE_4.14/Engine/Plugins/Runtime/WindowsDeviceProfileSelector/WindowsDeviceProfileSelector.uplugin
LogPluginManager: Loaded Plugin WindowsMoviePlayer, From C:/Program Files/Epic Games/UE_4.14/Engine/Plugins/Runtime/WindowsMoviePlayer/WindowsMoviePlayer.uplugin
LogPluginManager: Loaded Plugin ScriptPlugin, From C:/Program Files/Epic Games/UE_4.14/Engine/Plugins/ScriptPlugin/ScriptPlugin.uplugin
LogPluginManager: Loaded Plugin SlateRemote, From C:/Program Files/Epic Games/UE_4.14/Engine/Plugins/Slate/SlateRemote/SlateRemote.uplugin
LogPluginManager: Loaded Plugin EditorTests, From C:/Program Files/Epic Games/UE_4.14/Engine/Plugins/Tests/EditorTests/EditorTests.uplugin
LogPluginManager: Loaded Plugin FbxAutomationTestBuilder, From C:/Program Files/Epic Games/UE_4.14/Engine/Plugins/Tests/FbxAutomationTestBuilder/FbxAutomationTestBuilder.uplugin
LogPluginManager: Loaded Plugin FunctionalTestingEditor, From C:/Program Files/Epic Games/UE_4.14/Engine/Plugins/Tests/FunctionalTestingEditor/FunctionalTestingEditor.uplugin
LogPluginManager: Loaded Plugin RuntimeTests, From C:/Program Files/Epic Games/UE_4.14/Engine/Plugins/Tests/RuntimeTests/RuntimeTests.uplugin
LogPluginManager: Loaded Plugin ScreenshotTools, From C:/Program Files/Epic Games/UE_4.14/Engine/Plugins/Tests/ScreenshotTools/ScreenshotTools.uplugin
LogInit: Using libcurl 7.47.1
LogInit:  - built for x86_64-pc-win32
LogInit:  - supports SSL with OpenSSL/1.0.2g
LogInit:  - supports HTTP deflate (compression) using libz 1.2.8
LogInit:  - other features:
LogInit:      CURL_VERSION_SSL
LogInit:      CURL_VERSION_LIBZ
LogInit:      CURL_VERSION_IPV6
LogInit:      CURL_VERSION_ASYNCHDNS
LogInit:      CURL_VERSION_LARGEFILE
LogInit:      CURL_VERSION_IDN
LogInit:  CurlRequestOptions (configurable via config and command line):
LogInit:  - bVerifyPeer = false  - Libcurl will NOT verify peer certificate
LogInit:  - bUseHttpProxy = false  - Libcurl will NOT use HTTP proxy
LogInit:  - bDontReuseConnections = false  - Libcurl will reuse connections
LogInit:  - CertBundlePath = nullptr  - Libcurl will use whatever was configured at build time.
LogInit: Build: ++UE4+Release-4.14-CL-3249277
LogInit: Engine Version: 4.14.3-3249277+++UE4+Release-4.14
LogInit: Compatible Engine Version: 4.14.0-3195953+++UE4+Release-4.14
LogInit: Net CL: 3195953
LogDevObjectVersion: Number of dev versions registered: 13
LogDevObjectVersion:   Dev-Blueprints (B0D832E4-1F89-4F0D-ACCF-7EB736FD4AA2): 7
LogDevObjectVersion:   Dev-Build (E1C64328-A22C-4D53-A36C-8E866417BD8C): 0
LogDevObjectVersion:   Dev-Core (375EC13C-06E4-48FB-B500-84F0262A717E): 1
LogDevObjectVersion:   Dev-Editor (E4B068ED-F494-42E9-A231-DA0B2E46BB41): 8
LogDevObjectVersion:   Dev-Framework (CFFC743F-43B0-4480-9391-14DF171D2073): 17
LogDevObjectVersion:   Dev-Mobile (B02B49B5-BB20-44E9-A304-32B752E40360): 0
LogDevObjectVersion:   Dev-Networking (A4E4105C-59A1-49B5-A7C5-40C4547EDFEE): 0
LogDevObjectVersion:   Dev-Online (39C831C9-5AE6-47DC-9A44-9C173E1C8E7C): 0
LogDevObjectVersion:   Dev-Physics (78F01B33-EBEA-4F98-B9B4-84EACCB95AA2): 0
LogDevObjectVersion:   Dev-Platform (6631380F-2D4D-43E0-8009-CF276956A95A): 0
LogDevObjectVersion:   Dev-Rendering (12F88B9F-8875-4AFC-A67C-D90C383ABD29): 12
LogDevObjectVersion:   Dev-Sequencer (7B5AE74C-D270-4C10-A958-57980B212A5A): 1
LogDevObjectVersion:   Dev-VR (D7296918-1DD6-4BDD-9DE2-64A83CC13884): 0
LogInit: Compiled (64-bit): Jan  6 2017 10:49:43
LogInit: Compiled with Visual C++: 19.00.23026.00
LogInit: Build Configuration: Development
LogInit: Branch Name: ++UE4+Release-4.14
LogInit: Command line:  
LogInit: Base directory: C:/Program Files/Epic Games/UE_4.14/Engine/Binaries/Win64/
LogInit: Installed Engine Build: 1
LogInit: Presizing for max 8388607 objects, including 0 objects not considered by GC, pre-allocating 0 bytes for permanent pool.
LogInit: Object subsystem initialized
[2017.03.21-14.30.34:039][  0]LogInit: Selected Device Profile: [Windows]
[2017.03.21-14.30.34:039][  0]LogInit: Applying CVar settings loaded from the selected device profile: [Windows]
[2017.03.21-14.30.34:054][  0]LogInit: Computer: LAPTOP-HOJJGP5S
[2017.03.21-14.30.34:054][  0]LogInit: User: Tristan
[2017.03.21-14.30.34:054][  0]LogInit: CPU Page size=65536, Cores=2
[2017.03.21-14.30.34:054][  0]LogInit: High frequency timer resolution =2.343749 MHz
[2017.03.21-14.30.34:054][  0]LogMemory: Memory total: Physical=7.8GB (8GB approx)
[2017.03.21-14.30.34:054][  0]LogMemory: Platform Memory Stats for Windows
[2017.03.21-14.30.34:054][  0]LogMemory: Process Physical Memory: 263.97 MB used, 263.97 MB peak
[2017.03.21-14.30.34:054][  0]LogMemory: Process Virtual Memory: 262.52 MB used, 262.52 MB peak
[2017.03.21-14.30.34:054][  0]LogMemory: Physical Memory: 4276.47 MB used,  3754.37 MB free, 8030.84 MB total
[2017.03.21-14.30.34:054][  0]LogMemory: Virtual Memory: 674.75 MB used,  3754.37 MB free, 134217728.00 MB total
[2017.03.21-14.30.34:293][  0]LogTextLocalizationManager: No specific translations for ('en-GB') exist, so ('en') translations will be used.
[2017.03.21-14.30.35:083][  0]LogD3D11RHI: D3D11 adapters:
[2017.03.21-14.30.35:341][  0]LogD3D11RHI:    0. 'NVIDIA GeForce 940M' (Feature Level 11_0)
[2017.03.21-14.30.35:341][  0]LogD3D11RHI:       2020/0/4015 MB DedicatedVideo/DedicatedSystem/SharedSystem, Outputs:1, VendorId:0x10de
[2017.03.21-14.30.35:348][  0]LogD3D11RHI:    1. 'Intel(R) HD Graphics 520' (Feature Level 11_0)
[2017.03.21-14.30.35:348][  0]LogD3D11RHI:       128/0/4015 MB DedicatedVideo/DedicatedSystem/SharedSystem, Outputs:0, VendorId:0x8086
[2017.03.21-14.30.35:350][  0]LogD3D11RHI:    2. 'Microsoft Basic Render Driver' (Feature Level 11_0)
[2017.03.21-14.30.35:350][  0]LogD3D11RHI:       0/0/4015 MB DedicatedVideo/DedicatedSystem/SharedSystem, Outputs:0, VendorId:0x1414
[2017.03.21-14.30.35:350][  0]LogD3D11RHI: Chosen D3D11 Adapter: 0
[2017.03.21-14.30.35:358][  0]LogD3D11RHI: Creating new Direct3DDevice
[2017.03.21-14.30.35:358][  0]LogD3D11RHI:     GPU DeviceId: 0x1347 (for the marketing name, search the web for "GPU Device Id")
[2017.03.21-14.30.35:358][  0]LogWindows: EnumDisplayDevices:
[2017.03.21-14.30.35:358][  0]LogWindows:    0. 'Intel(R) HD Graphics 520' (P:1 D:1)
[2017.03.21-14.30.35:358][  0]LogWindows:    1. 'Intel(R) HD Graphics 520' (P:0 D:0)
[2017.03.21-14.30.35:359][  0]LogWindows:    2. 'Intel(R) HD Graphics 520' (P:0 D:0)
[2017.03.21-14.30.35:359][  0]LogWindows: DebugString: PrimaryIsNotTheChoosenAdapter PrimaryIsNotTheChoosenAdapter PrimaryIsNotTheChoosenAdapter FoundDriverCount:0 
[2017.03.21-14.30.35:359][  0]LogD3D11RHI:     Adapter Name: NVIDIA GeForce 940M
[2017.03.21-14.30.35:359][  0]LogD3D11RHI:   Driver Version: Unknown (internal:Unknown, unified:Unknown)
[2017.03.21-14.30.35:359][  0]LogD3D11RHI:      Driver Date: Unknown
[2017.03.21-14.30.35:359][  0]LogRHI: Texture pool is 1361 MB (70% of 1945 MB)
[2017.03.21-14.30.35:376][  0]LogD3D11RHI: Async texture creation enabled
[2017.03.21-14.30.35:393][  0]LogD3D11RHI: GPU Timing Frequency: 1000.000000 (Debug: 2 2)
[2017.03.21-14.30.35:394][  0]LogShaderCompilers: Guid format shader working directory is -35 characters bigger than the processId version (../../../../../../Users/Tristan/Documents/UniWork/comp140-gam160-game/SuhDude-Game/Intermediate/Shaders/WorkingDirectory/14088/).
[2017.03.21-14.30.35:394][  0]LogShaderCompilers: Cleaned the shader compiler working directory 'C:/Users/Tristan/AppData/Local/Temp/UnrealShaderWorkingDir/00F6072A4E506F33D6D02E8F2CBC98AE/'.
[2017.03.21-14.30.35:394][  0]LogShaderCompilers:Display: Using Local Shader Compiler.
[2017.03.21-14.30.36:717][  0]LogTemp:Display: Loaded TP AllDesktopTargetPlatform
[2017.03.21-14.30.36:781][  0]LogTemp:Display: Loaded TP MacClientTargetPlatform
[2017.03.21-14.30.36:843][  0]LogTemp:Display: Loaded TP MacNoEditorTargetPlatform
[2017.03.21-14.30.36:908][  0]LogTemp:Display: Loaded TP MacServerTargetPlatform
[2017.03.21-14.30.36:973][  0]LogTemp:Display: Loaded TP MacTargetPlatform
[2017.03.21-14.30.37:041][  0]LogTemp:Display: Loaded TP WindowsClientTargetPlatform
[2017.03.21-14.30.37:113][  0]LogTemp:Display: Loaded TP WindowsNoEditorTargetPlatform
[2017.03.21-14.30.37:183][  0]LogTemp:Display: Loaded TP WindowsServerTargetPlatform
[2017.03.21-14.30.37:238][  0]LogTemp:Display: Loaded TP WindowsTargetPlatform
[2017.03.21-14.30.37:303][  0]LogTemp:Display: Loaded TP AndroidTargetPlatform
[2017.03.21-14.30.37:368][  0]LogTemp:Display: Loaded TP Android_ASTCTargetPlatform
[2017.03.21-14.30.37:437][  0]LogTemp:Display: Loaded TP Android_ATCTargetPlatform
[2017.03.21-14.30.37:524][  0]LogTemp:Display: Loaded TP Android_DXTTargetPlatform
[2017.03.21-14.30.37:589][  0]LogTemp:Display: Loaded TP Android_ETC1TargetPlatform
[2017.03.21-14.30.37:650][  0]LogTemp:Display: Loaded TP Android_ETC2TargetPlatform
[2017.03.21-14.30.37:787][  0]LogTemp:Display: Loaded TP Android_MultiTargetPlatform
[2017.03.21-14.30.37:787][  0]LogTemp:Display: Loaded TP Android_PVRTCTargetPlatform
[2017.03.21-14.30.37:832][  0]LogTemp:Display: Loaded TP HTML5TargetPlatform
[2017.03.21-14.30.37:936][  0]LogTemp:Display: Loaded TP IOSTargetPlatform
[2017.03.21-14.30.37:976][  0]LogTemp:Display: Loaded TP TVOSTargetPlatform
[2017.03.21-14.30.38:051][  0]LogTemp:Display: Loaded TP LinuxClientTargetPlatform
[2017.03.21-14.30.38:114][  0]LogTemp:Display: Loaded TP LinuxNoEditorTargetPlatform
[2017.03.21-14.30.38:192][  0]LogTemp:Display: Loaded TP LinuxServerTargetPlatform
[2017.03.21-14.30.38:259][  0]LogTemp:Display: Loaded TP LinuxTargetPlatform
[2017.03.21-14.30.38:259][  0]LogTargetPlatformManager:Display: Building Assets For Windows
[2017.03.21-14.30.38:749][  0]LogDerivedDataCache:Display: Max Cache Size: 512 MB
[2017.03.21-14.30.38:819][  0]LogDerivedDataCache: Loaded boot cache 0.07s 50MB C:/Users/Tristan/AppData/Local/UnrealEngine/4.14/DerivedDataCache/Boot.ddc.
[2017.03.21-14.30.38:819][  0]LogDerivedDataCache:Display: Loaded Boot cache: C:/Users/Tristan/AppData/Local/UnrealEngine/4.14/DerivedDataCache/Boot.ddc
[2017.03.21-14.30.38:819][  0]LogDerivedDataCache: FDerivedDataBackendGraph:  Pak pak cache file ../../../../../../Users/Tristan/Documents/UniWork/comp140-gam160-game/SuhDude-Game/DerivedDataCache/DDC.ddp not found, will not use a pak cache.
[2017.03.21-14.30.38:819][  0]LogDerivedDataCache: Unable to find inner node Pak for hierarchical cache Hierarchy.
[2017.03.21-14.30.38:819][  0]LogDerivedDataCache: FDerivedDataBackendGraph:  CompressedPak pak cache file ../../../../../../Users/Tristan/Documents/UniWork/comp140-gam160-game/SuhDude-Game/DerivedDataCache/Compressed.ddp not found, will not use a pak cache.
[2017.03.21-14.30.38:819][  0]LogDerivedDataCache: Unable to find inner node CompressedPak for hierarchical cache Hierarchy.
[2017.03.21-14.30.38:838][  0]LogDerivedDataCache:Display: Pak cache opened for reading ../../../Engine/DerivedDataCache/Compressed.ddp.
[2017.03.21-14.30.38:849][  0]LogDerivedDataCache: Using Local data cache path C:/Users/Tristan/AppData/Local/UnrealEngine/Common/DerivedDataCache: Writable
[2017.03.21-14.30.39:200][  0]LogInit: Selected Device Profile: [Windows]
[2017.03.21-14.30.39:204][  0]LogContentStreaming: Texture pool size is 0.00 MB
[2017.03.21-14.30.39:727][  0]LogMeshUtilities: Using QuadricMeshReduction for automatic static mesh reduction
[2017.03.21-14.30.39:777][  0]LogSimplygon: Simplygon DLL not present - disabling.
[2017.03.21-14.30.39:835][  0]LogMeshUtilities: Using SimplygonSwarm for distributed automatic mesh merging
[2017.03.21-14.30.39:835][  0]LogMeshUtilities: No automatic skeletal mesh reduction module available
[2017.03.21-14.30.39:835][  0]LogMeshUtilities: No automatic mesh merging module available
[2017.03.21-14.30.40:761][  0]LogNetVersion: GetLocalNetworkVersion: CL: 3195953, ProjectName: suhdude, ProjectVersion: , EngineNetworkVersion: 2, GameNetworkVersion: 0, NetworkChecksum: 1980303672
[2017.03.21-14.30.40:834][  0]LogAssetRegistry: FAssetRegistry took 0.0214 seconds to start up
[2017.03.21-14.30.40:912][  0]LogPackageLocalizationCache: Processed 3 localized package path(s) for 2 prioritized culture(s) in 0.042212 seconds
[2017.03.21-14.30.40:919][  0]LogUObjectArray: 31946 objects as part of root set at end of initial load.
[2017.03.21-14.30.40:919][  0]LogUObjectAllocator: 6935848 out of 0 bytes used by permanent object pool.
[2017.03.21-14.30.40:919][  0]LogUObjectArray: CloseDisregardForGC: 0/0 objects in disregard for GC pool
[2017.03.21-14.30.41:000][  0]LogInit: WinSock: version 1.1 (2.2), MaxSocks=32767, MaxUdp=65467
[2017.03.21-14.30.41:948][  0]LogSlate: Using Freetype 2.6.0
[2017.03.21-14.30.41:948][  0]LogSlate: SlateFontCache - WITH_FREETYPE: 1, WITH_HARFBUZZ: 1
[2017.03.21-14.30.41:948][  0]LogSlate: SlateFontCache - WITH_FREETYPE: 1, WITH_HARFBUZZ: 1
[2017.03.21-14.30.42:838][  0]LogTcpMessaging: Initializing TcpMessaging bridge
[2017.03.21-14.30.42:884][  0]LogUdpMessaging: Initializing bridge on interface 0.0.0.0:0 to multicast group 230.0.0.1:6666.
[2017.03.21-14.30.43:352][  0]LogMaterial: Uniform references updated for custom material expression Custom.
[2017.03.21-14.30.44:105][  0]SourceControl: Info Source control is disabled
[2017.03.21-14.30.44:154][  0]SourceControl: Info Source control is disabled
[2017.03.21-14.30.44:234][  0]SourceControl: Info Source control is disabled
[2017.03.21-14.30.44:315][  0]SourceControl: Info Source control is disabled
[2017.03.21-14.30.46:343][  0]LogEngine: Initializing Engine...
[2017.03.21-14.30.46:344][  0]LogHMD: Failed to initialize OpenVR with code 110
[2017.03.21-14.30.46:875][  0]LogAIModule: Creating AISystem for world Untitled
[2017.03.21-14.30.46:884][  0]LogInit: XAudio2 using 'Speaker/HP (Realtek High Definition Audio)' : 2 channels at 48 kHz using 32 bits per sample (channel mask 0x3)
[2017.03.21-14.30.46:899][  0]LogInit: FAudioDevice initialized.
[2017.03.21-14.30.46:942][  0]LogDerivedDataCache: Saved boot cache 0.04s 60MB C:/Users/Tristan/AppData/Local/UnrealEngine/4.14/DerivedDataCache/Boot.ddc.
[2017.03.21-14.30.46:959][  0]LogInit: Texture streaming: Enabled
[2017.03.21-14.30.47:230][  0]LogWindowsTextInputMethodSystem:Display: IME system now deactivated.
[2017.03.21-14.30.47:349][  0]LogInit: Transaction tracking system initialized
[2017.03.21-14.30.47:835][  0]BlueprintLog: New page: Editor Load
[2017.03.21-14.30.49:028][  0]LocalizationService: Info Localization service is disabled
[2017.03.21-14.30.49:927][  0]LogConsoleResponse:Display: 
[2017.03.21-14.30.50:248][  0]LogCook:Display: Max memory allowance for cook 16384mb min free memory 0mb
[2017.03.21-14.30.50:248][  0]LogCook:Display: Mobile HDR setting 1
[2017.03.21-14.30.50:446][  0]LogFileCache: Scanning file cache for directory 'C:/Users/Tristan/Documents/UniWork/comp140-gam160-game/SuhDude-Game/Content/' took 0.02s
[2017.03.21-14.30.51:402][  0]SourceControl: Info Source control is disabled
[2017.03.21-14.30.51:402][  0]Cmd: MAP LOAD FILE="../../../../../../Users/Tristan/Documents/UniWork/comp140-gam160-game/SuhDude-Game/Content/Maps/MenuLevel.umap" TEMPLATE=0 SHOWPROGRESS=1 FEATURELEVEL=3
[2017.03.21-14.30.51:462][  0]LightingResults: New page: Lighting Build
[2017.03.21-14.30.51:515][  0]MapCheck: New page: Map Check
[2017.03.21-14.30.51:515][  0]LightingResults: New page: Lighting Build
[2017.03.21-14.30.58:266][  0]LogAIModule: Creating AISystem for world MenuLevel
[2017.03.21-14.30.58:315][  0]LogEditorServer: Finished looking for orphan Actors (0.000 secs)
[2017.03.21-14.30.58:316][  0]Cmd: MAP CHECKDEP NOCLEARLOG
[2017.03.21-14.30.58:373][  0]MapCheck: Info Map check complete: 0 Error(s), 0 Warning(s), took 57.112ms to complete.
[2017.03.21-14.30.58:373][  0]LogFileHelpers: Loading map 'MenuLevel' took 6.971
[2017.03.21-14.30.58:545][  0]LogCollectionManager: Loaded 0 collections in 0.002736 seconds
[2017.03.21-14.30.58:644][  0]LogFileCache: Scanning file cache for directory 'C:/Users/Tristan/Documents/UniWork/comp140-gam160-game/SuhDude-Game/Saved/Collections/' took 0.01s
[2017.03.21-14.30.58:644][  0]LogFileCache: Scanning file cache for directory 'C:/Users/Tristan/Documents/UniWork/comp140-gam160-game/SuhDude-Game/Content/Developers/Tristan/Collections/' took 0.01s
[2017.03.21-14.30.58:644][  0]LogFileCache: Scanning file cache for directory 'C:/Users/Tristan/Documents/UniWork/comp140-gam160-game/SuhDude-Game/Content/Collections/' took 0.01s
[2017.03.21-14.30.58:644][  0]LogCollectionManager: Rebuilt the GUID cache for 0 collections in 0.000002 seconds
[2017.03.21-14.30.58:659][  0]LogContentBrowser: Native class hierarchy populated in 0.0150 seconds. Added 2192 classes and 430 folders.
[2017.03.21-14.30.58:714][  0]LogStats: UGameplayTagsManager::ConstructGameplayTagTree: Construct from data asset -  0.000 s
[2017.03.21-14.30.58:714][  0]LogStats: UGameplayTagsManager::ConstructGameplayTagTree: GameplayTagTreeChangedEvent.Broadcast -  0.000 s
[2017.03.21-14.30.58:717][  0]LogContentBrowser: Native class hierarchy updated for 'GameplayTags' in 0.0025 seconds. Added 13 classes and 0 folders.
[2017.03.21-14.30.58:804][  0]LogContentBrowser: Native class hierarchy updated for 'WidgetCarousel' in 0.0018 seconds. Added 0 classes and 0 folders.
[2017.03.21-14.30.58:862][  0]LogContentBrowser: Native class hierarchy updated for 'AddContentDialog' in 0.0026 seconds. Added 0 classes and 0 folders.
[2017.03.21-14.30.58:921][  0]LogContentBrowser: Native class hierarchy updated for 'SceneOutliner' in 0.0035 seconds. Added 1 classes and 2 folders.
[2017.03.21-14.30.58:982][  0]LogCrashTracker: Crashtracker disabled due to settings.
[2017.03.21-14.30.58:999][  0]LogUObjectGlobals:Warning: Failed to find object 'Class None.'
[2017.03.21-14.30.59:079][  0]LogContentBrowser: Native class hierarchy updated for 'HierarchicalLODOutliner' in 0.0021 seconds. Added 1 classes and 2 folders.
[2017.03.21-14.30.59:079][  0]LogLoad: (Engine Initialization) Total time: 27.28 seconds
[2017.03.21-14.30.59:079][  0]LogLoad: (Engine Initialization) Total Blueprint compile time: 0.19 seconds
[2017.03.21-14.30.59:079][  0]LogExternalProfiler: Found external profiler: VSPerf
[2017.03.21-14.30.59:079][  0]LogExternalProfiler: Using external profiler: VSPerf
[2017.03.21-14.30.59:097][  0]LogOcInput: OculusInput pre-init called
[2017.03.21-14.30.59:116][  0]LogContentStreaming: Texture pool size now 1000 MB
[2017.03.21-14.30.59:313][  0]LogRenderer: Reallocating scene render targets to support 828x436 NumSamples 1 (Frame:2).
[2017.03.21-14.30.59:395][  1]LogHttp:Warning: 000002F3621E8880: request failed, libcurl error: 6 (Couldn't resolve host name)
[2017.03.21-14.30.59:395][  1]LogHttp:Warning: 000002F3621E8880: libcurl info message cache 0 (Could not resolve host: cdn.unrealengine.com)
[2017.03.21-14.30.59:395][  1]LogHttp:Warning: 000002F3621E8880: libcurl info message cache 1 (Closing connection 0)
[2017.03.21-14.30.59:446][  1]LogAssetRegistry: Asset discovery search completed in 18.6338 seconds
[2017.03.21-14.30.59:446][  1]LogCollectionManager: Rebuilt the object cache for 0 collections in 0.000000 seconds (found 0 objects)
[2017.03.21-14.30.59:446][  1]LogCollectionManager: Fixed up redirectors for 0 collections in 0.000031 seconds (updated 0 objects)
[2017.03.21-14.30.59:513][  2]LogHttp:Warning: 000002F367B83100: request failed, libcurl error: 6 (Couldn't resolve host name)
[2017.03.21-14.30.59:513][  2]LogHttp:Warning: 000002F367B83100: libcurl info message cache 0 (Could not resolve host: cdn.unrealengine.com)
[2017.03.21-14.30.59:513][  2]LogHttp:Warning: 000002F367B83100: libcurl info message cache 1 (Closing connection 1)
[2017.03.21-14.30.59:530][  3]LogHttp:Warning: 000002F367A46080: request failed, libcurl error: 6 (Couldn't resolve host name)
[2017.03.21-14.30.59:530][  3]LogHttp:Warning: 000002F367A46080: libcurl info message cache 0 (Could not resolve host: cdn.unrealengine.com)
[2017.03.21-14.30.59:530][  3]LogHttp:Warning: 000002F367A46080: libcurl info message cache 1 (Closing connection 2)
[2017.03.21-14.31.53:460][171]LogContentBrowser: Native class hierarchy updated for 'BlueprintGraph' in 0.0023 seconds. Added 111 classes and 0 folders.
[2017.03.21-14.31.59:151][376]LogHttp:Warning: 000002F30D956200: request failed, libcurl error: 6 (Couldn't resolve host name)
[2017.03.21-14.31.59:151][376]LogHttp:Warning: 000002F30D956200: libcurl info message cache 0 (Could not resolve host: datarouter.ol.epicgames.com)
[2017.03.21-14.31.59:151][376]LogHttp:Warning: 000002F30D956200: libcurl info message cache 1 (Closing connection 3)
[2017.03.21-14.32.59:122][908]LogHttp:Warning: 000002F30FFBC400: request failed, libcurl error: 6 (Couldn't resolve host name)
[2017.03.21-14.32.59:122][908]LogHttp:Warning: 000002F30FFBC400: libcurl info message cache 0 (Could not resolve host: datarouter.ol.epicgames.com)
[2017.03.21-14.32.59:122][908]LogHttp:Warning: 000002F30FFBC400: libcurl info message cache 1 (Closing connection 4)
[2017.03.21-14.33.44:920][626]BlueprintLog: New page: Compile CharcterSelect
[2017.03.21-14.33.45:830][663]BlueprintLog: New page: Compile CharcterSelect
[2017.03.21-14.33.59:138][448]LogHttp:Warning: 000002F35CC16F80: request failed, libcurl error: 6 (Couldn't resolve host name)
[2017.03.21-14.33.59:138][448]LogHttp:Warning: 000002F35CC16F80: libcurl info message cache 0 (Could not resolve host: datarouter.ol.epicgames.com)
[2017.03.21-14.33.59:138][448]LogHttp:Warning: 000002F35CC16F80: libcurl info message cache 1 (Closing connection 5)
[2017.03.21-14.35.59:131][647]LogHttp:Warning: 000002F37C6EAE00: request failed, libcurl error: 6 (Couldn't resolve host name)
[2017.03.21-14.35.59:131][647]LogHttp:Warning: 000002F37C6EAE00: libcurl info message cache 0 (Could not resolve host: datarouter.ol.epicgames.com)
[2017.03.21-14.35.59:131][647]LogHttp:Warning: 000002F37C6EAE00: libcurl info message cache 1 (Closing connection 6)
[2017.03.21-14.36.59:134][247]LogHttp:Warning: 000002F37C6EAB00: request failed, libcurl error: 6 (Couldn't resolve host name)
[2017.03.21-14.36.59:134][247]LogHttp:Warning: 000002F37C6EAB00: libcurl info message cache 0 (Could not resolve host: datarouter.ol.epicgames.com)
[2017.03.21-14.36.59:134][247]LogHttp:Warning: 000002F37C6EAB00: libcurl info message cache 1 (Closing connection 7)
[2017.03.21-14.37.59:121][845]LogHttp:Warning: 000002F37C6EAB00: request failed, libcurl error: 6 (Couldn't resolve host name)
[2017.03.21-14.37.59:121][845]LogHttp:Warning: 000002F37C6EAB00: libcurl info message cache 0 (Could not resolve host: datarouter.ol.epicgames.com)
[2017.03.21-14.37.59:121][845]LogHttp:Warning: 000002F37C6EAB00: libcurl info message cache 1 (Closing connection 8)
[2017.03.21-14.39.59:134][ 45]LogHttp:Warning: 000002F37C6EB580: request failed, libcurl error: 6 (Couldn't resolve host name)
[2017.03.21-14.39.59:135][ 45]LogHttp:Warning: 000002F37C6EB580: libcurl info message cache 0 (Could not resolve host: datarouter.ol.epicgames.com)
[2017.03.21-14.39.59:135][ 45]LogHttp:Warning: 000002F37C6EB580: libcurl info message cache 1 (Closing connection 9)
[2017.03.21-14.40.59:122][642]LogHttp:Warning: 000002F357F8B100: request failed, libcurl error: 6 (Couldn't resolve host name)
[2017.03.21-14.40.59:122][642]LogHttp:Warning: 000002F357F8B100: libcurl info message cache 0 (Could not resolve host: datarouter.ol.epicgames.com)
[2017.03.21-14.40.59:122][642]LogHttp:Warning: 000002F357F8B100: libcurl info message cache 1 (Closing connection 10)
[2017.03.21-14.40.59:385][649]LogFileHelpers: Editor autosave (incl. sublevels) for '/Game/Maps/MenuLevel' took 0.053
[2017.03.21-14.40.59:387][649]OBJ SavePackage: Generating thumbnails for [0] asset(s) in package [/Game/Menus/MainMenu/CharcterSelect] ([1] browsable assets)...
[2017.03.21-14.40.59:387][649]OBJ SavePackage: Finished generating thumbnails for package [/Game/Menus/MainMenu/CharcterSelect]
[2017.03.21-14.40.59:497][649]LogSavePackage: Save=67.58ms
[2017.03.21-14.40.59:497][649]LogSavePackage: Moving '../../../../../../Users/Tristan/Documents/UniWork/comp140-gam160-game/SuhDude-Game/Saved/CharcterSelect_Auto176C5D4E74AC6282AB7D930B1184474CF.tmp' to '../../../../../../Users/Tristan/Documents/UniWork/comp140-gam160-game/SuhDude-Game/Saved/Autosaves/Game/Menus/MainMenu/CharcterSelect_Auto1.uasset'
[2017.03.21-14.40.59:500][649]LogSavePackage:Display: Finished SavePackage ../../../../../../Users/Tristan/Documents/UniWork/comp140-gam160-game/SuhDude-Game/Saved/Autosaves/Game/Menus/MainMenu/CharcterSelect_Auto1.uasset
[2017.03.21-14.40.59:500][649]LogFileHelpers: Auto-saving content packages took 0.114
[2017.03.21-14.42.59:135][821]LogHttp:Warning: 000002F37C896500: request failed, libcurl error: 6 (Couldn't resolve host name)
[2017.03.21-14.42.59:135][821]LogHttp:Warning: 000002F37C896500: libcurl info message cache 0 (Could not resolve host: datarouter.ol.epicgames.com)
[2017.03.21-14.42.59:135][821]LogHttp:Warning: 000002F37C896500: libcurl info message cache 1 (Closing connection 11)
[2017.03.21-14.43.59:124][420]LogHttp:Warning: 000002F37C896380: request failed, libcurl error: 6 (Couldn't resolve host name)
[2017.03.21-14.43.59:124][420]LogHttp:Warning: 000002F37C896380: libcurl info message cache 0 (Could not resolve host: datarouter.ol.epicgames.com)
[2017.03.21-14.43.59:124][420]LogHttp:Warning: 000002F37C896380: libcurl info message cache 1 (Closing connection 12)
[2017.03.21-14.45.59:136][620]LogHttp:Warning: 000002F37C896500: request failed, libcurl error: 6 (Couldn't resolve host name)
[2017.03.21-14.45.59:136][620]LogHttp:Warning: 000002F37C896500: libcurl info message cache 0 (Could not resolve host: datarouter.ol.epicgames.com)
[2017.03.21-14.45.59:136][620]LogHttp:Warning: 000002F37C896500: libcurl info message cache 1 (Closing connection 13)
[2017.03.21-14.46.59:145][220]LogHttp:Warning: 000002F37C896680: request failed, libcurl error: 6 (Couldn't resolve host name)
[2017.03.21-14.46.59:145][220]LogHttp:Warning: 000002F37C896680: libcurl info message cache 0 (Could not resolve host: datarouter.ol.epicgames.com)
[2017.03.21-14.46.59:145][220]LogHttp:Warning: 000002F37C896680: libcurl info message cache 1 (Closing connection 14)
[2017.03.21-14.48.59:115][417]LogHttp:Warning: 000002F37C897280: request failed, libcurl error: 6 (Couldn't resolve host name)
[2017.03.21-14.48.59:115][417]LogHttp:Warning: 000002F37C897280: libcurl info message cache 0 (Could not resolve host: datarouter.ol.epicgames.com)
[2017.03.21-14.48.59:115][417]LogHttp:Warning: 000002F37C897280: libcurl info message cache 1 (Closing connection 15)
[2017.03.21-14.49.59:154][ 19]LogHttp:Warning: 000002F37C896980: request failed, libcurl error: 6 (Couldn't resolve host name)
[2017.03.21-14.49.59:154][ 19]LogHttp:Warning: 000002F37C896980: libcurl info message cache 0 (Could not resolve host: datarouter.ol.epicgames.com)
[2017.03.21-14.49.59:154][ 19]LogHttp:Warning: 000002F37C896980: libcurl info message cache 1 (Closing connection 16)
[2017.03.21-14.50.59:141][618]LogHttp:Warning: 000002F37C894A00: request failed, libcurl error: 6 (Couldn't resolve host name)
[2017.03.21-14.50.59:141][618]LogHttp:Warning: 000002F37C894A00: libcurl info message cache 0 (Could not resolve host: datarouter.ol.epicgames.com)
[2017.03.21-14.50.59:141][618]LogHttp:Warning: 000002F37C894A00: libcurl info message cache 1 (Closing connection 17)
[2017.03.21-14.52.59:141][817]LogHttp:Warning: 000002F37C897280: request failed, libcurl error: 6 (Couldn't resolve host name)
[2017.03.21-14.52.59:141][817]LogHttp:Warning: 000002F37C897280: libcurl info message cache 0 (Could not resolve host: datarouter.ol.epicgames.com)
[2017.03.21-14.52.59:141][817]LogHttp:Warning: 000002F37C897280: libcurl info message cache 1 (Closing connection 18)
[2017.03.21-14.54.59:116][ 15]LogHttp:Warning: 000002F37C897580: request failed, libcurl error: 6 (Couldn't resolve host name)
[2017.03.21-14.54.59:116][ 15]LogHttp:Warning: 000002F37C897580: libcurl info message cache 0 (Could not resolve host: datarouter.ol.epicgames.com)
[2017.03.21-14.54.59:116][ 15]LogHttp:Warning: 000002F37C897580: libcurl info message cache 1 (Closing connection 19)
[2017.03.21-14.55.59:135][585]LogHttp:Warning: 000002F37C897580: request failed, libcurl error: 6 (Couldn't resolve host name)
[2017.03.21-14.55.59:135][585]LogHttp:Warning: 000002F37C897580: libcurl info message cache 0 (Could not resolve host: datarouter.ol.epicgames.com)
[2017.03.21-14.55.59:135][585]LogHttp:Warning: 000002F37C897580: libcurl info message cache 1 (Closing connection 20)
[2017.03.21-14.57.59:118][783]LogHttp:Warning: 000002F37C896680: request failed, libcurl error: 6 (Couldn't resolve host name)
[2017.03.21-14.57.59:118][783]LogHttp:Warning: 000002F37C896680: libcurl info message cache 0 (Could not resolve host: datarouter.ol.epicgames.com)
[2017.03.21-14.57.59:118][783]LogHttp:Warning: 000002F37C896680: libcurl info message cache 1 (Closing connection 21)
[2017.03.21-14.58.59:145][384]LogHttp:Warning: 000002F37C896200: request failed, libcurl error: 6 (Couldn't resolve host name)
[2017.03.21-14.58.59:145][384]LogHttp:Warning: 000002F37C896200: libcurl info message cache 0 (Could not resolve host: datarouter.ol.epicgames.com)
[2017.03.21-14.58.59:145][384]LogHttp:Warning: 000002F37C896200: libcurl info message cache 1 (Closing connection 22)
[2017.03.21-15.00.59:150][582]LogHttp:Warning: 000002F37C896F80: request failed, libcurl error: 6 (Couldn't resolve host name)
[2017.03.21-15.00.59:151][582]LogHttp:Warning: 000002F37C896F80: libcurl info message cache 0 (Could not resolve host: datarouter.ol.epicgames.com)
[2017.03.21-15.00.59:151][582]LogHttp:Warning: 000002F37C896F80: libcurl info message cache 1 (Closing connection 23)
[2017.03.21-15.02.59:142][780]LogHttp:Warning: 000002F37C896B00: request failed, libcurl error: 6 (Couldn't resolve host name)
[2017.03.21-15.02.59:142][780]LogHttp:Warning: 000002F37C896B00: libcurl info message cache 0 (Could not resolve host: datarouter.ol.epicgames.com)
[2017.03.21-15.02.59:142][780]LogHttp:Warning: 000002F37C896B00: libcurl info message cache 1 (Closing connection 24)
[2017.03.21-15.04.59:144][979]LogHttp:Warning: 000002F37C897D00: request failed, libcurl error: 6 (Couldn't resolve host name)
[2017.03.21-15.04.59:144][979]LogHttp:Warning: 000002F37C897D00: libcurl info message cache 0 (Could not resolve host: datarouter.ol.epicgames.com)
[2017.03.21-15.04.59:144][979]LogHttp:Warning: 000002F37C897D00: libcurl info message cache 1 (Closing connection 25)
[2017.03.21-15.06.59:136][177]LogHttp:Warning: 000002F37C896980: request failed, libcurl error: 6 (Couldn't resolve host name)
[2017.03.21-15.06.59:136][177]LogHttp:Warning: 000002F37C896980: libcurl info message cache 0 (Could not resolve host: datarouter.ol.epicgames.com)
[2017.03.21-15.06.59:136][177]LogHttp:Warning: 000002F37C896980: libcurl info message cache 1 (Closing connection 26)
[2017.03.21-15.07.59:134][776]LogHttp:Warning: 000002F37C894A00: request failed, libcurl error: 6 (Couldn't resolve host name)
[2017.03.21-15.07.59:134][776]LogHttp:Warning: 000002F37C894A00: libcurl info message cache 0 (Could not resolve host: datarouter.ol.epicgames.com)
[2017.03.21-15.07.59:134][776]LogHttp:Warning: 000002F37C894A00: libcurl info message cache 1 (Closing connection 27)
[2017.03.21-15.09.59:137][975]LogHttp:Warning: 000002F37C894700: request failed, libcurl error: 6 (Couldn't resolve host name)
[2017.03.21-15.09.59:137][975]LogHttp:Warning: 000002F37C894700: libcurl info message cache 0 (Could not resolve host: datarouter.ol.epicgames.com)
[2017.03.21-15.09.59:137][975]LogHttp:Warning: 000002F37C894700: libcurl info message cache 1 (Closing connection 28)
[2017.03.21-15.10.59:128][573]LogHttp:Warning: 000002F37C895C00: request failed, libcurl error: 6 (Couldn't resolve host name)
[2017.03.21-15.10.59:128][573]LogHttp:Warning: 000002F37C895C00: libcurl info message cache 0 (Could not resolve host: datarouter.ol.epicgames.com)
[2017.03.21-15.10.59:128][573]LogHttp:Warning: 000002F37C895C00: libcurl info message cache 1 (Closing connection 29)
[2017.03.21-15.11.25:253][981]LogTemp: Repeting last play command: New Editor Window (PIE)
[2017.03.21-15.11.25:514][981]LogBlueprintUserMessages: Early PlayInEditor Detection: Level '/Game/Maps/MenuLevel.MenuLevel:PersistentLevel' has LevelScriptBlueprint '/Game/Maps/MenuLevel.MenuLevel:PersistentLevel.MenuLevel' with GeneratedClass '/Game/Maps/MenuLevel.MenuLevel_C' with ClassGeneratedBy '/Game/Maps/MenuLevel.MenuLevel:PersistentLevel.MenuLevel'
[2017.03.21-15.11.25:515][981]LogPlayLevel: PlayLevel: No blueprints needed recompiling
[2017.03.21-15.11.25:519][981]PIE: New page: PIE session: MenuLevel (21 Mar 2017 15:11:25)
[2017.03.21-15.11.25:523][981]LogPlayLevel: Creating play world package: /Game/Maps/UEDPIE_0_MenuLevel
[2017.03.21-15.11.25:549][981]LogPlayLevel: PIE: StaticDuplicateObject took: (0.025507s)
[2017.03.21-15.11.25:553][981]LogAIModule: Creating AISystem for world MenuLevel
[2017.03.21-15.11.25:555][981]LogPlayLevel: PIE: World Init took: (0.006117s)
[2017.03.21-15.11.25:556][981]LogPlayLevel: PIE: Created PIE world by copying editor world from /Game/Maps/MenuLevel.MenuLevel to /Game/Maps/UEDPIE_0_MenuLevel.MenuLevel (0.033478s)
[2017.03.21-15.11.25:907][981]LogInit: XAudio2 using 'Speaker/HP (Realtek High Definition Audio)' : 2 channels at 48 kHz using 32 bits per sample (channel mask 0x3)
[2017.03.21-15.11.25:974][981]LogInit: FAudioDevice initialized.
[2017.03.21-15.11.26:052][981]LogLoad: Game class is 'MenuGameMode_C'
[2017.03.21-15.11.26:054][981]LogWorld: Bringing World /Game/Maps/UEDPIE_0_MenuLevel.MenuLevel up for play (max tick rate 60) at 2017.03.21-15.11.26
[2017.03.21-15.11.26:055][981]LogWorld: Bringing up level for play took: 0.002238
[2017.03.21-15.11.26:145][981]LogContentBrowser: Native class hierarchy updated for 'MovieSceneCapture' in 0.0022 seconds. Added 11 classes and 0 folders.
[2017.03.21-15.11.26:145][981]LogGameMode:Display: Match State Changed from EnteringMap to WaitingToStart
[2017.03.21-15.11.26:145][981]LogGameState: Match State Changed from EnteringMap to WaitingToStart
[2017.03.21-15.11.26:145][981]LogGameMode:Display: Match State Changed from WaitingToStart to InProgress
[2017.03.21-15.11.26:151][981]LogGameState: Match State Changed from WaitingToStart to InProgress
[2017.03.21-15.11.26:157][981]PIE: Info Play in editor start time for /Game/Maps/UEDPIE_0_MenuLevel 0.036
[2017.03.21-15.11.26:157][981]LogBlueprintUserMessages: Late PlayInEditor Detection: Level '/Game/Maps/MenuLevel.MenuLevel:PersistentLevel' has LevelScriptBlueprint '/Game/Maps/MenuLevel.MenuLevel:PersistentLevel.MenuLevel' with GeneratedClass '/Game/Maps/MenuLevel.MenuLevel_C' with ClassGeneratedBy '/Game/Maps/MenuLevel.MenuLevel:PersistentLevel.MenuLevel'
[2017.03.21-15.11.26:219][981]LogRenderer: Reallocating scene render targets to support 1292x756 NumSamples 1 (Frame:138441).
[2017.03.21-15.11.28:603][ 70]LogRenderer: Reallocating scene render targets to support 1536x800 NumSamples 1 (Frame:138532).
[2017.03.21-15.12.20:947][960]LogGameMode:Display: Match State Changed from InProgress to LeavingMap
[2017.03.21-15.12.20:947][960]LogGameState: Match State Changed from InProgress to LeavingMap
[2017.03.21-15.12.20:948][960]LogNet: Browse: /Game/Maps/Map1
[2017.03.21-15.12.20:948][960]LogLoad: LoadMap: /Game/Maps/Map1
[2017.03.21-15.12.21:016][960]Cmd: MEM
[2017.03.21-15.12.21:049][960]LogMemory: Platform Memory Stats for Windows
[2017.03.21-15.12.21:049][960]LogMemory: Process Physical Memory: 1059.57 MB used, 1237.91 MB peak
[2017.03.21-15.12.21:049][960]LogMemory: Process Virtual Memory: 1809.14 MB used, 2002.08 MB peak
[2017.03.21-15.12.21:049][960]LogMemory: Physical Memory: 5158.95 MB used,  2871.89 MB free, 8030.84 MB total
[2017.03.21-15.12.21:049][960]LogMemory: Virtual Memory: 2759.67 MB used,  2871.89 MB free, 134217728.00 MB total
[2017.03.21-15.12.21:049][960]LogMemory: 
[2017.03.21-15.12.21:049][960]Allocator Stats for TBB: (not implemented)
[2017.03.21-15.12.22:434][960]LogStats: FPlatformStackWalk::StackWalkAndDump -  0.010 s
[2017.03.21-15.12.22:434][960]LogOutputDevice:Error: === Handled ensure: ===
[2017.03.21-15.12.22:434][960]LogOutputDevice:Error: 
[2017.03.21-15.12.22:434][960]LogOutputDevice:Error: Ensure condition failed: IsObjectValidForDatabase(AssetObject) [File:D:\Build\++UE4+Release-4.14+Compile\Sync\Engine\Source\Editor\BlueprintGraph\Private\BlueprintActionDatabase.cpp] [Line: 1263]
[2017.03.21-15.12.22:434][960]LogOutputDevice:Error: 
[2017.03.21-15.12.22:434][960]LogOutputDevice:Error: Stack: 
[2017.03.21-15.12.22:434][960]LogOutputDevice:Error: UE4Editor-Core.dll
[2017.03.21-15.12.22:434][960]LogOutputDevice:Error: UE4Editor-Core.dll
[2017.03.21-15.12.22:434][960]LogOutputDevice:Error: UE4Editor-Core.dll
[2017.03.21-15.12.22:434][960]LogOutputDevice:Error: UE4Editor-BlueprintGraph.dll
[2017.03.21-15.12.22:435][960]LogOutputDevice:Error: UE4Editor-BlueprintGraph.dll
[2017.03.21-15.12.22:435][960]LogOutputDevice:Error: UE4Editor-CoreUObject.dll
[2017.03.21-15.12.22:435][960]LogOutputDevice:Error: UE4Editor-CoreUObject.dll
[2017.03.21-15.12.22:435][960]LogOutputDevice:Error: UE4Editor-CoreUObject.dll
[2017.03.21-15.12.22:435][960]LogOutputDevice:Error: UE4Editor-CoreUObject.dll
[2017.03.21-15.12.22:435][960]LogOutputDevice:Error: UE4Editor-Engine.dll
[2017.03.21-15.12.22:435][960]LogOutputDevice:Error: UE4Editor-Engine.dll
[2017.03.21-15.12.22:435][960]LogOutputDevice:Error: UE4Editor-Engine.dll
[2017.03.21-15.12.22:435][960]LogOutputDevice:Error: UE4Editor-UnrealEd.dll
[2017.03.21-15.12.22:435][960]LogOutputDevice:Error: UE4Editor-UnrealEd.dll
[2017.03.21-15.12.22:435][960]LogOutputDevice:Error: UE4Editor.exe
[2017.03.21-15.12.22:435][960]LogOutputDevice:Error: UE4Editor.exe
[2017.03.21-15.12.22:435][960]LogOutputDevice:Error: UE4Editor.exe
[2017.03.21-15.12.22:435][960]LogOutputDevice:Error: UE4Editor.exe
[2017.03.21-15.12.22:435][960]LogOutputDevice:Error: UE4Editor.exe
[2017.03.21-15.12.22:435][960]LogOutputDevice:Error: KERNEL32.DLL
[2017.03.21-15.12.22:435][960]LogOutputDevice:Error: ntdll.dll
[2017.03.21-15.12.22:435][960]LogOutputDevice:Error: 
[2017.03.21-15.12.22:445][960]LogStats:                SubmitErrorReport -  0.000 s
