Log file open, 04/21/17 11:28:33
LogInit:Display: Running engine for game: SuhDude
LogPlatformFile: Not using cached read wrapper
LogInit:Display: RandInit(586121527) SRandInit(586121527).
LogTaskGraph: Started task graph with 5 named threads and 6 total threads with 1 sets of task threads.
LogStats: Stats thread started at 4.744125
LogPluginManager: Loaded Plugin Paper2D, From C:/Program Files/Epic Games/UE_4.14/Engine/Plugins/2D/Paper2D/Paper2D.uplugin
LogPluginManager: Loaded Plugin LightPropagationVolume, From C:/Program Files/Epic Games/UE_4.14/Engine/Plugins/Blendables/LightPropagationVolume/LightPropagationVolume.uplugin
LogPluginManager: Loaded Plugin BlankPlugin, From C:/Program Files/Epic Games/UE_4.14/Engine/Plugins/Developer/BlankPlugin/BlankPlugin.uplugin
LogPluginManager: Loaded Plugin CodeLiteSourceCodeAccess, From C:/Program Files/Epic Games/UE_4.14/Engine/Plugins/Developer/CodeLiteSourceCodeAccess/CodeLiteSourceCodeAccess.uplugin
LogPluginManager: Loaded Plugin GitSourceControl, From C:/Program Files/Epic Games/UE_4.14/Engine/Plugins/Developer/GitSourceControl/GitSourceControl.uplugin
LogPluginManager: Loaded Plugin KDevelopSourceCodeAccess, From C:/Program Files/Epic Games/UE_4.14/Engine/Plugins/Developer/KDevelopSourceCodeAccess/KDevelopSourceCodeAccess.uplugin
LogPluginManager: Loaded Plugin NullSourceCodeAccess, From C:/Program Files/Epic Games/UE_4.14/Engine/Plugins/Developer/NullSourceCodeAccess/NullSourceCodeAccess.uplugin
LogPluginManager: Loaded Plugin OneSkyLocalizationService, From C:/Program Files/Epic Games/UE_4.14/Engine/Plugins/Developer/OneSkyLocalizationService/OneSkyLocalizationService.uplugin
LogPluginManager: Loaded Plugin PerforceSourceControl, From C:/Program Files/Epic Games/UE_4.14/Engine/Plugins/Developer/PerforceSourceControl/PerforceSourceControl.uplugin
LogPluginManager: Loaded Plugin SubversionSourceControl, From C:/Program Files/Epic Games/UE_4.14/Engine/Plugins/Developer/SubversionSourceControl/SubversionSourceControl.uplugin
LogPluginManager: Loaded Plugin UObjectPlugin, From C:/Program Files/Epic Games/UE_4.14/Engine/Plugins/Developer/UObjectPlugin/UObjectPlugin.uplugin
LogPluginManager: Loaded Plugin VisualStudioSourceCodeAccess, From C:/Program Files/Epic Games/UE_4.14/Engine/Plugins/Developer/VisualStudioSourceCodeAccess/VisualStudioSourceCodeAccess.uplugin
LogPluginManager: Loaded Plugin XCodeSourceCodeAccess, From C:/Program Files/Epic Games/UE_4.14/Engine/Plugins/Developer/XCodeSourceCodeAccess/XCodeSourceCodeAccess.uplugin
LogPluginManager: Loaded Plugin AudioCapture, From C:/Program Files/Epic Games/UE_4.14/Engine/Plugins/Editor/AudioCapture/AudioCapture.uplugin
LogPluginManager: Loaded Plugin EpicSurvey, From C:/Program Files/Epic Games/UE_4.14/Engine/Plugins/Editor/EpicSurvey/EpicSurvey.uplugin
LogPluginManager: Loaded Plugin MacGraphicsSwitching, From C:/Program Files/Epic Games/UE_4.14/Engine/Plugins/Editor/MacGraphicsSwitching/MacGraphicsSwitching.uplugin
LogPluginManager: Loaded Plugin MobileLauncherProfileWizard, From C:/Program Files/Epic Games/UE_4.14/Engine/Plugins/Editor/MobileLauncherProfileWizard/MobileLauncherProfileWizard.uplugin
LogPluginManager: Loaded Plugin PluginBrowser, From C:/Program Files/Epic Games/UE_4.14/Engine/Plugins/Editor/PluginBrowser/PluginBrowser.uplugin
LogPluginManager: Loaded Plugin SpeedTreeImporter, From C:/Program Files/Epic Games/UE_4.14/Engine/Plugins/Editor/SpeedTreeImporter/SpeedTreeImporter.uplugin
LogPluginManager: Loaded Plugin SuperSearchEditor, From C:/Program Files/Epic Games/UE_4.14/Engine/Plugins/Editor/SuperSearchEditor/SuperSearchEditor.uplugin
LogPluginManager: Loaded Plugin AlembicImporter, From C:/Program Files/Epic Games/UE_4.14/Engine/Plugins/Experimental/AlembicImporter/AlembicImporter.uplugin
LogPluginManager: Loaded Plugin BlueprintStats, From C:/Program Files/Epic Games/UE_4.14/Engine/Plugins/Experimental/BlueprintStats/BlueprintStats.uplugin
LogPluginManager: Loaded Plugin CharacterAI, From C:/Program Files/Epic Games/UE_4.14/Engine/Plugins/Experimental/CharacterAI/CharacterAI.uplugin
LogPluginManager: Loaded Plugin CodeEditor, From C:/Program Files/Epic Games/UE_4.14/Engine/Plugins/Experimental/CodeEditor/CodeEditor.uplugin
LogPluginManager: Loaded Plugin CodeView, From C:/Program Files/Epic Games/UE_4.14/Engine/Plugins/Experimental/CodeView/CodeView.uplugin
LogPluginManager: Loaded Plugin HTML5Networking, From C:/Program Files/Epic Games/UE_4.14/Engine/Plugins/Experimental/HTML5Networking/HTML5Networking.uplugin
LogPluginManager: Loaded Plugin OSVR, From C:/Program Files/Epic Games/UE_4.14/Engine/Plugins/Experimental/OSVR/OSVR.uplugin
LogPluginManager: Loaded Plugin Phya, From C:/Program Files/Epic Games/UE_4.14/Engine/Plugins/Experimental/Phya/Phya.uplugin
LogPluginManager: Loaded Plugin SignificanceManager, From C:/Program Files/Epic Games/UE_4.14/Engine/Plugins/Experimental/SignificanceManager/SignificanceManager.uplugin
LogPluginManager: Loaded Plugin SimpleHMD, From C:/Program Files/Epic Games/UE_4.14/Engine/Plugins/Experimental/SimpleHMD/SimpleHMD.uplugin
LogPluginManager: Loaded Plugin StereoPanorama, From C:/Program Files/Epic Games/UE_4.14/Engine/Plugins/Experimental/StereoPanorama/StereoPanorama.uplugin
LogPluginManager: Loaded Plugin StructBox, From C:/Program Files/Epic Games/UE_4.14/Engine/Plugins/Experimental/StructBox/StructBox.uplugin
LogPluginManager: Loaded Plugin AndroidMedia, From C:/Program Files/Epic Games/UE_4.14/Engine/Plugins/Media/AndroidMedia/AndroidMedia.uplugin
LogPluginManager: Loaded Plugin AvfMedia, From C:/Program Files/Epic Games/UE_4.14/Engine/Plugins/Media/AvfMedia/AvfMedia.uplugin
LogPluginManager: Loaded Plugin MediaPlayerEditor, From C:/Program Files/Epic Games/UE_4.14/Engine/Plugins/Media/MediaPlayerEditor/MediaPlayerEditor.uplugin
LogPluginManager: Loaded Plugin WmfMedia, From C:/Program Files/Epic Games/UE_4.14/Engine/Plugins/Media/WmfMedia/WmfMedia.uplugin
LogPluginManager: Loaded Plugin MessagingDebugger, From C:/Program Files/Epic Games/UE_4.14/Engine/Plugins/Messaging/MessagingDebugger/MessagingDebugger.uplugin
LogPluginManager: Loaded Plugin TcpMessaging, From C:/Program Files/Epic Games/UE_4.14/Engine/Plugins/Messaging/TcpMessaging/TcpMessaging.uplugin
LogPluginManager: Loaded Plugin UdpMessaging, From C:/Program Files/Epic Games/UE_4.14/Engine/Plugins/Messaging/UdpMessaging/UdpMessaging.uplugin
LogPluginManager: Loaded Plugin LevelSequenceEditor, From C:/Program Files/Epic Games/UE_4.14/Engine/Plugins/MovieScene/LevelSequenceEditor/LevelSequenceEditor.uplugin
LogPluginManager: Loaded Plugin MatineeToLevelSequence, From C:/Program Files/Epic Games/UE_4.14/Engine/Plugins/MovieScene/MatineeToLevelSequence/MatineeToLevelSequence.uplugin
LogPluginManager: Loaded Plugin NetcodeUnitTest, From C:/Program Files/Epic Games/UE_4.14/Engine/Plugins/NetcodeUnitTest/NetcodeUnitTest/NetcodeUnitTest.uplugin
LogPluginManager: Loaded Plugin NUTUnrealEngine4, From C:/Program Files/Epic Games/UE_4.14/Engine/Plugins/NetcodeUnitTest/NUTUnrealEngine4/NUTUnrealEngine4.uplugin
LogPluginManager: Loaded Plugin OnlineSubsystemGameCircle, From C:/Program Files/Epic Games/UE_4.14/Engine/Plugins/Online/Android/OnlineSubsystemGameCircle/OnlineSubsystemGameCircle.uplugin
LogPluginManager: Loaded Plugin OnlineSubsystemGooglePlay, From C:/Program Files/Epic Games/UE_4.14/Engine/Plugins/Online/Android/OnlineSubsystemGooglePlay/OnlineSubsystemGooglePlay.uplugin
LogPluginManager: Loaded Plugin OnlineSubsystemIOS, From C:/Program Files/Epic Games/UE_4.14/Engine/Plugins/Online/IOS/OnlineSubsystemIOS/OnlineSubsystemIOS.uplugin
LogPluginManager: Loaded Plugin OnlineFramework, From C:/Program Files/Epic Games/UE_4.14/Engine/Plugins/Online/OnlineFramework/OnlineFramework.uplugin
LogPluginManager: Loaded Plugin OnlineSubsystem, From C:/Program Files/Epic Games/UE_4.14/Engine/Plugins/Online/OnlineSubsystem/OnlineSubsystem.uplugin
LogPluginManager: Loaded Plugin OnlineSubsystemAmazon, From C:/Program Files/Epic Games/UE_4.14/Engine/Plugins/Online/OnlineSubsystemAmazon/OnlineSubsystemAmazon.uplugin
LogPluginManager: Loaded Plugin OnlineSubsystemFacebook, From C:/Program Files/Epic Games/UE_4.14/Engine/Plugins/Online/OnlineSubsystemFacebook/OnlineSubsystemFacebook.uplugin
LogPluginManager: Loaded Plugin OnlineSubsystemNull, From C:/Program Files/Epic Games/UE_4.14/Engine/Plugins/Online/OnlineSubsystemNull/OnlineSubsystemNull.uplugin
LogPluginManager: Loaded Plugin OnlineSubsystemOculus, From C:/Program Files/Epic Games/UE_4.14/Engine/Plugins/Online/OnlineSubsystemOculus/OnlineSubsystemOculus.uplugin
LogPluginManager: Loaded Plugin OnlineSubsystemSteam, From C:/Program Files/Epic Games/UE_4.14/Engine/Plugins/Online/OnlineSubsystemSteam/OnlineSubsystemSteam.uplugin
LogPluginManager: Loaded Plugin OnlineSubsystemUtils, From C:/Program Files/Epic Games/UE_4.14/Engine/Plugins/Online/OnlineSubsystemUtils/OnlineSubsystemUtils.uplugin
LogPluginManager: Loaded Plugin IOSTapJoy, From C:/Program Files/Epic Games/UE_4.14/Engine/Plugins/Runtime/Advertising/IOSTapJoy/IOSTapJoy.uplugin
LogPluginManager: Loaded Plugin AnalyticsBlueprintLibrary, From C:/Program Files/Epic Games/UE_4.14/Engine/Plugins/Runtime/Analytics/AnalyticsBlueprintLibrary/AnalyticsBlueprintLibrary.uplugin
LogPluginManager: Loaded Plugin AnalyticsMulticast, From C:/Program Files/Epic Games/UE_4.14/Engine/Plugins/Runtime/Analytics/AnalyticsMulticast/AnalyticsMulticast.uplugin
LogPluginManager: Loaded Plugin Apsalar, From C:/Program Files/Epic Games/UE_4.14/Engine/Plugins/Runtime/Analytics/Apsalar/Apsalar.uplugin
LogPluginManager: Loaded Plugin FileLogging, From C:/Program Files/Epic Games/UE_4.14/Engine/Plugins/Runtime/Analytics/FileLogging/FileLogging.uplugin
LogPluginManager: Loaded Plugin Flurry, From C:/Program Files/Epic Games/UE_4.14/Engine/Plugins/Runtime/Analytics/Flurry/Flurry.uplugin
LogPluginManager: Loaded Plugin AndroidDeviceProfileSelector, From C:/Program Files/Epic Games/UE_4.14/Engine/Plugins/Runtime/AndroidDeviceProfileSelector/AndroidDeviceProfileSelector.uplugin
LogPluginManager: Loaded Plugin AndroidMoviePlayer, From C:/Program Files/Epic Games/UE_4.14/Engine/Plugins/Runtime/AndroidMoviePlayer/AndroidMoviePlayer.uplugin
LogPluginManager: Loaded Plugin AppleMoviePlayer, From C:/Program Files/Epic Games/UE_4.14/Engine/Plugins/Runtime/AppleMoviePlayer/AppleMoviePlayer.uplugin
LogPluginManager: Loaded Plugin ArchVisCharacter, From C:/Program Files/Epic Games/UE_4.14/Engine/Plugins/Runtime/ArchVisCharacter/ArchVisCharacter.uplugin
LogPluginManager: Loaded Plugin CableComponent, From C:/Program Files/Epic Games/UE_4.14/Engine/Plugins/Runtime/CableComponent/CableComponent.uplugin
LogPluginManager: Loaded Plugin CustomMeshComponent, From C:/Program Files/Epic Games/UE_4.14/Engine/Plugins/Runtime/CustomMeshComponent/CustomMeshComponent.uplugin
LogPluginManager: Loaded Plugin ExampleDeviceProfileSelector, From C:/Program Files/Epic Games/UE_4.14/Engine/Plugins/Runtime/ExampleDeviceProfileSelector/ExampleDeviceProfileSelector.uplugin
LogPluginManager: Loaded Plugin GearVR, From C:/Program Files/Epic Games/UE_4.14/Engine/Plugins/Runtime/GearVR/GearVR.uplugin
LogPluginManager: Loaded Plugin GoogleVRController, From C:/Program Files/Epic Games/UE_4.14/Engine/Plugins/Runtime/GoogleVR/GoogleVRController/GoogleVRController.uplugin
LogPluginManager: Loaded Plugin GoogleVRHMD, From C:/Program Files/Epic Games/UE_4.14/Engine/Plugins/Runtime/GoogleVR/GoogleVRHMD/GoogleVRHMD.uplugin
LogPluginManager: Loaded Plugin IOSDeviceProfileSelector, From C:/Program Files/Epic Games/UE_4.14/Engine/Plugins/Runtime/IOSDeviceProfileSelector/IOSDeviceProfileSelector.uplugin
LogPluginManager: Loaded Plugin LeapMotion, From C:/Program Files/Epic Games/UE_4.14/Engine/Plugins/Runtime/LeapMotion/LeapMotion.uplugin
LogPluginManager: Loaded Plugin LinuxDeviceProfileSelector, From C:/Program Files/Epic Games/UE_4.14/Engine/Plugins/Runtime/LinuxDeviceProfileSelector/LinuxDeviceProfileSelector.uplugin
LogPluginManager: Loaded Plugin MIDIDevice, From C:/Program Files/Epic Games/UE_4.14/Engine/Plugins/Runtime/MIDIDevice/MIDIDevice.uplugin
LogPluginManager: Loaded Plugin MobilePatchingUtils, From C:/Program Files/Epic Games/UE_4.14/Engine/Plugins/Runtime/MobilePatchingUtils/MobilePatchingUtils.uplugin
LogPluginManager: Loaded Plugin Ansel, From C:/Program Files/Epic Games/UE_4.14/Engine/Plugins/Runtime/Nvidia/Ansel/Ansel.uplugin
LogPluginManager: Loaded Plugin OculusAudio, From C:/Program Files/Epic Games/UE_4.14/Engine/Plugins/Runtime/OculusAudio/OculusAudio.uplugin
LogPluginManager: Loaded Plugin OculusInput, From C:/Program Files/Epic Games/UE_4.14/Engine/Plugins/Runtime/OculusInput/OculusInput.uplugin
LogPluginManager: Loaded Plugin OculusLibrary, From C:/Program Files/Epic Games/UE_4.14/Engine/Plugins/Runtime/OculusLibrary/OculusLibrary.uplugin
LogPluginManager: Loaded Plugin OculusRift, From C:/Program Files/Epic Games/UE_4.14/Engine/Plugins/Runtime/OculusRift/OculusRift.uplugin
LogPluginManager: Loaded Plugin Oodle, From C:/Program Files/Epic Games/UE_4.14/Engine/Plugins/Runtime/PacketHandlers/CompressionComponents/Oodle/Oodle.uplugin
LogPluginManager: Loaded Plugin ProceduralMeshComponent, From C:/Program Files/Epic Games/UE_4.14/Engine/Plugins/Runtime/ProceduralMeshComponent/ProceduralMeshComponent.uplugin
LogPluginManager: Loaded Plugin SoundMod, From C:/Program Files/Epic Games/UE_4.14/Engine/Plugins/Runtime/SoundMod/SoundMod.uplugin
LogPluginManager: Loaded Plugin SoundVisualizations, From C:/Program Files/Epic Games/UE_4.14/Engine/Plugins/Runtime/SoundVisualizations/SoundVisualizations.uplugin
LogPluginManager: Loaded Plugin SteamController, From C:/Program Files/Epic Games/UE_4.14/Engine/Plugins/Runtime/Steam/SteamController/SteamController.uplugin
LogPluginManager: Loaded Plugin SteamVR, From C:/Program Files/Epic Games/UE_4.14/Engine/Plugins/Runtime/Steam/SteamVR/SteamVR.uplugin
LogPluginManager: Loaded Plugin WebBrowserWidget, From C:/Program Files/Epic Games/UE_4.14/Engine/Plugins/Runtime/WebBrowserWidget/WebBrowserWidget.uplugin
LogPluginManager: Loaded Plugin WindowsDeviceProfileSelector, From C:/Program Files/Epic Games/UE_4.14/Engine/Plugins/Runtime/WindowsDeviceProfileSelector/WindowsDeviceProfileSelector.uplugin
LogPluginManager: Loaded Plugin WindowsMoviePlayer, From C:/Program Files/Epic Games/UE_4.14/Engine/Plugins/Runtime/WindowsMoviePlayer/WindowsMoviePlayer.uplugin
LogPluginManager: Loaded Plugin ScriptPlugin, From C:/Program Files/Epic Games/UE_4.14/Engine/Plugins/ScriptPlugin/ScriptPlugin.uplugin
LogPluginManager: Loaded Plugin SlateRemote, From C:/Program Files/Epic Games/UE_4.14/Engine/Plugins/Slate/SlateRemote/SlateRemote.uplugin
LogPluginManager: Loaded Plugin EditorTests, From C:/Program Files/Epic Games/UE_4.14/Engine/Plugins/Tests/EditorTests/EditorTests.uplugin
LogPluginManager: Loaded Plugin FbxAutomationTestBuilder, From C:/Program Files/Epic Games/UE_4.14/Engine/Plugins/Tests/FbxAutomationTestBuilder/FbxAutomationTestBuilder.uplugin
LogPluginManager: Loaded Plugin FunctionalTestingEditor, From C:/Program Files/Epic Games/UE_4.14/Engine/Plugins/Tests/FunctionalTestingEditor/FunctionalTestingEditor.uplugin
LogPluginManager: Loaded Plugin RuntimeTests, From C:/Program Files/Epic Games/UE_4.14/Engine/Plugins/Tests/RuntimeTests/RuntimeTests.uplugin
LogPluginManager: Loaded Plugin ScreenshotTools, From C:/Program Files/Epic Games/UE_4.14/Engine/Plugins/Tests/ScreenshotTools/ScreenshotTools.uplugin
LogInit:Warning: Incompatible or missing module: UE4Editor-SuhDude.dll
Running C:/Program Files/Epic Games/UE_4.14/Engine/Binaries/DotNET/UnrealBuildTool.exe SuhDude Development Win64 -project="C:/Users/Tristan/Documents/comp140-gam160-game/SuhDude-Game/SuhDude.uproject" -editorrecompile -progress -noubtmakefiles -NoHotReloadFromIDE
@progress push 5%
Parsing headers for SuhDudeEditor
  Running UnrealHeaderTool "C:\Users\Tristan\Documents\comp140-gam160-game\SuhDude-Game\SuhDude.uproject" "C:\Users\Tristan\Documents\comp140-gam160-game\SuhDude-Game\Intermediate\Build\Win64\SuhDudeEditor\Development\SuhDudeEditor.uhtmanifest" -LogCmds="loginit warning, logexit warning, logdatabase error" -Unattended -WarningsAsErrors -installed
Reflection code generated for SuhDudeEditor in 5.7535556 seconds
@progress pop
Performing 9 actions (2 in parallel)
PCH.SuhDude.h.cpp
Server.cpp
SuhDude.generated.cpp
Arduino.cpp
CppSpawner.cpp
MovingObjects.cpp
MyCharacter.cpp
SuhDude.cpp
[9/9] Link UE4Editor-SuhDude.dll
   Creating library C:\Users\Tristan\Documents\comp140-gam160-game\SuhDude-Game\Intermediate\Build\Win64\UE4Editor\Development\UE4Editor-SuhDude.lib and object C:\Users\Tristan\Documents\comp140-gam160-game\SuhDude-Game\Intermediate\Build\Win64\UE4Editor\Development\UE4Editor-SuhDude.exp
Total build time: 116.85 seconds
LogInit: Using libcurl 7.47.1
LogInit:  - built for x86_64-pc-win32
LogInit:  - supports SSL with OpenSSL/1.0.2g
LogInit:  - supports HTTP deflate (compression) using libz 1.2.8
LogInit:  - other features:
LogInit:      CURL_VERSION_SSL
LogInit:      CURL_VERSION_LIBZ
LogInit:      CURL_VERSION_IPV6
LogInit:      CURL_VERSION_ASYNCHDNS
LogInit:      CURL_VERSION_LARGEFILE
LogInit:      CURL_VERSION_IDN
LogInit:  CurlRequestOptions (configurable via config and command line):
LogInit:  - bVerifyPeer = false  - Libcurl will NOT verify peer certificate
LogInit:  - bUseHttpProxy = false  - Libcurl will NOT use HTTP proxy
LogInit:  - bDontReuseConnections = false  - Libcurl will reuse connections
LogInit:  - CertBundlePath = nullptr  - Libcurl will use whatever was configured at build time.
LogInit: Build: ++UE4+Release-4.14-CL-3249277
LogInit: Engine Version: 4.14.3-3249277+++UE4+Release-4.14
LogInit: Compatible Engine Version: 4.14.0-3195953+++UE4+Release-4.14
LogInit: Net CL: 3195953
LogDevObjectVersion: Number of dev versions registered: 13
LogDevObjectVersion:   Dev-Blueprints (B0D832E4-1F89-4F0D-ACCF-7EB736FD4AA2): 7
LogDevObjectVersion:   Dev-Build (E1C64328-A22C-4D53-A36C-8E866417BD8C): 0
LogDevObjectVersion:   Dev-Core (375EC13C-06E4-48FB-B500-84F0262A717E): 1
LogDevObjectVersion:   Dev-Editor (E4B068ED-F494-42E9-A231-DA0B2E46BB41): 8
LogDevObjectVersion:   Dev-Framework (CFFC743F-43B0-4480-9391-14DF171D2073): 17
LogDevObjectVersion:   Dev-Mobile (B02B49B5-BB20-44E9-A304-32B752E40360): 0
LogDevObjectVersion:   Dev-Networking (A4E4105C-59A1-49B5-A7C5-40C4547EDFEE): 0
LogDevObjectVersion:   Dev-Online (39C831C9-5AE6-47DC-9A44-9C173E1C8E7C): 0
LogDevObjectVersion:   Dev-Physics (78F01B33-EBEA-4F98-B9B4-84EACCB95AA2): 0
LogDevObjectVersion:   Dev-Platform (6631380F-2D4D-43E0-8009-CF276956A95A): 0
LogDevObjectVersion:   Dev-Rendering (12F88B9F-8875-4AFC-A67C-D90C383ABD29): 12
LogDevObjectVersion:   Dev-Sequencer (7B5AE74C-D270-4C10-A958-57980B212A5A): 1
LogDevObjectVersion:   Dev-VR (D7296918-1DD6-4BDD-9DE2-64A83CC13884): 0
LogInit: Compiled (64-bit): Jan  6 2017 10:49:43
LogInit: Compiled with Visual C++: 19.00.23026.00
LogInit: Build Configuration: Development
LogInit: Branch Name: ++UE4+Release-4.14
LogInit: Command line:  
LogInit: Base directory: C:/Program Files/Epic Games/UE_4.14/Engine/Binaries/Win64/
LogInit: Installed Engine Build: 1
LogInit: Presizing for max 8388607 objects, including 0 objects not considered by GC, pre-allocating 0 bytes for permanent pool.
LogInit: Object subsystem initialized
[2017.04.21-10.30.42:133][  0]LogInit: Selected Device Profile: [Windows]
[2017.04.21-10.30.42:133][  0]LogInit: Applying CVar settings loaded from the selected device profile: [Windows]
[2017.04.21-10.30.42:323][  0]LogInit: Computer: LAPTOP-HOJJGP5S
[2017.04.21-10.30.42:323][  0]LogInit: User: Tristan
[2017.04.21-10.30.42:323][  0]LogInit: CPU Page size=65536, Cores=2
[2017.04.21-10.30.42:323][  0]LogInit: High frequency timer resolution =2.343750 MHz
[2017.04.21-10.30.42:347][  0]LogMemory: Memory total: Physical=7.8GB (8GB approx)
[2017.04.21-10.30.42:358][  0]LogMemory: Platform Memory Stats for Windows
[2017.04.21-10.30.42:358][  0]LogMemory: Process Physical Memory: 266.48 MB used, 266.48 MB peak
[2017.04.21-10.30.42:358][  0]LogMemory: Process Virtual Memory: 262.70 MB used, 262.70 MB peak
[2017.04.21-10.30.42:358][  0]LogMemory: Physical Memory: 4939.97 MB used,  3090.87 MB free, 8030.84 MB total
[2017.04.21-10.30.42:358][  0]LogMemory: Virtual Memory: 694.83 MB used,  3090.87 MB free, 134217728.00 MB total
[2017.04.21-10.30.44:441][  0]LogTextLocalizationManager: No specific translations for ('en-GB') exist, so ('en') translations will be used.
[2017.04.21-10.30.53:946][  0]LogD3D11RHI: D3D11 adapters:
[2017.04.21-10.30.55:868][  0]LogD3D11RHI:    0. 'NVIDIA GeForce 940M' (Feature Level 11_0)
[2017.04.21-10.30.55:868][  0]LogD3D11RHI:       2020/0/4015 MB DedicatedVideo/DedicatedSystem/SharedSystem, Outputs:1, VendorId:0x10de
[2017.04.21-10.30.55:960][  0]LogD3D11RHI:    1. 'Intel(R) HD Graphics 520' (Feature Level 11_0)
[2017.04.21-10.30.55:960][  0]LogD3D11RHI:       128/0/4015 MB DedicatedVideo/DedicatedSystem/SharedSystem, Outputs:0, VendorId:0x8086
[2017.04.21-10.30.56:005][  0]LogD3D11RHI:    2. 'Microsoft Basic Render Driver' (Feature Level 11_0)
[2017.04.21-10.30.56:005][  0]LogD3D11RHI:       0/0/4015 MB DedicatedVideo/DedicatedSystem/SharedSystem, Outputs:0, VendorId:0x1414
[2017.04.21-10.30.56:005][  0]LogD3D11RHI: Chosen D3D11 Adapter: 0
[2017.04.21-10.30.56:045][  0]LogD3D11RHI: Creating new Direct3DDevice
[2017.04.21-10.30.56:045][  0]LogD3D11RHI:     GPU DeviceId: 0x1347 (for the marketing name, search the web for "GPU Device Id")
[2017.04.21-10.30.56:045][  0]LogWindows: EnumDisplayDevices:
[2017.04.21-10.30.56:045][  0]LogWindows:    0. 'Intel(R) HD Graphics 520' (P:1 D:1)
[2017.04.21-10.30.56:045][  0]LogWindows:    1. 'Intel(R) HD Graphics 520' (P:0 D:0)
[2017.04.21-10.30.56:045][  0]LogWindows:    2. 'Intel(R) HD Graphics 520' (P:0 D:0)
[2017.04.21-10.30.56:046][  0]LogWindows: DebugString: PrimaryIsNotTheChoosenAdapter PrimaryIsNotTheChoosenAdapter PrimaryIsNotTheChoosenAdapter FoundDriverCount:0 
[2017.04.21-10.30.56:046][  0]LogD3D11RHI:     Adapter Name: NVIDIA GeForce 940M
[2017.04.21-10.30.56:046][  0]LogD3D11RHI:   Driver Version: Unknown (internal:Unknown, unified:Unknown)
[2017.04.21-10.30.56:046][  0]LogD3D11RHI:      Driver Date: Unknown
[2017.04.21-10.30.56:046][  0]LogRHI: Texture pool is 1361 MB (70% of 1945 MB)
[2017.04.21-10.30.56:064][  0]LogD3D11RHI: Async texture creation enabled
[2017.04.21-10.30.56:661][  0]LogD3D11RHI: GPU Timing Frequency: 1000.000000 (Debug: 2 3)
[2017.04.21-10.30.56:810][  0]LogShaderCompilers: Guid format shader working directory is -27 characters bigger than the processId version (../../../../../../Users/Tristan/Documents/comp140-gam160-game/SuhDude-Game/Intermediate/Shaders/WorkingDirectory/14212/).
[2017.04.21-10.30.56:810][  0]LogShaderCompilers: Cleaned the shader compiler working directory 'C:/Users/Tristan/AppData/Local/Temp/UnrealShaderWorkingDir/4DE44BD34EE0CE7075022D9E915D863C/'.
[2017.04.21-10.30.56:821][  0]LogShaderCompilers:Display: Using Local Shader Compiler.
[2017.04.21-10.31.04:079][  0]LogTemp:Display: Loaded TP AllDesktopTargetPlatform
[2017.04.21-10.31.04:144][  0]LogTemp:Display: Loaded TP MacClientTargetPlatform
[2017.04.21-10.31.04:208][  0]LogTemp:Display: Loaded TP MacNoEditorTargetPlatform
[2017.04.21-10.31.04:273][  0]LogTemp:Display: Loaded TP MacServerTargetPlatform
[2017.04.21-10.31.04:385][  0]LogTemp:Display: Loaded TP MacTargetPlatform
[2017.04.21-10.31.04:451][  0]LogTemp:Display: Loaded TP WindowsClientTargetPlatform
[2017.04.21-10.31.04:516][  0]LogTemp:Display: Loaded TP WindowsNoEditorTargetPlatform
[2017.04.21-10.31.04:592][  0]LogTemp:Display: Loaded TP WindowsServerTargetPlatform
[2017.04.21-10.31.04:645][  0]LogTemp:Display: Loaded TP WindowsTargetPlatform
[2017.04.21-10.31.04:755][  0]LogTemp:Display: Loaded TP AndroidTargetPlatform
[2017.04.21-10.31.04:833][  0]LogTemp:Display: Loaded TP Android_ASTCTargetPlatform
[2017.04.21-10.31.04:904][  0]LogTemp:Display: Loaded TP Android_ATCTargetPlatform
[2017.04.21-10.31.04:990][  0]LogTemp:Display: Loaded TP Android_DXTTargetPlatform
[2017.04.21-10.31.05:072][  0]LogTemp:Display: Loaded TP Android_ETC1TargetPlatform
[2017.04.21-10.31.05:159][  0]LogTemp:Display: Loaded TP Android_ETC2TargetPlatform
[2017.04.21-10.31.05:391][  0]LogTemp:Display: Loaded TP Android_MultiTargetPlatform
[2017.04.21-10.31.05:391][  0]LogTemp:Display: Loaded TP Android_PVRTCTargetPlatform
[2017.04.21-10.31.05:437][  0]LogTemp:Display: Loaded TP HTML5TargetPlatform
[2017.04.21-10.31.05:678][  0]LogTemp:Display: Loaded TP IOSTargetPlatform
[2017.04.21-10.31.05:719][  0]LogTemp:Display: Loaded TP TVOSTargetPlatform
[2017.04.21-10.31.05:782][  0]LogTemp:Display: Loaded TP LinuxClientTargetPlatform
[2017.04.21-10.31.05:845][  0]LogTemp:Display: Loaded TP LinuxNoEditorTargetPlatform
[2017.04.21-10.31.05:909][  0]LogTemp:Display: Loaded TP LinuxServerTargetPlatform
[2017.04.21-10.31.06:003][  0]LogTemp:Display: Loaded TP LinuxTargetPlatform
[2017.04.21-10.31.06:003][  0]LogTargetPlatformManager:Display: Building Assets For Windows
[2017.04.21-10.31.08:001][  0]LogDerivedDataCache:Display: Max Cache Size: 512 MB
[2017.04.21-10.31.08:579][  0]LogDerivedDataCache: Loaded boot cache 0.56s 50MB C:/Users/Tristan/AppData/Local/UnrealEngine/4.14/DerivedDataCache/Boot.ddc.
[2017.04.21-10.31.08:579][  0]LogDerivedDataCache:Display: Loaded Boot cache: C:/Users/Tristan/AppData/Local/UnrealEngine/4.14/DerivedDataCache/Boot.ddc
[2017.04.21-10.31.08:579][  0]LogDerivedDataCache: FDerivedDataBackendGraph:  Pak pak cache file ../../../../../../Users/Tristan/Documents/comp140-gam160-game/SuhDude-Game/DerivedDataCache/DDC.ddp not found, will not use a pak cache.
[2017.04.21-10.31.08:579][  0]LogDerivedDataCache: Unable to find inner node Pak for hierarchical cache Hierarchy.
[2017.04.21-10.31.08:579][  0]LogDerivedDataCache: FDerivedDataBackendGraph:  CompressedPak pak cache file ../../../../../../Users/Tristan/Documents/comp140-gam160-game/SuhDude-Game/DerivedDataCache/Compressed.ddp not found, will not use a pak cache.
[2017.04.21-10.31.08:579][  0]LogDerivedDataCache: Unable to find inner node CompressedPak for hierarchical cache Hierarchy.
[2017.04.21-10.31.08:700][  0]LogDerivedDataCache:Display: Pak cache opened for reading ../../../Engine/DerivedDataCache/Compressed.ddp.
[2017.04.21-10.31.08:723][  0]LogDerivedDataCache: Using Local data cache path C:/Users/Tristan/AppData/Local/UnrealEngine/Common/DerivedDataCache: Writable
[2017.04.21-10.31.22:245][  0]LogInit: Selected Device Profile: [Windows]
[2017.04.21-10.31.22:588][  0]LogContentStreaming: Texture pool size is 0.00 MB
[2017.04.21-10.31.24:304][  0]LogMeshUtilities: Using QuadricMeshReduction for automatic static mesh reduction
[2017.04.21-10.31.24:499][  0]LogSimplygon: Simplygon DLL not present - disabling.
[2017.04.21-10.31.24:592][  0]LogMeshUtilities: Using SimplygonSwarm for distributed automatic mesh merging
[2017.04.21-10.31.24:592][  0]LogMeshUtilities: No automatic skeletal mesh reduction module available
[2017.04.21-10.31.24:592][  0]LogMeshUtilities: No automatic mesh merging module available
[2017.04.21-10.31.35:222][  0]LogNetVersion: GetLocalNetworkVersion: CL: 3195953, ProjectName: suhdude, ProjectVersion: , EngineNetworkVersion: 2, GameNetworkVersion: 0, NetworkChecksum: 1980303672
[2017.04.21-10.31.35:461][  0]LogAssetRegistry: FAssetRegistry took 0.0292 seconds to start up
[2017.04.21-10.31.35:789][  0]LogPackageLocalizationCache: Processed 3 localized package path(s) for 2 prioritized culture(s) in 0.232422 seconds
[2017.04.21-10.31.35:814][  0]LogUObjectArray: 31946 objects as part of root set at end of initial load.
[2017.04.21-10.31.35:814][  0]LogUObjectAllocator: 6935848 out of 0 bytes used by permanent object pool.
[2017.04.21-10.31.35:814][  0]LogUObjectArray: CloseDisregardForGC: 0/0 objects in disregard for GC pool
[2017.04.21-10.31.35:907][  0]LogInit: WinSock: version 1.1 (2.2), MaxSocks=32767, MaxUdp=65467
[2017.04.21-10.31.41:676][  0]LogSlate: Using Freetype 2.6.0
[2017.04.21-10.31.41:952][  0]LogSlate: SlateFontCache - WITH_FREETYPE: 1, WITH_HARFBUZZ: 1
[2017.04.21-10.31.41:952][  0]LogSlate: SlateFontCache - WITH_FREETYPE: 1, WITH_HARFBUZZ: 1
[2017.04.21-10.32.19:714][  0]LogTcpMessaging: Initializing TcpMessaging bridge
[2017.04.21-10.32.19:875][  0]LogUdpMessaging: Initializing bridge on interface 0.0.0.0:0 to multicast group 230.0.0.1:6666.
[2017.04.21-10.32.22:061][  0]LogTemp:Warning: Connection Success
[2017.04.21-10.32.25:394][  0]LogMaterial: Uniform references updated for custom material expression Custom.
[2017.04.21-10.32.27:532][  0]SourceControl: Info Source control is disabled
[2017.04.21-10.32.28:343][  0]SourceControl: Info Source control is disabled
[2017.04.21-10.32.28:861][  0]SourceControl: Info Source control is disabled
[2017.04.21-10.32.29:238][  0]SourceControl: Info Source control is disabled
[2017.04.21-10.32.34:144][  0]LogEngine: Initializing Engine...
[2017.04.21-10.32.34:182][  0]LogHMD: Failed to initialize OpenVR with code 110
[2017.04.21-10.32.35:848][  0]LogAIModule: Creating AISystem for world Untitled
[2017.04.21-10.32.36:455][  0]LogInit: XAudio2 using 'Speaker/HP (Realtek High Definition Audio)' : 2 channels at 48 kHz using 32 bits per sample (channel mask 0x3)
[2017.04.21-10.32.37:218][  0]LogInit: FAudioDevice initialized.
[2017.04.21-10.32.37:270][  0]LogDerivedDataCache: Saved boot cache 0.04s 50MB C:/Users/Tristan/AppData/Local/UnrealEngine/4.14/DerivedDataCache/Boot.ddc.
[2017.04.21-10.32.37:283][  0]LogInit: Texture streaming: Enabled
[2017.04.21-10.32.38:306][  0]LogInit: Transaction tracking system initialized
[2017.04.21-10.32.39:546][  0]BlueprintLog: New page: Editor Load
[2017.04.21-10.32.43:142][  0]LocalizationService: Info Localization service is disabled
[2017.04.21-10.32.45:390][  0]LogConsoleResponse:Display: 
[2017.04.21-10.32.47:489][  0]LogFileCache: Scanning file cache for directory 'C:/Users/Tristan/Documents/comp140-gam160-game/SuhDude-Game/Content/' took 0.01s
[2017.04.21-10.32.47:489][  0]LogCook:Display: Max memory allowance for cook 16384mb min free memory 0mb
[2017.04.21-10.32.47:507][  0]LogCook:Display: Mobile HDR setting 1
[2017.04.21-10.32.50:880][  0]SourceControl: Info Source control is disabled
[2017.04.21-10.32.50:947][  0]Cmd: MAP LOAD FILE="../../../../../../Users/Tristan/Documents/comp140-gam160-game/SuhDude-Game/Content/Maps/MenuLevel.umap" TEMPLATE=0 SHOWPROGRESS=1 FEATURELEVEL=3
[2017.04.21-10.32.51:008][  0]LightingResults: New page: Lighting Build
[2017.04.21-10.32.51:437][  0]MapCheck: New page: Map Check
[2017.04.21-10.32.51:437][  0]LightingResults: New page: Lighting Build
[2017.04.21-10.32.57:416][  0]LogAIModule: Creating AISystem for world MenuLevel
[2017.04.21-10.32.59:501][  0]LogEditorServer: Finished looking for orphan Actors (0.008 secs)
[2017.04.21-10.32.59:695][  0]Cmd: MAP CHECKDEP NOCLEARLOG
[2017.04.21-10.32.59:803][  0]MapCheck: Info Map check complete: 0 Error(s), 0 Warning(s), took 103.151ms to complete.
[2017.04.21-10.32.59:804][  0]LogFileHelpers: Loading map 'MenuLevel' took 8.876
[2017.04.21-10.33.04:059][  0]LogCollectionManager: Loaded 0 collections in 0.001950 seconds
[2017.04.21-10.33.04:636][  0]LogFileCache: Scanning file cache for directory 'C:/Users/Tristan/Documents/comp140-gam160-game/SuhDude-Game/Saved/Collections/' took 0.01s
[2017.04.21-10.33.04:636][  0]LogFileCache: Scanning file cache for directory 'C:/Users/Tristan/Documents/comp140-gam160-game/SuhDude-Game/Content/Developers/Tristan/Collections/' took 0.01s
[2017.04.21-10.33.04:636][  0]LogFileCache: Scanning file cache for directory 'C:/Users/Tristan/Documents/comp140-gam160-game/SuhDude-Game/Content/Collections/' took 0.01s
[2017.04.21-10.33.04:636][  0]LogCollectionManager: Rebuilt the GUID cache for 0 collections in 0.000002 seconds
[2017.04.21-10.33.04:766][  0]LogContentBrowser: Native class hierarchy populated in 0.0911 seconds. Added 2195 classes and 430 folders.
[2017.04.21-10.33.05:012][  0]LogStats: UGameplayTagsManager::ConstructGameplayTagTree: Construct from data asset -  0.000 s
[2017.04.21-10.33.05:013][  0]LogStats: UGameplayTagsManager::ConstructGameplayTagTree: GameplayTagTreeChangedEvent.Broadcast -  0.000 s
[2017.04.21-10.33.05:015][  0]LogContentBrowser: Native class hierarchy updated for 'GameplayTags' in 0.0021 seconds. Added 13 classes and 0 folders.
[2017.04.21-10.33.05:150][  0]LogContentBrowser: Native class hierarchy updated for 'WidgetCarousel' in 0.0017 seconds. Added 0 classes and 0 folders.
[2017.04.21-10.33.07:332][  0]LogContentBrowser: Native class hierarchy updated for 'AddContentDialog' in 0.0027 seconds. Added 0 classes and 0 folders.
[2017.04.21-10.33.07:521][  0]LogContentBrowser: Native class hierarchy updated for 'SceneOutliner' in 0.0019 seconds. Added 1 classes and 2 folders.
[2017.04.21-10.33.08:719][  0]LogCrashTracker: Crashtracker disabled due to settings.
[2017.04.21-10.33.09:216][  0]LogUObjectGlobals:Warning: Failed to find object 'Class None.'
[2017.04.21-10.33.09:505][  0]LogContentBrowser: Native class hierarchy updated for 'HierarchicalLODOutliner' in 0.0019 seconds. Added 1 classes and 2 folders.
[2017.04.21-10.33.09:505][  0]LogLoad: (Engine Initialization) Total time: 293.39 seconds
[2017.04.21-10.33.09:505][  0]LogLoad: (Engine Initialization) Total Blueprint compile time: 1.74 seconds
[2017.04.21-10.33.09:534][  0]LogExternalProfiler: Found external profiler: VSPerf
[2017.04.21-10.33.09:534][  0]LogExternalProfiler: Using external profiler: VSPerf
[2017.04.21-10.33.09:671][  0]LogOcInput: OculusInput pre-init called
[2017.04.21-10.33.10:311][  0]LogContentStreaming: Texture pool size now 1000 MB
[2017.04.21-10.33.12:416][  0]LogRenderer: Reallocating scene render targets to support 828x436 NumSamples 1 (Frame:2).
[2017.04.21-10.33.14:977][  1]LogFileCache: Retrieving MD5 hashes for directory 'C:/Users/Tristan/Documents/comp140-gam160-game/SuhDude-Game/Content/' took 5.14s
[2017.04.21-10.33.15:644][  3]LogAssetRegistry: Asset discovery search completed in 100.2056 seconds
[2017.04.21-10.33.15:658][  3]LogCollectionManager: Rebuilt the object cache for 0 collections in 0.000000 seconds (found 0 objects)
[2017.04.21-10.33.15:658][  3]LogCollectionManager: Fixed up redirectors for 0 collections in 0.000921 seconds (updated 0 objects)
[2017.04.21-10.33.23:712][411]LogLinker:Warning: Can't find file '/Script/UE4Duino'
[2017.04.21-10.33.23:712][411]LogLinker:Warning: Can't find file for asset '/Script/UE4Duino' while loading ../../../../../../Users/Tristan/Documents/comp140-gam160-game/SuhDude-Game/Content/Arduino.uasset.
[2017.04.21-10.33.23:740][411]LoadErrors:Error: Error /Game/Arduino : Can't find file for asset. /Script/UE4Duino
[2017.04.21-10.33.23:740][411]LogLinker:Warning: Can't find file '/Script/UE4Duino'
[2017.04.21-10.33.23:740][411]LogLinker:Warning: Can't find file for asset '/Script/UE4Duino' while loading ../../../../../../Users/Tristan/Documents/comp140-gam160-game/SuhDude-Game/Content/Arduino.uasset.
[2017.04.21-10.33.23:765][411]LogTemp:Warning: Connection Failure - reason unknown
[2017.04.21-10.33.23:765][411]LogLinker:Warning: Can't find file '/Script/UE4Duino'
[2017.04.21-10.33.23:765][411]LogLinker:Warning: Can't find file for asset '/Script/UE4Duino' while loading NULL.
[2017.04.21-10.33.23:765][411]LogLinker:Warning: Can't find file '/Script/UE4Duino'
[2017.04.21-10.33.23:765][411]LogLinker:Warning: Can't find file for asset '/Script/UE4Duino' while loading NULL.
[2017.04.21-10.33.23:765][411]LogLinker:Warning: Can't find file '/Script/UE4Duino'
[2017.04.21-10.33.23:765][411]LogLinker:Warning: Can't find file for asset '/Script/UE4Duino' while loading NULL.
[2017.04.21-10.33.23:766][411]LogLinker:Warning: Can't find file '/Script/UE4Duino'
[2017.04.21-10.33.23:784][411]LoadErrors: Info Failed to load /Script/UE4Duino.Serial Referenced by Arduino
[2017.04.21-10.33.23:784][411]LogLinker:Warning: Can't find file for asset '/Script/UE4Duino' while loading NULL.
[2017.04.21-10.33.23:798][411]LogTemp:Warning: Connection Failure - reason unknown
[2017.04.21-10.33.23:799][411]LogTemp:Warning: Connection Failure - reason unknown
[2017.04.21-10.33.23:802][411]LogTemp:Warning: Connection Failure - reason unknown
[2017.04.21-10.33.23:804][411]LogTemp:Warning: Connection Failure - reason unknown
[2017.04.21-10.33.23:808][411]LogTemp:Warning: Connection Failure - reason unknown
[2017.04.21-10.33.26:364][411]LogContentBrowser: Native class hierarchy updated for 'BlueprintGraph' in 0.0105 seconds. Added 111 classes and 0 folders.
[2017.04.21-10.33.29:843][411]LogTemp:Warning: Connection Failure - reason unknown
[2017.04.21-10.33.42:591][934]LogTemp:Warning: Connection Failure - reason unknown
[2017.04.21-10.33.42:594][934]LogTemp:Warning: Connection Failure - reason unknown
[2017.04.21-10.33.45:625][ 82]BlueprintLog: New page: Compile Arduino
[2017.04.21-10.33.45:631][ 82]LogTemp:Warning: Connection Failure - reason unknown
[2017.04.21-10.33.45:631][ 82]LogTemp:Warning: Connection Failure - reason unknown
[2017.04.21-10.33.45:634][ 82]LogTemp:Warning: Connection Failure - reason unknown
[2017.04.21-10.33.45:648][ 82]LogTemp:Warning: Connection Failure - reason unknown
[2017.04.21-10.33.45:700][ 82]LogTemp:Warning: Connection Failure - reason unknown
[2017.04.21-10.33.46:778][ 82]BlueprintEditorCompileResults: Info The execution path doesn't end with a return node.  then
[2017.04.21-10.33.59:230][803]LogTemp:Warning: Connection Failure - reason unknown
[2017.04.21-10.33.59:233][803]LogTemp:Warning: Connection Failure - reason unknown
[2017.04.21-10.34.01:234][914]BlueprintLog: New page: Compile Arduino
[2017.04.21-10.34.01:244][914]LogTemp:Warning: Connection Failure - reason unknown
[2017.04.21-10.34.01:245][914]LogTemp:Warning: Connection Failure - reason unknown
[2017.04.21-10.34.01:248][914]LogTemp:Warning: Connection Failure - reason unknown
[2017.04.21-10.34.01:251][914]LogTemp:Warning: Connection Failure - reason unknown
[2017.04.21-10.34.01:252][914]LogTemp:Warning: Connection Failure - reason unknown
[2017.04.21-10.34.01:424][914]BlueprintEditorCompileResults: Info The execution path doesn't end with a return node.  then
[2017.04.21-10.34.06:241][181]LogRenderer: Reallocating scene render targets to support 828x524 NumSamples 1 (Frame:5).
[2017.04.21-10.35.13:638][ 84]LogTemp:Warning: Connection Failure - reason unknown
[2017.04.21-10.35.13:641][ 84]LogTemp:Warning: Connection Failure - reason unknown
[2017.04.21-10.35.17:684][310]LogTemp:Warning: Connection Failure - reason unknown
[2017.04.21-10.35.17:690][310]LogTemp:Warning: Connection Failure - reason unknown
[2017.04.21-10.35.22:336][575]LogTemp:Warning: Connection Failure - reason unknown
[2017.04.21-10.35.22:343][575]LogTemp:Warning: Connection Failure - reason unknown
[2017.04.21-10.35.40:223][638]LogTemp:Warning: Connection Failure - reason unknown
[2017.04.21-10.35.40:228][638]LogTemp:Warning: Connection Failure - reason unknown
[2017.04.21-10.36.03:518][ 25]LogTemp:Warning: Connection Failure - reason unknown
[2017.04.21-10.36.03:522][ 25]LogTemp:Warning: Connection Failure - reason unknown
[2017.04.21-10.36.44:884][425]LogTemp:Warning: Connection Failure - reason unknown
[2017.04.21-10.36.44:888][425]LogTemp:Warning: Connection Failure - reason unknown
[2017.04.21-10.36.55:045][ 28]LogTemp:Warning: Connection Failure - reason unknown
[2017.04.21-10.36.55:051][ 28]LogTemp:Warning: Connection Failure - reason unknown
[2017.04.21-10.37.19:735][483]LogTemp:Warning: Connection Failure - reason unknown
[2017.04.21-10.37.19:747][483]LogTemp:Warning: Connection Failure - reason unknown
[2017.04.21-10.37.28:443][993]LogTemp:Warning: Connection Failure - reason unknown
[2017.04.21-10.37.28:447][993]LogTemp:Warning: Connection Failure - reason unknown
[2017.04.21-10.37.34:119][322]BlueprintLog: New page: Compile Arduino
[2017.04.21-10.37.34:132][322]LogTemp:Warning: Connection Failure - reason unknown
[2017.04.21-10.37.34:133][322]LogTemp:Warning: Connection Failure - reason unknown
[2017.04.21-10.37.34:136][322]LogTemp:Warning: Connection Failure - reason unknown
[2017.04.21-10.37.34:144][322]LogTemp:Warning: Connection Failure - reason unknown
[2017.04.21-10.37.34:145][322]LogTemp:Warning: Connection Failure - reason unknown
[2017.04.21-10.37.34:443][322]BlueprintEditorCompileResults: Info The execution path doesn't end with a return node.  then
[2017.04.21-10.38.19:039][968]LogTemp:Warning: Connection Failure - reason unknown
[2017.04.21-10.38.19:049][968]LogTemp:Warning: Connection Failure - reason unknown
[2017.04.21-10.38.22:058][137]LogTemp:Warning: Connection Failure - reason unknown
[2017.04.21-10.38.22:069][137]LogTemp:Warning: Connection Failure - reason unknown
[2017.04.21-10.38.28:250][489]LogTemp:Warning: Connection Failure - reason unknown
[2017.04.21-10.38.28:255][489]LogTemp:Warning: Connection Failure - reason unknown
[2017.04.21-10.38.31:221][662]BlueprintLog: New page: Compile Arduino
[2017.04.21-10.38.31:235][662]LogTemp:Warning: Connection Failure - reason unknown
[2017.04.21-10.38.31:236][662]LogTemp:Warning: Connection Failure - reason unknown
[2017.04.21-10.38.31:239][662]LogTemp:Warning: Connection Failure - reason unknown
[2017.04.21-10.38.31:247][662]LogTemp:Warning: Connection Failure - reason unknown
[2017.04.21-10.38.31:248][662]LogTemp:Warning: Connection Failure - reason unknown
[2017.04.21-10.38.31:495][662]BlueprintEditorCompileResults: Info The execution path doesn't end with a return node.  then
[2017.04.21-10.39.02:079][743]BlueprintLog: New page: Compile Arduino
[2017.04.21-10.39.02:102][743]LogTemp:Warning: Connection Failure - reason unknown
[2017.04.21-10.39.02:104][743]LogTemp:Warning: Connection Failure - reason unknown
[2017.04.21-10.39.02:110][743]LogTemp:Warning: Connection Failure - reason unknown
[2017.04.21-10.39.02:118][743]LogTemp:Warning: Connection Failure - reason unknown
[2017.04.21-10.39.02:385][743]BlueprintEditorCompileResults: Info The execution path doesn't end with a return node.  then
[2017.04.21-10.40.05:343][397]LogTemp:Warning: Connection Failure - reason unknown
[2017.04.21-10.40.05:349][397]LogTemp:Warning: Connection Failure - reason unknown
[2017.04.21-10.40.12:355][743]LogTemp:Warning: Connection Failure - reason unknown
[2017.04.21-10.40.12:360][743]LogTemp:Warning: Connection Failure - reason unknown
[2017.04.21-10.40.46:533][677]BlueprintLog: New page: Compile Arduino
[2017.04.21-10.40.46:548][677]LogTemp:Warning: Connection Failure - reason unknown
[2017.04.21-10.40.46:548][677]LogTemp:Warning: Connection Failure - reason unknown
[2017.04.21-10.40.46:553][677]LogTemp:Warning: Connection Failure - reason unknown
[2017.04.21-10.40.46:562][677]LogTemp:Warning: Connection Failure - reason unknown
[2017.04.21-10.40.46:563][677]LogTemp:Warning: Connection Failure - reason unknown
[2017.04.21-10.40.46:767][677]BlueprintEditorCompileResults: Info The execution path doesn't end with a return node.  then
[2017.04.21-10.41.12:640][678]BlueprintLog: New page: Compile Arduino
[2017.04.21-10.41.12:656][678]LogTemp:Warning: Connection Failure - reason unknown
[2017.04.21-10.41.12:656][678]LogTemp:Warning: Connection Failure - reason unknown
[2017.04.21-10.41.12:661][678]LogTemp:Warning: Connection Failure - reason unknown
[2017.04.21-10.41.12:670][678]LogTemp:Warning: Connection Failure - reason unknown
[2017.04.21-10.41.12:794][678]BlueprintEditorCompileResults: Info The execution path doesn't end with a return node.  then
[2017.04.21-10.43.01:398][243]LogTemp:Warning: Connection Failure - reason unknown
[2017.04.21-10.43.01:404][243]LogTemp:Warning: Connection Failure - reason unknown
[2017.04.21-10.43.05:550][447]LogTemp:Warning: Connection Failure - reason unknown
[2017.04.21-10.43.05:557][447]LogTemp:Warning: Connection Failure - reason unknown
[2017.04.21-10.43.39:355][170]LogTemp:Warning: Connection Failure - reason unknown
[2017.04.21-10.43.39:361][170]LogTemp:Warning: Connection Failure - reason unknown
[2017.04.21-10.43.44:408][554]LogTemp:Warning: Connection Failure - reason unknown
[2017.04.21-10.43.44:413][554]LogTemp:Warning: Connection Failure - reason unknown
[2017.04.21-10.45.10:246][814]LogTemp:Warning: Connection Failure - reason unknown
[2017.04.21-10.45.10:254][814]LogTemp:Warning: Connection Failure - reason unknown
[2017.04.21-10.45.16:139][341]LogTemp:Warning: Connection Failure - reason unknown
[2017.04.21-10.45.16:148][341]LogTemp:Warning: Connection Failure - reason unknown
[2017.04.21-10.45.24:468][ 96]BlueprintLog: New page: Compile Arduino
[2017.04.21-10.45.24:483][ 96]LogTemp:Warning: Connection Failure - reason unknown
[2017.04.21-10.45.24:484][ 96]LogTemp:Warning: Connection Failure - reason unknown
[2017.04.21-10.45.24:488][ 96]LogTemp:Warning: Connection Failure - reason unknown
[2017.04.21-10.45.24:500][ 96]LogTemp:Warning: Connection Failure - reason unknown
[2017.04.21-10.45.24:501][ 96]LogTemp:Warning: Connection Failure - reason unknown
[2017.04.21-10.45.24:688][ 96]BlueprintEditorCompileResults: Info The execution path doesn't end with a return node.  then
[2017.04.21-10.46.42:832][894]BlueprintLog: New page: Compile Arduino
[2017.04.21-10.46.42:848][894]LogTemp:Warning: Connection Failure - reason unknown
[2017.04.21-10.46.42:849][894]LogTemp:Warning: Connection Failure - reason unknown
[2017.04.21-10.46.42:858][894]LogTemp:Warning: Connection Failure - reason unknown
[2017.04.21-10.46.42:867][894]LogTemp:Warning: Connection Failure - reason unknown
[2017.04.21-10.46.42:984][894]BlueprintEditorCompileResults: Info The execution path doesn't end with a return node.  then
[2017.04.21-10.46.54:439][798]BlueprintLog: New page: Compile Arduino
[2017.04.21-10.46.54:456][798]LogTemp:Warning: Connection Failure - reason unknown
[2017.04.21-10.46.54:456][798]LogTemp:Warning: Connection Failure - reason unknown
[2017.04.21-10.46.54:460][798]LogTemp:Warning: Connection Failure - reason unknown
[2017.04.21-10.46.54:471][798]LogTemp:Warning: Connection Failure - reason unknown
[2017.04.21-10.46.54:588][798]BlueprintEditorCompileResults: Info The execution path doesn't end with a return node.  then
[2017.04.21-10.47.22:355][225]LogFileHelpers: Editor autosave (incl. sublevels) for '/Game/Maps/MenuLevel' took 0.039
[2017.04.21-10.47.22:384][225]OBJ SavePackage: Generating thumbnails for [0] asset(s) in package [/Game/Arduino] ([1] browsable assets)...
[2017.04.21-10.47.22:384][225]OBJ SavePackage: Finished generating thumbnails for package [/Game/Arduino]
[2017.04.21-10.47.22:384][225]Cmd: OBJ SAVEPACKAGE PACKAGE="/Game/Arduino" FILE="../../../../../../Users/Tristan/Documents/comp140-gam160-game/SuhDude-Game/Saved/Autosaves/Game/Arduino_Auto1.uasset" SILENT=false AUTOSAVING=true
[2017.04.21-10.47.22:767][225]LogSavePackage: Save=227.90ms
[2017.04.21-10.47.22:767][225]LogSavePackage: Moving '../../../../../../Users/Tristan/Documents/comp140-gam160-game/SuhDude-Game/Saved/Arduino_Auto1178A95F74B20F70B4D7412B3C93DFA42.tmp' to '../../../../../../Users/Tristan/Documents/comp140-gam160-game/SuhDude-Game/Saved/Autosaves/Game/Arduino_Auto1.uasset'
[2017.04.21-10.47.22:785][225]LogSavePackage:Display: Finished SavePackage ../../../../../../Users/Tristan/Documents/comp140-gam160-game/SuhDude-Game/Saved/Autosaves/Game/Arduino_Auto1.uasset
[2017.04.21-10.47.22:785][225]LogFileHelpers: Auto-saving content packages took 0.429
[2017.04.21-10.47.30:501][895]LogTemp: Repeting last play command: Selected Viewport
[2017.04.21-10.47.30:549][895]LogBlueprintUserMessages: Early PlayInEditor Detection: Level '/Game/Maps/MenuLevel.MenuLevel:PersistentLevel' has LevelScriptBlueprint '/Game/Maps/MenuLevel.MenuLevel:PersistentLevel.MenuLevel' with GeneratedClass '/Game/Maps/MenuLevel.MenuLevel_C' with ClassGeneratedBy '/Game/Maps/MenuLevel.MenuLevel:PersistentLevel.MenuLevel'
[2017.04.21-10.47.30:564][895]LogPlayLevel: PlayLevel: No blueprints needed recompiling
[2017.04.21-10.47.30:796][895]PIE: New page: PIE session: MenuLevel (21 Apr 2017 12:47:30)
[2017.04.21-10.47.30:805][895]LogPlayLevel: Creating play world package: /Game/Maps/UEDPIE_0_MenuLevel
[2017.04.21-10.47.30:959][895]LogPlayLevel: PIE: StaticDuplicateObject took: (0.153246s)
[2017.04.21-10.47.30:960][895]LogAIModule: Creating AISystem for world MenuLevel
[2017.04.21-10.47.30:984][895]LogPlayLevel: PIE: World Init took: (0.025405s)
[2017.04.21-10.47.30:993][895]LogPlayLevel: PIE: Created PIE world by copying editor world from /Game/Maps/MenuLevel.MenuLevel to /Game/Maps/UEDPIE_0_MenuLevel.MenuLevel (0.188029s)
[2017.04.21-10.47.31:052][895]LogInit: XAudio2 using 'Speaker/HP (Realtek High Definition Audio)' : 2 channels at 48 kHz using 32 bits per sample (channel mask 0x3)
[2017.04.21-10.47.31:063][895]LogInit: FAudioDevice initialized.
[2017.04.21-10.47.31:591][895]LogLoad: Game class is 'MenuGameMode_C'
[2017.04.21-10.47.31:856][895]LogWorld: Bringing World /Game/Maps/UEDPIE_0_MenuLevel.MenuLevel up for play (max tick rate 0) at 2017.04.21-11.47.31
[2017.04.21-10.47.32:017][895]LogWorld: Bringing up level for play took: 0.149905
[2017.04.21-10.47.33:933][895]LogContentBrowser: Native class hierarchy updated for 'MovieSceneCapture' in 0.0024 seconds. Added 11 classes and 0 folders.
[2017.04.21-10.47.33:944][895]LogGameMode:Display: Match State Changed from EnteringMap to WaitingToStart
[2017.04.21-10.47.33:958][895]LogGameState: Match State Changed from EnteringMap to WaitingToStart
[2017.04.21-10.47.33:958][895]LogGameMode:Display: Match State Changed from WaitingToStart to InProgress
[2017.04.21-10.47.34:312][895]LogGameState: Match State Changed from WaitingToStart to InProgress
[2017.04.21-10.47.34:321][895]PIE: Info Play in editor start time for /Game/Maps/UEDPIE_0_MenuLevel 3.395
[2017.04.21-10.47.34:321][895]LogBlueprintUserMessages: Late PlayInEditor Detection: Level '/Game/Maps/MenuLevel.MenuLevel:PersistentLevel' has LevelScriptBlueprint '/Game/Maps/MenuLevel.MenuLevel:PersistentLevel.MenuLevel' with GeneratedClass '/Game/Maps/MenuLevel.MenuLevel_C' with ClassGeneratedBy '/Game/Maps/MenuLevel.MenuLevel:PersistentLevel.MenuLevel'
[2017.04.21-10.47.38:033][ 50]LogGameMode:Display: Match State Changed from InProgress to LeavingMap
[2017.04.21-10.47.38:033][ 50]LogGameState: Match State Changed from InProgress to LeavingMap
[2017.04.21-10.47.38:034][ 50]LogNet: Browse: /Game/Maps/Map1
[2017.04.21-10.47.38:044][ 50]LogLoad: LoadMap: /Game/Maps/Map1
[2017.04.21-10.47.38:275][ 50]Cmd: MEM
[2017.04.21-10.47.38:544][ 50]LogMemory: Platform Memory Stats for Windows
[2017.04.21-10.47.38:544][ 50]LogMemory: Process Physical Memory: 1749.00 MB used, 1753.39 MB peak
[2017.04.21-10.47.38:544][ 50]LogMemory: Process Virtual Memory: 2111.70 MB used, 2117.70 MB peak
[2017.04.21-10.47.38:544][ 50]LogMemory: Physical Memory: 5857.17 MB used,  2173.68 MB free, 8030.84 MB total
[2017.04.21-10.47.38:544][ 50]LogMemory: Virtual Memory: 2952.28 MB used,  2173.68 MB free, 134217728.00 MB total
[2017.04.21-10.47.38:544][ 50]LogMemory: 
[2017.04.21-10.47.38:544][ 50]Allocator Stats for TBB: (not implemented)
[2017.04.21-10.47.38:594][ 50]LogLinker:Warning: Can't find file '/Script/UE4Duino'
[2017.04.21-10.47.38:594][ 50]LogLinker:Warning: Can't find file for asset '/Script/UE4Duino' while loading ../../../../../../Users/Tristan/Documents/comp140-gam160-game/SuhDude-Game/Content/Arduino.uasset.
[2017.04.21-10.47.38:595][ 50]LogLinker:Warning: Can't find file '/Script/UE4Duino'
[2017.04.21-10.47.38:595][ 50]LogLinker:Warning: Can't find file for asset '/Script/UE4Duino' while loading ../../../../../../Users/Tristan/Documents/comp140-gam160-game/SuhDude-Game/Content/Arduino.uasset.
[2017.04.21-10.47.39:196][ 50]LogTemp:Warning: Connection Failure - reason unknown
[2017.04.21-10.47.40:336][ 50]LogStats: FPlatformStackWalk::StackWalkAndDump -  0.179 s
[2017.04.21-10.47.40:336][ 50]LogOutputDevice:Error: === Handled ensure: ===
[2017.04.21-10.47.40:336][ 50]LogOutputDevice:Error: 
[2017.04.21-10.47.40:336][ 50]LogOutputDevice:Error: Ensure condition failed: IsObjectValidForDatabase(AssetObject) [File:D:\Build\++UE4+Release-4.14+Compile\Sync\Engine\Source\Editor\BlueprintGraph\Private\BlueprintActionDatabase.cpp] [Line: 1263]
[2017.04.21-10.47.40:336][ 50]LogOutputDevice:Error: 
[2017.04.21-10.47.40:336][ 50]LogOutputDevice:Error: Stack: 
[2017.04.21-10.47.40:336][ 50]LogOutputDevice:Error: UE4Editor-Core.dll
[2017.04.21-10.47.40:336][ 50]LogOutputDevice:Error: UE4Editor-Core.dll
[2017.04.21-10.47.40:336][ 50]LogOutputDevice:Error: UE4Editor-Core.dll
[2017.04.21-10.47.40:336][ 50]LogOutputDevice:Error: UE4Editor-BlueprintGraph.dll
[2017.04.21-10.47.40:336][ 50]LogOutputDevice:Error: UE4Editor-BlueprintGraph.dll
[2017.04.21-10.47.40:336][ 50]LogOutputDevice:Error: UE4Editor-CoreUObject.dll
[2017.04.21-10.47.40:336][ 50]LogOutputDevice:Error: UE4Editor-CoreUObject.dll
[2017.04.21-10.47.40:336][ 50]LogOutputDevice:Error: UE4Editor-CoreUObject.dll
[2017.04.21-10.47.40:336][ 50]LogOutputDevice:Error: UE4Editor-CoreUObject.dll
[2017.04.21-10.47.40:336][ 50]LogOutputDevice:Error: UE4Editor-Engine.dll
[2017.04.21-10.47.40:336][ 50]LogOutputDevice:Error: UE4Editor-Engine.dll
[2017.04.21-10.47.40:336][ 50]LogOutputDevice:Error: UE4Editor-Engine.dll
[2017.04.21-10.47.40:336][ 50]LogOutputDevice:Error: UE4Editor-UnrealEd.dll
[2017.04.21-10.47.40:336][ 50]LogOutputDevice:Error: UE4Editor-UnrealEd.dll
[2017.04.21-10.47.40:336][ 50]LogOutputDevice:Error: UE4Editor.exe
[2017.04.21-10.47.40:336][ 50]LogOutputDevice:Error: UE4Editor.exe
[2017.04.21-10.47.40:336][ 50]LogOutputDevice:Error: UE4Editor.exe
[2017.04.21-10.47.40:336][ 50]LogOutputDevice:Error: UE4Editor.exe
[2017.04.21-10.47.40:336][ 50]LogOutputDevice:Error: UE4Editor.exe
[2017.04.21-10.47.40:336][ 50]LogOutputDevice:Error: KERNEL32.DLL
[2017.04.21-10.47.40:336][ 50]LogOutputDevice:Error: ntdll.dll
[2017.04.21-10.47.40:336][ 50]LogOutputDevice:Error: 
[2017.04.21-10.47.40:338][ 50]LogStats:                SubmitErrorReport -  0.000 s
