Log file open, 03/29/17 21:38:09
LogInit:Display: Running engine for game: SuhDude
LogPlatformFile: Not using cached read wrapper
LogInit:Display: RandInit(-501990041) SRandInit(-501990041).
LogTaskGraph: Started task graph with 5 named threads and 8 total threads with 1 sets of task threads.
LogStats: Stats thread started at 0.071640
LogPluginManager: Loaded Plugin Paper2D, From C:/Program Files (x86)/Epic Games/4.14/Engine/Plugins/2D/Paper2D/Paper2D.uplugin
LogPluginManager: Loaded Plugin LightPropagationVolume, From C:/Program Files (x86)/Epic Games/4.14/Engine/Plugins/Blendables/LightPropagationVolume/LightPropagationVolume.uplugin
LogPluginManager: Loaded Plugin BlankPlugin, From C:/Program Files (x86)/Epic Games/4.14/Engine/Plugins/Developer/BlankPlugin/BlankPlugin.uplugin
LogPluginManager: Loaded Plugin CodeLiteSourceCodeAccess, From C:/Program Files (x86)/Epic Games/4.14/Engine/Plugins/Developer/CodeLiteSourceCodeAccess/CodeLiteSourceCodeAccess.uplugin
LogPluginManager: Loaded Plugin GitSourceControl, From C:/Program Files (x86)/Epic Games/4.14/Engine/Plugins/Developer/GitSourceControl/GitSourceControl.uplugin
LogPluginManager: Loaded Plugin KDevelopSourceCodeAccess, From C:/Program Files (x86)/Epic Games/4.14/Engine/Plugins/Developer/KDevelopSourceCodeAccess/KDevelopSourceCodeAccess.uplugin
LogPluginManager: Loaded Plugin NullSourceCodeAccess, From C:/Program Files (x86)/Epic Games/4.14/Engine/Plugins/Developer/NullSourceCodeAccess/NullSourceCodeAccess.uplugin
LogPluginManager: Loaded Plugin OneSkyLocalizationService, From C:/Program Files (x86)/Epic Games/4.14/Engine/Plugins/Developer/OneSkyLocalizationService/OneSkyLocalizationService.uplugin
LogPluginManager: Loaded Plugin PerforceSourceControl, From C:/Program Files (x86)/Epic Games/4.14/Engine/Plugins/Developer/PerforceSourceControl/PerforceSourceControl.uplugin
LogPluginManager: Loaded Plugin SubversionSourceControl, From C:/Program Files (x86)/Epic Games/4.14/Engine/Plugins/Developer/SubversionSourceControl/SubversionSourceControl.uplugin
LogPluginManager: Loaded Plugin UObjectPlugin, From C:/Program Files (x86)/Epic Games/4.14/Engine/Plugins/Developer/UObjectPlugin/UObjectPlugin.uplugin
LogPluginManager: Loaded Plugin VisualStudioSourceCodeAccess, From C:/Program Files (x86)/Epic Games/4.14/Engine/Plugins/Developer/VisualStudioSourceCodeAccess/VisualStudioSourceCodeAccess.uplugin
LogPluginManager: Loaded Plugin XCodeSourceCodeAccess, From C:/Program Files (x86)/Epic Games/4.14/Engine/Plugins/Developer/XCodeSourceCodeAccess/XCodeSourceCodeAccess.uplugin
LogPluginManager: Loaded Plugin AudioCapture, From C:/Program Files (x86)/Epic Games/4.14/Engine/Plugins/Editor/AudioCapture/AudioCapture.uplugin
LogPluginManager: Loaded Plugin EpicSurvey, From C:/Program Files (x86)/Epic Games/4.14/Engine/Plugins/Editor/EpicSurvey/EpicSurvey.uplugin
LogPluginManager: Loaded Plugin MacGraphicsSwitching, From C:/Program Files (x86)/Epic Games/4.14/Engine/Plugins/Editor/MacGraphicsSwitching/MacGraphicsSwitching.uplugin
LogPluginManager: Loaded Plugin MobileLauncherProfileWizard, From C:/Program Files (x86)/Epic Games/4.14/Engine/Plugins/Editor/MobileLauncherProfileWizard/MobileLauncherProfileWizard.uplugin
LogPluginManager: Loaded Plugin PluginBrowser, From C:/Program Files (x86)/Epic Games/4.14/Engine/Plugins/Editor/PluginBrowser/PluginBrowser.uplugin
LogPluginManager: Loaded Plugin SpeedTreeImporter, From C:/Program Files (x86)/Epic Games/4.14/Engine/Plugins/Editor/SpeedTreeImporter/SpeedTreeImporter.uplugin
LogPluginManager: Loaded Plugin SuperSearchEditor, From C:/Program Files (x86)/Epic Games/4.14/Engine/Plugins/Editor/SuperSearchEditor/SuperSearchEditor.uplugin
LogPluginManager: Loaded Plugin AlembicImporter, From C:/Program Files (x86)/Epic Games/4.14/Engine/Plugins/Experimental/AlembicImporter/AlembicImporter.uplugin
LogPluginManager: Loaded Plugin BlueprintStats, From C:/Program Files (x86)/Epic Games/4.14/Engine/Plugins/Experimental/BlueprintStats/BlueprintStats.uplugin
LogPluginManager: Loaded Plugin CharacterAI, From C:/Program Files (x86)/Epic Games/4.14/Engine/Plugins/Experimental/CharacterAI/CharacterAI.uplugin
LogPluginManager: Loaded Plugin CodeEditor, From C:/Program Files (x86)/Epic Games/4.14/Engine/Plugins/Experimental/CodeEditor/CodeEditor.uplugin
LogPluginManager: Loaded Plugin CodeView, From C:/Program Files (x86)/Epic Games/4.14/Engine/Plugins/Experimental/CodeView/CodeView.uplugin
LogPluginManager: Loaded Plugin HTML5Networking, From C:/Program Files (x86)/Epic Games/4.14/Engine/Plugins/Experimental/HTML5Networking/HTML5Networking.uplugin
LogPluginManager: Loaded Plugin OSVR, From C:/Program Files (x86)/Epic Games/4.14/Engine/Plugins/Experimental/OSVR/OSVR.uplugin
LogPluginManager: Loaded Plugin Phya, From C:/Program Files (x86)/Epic Games/4.14/Engine/Plugins/Experimental/Phya/Phya.uplugin
LogPluginManager: Loaded Plugin SignificanceManager, From C:/Program Files (x86)/Epic Games/4.14/Engine/Plugins/Experimental/SignificanceManager/SignificanceManager.uplugin
LogPluginManager: Loaded Plugin SimpleHMD, From C:/Program Files (x86)/Epic Games/4.14/Engine/Plugins/Experimental/SimpleHMD/SimpleHMD.uplugin
LogPluginManager: Loaded Plugin StereoPanorama, From C:/Program Files (x86)/Epic Games/4.14/Engine/Plugins/Experimental/StereoPanorama/StereoPanorama.uplugin
LogPluginManager: Loaded Plugin StructBox, From C:/Program Files (x86)/Epic Games/4.14/Engine/Plugins/Experimental/StructBox/StructBox.uplugin
LogPluginManager: Loaded Plugin AndroidMedia, From C:/Program Files (x86)/Epic Games/4.14/Engine/Plugins/Media/AndroidMedia/AndroidMedia.uplugin
LogPluginManager: Loaded Plugin AvfMedia, From C:/Program Files (x86)/Epic Games/4.14/Engine/Plugins/Media/AvfMedia/AvfMedia.uplugin
LogPluginManager: Loaded Plugin MediaPlayerEditor, From C:/Program Files (x86)/Epic Games/4.14/Engine/Plugins/Media/MediaPlayerEditor/MediaPlayerEditor.uplugin
LogPluginManager: Loaded Plugin WmfMedia, From C:/Program Files (x86)/Epic Games/4.14/Engine/Plugins/Media/WmfMedia/WmfMedia.uplugin
LogPluginManager: Loaded Plugin MessagingDebugger, From C:/Program Files (x86)/Epic Games/4.14/Engine/Plugins/Messaging/MessagingDebugger/MessagingDebugger.uplugin
LogPluginManager: Loaded Plugin TcpMessaging, From C:/Program Files (x86)/Epic Games/4.14/Engine/Plugins/Messaging/TcpMessaging/TcpMessaging.uplugin
LogPluginManager: Loaded Plugin UdpMessaging, From C:/Program Files (x86)/Epic Games/4.14/Engine/Plugins/Messaging/UdpMessaging/UdpMessaging.uplugin
LogPluginManager: Loaded Plugin LevelSequenceEditor, From C:/Program Files (x86)/Epic Games/4.14/Engine/Plugins/MovieScene/LevelSequenceEditor/LevelSequenceEditor.uplugin
LogPluginManager: Loaded Plugin MatineeToLevelSequence, From C:/Program Files (x86)/Epic Games/4.14/Engine/Plugins/MovieScene/MatineeToLevelSequence/MatineeToLevelSequence.uplugin
LogPluginManager: Loaded Plugin NetcodeUnitTest, From C:/Program Files (x86)/Epic Games/4.14/Engine/Plugins/NetcodeUnitTest/NetcodeUnitTest/NetcodeUnitTest.uplugin
LogPluginManager: Loaded Plugin NUTUnrealEngine4, From C:/Program Files (x86)/Epic Games/4.14/Engine/Plugins/NetcodeUnitTest/NUTUnrealEngine4/NUTUnrealEngine4.uplugin
LogPluginManager: Loaded Plugin OnlineSubsystemGameCircle, From C:/Program Files (x86)/Epic Games/4.14/Engine/Plugins/Online/Android/OnlineSubsystemGameCircle/OnlineSubsystemGameCircle.uplugin
LogPluginManager: Loaded Plugin OnlineSubsystemGooglePlay, From C:/Program Files (x86)/Epic Games/4.14/Engine/Plugins/Online/Android/OnlineSubsystemGooglePlay/OnlineSubsystemGooglePlay.uplugin
LogPluginManager: Loaded Plugin OnlineSubsystemIOS, From C:/Program Files (x86)/Epic Games/4.14/Engine/Plugins/Online/IOS/OnlineSubsystemIOS/OnlineSubsystemIOS.uplugin
LogPluginManager: Loaded Plugin OnlineFramework, From C:/Program Files (x86)/Epic Games/4.14/Engine/Plugins/Online/OnlineFramework/OnlineFramework.uplugin
LogPluginManager: Loaded Plugin OnlineSubsystem, From C:/Program Files (x86)/Epic Games/4.14/Engine/Plugins/Online/OnlineSubsystem/OnlineSubsystem.uplugin
LogPluginManager: Loaded Plugin OnlineSubsystemAmazon, From C:/Program Files (x86)/Epic Games/4.14/Engine/Plugins/Online/OnlineSubsystemAmazon/OnlineSubsystemAmazon.uplugin
LogPluginManager: Loaded Plugin OnlineSubsystemFacebook, From C:/Program Files (x86)/Epic Games/4.14/Engine/Plugins/Online/OnlineSubsystemFacebook/OnlineSubsystemFacebook.uplugin
LogPluginManager: Loaded Plugin OnlineSubsystemNull, From C:/Program Files (x86)/Epic Games/4.14/Engine/Plugins/Online/OnlineSubsystemNull/OnlineSubsystemNull.uplugin
LogPluginManager: Loaded Plugin OnlineSubsystemOculus, From C:/Program Files (x86)/Epic Games/4.14/Engine/Plugins/Online/OnlineSubsystemOculus/OnlineSubsystemOculus.uplugin
LogPluginManager: Loaded Plugin OnlineSubsystemSteam, From C:/Program Files (x86)/Epic Games/4.14/Engine/Plugins/Online/OnlineSubsystemSteam/OnlineSubsystemSteam.uplugin
LogPluginManager: Loaded Plugin OnlineSubsystemUtils, From C:/Program Files (x86)/Epic Games/4.14/Engine/Plugins/Online/OnlineSubsystemUtils/OnlineSubsystemUtils.uplugin
LogPluginManager: Loaded Plugin IOSTapJoy, From C:/Program Files (x86)/Epic Games/4.14/Engine/Plugins/Runtime/Advertising/IOSTapJoy/IOSTapJoy.uplugin
LogPluginManager: Loaded Plugin AnalyticsBlueprintLibrary, From C:/Program Files (x86)/Epic Games/4.14/Engine/Plugins/Runtime/Analytics/AnalyticsBlueprintLibrary/AnalyticsBlueprintLibrary.uplugin
LogPluginManager: Loaded Plugin AnalyticsMulticast, From C:/Program Files (x86)/Epic Games/4.14/Engine/Plugins/Runtime/Analytics/AnalyticsMulticast/AnalyticsMulticast.uplugin
LogPluginManager: Loaded Plugin Apsalar, From C:/Program Files (x86)/Epic Games/4.14/Engine/Plugins/Runtime/Analytics/Apsalar/Apsalar.uplugin
LogPluginManager: Loaded Plugin FileLogging, From C:/Program Files (x86)/Epic Games/4.14/Engine/Plugins/Runtime/Analytics/FileLogging/FileLogging.uplugin
LogPluginManager: Loaded Plugin Flurry, From C:/Program Files (x86)/Epic Games/4.14/Engine/Plugins/Runtime/Analytics/Flurry/Flurry.uplugin
LogPluginManager: Loaded Plugin AndroidDeviceProfileSelector, From C:/Program Files (x86)/Epic Games/4.14/Engine/Plugins/Runtime/AndroidDeviceProfileSelector/AndroidDeviceProfileSelector.uplugin
LogPluginManager: Loaded Plugin AndroidMoviePlayer, From C:/Program Files (x86)/Epic Games/4.14/Engine/Plugins/Runtime/AndroidMoviePlayer/AndroidMoviePlayer.uplugin
LogPluginManager: Loaded Plugin AppleMoviePlayer, From C:/Program Files (x86)/Epic Games/4.14/Engine/Plugins/Runtime/AppleMoviePlayer/AppleMoviePlayer.uplugin
LogPluginManager: Loaded Plugin ArchVisCharacter, From C:/Program Files (x86)/Epic Games/4.14/Engine/Plugins/Runtime/ArchVisCharacter/ArchVisCharacter.uplugin
LogPluginManager: Loaded Plugin CableComponent, From C:/Program Files (x86)/Epic Games/4.14/Engine/Plugins/Runtime/CableComponent/CableComponent.uplugin
LogPluginManager: Loaded Plugin CustomMeshComponent, From C:/Program Files (x86)/Epic Games/4.14/Engine/Plugins/Runtime/CustomMeshComponent/CustomMeshComponent.uplugin
LogPluginManager: Loaded Plugin ExampleDeviceProfileSelector, From C:/Program Files (x86)/Epic Games/4.14/Engine/Plugins/Runtime/ExampleDeviceProfileSelector/ExampleDeviceProfileSelector.uplugin
LogPluginManager: Loaded Plugin GearVR, From C:/Program Files (x86)/Epic Games/4.14/Engine/Plugins/Runtime/GearVR/GearVR.uplugin
LogPluginManager: Loaded Plugin GoogleVRController, From C:/Program Files (x86)/Epic Games/4.14/Engine/Plugins/Runtime/GoogleVR/GoogleVRController/GoogleVRController.uplugin
LogPluginManager: Loaded Plugin GoogleVRHMD, From C:/Program Files (x86)/Epic Games/4.14/Engine/Plugins/Runtime/GoogleVR/GoogleVRHMD/GoogleVRHMD.uplugin
LogPluginManager: Loaded Plugin IOSDeviceProfileSelector, From C:/Program Files (x86)/Epic Games/4.14/Engine/Plugins/Runtime/IOSDeviceProfileSelector/IOSDeviceProfileSelector.uplugin
LogPluginManager: Loaded Plugin LeapMotion, From C:/Program Files (x86)/Epic Games/4.14/Engine/Plugins/Runtime/LeapMotion/LeapMotion.uplugin
LogPluginManager: Loaded Plugin LinuxDeviceProfileSelector, From C:/Program Files (x86)/Epic Games/4.14/Engine/Plugins/Runtime/LinuxDeviceProfileSelector/LinuxDeviceProfileSelector.uplugin
LogPluginManager: Loaded Plugin MIDIDevice, From C:/Program Files (x86)/Epic Games/4.14/Engine/Plugins/Runtime/MIDIDevice/MIDIDevice.uplugin
LogPluginManager: Loaded Plugin MobilePatchingUtils, From C:/Program Files (x86)/Epic Games/4.14/Engine/Plugins/Runtime/MobilePatchingUtils/MobilePatchingUtils.uplugin
LogPluginManager: Loaded Plugin Ansel, From C:/Program Files (x86)/Epic Games/4.14/Engine/Plugins/Runtime/Nvidia/Ansel/Ansel.uplugin
LogPluginManager: Loaded Plugin OculusAudio, From C:/Program Files (x86)/Epic Games/4.14/Engine/Plugins/Runtime/OculusAudio/OculusAudio.uplugin
LogPluginManager: Loaded Plugin OculusInput, From C:/Program Files (x86)/Epic Games/4.14/Engine/Plugins/Runtime/OculusInput/OculusInput.uplugin
LogPluginManager: Loaded Plugin OculusLibrary, From C:/Program Files (x86)/Epic Games/4.14/Engine/Plugins/Runtime/OculusLibrary/OculusLibrary.uplugin
LogPluginManager: Loaded Plugin OculusRift, From C:/Program Files (x86)/Epic Games/4.14/Engine/Plugins/Runtime/OculusRift/OculusRift.uplugin
LogPluginManager: Loaded Plugin Oodle, From C:/Program Files (x86)/Epic Games/4.14/Engine/Plugins/Runtime/PacketHandlers/CompressionComponents/Oodle/Oodle.uplugin
LogPluginManager: Loaded Plugin ProceduralMeshComponent, From C:/Program Files (x86)/Epic Games/4.14/Engine/Plugins/Runtime/ProceduralMeshComponent/ProceduralMeshComponent.uplugin
LogPluginManager: Loaded Plugin SoundMod, From C:/Program Files (x86)/Epic Games/4.14/Engine/Plugins/Runtime/SoundMod/SoundMod.uplugin
LogPluginManager: Loaded Plugin SoundVisualizations, From C:/Program Files (x86)/Epic Games/4.14/Engine/Plugins/Runtime/SoundVisualizations/SoundVisualizations.uplugin
LogPluginManager: Loaded Plugin SteamController, From C:/Program Files (x86)/Epic Games/4.14/Engine/Plugins/Runtime/Steam/SteamController/SteamController.uplugin
LogPluginManager: Loaded Plugin SteamVR, From C:/Program Files (x86)/Epic Games/4.14/Engine/Plugins/Runtime/Steam/SteamVR/SteamVR.uplugin
LogPluginManager: Loaded Plugin WebBrowserWidget, From C:/Program Files (x86)/Epic Games/4.14/Engine/Plugins/Runtime/WebBrowserWidget/WebBrowserWidget.uplugin
LogPluginManager: Loaded Plugin WindowsDeviceProfileSelector, From C:/Program Files (x86)/Epic Games/4.14/Engine/Plugins/Runtime/WindowsDeviceProfileSelector/WindowsDeviceProfileSelector.uplugin
LogPluginManager: Loaded Plugin WindowsMoviePlayer, From C:/Program Files (x86)/Epic Games/4.14/Engine/Plugins/Runtime/WindowsMoviePlayer/WindowsMoviePlayer.uplugin
LogPluginManager: Loaded Plugin ScriptPlugin, From C:/Program Files (x86)/Epic Games/4.14/Engine/Plugins/ScriptPlugin/ScriptPlugin.uplugin
LogPluginManager: Loaded Plugin SlateRemote, From C:/Program Files (x86)/Epic Games/4.14/Engine/Plugins/Slate/SlateRemote/SlateRemote.uplugin
LogPluginManager: Loaded Plugin EditorTests, From C:/Program Files (x86)/Epic Games/4.14/Engine/Plugins/Tests/EditorTests/EditorTests.uplugin
LogPluginManager: Loaded Plugin FbxAutomationTestBuilder, From C:/Program Files (x86)/Epic Games/4.14/Engine/Plugins/Tests/FbxAutomationTestBuilder/FbxAutomationTestBuilder.uplugin
LogPluginManager: Loaded Plugin FunctionalTestingEditor, From C:/Program Files (x86)/Epic Games/4.14/Engine/Plugins/Tests/FunctionalTestingEditor/FunctionalTestingEditor.uplugin
LogPluginManager: Loaded Plugin RuntimeTests, From C:/Program Files (x86)/Epic Games/4.14/Engine/Plugins/Tests/RuntimeTests/RuntimeTests.uplugin
LogPluginManager: Loaded Plugin ScreenshotTools, From C:/Program Files (x86)/Epic Games/4.14/Engine/Plugins/Tests/ScreenshotTools/ScreenshotTools.uplugin
LogInit:Warning: Incompatible or missing module: UE4Editor-SuhDude.dll
Running C:/Program Files (x86)/Epic Games/4.14/Engine/Binaries/DotNET/UnrealBuildTool.exe SuhDude Development Win64 -project="C:/Users/Tristan/Documents/Tristan Work/Semester 2/comp140-gam160-game/SuhDude-Game/SuhDude.uproject" -editorrecompile -progress -noubtmakefiles -NoHotReloadFromIDE
@progress push 5%
Parsing headers for SuhDudeEditor
  Running UnrealHeaderTool "C:\Users\Tristan\Documents\Tristan Work\Semester 2\comp140-gam160-game\SuhDude-Game\SuhDude.uproject" "C:\Users\Tristan\Documents\Tristan Work\Semester 2\comp140-gam160-game\SuhDude-Game\Intermediate\Build\Win64\SuhDudeEditor\Development\SuhDudeEditor.uhtmanifest" -LogCmds="loginit warning, logexit warning, logdatabase error" -Unattended -WarningsAsErrors -installed
Reflection code generated for SuhDudeEditor in 2.0382176 seconds
@progress pop
Performing 8 actions (4 in parallel)
PCH.SuhDude.h.cpp
CppSpawner.cpp
SuhDude.generated.cpp
Server.cpp
MovingObjects.cpp
MyCharacter.cpp
SuhDude.cpp
[8/8] Link UE4Editor-SuhDude.dll
   Creating library C:\Users\Tristan\Documents\Tristan Work\Semester 2\comp140-gam160-game\SuhDude-Game\Intermediate\Build\Win64\UE4Editor\Development\UE4Editor-SuhDude.lib and object C:\Users\Tristan\Documents\Tristan Work\Semester 2\comp140-gam160-game\SuhDude-Game\Intermediate\Build\Win64\UE4Editor\Development\UE4Editor-SuhDude.exp
Total build time: 31.82 seconds
LogInit: Using libcurl 7.47.1
LogInit:  - built for x86_64-pc-win32
LogInit:  - supports SSL with OpenSSL/1.0.2g
LogInit:  - supports HTTP deflate (compression) using libz 1.2.8
LogInit:  - other features:
LogInit:      CURL_VERSION_SSL
LogInit:      CURL_VERSION_LIBZ
LogInit:      CURL_VERSION_IPV6
LogInit:      CURL_VERSION_ASYNCHDNS
LogInit:      CURL_VERSION_LARGEFILE
LogInit:      CURL_VERSION_IDN
LogInit:  CurlRequestOptions (configurable via config and command line):
LogInit:  - bVerifyPeer = false  - Libcurl will NOT verify peer certificate
LogInit:  - bUseHttpProxy = false  - Libcurl will NOT use HTTP proxy
LogInit:  - bDontReuseConnections = false  - Libcurl will reuse connections
LogInit:  - CertBundlePath = nullptr  - Libcurl will use whatever was configured at build time.
LogInit: Build: ++UE4+Release-4.14-CL-3249277
LogInit: Engine Version: 4.14.3-3249277+++UE4+Release-4.14
LogInit: Compatible Engine Version: 4.14.0-3195953+++UE4+Release-4.14
LogInit: Net CL: 3195953
LogDevObjectVersion: Number of dev versions registered: 13
LogDevObjectVersion:   Dev-Blueprints (B0D832E4-1F89-4F0D-ACCF-7EB736FD4AA2): 7
LogDevObjectVersion:   Dev-Build (E1C64328-A22C-4D53-A36C-8E866417BD8C): 0
LogDevObjectVersion:   Dev-Core (375EC13C-06E4-48FB-B500-84F0262A717E): 1
LogDevObjectVersion:   Dev-Editor (E4B068ED-F494-42E9-A231-DA0B2E46BB41): 8
LogDevObjectVersion:   Dev-Framework (CFFC743F-43B0-4480-9391-14DF171D2073): 17
LogDevObjectVersion:   Dev-Mobile (B02B49B5-BB20-44E9-A304-32B752E40360): 0
LogDevObjectVersion:   Dev-Networking (A4E4105C-59A1-49B5-A7C5-40C4547EDFEE): 0
LogDevObjectVersion:   Dev-Online (39C831C9-5AE6-47DC-9A44-9C173E1C8E7C): 0
LogDevObjectVersion:   Dev-Physics (78F01B33-EBEA-4F98-B9B4-84EACCB95AA2): 0
LogDevObjectVersion:   Dev-Platform (6631380F-2D4D-43E0-8009-CF276956A95A): 0
LogDevObjectVersion:   Dev-Rendering (12F88B9F-8875-4AFC-A67C-D90C383ABD29): 12
LogDevObjectVersion:   Dev-Sequencer (7B5AE74C-D270-4C10-A958-57980B212A5A): 1
LogDevObjectVersion:   Dev-VR (D7296918-1DD6-4BDD-9DE2-64A83CC13884): 0
LogInit: Compiled (64-bit): Jan  6 2017 10:49:43
LogInit: Compiled with Visual C++: 19.00.23026.00
LogInit: Build Configuration: Development
LogInit: Branch Name: ++UE4+Release-4.14
LogInit: Command line:  
LogInit: Base directory: C:/Program Files (x86)/Epic Games/4.14/Engine/Binaries/Win64/
LogInit: Installed Engine Build: 1
LogInit: Presizing for max 8388607 objects, including 0 objects not considered by GC, pre-allocating 0 bytes for permanent pool.
LogInit: Object subsystem initialized
[2017.03.29-20.38.44:140][  0]LogInit: Selected Device Profile: [Windows]
[2017.03.29-20.38.44:140][  0]LogInit: Applying CVar settings loaded from the selected device profile: [Windows]
[2017.03.29-20.38.44:149][  0]LogInit: Computer: DESKTOP-1CH3MM6
[2017.03.29-20.38.44:149][  0]LogInit: User: Tristan
[2017.03.29-20.38.44:149][  0]LogInit: CPU Page size=65536, Cores=4
[2017.03.29-20.38.44:149][  0]LogInit: High frequency timer resolution =3.421873 MHz
[2017.03.29-20.38.44:149][  0]LogMemory: Memory total: Physical=15.9GB (16GB approx)
[2017.03.29-20.38.44:149][  0]LogMemory: Platform Memory Stats for Windows
[2017.03.29-20.38.44:149][  0]LogMemory: Process Physical Memory: 267.87 MB used, 267.87 MB peak
[2017.03.29-20.38.44:149][  0]LogMemory: Process Virtual Memory: 262.83 MB used, 262.83 MB peak
[2017.03.29-20.38.44:149][  0]LogMemory: Physical Memory: 5232.99 MB used,  11096.52 MB free, 16329.51 MB total
[2017.03.29-20.38.44:149][  0]LogMemory: Virtual Memory: 697.46 MB used,  11096.52 MB free, 134217728.00 MB total
[2017.03.29-20.38.44:169][  0]LogTextLocalizationManager: No specific translations for ('en-GB') exist, so ('en') translations will be used.
[2017.03.29-20.38.44:600][  0]LogD3D11RHI: D3D11 adapters:
[2017.03.29-20.38.44:992][  0]LogD3D11RHI:    0. 'NVIDIA GeForce GTX 970' (Feature Level 11_0)
[2017.03.29-20.38.44:992][  0]LogD3D11RHI:       4059/0/8164 MB DedicatedVideo/DedicatedSystem/SharedSystem, Outputs:2, VendorId:0x10de
[2017.03.29-20.38.44:993][  0]LogD3D11RHI:    1. 'Microsoft Basic Render Driver' (Feature Level 11_0)
[2017.03.29-20.38.44:993][  0]LogD3D11RHI:       0/0/8164 MB DedicatedVideo/DedicatedSystem/SharedSystem, Outputs:0, VendorId:0x1414
[2017.03.29-20.38.44:993][  0]LogD3D11RHI: Chosen D3D11 Adapter: 0
[2017.03.29-20.38.44:996][  0]LogD3D11RHI: Creating new Direct3DDevice
[2017.03.29-20.38.44:996][  0]LogD3D11RHI:     GPU DeviceId: 0x13c2 (for the marketing name, search the web for "GPU Device Id")
[2017.03.29-20.38.44:996][  0]LogWindows: EnumDisplayDevices:
[2017.03.29-20.38.44:996][  0]LogWindows:    0. 'NVIDIA GeForce GTX 970' (P:1 D:1)
[2017.03.29-20.38.44:996][  0]LogWindows:    1. 'NVIDIA GeForce GTX 970' (P:0 D:1)
[2017.03.29-20.38.44:996][  0]LogWindows:    2. 'NVIDIA GeForce GTX 970' (P:0 D:0)
[2017.03.29-20.38.44:996][  0]LogWindows:    3. 'NVIDIA GeForce GTX 970' (P:0 D:0)
[2017.03.29-20.38.44:997][  0]LogWindows: DebugString: FoundDriverCount:4 
[2017.03.29-20.38.44:997][  0]LogD3D11RHI:     Adapter Name: NVIDIA GeForce GTX 970
[2017.03.29-20.38.44:997][  0]LogD3D11RHI:   Driver Version: 378.92 (internal:21.21.13.7892, unified:378.92)
[2017.03.29-20.38.44:997][  0]LogD3D11RHI:      Driver Date: 3-16-2017
[2017.03.29-20.38.44:997][  0]LogRHI: Texture pool is 1361 MB (70% of 1945 MB)
[2017.03.29-20.38.45:379][  0]LogD3D11RHI: Async texture creation enabled
[2017.03.29-20.38.45:404][  0]LogD3D11RHI: GPU Timing Frequency: 1000.000000 (Debug: 2 1)
[2017.03.29-20.38.45:404][  0]LogShaderCompilers: Guid format shader working directory is -50 characters bigger than the processId version (../../../../../../Users/Tristan/Documents/Tristan Work/Semester 2/comp140-gam160-game/SuhDude-Game/Intermediate/Shaders/WorkingDirectory/9848/).
[2017.03.29-20.38.45:404][  0]LogShaderCompilers: Cleaned the shader compiler working directory 'C:/Users/Tristan/AppData/Local/Temp/UnrealShaderWorkingDir/0A6FBEAD4F8C394DF14882BB2D4CF5AA/'.
[2017.03.29-20.38.45:404][  0]LogShaderCompilers:Display: Using Local Shader Compiler.
[2017.03.29-20.38.46:124][  0]LogTemp:Display: Loaded TP AllDesktopTargetPlatform
[2017.03.29-20.38.46:163][  0]LogTemp:Display: Loaded TP MacClientTargetPlatform
[2017.03.29-20.38.46:202][  0]LogTemp:Display: Loaded TP MacNoEditorTargetPlatform
[2017.03.29-20.38.46:241][  0]LogTemp:Display: Loaded TP MacServerTargetPlatform
[2017.03.29-20.38.46:281][  0]LogTemp:Display: Loaded TP MacTargetPlatform
[2017.03.29-20.38.46:320][  0]LogTemp:Display: Loaded TP WindowsClientTargetPlatform
[2017.03.29-20.38.46:361][  0]LogTemp:Display: Loaded TP WindowsNoEditorTargetPlatform
[2017.03.29-20.38.46:399][  0]LogTemp:Display: Loaded TP WindowsServerTargetPlatform
[2017.03.29-20.38.46:432][  0]LogTemp:Display: Loaded TP WindowsTargetPlatform
[2017.03.29-20.38.46:470][  0]LogTemp:Display: Loaded TP AndroidTargetPlatform
[2017.03.29-20.38.46:507][  0]LogTemp:Display: Loaded TP Android_ASTCTargetPlatform
[2017.03.29-20.38.46:545][  0]LogTemp:Display: Loaded TP Android_ATCTargetPlatform
[2017.03.29-20.38.46:583][  0]LogTemp:Display: Loaded TP Android_DXTTargetPlatform
[2017.03.29-20.38.46:622][  0]LogTemp:Display: Loaded TP Android_ETC1TargetPlatform
[2017.03.29-20.38.46:659][  0]LogTemp:Display: Loaded TP Android_ETC2TargetPlatform
[2017.03.29-20.38.46:735][  0]LogTemp:Display: Loaded TP Android_MultiTargetPlatform
[2017.03.29-20.38.46:735][  0]LogTemp:Display: Loaded TP Android_PVRTCTargetPlatform
[2017.03.29-20.38.46:761][  0]LogTemp:Display: Loaded TP HTML5TargetPlatform
[2017.03.29-20.38.46:827][  0]LogTemp:Display: Loaded TP IOSTargetPlatform
[2017.03.29-20.38.46:852][  0]LogTemp:Display: Loaded TP TVOSTargetPlatform
[2017.03.29-20.38.46:890][  0]LogTemp:Display: Loaded TP LinuxClientTargetPlatform
[2017.03.29-20.38.46:929][  0]LogTemp:Display: Loaded TP LinuxNoEditorTargetPlatform
[2017.03.29-20.38.46:968][  0]LogTemp:Display: Loaded TP LinuxServerTargetPlatform
[2017.03.29-20.38.47:008][  0]LogTemp:Display: Loaded TP LinuxTargetPlatform
[2017.03.29-20.38.47:008][  0]LogTargetPlatformManager:Display: Building Assets For Windows
[2017.03.29-20.38.47:295][  0]LogDerivedDataCache:Display: Max Cache Size: 512 MB
[2017.03.29-20.38.47:342][  0]LogDerivedDataCache: Loaded boot cache 0.05s 62MB C:/Users/Tristan/AppData/Local/UnrealEngine/4.14/DerivedDataCache/Boot.ddc.
[2017.03.29-20.38.47:342][  0]LogDerivedDataCache:Display: Loaded Boot cache: C:/Users/Tristan/AppData/Local/UnrealEngine/4.14/DerivedDataCache/Boot.ddc
[2017.03.29-20.38.47:343][  0]LogDerivedDataCache: FDerivedDataBackendGraph:  Pak pak cache file ../../../../../../Users/Tristan/Documents/Tristan Work/Semester 2/comp140-gam160-game/SuhDude-Game/DerivedDataCache/DDC.ddp not found, will not use a pak cache.
[2017.03.29-20.38.47:343][  0]LogDerivedDataCache: Unable to find inner node Pak for hierarchical cache Hierarchy.
[2017.03.29-20.38.47:343][  0]LogDerivedDataCache: FDerivedDataBackendGraph:  CompressedPak pak cache file ../../../../../../Users/Tristan/Documents/Tristan Work/Semester 2/comp140-gam160-game/SuhDude-Game/DerivedDataCache/Compressed.ddp not found, will not use a pak cache.
[2017.03.29-20.38.47:343][  0]LogDerivedDataCache: Unable to find inner node CompressedPak for hierarchical cache Hierarchy.
[2017.03.29-20.38.47:355][  0]LogDerivedDataCache:Display: Pak cache opened for reading ../../../Engine/DerivedDataCache/Compressed.ddp.
[2017.03.29-20.38.47:366][  0]LogDerivedDataCache: Using Local data cache path C:/Users/Tristan/AppData/Local/UnrealEngine/Common/DerivedDataCache: Writable
[2017.03.29-20.38.47:506][  0]LogInit: Selected Device Profile: [Windows]
[2017.03.29-20.38.47:508][  0]LogContentStreaming: Texture pool size is 0.00 MB
[2017.03.29-20.38.47:653][  0]LogMeshUtilities: Using QuadricMeshReduction for automatic static mesh reduction
[2017.03.29-20.38.47:682][  0]LogSimplygon: Simplygon DLL not present - disabling.
[2017.03.29-20.38.47:716][  0]LogMeshUtilities: Using SimplygonSwarm for distributed automatic mesh merging
[2017.03.29-20.38.47:716][  0]LogMeshUtilities: No automatic skeletal mesh reduction module available
[2017.03.29-20.38.47:716][  0]LogMeshUtilities: No automatic mesh merging module available
[2017.03.29-20.38.48:093][  0]LogNetVersion: GetLocalNetworkVersion: CL: 3195953, ProjectName: suhdude, ProjectVersion: , EngineNetworkVersion: 2, GameNetworkVersion: 0, NetworkChecksum: 1980303672
[2017.03.29-20.38.48:138][  0]LogAssetRegistry: FAssetRegistry took 0.0216 seconds to start up
[2017.03.29-20.38.48:176][  0]LogPackageLocalizationCache: Processed 3 localized package path(s) for 2 prioritized culture(s) in 0.022707 seconds
[2017.03.29-20.38.48:181][  0]LogUObjectArray: 31946 objects as part of root set at end of initial load.
[2017.03.29-20.38.48:181][  0]LogUObjectAllocator: 6935840 out of 0 bytes used by permanent object pool.
[2017.03.29-20.38.48:181][  0]LogUObjectArray: CloseDisregardForGC: 0/0 objects in disregard for GC pool
[2017.03.29-20.38.48:230][  0]LogInit: WinSock: version 1.1 (2.2), MaxSocks=32767, MaxUdp=65467
[2017.03.29-20.38.48:801][  0]LogSlate: Using Freetype 2.6.0
[2017.03.29-20.38.48:801][  0]LogSlate: SlateFontCache - WITH_FREETYPE: 1, WITH_HARFBUZZ: 1
[2017.03.29-20.38.48:801][  0]LogSlate: SlateFontCache - WITH_FREETYPE: 1, WITH_HARFBUZZ: 1
[2017.03.29-20.38.49:389][  0]LogTcpMessaging: Initializing TcpMessaging bridge
[2017.03.29-20.38.49:421][  0]LogUdpMessaging: Initializing bridge on interface 0.0.0.0:0 to multicast group 230.0.0.1:6666.
[2017.03.29-20.38.49:796][  0]LogMaterial: Uniform references updated for custom material expression Custom.
[2017.03.29-20.38.50:077][  0]SourceControl: Info Source control is disabled
[2017.03.29-20.38.50:102][  0]SourceControl: Info Source control is disabled
[2017.03.29-20.38.50:138][  0]SourceControl: Info Source control is disabled
[2017.03.29-20.38.50:173][  0]SourceControl: Info Source control is disabled
[2017.03.29-20.38.51:076][  0]LogEngine: Initializing Engine...
[2017.03.29-20.38.51:076][  0]LogHMD: Failed to initialize OpenVR with code 110
[2017.03.29-20.38.51:254][  0]LogAIModule: Creating AISystem for world Untitled
[2017.03.29-20.38.51:263][  0]LogInit: XAudio2 using 'Speakers (Realtek High Definition Audio)' : 6 channels at 48 kHz using 32 bits per sample (channel mask 0x60f)
[2017.03.29-20.38.51:273][  0]LogInit: FAudioDevice initialized.
[2017.03.29-20.38.51:299][  0]LogDerivedDataCache: Saved boot cache 0.03s 55MB C:/Users/Tristan/AppData/Local/UnrealEngine/4.14/DerivedDataCache/Boot.ddc.
[2017.03.29-20.38.51:308][  0]LogInit: Texture streaming: Enabled
[2017.03.29-20.38.51:436][  0]LogInit: Transaction tracking system initialized
[2017.03.29-20.38.51:674][  0]BlueprintLog: New page: Editor Load
[2017.03.29-20.38.52:314][  0]LocalizationService: Info Localization service is disabled
[2017.03.29-20.38.52:770][  0]LogConsoleResponse:Display: 
[2017.03.29-20.38.52:866][  0]LogCook:Display: Max memory allowance for cook 16384mb min free memory 0mb
[2017.03.29-20.38.52:866][  0]LogCook:Display: Mobile HDR setting 1
[2017.03.29-20.38.53:169][  0]LogFileCache: Scanning file cache for directory 'C:/Users/Tristan/Documents/Tristan Work/Semester 2/comp140-gam160-game/SuhDude-Game/Content/' took 0.01s
[2017.03.29-20.38.53:556][  0]SourceControl: Info Source control is disabled
[2017.03.29-20.38.53:556][  0]Cmd: MAP LOAD FILE="../../../../../../Users/Tristan/Documents/Tristan Work/Semester 2/comp140-gam160-game/SuhDude-Game/Content/Maps/MenuLevel.umap" TEMPLATE=0 SHOWPROGRESS=1 FEATURELEVEL=3
[2017.03.29-20.38.53:556][  0]LightingResults: New page: Lighting Build
[2017.03.29-20.38.53:584][  0]MapCheck: New page: Map Check
[2017.03.29-20.38.53:584][  0]LightingResults: New page: Lighting Build
[2017.03.29-20.38.53:985][  0]LogAIModule: Creating AISystem for world MenuLevel
[2017.03.29-20.38.53:991][  0]LogEditorServer: Finished looking for orphan Actors (0.000 secs)
[2017.03.29-20.38.53:991][  0]Cmd: MAP CHECKDEP NOCLEARLOG
[2017.03.29-20.38.54:022][  0]MapCheck: Info Map check complete: 0 Error(s), 0 Warning(s), took 30.733ms to complete.
[2017.03.29-20.38.54:022][  0]LogFileHelpers: Loading map 'MenuLevel' took 0.466
[2017.03.29-20.38.54:089][  0]LogWindowsTextInputMethodSystem:Display: IME system now deactivated.
[2017.03.29-20.38.54:148][  0]LogCollectionManager: Loaded 0 collections in 0.001532 seconds
[2017.03.29-20.38.54:221][  0]LogFileCache: Scanning file cache for directory 'C:/Users/Tristan/Documents/Tristan Work/Semester 2/comp140-gam160-game/SuhDude-Game/Saved/Collections/' took 0.01s
[2017.03.29-20.38.54:221][  0]LogFileCache: Scanning file cache for directory 'C:/Users/Tristan/Documents/Tristan Work/Semester 2/comp140-gam160-game/SuhDude-Game/Content/Developers/Tristan/Collections/' took 0.01s
[2017.03.29-20.38.54:221][  0]LogFileCache: Scanning file cache for directory 'C:/Users/Tristan/Documents/Tristan Work/Semester 2/comp140-gam160-game/SuhDude-Game/Content/Collections/' took 0.01s
[2017.03.29-20.38.54:221][  0]LogCollectionManager: Rebuilt the GUID cache for 0 collections in 0.000001 seconds
[2017.03.29-20.38.54:229][  0]LogContentBrowser: Native class hierarchy populated in 0.0076 seconds. Added 2194 classes and 430 folders.
[2017.03.29-20.38.54:261][  0]LogStats: UGameplayTagsManager::ConstructGameplayTagTree: Construct from data asset -  0.000 s
[2017.03.29-20.38.54:261][  0]LogStats: UGameplayTagsManager::ConstructGameplayTagTree: GameplayTagTreeChangedEvent.Broadcast -  0.000 s
[2017.03.29-20.38.54:262][  0]LogContentBrowser: Native class hierarchy updated for 'GameplayTags' in 0.0009 seconds. Added 13 classes and 0 folders.
[2017.03.29-20.38.54:310][  0]LogContentBrowser: Native class hierarchy updated for 'WidgetCarousel' in 0.0008 seconds. Added 0 classes and 0 folders.
[2017.03.29-20.38.54:337][  0]LogContentBrowser: Native class hierarchy updated for 'AddContentDialog' in 0.0008 seconds. Added 0 classes and 0 folders.
[2017.03.29-20.38.54:369][  0]LogContentBrowser: Native class hierarchy updated for 'SceneOutliner' in 0.0009 seconds. Added 1 classes and 2 folders.
[2017.03.29-20.38.54:398][  0]LogCrashTracker: Crashtracker disabled due to settings.
[2017.03.29-20.38.54:403][  0]LogUObjectGlobals:Warning: Failed to find object 'Class None.'
[2017.03.29-20.38.54:456][  0]LogContentBrowser: Native class hierarchy updated for 'HierarchicalLODOutliner' in 0.0009 seconds. Added 1 classes and 2 folders.
[2017.03.29-20.38.54:456][  0]LogLoad: (Engine Initialization) Total time: 45.72 seconds
[2017.03.29-20.38.54:456][  0]LogLoad: (Engine Initialization) Total Blueprint compile time: 0.10 seconds
[2017.03.29-20.38.54:456][  0]LogExternalProfiler: Found external profiler: VSPerf
[2017.03.29-20.38.54:456][  0]LogExternalProfiler: Using external profiler: VSPerf
[2017.03.29-20.38.54:465][  0]LogOcInput: OculusInput pre-init called
[2017.03.29-20.38.54:490][  0]LogAssetRegistry: Asset discovery search completed in 6.3734 seconds
[2017.03.29-20.38.54:490][  0]LogCollectionManager: Rebuilt the object cache for 0 collections in 0.000001 seconds (found 0 objects)
[2017.03.29-20.38.54:490][  0]LogCollectionManager: Fixed up redirectors for 0 collections in 0.000011 seconds (updated 0 objects)
[2017.03.29-20.38.54:491][  0]LogContentStreaming: Texture pool size now 1000 MB
[2017.03.29-20.38.54:592][  0]LogRenderer: Reallocating scene render targets to support 1288x556 NumSamples 1 (Frame:2).
[2017.03.29-20.38.54:653][  1]LogFileCache: Retrieving MD5 hashes for directory 'C:/Users/Tristan/Documents/Tristan Work/Semester 2/comp140-gam160-game/SuhDude-Game/Content/' took 0.18s
[2017.03.29-20.39.00:326][625]LogContentBrowser: Native class hierarchy updated for 'BlueprintGraph' in 0.0012 seconds. Added 111 classes and 0 folders.
[2017.03.29-20.39.08:191][421]LogTemp: Repeting last play command: New Editor Window (PIE)
[2017.03.29-20.39.08:208][421]LogBlueprintUserMessages: Early PlayInEditor Detection: Level '/Game/Maps/MenuLevel.MenuLevel:PersistentLevel' has LevelScriptBlueprint '/Game/Maps/MenuLevel.MenuLevel:PersistentLevel.MenuLevel' with GeneratedClass '/Game/Maps/MenuLevel.MenuLevel_C' with ClassGeneratedBy '/Game/Maps/MenuLevel.MenuLevel:PersistentLevel.MenuLevel'
[2017.03.29-20.39.08:209][421]LogPlayLevel: PlayLevel: No blueprints needed recompiling
[2017.03.29-20.39.08:212][421]PIE: New page: PIE session: MenuLevel (29 Mar 2017 22:39:08)
[2017.03.29-20.39.08:213][421]LogPlayLevel: Creating play world package: /Game/Maps/UEDPIE_0_MenuLevel
[2017.03.29-20.39.08:218][421]LogPlayLevel: PIE: StaticDuplicateObject took: (0.004858s)
[2017.03.29-20.39.08:219][421]LogAIModule: Creating AISystem for world MenuLevel
[2017.03.29-20.39.08:219][421]LogPlayLevel: PIE: World Init took: (0.000604s)
[2017.03.29-20.39.08:219][421]LogPlayLevel: PIE: Created PIE world by copying editor world from /Game/Maps/MenuLevel.MenuLevel to /Game/Maps/UEDPIE_0_MenuLevel.MenuLevel (0.006018s)
[2017.03.29-20.39.08:245][421]LogInit: XAudio2 using 'Speakers (Realtek High Definition Audio)' : 6 channels at 48 kHz using 32 bits per sample (channel mask 0x60f)
[2017.03.29-20.39.08:250][421]LogInit: FAudioDevice initialized.
[2017.03.29-20.39.08:353][421]LogLoad: Game class is 'MenuGameMode_C'
[2017.03.29-20.39.08:365][421]LogWorld: Bringing World /Game/Maps/UEDPIE_0_MenuLevel.MenuLevel up for play (max tick rate 0) at 2017.03.29-21.39.08
[2017.03.29-20.39.08:374][421]LogWorld: Bringing up level for play took: 0.008943
[2017.03.29-20.39.08:416][421]LogContentBrowser: Native class hierarchy updated for 'MovieSceneCapture' in 0.0009 seconds. Added 11 classes and 0 folders.
[2017.03.29-20.39.08:416][421]LogGameMode:Display: Match State Changed from EnteringMap to WaitingToStart
[2017.03.29-20.39.08:418][421]LogGameState: Match State Changed from EnteringMap to WaitingToStart
[2017.03.29-20.39.08:418][421]LogGameMode:Display: Match State Changed from WaitingToStart to InProgress
[2017.03.29-20.39.08:428][421]LogGameState: Match State Changed from WaitingToStart to InProgress
[2017.03.29-20.39.08:433][421]PIE: Info Play in editor start time for /Game/Maps/UEDPIE_0_MenuLevel 0.611
[2017.03.29-20.39.08:434][421]LogBlueprintUserMessages: Late PlayInEditor Detection: Level '/Game/Maps/MenuLevel.MenuLevel:PersistentLevel' has LevelScriptBlueprint '/Game/Maps/MenuLevel.MenuLevel:PersistentLevel.MenuLevel' with GeneratedClass '/Game/Maps/MenuLevel.MenuLevel_C' with ClassGeneratedBy '/Game/Maps/MenuLevel.MenuLevel:PersistentLevel.MenuLevel'
[2017.03.29-20.39.08:467][421]LogRenderer: Reallocating scene render targets to support 1292x756 NumSamples 1 (Frame:5).
[2017.03.29-20.39.12:400][883]LogBlueprintUserMessages: Early EndPlayMap Detection: Level '/Game/Maps/MenuLevel.MenuLevel:PersistentLevel' has LevelScriptBlueprint '/Game/Maps/MenuLevel.MenuLevel:PersistentLevel.MenuLevel' with GeneratedClass '/Game/Maps/MenuLevel.MenuLevel_C' with ClassGeneratedBy '/Game/Maps/MenuLevel.MenuLevel:PersistentLevel.MenuLevel'
[2017.03.29-20.39.12:430][883]LogBlueprintUserMessages: Late EndPlayMap Detection: Level '/Game/Maps/MenuLevel.MenuLevel:PersistentLevel' has LevelScriptBlueprint '/Game/Maps/MenuLevel.MenuLevel:PersistentLevel.MenuLevel' with GeneratedClass '/Game/Maps/MenuLevel.MenuLevel_C' with ClassGeneratedBy '/Game/Maps/MenuLevel.MenuLevel:PersistentLevel.MenuLevel'
[2017.03.29-20.39.37:090][796]LogTemp: Repeting last play command: New Editor Window (PIE)
[2017.03.29-20.39.37:106][796]LogBlueprintUserMessages: Early PlayInEditor Detection: Level '/Game/Maps/MenuLevel.MenuLevel:PersistentLevel' has LevelScriptBlueprint '/Game/Maps/MenuLevel.MenuLevel:PersistentLevel.MenuLevel' with GeneratedClass '/Game/Maps/MenuLevel.MenuLevel_C' with ClassGeneratedBy '/Game/Maps/MenuLevel.MenuLevel:PersistentLevel.MenuLevel'
[2017.03.29-20.39.37:106][796]LogPlayLevel: PlayLevel: No blueprints needed recompiling
[2017.03.29-20.39.37:106][796]PIE: New page: PIE session: MenuLevel (29 Mar 2017 22:39:37)
[2017.03.29-20.39.37:107][796]LogPlayLevel: Creating play world package: /Game/Maps/UEDPIE_0_MenuLevel
[2017.03.29-20.39.37:108][796]LogPlayLevel: PIE: StaticDuplicateObject took: (0.001843s)
[2017.03.29-20.39.37:109][796]LogAIModule: Creating AISystem for world MenuLevel
[2017.03.29-20.39.37:109][796]LogPlayLevel: PIE: World Init took: (0.000645s)
[2017.03.29-20.39.37:109][796]LogPlayLevel: PIE: Created PIE world by copying editor world from /Game/Maps/MenuLevel.MenuLevel to /Game/Maps/UEDPIE_0_MenuLevel.MenuLevel (0.002650s)
[2017.03.29-20.39.37:124][796]LogInit: XAudio2 using 'Speakers (Realtek High Definition Audio)' : 6 channels at 48 kHz using 32 bits per sample (channel mask 0x60f)
[2017.03.29-20.39.37:130][796]LogInit: FAudioDevice initialized.
[2017.03.29-20.39.37:197][796]LogLoad: Game class is 'MenuGameMode_C'
[2017.03.29-20.39.37:198][796]LogWorld: Bringing World /Game/Maps/UEDPIE_0_MenuLevel.MenuLevel up for play (max tick rate 0) at 2017.03.29-21.39.37
[2017.03.29-20.39.37:199][796]LogWorld: Bringing up level for play took: 0.000867
[2017.03.29-20.39.37:199][796]LogGameMode:Display: Match State Changed from EnteringMap to WaitingToStart
[2017.03.29-20.39.37:199][796]LogGameState: Match State Changed from EnteringMap to WaitingToStart
[2017.03.29-20.39.37:199][796]LogGameMode:Display: Match State Changed from WaitingToStart to InProgress
[2017.03.29-20.39.37:201][796]LogGameState: Match State Changed from WaitingToStart to InProgress
[2017.03.29-20.39.37:205][796]PIE: Info Play in editor start time for /Game/Maps/UEDPIE_0_MenuLevel -0.617
[2017.03.29-20.39.37:205][796]LogBlueprintUserMessages: Late PlayInEditor Detection: Level '/Game/Maps/MenuLevel.MenuLevel:PersistentLevel' has LevelScriptBlueprint '/Game/Maps/MenuLevel.MenuLevel:PersistentLevel.MenuLevel' with GeneratedClass '/Game/Maps/MenuLevel.MenuLevel_C' with ClassGeneratedBy '/Game/Maps/MenuLevel.MenuLevel:PersistentLevel.MenuLevel'
[2017.03.29-20.39.52:909][621]LogBlueprintUserMessages: Early EndPlayMap Detection: Level '/Game/Maps/MenuLevel.MenuLevel:PersistentLevel' has LevelScriptBlueprint '/Game/Maps/MenuLevel.MenuLevel:PersistentLevel.MenuLevel' with GeneratedClass '/Game/Maps/MenuLevel.MenuLevel_C' with ClassGeneratedBy '/Game/Maps/MenuLevel.MenuLevel:PersistentLevel.MenuLevel'
[2017.03.29-20.39.52:980][621]LogBlueprintUserMessages: Late EndPlayMap Detection: Level '/Game/Maps/MenuLevel.MenuLevel:PersistentLevel' has LevelScriptBlueprint '/Game/Maps/MenuLevel.MenuLevel:PersistentLevel.MenuLevel' with GeneratedClass '/Game/Maps/MenuLevel.MenuLevel_C' with ClassGeneratedBy '/Game/Maps/MenuLevel.MenuLevel:PersistentLevel.MenuLevel'
[2017.03.29-20.39.55:210][780]LogTemp: Repeting last play command: New Editor Window (PIE)
[2017.03.29-20.39.55:223][780]LogBlueprintUserMessages: Early PlayInEditor Detection: Level '/Game/Maps/MenuLevel.MenuLevel:PersistentLevel' has LevelScriptBlueprint '/Game/Maps/MenuLevel.MenuLevel:PersistentLevel.MenuLevel' with GeneratedClass '/Game/Maps/MenuLevel.MenuLevel_C' with ClassGeneratedBy '/Game/Maps/MenuLevel.MenuLevel:PersistentLevel.MenuLevel'
[2017.03.29-20.39.55:223][780]LogPlayLevel: PlayLevel: No blueprints needed recompiling
[2017.03.29-20.39.55:223][780]PIE: New page: PIE session: MenuLevel (29 Mar 2017 22:39:55)
[2017.03.29-20.39.55:224][780]LogPlayLevel: Creating play world package: /Game/Maps/UEDPIE_0_MenuLevel
[2017.03.29-20.39.55:226][780]LogPlayLevel: PIE: StaticDuplicateObject took: (0.001790s)
[2017.03.29-20.39.55:226][780]LogAIModule: Creating AISystem for world MenuLevel
[2017.03.29-20.39.55:226][780]LogPlayLevel: PIE: World Init took: (0.000685s)
[2017.03.29-20.39.55:226][780]LogPlayLevel: PIE: Created PIE world by copying editor world from /Game/Maps/MenuLevel.MenuLevel to /Game/Maps/UEDPIE_0_MenuLevel.MenuLevel (0.002648s)
[2017.03.29-20.39.55:245][780]LogInit: XAudio2 using 'Speakers (Realtek High Definition Audio)' : 6 channels at 48 kHz using 32 bits per sample (channel mask 0x60f)
[2017.03.29-20.39.55:253][780]LogInit: FAudioDevice initialized.
[2017.03.29-20.39.55:501][780]LogLoad: Game class is 'MenuGameMode_C'
[2017.03.29-20.39.55:502][780]LogWorld: Bringing World /Game/Maps/UEDPIE_0_MenuLevel.MenuLevel up for play (max tick rate 0) at 2017.03.29-21.39.55
[2017.03.29-20.39.55:502][780]LogWorld: Bringing up level for play took: 0.001079
[2017.03.29-20.39.55:503][780]LogGameMode:Display: Match State Changed from EnteringMap to WaitingToStart
[2017.03.29-20.39.55:503][780]LogGameState: Match State Changed from EnteringMap to WaitingToStart
[2017.03.29-20.39.55:503][780]LogGameMode:Display: Match State Changed from WaitingToStart to InProgress
[2017.03.29-20.39.55:509][780]LogGameState: Match State Changed from WaitingToStart to InProgress
[2017.03.29-20.39.55:513][780]PIE: Info Play in editor start time for /Game/Maps/UEDPIE_0_MenuLevel -0.31
[2017.03.29-20.39.55:513][780]LogBlueprintUserMessages: Late PlayInEditor Detection: Level '/Game/Maps/MenuLevel.MenuLevel:PersistentLevel' has LevelScriptBlueprint '/Game/Maps/MenuLevel.MenuLevel:PersistentLevel.MenuLevel' with GeneratedClass '/Game/Maps/MenuLevel.MenuLevel_C' with ClassGeneratedBy '/Game/Maps/MenuLevel.MenuLevel:PersistentLevel.MenuLevel'
[2017.03.29-20.39.59:785][962]LogBlueprintUserMessages: Early EndPlayMap Detection: Level '/Game/Maps/MenuLevel.MenuLevel:PersistentLevel' has LevelScriptBlueprint '/Game/Maps/MenuLevel.MenuLevel:PersistentLevel.MenuLevel' with GeneratedClass '/Game/Maps/MenuLevel.MenuLevel_C' with ClassGeneratedBy '/Game/Maps/MenuLevel.MenuLevel:PersistentLevel.MenuLevel'
[2017.03.29-20.39.59:862][962]LogBlueprintUserMessages: Late EndPlayMap Detection: Level '/Game/Maps/MenuLevel.MenuLevel:PersistentLevel' has LevelScriptBlueprint '/Game/Maps/MenuLevel.MenuLevel:PersistentLevel.MenuLevel' with GeneratedClass '/Game/Maps/MenuLevel.MenuLevel_C' with ClassGeneratedBy '/Game/Maps/MenuLevel.MenuLevel:PersistentLevel.MenuLevel'
[2017.03.29-20.40.03:784][974]LogTemp: Repeting last play command: New Editor Window (PIE)
[2017.03.29-20.40.03:797][974]LogBlueprintUserMessages: Early PlayInEditor Detection: Level '/Game/Maps/MenuLevel.MenuLevel:PersistentLevel' has LevelScriptBlueprint '/Game/Maps/MenuLevel.MenuLevel:PersistentLevel.MenuLevel' with GeneratedClass '/Game/Maps/MenuLevel.MenuLevel_C' with ClassGeneratedBy '/Game/Maps/MenuLevel.MenuLevel:PersistentLevel.MenuLevel'
[2017.03.29-20.40.03:797][974]LogPlayLevel: PlayLevel: No blueprints needed recompiling
[2017.03.29-20.40.03:797][974]PIE: New page: PIE session: MenuLevel (29 Mar 2017 22:40:03)
[2017.03.29-20.40.03:798][974]LogPlayLevel: Creating play world package: /Game/Maps/UEDPIE_0_MenuLevel
[2017.03.29-20.40.03:799][974]LogPlayLevel: PIE: StaticDuplicateObject took: (0.001636s)
[2017.03.29-20.40.03:800][974]LogAIModule: Creating AISystem for world MenuLevel
[2017.03.29-20.40.03:800][974]LogPlayLevel: PIE: World Init took: (0.000598s)
[2017.03.29-20.40.03:800][974]LogPlayLevel: PIE: Created PIE world by copying editor world from /Game/Maps/MenuLevel.MenuLevel to /Game/Maps/UEDPIE_0_MenuLevel.MenuLevel (0.002417s)
[2017.03.29-20.40.03:818][974]LogInit: XAudio2 using 'Speakers (Realtek High Definition Audio)' : 6 channels at 48 kHz using 32 bits per sample (channel mask 0x60f)
[2017.03.29-20.40.03:824][974]LogInit: FAudioDevice initialized.
[2017.03.29-20.40.03:886][974]LogLoad: Game class is 'MenuGameMode_C'
[2017.03.29-20.40.03:887][974]LogWorld: Bringing World /Game/Maps/UEDPIE_0_MenuLevel.MenuLevel up for play (max tick rate 0) at 2017.03.29-21.40.03
[2017.03.29-20.40.03:887][974]LogWorld: Bringing up level for play took: 0.000952
[2017.03.29-20.40.03:888][974]LogGameMode:Display: Match State Changed from EnteringMap to WaitingToStart
[2017.03.29-20.40.03:888][974]LogGameState: Match State Changed from EnteringMap to WaitingToStart
[2017.03.29-20.40.03:888][974]LogGameMode:Display: Match State Changed from WaitingToStart to InProgress
[2017.03.29-20.40.03:890][974]LogGameState: Match State Changed from WaitingToStart to InProgress
[2017.03.29-20.40.03:893][974]PIE: Info Play in editor start time for /Game/Maps/UEDPIE_0_MenuLevel 0.071
[2017.03.29-20.40.03:893][974]LogBlueprintUserMessages: Late PlayInEditor Detection: Level '/Game/Maps/MenuLevel.MenuLevel:PersistentLevel' has LevelScriptBlueprint '/Game/Maps/MenuLevel.MenuLevel:PersistentLevel.MenuLevel' with GeneratedClass '/Game/Maps/MenuLevel.MenuLevel_C' with ClassGeneratedBy '/Game/Maps/MenuLevel.MenuLevel:PersistentLevel.MenuLevel'
[2017.03.29-20.40.09:394][348]LogBlueprintUserMessages: Early EndPlayMap Detection: Level '/Game/Maps/MenuLevel.MenuLevel:PersistentLevel' has LevelScriptBlueprint '/Game/Maps/MenuLevel.MenuLevel:PersistentLevel.MenuLevel' with GeneratedClass '/Game/Maps/MenuLevel.MenuLevel_C' with ClassGeneratedBy '/Game/Maps/MenuLevel.MenuLevel:PersistentLevel.MenuLevel'
[2017.03.29-20.40.09:427][348]LogBlueprintUserMessages: Late EndPlayMap Detection: Level '/Game/Maps/MenuLevel.MenuLevel:PersistentLevel' has LevelScriptBlueprint '/Game/Maps/MenuLevel.MenuLevel:PersistentLevel.MenuLevel' with GeneratedClass '/Game/Maps/MenuLevel.MenuLevel_C' with ClassGeneratedBy '/Game/Maps/MenuLevel.MenuLevel:PersistentLevel.MenuLevel'
[2017.03.29-20.40.14:786][820]BlueprintLog: New page: Compile HttpActor
[2017.03.29-20.40.23:279][801]LogTemp: Repeting last play command: New Editor Window (PIE)
[2017.03.29-20.40.23:295][801]LogBlueprintUserMessages: Early PlayInEditor Detection: Level '/Game/Maps/MenuLevel.MenuLevel:PersistentLevel' has LevelScriptBlueprint '/Game/Maps/MenuLevel.MenuLevel:PersistentLevel.MenuLevel' with GeneratedClass '/Game/Maps/MenuLevel.MenuLevel_C' with ClassGeneratedBy '/Game/Maps/MenuLevel.MenuLevel:PersistentLevel.MenuLevel'
[2017.03.29-20.40.23:295][801]LogPlayLevel: PlayLevel: No blueprints needed recompiling
[2017.03.29-20.40.23:295][801]PIE: New page: PIE session: MenuLevel (29 Mar 2017 22:40:23)
[2017.03.29-20.40.23:296][801]LogPlayLevel: Creating play world package: /Game/Maps/UEDPIE_0_MenuLevel
[2017.03.29-20.40.23:297][801]LogPlayLevel: PIE: StaticDuplicateObject took: (0.001443s)
[2017.03.29-20.40.23:298][801]LogAIModule: Creating AISystem for world MenuLevel
[2017.03.29-20.40.23:298][801]LogPlayLevel: PIE: World Init took: (0.000543s)
[2017.03.29-20.40.23:298][801]LogPlayLevel: PIE: Created PIE world by copying editor world from /Game/Maps/MenuLevel.MenuLevel to /Game/Maps/UEDPIE_0_MenuLevel.MenuLevel (0.002132s)
[2017.03.29-20.40.23:313][801]LogInit: XAudio2 using 'Speakers (Realtek High Definition Audio)' : 6 channels at 48 kHz using 32 bits per sample (channel mask 0x60f)
[2017.03.29-20.40.23:319][801]LogInit: FAudioDevice initialized.
[2017.03.29-20.40.23:381][801]LogLoad: Game class is 'MenuGameMode_C'
[2017.03.29-20.40.23:383][801]LogWorld: Bringing World /Game/Maps/UEDPIE_0_MenuLevel.MenuLevel up for play (max tick rate 0) at 2017.03.29-21.40.23
[2017.03.29-20.40.23:383][801]LogWorld: Bringing up level for play took: 0.000858
[2017.03.29-20.40.23:383][801]LogGameMode:Display: Match State Changed from EnteringMap to WaitingToStart
[2017.03.29-20.40.23:383][801]LogGameState: Match State Changed from EnteringMap to WaitingToStart
[2017.03.29-20.40.23:383][801]LogGameMode:Display: Match State Changed from WaitingToStart to InProgress
[2017.03.29-20.40.23:385][801]LogGameState: Match State Changed from WaitingToStart to InProgress
[2017.03.29-20.40.23:388][801]PIE: Info Play in editor start time for /Game/Maps/UEDPIE_0_MenuLevel -0.435
[2017.03.29-20.40.23:388][801]LogBlueprintUserMessages: Late PlayInEditor Detection: Level '/Game/Maps/MenuLevel.MenuLevel:PersistentLevel' has LevelScriptBlueprint '/Game/Maps/MenuLevel.MenuLevel:PersistentLevel.MenuLevel' with GeneratedClass '/Game/Maps/MenuLevel.MenuLevel_C' with ClassGeneratedBy '/Game/Maps/MenuLevel.MenuLevel:PersistentLevel.MenuLevel'
[2017.03.29-20.40.49:626][705]LogGameMode:Display: Match State Changed from InProgress to LeavingMap
[2017.03.29-20.40.49:626][705]LogGameState: Match State Changed from InProgress to LeavingMap
[2017.03.29-20.40.49:626][705]LogNet: Browse: /Game/Maps/Map1
[2017.03.29-20.40.49:627][705]LogLoad: LoadMap: /Game/Maps/Map1
[2017.03.29-20.40.49:640][705]Cmd: MEM
[2017.03.29-20.40.49:656][705]LogMemory: Platform Memory Stats for Windows
[2017.03.29-20.40.49:656][705]LogMemory: Process Physical Memory: 1259.25 MB used, 1353.99 MB peak
[2017.03.29-20.40.49:656][705]LogMemory: Process Virtual Memory: 1639.22 MB used, 1776.97 MB peak
[2017.03.29-20.40.49:656][705]LogMemory: Physical Memory: 6260.67 MB used,  10068.84 MB free, 16329.51 MB total
[2017.03.29-20.40.49:656][705]LogMemory: Virtual Memory: 2610.78 MB used,  10068.84 MB free, 134217728.00 MB total
[2017.03.29-20.40.49:656][705]LogMemory: 
[2017.03.29-20.40.49:656][705]Allocator Stats for TBB: (not implemented)
[2017.03.29-20.41.00:297][705]LogStats: FPlatformStackWalk::StackWalkAndDump - 10.285 s
[2017.03.29-20.41.00:297][705]LogOutputDevice:Error: === Handled ensure: ===
[2017.03.29-20.41.00:297][705]LogOutputDevice:Error: 
[2017.03.29-20.41.00:297][705]LogOutputDevice:Error: Ensure condition failed: IsObjectValidForDatabase(AssetObject) [File:D:\Build\++UE4+Release-4.14+Compile\Sync\Engine\Source\Editor\BlueprintGraph\Private\BlueprintActionDatabase.cpp] [Line: 1263]
[2017.03.29-20.41.00:297][705]LogOutputDevice:Error: 
[2017.03.29-20.41.00:297][705]LogOutputDevice:Error: Stack: 
[2017.03.29-20.41.00:297][705]LogOutputDevice:Error: UE4Editor-Core.dll!FWindowsPlatformStackWalk::StackWalkAndDump() [d:\build\++ue4+release-4.14+compile\sync\engine\source\runtime\core\private\windows\windowsplatformstackwalk.cpp:185]
[2017.03.29-20.41.00:297][705]LogOutputDevice:Error: UE4Editor-Core.dll!FDebug::EnsureFailed() [d:\build\++ue4+release-4.14+compile\sync\engine\source\runtime\core\private\misc\assertionmacros.cpp:216]
[2017.03.29-20.41.00:297][705]LogOutputDevice:Error: UE4Editor-Core.dll!FDebug::OptionallyLogFormattedEnsureMessageReturningFalse() [d:\build\++ue4+release-4.14+compile\sync\engine\source\runtime\core\private\misc\assertionmacros.cpp:343]
[2017.03.29-20.41.00:297][705]LogOutputDevice:Error: UE4Editor-BlueprintGraph.dll!FBlueprintActionDatabase::RefreshAssetActions() [d:\build\++ue4+release-4.14+compile\sync\engine\source\editor\blueprintgraph\private\blueprintactiondatabase.cpp:1263]
[2017.03.29-20.41.00:297][705]LogOutputDevice:Error: UE4Editor-BlueprintGraph.dll!TBaseStaticDelegateInstance<void __cdecl(UObject * __ptr64)>::ExecuteIfSafe() [d:\build\++ue4+release-4.14+compile\sync\engine\source\runtime\core\public\delegates\delegateinstancesimpl.h:1018]
[2017.03.29-20.41.00:297][705]LogOutputDevice:Error: UE4Editor-CoreUObject.dll!TBaseMulticastDelegate<void,UObject * __ptr64>::Broadcast() [d:\build\++ue4+release-4.14+compile\sync\engine\source\runtime\core\public\delegates\delegatesignatureimpl.inl:922]
[2017.03.29-20.41.00:297][705]LogOutputDevice:Error: UE4Editor-CoreUObject.dll!EndLoad() [d:\build\++ue4+release-4.14+compile\sync\engine\source\runtime\coreuobject\private\uobject\uobjectglobals.cpp:1630]
[2017.03.29-20.41.00:297][705]LogOutputDevice:Error: UE4Editor-CoreUObject.dll!LoadPackageInternalInner() [d:\build\++ue4+release-4.14+compile\sync\engine\source\runtime\coreuobject\private\uobject\uobjectglobals.cpp:1281]
[2017.03.29-20.41.00:297][705]LogOutputDevice:Error: UE4Editor-CoreUObject.dll!LoadPackage() [d:\build\++ue4+release-4.14+compile\sync\engine\source\runtime\coreuobject\private\uobject\uobjectglobals.cpp:1437]
[2017.03.29-20.41.00:297][705]LogOutputDevice:Error: UE4Editor-Engine.dll!UEngine::LoadMap() [d:\build\++ue4+release-4.14+compile\sync\engine\source\runtime\engine\private\unrealengine.cpp:9906]
[2017.03.29-20.41.00:297][705]LogOutputDevice:Error: UE4Editor-Engine.dll!UEngine::Browse() [d:\build\++ue4+release-4.14+compile\sync\engine\source\runtime\engine\private\unrealengine.cpp:9387]
[2017.03.29-20.41.00:297][705]LogOutputDevice:Error: UE4Editor-Engine.dll!UEngine::TickWorldTravel() [d:\build\++ue4+release-4.14+compile\sync\engine\source\runtime\engine\private\unrealengine.cpp:9576]
[2017.03.29-20.41.00:297][705]LogOutputDevice:Error: UE4Editor-UnrealEd.dll!UEditorEngine::Tick() [d:\build\++ue4+release-4.14+compile\sync\engine\source\editor\unrealed\private\editorengine.cpp:1361]
[2017.03.29-20.41.00:297][705]LogOutputDevice:Error: UE4Editor-UnrealEd.dll!UUnrealEdEngine::Tick() [d:\build\++ue4+release-4.14+compile\sync\engine\source\editor\unrealed\private\unrealedengine.cpp:371]
[2017.03.29-20.41.00:297][705]LogOutputDevice:Error: UE4Editor.exe!FEngineLoop::Tick() [d:\build\++ue4+release-4.14+compile\sync\engine\source\runtime\launch\private\launchengineloop.cpp:2859]
[2017.03.29-20.41.00:297][705]LogOutputDevice:Error: UE4Editor.exe!GuardedMain() [d:\build\++ue4+release-4.14+compile\sync\engine\source\runtime\launch\private\launch.cpp:152]
[2017.03.29-20.41.00:297][705]LogOutputDevice:Error: UE4Editor.exe!GuardedMainWrapper() [d:\build\++ue4+release-4.14+compile\sync\engine\source\runtime\launch\private\windows\launchwindows.cpp:126]
[2017.03.29-20.41.00:297][705]LogOutputDevice:Error: UE4Editor.exe!WinMain() [d:\build\++ue4+release-4.14+compile\sync\engine\source\runtime\launch\private\windows\launchwindows.cpp:202]
[2017.03.29-20.41.00:297][705]LogOutputDevice:Error: UE4Editor.exe!__scrt_common_main_seh() [f:\dd\vctools\crt\vcstartup\src\startup\exe_common.inl:264]
[2017.03.29-20.41.00:297][705]LogOutputDevice:Error: KERNEL32.DLL
[2017.03.29-20.41.00:297][705]LogOutputDevice:Error: ntdll.dll
[2017.03.29-20.41.00:297][705]LogOutputDevice:Error: 
[2017.03.29-20.41.00:298][705]LogStats:                SubmitErrorReport -  0.000 s
